/control/execute exercise2a.in
/gamos/setParam GmGeometryFromText:FileName ../exercise1/pet.geom
/gamos/setParam GmAnalysisMgr:FileNameSuffix .exercise2a
/gamos/geometry GmGeometryFromText
/gamos/physicsList GmEMPhysics
GmEMPhysics PhysicsList:DEFAULT = gamma-standard is registered
GmEMPhysics PhysicsList: DEFAULT = electron-standard is registered
GmEMPhysics PhysicsList: DEFAULT = positron-standard is registered
/gamos/generator GmGenerator
/gamos/setParam GmCountTracksUA:EachNEvent 1000
/gamos/userAction GmCountTracksUA
/gamos/userAction GmCountProcessesUA
/gamos/userAction GmHitsHistosUA
/gamos/userAction GmHistosGammaAtSD
 CreateHisto1D Energy lost ALL (MeV) = 103091
 CreateHisto1D Gamma At SD: ALL: Event Type = 103001
 CreateHisto1D Gamma At SD: ALL: N interactions = 103002
 CreateHisto1D Gamma At SD: ALL: N PhotoElec = 103003
 CreateHisto1D Gamma At SD: ALL: N Compton = 103004
 CreateHisto1D Gamma At SD: ALL: N Rayleigh = 103005
 CreateHisto1D Gamma At SD: ALL: N Conversion = 103006
 CreateHisto2D Gamma At SD: ALL: N PhotoElec vs Compton+Rayleigh = 103007
 CreateHisto1D Gamma At SD: ALL: Energy at entering SD (MeV) = 103008
 CreateHisto2D Gamma At SD: ALL: Energy at entering SD vs energy initial (MeV) = 103099
 CreateHisto1D Gamma At SD: ALL: Energy lost PhotoElec (MeV) = 103011
 CreateHisto1D Gamma At SD: ALL: Distance to 1st when Compton (mm) = 103012
 CreateHisto1D Gamma At SD: ALL: Distance to 1st when PhotoElec (mm) = 103013
 CreateHisto1D Gamma At SD: ALL: Diff ang when PhotoElec (mrad) = 103014
 CreateHisto1D Gamma At SD: ALL: Diff energy when PhotoElec (MeV) = 103015
 CreateHisto1D Gamma At SD: ALL: Energy lost Compton (MeV) = 103021
 CreateHisto1D Gamma At SD: ALL: Angle variation Compton (mrad) = 103022
 CreateHisto1D Gamma At SD: ALL: Energy lost Rayleigh (MeV) = 103031
 CreateHisto1D Gamma At SD: ALL: Angle variation Rayleigh (mrad) = 103032
 CreateHisto1D Gamma At SD: ALL: Energy lost Conversion (MeV) = 103041
 CreateHisto1D Gamma At SD: ALL: Angle variation Conversion (mrad) = 103042
 CreateHisto1D Gamma At SD: ALL: Distance between interactions (mm) = 103051
 CreateHisto1D Gamma At SD: ALL: Distance between 1st and other interactions (mm) = 103052
 CreateHisto1D Gamma At SD: ALL: Distance between Compton-Compton interactions (mm) = 103053
 CreateHisto1D Gamma At SD: ALL: Distance between Compton-PhotElec interactions (mm) = 103054
 CreateHisto1D Gamma At SD: No PE: Event Type = 103101
 CreateHisto1D Gamma At SD: No PE: N interactions = 103102
 CreateHisto1D Gamma At SD: No PE: N PhotoElec = 103103
 CreateHisto1D Gamma At SD: No PE: N Compton = 103104
 CreateHisto1D Gamma At SD: No PE: N Rayleigh = 103105
 CreateHisto1D Gamma At SD: No PE: N Conversion = 103106
 CreateHisto2D Gamma At SD: No PE: N PhotoElec vs Compton+Rayleigh = 103107
 CreateHisto1D Gamma At SD: No PE: Energy at entering SD (MeV) = 103108
 CreateHisto2D Gamma At SD: No PE: Energy at entering SD vs energy initial (MeV) = 103199
 CreateHisto1D Gamma At SD: No PE: Energy lost PhotoElec (MeV) = 103111
 CreateHisto1D Gamma At SD: No PE: Distance to 1st when Compton (mm) = 103112
 CreateHisto1D Gamma At SD: No PE: Distance to 1st when PhotoElec (mm) = 103113
 CreateHisto1D Gamma At SD: No PE: Diff ang when PhotoElec (mrad) = 103114
 CreateHisto1D Gamma At SD: No PE: Diff energy when PhotoElec (MeV) = 103115
 CreateHisto1D Gamma At SD: No PE: Energy lost Compton (MeV) = 103121
 CreateHisto1D Gamma At SD: No PE: Angle variation Compton (mrad) = 103122
 CreateHisto1D Gamma At SD: No PE: Energy lost Rayleigh (MeV) = 103131
 CreateHisto1D Gamma At SD: No PE: Angle variation Rayleigh (mrad) = 103132
 CreateHisto1D Gamma At SD: No PE: Energy lost Conversion (MeV) = 103141
 CreateHisto1D Gamma At SD: No PE: Angle variation Conversion (mrad) = 103142
 CreateHisto1D Gamma At SD: No PE: Distance between interactions (mm) = 103151
 CreateHisto1D Gamma At SD: No PE: Distance between 1st and other interactions (mm) = 103152
 CreateHisto1D Gamma At SD: No PE: Distance between Compton-Compton interactions (mm) = 103153
 CreateHisto1D Gamma At SD: No PE: Distance between Compton-PhotElec interactions (mm) = 103154
 CreateHisto1D Gamma At SD: Only PE: Event Type = 103201
 CreateHisto1D Gamma At SD: Only PE: N interactions = 103202
 CreateHisto1D Gamma At SD: Only PE: N PhotoElec = 103203
 CreateHisto1D Gamma At SD: Only PE: N Compton = 103204
 CreateHisto1D Gamma At SD: Only PE: N Rayleigh = 103205
 CreateHisto1D Gamma At SD: Only PE: N Conversion = 103206
 CreateHisto2D Gamma At SD: Only PE: N PhotoElec vs Compton+Rayleigh = 103207
 CreateHisto1D Gamma At SD: Only PE: Energy at entering SD (MeV) = 103208
 CreateHisto2D Gamma At SD: Only PE: Energy at entering SD vs energy initial (MeV) = 103299
 CreateHisto1D Gamma At SD: Only PE: Energy lost PhotoElec (MeV) = 103211
 CreateHisto1D Gamma At SD: Only PE: Distance to 1st when Compton (mm) = 103212
 CreateHisto1D Gamma At SD: Only PE: Distance to 1st when PhotoElec (mm) = 103213
 CreateHisto1D Gamma At SD: Only PE: Diff ang when PhotoElec (mrad) = 103214
 CreateHisto1D Gamma At SD: Only PE: Diff energy when PhotoElec (MeV) = 103215
 CreateHisto1D Gamma At SD: Only PE: Energy lost Compton (MeV) = 103221
 CreateHisto1D Gamma At SD: Only PE: Angle variation Compton (mrad) = 103222
 CreateHisto1D Gamma At SD: Only PE: Energy lost Rayleigh (MeV) = 103231
 CreateHisto1D Gamma At SD: Only PE: Angle variation Rayleigh (mrad) = 103232
 CreateHisto1D Gamma At SD: Only PE: Energy lost Conversion (MeV) = 103241
 CreateHisto1D Gamma At SD: Only PE: Angle variation Conversion (mrad) = 103242
 CreateHisto1D Gamma At SD: Only PE: Distance between interactions (mm) = 103251
 CreateHisto1D Gamma At SD: Only PE: Distance between 1st and other interactions (mm) = 103252
 CreateHisto1D Gamma At SD: Only PE: Distance between Compton-Compton interactions (mm) = 103253
 CreateHisto1D Gamma At SD: Only PE: Distance between Compton-PhotElec interactions (mm) = 103254
 CreateHisto1D Gamma At SD: PE + 1 Compt: Event Type = 103301
 CreateHisto1D Gamma At SD: PE + 1 Compt: N interactions = 103302
 CreateHisto1D Gamma At SD: PE + 1 Compt: N PhotoElec = 103303
 CreateHisto1D Gamma At SD: PE + 1 Compt: N Compton = 103304
 CreateHisto1D Gamma At SD: PE + 1 Compt: N Rayleigh = 103305
 CreateHisto1D Gamma At SD: PE + 1 Compt: N Conversion = 103306
 CreateHisto2D Gamma At SD: PE + 1 Compt: N PhotoElec vs Compton+Rayleigh = 103307
 CreateHisto1D Gamma At SD: PE + 1 Compt: Energy at entering SD (MeV) = 103308
 CreateHisto2D Gamma At SD: PE + 1 Compt: Energy at entering SD vs energy initial (MeV) = 103399
 CreateHisto1D Gamma At SD: PE + 1 Compt: Energy lost PhotoElec (MeV) = 103311
 CreateHisto1D Gamma At SD: PE + 1 Compt: Distance to 1st when Compton (mm) = 103312
 CreateHisto1D Gamma At SD: PE + 1 Compt: Distance to 1st when PhotoElec (mm) = 103313
 CreateHisto1D Gamma At SD: PE + 1 Compt: Diff ang when PhotoElec (mrad) = 103314
 CreateHisto1D Gamma At SD: PE + 1 Compt: Diff energy when PhotoElec (MeV) = 103315
 CreateHisto1D Gamma At SD: PE + 1 Compt: Energy lost Compton (MeV) = 103321
 CreateHisto1D Gamma At SD: PE + 1 Compt: Angle variation Compton (mrad) = 103322
 CreateHisto1D Gamma At SD: PE + 1 Compt: Energy lost Rayleigh (MeV) = 103331
 CreateHisto1D Gamma At SD: PE + 1 Compt: Angle variation Rayleigh (mrad) = 103332
 CreateHisto1D Gamma At SD: PE + 1 Compt: Energy lost Conversion (MeV) = 103341
 CreateHisto1D Gamma At SD: PE + 1 Compt: Angle variation Conversion (mrad) = 103342
 CreateHisto1D Gamma At SD: PE + 1 Compt: Distance between interactions (mm) = 103351
 CreateHisto1D Gamma At SD: PE + 1 Compt: Distance between 1st and other interactions (mm) = 103352
 CreateHisto1D Gamma At SD: PE + 1 Compt: Distance between Compton-Compton interactions (mm) = 103353
 CreateHisto1D Gamma At SD: PE + 1 Compt: Distance between Compton-PhotElec interactions (mm) = 103354
 CreateHisto1D Gamma At SD: PE + 2 Compt: Event Type = 103401
 CreateHisto1D Gamma At SD: PE + 2 Compt: N interactions = 103402
 CreateHisto1D Gamma At SD: PE + 2 Compt: N PhotoElec = 103403
 CreateHisto1D Gamma At SD: PE + 2 Compt: N Compton = 103404
 CreateHisto1D Gamma At SD: PE + 2 Compt: N Rayleigh = 103405
 CreateHisto1D Gamma At SD: PE + 2 Compt: N Conversion = 103406
 CreateHisto2D Gamma At SD: PE + 2 Compt: N PhotoElec vs Compton+Rayleigh = 103407
 CreateHisto1D Gamma At SD: PE + 2 Compt: Energy at entering SD (MeV) = 103408
 CreateHisto2D Gamma At SD: PE + 2 Compt: Energy at entering SD vs energy initial (MeV) = 103499
 CreateHisto1D Gamma At SD: PE + 2 Compt: Energy lost PhotoElec (MeV) = 103411
 CreateHisto1D Gamma At SD: PE + 2 Compt: Distance to 1st when Compton (mm) = 103412
 CreateHisto1D Gamma At SD: PE + 2 Compt: Distance to 1st when PhotoElec (mm) = 103413
 CreateHisto1D Gamma At SD: PE + 2 Compt: Diff ang when PhotoElec (mrad) = 103414
 CreateHisto1D Gamma At SD: PE + 2 Compt: Diff energy when PhotoElec (MeV) = 103415
 CreateHisto1D Gamma At SD: PE + 2 Compt: Energy lost Compton (MeV) = 103421
 CreateHisto1D Gamma At SD: PE + 2 Compt: Angle variation Compton (mrad) = 103422
 CreateHisto1D Gamma At SD: PE + 2 Compt: Energy lost Rayleigh (MeV) = 103431
 CreateHisto1D Gamma At SD: PE + 2 Compt: Angle variation Rayleigh (mrad) = 103432
 CreateHisto1D Gamma At SD: PE + 2 Compt: Energy lost Conversion (MeV) = 103441
 CreateHisto1D Gamma At SD: PE + 2 Compt: Angle variation Conversion (mrad) = 103442
 CreateHisto1D Gamma At SD: PE + 2 Compt: Distance between interactions (mm) = 103451
 CreateHisto1D Gamma At SD: PE + 2 Compt: Distance between 1st and other interactions (mm) = 103452
 CreateHisto1D Gamma At SD: PE + 2 Compt: Distance between Compton-Compton interactions (mm) = 103453
 CreateHisto1D Gamma At SD: PE + 2 Compt: Distance between Compton-PhotElec interactions (mm) = 103454
 CreateHisto1D Gamma At SD: PE + >2 Compt: Event Type = 103501
 CreateHisto1D Gamma At SD: PE + >2 Compt: N interactions = 103502
 CreateHisto1D Gamma At SD: PE + >2 Compt: N PhotoElec = 103503
 CreateHisto1D Gamma At SD: PE + >2 Compt: N Compton = 103504
 CreateHisto1D Gamma At SD: PE + >2 Compt: N Rayleigh = 103505
 CreateHisto1D Gamma At SD: PE + >2 Compt: N Conversion = 103506
 CreateHisto2D Gamma At SD: PE + >2 Compt: N PhotoElec vs Compton+Rayleigh = 103507
 CreateHisto1D Gamma At SD: PE + >2 Compt: Energy at entering SD (MeV) = 103508
 CreateHisto2D Gamma At SD: PE + >2 Compt: Energy at entering SD vs energy initial (MeV) = 103599
 CreateHisto1D Gamma At SD: PE + >2 Compt: Energy lost PhotoElec (MeV) = 103511
 CreateHisto1D Gamma At SD: PE + >2 Compt: Distance to 1st when Compton (mm) = 103512
 CreateHisto1D Gamma At SD: PE + >2 Compt: Distance to 1st when PhotoElec (mm) = 103513
 CreateHisto1D Gamma At SD: PE + >2 Compt: Diff ang when PhotoElec (mrad) = 103514
 CreateHisto1D Gamma At SD: PE + >2 Compt: Diff energy when PhotoElec (MeV) = 103515
 CreateHisto1D Gamma At SD: PE + >2 Compt: Energy lost Compton (MeV) = 103521
 CreateHisto1D Gamma At SD: PE + >2 Compt: Angle variation Compton (mrad) = 103522
 CreateHisto1D Gamma At SD: PE + >2 Compt: Energy lost Rayleigh (MeV) = 103531
 CreateHisto1D Gamma At SD: PE + >2 Compt: Angle variation Rayleigh (mrad) = 103532
 CreateHisto1D Gamma At SD: PE + >2 Compt: Energy lost Conversion (MeV) = 103541
 CreateHisto1D Gamma At SD: PE + >2 Compt: Angle variation Conversion (mrad) = 103542
 CreateHisto1D Gamma At SD: PE + >2 Compt: Distance between interactions (mm) = 103551
 CreateHisto1D Gamma At SD: PE + >2 Compt: Distance between 1st and other interactions (mm) = 103552
 CreateHisto1D Gamma At SD: PE + >2 Compt: Distance between Compton-Compton interactions (mm) = 103553
 CreateHisto1D Gamma At SD: PE + >2 Compt: Distance between Compton-PhotElec interactions (mm) = 103554
 CreateHisto1D Gamma At SD: Number of entering gammas = 103061
 CreateHisto2D Gamma At SD: Energy of entering gamma 1 vs gamma 2 = 103062
/gamos/analysis/histo1Max *Energy* 1*MeV
/gamos/analysis/histo1Max *Pos* 200*mm
/gamos/userAction GmTrackDataHistosUA GmPrimaryFilter
/run/initialize
/gamos/SD/assocSD2LogVol GmSDSimple Calor Crystal
 DeadTimeDUListByBlock: NShift 100
 GmDetUnitIDBuilderFromAncestors sdType Calor
/gamos/generator/addIsotopeSource source Na22 1.E-3*curie
/gamos/generator/energyDist source GmGenerDistEnergyBetaDecay
/run/beamOn 1000000
=======================================================================
======                 Electromagnetic Physics Parameters      ========
=======================================================================
LPM effect enabled                                 1
Enable creation and use of sampling tables         0
Apply cuts on all EM processes                     0
Use general process                                0
Enable linear polarisation for gamma               0
Enable sampling of quantum entanglement            0
X-section factor for integral approach             0.8
Min kinetic energy for tables                      100 eV 
Max kinetic energy for tables                      100 TeV
Number of bins per decade of a table               7
Verbose level                                      1
Verbose level for worker thread                    0
Bremsstrahlung energy threshold above which 
  primary e+- is added to the list of secondary    100 TeV
Bremsstrahlung energy threshold above which primary
  muon/hadron is added to the list of secondary    100 TeV
Lowest triplet kinetic energy                      1 MeV
Enable sampling of gamma linear polarisation       0
5D gamma conversion model type                     0
5D gamma conversion model on isolated ion          0
Livermore data directory                           livermore
=======================================================================
======                 Ionisation Parameters                   ========
=======================================================================
Step function for e+-                              (0.2, 1 mm)
Step function for muons/hadrons                    (0.2, 0.1 mm)
Step function for light ions                       (0.2, 0.1 mm)
Step function for general ions                     (0.2, 0.1 mm)
Lowest e+e- kinetic energy                         1 keV
Lowest muon/hadron kinetic energy                  1 keV
Fluctuations of dE/dx are enabled                  1
Use ICRU90 data                                    0
Use built-in Birks satuaration                     0
Build CSDA range enabled                           0
Use cut as a final range enabled                   0
Enable angular generator interface                 0
Max kinetic energy for CSDA tables                 1 GeV
Max kinetic energy for NIEL computation            0 eV 
Linear loss limit                                  0.01
Read data from file for e+e- pair production by mu 0
=======================================================================
======                 Multiple Scattering Parameters          ========
=======================================================================
Type of msc step limit algorithm for e+-           1
Type of msc step limit algorithm for muons/hadrons 0
Msc lateral displacement for e+- enabled           1
Msc lateral displacement for muons and hadrons     0
Urban msc model lateral displacement alg96         1
Range factor for msc step limit for e+-            0.04
Range factor for msc step limit for muons/hadrons  0.2
Geometry factor for msc step limitation of e+-     2.5
Safety factor for msc step limit for e+-           0.6
Skin parameter for msc step limitation of e+-      1
Lambda limit for msc step limit for e+-            1 mm
Use Mott correction for e- scattering              0
Factor used for dynamic computation of angular 
  limit between single and multiple scattering     1
Fixed angular limit between single 
  and multiple scattering                          3.1416 rad
Upper energy limit for e+- multiple scattering     100 MeV
Type of electron single scattering model           0
Type of nuclear form-factor                        1
Screening factor                                   1
=======================================================================

### ===  Deexcitation model UAtomDeexcitation is activated for 1 region:
          DefaultRegionForTheWorld  1  1  0
### ===  Auger flag: 1
### ===  Ignore cuts flag:   0

phot:  for gamma SubType=12 BuildTable=0
      LambdaPrime table from 200 keV to 100 TeV in 61 bins 
      ===== EM models for the G4Region  DefaultRegionForTheWorld ======
       PhotoElectric : Emin=    0 eV  Emax=  100 TeV  SauterGavrila Fluo

compt:  for gamma SubType=13 BuildTable=1
      Lambda table from 100 eV  to 1 MeV, 7 bins/decade, spline: 1
      LambdaPrime table from 1 MeV to 100 TeV in 56 bins 
      ===== EM models for the G4Region  DefaultRegionForTheWorld ======
       Klein-Nishina : Emin=    0 eV  Emax=  100 TeV

conv:  for gamma SubType=14 BuildTable=1
      Lambda table from 1.022 MeV to 100 TeV, 18 bins/decade, spline: 1
      ===== EM models for the G4Region  DefaultRegionForTheWorld ======
     BetheHeitlerLPM : Emin=    0 eV  Emax=  100 TeV  ModifiedTsai

Rayl:  for gamma SubType=11 BuildTable=1
      Lambda table from 100 eV  to 100 keV, 7 bins/decade, spline: 0
      LambdaPrime table from 100 keV to 100 TeV in 63 bins 
      ===== EM models for the G4Region  DefaultRegionForTheWorld ======
   LivermoreRayleigh : Emin=    0 eV  Emax=  100 TeV  CullenGenerator

msc:  for e-  SubType= 10
      ===== EM models for the G4Region  DefaultRegionForTheWorld ======
            UrbanMsc : Emin=    0 eV  Emax=  100 TeV Nbins=84 100 eV  - 100 TeV
          StepLim=UseSafety Rfact=0.04 Gfact=2.5 Sfact=0.6 DispFlag:1 Skin=1 Llim=1 mm

eIoni:  for e-  XStype:1  SubType=2
      dE/dx and range tables from 100 eV  to 100 TeV in 84 bins
      Lambda tables from threshold to 100 TeV, 7 bins/decade, spline: 1
      StepFunction=(0.2, 1 mm), integ: 1, fluct: 1, linLossLim= 0.01
      ===== EM models for the G4Region  DefaultRegionForTheWorld ======
        MollerBhabha : Emin=    0 eV  Emax=  100 TeV

eBrem:  for e-  XStype:4  SubType=3
      dE/dx and range tables from 100 eV  to 100 TeV in 84 bins
      Lambda tables from threshold to 100 TeV, 7 bins/decade, spline: 1
      LPM flag: 1 for E > 1 GeV,  VertexHighEnergyTh(GeV)= 100000
      ===== EM models for the G4Region  DefaultRegionForTheWorld ======
             eBremSB : Emin=    0 eV  Emax=    1 GeV  ModifiedTsai
            eBremLPM : Emin=    1 GeV Emax=  100 TeV  ModifiedTsai

msc:  for e+  SubType= 10
      ===== EM models for the G4Region  DefaultRegionForTheWorld ======
            UrbanMsc : Emin=    0 eV  Emax=  100 TeV Nbins=84 100 eV  - 100 TeV
          StepLim=UseSafety Rfact=0.04 Gfact=2.5 Sfact=0.6 DispFlag:1 Skin=1 Llim=1 mm

eIoni:  for e+  XStype:1  SubType=2
      dE/dx and range tables from 100 eV  to 100 TeV in 84 bins
      Lambda tables from threshold to 100 TeV, 7 bins/decade, spline: 1
      StepFunction=(0.2, 1 mm), integ: 1, fluct: 1, linLossLim= 0.01
      ===== EM models for the G4Region  DefaultRegionForTheWorld ======
        MollerBhabha : Emin=    0 eV  Emax=  100 TeV

========= Table of registered couples ============================

Index : 0     used in the geometry : Yes
 Material : G4_AIR
 Range cuts        :  gamma  100 um     e-  100 um     e+  100 um  proton 100 um 
 Energy thresholds :  gamma  990 eV     e-  990 eV     e+  990 eV  proton -1 MeV
 Region(s) which use this couple : 
    DefaultRegionForTheWorld

Index : 1     used in the geometry : Yes
 Material : G4_Al
 Range cuts        :  gamma  100 um     e-  100 um     e+  100 um  proton 100 um 
 Energy thresholds :  gamma  2.34157 keV    e-  131.218 keV    e+  128.746 keV proton -1 MeV
 Region(s) which use this couple : 
    DefaultRegionForTheWorld

Index : 2     used in the geometry : Yes
 Material : LSO
 Range cuts        :  gamma  100 um     e-  100 um     e+  100 um  proton 100 um 
 Energy thresholds :  gamma  15.1371 keV    e-  206.06 keV    e+  200.344 keV proton -1 MeV
 Region(s) which use this couple : 
    DefaultRegionForTheWorld

Index : 3     used in the geometry : Yes
 Material : G4_WATER
 Range cuts        :  gamma  100 um     e-  100 um     e+  100 um  proton 100 um 
 Energy thresholds :  gamma  1.11075 keV    e-  85.0445 keV    e+  83.9021 keV proton -1 MeV
 Region(s) which use this couple : 
    DefaultRegionForTheWorld

==================================================================

G4VisManager: Using G4TrajectoryDrawByCharge as fallback trajectory model.
See commands in /vis/modeling/trajectories/ for other options.
### Run 0 starts.
 CreateHisto1D Hits: SD ALL:Nhits = 201001
 CreateHisto1D Hits: SD ALL:Energy (MeV) = 201002
 CreateHisto1D Hits: SD ALL:Width R3 (mm) = 201003
 CreateHisto1D Hits: SD ALL:Width Z (mm) = 201004
 CreateHisto1D Hits: SD ALL:Width phi (deg) = 201005
 CreateHisto1D Hits: SD ALL:N E depos = 201006
 CreateHisto1D Hits: SD ALL:Time span (ns) = 201007
 CreateHisto1D Hits: SD ALL:Distance between hits (mm) = 201008
 CreateHisto1D Hits: SD ALL:X hit (mm) = 201011
 CreateHisto1D Hits: SD ALL:Y hit (mm) = 201012
 CreateHisto1D Hits: SD ALL:Z hit (mm) = 201013
 CreateHisto1D Hits: SD ALL:R2 hit (mm) = 201014
 CreateHisto1D Hits: SD ALL:PHI hit (deg) = 201015
 CreateHisto1D Hits: SD ALL:THETA hit (deg) = 201016
 CreateHisto1D Hits: SD ALL:R3 hit (mm) = 201017
 CreateHisto1D Hits: SD Calor: Nhits = 201101
 CreateHisto1D Hits: SD Calor: Energy (MeV) = 201102
 CreateHisto1D Hits: SD Calor: Width R3 (mm) = 201103
 CreateHisto1D Hits: SD Calor: Width Z (mm) = 201104
 CreateHisto1D Hits: SD Calor: Width phi (deg) = 201105
 CreateHisto1D Hits: SD Calor: N E depos = 201106
 CreateHisto1D Hits: SD Calor: Time span (ns) = 201107
 CreateHisto1D Hits: SD Calor: Distance between hits (mm) = 201108
 CreateHisto1D Hits: SD Calor: X hit (mm) = 201111
 CreateHisto1D Hits: SD Calor: Y hit (mm) = 201112
 CreateHisto1D Hits: SD Calor: Z hit (mm) = 201113
 CreateHisto1D Hits: SD Calor: R2 hit (mm) = 201114
 CreateHisto1D Hits: SD Calor: PHI hit (deg) = 201115
 CreateHisto1D Hits: SD Calor: THETA hit (deg) = 201116
 CreateHisto1D Hits: SD Calor: R3 hit (mm) = 201117
 CreateHisto1D GmTrackDataHistosUA_GmPrimaryFilter:FinalPosX = 617000001
 CreateHisto1D GmTrackDataHistosUA_GmPrimaryFilter:FinalPosY = 617000002
 CreateHisto1D GmTrackDataHistosUA_GmPrimaryFilter:FinalPosZ = 617000003
 CreateHisto1D GmTrackDataHistosUA_GmPrimaryFilter:FinalMomX = 617000004
 CreateHisto1D GmTrackDataHistosUA_GmPrimaryFilter:FinalMomY = 617000005
 CreateHisto1D GmTrackDataHistosUA_GmPrimaryFilter:FinalMomZ = 617000006
 CreateHisto1D GmTrackDataHistosUA_GmPrimaryFilter:AccumulatedEnergyLost = 617000007
 CreateHisto1D GmTrackDataHistosUA_GmPrimaryFilter:AccumulatedEnergyDeposited = 617000008
 %%% EVENT 0 NTRACKS 16 TOTAL NTRACKS 16
 %%% EVENT 1000 NTRACKS 16 TOTAL NTRACKS 20010
 %%% EVENT 2000 NTRACKS 25 TOTAL NTRACKS 39959
 %%% EVENT 3000 NTRACKS 15 TOTAL NTRACKS 59997
 %%% EVENT 4000 NTRACKS 23 TOTAL NTRACKS 80102
 %%% EVENT 5000 NTRACKS 14 TOTAL NTRACKS 100263
 %%% EVENT 6000 NTRACKS 25 TOTAL NTRACKS 120577
 %%% EVENT 7000 NTRACKS 25 TOTAL NTRACKS 140911
 %%% EVENT 8000 NTRACKS 21 TOTAL NTRACKS 161182
 %%% EVENT 9000 NTRACKS 1 TOTAL NTRACKS 181140
 %%% EVENT 10000 NTRACKS 31 TOTAL NTRACKS 201178
 %%% EVENT 11000 NTRACKS 2 TOTAL NTRACKS 221669
 %%% EVENT 12000 NTRACKS 21 TOTAL NTRACKS 241599
 %%% EVENT 13000 NTRACKS 21 TOTAL NTRACKS 262183
 %%% EVENT 14000 NTRACKS 13 TOTAL NTRACKS 282473
 %%% EVENT 15000 NTRACKS 37 TOTAL NTRACKS 302281
 %%% EVENT 16000 NTRACKS 24 TOTAL NTRACKS 322607
 %%% EVENT 17000 NTRACKS 19 TOTAL NTRACKS 342260
 %%% EVENT 18000 NTRACKS 15 TOTAL NTRACKS 362641
 %%% EVENT 19000 NTRACKS 21 TOTAL NTRACKS 382804
 %%% EVENT 20000 NTRACKS 28 TOTAL NTRACKS 402381
 %%% EVENT 21000 NTRACKS 22 TOTAL NTRACKS 422905
 %%% EVENT 22000 NTRACKS 17 TOTAL NTRACKS 443126
 %%% EVENT 23000 NTRACKS 33 TOTAL NTRACKS 463340
 %%% EVENT 24000 NTRACKS 25 TOTAL NTRACKS 483282
 %%% EVENT 25000 NTRACKS 18 TOTAL NTRACKS 502736
 %%% EVENT 26000 NTRACKS 30 TOTAL NTRACKS 522639
 %%% EVENT 27000 NTRACKS 3 TOTAL NTRACKS 543095
 %%% EVENT 28000 NTRACKS 22 TOTAL NTRACKS 563472
 %%% EVENT 29000 NTRACKS 1 TOTAL NTRACKS 583392
 %%% EVENT 30000 NTRACKS 14 TOTAL NTRACKS 603864
 %%% EVENT 31000 NTRACKS 7 TOTAL NTRACKS 623708
 %%% EVENT 32000 NTRACKS 15 TOTAL NTRACKS 643551
 %%% EVENT 33000 NTRACKS 19 TOTAL NTRACKS 663543
 %%% EVENT 34000 NTRACKS 9 TOTAL NTRACKS 683521
 %%% EVENT 35000 NTRACKS 26 TOTAL NTRACKS 703570
 %%% EVENT 36000 NTRACKS 28 TOTAL NTRACKS 724145
 %%% EVENT 37000 NTRACKS 23 TOTAL NTRACKS 744025
 %%% EVENT 38000 NTRACKS 18 TOTAL NTRACKS 764162
 %%% EVENT 39000 NTRACKS 28 TOTAL NTRACKS 784178
 %%% EVENT 40000 NTRACKS 14 TOTAL NTRACKS 803900
 %%% EVENT 41000 NTRACKS 28 TOTAL NTRACKS 824007
 %%% EVENT 42000 NTRACKS 16 TOTAL NTRACKS 844166
 %%% EVENT 43000 NTRACKS 16 TOTAL NTRACKS 863905
 %%% EVENT 44000 NTRACKS 25 TOTAL NTRACKS 883460
 %%% EVENT 45000 NTRACKS 21 TOTAL NTRACKS 903581
 %%% EVENT 46000 NTRACKS 25 TOTAL NTRACKS 923768
 %%% EVENT 47000 NTRACKS 11 TOTAL NTRACKS 943890
 %%% EVENT 48000 NTRACKS 1 TOTAL NTRACKS 963990
 %%% EVENT 49000 NTRACKS 21 TOTAL NTRACKS 983880
 %%% EVENT 50000 NTRACKS 16 TOTAL NTRACKS 1.00403e+06
 %%% EVENT 51000 NTRACKS 15 TOTAL NTRACKS 1.02448e+06
 %%% EVENT 52000 NTRACKS 34 TOTAL NTRACKS 1.0446e+06
 %%% EVENT 53000 NTRACKS 19 TOTAL NTRACKS 1.06415e+06
 %%% EVENT 54000 NTRACKS 20 TOTAL NTRACKS 1.08406e+06
 %%% EVENT 55000 NTRACKS 2 TOTAL NTRACKS 1.10396e+06
 %%% EVENT 56000 NTRACKS 29 TOTAL NTRACKS 1.12387e+06
 %%% EVENT 57000 NTRACKS 11 TOTAL NTRACKS 1.14406e+06
 %%% EVENT 58000 NTRACKS 24 TOTAL NTRACKS 1.16451e+06
 %%% EVENT 59000 NTRACKS 4 TOTAL NTRACKS 1.18483e+06
 %%% EVENT 60000 NTRACKS 19 TOTAL NTRACKS 1.20487e+06
 %%% EVENT 61000 NTRACKS 7 TOTAL NTRACKS 1.22513e+06
 %%% EVENT 62000 NTRACKS 31 TOTAL NTRACKS 1.24518e+06
 %%% EVENT 63000 NTRACKS 45 TOTAL NTRACKS 1.26484e+06
 %%% EVENT 64000 NTRACKS 17 TOTAL NTRACKS 1.28487e+06
 %%% EVENT 65000 NTRACKS 19 TOTAL NTRACKS 1.30529e+06
 %%% EVENT 66000 NTRACKS 17 TOTAL NTRACKS 1.32545e+06
 %%% EVENT 67000 NTRACKS 23 TOTAL NTRACKS 1.34573e+06
 %%% EVENT 68000 NTRACKS 32 TOTAL NTRACKS 1.36577e+06
 %%% EVENT 69000 NTRACKS 5 TOTAL NTRACKS 1.38602e+06
 %%% EVENT 70000 NTRACKS 22 TOTAL NTRACKS 1.40631e+06
 %%% EVENT 71000 NTRACKS 19 TOTAL NTRACKS 1.42669e+06
 %%% EVENT 72000 NTRACKS 15 TOTAL NTRACKS 1.44663e+06
 %%% EVENT 73000 NTRACKS 11 TOTAL NTRACKS 1.46641e+06
 %%% EVENT 74000 NTRACKS 14 TOTAL NTRACKS 1.48688e+06
 %%% EVENT 75000 NTRACKS 40 TOTAL NTRACKS 1.50681e+06
 %%% EVENT 76000 NTRACKS 18 TOTAL NTRACKS 1.52683e+06
 %%% EVENT 77000 NTRACKS 22 TOTAL NTRACKS 1.54713e+06
 %%% EVENT 78000 NTRACKS 27 TOTAL NTRACKS 1.56722e+06
 %%% EVENT 79000 NTRACKS 20 TOTAL NTRACKS 1.58695e+06
 %%% EVENT 80000 NTRACKS 24 TOTAL NTRACKS 1.607e+06
 %%% EVENT 81000 NTRACKS 7 TOTAL NTRACKS 1.62759e+06
 %%% EVENT 82000 NTRACKS 17 TOTAL NTRACKS 1.6479e+06
 %%% EVENT 83000 NTRACKS 31 TOTAL NTRACKS 1.66777e+06
 %%% EVENT 84000 NTRACKS 28 TOTAL NTRACKS 1.6878e+06
 %%% EVENT 85000 NTRACKS 22 TOTAL NTRACKS 1.70867e+06
 %%% EVENT 86000 NTRACKS 15 TOTAL NTRACKS 1.72851e+06
 %%% EVENT 87000 NTRACKS 26 TOTAL NTRACKS 1.74824e+06
 %%% EVENT 88000 NTRACKS 21 TOTAL NTRACKS 1.76842e+06
 %%% EVENT 89000 NTRACKS 24 TOTAL NTRACKS 1.78854e+06
 %%% EVENT 90000 NTRACKS 26 TOTAL NTRACKS 1.80884e+06
 %%% EVENT 91000 NTRACKS 13 TOTAL NTRACKS 1.82893e+06
 %%% EVENT 92000 NTRACKS 29 TOTAL NTRACKS 1.84898e+06
 %%% EVENT 93000 NTRACKS 29 TOTAL NTRACKS 1.86904e+06
 %%% EVENT 94000 NTRACKS 11 TOTAL NTRACKS 1.88907e+06
 %%% EVENT 95000 NTRACKS 22 TOTAL NTRACKS 1.90918e+06
 %%% EVENT 96000 NTRACKS 25 TOTAL NTRACKS 1.92937e+06
 %%% EVENT 97000 NTRACKS 19 TOTAL NTRACKS 1.94973e+06
 %%% EVENT 98000 NTRACKS 15 TOTAL NTRACKS 1.96978e+06
 %%% EVENT 99000 NTRACKS 21 TOTAL NTRACKS 1.98958e+06
 %%% EVENT 100000 NTRACKS 31 TOTAL NTRACKS 2.00985e+06
 %%% EVENT 101000 NTRACKS 20 TOTAL NTRACKS 2.02974e+06
 %%% EVENT 102000 NTRACKS 33 TOTAL NTRACKS 2.05033e+06
 %%% EVENT 103000 NTRACKS 16 TOTAL NTRACKS 2.07092e+06
 %%% EVENT 104000 NTRACKS 29 TOTAL NTRACKS 2.09126e+06
 %%% EVENT 105000 NTRACKS 11 TOTAL NTRACKS 2.11156e+06
 %%% EVENT 106000 NTRACKS 28 TOTAL NTRACKS 2.13177e+06
 %%% EVENT 107000 NTRACKS 9 TOTAL NTRACKS 2.15196e+06
 %%% EVENT 108000 NTRACKS 12 TOTAL NTRACKS 2.17206e+06
 %%% EVENT 109000 NTRACKS 26 TOTAL NTRACKS 2.19202e+06
 %%% EVENT 110000 NTRACKS 22 TOTAL NTRACKS 2.21204e+06
 %%% EVENT 111000 NTRACKS 35 TOTAL NTRACKS 2.23232e+06
 %%% EVENT 112000 NTRACKS 21 TOTAL NTRACKS 2.25202e+06
 %%% EVENT 113000 NTRACKS 4 TOTAL NTRACKS 2.27206e+06
 %%% EVENT 114000 NTRACKS 25 TOTAL NTRACKS 2.29229e+06
 %%% EVENT 115000 NTRACKS 12 TOTAL NTRACKS 2.31221e+06
 %%% EVENT 116000 NTRACKS 25 TOTAL NTRACKS 2.33237e+06
 %%% EVENT 117000 NTRACKS 14 TOTAL NTRACKS 2.35274e+06
 %%% EVENT 118000 NTRACKS 20 TOTAL NTRACKS 2.37228e+06
 %%% EVENT 119000 NTRACKS 10 TOTAL NTRACKS 2.39277e+06
 %%% EVENT 120000 NTRACKS 32 TOTAL NTRACKS 2.41323e+06
 %%% EVENT 121000 NTRACKS 17 TOTAL NTRACKS 2.43329e+06
 %%% EVENT 122000 NTRACKS 23 TOTAL NTRACKS 2.45378e+06
 %%% EVENT 123000 NTRACKS 3 TOTAL NTRACKS 2.47382e+06
 %%% EVENT 124000 NTRACKS 17 TOTAL NTRACKS 2.49381e+06
 %%% EVENT 125000 NTRACKS 17 TOTAL NTRACKS 2.51358e+06
 %%% EVENT 126000 NTRACKS 24 TOTAL NTRACKS 2.5336e+06
 %%% EVENT 127000 NTRACKS 12 TOTAL NTRACKS 2.55371e+06
 %%% EVENT 128000 NTRACKS 1 TOTAL NTRACKS 2.57402e+06
 %%% EVENT 129000 NTRACKS 21 TOTAL NTRACKS 2.59459e+06
 %%% EVENT 130000 NTRACKS 18 TOTAL NTRACKS 2.615e+06
 %%% EVENT 131000 NTRACKS 2 TOTAL NTRACKS 2.63511e+06
 %%% EVENT 132000 NTRACKS 6 TOTAL NTRACKS 2.65511e+06
 %%% EVENT 133000 NTRACKS 25 TOTAL NTRACKS 2.67513e+06
 %%% EVENT 134000 NTRACKS 25 TOTAL NTRACKS 2.69508e+06
 %%% EVENT 135000 NTRACKS 15 TOTAL NTRACKS 2.71503e+06
 %%% EVENT 136000 NTRACKS 25 TOTAL NTRACKS 2.73546e+06
 %%% EVENT 137000 NTRACKS 23 TOTAL NTRACKS 2.7549e+06
 %%% EVENT 138000 NTRACKS 15 TOTAL NTRACKS 2.77518e+06
 %%% EVENT 139000 NTRACKS 19 TOTAL NTRACKS 2.79531e+06
 %%% EVENT 140000 NTRACKS 1 TOTAL NTRACKS 2.81558e+06
 %%% EVENT 141000 NTRACKS 20 TOTAL NTRACKS 2.83555e+06
 %%% EVENT 142000 NTRACKS 14 TOTAL NTRACKS 2.85549e+06
 %%% EVENT 143000 NTRACKS 15 TOTAL NTRACKS 2.87568e+06
 %%% EVENT 144000 NTRACKS 21 TOTAL NTRACKS 2.89551e+06
 %%% EVENT 145000 NTRACKS 25 TOTAL NTRACKS 2.91555e+06
 %%% EVENT 146000 NTRACKS 28 TOTAL NTRACKS 2.93536e+06
 %%% EVENT 147000 NTRACKS 28 TOTAL NTRACKS 2.95569e+06
 %%% EVENT 148000 NTRACKS 16 TOTAL NTRACKS 2.97531e+06
 %%% EVENT 149000 NTRACKS 24 TOTAL NTRACKS 2.99518e+06
 %%% EVENT 150000 NTRACKS 16 TOTAL NTRACKS 3.01545e+06
 %%% EVENT 151000 NTRACKS 11 TOTAL NTRACKS 3.03537e+06
 %%% EVENT 152000 NTRACKS 10 TOTAL NTRACKS 3.05448e+06
 %%% EVENT 153000 NTRACKS 18 TOTAL NTRACKS 3.07509e+06
 %%% EVENT 154000 NTRACKS 12 TOTAL NTRACKS 3.09492e+06
 %%% EVENT 155000 NTRACKS 21 TOTAL NTRACKS 3.11507e+06
 %%% EVENT 156000 NTRACKS 25 TOTAL NTRACKS 3.13537e+06
 %%% EVENT 157000 NTRACKS 26 TOTAL NTRACKS 3.15531e+06
 %%% EVENT 158000 NTRACKS 18 TOTAL NTRACKS 3.17594e+06
 %%% EVENT 159000 NTRACKS 25 TOTAL NTRACKS 3.19608e+06
 %%% EVENT 160000 NTRACKS 1 TOTAL NTRACKS 3.2159e+06
 %%% EVENT 161000 NTRACKS 19 TOTAL NTRACKS 3.2362e+06
 %%% EVENT 162000 NTRACKS 33 TOTAL NTRACKS 3.2562e+06
 %%% EVENT 163000 NTRACKS 39 TOTAL NTRACKS 3.27581e+06
 %%% EVENT 164000 NTRACKS 32 TOTAL NTRACKS 3.29585e+06
 %%% EVENT 165000 NTRACKS 13 TOTAL NTRACKS 3.316e+06
 %%% EVENT 166000 NTRACKS 17 TOTAL NTRACKS 3.3365e+06
 %%% EVENT 167000 NTRACKS 35 TOTAL NTRACKS 3.35661e+06
 %%% EVENT 168000 NTRACKS 27 TOTAL NTRACKS 3.37612e+06
 %%% EVENT 169000 NTRACKS 35 TOTAL NTRACKS 3.39629e+06
 %%% EVENT 170000 NTRACKS 21 TOTAL NTRACKS 3.41656e+06
 %%% EVENT 171000 NTRACKS 13 TOTAL NTRACKS 3.4366e+06
 %%% EVENT 172000 NTRACKS 25 TOTAL NTRACKS 3.45634e+06
 %%% EVENT 173000 NTRACKS 5 TOTAL NTRACKS 3.4762e+06
 %%% EVENT 174000 NTRACKS 16 TOTAL NTRACKS 3.49605e+06
 %%% EVENT 175000 NTRACKS 23 TOTAL NTRACKS 3.51576e+06
 %%% EVENT 176000 NTRACKS 5 TOTAL NTRACKS 3.53612e+06
 %%% EVENT 177000 NTRACKS 25 TOTAL NTRACKS 3.55639e+06
 %%% EVENT 178000 NTRACKS 37 TOTAL NTRACKS 3.57687e+06
 %%% EVENT 179000 NTRACKS 15 TOTAL NTRACKS 3.59683e+06
 %%% EVENT 180000 NTRACKS 13 TOTAL NTRACKS 3.61682e+06
 %%% EVENT 181000 NTRACKS 6 TOTAL NTRACKS 3.63667e+06
 %%% EVENT 182000 NTRACKS 19 TOTAL NTRACKS 3.65684e+06
 %%% EVENT 183000 NTRACKS 26 TOTAL NTRACKS 3.67695e+06
 %%% EVENT 184000 NTRACKS 18 TOTAL NTRACKS 3.697e+06
 %%% EVENT 185000 NTRACKS 17 TOTAL NTRACKS 3.71704e+06
 %%% EVENT 186000 NTRACKS 2 TOTAL NTRACKS 3.73722e+06
 %%% EVENT 187000 NTRACKS 33 TOTAL NTRACKS 3.75694e+06
 %%% EVENT 188000 NTRACKS 14 TOTAL NTRACKS 3.77722e+06
 %%% EVENT 189000 NTRACKS 30 TOTAL NTRACKS 3.79734e+06
 %%% EVENT 190000 NTRACKS 24 TOTAL NTRACKS 3.81763e+06
 %%% EVENT 191000 NTRACKS 23 TOTAL NTRACKS 3.83813e+06
 %%% EVENT 192000 NTRACKS 23 TOTAL NTRACKS 3.85826e+06
 %%% EVENT 193000 NTRACKS 36 TOTAL NTRACKS 3.87834e+06
 %%% EVENT 194000 NTRACKS 28 TOTAL NTRACKS 3.89886e+06
 %%% EVENT 195000 NTRACKS 25 TOTAL NTRACKS 3.91857e+06
 %%% EVENT 196000 NTRACKS 18 TOTAL NTRACKS 3.93839e+06
 %%% EVENT 197000 NTRACKS 28 TOTAL NTRACKS 3.9586e+06
 %%% EVENT 198000 NTRACKS 15 TOTAL NTRACKS 3.97866e+06
 %%% EVENT 199000 NTRACKS 22 TOTAL NTRACKS 3.9986e+06
 %%% EVENT 200000 NTRACKS 19 TOTAL NTRACKS 4.01868e+06
 %%% EVENT 201000 NTRACKS 13 TOTAL NTRACKS 4.03877e+06
 %%% EVENT 202000 NTRACKS 20 TOTAL NTRACKS 4.0591e+06
 %%% EVENT 203000 NTRACKS 14 TOTAL NTRACKS 4.07929e+06
 %%% EVENT 204000 NTRACKS 20 TOTAL NTRACKS 4.09947e+06
 %%% EVENT 205000 NTRACKS 24 TOTAL NTRACKS 4.11954e+06
 %%% EVENT 206000 NTRACKS 1 TOTAL NTRACKS 4.13974e+06
 %%% EVENT 207000 NTRACKS 15 TOTAL NTRACKS 4.16012e+06
 %%% EVENT 208000 NTRACKS 20 TOTAL NTRACKS 4.18013e+06
 %%% EVENT 209000 NTRACKS 14 TOTAL NTRACKS 4.20024e+06
 %%% EVENT 210000 NTRACKS 24 TOTAL NTRACKS 4.22056e+06
 %%% EVENT 211000 NTRACKS 21 TOTAL NTRACKS 4.2411e+06
 %%% EVENT 212000 NTRACKS 24 TOTAL NTRACKS 4.26088e+06
 %%% EVENT 213000 NTRACKS 28 TOTAL NTRACKS 4.28079e+06
 %%% EVENT 214000 NTRACKS 5 TOTAL NTRACKS 4.30108e+06
 %%% EVENT 215000 NTRACKS 29 TOTAL NTRACKS 4.32129e+06
 %%% EVENT 216000 NTRACKS 30 TOTAL NTRACKS 4.34099e+06
 %%% EVENT 217000 NTRACKS 18 TOTAL NTRACKS 4.36136e+06
 %%% EVENT 218000 NTRACKS 4 TOTAL NTRACKS 4.3813e+06
 %%% EVENT 219000 NTRACKS 27 TOTAL NTRACKS 4.40143e+06
 %%% EVENT 220000 NTRACKS 26 TOTAL NTRACKS 4.42183e+06
 %%% EVENT 221000 NTRACKS 21 TOTAL NTRACKS 4.4421e+06
 %%% EVENT 222000 NTRACKS 25 TOTAL NTRACKS 4.46254e+06
 %%% EVENT 223000 NTRACKS 40 TOTAL NTRACKS 4.4826e+06
 %%% EVENT 224000 NTRACKS 17 TOTAL NTRACKS 4.50298e+06
 %%% EVENT 225000 NTRACKS 31 TOTAL NTRACKS 4.52305e+06
 %%% EVENT 226000 NTRACKS 15 TOTAL NTRACKS 4.54314e+06
 %%% EVENT 227000 NTRACKS 2 TOTAL NTRACKS 4.56351e+06
 %%% EVENT 228000 NTRACKS 10 TOTAL NTRACKS 4.584e+06
 %%% EVENT 229000 NTRACKS 21 TOTAL NTRACKS 4.60436e+06
 %%% EVENT 230000 NTRACKS 16 TOTAL NTRACKS 4.62412e+06
 %%% EVENT 231000 NTRACKS 30 TOTAL NTRACKS 4.64431e+06
 %%% EVENT 232000 NTRACKS 30 TOTAL NTRACKS 4.6646e+06
 %%% EVENT 233000 NTRACKS 21 TOTAL NTRACKS 4.68449e+06
 %%% EVENT 234000 NTRACKS 20 TOTAL NTRACKS 4.70443e+06
 %%% EVENT 235000 NTRACKS 27 TOTAL NTRACKS 4.72367e+06
 %%% EVENT 236000 NTRACKS 2 TOTAL NTRACKS 4.7433e+06
 %%% EVENT 237000 NTRACKS 22 TOTAL NTRACKS 4.76317e+06
 %%% EVENT 238000 NTRACKS 36 TOTAL NTRACKS 4.78352e+06
 %%% EVENT 239000 NTRACKS 20 TOTAL NTRACKS 4.80363e+06
 %%% EVENT 240000 NTRACKS 27 TOTAL NTRACKS 4.82406e+06
 %%% EVENT 241000 NTRACKS 34 TOTAL NTRACKS 4.8438e+06
 %%% EVENT 242000 NTRACKS 24 TOTAL NTRACKS 4.86387e+06
 %%% EVENT 243000 NTRACKS 1 TOTAL NTRACKS 4.88389e+06
 %%% EVENT 244000 NTRACKS 56 TOTAL NTRACKS 4.90369e+06
 %%% EVENT 245000 NTRACKS 5 TOTAL NTRACKS 4.92375e+06
 %%% EVENT 246000 NTRACKS 5 TOTAL NTRACKS 4.94388e+06
 %%% EVENT 247000 NTRACKS 18 TOTAL NTRACKS 4.96431e+06
 %%% EVENT 248000 NTRACKS 8 TOTAL NTRACKS 4.98455e+06
 %%% EVENT 249000 NTRACKS 24 TOTAL NTRACKS 5.00443e+06
 %%% EVENT 250000 NTRACKS 13 TOTAL NTRACKS 5.02456e+06
 %%% EVENT 251000 NTRACKS 21 TOTAL NTRACKS 5.04439e+06
 %%% EVENT 252000 NTRACKS 9 TOTAL NTRACKS 5.06481e+06
 %%% EVENT 253000 NTRACKS 17 TOTAL NTRACKS 5.08524e+06
 %%% EVENT 254000 NTRACKS 13 TOTAL NTRACKS 5.10505e+06
 %%% EVENT 255000 NTRACKS 11 TOTAL NTRACKS 5.12524e+06
 %%% EVENT 256000 NTRACKS 23 TOTAL NTRACKS 5.14498e+06
 %%% EVENT 257000 NTRACKS 24 TOTAL NTRACKS 5.16542e+06
 %%% EVENT 258000 NTRACKS 14 TOTAL NTRACKS 5.18577e+06
 %%% EVENT 259000 NTRACKS 9 TOTAL NTRACKS 5.20553e+06
 %%% EVENT 260000 NTRACKS 27 TOTAL NTRACKS 5.22581e+06
 %%% EVENT 261000 NTRACKS 40 TOTAL NTRACKS 5.24584e+06
 %%% EVENT 262000 NTRACKS 18 TOTAL NTRACKS 5.26568e+06
 %%% EVENT 263000 NTRACKS 38 TOTAL NTRACKS 5.28582e+06
 %%% EVENT 264000 NTRACKS 8 TOTAL NTRACKS 5.30599e+06
 %%% EVENT 265000 NTRACKS 15 TOTAL NTRACKS 5.32613e+06
 %%% EVENT 266000 NTRACKS 16 TOTAL NTRACKS 5.34619e+06
 %%% EVENT 267000 NTRACKS 14 TOTAL NTRACKS 5.36628e+06
 %%% EVENT 268000 NTRACKS 32 TOTAL NTRACKS 5.38642e+06
 %%% EVENT 269000 NTRACKS 16 TOTAL NTRACKS 5.40672e+06
 %%% EVENT 270000 NTRACKS 12 TOTAL NTRACKS 5.42705e+06
 %%% EVENT 271000 NTRACKS 14 TOTAL NTRACKS 5.44749e+06
 %%% EVENT 272000 NTRACKS 26 TOTAL NTRACKS 5.4673e+06
 %%% EVENT 273000 NTRACKS 24 TOTAL NTRACKS 5.48781e+06
 %%% EVENT 274000 NTRACKS 20 TOTAL NTRACKS 5.50753e+06
 %%% EVENT 275000 NTRACKS 26 TOTAL NTRACKS 5.52764e+06
 %%% EVENT 276000 NTRACKS 16 TOTAL NTRACKS 5.54782e+06
 %%% EVENT 277000 NTRACKS 16 TOTAL NTRACKS 5.56792e+06
 %%% EVENT 278000 NTRACKS 10 TOTAL NTRACKS 5.58774e+06
 %%% EVENT 279000 NTRACKS 26 TOTAL NTRACKS 5.60766e+06
 %%% EVENT 280000 NTRACKS 37 TOTAL NTRACKS 5.62761e+06
 %%% EVENT 281000 NTRACKS 31 TOTAL NTRACKS 5.64805e+06
 %%% EVENT 282000 NTRACKS 14 TOTAL NTRACKS 5.66812e+06
 %%% EVENT 283000 NTRACKS 13 TOTAL NTRACKS 5.68858e+06
 %%% EVENT 284000 NTRACKS 21 TOTAL NTRACKS 5.70846e+06
 %%% EVENT 285000 NTRACKS 28 TOTAL NTRACKS 5.72826e+06
 %%% EVENT 286000 NTRACKS 12 TOTAL NTRACKS 5.74857e+06
 %%% EVENT 287000 NTRACKS 16 TOTAL NTRACKS 5.76863e+06
 %%% EVENT 288000 NTRACKS 15 TOTAL NTRACKS 5.78882e+06
 %%% EVENT 289000 NTRACKS 16 TOTAL NTRACKS 5.80921e+06
 %%% EVENT 290000 NTRACKS 13 TOTAL NTRACKS 5.82954e+06
 %%% EVENT 291000 NTRACKS 12 TOTAL NTRACKS 5.84934e+06
 %%% EVENT 292000 NTRACKS 27 TOTAL NTRACKS 5.86897e+06
 %%% EVENT 293000 NTRACKS 31 TOTAL NTRACKS 5.88865e+06
 %%% EVENT 294000 NTRACKS 27 TOTAL NTRACKS 5.90837e+06
 %%% EVENT 295000 NTRACKS 26 TOTAL NTRACKS 5.92885e+06
 %%% EVENT 296000 NTRACKS 1 TOTAL NTRACKS 5.94892e+06
 %%% EVENT 297000 NTRACKS 26 TOTAL NTRACKS 5.96906e+06
 %%% EVENT 298000 NTRACKS 7 TOTAL NTRACKS 5.98911e+06
 %%% EVENT 299000 NTRACKS 12 TOTAL NTRACKS 6.00951e+06
 %%% EVENT 300000 NTRACKS 14 TOTAL NTRACKS 6.02946e+06
 %%% EVENT 301000 NTRACKS 22 TOTAL NTRACKS 6.04933e+06
 %%% EVENT 302000 NTRACKS 29 TOTAL NTRACKS 6.06903e+06
 %%% EVENT 303000 NTRACKS 8 TOTAL NTRACKS 6.08903e+06
 %%% EVENT 304000 NTRACKS 13 TOTAL NTRACKS 6.10889e+06
 %%% EVENT 305000 NTRACKS 27 TOTAL NTRACKS 6.12889e+06
 %%% EVENT 306000 NTRACKS 24 TOTAL NTRACKS 6.14934e+06
 %%% EVENT 307000 NTRACKS 19 TOTAL NTRACKS 6.16972e+06
 %%% EVENT 308000 NTRACKS 21 TOTAL NTRACKS 6.18974e+06
 %%% EVENT 309000 NTRACKS 25 TOTAL NTRACKS 6.20967e+06
 %%% EVENT 310000 NTRACKS 8 TOTAL NTRACKS 6.22977e+06
 %%% EVENT 311000 NTRACKS 19 TOTAL NTRACKS 6.2503e+06
 %%% EVENT 312000 NTRACKS 7 TOTAL NTRACKS 6.27025e+06
 %%% EVENT 313000 NTRACKS 18 TOTAL NTRACKS 6.29019e+06
 %%% EVENT 314000 NTRACKS 21 TOTAL NTRACKS 6.31014e+06
 %%% EVENT 315000 NTRACKS 4 TOTAL NTRACKS 6.33047e+06
 %%% EVENT 316000 NTRACKS 3 TOTAL NTRACKS 6.3506e+06
 %%% EVENT 317000 NTRACKS 33 TOTAL NTRACKS 6.37083e+06
 %%% EVENT 318000 NTRACKS 20 TOTAL NTRACKS 6.39101e+06
 %%% EVENT 319000 NTRACKS 12 TOTAL NTRACKS 6.41102e+06
 %%% EVENT 320000 NTRACKS 19 TOTAL NTRACKS 6.43146e+06
 %%% EVENT 321000 NTRACKS 27 TOTAL NTRACKS 6.45161e+06
 %%% EVENT 322000 NTRACKS 20 TOTAL NTRACKS 6.47148e+06
 %%% EVENT 323000 NTRACKS 36 TOTAL NTRACKS 6.49156e+06
 %%% EVENT 324000 NTRACKS 14 TOTAL NTRACKS 6.51176e+06
 %%% EVENT 325000 NTRACKS 24 TOTAL NTRACKS 6.5317e+06
 %%% EVENT 326000 NTRACKS 28 TOTAL NTRACKS 6.55221e+06
 %%% EVENT 327000 NTRACKS 38 TOTAL NTRACKS 6.57228e+06
 %%% EVENT 328000 NTRACKS 18 TOTAL NTRACKS 6.59234e+06
 %%% EVENT 329000 NTRACKS 33 TOTAL NTRACKS 6.61242e+06
 %%% EVENT 330000 NTRACKS 6 TOTAL NTRACKS 6.63246e+06
 %%% EVENT 331000 NTRACKS 24 TOTAL NTRACKS 6.65239e+06
 %%% EVENT 332000 NTRACKS 2 TOTAL NTRACKS 6.67225e+06
 %%% EVENT 333000 NTRACKS 2 TOTAL NTRACKS 6.6923e+06
 %%% EVENT 334000 NTRACKS 23 TOTAL NTRACKS 6.71229e+06
 %%% EVENT 335000 NTRACKS 16 TOTAL NTRACKS 6.73221e+06
 %%% EVENT 336000 NTRACKS 13 TOTAL NTRACKS 6.75202e+06
 %%% EVENT 337000 NTRACKS 4 TOTAL NTRACKS 6.77225e+06
 %%% EVENT 338000 NTRACKS 25 TOTAL NTRACKS 6.79268e+06
 %%% EVENT 339000 NTRACKS 20 TOTAL NTRACKS 6.81274e+06
 %%% EVENT 340000 NTRACKS 24 TOTAL NTRACKS 6.83294e+06
 %%% EVENT 341000 NTRACKS 15 TOTAL NTRACKS 6.85296e+06
 %%% EVENT 342000 NTRACKS 17 TOTAL NTRACKS 6.87325e+06
 %%% EVENT 343000 NTRACKS 27 TOTAL NTRACKS 6.89369e+06
 %%% EVENT 344000 NTRACKS 21 TOTAL NTRACKS 6.91315e+06
 %%% EVENT 345000 NTRACKS 30 TOTAL NTRACKS 6.93334e+06
 %%% EVENT 346000 NTRACKS 30 TOTAL NTRACKS 6.95314e+06
 %%% EVENT 347000 NTRACKS 13 TOTAL NTRACKS 6.97327e+06
 %%% EVENT 348000 NTRACKS 2 TOTAL NTRACKS 6.99328e+06
 %%% EVENT 349000 NTRACKS 21 TOTAL NTRACKS 7.01349e+06
 %%% EVENT 350000 NTRACKS 18 TOTAL NTRACKS 7.03406e+06
 %%% EVENT 351000 NTRACKS 20 TOTAL NTRACKS 7.05427e+06
 %%% EVENT 352000 NTRACKS 10 TOTAL NTRACKS 7.07399e+06
 %%% EVENT 353000 NTRACKS 26 TOTAL NTRACKS 7.0942e+06
 %%% EVENT 354000 NTRACKS 30 TOTAL NTRACKS 7.11467e+06
 %%% EVENT 355000 NTRACKS 26 TOTAL NTRACKS 7.13419e+06
 %%% EVENT 356000 NTRACKS 25 TOTAL NTRACKS 7.15387e+06
 %%% EVENT 357000 NTRACKS 12 TOTAL NTRACKS 7.17386e+06
 %%% EVENT 358000 NTRACKS 16 TOTAL NTRACKS 7.19387e+06
 %%% EVENT 359000 NTRACKS 8 TOTAL NTRACKS 7.21416e+06
 %%% EVENT 360000 NTRACKS 21 TOTAL NTRACKS 7.2342e+06
 %%% EVENT 361000 NTRACKS 34 TOTAL NTRACKS 7.25423e+06
 %%% EVENT 362000 NTRACKS 31 TOTAL NTRACKS 7.27444e+06
 %%% EVENT 363000 NTRACKS 29 TOTAL NTRACKS 7.29443e+06
 %%% EVENT 364000 NTRACKS 13 TOTAL NTRACKS 7.31448e+06
 %%% EVENT 365000 NTRACKS 6 TOTAL NTRACKS 7.33469e+06
 %%% EVENT 366000 NTRACKS 17 TOTAL NTRACKS 7.35491e+06
 %%% EVENT 367000 NTRACKS 20 TOTAL NTRACKS 7.37503e+06
 %%% EVENT 368000 NTRACKS 12 TOTAL NTRACKS 7.39473e+06
 %%% EVENT 369000 NTRACKS 16 TOTAL NTRACKS 7.41514e+06
 %%% EVENT 370000 NTRACKS 28 TOTAL NTRACKS 7.43538e+06
 %%% EVENT 371000 NTRACKS 27 TOTAL NTRACKS 7.45562e+06
 %%% EVENT 372000 NTRACKS 27 TOTAL NTRACKS 7.4754e+06
 %%% EVENT 373000 NTRACKS 21 TOTAL NTRACKS 7.49566e+06
 %%% EVENT 374000 NTRACKS 5 TOTAL NTRACKS 7.51624e+06
 %%% EVENT 375000 NTRACKS 17 TOTAL NTRACKS 7.53625e+06
 %%% EVENT 376000 NTRACKS 29 TOTAL NTRACKS 7.55622e+06
 %%% EVENT 377000 NTRACKS 6 TOTAL NTRACKS 7.57669e+06
 %%% EVENT 378000 NTRACKS 19 TOTAL NTRACKS 7.59722e+06
 %%% EVENT 379000 NTRACKS 20 TOTAL NTRACKS 7.61698e+06
 %%% EVENT 380000 NTRACKS 2 TOTAL NTRACKS 7.63678e+06
 %%% EVENT 381000 NTRACKS 16 TOTAL NTRACKS 7.65713e+06
 %%% EVENT 382000 NTRACKS 15 TOTAL NTRACKS 7.67708e+06
 %%% EVENT 383000 NTRACKS 24 TOTAL NTRACKS 7.69676e+06
 %%% EVENT 384000 NTRACKS 7 TOTAL NTRACKS 7.71677e+06
 %%% EVENT 385000 NTRACKS 24 TOTAL NTRACKS 7.73676e+06
 %%% EVENT 386000 NTRACKS 23 TOTAL NTRACKS 7.7564e+06
 %%% EVENT 387000 NTRACKS 16 TOTAL NTRACKS 7.77627e+06
 %%% EVENT 388000 NTRACKS 22 TOTAL NTRACKS 7.79654e+06
 %%% EVENT 389000 NTRACKS 23 TOTAL NTRACKS 7.81688e+06
 %%% EVENT 390000 NTRACKS 33 TOTAL NTRACKS 7.83749e+06
 %%% EVENT 391000 NTRACKS 10 TOTAL NTRACKS 7.85751e+06
 %%% EVENT 392000 NTRACKS 50 TOTAL NTRACKS 7.8779e+06
 %%% EVENT 393000 NTRACKS 17 TOTAL NTRACKS 7.89803e+06
 %%% EVENT 394000 NTRACKS 17 TOTAL NTRACKS 7.91845e+06
 %%% EVENT 395000 NTRACKS 26 TOTAL NTRACKS 7.93833e+06
 %%% EVENT 396000 NTRACKS 10 TOTAL NTRACKS 7.95889e+06
 %%% EVENT 397000 NTRACKS 32 TOTAL NTRACKS 7.97896e+06
 %%% EVENT 398000 NTRACKS 19 TOTAL NTRACKS 7.99909e+06
 %%% EVENT 399000 NTRACKS 17 TOTAL NTRACKS 8.01891e+06
 %%% EVENT 400000 NTRACKS 17 TOTAL NTRACKS 8.03953e+06
 %%% EVENT 401000 NTRACKS 16 TOTAL NTRACKS 8.05942e+06
 %%% EVENT 402000 NTRACKS 33 TOTAL NTRACKS 8.07939e+06
 %%% EVENT 403000 NTRACKS 14 TOTAL NTRACKS 8.0993e+06
 %%% EVENT 404000 NTRACKS 22 TOTAL NTRACKS 8.11906e+06
 %%% EVENT 405000 NTRACKS 27 TOTAL NTRACKS 8.13906e+06
 %%% EVENT 406000 NTRACKS 14 TOTAL NTRACKS 8.1596e+06
 %%% EVENT 407000 NTRACKS 13 TOTAL NTRACKS 8.17971e+06
 %%% EVENT 408000 NTRACKS 26 TOTAL NTRACKS 8.19923e+06
 %%% EVENT 409000 NTRACKS 23 TOTAL NTRACKS 8.21961e+06
 %%% EVENT 410000 NTRACKS 18 TOTAL NTRACKS 8.2396e+06
 %%% EVENT 411000 NTRACKS 16 TOTAL NTRACKS 8.26014e+06
 %%% EVENT 412000 NTRACKS 37 TOTAL NTRACKS 8.28012e+06
 %%% EVENT 413000 NTRACKS 11 TOTAL NTRACKS 8.2997e+06
 %%% EVENT 414000 NTRACKS 20 TOTAL NTRACKS 8.31977e+06
 %%% EVENT 415000 NTRACKS 18 TOTAL NTRACKS 8.3401e+06
 %%% EVENT 416000 NTRACKS 16 TOTAL NTRACKS 8.35987e+06
 %%% EVENT 417000 NTRACKS 23 TOTAL NTRACKS 8.37966e+06
 %%% EVENT 418000 NTRACKS 29 TOTAL NTRACKS 8.3998e+06
 %%% EVENT 419000 NTRACKS 31 TOTAL NTRACKS 8.41938e+06
 %%% EVENT 420000 NTRACKS 24 TOTAL NTRACKS 8.43986e+06
 %%% EVENT 421000 NTRACKS 11 TOTAL NTRACKS 8.45983e+06
 %%% EVENT 422000 NTRACKS 30 TOTAL NTRACKS 8.48011e+06
 %%% EVENT 423000 NTRACKS 23 TOTAL NTRACKS 8.50029e+06
 %%% EVENT 424000 NTRACKS 30 TOTAL NTRACKS 8.51995e+06
 %%% EVENT 425000 NTRACKS 12 TOTAL NTRACKS 8.54008e+06
 %%% EVENT 426000 NTRACKS 26 TOTAL NTRACKS 8.55987e+06
 %%% EVENT 427000 NTRACKS 1 TOTAL NTRACKS 8.58027e+06
 %%% EVENT 428000 NTRACKS 25 TOTAL NTRACKS 8.60071e+06
 %%% EVENT 429000 NTRACKS 17 TOTAL NTRACKS 8.62079e+06
 %%% EVENT 430000 NTRACKS 28 TOTAL NTRACKS 8.64083e+06
 %%% EVENT 431000 NTRACKS 27 TOTAL NTRACKS 8.66119e+06
 %%% EVENT 432000 NTRACKS 17 TOTAL NTRACKS 8.68127e+06
 %%% EVENT 433000 NTRACKS 23 TOTAL NTRACKS 8.70197e+06
 %%% EVENT 434000 NTRACKS 13 TOTAL NTRACKS 8.72184e+06
 %%% EVENT 435000 NTRACKS 11 TOTAL NTRACKS 8.74174e+06
 %%% EVENT 436000 NTRACKS 17 TOTAL NTRACKS 8.76162e+06
 %%% EVENT 437000 NTRACKS 30 TOTAL NTRACKS 8.78159e+06
 %%% EVENT 438000 NTRACKS 27 TOTAL NTRACKS 8.80145e+06
 %%% EVENT 439000 NTRACKS 14 TOTAL NTRACKS 8.82175e+06
 %%% EVENT 440000 NTRACKS 36 TOTAL NTRACKS 8.84175e+06
 %%% EVENT 441000 NTRACKS 24 TOTAL NTRACKS 8.86182e+06
 %%% EVENT 442000 NTRACKS 22 TOTAL NTRACKS 8.88211e+06
 %%% EVENT 443000 NTRACKS 22 TOTAL NTRACKS 8.90216e+06
 %%% EVENT 444000 NTRACKS 13 TOTAL NTRACKS 8.9222e+06
 %%% EVENT 445000 NTRACKS 12 TOTAL NTRACKS 8.94253e+06
 %%% EVENT 446000 NTRACKS 19 TOTAL NTRACKS 8.96268e+06
 %%% EVENT 447000 NTRACKS 17 TOTAL NTRACKS 8.98261e+06
 %%% EVENT 448000 NTRACKS 10 TOTAL NTRACKS 9.00318e+06
 %%% EVENT 449000 NTRACKS 17 TOTAL NTRACKS 9.02276e+06
 %%% EVENT 450000 NTRACKS 16 TOTAL NTRACKS 9.04295e+06
 %%% EVENT 451000 NTRACKS 7 TOTAL NTRACKS 9.06305e+06
 %%% EVENT 452000 NTRACKS 19 TOTAL NTRACKS 9.08325e+06
 %%% EVENT 453000 NTRACKS 22 TOTAL NTRACKS 9.10326e+06
 %%% EVENT 454000 NTRACKS 14 TOTAL NTRACKS 9.1231e+06
 %%% EVENT 455000 NTRACKS 24 TOTAL NTRACKS 9.14305e+06
 %%% EVENT 456000 NTRACKS 17 TOTAL NTRACKS 9.16313e+06
 %%% EVENT 457000 NTRACKS 34 TOTAL NTRACKS 9.18287e+06
 %%% EVENT 458000 NTRACKS 32 TOTAL NTRACKS 9.20286e+06
 %%% EVENT 459000 NTRACKS 22 TOTAL NTRACKS 9.22318e+06
 %%% EVENT 460000 NTRACKS 22 TOTAL NTRACKS 9.24364e+06
 %%% EVENT 461000 NTRACKS 26 TOTAL NTRACKS 9.26381e+06
 %%% EVENT 462000 NTRACKS 9 TOTAL NTRACKS 9.28329e+06
 %%% EVENT 463000 NTRACKS 29 TOTAL NTRACKS 9.30327e+06
 %%% EVENT 464000 NTRACKS 21 TOTAL NTRACKS 9.32349e+06
 %%% EVENT 465000 NTRACKS 27 TOTAL NTRACKS 9.34354e+06
 %%% EVENT 466000 NTRACKS 18 TOTAL NTRACKS 9.36322e+06
 %%% EVENT 467000 NTRACKS 17 TOTAL NTRACKS 9.38287e+06
 %%% EVENT 468000 NTRACKS 16 TOTAL NTRACKS 9.4037e+06
 %%% EVENT 469000 NTRACKS 25 TOTAL NTRACKS 9.4239e+06
 %%% EVENT 470000 NTRACKS 32 TOTAL NTRACKS 9.44409e+06
 %%% EVENT 471000 NTRACKS 1 TOTAL NTRACKS 9.46421e+06
 %%% EVENT 472000 NTRACKS 29 TOTAL NTRACKS 9.48404e+06
 %%% EVENT 473000 NTRACKS 29 TOTAL NTRACKS 9.50412e+06
 %%% EVENT 474000 NTRACKS 13 TOTAL NTRACKS 9.52415e+06
 %%% EVENT 475000 NTRACKS 22 TOTAL NTRACKS 9.5444e+06
 %%% EVENT 476000 NTRACKS 21 TOTAL NTRACKS 9.56438e+06
 %%% EVENT 477000 NTRACKS 15 TOTAL NTRACKS 9.58464e+06
 %%% EVENT 478000 NTRACKS 7 TOTAL NTRACKS 9.60488e+06
 %%% EVENT 479000 NTRACKS 18 TOTAL NTRACKS 9.62488e+06
 %%% EVENT 480000 NTRACKS 3 TOTAL NTRACKS 9.64435e+06
 %%% EVENT 481000 NTRACKS 24 TOTAL NTRACKS 9.66464e+06
 %%% EVENT 482000 NTRACKS 17 TOTAL NTRACKS 9.68427e+06
 %%% EVENT 483000 NTRACKS 34 TOTAL NTRACKS 9.70428e+06
 %%% EVENT 484000 NTRACKS 23 TOTAL NTRACKS 9.7246e+06
 %%% EVENT 485000 NTRACKS 26 TOTAL NTRACKS 9.7447e+06
 %%% EVENT 486000 NTRACKS 20 TOTAL NTRACKS 9.76499e+06
 %%% EVENT 487000 NTRACKS 18 TOTAL NTRACKS 9.78477e+06
 %%% EVENT 488000 NTRACKS 15 TOTAL NTRACKS 9.80479e+06
 %%% EVENT 489000 NTRACKS 13 TOTAL NTRACKS 9.82471e+06
 %%% EVENT 490000 NTRACKS 20 TOTAL NTRACKS 9.84477e+06
 %%% EVENT 491000 NTRACKS 29 TOTAL NTRACKS 9.86499e+06
 %%% EVENT 492000 NTRACKS 17 TOTAL NTRACKS 9.88522e+06
 %%% EVENT 493000 NTRACKS 28 TOTAL NTRACKS 9.90502e+06
 %%% EVENT 494000 NTRACKS 15 TOTAL NTRACKS 9.92543e+06
 %%% EVENT 495000 NTRACKS 24 TOTAL NTRACKS 9.94553e+06
 %%% EVENT 496000 NTRACKS 39 TOTAL NTRACKS 9.96563e+06
 %%% EVENT 497000 NTRACKS 23 TOTAL NTRACKS 9.98543e+06
 %%% EVENT 498000 NTRACKS 21 TOTAL NTRACKS 1.00053e+07
 %%% EVENT 499000 NTRACKS 8 TOTAL NTRACKS 1.00257e+07
 %%% EVENT 500000 NTRACKS 32 TOTAL NTRACKS 1.00456e+07
 %%% EVENT 501000 NTRACKS 12 TOTAL NTRACKS 1.0066e+07
 %%% EVENT 502000 NTRACKS 24 TOTAL NTRACKS 1.00859e+07
 %%% EVENT 503000 NTRACKS 22 TOTAL NTRACKS 1.01064e+07
 %%% EVENT 504000 NTRACKS 23 TOTAL NTRACKS 1.01262e+07
 %%% EVENT 505000 NTRACKS 15 TOTAL NTRACKS 1.01468e+07
 %%% EVENT 506000 NTRACKS 4 TOTAL NTRACKS 1.01664e+07
 %%% EVENT 507000 NTRACKS 25 TOTAL NTRACKS 1.01862e+07
 %%% EVENT 508000 NTRACKS 5 TOTAL NTRACKS 1.0206e+07
 %%% EVENT 509000 NTRACKS 29 TOTAL NTRACKS 1.02258e+07
 %%% EVENT 510000 NTRACKS 28 TOTAL NTRACKS 1.02455e+07
 %%% EVENT 511000 NTRACKS 16 TOTAL NTRACKS 1.02659e+07
 %%% EVENT 512000 NTRACKS 11 TOTAL NTRACKS 1.02864e+07
 %%% EVENT 513000 NTRACKS 13 TOTAL NTRACKS 1.03063e+07
 %%% EVENT 514000 NTRACKS 15 TOTAL NTRACKS 1.03266e+07
 %%% EVENT 515000 NTRACKS 29 TOTAL NTRACKS 1.03467e+07
 %%% EVENT 516000 NTRACKS 16 TOTAL NTRACKS 1.03673e+07
 %%% EVENT 517000 NTRACKS 22 TOTAL NTRACKS 1.03876e+07
 %%% EVENT 518000 NTRACKS 18 TOTAL NTRACKS 1.04069e+07
 %%% EVENT 519000 NTRACKS 14 TOTAL NTRACKS 1.04271e+07
 %%% EVENT 520000 NTRACKS 23 TOTAL NTRACKS 1.04472e+07
 %%% EVENT 521000 NTRACKS 1 TOTAL NTRACKS 1.04672e+07
 %%% EVENT 522000 NTRACKS 21 TOTAL NTRACKS 1.04875e+07
 %%% EVENT 523000 NTRACKS 26 TOTAL NTRACKS 1.05078e+07
 %%% EVENT 524000 NTRACKS 19 TOTAL NTRACKS 1.05279e+07
 %%% EVENT 525000 NTRACKS 22 TOTAL NTRACKS 1.05478e+07
 %%% EVENT 526000 NTRACKS 20 TOTAL NTRACKS 1.05677e+07
 %%% EVENT 527000 NTRACKS 16 TOTAL NTRACKS 1.05877e+07
 %%% EVENT 528000 NTRACKS 17 TOTAL NTRACKS 1.06079e+07
 %%% EVENT 529000 NTRACKS 6 TOTAL NTRACKS 1.06278e+07
 %%% EVENT 530000 NTRACKS 27 TOTAL NTRACKS 1.06476e+07
 %%% EVENT 531000 NTRACKS 15 TOTAL NTRACKS 1.06681e+07
 %%% EVENT 532000 NTRACKS 19 TOTAL NTRACKS 1.06884e+07
 %%% EVENT 533000 NTRACKS 16 TOTAL NTRACKS 1.07085e+07
 %%% EVENT 534000 NTRACKS 40 TOTAL NTRACKS 1.07282e+07
 %%% EVENT 535000 NTRACKS 12 TOTAL NTRACKS 1.07483e+07
 %%% EVENT 536000 NTRACKS 16 TOTAL NTRACKS 1.07685e+07
 %%% EVENT 537000 NTRACKS 22 TOTAL NTRACKS 1.07883e+07
 %%% EVENT 538000 NTRACKS 18 TOTAL NTRACKS 1.08086e+07
 %%% EVENT 539000 NTRACKS 25 TOTAL NTRACKS 1.0829e+07
 %%% EVENT 540000 NTRACKS 12 TOTAL NTRACKS 1.08488e+07
 %%% EVENT 541000 NTRACKS 9 TOTAL NTRACKS 1.08694e+07
 %%% EVENT 542000 NTRACKS 19 TOTAL NTRACKS 1.08894e+07
 %%% EVENT 543000 NTRACKS 25 TOTAL NTRACKS 1.09095e+07
 %%% EVENT 544000 NTRACKS 13 TOTAL NTRACKS 1.09295e+07
 %%% EVENT 545000 NTRACKS 33 TOTAL NTRACKS 1.09497e+07
 %%% EVENT 546000 NTRACKS 16 TOTAL NTRACKS 1.09699e+07
 %%% EVENT 547000 NTRACKS 7 TOTAL NTRACKS 1.09893e+07
 %%% EVENT 548000 NTRACKS 5 TOTAL NTRACKS 1.10095e+07
 %%% EVENT 549000 NTRACKS 24 TOTAL NTRACKS 1.10292e+07
 %%% EVENT 550000 NTRACKS 7 TOTAL NTRACKS 1.10491e+07
 %%% EVENT 551000 NTRACKS 33 TOTAL NTRACKS 1.10696e+07
 %%% EVENT 552000 NTRACKS 27 TOTAL NTRACKS 1.10898e+07
 %%% EVENT 553000 NTRACKS 13 TOTAL NTRACKS 1.11098e+07
 %%% EVENT 554000 NTRACKS 20 TOTAL NTRACKS 1.11299e+07
 %%% EVENT 555000 NTRACKS 28 TOTAL NTRACKS 1.11504e+07
 %%% EVENT 556000 NTRACKS 9 TOTAL NTRACKS 1.11704e+07
 %%% EVENT 557000 NTRACKS 21 TOTAL NTRACKS 1.11905e+07
 %%% EVENT 558000 NTRACKS 4 TOTAL NTRACKS 1.12106e+07
 %%% EVENT 559000 NTRACKS 22 TOTAL NTRACKS 1.12308e+07
 %%% EVENT 560000 NTRACKS 25 TOTAL NTRACKS 1.12511e+07
 %%% EVENT 561000 NTRACKS 18 TOTAL NTRACKS 1.12711e+07
 %%% EVENT 562000 NTRACKS 9 TOTAL NTRACKS 1.12909e+07
 %%% EVENT 563000 NTRACKS 16 TOTAL NTRACKS 1.13105e+07
 %%% EVENT 564000 NTRACKS 13 TOTAL NTRACKS 1.13308e+07
 %%% EVENT 565000 NTRACKS 17 TOTAL NTRACKS 1.1351e+07
 %%% EVENT 566000 NTRACKS 18 TOTAL NTRACKS 1.13711e+07
 %%% EVENT 567000 NTRACKS 4 TOTAL NTRACKS 1.13908e+07
 %%% EVENT 568000 NTRACKS 27 TOTAL NTRACKS 1.14112e+07
 %%% EVENT 569000 NTRACKS 20 TOTAL NTRACKS 1.1431e+07
 %%% EVENT 570000 NTRACKS 18 TOTAL NTRACKS 1.14512e+07
 %%% EVENT 571000 NTRACKS 31 TOTAL NTRACKS 1.14711e+07
 %%% EVENT 572000 NTRACKS 16 TOTAL NTRACKS 1.14917e+07
 %%% EVENT 573000 NTRACKS 30 TOTAL NTRACKS 1.15119e+07
 %%% EVENT 574000 NTRACKS 41 TOTAL NTRACKS 1.1532e+07
 %%% EVENT 575000 NTRACKS 15 TOTAL NTRACKS 1.15521e+07
 %%% EVENT 576000 NTRACKS 6 TOTAL NTRACKS 1.15721e+07
 %%% EVENT 577000 NTRACKS 31 TOTAL NTRACKS 1.15927e+07
 %%% EVENT 578000 NTRACKS 26 TOTAL NTRACKS 1.16131e+07
 %%% EVENT 579000 NTRACKS 24 TOTAL NTRACKS 1.16333e+07
 %%% EVENT 580000 NTRACKS 21 TOTAL NTRACKS 1.16535e+07
 %%% EVENT 581000 NTRACKS 17 TOTAL NTRACKS 1.1674e+07
 %%% EVENT 582000 NTRACKS 25 TOTAL NTRACKS 1.16941e+07
 %%% EVENT 583000 NTRACKS 24 TOTAL NTRACKS 1.17144e+07
 %%% EVENT 584000 NTRACKS 4 TOTAL NTRACKS 1.17351e+07
 %%% EVENT 585000 NTRACKS 16 TOTAL NTRACKS 1.17553e+07
 %%% EVENT 586000 NTRACKS 20 TOTAL NTRACKS 1.17753e+07
 %%% EVENT 587000 NTRACKS 41 TOTAL NTRACKS 1.17953e+07
 %%% EVENT 588000 NTRACKS 21 TOTAL NTRACKS 1.18154e+07
 %%% EVENT 589000 NTRACKS 4 TOTAL NTRACKS 1.18357e+07
 %%% EVENT 590000 NTRACKS 18 TOTAL NTRACKS 1.18555e+07
 %%% EVENT 591000 NTRACKS 6 TOTAL NTRACKS 1.18754e+07
 %%% EVENT 592000 NTRACKS 19 TOTAL NTRACKS 1.18953e+07
 %%% EVENT 593000 NTRACKS 20 TOTAL NTRACKS 1.19151e+07
 %%% EVENT 594000 NTRACKS 26 TOTAL NTRACKS 1.19354e+07
 %%% EVENT 595000 NTRACKS 4 TOTAL NTRACKS 1.19552e+07
 %%% EVENT 596000 NTRACKS 22 TOTAL NTRACKS 1.19756e+07
 %%% EVENT 597000 NTRACKS 38 TOTAL NTRACKS 1.19956e+07
 %%% EVENT 598000 NTRACKS 21 TOTAL NTRACKS 1.20158e+07
 %%% EVENT 599000 NTRACKS 19 TOTAL NTRACKS 1.20359e+07
 %%% EVENT 600000 NTRACKS 23 TOTAL NTRACKS 1.20565e+07
 %%% EVENT 601000 NTRACKS 4 TOTAL NTRACKS 1.20769e+07
 %%% EVENT 602000 NTRACKS 29 TOTAL NTRACKS 1.2097e+07
 %%% EVENT 603000 NTRACKS 33 TOTAL NTRACKS 1.21176e+07
 %%% EVENT 604000 NTRACKS 18 TOTAL NTRACKS 1.21373e+07
 %%% EVENT 605000 NTRACKS 13 TOTAL NTRACKS 1.21569e+07
 %%% EVENT 606000 NTRACKS 19 TOTAL NTRACKS 1.21773e+07
 %%% EVENT 607000 NTRACKS 7 TOTAL NTRACKS 1.21971e+07
 %%% EVENT 608000 NTRACKS 27 TOTAL NTRACKS 1.22174e+07
 %%% EVENT 609000 NTRACKS 20 TOTAL NTRACKS 1.22377e+07
 %%% EVENT 610000 NTRACKS 28 TOTAL NTRACKS 1.2258e+07
 %%% EVENT 611000 NTRACKS 14 TOTAL NTRACKS 1.22781e+07
 %%% EVENT 612000 NTRACKS 23 TOTAL NTRACKS 1.22983e+07
 %%% EVENT 613000 NTRACKS 1 TOTAL NTRACKS 1.23187e+07
 %%% EVENT 614000 NTRACKS 4 TOTAL NTRACKS 1.23391e+07
 %%% EVENT 615000 NTRACKS 16 TOTAL NTRACKS 1.23596e+07
 %%% EVENT 616000 NTRACKS 22 TOTAL NTRACKS 1.23796e+07
 %%% EVENT 617000 NTRACKS 21 TOTAL NTRACKS 1.23998e+07
 %%% EVENT 618000 NTRACKS 16 TOTAL NTRACKS 1.24201e+07
 %%% EVENT 619000 NTRACKS 7 TOTAL NTRACKS 1.244e+07
 %%% EVENT 620000 NTRACKS 27 TOTAL NTRACKS 1.24601e+07
 %%% EVENT 621000 NTRACKS 12 TOTAL NTRACKS 1.24803e+07
 %%% EVENT 622000 NTRACKS 22 TOTAL NTRACKS 1.25014e+07
 %%% EVENT 623000 NTRACKS 18 TOTAL NTRACKS 1.25212e+07
 %%% EVENT 624000 NTRACKS 34 TOTAL NTRACKS 1.25412e+07
 %%% EVENT 625000 NTRACKS 24 TOTAL NTRACKS 1.25613e+07
 %%% EVENT 626000 NTRACKS 27 TOTAL NTRACKS 1.25816e+07
 %%% EVENT 627000 NTRACKS 22 TOTAL NTRACKS 1.26021e+07
 %%% EVENT 628000 NTRACKS 20 TOTAL NTRACKS 1.26221e+07
 %%% EVENT 629000 NTRACKS 23 TOTAL NTRACKS 1.26421e+07
 %%% EVENT 630000 NTRACKS 25 TOTAL NTRACKS 1.2662e+07
 %%% EVENT 631000 NTRACKS 21 TOTAL NTRACKS 1.2682e+07
 %%% EVENT 632000 NTRACKS 7 TOTAL NTRACKS 1.27023e+07
 %%% EVENT 633000 NTRACKS 15 TOTAL NTRACKS 1.27226e+07
 %%% EVENT 634000 NTRACKS 21 TOTAL NTRACKS 1.27423e+07
 %%% EVENT 635000 NTRACKS 13 TOTAL NTRACKS 1.27622e+07
 %%% EVENT 636000 NTRACKS 9 TOTAL NTRACKS 1.27823e+07
 %%% EVENT 637000 NTRACKS 20 TOTAL NTRACKS 1.28028e+07
 %%% EVENT 638000 NTRACKS 27 TOTAL NTRACKS 1.28233e+07
 %%% EVENT 639000 NTRACKS 17 TOTAL NTRACKS 1.28437e+07
 %%% EVENT 640000 NTRACKS 20 TOTAL NTRACKS 1.2864e+07
 %%% EVENT 641000 NTRACKS 9 TOTAL NTRACKS 1.28839e+07
 %%% EVENT 642000 NTRACKS 41 TOTAL NTRACKS 1.29042e+07
 %%% EVENT 643000 NTRACKS 20 TOTAL NTRACKS 1.29246e+07
 %%% EVENT 644000 NTRACKS 21 TOTAL NTRACKS 1.29444e+07
 %%% EVENT 645000 NTRACKS 24 TOTAL NTRACKS 1.29645e+07
 %%% EVENT 646000 NTRACKS 27 TOTAL NTRACKS 1.29843e+07
 %%% EVENT 647000 NTRACKS 28 TOTAL NTRACKS 1.30037e+07
 %%% EVENT 648000 NTRACKS 20 TOTAL NTRACKS 1.30238e+07
 %%% EVENT 649000 NTRACKS 19 TOTAL NTRACKS 1.30444e+07
 %%% EVENT 650000 NTRACKS 54 TOTAL NTRACKS 1.30644e+07
 %%% EVENT 651000 NTRACKS 18 TOTAL NTRACKS 1.3084e+07
 %%% EVENT 652000 NTRACKS 29 TOTAL NTRACKS 1.31039e+07
 %%% EVENT 653000 NTRACKS 25 TOTAL NTRACKS 1.31245e+07
 %%% EVENT 654000 NTRACKS 32 TOTAL NTRACKS 1.31449e+07
 %%% EVENT 655000 NTRACKS 30 TOTAL NTRACKS 1.31652e+07
 %%% EVENT 656000 NTRACKS 13 TOTAL NTRACKS 1.31853e+07
 %%% EVENT 657000 NTRACKS 18 TOTAL NTRACKS 1.32054e+07
 %%% EVENT 658000 NTRACKS 35 TOTAL NTRACKS 1.32257e+07
 %%% EVENT 659000 NTRACKS 11 TOTAL NTRACKS 1.32461e+07
 %%% EVENT 660000 NTRACKS 1 TOTAL NTRACKS 1.32667e+07
 %%% EVENT 661000 NTRACKS 25 TOTAL NTRACKS 1.32868e+07
 %%% EVENT 662000 NTRACKS 18 TOTAL NTRACKS 1.33066e+07
 %%% EVENT 663000 NTRACKS 19 TOTAL NTRACKS 1.33263e+07
 %%% EVENT 664000 NTRACKS 30 TOTAL NTRACKS 1.33466e+07
 %%% EVENT 665000 NTRACKS 6 TOTAL NTRACKS 1.33668e+07
 %%% EVENT 666000 NTRACKS 15 TOTAL NTRACKS 1.33871e+07
 %%% EVENT 667000 NTRACKS 26 TOTAL NTRACKS 1.34071e+07
 %%% EVENT 668000 NTRACKS 26 TOTAL NTRACKS 1.34271e+07
 %%% EVENT 669000 NTRACKS 39 TOTAL NTRACKS 1.34471e+07
 %%% EVENT 670000 NTRACKS 33 TOTAL NTRACKS 1.34672e+07
 %%% EVENT 671000 NTRACKS 18 TOTAL NTRACKS 1.3487e+07
 %%% EVENT 672000 NTRACKS 21 TOTAL NTRACKS 1.35069e+07
 %%% EVENT 673000 NTRACKS 23 TOTAL NTRACKS 1.35269e+07
 %%% EVENT 674000 NTRACKS 29 TOTAL NTRACKS 1.35472e+07
 %%% EVENT 675000 NTRACKS 15 TOTAL NTRACKS 1.35672e+07
 %%% EVENT 676000 NTRACKS 21 TOTAL NTRACKS 1.35868e+07
 %%% EVENT 677000 NTRACKS 19 TOTAL NTRACKS 1.36073e+07
 %%% EVENT 678000 NTRACKS 5 TOTAL NTRACKS 1.36276e+07
 %%% EVENT 679000 NTRACKS 23 TOTAL NTRACKS 1.36479e+07
 %%% EVENT 680000 NTRACKS 23 TOTAL NTRACKS 1.36677e+07
 %%% EVENT 681000 NTRACKS 33 TOTAL NTRACKS 1.36874e+07
 %%% EVENT 682000 NTRACKS 13 TOTAL NTRACKS 1.37073e+07
 %%% EVENT 683000 NTRACKS 11 TOTAL NTRACKS 1.37274e+07
 %%% EVENT 684000 NTRACKS 9 TOTAL NTRACKS 1.37471e+07
 %%% EVENT 685000 NTRACKS 9 TOTAL NTRACKS 1.37669e+07
 %%% EVENT 686000 NTRACKS 25 TOTAL NTRACKS 1.3787e+07
 %%% EVENT 687000 NTRACKS 18 TOTAL NTRACKS 1.38072e+07
 %%% EVENT 688000 NTRACKS 11 TOTAL NTRACKS 1.38276e+07
 %%% EVENT 689000 NTRACKS 51 TOTAL NTRACKS 1.38478e+07
 %%% EVENT 690000 NTRACKS 7 TOTAL NTRACKS 1.38683e+07
 %%% EVENT 691000 NTRACKS 37 TOTAL NTRACKS 1.38887e+07
 %%% EVENT 692000 NTRACKS 24 TOTAL NTRACKS 1.39091e+07
 %%% EVENT 693000 NTRACKS 16 TOTAL NTRACKS 1.39297e+07
 %%% EVENT 694000 NTRACKS 19 TOTAL NTRACKS 1.39498e+07
 %%% EVENT 695000 NTRACKS 7 TOTAL NTRACKS 1.39697e+07
 %%% EVENT 696000 NTRACKS 12 TOTAL NTRACKS 1.39893e+07
 %%% EVENT 697000 NTRACKS 16 TOTAL NTRACKS 1.40097e+07
 %%% EVENT 698000 NTRACKS 31 TOTAL NTRACKS 1.40298e+07
 %%% EVENT 699000 NTRACKS 28 TOTAL NTRACKS 1.40499e+07
 %%% EVENT 700000 NTRACKS 29 TOTAL NTRACKS 1.40698e+07
 %%% EVENT 701000 NTRACKS 8 TOTAL NTRACKS 1.40901e+07
 %%% EVENT 702000 NTRACKS 33 TOTAL NTRACKS 1.41098e+07
 %%% EVENT 703000 NTRACKS 20 TOTAL NTRACKS 1.41297e+07
 %%% EVENT 704000 NTRACKS 21 TOTAL NTRACKS 1.41499e+07
 %%% EVENT 705000 NTRACKS 12 TOTAL NTRACKS 1.41702e+07
 %%% EVENT 706000 NTRACKS 7 TOTAL NTRACKS 1.41904e+07
 %%% EVENT 707000 NTRACKS 20 TOTAL NTRACKS 1.42108e+07
 %%% EVENT 708000 NTRACKS 21 TOTAL NTRACKS 1.42309e+07
 %%% EVENT 709000 NTRACKS 18 TOTAL NTRACKS 1.42505e+07
 %%% EVENT 710000 NTRACKS 11 TOTAL NTRACKS 1.42709e+07
 %%% EVENT 711000 NTRACKS 24 TOTAL NTRACKS 1.42915e+07
 %%% EVENT 712000 NTRACKS 20 TOTAL NTRACKS 1.43113e+07
 %%% EVENT 713000 NTRACKS 16 TOTAL NTRACKS 1.43317e+07
 %%% EVENT 714000 NTRACKS 12 TOTAL NTRACKS 1.43514e+07
 %%% EVENT 715000 NTRACKS 21 TOTAL NTRACKS 1.43717e+07
 %%% EVENT 716000 NTRACKS 27 TOTAL NTRACKS 1.4392e+07
 %%% EVENT 717000 NTRACKS 21 TOTAL NTRACKS 1.44118e+07
 %%% EVENT 718000 NTRACKS 16 TOTAL NTRACKS 1.44322e+07
 %%% EVENT 719000 NTRACKS 19 TOTAL NTRACKS 1.44521e+07
 %%% EVENT 720000 NTRACKS 29 TOTAL NTRACKS 1.44722e+07
 %%% EVENT 721000 NTRACKS 23 TOTAL NTRACKS 1.44921e+07
 %%% EVENT 722000 NTRACKS 6 TOTAL NTRACKS 1.45119e+07
 %%% EVENT 723000 NTRACKS 27 TOTAL NTRACKS 1.45325e+07
 %%% EVENT 724000 NTRACKS 24 TOTAL NTRACKS 1.45523e+07
 %%% EVENT 725000 NTRACKS 16 TOTAL NTRACKS 1.45722e+07
 %%% EVENT 726000 NTRACKS 19 TOTAL NTRACKS 1.4592e+07
 %%% EVENT 727000 NTRACKS 11 TOTAL NTRACKS 1.46124e+07
 %%% EVENT 728000 NTRACKS 25 TOTAL NTRACKS 1.46327e+07
 %%% EVENT 729000 NTRACKS 2 TOTAL NTRACKS 1.46532e+07
 %%% EVENT 730000 NTRACKS 20 TOTAL NTRACKS 1.46733e+07
 %%% EVENT 731000 NTRACKS 26 TOTAL NTRACKS 1.46933e+07
 %%% EVENT 732000 NTRACKS 32 TOTAL NTRACKS 1.47134e+07
 %%% EVENT 733000 NTRACKS 18 TOTAL NTRACKS 1.47338e+07
 %%% EVENT 734000 NTRACKS 9 TOTAL NTRACKS 1.4754e+07
 %%% EVENT 735000 NTRACKS 32 TOTAL NTRACKS 1.47741e+07
 %%% EVENT 736000 NTRACKS 30 TOTAL NTRACKS 1.47941e+07
 %%% EVENT 737000 NTRACKS 26 TOTAL NTRACKS 1.48149e+07
 %%% EVENT 738000 NTRACKS 22 TOTAL NTRACKS 1.4835e+07
 %%% EVENT 739000 NTRACKS 4 TOTAL NTRACKS 1.48552e+07
 %%% EVENT 740000 NTRACKS 17 TOTAL NTRACKS 1.48747e+07
 %%% EVENT 741000 NTRACKS 25 TOTAL NTRACKS 1.48947e+07
 %%% EVENT 742000 NTRACKS 19 TOTAL NTRACKS 1.49147e+07
 %%% EVENT 743000 NTRACKS 21 TOTAL NTRACKS 1.49352e+07
 %%% EVENT 744000 NTRACKS 5 TOTAL NTRACKS 1.49552e+07
 %%% EVENT 745000 NTRACKS 26 TOTAL NTRACKS 1.49755e+07
 %%% EVENT 746000 NTRACKS 39 TOTAL NTRACKS 1.49954e+07
 %%% EVENT 747000 NTRACKS 18 TOTAL NTRACKS 1.50155e+07
 %%% EVENT 748000 NTRACKS 19 TOTAL NTRACKS 1.50355e+07
 %%% EVENT 749000 NTRACKS 32 TOTAL NTRACKS 1.50557e+07
 %%% EVENT 750000 NTRACKS 16 TOTAL NTRACKS 1.50759e+07
 %%% EVENT 751000 NTRACKS 16 TOTAL NTRACKS 1.50962e+07
 %%% EVENT 752000 NTRACKS 29 TOTAL NTRACKS 1.5116e+07
 %%% EVENT 753000 NTRACKS 17 TOTAL NTRACKS 1.51359e+07
 %%% EVENT 754000 NTRACKS 21 TOTAL NTRACKS 1.51559e+07
 %%% EVENT 755000 NTRACKS 16 TOTAL NTRACKS 1.51759e+07
 %%% EVENT 756000 NTRACKS 44 TOTAL NTRACKS 1.51961e+07
 %%% EVENT 757000 NTRACKS 12 TOTAL NTRACKS 1.52157e+07
 %%% EVENT 758000 NTRACKS 5 TOTAL NTRACKS 1.52362e+07
 %%% EVENT 759000 NTRACKS 17 TOTAL NTRACKS 1.52562e+07
 %%% EVENT 760000 NTRACKS 14 TOTAL NTRACKS 1.52762e+07
 %%% EVENT 761000 NTRACKS 16 TOTAL NTRACKS 1.52968e+07
 %%% EVENT 762000 NTRACKS 21 TOTAL NTRACKS 1.53173e+07
 %%% EVENT 763000 NTRACKS 16 TOTAL NTRACKS 1.53376e+07
 %%% EVENT 764000 NTRACKS 14 TOTAL NTRACKS 1.53578e+07
 %%% EVENT 765000 NTRACKS 20 TOTAL NTRACKS 1.53779e+07
 %%% EVENT 766000 NTRACKS 22 TOTAL NTRACKS 1.53983e+07
 %%% EVENT 767000 NTRACKS 18 TOTAL NTRACKS 1.5418e+07
 %%% EVENT 768000 NTRACKS 28 TOTAL NTRACKS 1.54381e+07
 %%% EVENT 769000 NTRACKS 33 TOTAL NTRACKS 1.54581e+07
 %%% EVENT 770000 NTRACKS 16 TOTAL NTRACKS 1.54786e+07
 %%% EVENT 771000 NTRACKS 22 TOTAL NTRACKS 1.54991e+07
 %%% EVENT 772000 NTRACKS 17 TOTAL NTRACKS 1.5519e+07
 %%% EVENT 773000 NTRACKS 5 TOTAL NTRACKS 1.5539e+07
 %%% EVENT 774000 NTRACKS 23 TOTAL NTRACKS 1.55592e+07
 %%% EVENT 775000 NTRACKS 18 TOTAL NTRACKS 1.55792e+07
 %%% EVENT 776000 NTRACKS 16 TOTAL NTRACKS 1.55993e+07
 %%% EVENT 777000 NTRACKS 31 TOTAL NTRACKS 1.56194e+07
 %%% EVENT 778000 NTRACKS 14 TOTAL NTRACKS 1.56395e+07
 %%% EVENT 779000 NTRACKS 14 TOTAL NTRACKS 1.56595e+07
 %%% EVENT 780000 NTRACKS 13 TOTAL NTRACKS 1.56792e+07
 %%% EVENT 781000 NTRACKS 9 TOTAL NTRACKS 1.56993e+07
 %%% EVENT 782000 NTRACKS 15 TOTAL NTRACKS 1.57195e+07
 %%% EVENT 783000 NTRACKS 22 TOTAL NTRACKS 1.574e+07
 %%% EVENT 784000 NTRACKS 24 TOTAL NTRACKS 1.57604e+07
 %%% EVENT 785000 NTRACKS 19 TOTAL NTRACKS 1.57807e+07
 %%% EVENT 786000 NTRACKS 25 TOTAL NTRACKS 1.58011e+07
 %%% EVENT 787000 NTRACKS 43 TOTAL NTRACKS 1.58214e+07
 %%% EVENT 788000 NTRACKS 9 TOTAL NTRACKS 1.58417e+07
 %%% EVENT 789000 NTRACKS 16 TOTAL NTRACKS 1.5862e+07
 %%% EVENT 790000 NTRACKS 1 TOTAL NTRACKS 1.58819e+07
 %%% EVENT 791000 NTRACKS 20 TOTAL NTRACKS 1.59024e+07
 %%% EVENT 792000 NTRACKS 13 TOTAL NTRACKS 1.59227e+07
 %%% EVENT 793000 NTRACKS 6 TOTAL NTRACKS 1.59428e+07
 %%% EVENT 794000 NTRACKS 37 TOTAL NTRACKS 1.59633e+07
 %%% EVENT 795000 NTRACKS 10 TOTAL NTRACKS 1.59832e+07
 %%% EVENT 796000 NTRACKS 17 TOTAL NTRACKS 1.6003e+07
 %%% EVENT 797000 NTRACKS 24 TOTAL NTRACKS 1.60232e+07
 %%% EVENT 798000 NTRACKS 28 TOTAL NTRACKS 1.60433e+07
 %%% EVENT 799000 NTRACKS 20 TOTAL NTRACKS 1.60636e+07
 %%% EVENT 800000 NTRACKS 21 TOTAL NTRACKS 1.60834e+07
 %%% EVENT 801000 NTRACKS 29 TOTAL NTRACKS 1.61032e+07
 %%% EVENT 802000 NTRACKS 30 TOTAL NTRACKS 1.61237e+07
 %%% EVENT 803000 NTRACKS 17 TOTAL NTRACKS 1.61435e+07
 %%% EVENT 804000 NTRACKS 18 TOTAL NTRACKS 1.61635e+07
 %%% EVENT 805000 NTRACKS 29 TOTAL NTRACKS 1.61836e+07
 %%% EVENT 806000 NTRACKS 31 TOTAL NTRACKS 1.62037e+07
 %%% EVENT 807000 NTRACKS 28 TOTAL NTRACKS 1.62244e+07
 %%% EVENT 808000 NTRACKS 16 TOTAL NTRACKS 1.62447e+07
 %%% EVENT 809000 NTRACKS 20 TOTAL NTRACKS 1.62647e+07
 %%% EVENT 810000 NTRACKS 16 TOTAL NTRACKS 1.62845e+07
 %%% EVENT 811000 NTRACKS 23 TOTAL NTRACKS 1.63048e+07
 %%% EVENT 812000 NTRACKS 42 TOTAL NTRACKS 1.63249e+07
 %%% EVENT 813000 NTRACKS 17 TOTAL NTRACKS 1.63453e+07
 %%% EVENT 814000 NTRACKS 24 TOTAL NTRACKS 1.63652e+07
 %%% EVENT 815000 NTRACKS 20 TOTAL NTRACKS 1.63854e+07
 %%% EVENT 816000 NTRACKS 25 TOTAL NTRACKS 1.64054e+07
 %%% EVENT 817000 NTRACKS 25 TOTAL NTRACKS 1.64255e+07
 %%% EVENT 818000 NTRACKS 21 TOTAL NTRACKS 1.64457e+07
 %%% EVENT 819000 NTRACKS 16 TOTAL NTRACKS 1.64656e+07
 %%% EVENT 820000 NTRACKS 16 TOTAL NTRACKS 1.64854e+07
 %%% EVENT 821000 NTRACKS 15 TOTAL NTRACKS 1.65056e+07
 %%% EVENT 822000 NTRACKS 25 TOTAL NTRACKS 1.65261e+07
 %%% EVENT 823000 NTRACKS 13 TOTAL NTRACKS 1.65465e+07
 %%% EVENT 824000 NTRACKS 17 TOTAL NTRACKS 1.65665e+07
 %%% EVENT 825000 NTRACKS 29 TOTAL NTRACKS 1.65867e+07
 %%% EVENT 826000 NTRACKS 15 TOTAL NTRACKS 1.66069e+07
 %%% EVENT 827000 NTRACKS 29 TOTAL NTRACKS 1.66268e+07
 %%% EVENT 828000 NTRACKS 27 TOTAL NTRACKS 1.66469e+07
 %%% EVENT 829000 NTRACKS 17 TOTAL NTRACKS 1.6667e+07
 %%% EVENT 830000 NTRACKS 23 TOTAL NTRACKS 1.66875e+07
 %%% EVENT 831000 NTRACKS 17 TOTAL NTRACKS 1.67076e+07
 %%% EVENT 832000 NTRACKS 8 TOTAL NTRACKS 1.67276e+07
 %%% EVENT 833000 NTRACKS 25 TOTAL NTRACKS 1.67484e+07
 %%% EVENT 834000 NTRACKS 18 TOTAL NTRACKS 1.67685e+07
 %%% EVENT 835000 NTRACKS 17 TOTAL NTRACKS 1.67887e+07
 %%% EVENT 836000 NTRACKS 16 TOTAL NTRACKS 1.68085e+07
 %%% EVENT 837000 NTRACKS 38 TOTAL NTRACKS 1.68286e+07
 %%% EVENT 838000 NTRACKS 29 TOTAL NTRACKS 1.6849e+07
 %%% EVENT 839000 NTRACKS 19 TOTAL NTRACKS 1.68693e+07
 %%% EVENT 840000 NTRACKS 19 TOTAL NTRACKS 1.68893e+07
 %%% EVENT 841000 NTRACKS 17 TOTAL NTRACKS 1.69098e+07
 %%% EVENT 842000 NTRACKS 23 TOTAL NTRACKS 1.693e+07
 %%% EVENT 843000 NTRACKS 24 TOTAL NTRACKS 1.69498e+07
 %%% EVENT 844000 NTRACKS 28 TOTAL NTRACKS 1.69704e+07
 %%% EVENT 845000 NTRACKS 28 TOTAL NTRACKS 1.69907e+07
 %%% EVENT 846000 NTRACKS 18 TOTAL NTRACKS 1.70115e+07
 %%% EVENT 847000 NTRACKS 13 TOTAL NTRACKS 1.70316e+07
 %%% EVENT 848000 NTRACKS 27 TOTAL NTRACKS 1.70522e+07
 %%% EVENT 849000 NTRACKS 18 TOTAL NTRACKS 1.7072e+07
 %%% EVENT 850000 NTRACKS 15 TOTAL NTRACKS 1.70922e+07
 %%% EVENT 851000 NTRACKS 16 TOTAL NTRACKS 1.71125e+07
 %%% EVENT 852000 NTRACKS 35 TOTAL NTRACKS 1.71326e+07
 %%% EVENT 853000 NTRACKS 25 TOTAL NTRACKS 1.71528e+07
 %%% EVENT 854000 NTRACKS 17 TOTAL NTRACKS 1.71727e+07
 %%% EVENT 855000 NTRACKS 17 TOTAL NTRACKS 1.71932e+07
 %%% EVENT 856000 NTRACKS 46 TOTAL NTRACKS 1.72136e+07
 %%% EVENT 857000 NTRACKS 24 TOTAL NTRACKS 1.72334e+07
 %%% EVENT 858000 NTRACKS 11 TOTAL NTRACKS 1.72532e+07
 %%% EVENT 859000 NTRACKS 17 TOTAL NTRACKS 1.72737e+07
 %%% EVENT 860000 NTRACKS 11 TOTAL NTRACKS 1.72938e+07
 %%% EVENT 861000 NTRACKS 27 TOTAL NTRACKS 1.73142e+07
 %%% EVENT 862000 NTRACKS 25 TOTAL NTRACKS 1.73343e+07
 %%% EVENT 863000 NTRACKS 30 TOTAL NTRACKS 1.73542e+07
 %%% EVENT 864000 NTRACKS 16 TOTAL NTRACKS 1.73742e+07
 %%% EVENT 865000 NTRACKS 27 TOTAL NTRACKS 1.73945e+07
 %%% EVENT 866000 NTRACKS 14 TOTAL NTRACKS 1.74149e+07
 %%% EVENT 867000 NTRACKS 21 TOTAL NTRACKS 1.74353e+07
 %%% EVENT 868000 NTRACKS 19 TOTAL NTRACKS 1.74552e+07
 %%% EVENT 869000 NTRACKS 30 TOTAL NTRACKS 1.74752e+07
 %%% EVENT 870000 NTRACKS 38 TOTAL NTRACKS 1.74953e+07
 %%% EVENT 871000 NTRACKS 18 TOTAL NTRACKS 1.75158e+07
 %%% EVENT 872000 NTRACKS 12 TOTAL NTRACKS 1.75356e+07
 %%% EVENT 873000 NTRACKS 21 TOTAL NTRACKS 1.7556e+07
 %%% EVENT 874000 NTRACKS 22 TOTAL NTRACKS 1.75763e+07
 %%% EVENT 875000 NTRACKS 37 TOTAL NTRACKS 1.75962e+07
 %%% EVENT 876000 NTRACKS 18 TOTAL NTRACKS 1.76159e+07
 %%% EVENT 877000 NTRACKS 31 TOTAL NTRACKS 1.76364e+07
 %%% EVENT 878000 NTRACKS 29 TOTAL NTRACKS 1.76564e+07
 %%% EVENT 879000 NTRACKS 25 TOTAL NTRACKS 1.76762e+07
 %%% EVENT 880000 NTRACKS 21 TOTAL NTRACKS 1.76968e+07
 %%% EVENT 881000 NTRACKS 13 TOTAL NTRACKS 1.77169e+07
 %%% EVENT 882000 NTRACKS 12 TOTAL NTRACKS 1.77371e+07
 %%% EVENT 883000 NTRACKS 37 TOTAL NTRACKS 1.77574e+07
 %%% EVENT 884000 NTRACKS 20 TOTAL NTRACKS 1.77773e+07
 %%% EVENT 885000 NTRACKS 17 TOTAL NTRACKS 1.77978e+07
 %%% EVENT 886000 NTRACKS 23 TOTAL NTRACKS 1.78183e+07
 %%% EVENT 887000 NTRACKS 17 TOTAL NTRACKS 1.78383e+07
 %%% EVENT 888000 NTRACKS 19 TOTAL NTRACKS 1.78585e+07
 %%% EVENT 889000 NTRACKS 23 TOTAL NTRACKS 1.78784e+07
 %%% EVENT 890000 NTRACKS 24 TOTAL NTRACKS 1.78983e+07
 %%% EVENT 891000 NTRACKS 15 TOTAL NTRACKS 1.79181e+07
 %%% EVENT 892000 NTRACKS 20 TOTAL NTRACKS 1.79384e+07
 %%% EVENT 893000 NTRACKS 8 TOTAL NTRACKS 1.7958e+07
 %%% EVENT 894000 NTRACKS 9 TOTAL NTRACKS 1.79779e+07
 %%% EVENT 895000 NTRACKS 29 TOTAL NTRACKS 1.79981e+07
 %%% EVENT 896000 NTRACKS 23 TOTAL NTRACKS 1.80183e+07
 %%% EVENT 897000 NTRACKS 27 TOTAL NTRACKS 1.80384e+07
 %%% EVENT 898000 NTRACKS 18 TOTAL NTRACKS 1.80583e+07
 %%% EVENT 899000 NTRACKS 28 TOTAL NTRACKS 1.80783e+07
 %%% EVENT 900000 NTRACKS 33 TOTAL NTRACKS 1.80987e+07
 %%% EVENT 901000 NTRACKS 18 TOTAL NTRACKS 1.81188e+07
 %%% EVENT 902000 NTRACKS 23 TOTAL NTRACKS 1.81389e+07
 %%% EVENT 903000 NTRACKS 25 TOTAL NTRACKS 1.81587e+07
 %%% EVENT 904000 NTRACKS 7 TOTAL NTRACKS 1.8179e+07
 %%% EVENT 905000 NTRACKS 26 TOTAL NTRACKS 1.81992e+07
 %%% EVENT 906000 NTRACKS 12 TOTAL NTRACKS 1.82192e+07
 %%% EVENT 907000 NTRACKS 16 TOTAL NTRACKS 1.82391e+07
 %%% EVENT 908000 NTRACKS 19 TOTAL NTRACKS 1.8259e+07
 %%% EVENT 909000 NTRACKS 6 TOTAL NTRACKS 1.8279e+07
 %%% EVENT 910000 NTRACKS 10 TOTAL NTRACKS 1.8299e+07
 %%% EVENT 911000 NTRACKS 15 TOTAL NTRACKS 1.83188e+07
 %%% EVENT 912000 NTRACKS 21 TOTAL NTRACKS 1.83387e+07
 %%% EVENT 913000 NTRACKS 35 TOTAL NTRACKS 1.83585e+07
 %%% EVENT 914000 NTRACKS 22 TOTAL NTRACKS 1.83786e+07
 %%% EVENT 915000 NTRACKS 23 TOTAL NTRACKS 1.83984e+07
 %%% EVENT 916000 NTRACKS 36 TOTAL NTRACKS 1.84183e+07
 %%% EVENT 917000 NTRACKS 25 TOTAL NTRACKS 1.84387e+07
 %%% EVENT 918000 NTRACKS 20 TOTAL NTRACKS 1.84586e+07
 %%% EVENT 919000 NTRACKS 34 TOTAL NTRACKS 1.84785e+07
 %%% EVENT 920000 NTRACKS 14 TOTAL NTRACKS 1.84989e+07
 %%% EVENT 921000 NTRACKS 30 TOTAL NTRACKS 1.85187e+07
 %%% EVENT 922000 NTRACKS 19 TOTAL NTRACKS 1.85385e+07
 %%% EVENT 923000 NTRACKS 13 TOTAL NTRACKS 1.8559e+07
 %%% EVENT 924000 NTRACKS 22 TOTAL NTRACKS 1.85792e+07
 %%% EVENT 925000 NTRACKS 15 TOTAL NTRACKS 1.85991e+07
 %%% EVENT 926000 NTRACKS 7 TOTAL NTRACKS 1.86195e+07
 %%% EVENT 927000 NTRACKS 13 TOTAL NTRACKS 1.86396e+07
 %%% EVENT 928000 NTRACKS 13 TOTAL NTRACKS 1.86596e+07
 %%% EVENT 929000 NTRACKS 17 TOTAL NTRACKS 1.86792e+07
 %%% EVENT 930000 NTRACKS 22 TOTAL NTRACKS 1.86993e+07
 %%% EVENT 931000 NTRACKS 28 TOTAL NTRACKS 1.87191e+07
 %%% EVENT 932000 NTRACKS 25 TOTAL NTRACKS 1.87394e+07
 %%% EVENT 933000 NTRACKS 33 TOTAL NTRACKS 1.8759e+07
 %%% EVENT 934000 NTRACKS 15 TOTAL NTRACKS 1.87794e+07
 %%% EVENT 935000 NTRACKS 13 TOTAL NTRACKS 1.87997e+07
 %%% EVENT 936000 NTRACKS 17 TOTAL NTRACKS 1.88201e+07
 %%% EVENT 937000 NTRACKS 18 TOTAL NTRACKS 1.88404e+07
 %%% EVENT 938000 NTRACKS 12 TOTAL NTRACKS 1.88606e+07
 %%% EVENT 939000 NTRACKS 24 TOTAL NTRACKS 1.88808e+07
 %%% EVENT 940000 NTRACKS 9 TOTAL NTRACKS 1.89011e+07
 %%% EVENT 941000 NTRACKS 23 TOTAL NTRACKS 1.8921e+07
 %%% EVENT 942000 NTRACKS 19 TOTAL NTRACKS 1.89404e+07
 %%% EVENT 943000 NTRACKS 26 TOTAL NTRACKS 1.89603e+07
 %%% EVENT 944000 NTRACKS 18 TOTAL NTRACKS 1.89803e+07
 %%% EVENT 945000 NTRACKS 20 TOTAL NTRACKS 1.90008e+07
 %%% EVENT 946000 NTRACKS 28 TOTAL NTRACKS 1.90214e+07
 %%% EVENT 947000 NTRACKS 8 TOTAL NTRACKS 1.90413e+07
 %%% EVENT 948000 NTRACKS 14 TOTAL NTRACKS 1.90618e+07
 %%% EVENT 949000 NTRACKS 25 TOTAL NTRACKS 1.90824e+07
 %%% EVENT 950000 NTRACKS 25 TOTAL NTRACKS 1.91025e+07
 %%% EVENT 951000 NTRACKS 23 TOTAL NTRACKS 1.91227e+07
 %%% EVENT 952000 NTRACKS 8 TOTAL NTRACKS 1.91426e+07
 %%% EVENT 953000 NTRACKS 32 TOTAL NTRACKS 1.91624e+07
 %%% EVENT 954000 NTRACKS 23 TOTAL NTRACKS 1.91828e+07
 %%% EVENT 955000 NTRACKS 19 TOTAL NTRACKS 1.92031e+07
 %%% EVENT 956000 NTRACKS 22 TOTAL NTRACKS 1.92232e+07
 %%% EVENT 957000 NTRACKS 13 TOTAL NTRACKS 1.92433e+07
 %%% EVENT 958000 NTRACKS 5 TOTAL NTRACKS 1.92633e+07
 %%% EVENT 959000 NTRACKS 21 TOTAL NTRACKS 1.92834e+07
 %%% EVENT 960000 NTRACKS 13 TOTAL NTRACKS 1.93033e+07
 %%% EVENT 961000 NTRACKS 20 TOTAL NTRACKS 1.93235e+07
 %%% EVENT 962000 NTRACKS 14 TOTAL NTRACKS 1.93437e+07
 %%% EVENT 963000 NTRACKS 19 TOTAL NTRACKS 1.93632e+07
 %%% EVENT 964000 NTRACKS 26 TOTAL NTRACKS 1.93832e+07
 %%% EVENT 965000 NTRACKS 39 TOTAL NTRACKS 1.94033e+07
 %%% EVENT 966000 NTRACKS 21 TOTAL NTRACKS 1.94235e+07
 %%% EVENT 967000 NTRACKS 19 TOTAL NTRACKS 1.94438e+07
 %%% EVENT 968000 NTRACKS 12 TOTAL NTRACKS 1.94635e+07
 %%% EVENT 969000 NTRACKS 27 TOTAL NTRACKS 1.94833e+07
 %%% EVENT 970000 NTRACKS 21 TOTAL NTRACKS 1.95034e+07
 %%% EVENT 971000 NTRACKS 24 TOTAL NTRACKS 1.95237e+07
 %%% EVENT 972000 NTRACKS 7 TOTAL NTRACKS 1.95436e+07
 %%% EVENT 973000 NTRACKS 17 TOTAL NTRACKS 1.95642e+07
 %%% EVENT 974000 NTRACKS 29 TOTAL NTRACKS 1.95842e+07
 %%% EVENT 975000 NTRACKS 21 TOTAL NTRACKS 1.96042e+07
 %%% EVENT 976000 NTRACKS 19 TOTAL NTRACKS 1.96246e+07
 %%% EVENT 977000 NTRACKS 12 TOTAL NTRACKS 1.9645e+07
 %%% EVENT 978000 NTRACKS 17 TOTAL NTRACKS 1.96652e+07
 %%% EVENT 979000 NTRACKS 15 TOTAL NTRACKS 1.96853e+07
 %%% EVENT 980000 NTRACKS 23 TOTAL NTRACKS 1.97055e+07
 %%% EVENT 981000 NTRACKS 17 TOTAL NTRACKS 1.97251e+07
 %%% EVENT 982000 NTRACKS 5 TOTAL NTRACKS 1.97449e+07
 %%% EVENT 983000 NTRACKS 18 TOTAL NTRACKS 1.97646e+07
 %%% EVENT 984000 NTRACKS 16 TOTAL NTRACKS 1.97847e+07
 %%% EVENT 985000 NTRACKS 31 TOTAL NTRACKS 1.9805e+07
 %%% EVENT 986000 NTRACKS 1 TOTAL NTRACKS 1.98251e+07
 %%% EVENT 987000 NTRACKS 17 TOTAL NTRACKS 1.9845e+07
 %%% EVENT 988000 NTRACKS 21 TOTAL NTRACKS 1.98651e+07
 %%% EVENT 989000 NTRACKS 35 TOTAL NTRACKS 1.98851e+07
 %%% EVENT 990000 NTRACKS 19 TOTAL NTRACKS 1.99053e+07
 %%% EVENT 991000 NTRACKS 17 TOTAL NTRACKS 1.99246e+07
 %%% EVENT 992000 NTRACKS 6 TOTAL NTRACKS 1.99449e+07
 %%% EVENT 993000 NTRACKS 14 TOTAL NTRACKS 1.9965e+07
 %%% EVENT 994000 NTRACKS 38 TOTAL NTRACKS 1.99852e+07
 %%% EVENT 995000 NTRACKS 12 TOTAL NTRACKS 2.00057e+07
 %%% EVENT 996000 NTRACKS 24 TOTAL NTRACKS 2.00257e+07
 %%% EVENT 997000 NTRACKS 13 TOTAL NTRACKS 2.00458e+07
 %%% EVENT 998000 NTRACKS 20 TOTAL NTRACKS 2.00658e+07
 %%% EVENT 999000 NTRACKS 18 TOTAL NTRACKS 2.00858e+07
 Run terminated.
Run Summary
  Number of events processed : 1000000
  User=204.260000s Real=204.826925s Sys=0.070000s
@@@@ GmCountProcessesUA
 PART_COUNT: e+ = 906225
 PART_COUNT: e- = 14999634
 PART_COUNT: gamma = 4200150
 PROC_COUNT e+ : Transportation = 10
 PROC_COUNT e+ : annihil = 906300
 PROC_COUNT e+ : eBrem = 10808
 PROC_COUNT e+ : eBrem_NoSeco = 281
 PROC_COUNT e+ : eIoni = 23680
 PROC_COUNT e+ : eIoni_NoSeco = 1021742
 PROC_COUNT e+ : msc = 111
 PROC_COUNT e+ : ALL = 1.96293e+06
 PROC_COUNT e- : Transportation = 57368
 PROC_COUNT e- : eBrem = 193758
 PROC_COUNT e- : eBrem_NoSeco = 9691
 PROC_COUNT e- : eIoni = 320281
 PROC_COUNT e- : eIoni_NoSeco = 16121433
 PROC_COUNT e- : msc = 638293
 PROC_COUNT e- : ALL = 1.73408e+07
 PROC_COUNT gamma : Rayl = 609485
 PROC_COUNT gamma : Transportation = 9589742
 PROC_COUNT gamma : compt = 11718772
 PROC_COUNT gamma : conv = 1274
 PROC_COUNT gamma : phot = 2990529
PROC_COUNT gamma : ALL = 2.49098e+07
PROC_CREATOR_COUNT e+ : Primary = 904951
PROC_CREATOR_COUNT e+ : conv = 1274
PROC_CREATOR_COUNT e- : compt = 11663753
PROC_CREATOR_COUNT e- : conv = 1274
PROC_CREATOR_COUNT e- : eIoni = 343961
PROC_CREATOR_COUNT e- : phot = 2990646
PROC_CREATOR_COUNT gamma : Primary = 999572
PROC_CREATOR_COUNT gamma : annihil = 1812450
PROC_CREATOR_COUNT gamma : eBrem = 204566
PROC_CREATOR_COUNT gamma : phot = 1183562

 $$$$$$$$$$ Classification of Gamma Interactions in SD $$$$$$$$ 
 $$GSD: n Events      : 1e+06
 $$GSD: n gamma in SD : 1354978 : 67.7489 % 
 $$GSD:  n PE         : 1290261 : 95.2238 % 
 $$GSD:    PE 0 COMP    : 788840 : 61.138 % 
 $$GSD:    PE 1 COMP    : 280671 : 21.753 % 
 $$GSD:    PE 2 COMP    : 133481 : 10.3453 % 
 $$GSD:    PE >2 COMP   : 79939 : 6.19557 % 
 $$GSD: No PE 0 COMP    : 28204 : 43.5805 % 
 $$GSD: No PE 1 COMP    : 25336 : 39.1489 % 
 $$GSD: No PE 2 COMP    : 8629 : 13.3334 % 
 $$GSD: No PE >2 COMP   : 2548 : 3.93714 % 
 $$GSD:  n COMP       : 530604 : 39.1596 % 
 $$GSD:    1 COMP       : 306007 : 57.6714 % 
 $$GSD:    2 COMP       : 142110 : 26.7827 % 
 $$GSD:    >2 COMP      : 82487 : 15.5459 % 
 $$GSD: nCOMP/gamma     : 0.644711
 $$GSD: n RAYL        : 112344 : 8.2912 % 
 $$GSD: n CONV        : 945 : 0.0697428 % 
 $$GSD:  0 Gamma in event : 178114 : 17.8114 % 
 $$GSD:  1 Gamma in event : 394869 : 39.4869 % 
 $$GSD:  2 Gamma in event : 320942 : 32.0942 % 
 $$GSD:  >2 Gamma in event : 106075 : 10.6075 % 
     0 Gamma 106075 : 10.6075 % 
0 events have been kept for refreshing and/or reviewing.
  "/vis/reviewKeptEvents" to review them one by one.
  "/vis/enable", then "/vis/viewer/flush" or "/vis/viewer/rebuild" to see them accumulated.
