/control/execute exercise1a.in
/tracking/verbose 1
/gamos/setParam GmGeometryFromText:FileName pet.geom
/gamos/geometry GmGeometryFromText
/gamos/physicsList GmEMPhysics
GmEMPhysics PhysicsList:DEFAULT = gamma-standard is registered
GmEMPhysics PhysicsList: DEFAULT = electron-standard is registered
GmEMPhysics PhysicsList: DEFAULT = positron-standard is registered
/gamos/generator GmGenerator
/run/initialize
/gamos/generator/addSingleParticleSource source gamma 511*keV
/gamos/generator/directionDist source GmGenerDistDirectionConst 1. 0. 0.
/control/execute ../../../examples/visVRML2FILE.in
/vis/scene/create
/vis/open VRML2FILE
Issue /vis/viewer/refresh or flush to see effect.
/vis/viewer/flush
G4Scene::AddWorldIfEmpty: The scene was empty of run-duration models.
  "world" has been added.
/vis/viewer/set/viewpointThetaPhi 10 120 deg
Issue /vis/viewer/refresh or flush to see effect.
/vis/viewer/zoom 1
Issue /vis/viewer/refresh or flush to see effect.
/vis/scene/add/trajectories
/tracking/storeTrajectory 1
Attributes available for modeling and filtering with
  "/vis/modeling/trajectories/create/drawByAttribute" and
  "/vis/filtering/trajectories/create/attributeFilter" commands:
G4TrajectoriesModel:
  Event ID (EventID): G4int
  Run ID (RunID): G4int
G4Trajectory:
  Charge (Ch): unit: e+ (G4double)
  Track ID (ID): G4int
  Initial kinetic energy (IKE): G4BestUnit (G4double)
  Initial momentum magnitude (IMag): G4BestUnit (G4double)
  Initial momentum (IMom): G4BestUnit (G4ThreeVector)
  No. of points (NTP): G4int
  PDG Encoding (PDG): G4int
  Parent ID (PID): G4int
  Particle Name (PN): G4String
G4TrajectoryPoint:
  Position (Pos): G4BestUnit (G4ThreeVector)
WARNING: Trajectory storing has been requested.  This action may be
  reversed with "/tracking/storeTrajectory 0".
/vis/scene/notifyHandlers
/vis/scene/endOfEventAction accumulate
WARNING: The vis manager will keep up to 100 events.
  This may use a lot of memory.
  It may be changed with, e.g., "/vis/scene/endOfEventAction accumulate 10".
/vis/viewer/update
/vis/viewer/flush
===========================================
Output VRML 2.0 file: g4_04.wrl
Maximum number of files in the destination directory: 100
  (Customizable with the environment variable: G4VRMLFILE_MAX_FILE_NUM) 
===========================================
*** VRML 2.0 File  g4_04.wrl  is generated.
MESSAGE from VRML2FILE driver:
    Set an environmental variable  G4VRMLFILE_VIEWER
    if you want to visualize the generated VRML file
    automatically.  For example, 
    setenv  G4VRMLFILE_VIEWER  vrwave 
ALSO you may change the file header with G4VRMLFILE_HEADER
    or the whole filename with G4VRMLFILE_FILE_NAME
/run/beamOn 10
=======================================================================
======                 Electromagnetic Physics Parameters      ========
=======================================================================
LPM effect enabled                                 1
Enable creation and use of sampling tables         0
Apply cuts on all EM processes                     0
Use general process                                0
Enable linear polarisation for gamma               0
Enable sampling of quantum entanglement            0
X-section factor for integral approach             0.8
Min kinetic energy for tables                      100 eV 
Max kinetic energy for tables                      100 TeV
Number of bins per decade of a table               7
Verbose level                                      1
Verbose level for worker thread                    0
Bremsstrahlung energy threshold above which 
  primary e+- is added to the list of secondary    100 TeV
Bremsstrahlung energy threshold above which primary
  muon/hadron is added to the list of secondary    100 TeV
Lowest triplet kinetic energy                      1 MeV
Enable sampling of gamma linear polarisation       0
5D gamma conversion model type                     0
5D gamma conversion model on isolated ion          0
Livermore data directory                           livermore
=======================================================================
======                 Ionisation Parameters                   ========
=======================================================================
Step function for e+-                              (0.2, 1 mm)
Step function for muons/hadrons                    (0.2, 0.1 mm)
Step function for light ions                       (0.2, 0.1 mm)
Step function for general ions                     (0.2, 0.1 mm)
Lowest e+e- kinetic energy                         1 keV
Lowest muon/hadron kinetic energy                  1 keV
Fluctuations of dE/dx are enabled                  1
Use ICRU90 data                                    0
Use built-in Birks satuaration                     0
Build CSDA range enabled                           0
Use cut as a final range enabled                   0
Enable angular generator interface                 0
Max kinetic energy for CSDA tables                 1 GeV
Max kinetic energy for NIEL computation            0 eV 
Linear loss limit                                  0.01
Read data from file for e+e- pair production by mu 0
=======================================================================
======                 Multiple Scattering Parameters          ========
=======================================================================
Type of msc step limit algorithm for e+-           1
Type of msc step limit algorithm for muons/hadrons 0
Msc lateral displacement for e+- enabled           1
Msc lateral displacement for muons and hadrons     0
Urban msc model lateral displacement alg96         1
Range factor for msc step limit for e+-            0.04
Range factor for msc step limit for muons/hadrons  0.2
Geometry factor for msc step limitation of e+-     2.5
Safety factor for msc step limit for e+-           0.6
Skin parameter for msc step limitation of e+-      1
Lambda limit for msc step limit for e+-            1 mm
Use Mott correction for e- scattering              0
Factor used for dynamic computation of angular 
  limit between single and multiple scattering     1
Fixed angular limit between single 
  and multiple scattering                          3.1416 rad
Upper energy limit for e+- multiple scattering     100 MeV
Type of electron single scattering model           0
Type of nuclear form-factor                        1
Screening factor                                   1
=======================================================================

### ===  Deexcitation model UAtomDeexcitation is activated for 1 region:
          DefaultRegionForTheWorld  1  1  0
### ===  Auger flag: 1
### ===  Ignore cuts flag:   0

phot:  for gamma SubType=12 BuildTable=0
      LambdaPrime table from 200 keV to 100 TeV in 61 bins 
      ===== EM models for the G4Region  DefaultRegionForTheWorld ======
       PhotoElectric : Emin=    0 eV  Emax=  100 TeV  SauterGavrila Fluo

compt:  for gamma SubType=13 BuildTable=1
      Lambda table from 100 eV  to 1 MeV, 7 bins/decade, spline: 1
      LambdaPrime table from 1 MeV to 100 TeV in 56 bins 
      ===== EM models for the G4Region  DefaultRegionForTheWorld ======
       Klein-Nishina : Emin=    0 eV  Emax=  100 TeV

conv:  for gamma SubType=14 BuildTable=1
      Lambda table from 1.022 MeV to 100 TeV, 18 bins/decade, spline: 1
      ===== EM models for the G4Region  DefaultRegionForTheWorld ======
     BetheHeitlerLPM : Emin=    0 eV  Emax=  100 TeV  ModifiedTsai

Rayl:  for gamma SubType=11 BuildTable=1
      Lambda table from 100 eV  to 100 keV, 7 bins/decade, spline: 0
      LambdaPrime table from 100 keV to 100 TeV in 63 bins 
      ===== EM models for the G4Region  DefaultRegionForTheWorld ======
   LivermoreRayleigh : Emin=    0 eV  Emax=  100 TeV  CullenGenerator

msc:  for e-  SubType= 10
      ===== EM models for the G4Region  DefaultRegionForTheWorld ======
            UrbanMsc : Emin=    0 eV  Emax=  100 TeV Nbins=84 100 eV  - 100 TeV
          StepLim=UseSafety Rfact=0.04 Gfact=2.5 Sfact=0.6 DispFlag:1 Skin=1 Llim=1 mm

eIoni:  for e-  XStype:1  SubType=2
      dE/dx and range tables from 100 eV  to 100 TeV in 84 bins
      Lambda tables from threshold to 100 TeV, 7 bins/decade, spline: 1
      StepFunction=(0.2, 1 mm), integ: 1, fluct: 1, linLossLim= 0.01
      ===== EM models for the G4Region  DefaultRegionForTheWorld ======
        MollerBhabha : Emin=    0 eV  Emax=  100 TeV

eBrem:  for e-  XStype:4  SubType=3
      dE/dx and range tables from 100 eV  to 100 TeV in 84 bins
      Lambda tables from threshold to 100 TeV, 7 bins/decade, spline: 1
      LPM flag: 1 for E > 1 GeV,  VertexHighEnergyTh(GeV)= 100000
      ===== EM models for the G4Region  DefaultRegionForTheWorld ======
             eBremSB : Emin=    0 eV  Emax=    1 GeV  ModifiedTsai
            eBremLPM : Emin=    1 GeV Emax=  100 TeV  ModifiedTsai

msc:  for e+  SubType= 10
      ===== EM models for the G4Region  DefaultRegionForTheWorld ======
            UrbanMsc : Emin=    0 eV  Emax=  100 TeV Nbins=84 100 eV  - 100 TeV
          StepLim=UseSafety Rfact=0.04 Gfact=2.5 Sfact=0.6 DispFlag:1 Skin=1 Llim=1 mm

eIoni:  for e+  XStype:1  SubType=2
      dE/dx and range tables from 100 eV  to 100 TeV in 84 bins
      Lambda tables from threshold to 100 TeV, 7 bins/decade, spline: 1
      StepFunction=(0.2, 1 mm), integ: 1, fluct: 1, linLossLim= 0.01
      ===== EM models for the G4Region  DefaultRegionForTheWorld ======
        MollerBhabha : Emin=    0 eV  Emax=  100 TeV

========= Table of registered couples ============================

Index : 0     used in the geometry : Yes
 Material : G4_AIR
 Range cuts        :  gamma  100 um     e-  100 um     e+  100 um  proton 100 um 
 Energy thresholds :  gamma  990 eV     e-  990 eV     e+  990 eV  proton -1 MeV
 Region(s) which use this couple : 
    DefaultRegionForTheWorld

Index : 1     used in the geometry : Yes
 Material : G4_Al
 Range cuts        :  gamma  100 um     e-  100 um     e+  100 um  proton 100 um 
 Energy thresholds :  gamma  2.34157 keV    e-  131.218 keV    e+  128.746 keV proton -1 MeV
 Region(s) which use this couple : 
    DefaultRegionForTheWorld

Index : 2     used in the geometry : Yes
 Material : LSO
 Range cuts        :  gamma  100 um     e-  100 um     e+  100 um  proton 100 um 
 Energy thresholds :  gamma  15.1371 keV    e-  206.06 keV    e+  200.344 keV proton -1 MeV
 Region(s) which use this couple : 
    DefaultRegionForTheWorld

Index : 3     used in the geometry : Yes
 Material : G4_WATER
 Range cuts        :  gamma  100 um     e-  100 um     e+  100 um  proton 100 um 
 Energy thresholds :  gamma  1.11075 keV    e-  85.0445 keV    e+  83.9021 keV proton -1 MeV
 Region(s) which use this couple : 
    DefaultRegionForTheWorld

==================================================================

/vis/scene/notifyHandlers scene-0
G4VisManager: Using G4TrajectoryDrawByCharge as fallback trajectory model.
See commands in /vis/modeling/trajectories/ for other options.
### Run 0 starts.

*********************************************************************************************************
* G4Track Information:   Particle = gamma,   Track ID = 1,   Parent ID = 0
*********************************************************************************************************

Step#    X(mm)    Y(mm)    Z(mm) KinE(MeV)  dE(MeV) StepLeng TrackLeng  NextVolume ProcName
    0        0        0        0     0.511        0        0         0 water sphere initStep
    1     50.1        0        0     0.451        0     50.1      50.1 water sphere compt
    2     65.3     1.47     8.58     0.176        0     17.5      67.6 water sphere compt
    3     17.5     41.2    -59.3         0 0.000543       92       160 water sphere phot

*********************************************************************************************************
* G4Track Information:   Particle = e-,   Track ID = 4,   Parent ID = 1
*********************************************************************************************************

Step#    X(mm)    Y(mm)    Z(mm) KinE(MeV)  dE(MeV) StepLeng TrackLeng  NextVolume ProcName
    0     17.5     41.2    -59.3     0.175        0        0         0 water sphere initStep
    1     17.4     41.3    -59.4         0    0.175    0.365     0.365 water sphere eIoni

*********************************************************************************************************
* G4Track Information:   Particle = e-,   Track ID = 3,   Parent ID = 1
*********************************************************************************************************

Step#    X(mm)    Y(mm)    Z(mm) KinE(MeV)  dE(MeV) StepLeng TrackLeng  NextVolume ProcName
    0     65.3     1.47     8.58     0.276        0        0         0 water sphere initStep
    1     65.6     1.44     8.82         0    0.276    0.752     0.752 water sphere eIoni

*********************************************************************************************************
* G4Track Information:   Particle = e-,   Track ID = 2,   Parent ID = 1
*********************************************************************************************************

Step#    X(mm)    Y(mm)    Z(mm) KinE(MeV)  dE(MeV) StepLeng TrackLeng  NextVolume ProcName
    0     50.1        0        0    0.0596        0        0         0 water sphere initStep
    1     50.1 -0.00449  -0.0262         0   0.0596   0.0592    0.0592 water sphere eIoni
===========================================
Output VRML 2.0 file: g4_05.wrl
Maximum number of files in the destination directory: 100
  (Customizable with the environment variable: G4VRMLFILE_MAX_FILE_NUM) 
===========================================

*********************************************************************************************************
* G4Track Information:   Particle = gamma,   Track ID = 1,   Parent ID = 0
*********************************************************************************************************

Step#    X(mm)    Y(mm)    Z(mm) KinE(MeV)  dE(MeV) StepLeng TrackLeng  NextVolume ProcName
    0        0        0        0     0.511        0        0         0 water sphere initStep
    1     41.7        0        0     0.176        0     41.7      41.7 water sphere compt
    2     27.8    -3.04    -6.11      0.11        0     15.5      57.1 water sphere compt
    3     61.2     -3.6     64.1    0.0926        0     77.8       135 water sphere compt
    4     82.3    -29.7     58.4    0.0837        0       34       169 water sphere compt
    5     84.5    -29.5     59.5    0.0639        0     2.56       171 water sphere compt
    6     72.7    -37.9     52.3     0.052        0     16.2       188 water sphere compt
    7     93.3    -23.3     48.8     0.052        0     25.5       213 water sphere Rayl
    8      110     6.29     42.3    0.0478        0     34.6       248 water sphere compt
    9     82.9     35.2       70    0.0405        0     48.5       296 water sphere compt
   10      177     2.37    -9.79    0.0398        0      128       424 water sphere compt
   11      188    -27.9    -57.9    0.0356        0     57.7       482 water sphere compt
   12      186    -23.8    -57.9    0.0328        0     4.57       487 water sphere compt
   13      191    -22.5    -53.8    0.0328        0     7.04       494       world Transportation
   14      497     50.6      169    0.0328        0      386       880 CrystalRing Transportation
   15      550     63.1      208    0.0328        0     65.9       945 CrystalBlock Transportation
   16      550     63.1      208    0.0328        0    0.315       946     Crystal Transportation
   17      550     63.2      208         0   0.0109   0.0972       946     Crystal phot

*********************************************************************************************************
* G4Track Information:   Particle = e-,   Track ID = 13,   Parent ID = 1
*********************************************************************************************************

Step#    X(mm)    Y(mm)    Z(mm) KinE(MeV)  dE(MeV) StepLeng TrackLeng  NextVolume ProcName
    0      550     63.2      208    0.0219        0        0         0     Crystal initStep
    1      550     63.2      208         0   0.0219  0.00267   0.00267     Crystal eIoni

*********************************************************************************************************
* G4Track Information:   Particle = e-,   Track ID = 12,   Parent ID = 1
*********************************************************************************************************

Step#    X(mm)    Y(mm)    Z(mm) KinE(MeV)  dE(MeV) StepLeng TrackLeng  NextVolume ProcName
    0      186    -23.8    -57.9   0.00277        0        0         0 water sphere initStep
    1      186    -23.8    -57.9         0  0.00277 0.000285  0.000285 water sphere eIoni

*********************************************************************************************************
* G4Track Information:   Particle = e-,   Track ID = 11,   Parent ID = 1
*********************************************************************************************************

Step#    X(mm)    Y(mm)    Z(mm) KinE(MeV)  dE(MeV) StepLeng TrackLeng  NextVolume ProcName
    0      188    -27.9    -57.9   0.00426        0        0         0 water sphere initStep
    1      188    -27.9    -57.9         0  0.00426 0.000586  0.000586 water sphere eIoni

*********************************************************************************************************
* G4Track Information:   Particle = e-,   Track ID = 10,   Parent ID = 1
*********************************************************************************************************

Step#    X(mm)    Y(mm)    Z(mm) KinE(MeV)  dE(MeV) StepLeng TrackLeng  NextVolume ProcName
    0      177     2.37    -9.79  0.000675        0        0         0 water sphere initStep
    1      177     2.37    -9.79         0 0.000675 3.35e-05  3.35e-05 water sphere eIoni

*********************************************************************************************************
* G4Track Information:   Particle = e-,   Track ID = 9,   Parent ID = 1
*********************************************************************************************************

Step#    X(mm)    Y(mm)    Z(mm) KinE(MeV)  dE(MeV) StepLeng TrackLeng  NextVolume ProcName
    0     82.9     35.2       70   0.00729        0        0         0 water sphere initStep
    1     82.9     35.2       70         0  0.00729  0.00147   0.00147 water sphere eIoni

*********************************************************************************************************
* G4Track Information:   Particle = e-,   Track ID = 8,   Parent ID = 1
*********************************************************************************************************

Step#    X(mm)    Y(mm)    Z(mm) KinE(MeV)  dE(MeV) StepLeng TrackLeng  NextVolume ProcName
    0      110     6.29     42.3   0.00423        0        0         0 water sphere initStep
    1      110     6.29     42.3         0  0.00423  0.00058   0.00058 water sphere eIoni

*********************************************************************************************************
* G4Track Information:   Particle = e-,   Track ID = 7,   Parent ID = 1
*********************************************************************************************************

Step#    X(mm)    Y(mm)    Z(mm) KinE(MeV)  dE(MeV) StepLeng TrackLeng  NextVolume ProcName
    0     72.7    -37.9     52.3    0.0119        0        0         0 water sphere initStep
    1     72.7    -37.9     52.3         0   0.0119  0.00346   0.00346 water sphere eIoni

*********************************************************************************************************
* G4Track Information:   Particle = e-,   Track ID = 6,   Parent ID = 1
*********************************************************************************************************

Step#    X(mm)    Y(mm)    Z(mm) KinE(MeV)  dE(MeV) StepLeng TrackLeng  NextVolume ProcName
    0     84.5    -29.5     59.5    0.0198        0        0         0 water sphere initStep
    1     84.5    -29.5     59.5         0   0.0198  0.00849   0.00849 water sphere eIoni

*********************************************************************************************************
* G4Track Information:   Particle = e-,   Track ID = 5,   Parent ID = 1
*********************************************************************************************************

Step#    X(mm)    Y(mm)    Z(mm) KinE(MeV)  dE(MeV) StepLeng TrackLeng  NextVolume ProcName
    0     82.3    -29.7     58.4   0.00888        0        0         0 water sphere initStep
    1     82.3    -29.7     58.4         0  0.00888  0.00208   0.00208 water sphere eIoni

*********************************************************************************************************
* G4Track Information:   Particle = e-,   Track ID = 4,   Parent ID = 1
*********************************************************************************************************

Step#    X(mm)    Y(mm)    Z(mm) KinE(MeV)  dE(MeV) StepLeng TrackLeng  NextVolume ProcName
    0     61.2     -3.6     64.1    0.0176        0        0         0 water sphere initStep
    1     61.2    -3.59     64.1         0   0.0176  0.00689   0.00689 water sphere eIoni

*********************************************************************************************************
* G4Track Information:   Particle = e-,   Track ID = 3,   Parent ID = 1
*********************************************************************************************************

Step#    X(mm)    Y(mm)    Z(mm) KinE(MeV)  dE(MeV) StepLeng TrackLeng  NextVolume ProcName
    0     27.8    -3.04    -6.11    0.0662        0        0         0 water sphere initStep
    1     27.7    -3.05    -6.14         0   0.0662    0.071     0.071 water sphere eIoni

*********************************************************************************************************
* G4Track Information:   Particle = e-,   Track ID = 2,   Parent ID = 1
*********************************************************************************************************

Step#    X(mm)    Y(mm)    Z(mm) KinE(MeV)  dE(MeV) StepLeng TrackLeng  NextVolume ProcName
    0     41.7        0        0     0.335        0        0         0 water sphere initStep
    1     42.2   0.0278   0.0558         0    0.335     1.01      1.01 water sphere eIoni

*********************************************************************************************************
* G4Track Information:   Particle = gamma,   Track ID = 1,   Parent ID = 0
*********************************************************************************************************

Step#    X(mm)    Y(mm)    Z(mm) KinE(MeV)  dE(MeV) StepLeng TrackLeng  NextVolume ProcName
    0        0        0        0     0.511        0        0         0 water sphere initStep
    1     70.8        0        0     0.282        0     70.8      70.8 water sphere compt
    2     84.6    -69.8    -18.9     0.174        0     73.6       144 water sphere compt
    3     74.2    -69.3    -23.3     0.115        0     11.3       156 water sphere compt
    4      120    -15.2    -29.6     0.102        0     70.9       227 water sphere compt
    5      129    -17.4    -34.4    0.0826        0     10.6       237 water sphere compt
    6      137    -32.1     6.24    0.0717        0       44       281 water sphere compt
    7      100    -28.7     17.8    0.0657        0     39.2       320 water sphere compt
    8     98.5    -29.4     15.9    0.0535        0     2.64       323 water sphere compt
    9     97.8     9.27     97.1    0.0484        0       90       413 water sphere compt
   10      172    -2.98      103    0.0484        0     75.1       488       world Transportation
   11      497    -56.9      127    0.0484        0      331       819 CrystalRing Transportation
   12      550    -65.7      131    0.0484        0     53.9       873 CrystalBlock Transportation
   13      550    -65.7      131    0.0484        0    0.254       873     Crystal Transportation
   14      550    -65.7      131         0   0.0109   0.0166       873     Crystal phot

*********************************************************************************************************
* G4Track Information:   Particle = e-,   Track ID = 11,   Parent ID = 1
*********************************************************************************************************

Step#    X(mm)    Y(mm)    Z(mm) KinE(MeV)  dE(MeV) StepLeng TrackLeng  NextVolume ProcName
    0      550    -65.7      131    0.0375        0        0         0     Crystal initStep
    1      550    -65.7      131         0   0.0375  0.00657   0.00657     Crystal eIoni

*********************************************************************************************************
* G4Track Information:   Particle = e-,   Track ID = 10,   Parent ID = 1
*********************************************************************************************************

Step#    X(mm)    Y(mm)    Z(mm) KinE(MeV)  dE(MeV) StepLeng TrackLeng  NextVolume ProcName
    0     97.8     9.27     97.1   0.00512        0        0         0 water sphere initStep
    1     97.8     9.27     97.1         0  0.00512 0.000802  0.000802 water sphere eIoni

*********************************************************************************************************
* G4Track Information:   Particle = e-,   Track ID = 9,   Parent ID = 1
*********************************************************************************************************

Step#    X(mm)    Y(mm)    Z(mm) KinE(MeV)  dE(MeV) StepLeng TrackLeng  NextVolume ProcName
    0     98.5    -29.4     15.9    0.0122        0        0         0 water sphere initStep
    1     98.5    -29.4     15.9         0   0.0122  0.00362   0.00362 water sphere eIoni

*********************************************************************************************************
* G4Track Information:   Particle = e-,   Track ID = 8,   Parent ID = 1
*********************************************************************************************************

Step#    X(mm)    Y(mm)    Z(mm) KinE(MeV)  dE(MeV) StepLeng TrackLeng  NextVolume ProcName
    0      100    -28.7     17.8   0.00594        0        0         0 water sphere initStep
    1      100    -28.7     17.8         0  0.00594  0.00103   0.00103 water sphere eIoni

*********************************************************************************************************
* G4Track Information:   Particle = e-,   Track ID = 7,   Parent ID = 1
*********************************************************************************************************

Step#    X(mm)    Y(mm)    Z(mm) KinE(MeV)  dE(MeV) StepLeng TrackLeng  NextVolume ProcName
    0      137    -32.1     6.24    0.0109        0        0         0 water sphere initStep
    1      137    -32.1     6.24         0   0.0109  0.00298   0.00298 water sphere eIoni

*********************************************************************************************************
* G4Track Information:   Particle = e-,   Track ID = 6,   Parent ID = 1
*********************************************************************************************************

Step#    X(mm)    Y(mm)    Z(mm) KinE(MeV)  dE(MeV) StepLeng TrackLeng  NextVolume ProcName
    0      129    -17.4    -34.4    0.0193        0        0         0 water sphere initStep
    1      129    -17.4    -34.4         0   0.0193  0.00813   0.00813 water sphere eIoni

*********************************************************************************************************
* G4Track Information:   Particle = e-,   Track ID = 5,   Parent ID = 1
*********************************************************************************************************

Step#    X(mm)    Y(mm)    Z(mm) KinE(MeV)  dE(MeV) StepLeng TrackLeng  NextVolume ProcName
    0      120    -15.2    -29.6     0.013        0        0         0 water sphere initStep
    1      120    -15.2    -29.6         0    0.013  0.00405   0.00405 water sphere eIoni

*********************************************************************************************************
* G4Track Information:   Particle = e-,   Track ID = 4,   Parent ID = 1
*********************************************************************************************************

Step#    X(mm)    Y(mm)    Z(mm) KinE(MeV)  dE(MeV) StepLeng TrackLeng  NextVolume ProcName
    0     74.2    -69.3    -23.3    0.0593        0        0         0 water sphere initStep
    1     74.2    -69.3    -23.3         0   0.0593   0.0587    0.0587 water sphere eIoni

*********************************************************************************************************
* G4Track Information:   Particle = e-,   Track ID = 3,   Parent ID = 1
*********************************************************************************************************

Step#    X(mm)    Y(mm)    Z(mm) KinE(MeV)  dE(MeV) StepLeng TrackLeng  NextVolume ProcName
    0     84.6    -69.8    -18.9     0.108        0        0         0 water sphere initStep
    1     84.7    -69.9    -18.9         0    0.108    0.163     0.163 water sphere eIoni

*********************************************************************************************************
* G4Track Information:   Particle = e-,   Track ID = 2,   Parent ID = 1
*********************************************************************************************************

Step#    X(mm)    Y(mm)    Z(mm) KinE(MeV)  dE(MeV) StepLeng TrackLeng  NextVolume ProcName
    0     70.8        0        0     0.229        0        0         0 water sphere initStep
    1     71.1    0.148     0.04         0    0.229    0.562     0.562 water sphere eIoni

*********************************************************************************************************
* G4Track Information:   Particle = gamma,   Track ID = 1,   Parent ID = 0
*********************************************************************************************************

Step#    X(mm)    Y(mm)    Z(mm) KinE(MeV)  dE(MeV) StepLeng TrackLeng  NextVolume ProcName
    0        0        0        0     0.511        0        0         0 water sphere initStep
    1     42.2        0        0     0.179        0     42.2      42.2 water sphere compt
    2     41.7   0.0837    0.285     0.167        0    0.577      42.8 water sphere compt
    3     23.3    -12.5       17     0.103        0     27.8      70.6 water sphere compt
    4      183     2.13    -80.3     0.103        0      188       258       world Transportation
    5      499       31     -272     0.103        0      371       629 CrystalRing Transportation
    6      550     35.6     -303     0.103        0     59.5       689 CrystalBlock Transportation
    7      550     35.6     -303     0.103        0    0.294       689     Crystal Transportation
    8      550     35.7     -304         0   0.0104     0.34       689     Crystal phot

*********************************************************************************************************
* G4Track Information:   Particle = e-,   Track ID = 6,   Parent ID = 1
*********************************************************************************************************

Step#    X(mm)    Y(mm)    Z(mm) KinE(MeV)  dE(MeV) StepLeng TrackLeng  NextVolume ProcName
    0      550     35.7     -304    0.0394        0        0         0     Crystal initStep
    1      550     35.7     -304         0   0.0394  0.00712   0.00712     Crystal eIoni

*********************************************************************************************************
* G4Track Information:   Particle = gamma,   Track ID = 5,   Parent ID = 1
*********************************************************************************************************

Step#    X(mm)    Y(mm)    Z(mm) KinE(MeV)  dE(MeV) StepLeng TrackLeng  NextVolume ProcName
    0      550     35.7     -304    0.0531        0        0         0     Crystal initStep
    1      550     35.6     -304    0.0531        0     0.33      0.33 CrystalBlock Transportation
    2      550     35.5     -304    0.0531        0    0.285     0.614 CrystalRing Transportation
    3      500     18.7     -325    0.0531        0     57.1      57.7       world Transportation
    4   -1e+03     -484     -972    0.0531        0 1.71e+03  1.77e+03  OutOfWorld Transportation

*********************************************************************************************************
* G4Track Information:   Particle = e-,   Track ID = 4,   Parent ID = 1
*********************************************************************************************************

Step#    X(mm)    Y(mm)    Z(mm) KinE(MeV)  dE(MeV) StepLeng TrackLeng  NextVolume ProcName
    0     23.3    -12.5       17    0.0641        0        0         0 water sphere initStep
    1     23.3    -12.5       17         0   0.0641   0.0671    0.0671 water sphere eIoni

*********************************************************************************************************
* G4Track Information:   Particle = e-,   Track ID = 3,   Parent ID = 1
*********************************************************************************************************

Step#    X(mm)    Y(mm)    Z(mm) KinE(MeV)  dE(MeV) StepLeng TrackLeng  NextVolume ProcName
    0     41.7   0.0837    0.285    0.0119        0        0         0 water sphere initStep
    1     41.7   0.0853    0.285         0   0.0119  0.00345   0.00345 water sphere eIoni

*********************************************************************************************************
* G4Track Information:   Particle = e-,   Track ID = 2,   Parent ID = 1
*********************************************************************************************************

Step#    X(mm)    Y(mm)    Z(mm) KinE(MeV)  dE(MeV) StepLeng TrackLeng  NextVolume ProcName
    0     42.2        0        0     0.332        0        0         0 water sphere initStep
    1     42.7  -0.0206  -0.0702    0.0129    0.319        1         1 water sphere eIoni
    2     42.7  -0.0224  -0.0694         0   0.0129  0.00402      1.01 water sphere eIoni

*********************************************************************************************************
* G4Track Information:   Particle = gamma,   Track ID = 1,   Parent ID = 0
*********************************************************************************************************

Step#    X(mm)    Y(mm)    Z(mm) KinE(MeV)  dE(MeV) StepLeng TrackLeng  NextVolume ProcName
    0        0        0        0     0.511        0        0         0 water sphere initStep
    1     52.9        0        0      0.43        0     52.9      52.9 water sphere compt
    2     85.6    -8.08    -22.1      0.41        0     40.3      93.1 water sphere compt
    3      105    -4.63    -36.9     0.168        0     24.8       118 water sphere compt
    4      -21     15.6    -27.3     0.124        0      128       246 water sphere compt
    5    -24.5    0.835     -132    0.0922        0      106       352 water sphere compt
    6    -49.6     82.9     -103    0.0879        0     90.5       442 water sphere compt
    7     -110      114    -74.3    0.0716        0     73.9       516 water sphere compt
    8     -100     86.2    -53.3    0.0706        0     36.3       552 water sphere compt
    9     -105     61.3      -25    0.0702        0     37.9       590 water sphere compt
   10     -105     56.3    -21.8    0.0689        0     5.96       596 water sphere compt
   11     -102     41.6    -20.5    0.0683        0     15.2       611 water sphere compt
   12     -100     34.9    -22.3    0.0566        0     7.12       618 water sphere compt
   13     -113     59.8    -45.9    0.0526        0     36.6       655 water sphere compt
   14     -102     68.3    -49.7     0.045        0     14.3       669 water sphere compt
   15     -128     34.1    -78.5    0.0424        0     51.8       721 water sphere compt
   16     -165     57.7    -97.3    0.0424        0     47.6       769       world Transportation
   17     -441      235     -238    0.0424        0      357  1.13e+03 CrystalRing Transportation
   18     -454      243     -245    0.0424        0     16.6  1.14e+03       world Transportation
   19     -464      250     -250    0.0424        0     12.7  1.16e+03 CrystalRing Transportation
   20     -487      265     -262    0.0424        0     30.2  1.19e+03 CrystalBlock Transportation
   21     -488      265     -262    0.0424        0    0.273  1.19e+03     Crystal Transportation
   22     -488      265     -262    0.0424        0  0.00987  1.19e+03     Crystal Rayl
   23     -488      265     -262         0   0.0109    0.276  1.19e+03     Crystal phot

*********************************************************************************************************
* G4Track Information:   Particle = e-,   Track ID = 17,   Parent ID = 1
*********************************************************************************************************

Step#    X(mm)    Y(mm)    Z(mm) KinE(MeV)  dE(MeV) StepLeng TrackLeng  NextVolume ProcName
    0     -488      265     -262    0.0315        0        0         0     Crystal initStep
    1     -488      265     -262         0   0.0315  0.00489   0.00489     Crystal eIoni

*********************************************************************************************************
* G4Track Information:   Particle = e-,   Track ID = 16,   Parent ID = 1
*********************************************************************************************************

Step#    X(mm)    Y(mm)    Z(mm) KinE(MeV)  dE(MeV) StepLeng TrackLeng  NextVolume ProcName
    0     -128     34.1    -78.5   0.00269        0        0         0 water sphere initStep
    1     -128     34.1    -78.5         0  0.00269 0.000272  0.000272 water sphere eIoni

*********************************************************************************************************
* G4Track Information:   Particle = e-,   Track ID = 15,   Parent ID = 1
*********************************************************************************************************

Step#    X(mm)    Y(mm)    Z(mm) KinE(MeV)  dE(MeV) StepLeng TrackLeng  NextVolume ProcName
    0     -102     68.3    -49.7   0.00755        0        0         0 water sphere initStep
    1     -102     68.3    -49.7         0  0.00755  0.00156   0.00156 water sphere eIoni

*********************************************************************************************************
* G4Track Information:   Particle = e-,   Track ID = 14,   Parent ID = 1
*********************************************************************************************************

Step#    X(mm)    Y(mm)    Z(mm) KinE(MeV)  dE(MeV) StepLeng TrackLeng  NextVolume ProcName
    0     -113     59.8    -45.9   0.00401        0        0         0 water sphere initStep
    1     -113     59.8    -45.9         0  0.00401 0.000528  0.000528 water sphere eIoni

*********************************************************************************************************
* G4Track Information:   Particle = e-,   Track ID = 13,   Parent ID = 1
*********************************************************************************************************

Step#    X(mm)    Y(mm)    Z(mm) KinE(MeV)  dE(MeV) StepLeng TrackLeng  NextVolume ProcName
    0     -100     34.9    -22.3    0.0117        0        0         0 water sphere initStep
    1     -100     34.9    -22.3         0   0.0117  0.00336   0.00336 water sphere eIoni

*********************************************************************************************************
* G4Track Information:   Particle = e-,   Track ID = 12,   Parent ID = 1
*********************************************************************************************************

Step#    X(mm)    Y(mm)    Z(mm) KinE(MeV)  dE(MeV) StepLeng TrackLeng  NextVolume ProcName
    0     -102     41.6    -20.5   0.00058        0        0         0 water sphere initStep
    1     -102     41.6    -20.5         0  0.00058 2.74e-05  2.74e-05 water sphere eIoni

*********************************************************************************************************
* G4Track Information:   Particle = e-,   Track ID = 11,   Parent ID = 1
*********************************************************************************************************

Step#    X(mm)    Y(mm)    Z(mm) KinE(MeV)  dE(MeV) StepLeng TrackLeng  NextVolume ProcName
    0     -105     56.3    -21.8   0.00134        0        0         0 water sphere initStep
    1     -105     56.3    -21.8         0  0.00134 9.03e-05  9.03e-05 water sphere eIoni

*********************************************************************************************************
* G4Track Information:   Particle = e-,   Track ID = 10,   Parent ID = 1
*********************************************************************************************************

Step#    X(mm)    Y(mm)    Z(mm) KinE(MeV)  dE(MeV) StepLeng TrackLeng  NextVolume ProcName
    0     -105     61.3      -25   0.00042        0        0         0 water sphere initStep
    1     -105     61.3      -25         0  0.00042 1.83e-05  1.83e-05 water sphere eIoni

*********************************************************************************************************
* G4Track Information:   Particle = e-,   Track ID = 9,   Parent ID = 1
*********************************************************************************************************

Step#    X(mm)    Y(mm)    Z(mm) KinE(MeV)  dE(MeV) StepLeng TrackLeng  NextVolume ProcName
    0     -100     86.2    -53.3  0.000963        0        0         0 water sphere initStep
    1     -100     86.2    -53.3         0 0.000963  5.5e-05   5.5e-05 water sphere eIoni

*********************************************************************************************************
* G4Track Information:   Particle = e-,   Track ID = 8,   Parent ID = 1
*********************************************************************************************************

Step#    X(mm)    Y(mm)    Z(mm) KinE(MeV)  dE(MeV) StepLeng TrackLeng  NextVolume ProcName
    0     -110      114    -74.3    0.0163        0        0         0 water sphere initStep
    1     -110      114    -74.3         0   0.0163  0.00605   0.00605 water sphere eIoni

*********************************************************************************************************
* G4Track Information:   Particle = e-,   Track ID = 7,   Parent ID = 1
*********************************************************************************************************

Step#    X(mm)    Y(mm)    Z(mm) KinE(MeV)  dE(MeV) StepLeng TrackLeng  NextVolume ProcName
    0    -49.6     82.9     -103   0.00423        0        0         0 water sphere initStep
    1    -49.6     82.9     -103         0  0.00423 0.000579  0.000579 water sphere eIoni

*********************************************************************************************************
* G4Track Information:   Particle = e-,   Track ID = 6,   Parent ID = 1
*********************************************************************************************************

Step#    X(mm)    Y(mm)    Z(mm) KinE(MeV)  dE(MeV) StepLeng TrackLeng  NextVolume ProcName
    0    -24.5    0.835     -132    0.0321        0        0         0 water sphere initStep
    1    -24.5     0.83     -132         0   0.0321     0.02      0.02 water sphere eIoni

*********************************************************************************************************
* G4Track Information:   Particle = e-,   Track ID = 5,   Parent ID = 1
*********************************************************************************************************

Step#    X(mm)    Y(mm)    Z(mm) KinE(MeV)  dE(MeV) StepLeng TrackLeng  NextVolume ProcName
    0      -21     15.6    -27.3    0.0434        0        0         0 water sphere initStep
    1      -21     15.6    -27.3         0   0.0434   0.0339    0.0339 water sphere eIoni

*********************************************************************************************************
* G4Track Information:   Particle = e-,   Track ID = 4,   Parent ID = 1
*********************************************************************************************************

Step#    X(mm)    Y(mm)    Z(mm) KinE(MeV)  dE(MeV) StepLeng TrackLeng  NextVolume ProcName
    0      105    -4.63    -36.9     0.242        0        0         0 water sphere initStep
    1      105    -4.61      -37         0    0.242    0.613     0.613 water sphere eIoni

*********************************************************************************************************
* G4Track Information:   Particle = e-,   Track ID = 3,   Parent ID = 1
*********************************************************************************************************

Step#    X(mm)    Y(mm)    Z(mm) KinE(MeV)  dE(MeV) StepLeng TrackLeng  NextVolume ProcName
    0     85.6    -8.08    -22.1    0.0204        0        0         0 water sphere initStep
    1     85.6    -8.08    -22.1         0   0.0204  0.00899   0.00899 water sphere eIoni

*********************************************************************************************************
* G4Track Information:   Particle = e-,   Track ID = 2,   Parent ID = 1
*********************************************************************************************************

Step#    X(mm)    Y(mm)    Z(mm) KinE(MeV)  dE(MeV) StepLeng TrackLeng  NextVolume ProcName
    0     52.9        0        0    0.0809        0        0         0 water sphere initStep
    1     52.9   0.0149   0.0407         0   0.0809      0.1       0.1 water sphere eIoni

*********************************************************************************************************
* G4Track Information:   Particle = gamma,   Track ID = 1,   Parent ID = 0
*********************************************************************************************************

Step#    X(mm)    Y(mm)    Z(mm) KinE(MeV)  dE(MeV) StepLeng TrackLeng  NextVolume ProcName
    0        0        0        0     0.511        0        0         0 water sphere initStep
    1      116        0        0     0.321        0      116       116 water sphere compt
    2      123     12.2    -8.25     0.277        0     16.2       133 water sphere compt
    3      121     17.1    -14.2     0.154        0     7.97       141 water sphere compt
    4      146     -128    -47.7     0.154        0      151       292       world Transportation
    5      202     -457     -124     0.154        0      342       634 CrystalRing Transportation
    6      211     -510     -136     0.154        0     54.2       688 CrystalBlock Transportation
    7      211     -510     -136     0.154        0    0.259       689     Crystal Transportation
    8      211     -510     -136         0  0.00202      0.1       689     Crystal phot

*********************************************************************************************************
* G4Track Information:   Particle = e-,   Track ID = 6,   Parent ID = 1
*********************************************************************************************************

Step#    X(mm)    Y(mm)    Z(mm) KinE(MeV)  dE(MeV) StepLeng TrackLeng  NextVolume ProcName
    0      211     -510     -136    0.0908        0        0         0     Crystal initStep
    1      211     -510     -136         0   0.0908   0.0289    0.0289     Crystal eIoni

*********************************************************************************************************
* G4Track Information:   Particle = gamma,   Track ID = 5,   Parent ID = 1
*********************************************************************************************************

Step#    X(mm)    Y(mm)    Z(mm) KinE(MeV)  dE(MeV) StepLeng TrackLeng  NextVolume ProcName
    0      211     -510     -136    0.0614        0        0         0     Crystal initStep
    1      211     -510     -136    0.0614        0    0.253     0.253 CrystalBlock Transportation
    2      210     -510     -136    0.0614        0    0.655     0.909 CrystalRing Transportation
    3     51.4     -497     -148    0.0614        0      160       160       world Transportation
    4   -1e+03     -415     -232    0.0614        0 1.06e+03  1.22e+03  OutOfWorld Transportation

*********************************************************************************************************
* G4Track Information:   Particle = e-,   Track ID = 4,   Parent ID = 1
*********************************************************************************************************

Step#    X(mm)    Y(mm)    Z(mm) KinE(MeV)  dE(MeV) StepLeng TrackLeng  NextVolume ProcName
    0      121     17.1    -14.2     0.123        0        0         0 water sphere initStep
    1      121     17.2    -14.3         0    0.123    0.203     0.203 water sphere eIoni

*********************************************************************************************************
* G4Track Information:   Particle = e-,   Track ID = 3,   Parent ID = 1
*********************************************************************************************************

Step#    X(mm)    Y(mm)    Z(mm) KinE(MeV)  dE(MeV) StepLeng TrackLeng  NextVolume ProcName
    0      123     12.2    -8.25     0.044        0        0         0 water sphere initStep
    1      123     12.2    -8.25         0    0.044   0.0348    0.0348 water sphere eIoni

*********************************************************************************************************
* G4Track Information:   Particle = e-,   Track ID = 2,   Parent ID = 1
*********************************************************************************************************

Step#    X(mm)    Y(mm)    Z(mm) KinE(MeV)  dE(MeV) StepLeng TrackLeng  NextVolume ProcName
    0      116        0        0      0.19        0        0         0 water sphere initStep
    1      117   -0.111   0.0746         0     0.19    0.417     0.417 water sphere eIoni

*********************************************************************************************************
* G4Track Information:   Particle = gamma,   Track ID = 1,   Parent ID = 0
*********************************************************************************************************

Step#    X(mm)    Y(mm)    Z(mm) KinE(MeV)  dE(MeV) StepLeng TrackLeng  NextVolume ProcName
    0        0        0        0     0.511        0        0         0 water sphere initStep
    1     4.54        0        0     0.301        0     4.54      4.54 water sphere compt
    2     58.7     59.2     -161     0.211        0      180       184 water sphere compt
    3       67     72.8     -158     0.191        0     16.2       201 water sphere compt
    4     78.4     81.7     -142     0.166        0     21.8       222 water sphere compt
    5     77.9     85.4     -140     0.112        0     4.04       226 water sphere compt
    6     77.1     84.4     -140     0.106        0     1.37       228 water sphere compt
    7     69.4     32.9    -68.7    0.0774        0     88.2       316 water sphere compt
    8     31.8     49.8     -163    0.0766        0      103       419 water sphere compt
    9     7.38     47.8     -193      0.06        0     38.6       457 water sphere compt
   10     27.3     33.8     -175    0.0516        0     30.3       488 water sphere compt
   11     33.5     34.5     -194    0.0516        0     20.5       508       world Transportation
   12      292     63.7   -1e+03    0.0516        0      847  1.36e+03  OutOfWorld Transportation

*********************************************************************************************************
* G4Track Information:   Particle = e-,   Track ID = 11,   Parent ID = 1
*********************************************************************************************************

Step#    X(mm)    Y(mm)    Z(mm) KinE(MeV)  dE(MeV) StepLeng TrackLeng  NextVolume ProcName
    0     27.3     33.8     -175   0.00837        0        0         0 water sphere initStep
    1     27.3     33.8     -175         0  0.00837  0.00187   0.00187 water sphere eIoni

*********************************************************************************************************
* G4Track Information:   Particle = e-,   Track ID = 10,   Parent ID = 1
*********************************************************************************************************

Step#    X(mm)    Y(mm)    Z(mm) KinE(MeV)  dE(MeV) StepLeng TrackLeng  NextVolume ProcName
    0     7.38     47.8     -193    0.0166        0        0         0 water sphere initStep
    1     7.38     47.8     -193         0   0.0166  0.00625   0.00625 water sphere eIoni

*********************************************************************************************************
* G4Track Information:   Particle = e-,   Track ID = 9,   Parent ID = 1
*********************************************************************************************************

Step#    X(mm)    Y(mm)    Z(mm) KinE(MeV)  dE(MeV) StepLeng TrackLeng  NextVolume ProcName
    0     31.8     49.8     -163  0.000809        0        0         0 water sphere initStep
    1     31.8     49.8     -163         0 0.000809 4.29e-05  4.29e-05 water sphere eIoni

*********************************************************************************************************
* G4Track Information:   Particle = e-,   Track ID = 8,   Parent ID = 1
*********************************************************************************************************

Step#    X(mm)    Y(mm)    Z(mm) KinE(MeV)  dE(MeV) StepLeng TrackLeng  NextVolume ProcName
    0     69.4     32.9    -68.7    0.0291        0        0         0 water sphere initStep
    1     69.4     32.9    -68.7         0   0.0291   0.0168    0.0168 water sphere eIoni

*********************************************************************************************************
* G4Track Information:   Particle = e-,   Track ID = 7,   Parent ID = 1
*********************************************************************************************************

Step#    X(mm)    Y(mm)    Z(mm) KinE(MeV)  dE(MeV) StepLeng TrackLeng  NextVolume ProcName
    0     77.1     84.4     -140   0.00561        0        0         0 water sphere initStep
    1     77.1     84.4     -140         0  0.00561 0.000936  0.000936 water sphere eIoni

*********************************************************************************************************
* G4Track Information:   Particle = e-,   Track ID = 6,   Parent ID = 1
*********************************************************************************************************

Step#    X(mm)    Y(mm)    Z(mm) KinE(MeV)  dE(MeV) StepLeng TrackLeng  NextVolume ProcName
    0     77.9     85.4     -140    0.0536        0        0         0 water sphere initStep
    1     77.9     85.4     -140         0   0.0536   0.0491    0.0491 water sphere eIoni

*********************************************************************************************************
* G4Track Information:   Particle = e-,   Track ID = 5,   Parent ID = 1
*********************************************************************************************************

Step#    X(mm)    Y(mm)    Z(mm) KinE(MeV)  dE(MeV) StepLeng TrackLeng  NextVolume ProcName
    0     78.4     81.7     -142    0.0251        0        0         0 water sphere initStep
    1     78.4     81.7     -142         0   0.0251   0.0129    0.0129 water sphere eIoni

*********************************************************************************************************
* G4Track Information:   Particle = e-,   Track ID = 4,   Parent ID = 1
*********************************************************************************************************

Step#    X(mm)    Y(mm)    Z(mm) KinE(MeV)  dE(MeV) StepLeng TrackLeng  NextVolume ProcName
    0       67     72.8     -158    0.0202        0        0         0 water sphere initStep
    1       67     72.8     -158         0   0.0202  0.00879   0.00879 water sphere eIoni

*********************************************************************************************************
* G4Track Information:   Particle = e-,   Track ID = 3,   Parent ID = 1
*********************************************************************************************************

Step#    X(mm)    Y(mm)    Z(mm) KinE(MeV)  dE(MeV) StepLeng TrackLeng  NextVolume ProcName
    0     58.7     59.2     -161    0.0898        0        0         0 water sphere initStep
    1     58.7     59.2     -161         0   0.0898     0.12      0.12 water sphere eIoni

*********************************************************************************************************
* G4Track Information:   Particle = e-,   Track ID = 2,   Parent ID = 1
*********************************************************************************************************

Step#    X(mm)    Y(mm)    Z(mm) KinE(MeV)  dE(MeV) StepLeng TrackLeng  NextVolume ProcName
    0     4.54        0        0      0.21        0        0         0 water sphere initStep
    1     4.75  -0.0501    0.136         0     0.21     0.49      0.49 water sphere eIoni

*********************************************************************************************************
* G4Track Information:   Particle = gamma,   Track ID = 1,   Parent ID = 0
*********************************************************************************************************

Step#    X(mm)    Y(mm)    Z(mm) KinE(MeV)  dE(MeV) StepLeng TrackLeng  NextVolume ProcName
    0        0        0        0     0.511        0        0         0 water sphere initStep
    1     57.7        0        0       0.4        0     57.7      57.7 water sphere compt
    2      169     88.1     60.1       0.4        0      154       212       world Transportation
    3      413      281      192       0.4        0      338       550 CrystalRing Transportation
    4      453      312      213       0.4        0     54.3       604 CrystalBlock Transportation
    5      453      312      213       0.4        0    0.272       605     Crystal Transportation
    6      457      315      215         0   0.0104     5.01       610     Crystal phot

*********************************************************************************************************
* G4Track Information:   Particle = e-,   Track ID = 4,   Parent ID = 1
*********************************************************************************************************

Step#    X(mm)    Y(mm)    Z(mm) KinE(MeV)  dE(MeV) StepLeng TrackLeng  NextVolume ProcName
    0      457      315      215     0.337        0        0         0     Crystal initStep
    1      457      315      215         0    0.337    0.225     0.225     Crystal eIoni

*********************************************************************************************************
* G4Track Information:   Particle = gamma,   Track ID = 3,   Parent ID = 1
*********************************************************************************************************

Step#    X(mm)    Y(mm)    Z(mm) KinE(MeV)  dE(MeV) StepLeng TrackLeng  NextVolume ProcName
    0      457      315      215    0.0531        0        0         0     Crystal initStep
    1      456      316      214         0   0.0109     1.65      1.65     Crystal phot

*********************************************************************************************************
* G4Track Information:   Particle = e-,   Track ID = 5,   Parent ID = 3
*********************************************************************************************************

Step#    X(mm)    Y(mm)    Z(mm) KinE(MeV)  dE(MeV) StepLeng TrackLeng  NextVolume ProcName
    0      456      316      214    0.0422        0        0         0     Crystal initStep
    1      456      316      214         0   0.0422    0.008     0.008     Crystal eIoni

*********************************************************************************************************
* G4Track Information:   Particle = e-,   Track ID = 2,   Parent ID = 1
*********************************************************************************************************

Step#    X(mm)    Y(mm)    Z(mm) KinE(MeV)  dE(MeV) StepLeng TrackLeng  NextVolume ProcName
    0     57.7        0        0     0.111        0        0         0 water sphere initStep
    1     57.7  -0.0572   -0.039         0    0.111    0.172     0.172 water sphere eIoni

*********************************************************************************************************
* G4Track Information:   Particle = gamma,   Track ID = 1,   Parent ID = 0
*********************************************************************************************************

Step#    X(mm)    Y(mm)    Z(mm) KinE(MeV)  dE(MeV) StepLeng TrackLeng  NextVolume ProcName
    0        0        0        0     0.511        0        0         0 water sphere initStep
    1       12        0        0     0.433        0       12        12 water sphere compt
    2     85.2    -45.9     22.6     0.405        0     89.3       101 water sphere compt
    3      121      -79     57.9     0.396        0     60.3       162 water sphere compt
    4      155    -95.3     83.3     0.396        0     45.2       207       world Transportation
    5      442     -234      300     0.396        0      385       592 CrystalRing Transportation
    6      588     -304      410     0.396        0      196       788       world Transportation
    7    1e+03     -503      721     0.396        0      553  1.34e+03  OutOfWorld Transportation

*********************************************************************************************************
* G4Track Information:   Particle = e-,   Track ID = 4,   Parent ID = 1
*********************************************************************************************************

Step#    X(mm)    Y(mm)    Z(mm) KinE(MeV)  dE(MeV) StepLeng TrackLeng  NextVolume ProcName
    0      121      -79     57.9    0.0092        0        0         0 water sphere initStep
    1      121      -79     57.9         0   0.0092  0.00221   0.00221 water sphere eIoni

*********************************************************************************************************
* G4Track Information:   Particle = e-,   Track ID = 3,   Parent ID = 1
*********************************************************************************************************

Step#    X(mm)    Y(mm)    Z(mm) KinE(MeV)  dE(MeV) StepLeng TrackLeng  NextVolume ProcName
    0     85.2    -45.9     22.6    0.0277        0        0         0 water sphere initStep
    1     85.2    -45.9     22.6         0   0.0277   0.0154    0.0154 water sphere eIoni

*********************************************************************************************************
* G4Track Information:   Particle = e-,   Track ID = 2,   Parent ID = 1
*********************************************************************************************************

Step#    X(mm)    Y(mm)    Z(mm) KinE(MeV)  dE(MeV) StepLeng TrackLeng  NextVolume ProcName
    0       12        0        0    0.0781        0        0         0 water sphere initStep
    1     12.1   0.0368  -0.0181         0   0.0781   0.0945    0.0945 water sphere eIoni

*********************************************************************************************************
* G4Track Information:   Particle = gamma,   Track ID = 1,   Parent ID = 0
*********************************************************************************************************

Step#    X(mm)    Y(mm)    Z(mm) KinE(MeV)  dE(MeV) StepLeng TrackLeng  NextVolume ProcName
    0        0        0        0     0.511        0        0         0 water sphere initStep
    1     8.56        0        0     0.193        0     8.56      8.56 water sphere compt
    2     -103      101     83.5      0.18        0      172       180 water sphere compt
    3     -126      100     99.8     0.131        0     28.5       209 water sphere compt
    4    -91.2     77.3      142    0.0865        0     59.3       268 water sphere compt
    5     -109     86.3      125    0.0689        0     26.2       294 water sphere compt
    6     -103     77.3      122    0.0547        0     11.1       305 water sphere compt
    7     -127     93.9      123    0.0547        0     29.2       335       world Transportation
    8     -408      289      130    0.0547        0      342       677 CrystalRing Transportation
    9     -449      317      131    0.0547        0     49.8       727 CrystalBlock Transportation
   10     -449      317      131    0.0547        0     0.25       727     Crystal Transportation
   11     -450      318      131         0   0.0109     1.08       728     Crystal phot

*********************************************************************************************************
* G4Track Information:   Particle = e-,   Track ID = 8,   Parent ID = 1
*********************************************************************************************************

Step#    X(mm)    Y(mm)    Z(mm) KinE(MeV)  dE(MeV) StepLeng TrackLeng  NextVolume ProcName
    0     -450      318      131    0.0439        0        0         0     Crystal initStep
    1     -450      318      131         0   0.0439  0.00854   0.00854     Crystal eIoni

*********************************************************************************************************
* G4Track Information:   Particle = e-,   Track ID = 7,   Parent ID = 1
*********************************************************************************************************

Step#    X(mm)    Y(mm)    Z(mm) KinE(MeV)  dE(MeV) StepLeng TrackLeng  NextVolume ProcName
    0     -103     77.3      122    0.0141        0        0         0 water sphere initStep
    1     -103     77.3      122         0   0.0141  0.00468   0.00468 water sphere eIoni

*********************************************************************************************************
* G4Track Information:   Particle = e-,   Track ID = 6,   Parent ID = 1
*********************************************************************************************************

Step#    X(mm)    Y(mm)    Z(mm) KinE(MeV)  dE(MeV) StepLeng TrackLeng  NextVolume ProcName
    0     -109     86.3      125    0.0177        0        0         0 water sphere initStep
    1     -109     86.3      125         0   0.0177  0.00694   0.00694 water sphere eIoni

*********************************************************************************************************
* G4Track Information:   Particle = e-,   Track ID = 5,   Parent ID = 1
*********************************************************************************************************

Step#    X(mm)    Y(mm)    Z(mm) KinE(MeV)  dE(MeV) StepLeng TrackLeng  NextVolume ProcName
    0    -91.2     77.3      142    0.0441        0        0         0 water sphere initStep
    1    -91.2     77.2      142         0   0.0441   0.0349    0.0349 water sphere eIoni

*********************************************************************************************************
* G4Track Information:   Particle = e-,   Track ID = 4,   Parent ID = 1
*********************************************************************************************************

Step#    X(mm)    Y(mm)    Z(mm) KinE(MeV)  dE(MeV) StepLeng TrackLeng  NextVolume ProcName
    0     -126      100     99.8     0.049        0        0         0 water sphere initStep
    1     -126      100     99.8         0    0.049    0.042     0.042 water sphere eIoni

*********************************************************************************************************
* G4Track Information:   Particle = e-,   Track ID = 3,   Parent ID = 1
*********************************************************************************************************

Step#    X(mm)    Y(mm)    Z(mm) KinE(MeV)  dE(MeV) StepLeng TrackLeng  NextVolume ProcName
    0     -103      101     83.5    0.0134        0        0         0 water sphere initStep
    1     -103      101     83.5         0   0.0134  0.00424   0.00424 water sphere eIoni

*********************************************************************************************************
* G4Track Information:   Particle = e-,   Track ID = 2,   Parent ID = 1
*********************************************************************************************************

Step#    X(mm)    Y(mm)    Z(mm) KinE(MeV)  dE(MeV) StepLeng TrackLeng  NextVolume ProcName
    0     8.56        0        0     0.318        0        0         0 water sphere initStep
    1     9.04  -0.0865  -0.0717         0    0.318    0.937     0.937 water sphere eIoni
 Run terminated.
Run Summary
  Number of events processed : 10
  User=0.180000s Real=0.183465s Sys=0.010000s
10 events have been kept for refreshing and/or reviewing.
  "/vis/reviewKeptEvents" to review them one by one.
  "/vis/enable", then "/vis/viewer/flush" or "/vis/viewer/rebuild" to see them accumulated.
*** VRML 2.0 File  g4_05.wrl  is generated.
MESSAGE from VRML2FILE driver:
    Set an environmental variable  G4VRMLFILE_VIEWER
    if you want to visualize the generated VRML file
    automatically.  For example, 
    setenv  G4VRMLFILE_VIEWER  vrwave 
ALSO you may change the file header with G4VRMLFILE_HEADER
    or the whole filename with G4VRMLFILE_FILE_NAME
