/control/execute exercise3e.in
/tracking/verbose 0
/gamos/setParam GmReadPhantomGeometry:FileName ./world.geom
/gamos/setParam GmSimplePhantomGeometry:MaterialNames PMMA
/gamos/setParam GmSimplePhantomGeometry:MaterialZVoxels 300
/gamos/setParam GmSimplePhantomGeometry:MaterialDensities 1.19
/gamos/setParam GmSimplePhantomGeometry:NVoxels 400 400 300
/gamos/setParam GmSimplePhantomGeometry:PhantomDims -200 200 -200 200 -150 150
/gamos/setParam GmReadPhantomGeometry:InitialDisplacement 0. 0. 0.
/gamos/setParam GmReadPhantomGeometry:InitialRotAngles 0*deg 0. 0.
/gamos/geometry GmSimplePhantomGeometry
/gamos/physicsList G4QGSP_BIC_AllHP
<<< Geant4 Physics List simulation engine: QGSP_BIC_AllHP

/gamos/generator GmGenerator
/run/initialize
/home/arce/gamos/external/geant4/geant4.11.01.p03.gamos/../data/G4NDL4.7
@@@ G4ParticleHPInelastic instantiated for particle neutron data directory variable is G4NEUTRONHPDATA pointing to /home/arce/gamos/external/geant4/geant4.11.01.p03.gamos/../data/G4NDL4.7/Inelastic
@@@ G4ParticleHPInelasticData instantiated for particle neutron data directory variable is G4NEUTRONHPDATA pointing to /home/arce/gamos/external/geant4/geant4.11.01.p03.gamos/../data/G4NDL4.7
NeutronHP: /Capture file for Z = 6, A = 12 is not found and NeutronHP will use /home/arce/gamos/external/geant4/geant4.11.01.p03.gamos/../data/G4NDL4.7/Capture/CrossSection/6_nat_Carbon
NeutronHP: /Elastic file for Z = 6, A = 12 is not found and NeutronHP will use /home/arce/gamos/external/geant4/geant4.11.01.p03.gamos/../data/G4NDL4.7/Elastic/CrossSection/6_nat_Carbon
NeutronHP: /Inelastic file for Z = 6, A = 12 is not found and NeutronHP will use /home/arce/gamos/external/geant4/geant4.11.01.p03.gamos/../data/G4NDL4.7/Inelastic/CrossSection/6_nat_Carbon
@@@ G4ParticleHPInelasticData instantiated for particle proton data directory variable is G4PROTONHPDATA pointing to /home/arce/gamos/external/geant4/geant4.11.01.p03.gamos/../data/G4TENDL1.4/Proton
/home/arce/gamos/external/geant4/geant4.11.01.p03.gamos/../data/G4TENDL1.4/Proton
@@@ G4ParticleHPInelastic instantiated for particle proton data directory variable is G4PROTONHPDATA pointing to /home/arce/gamos/external/geant4/geant4.11.01.p03.gamos/../data/G4TENDL1.4/Proton/Inelastic
/home/arce/gamos/external/geant4/geant4.11.01.p03.gamos/../data/G4TENDL1.4/Deuteron
@@@ G4ParticleHPInelastic instantiated for particle deuteron data directory variable is G4DEUTERONHPDATA pointing to /home/arce/gamos/external/geant4/geant4.11.01.p03.gamos/../data/G4TENDL1.4/Deuteron/Inelastic
@@@ G4ParticleHPInelasticData instantiated for particle deuteron data directory variable is G4DEUTERONHPDATA pointing to /home/arce/gamos/external/geant4/geant4.11.01.p03.gamos/../data/G4TENDL1.4/Deuteron
/home/arce/gamos/external/geant4/geant4.11.01.p03.gamos/../data/G4TENDL1.4/Triton
@@@ G4ParticleHPInelastic instantiated for particle triton data directory variable is G4TRITONHPDATA pointing to /home/arce/gamos/external/geant4/geant4.11.01.p03.gamos/../data/G4TENDL1.4/Triton/Inelastic
@@@ G4ParticleHPInelasticData instantiated for particle triton data directory variable is G4TRITONHPDATA pointing to /home/arce/gamos/external/geant4/geant4.11.01.p03.gamos/../data/G4TENDL1.4/Triton
/home/arce/gamos/external/geant4/geant4.11.01.p03.gamos/../data/G4TENDL1.4/He3
@@@ G4ParticleHPInelastic instantiated for particle He3 data directory variable is G4HE3HPDATA pointing to /home/arce/gamos/external/geant4/geant4.11.01.p03.gamos/../data/G4TENDL1.4/He3/Inelastic
@@@ G4ParticleHPInelasticData instantiated for particle He3 data directory variable is G4HE3HPDATA pointing to /home/arce/gamos/external/geant4/geant4.11.01.p03.gamos/../data/G4TENDL1.4/He3
/home/arce/gamos/external/geant4/geant4.11.01.p03.gamos/../data/G4TENDL1.4/Alpha
@@@ G4ParticleHPInelastic instantiated for particle alpha data directory variable is G4ALPHAHPDATA pointing to /home/arce/gamos/external/geant4/geant4.11.01.p03.gamos/../data/G4TENDL1.4/Alpha/Inelastic
@@@ G4ParticleHPInelasticData instantiated for particle alpha data directory variable is G4ALPHAHPDATA pointing to /home/arce/gamos/external/geant4/geant4.11.01.p03.gamos/../data/G4TENDL1.4/Alpha
/gamos/physics/addPhysics radioactiveDecay
G4PhysicsListHelper::RegisterProcess :RadioactiveDecay for GenericIon with  type/subtype =6/210  is has same subType as Radioactivation for GenericIon
It will not be added !!

-------- WWWW ------- G4Exception-START -------- WWWW -------
*** G4Exception : Run0111
      issued by : G4PhysicsListHelper::RegisterProcess
Duplication of processes
*** This is just a warning message. ***
-------- WWWW -------- G4Exception-END --------- WWWW -------

/gamos/physics/removeProcessesByType Electromagnetic
