/control/execute protontherapy4d.in
/tracking/verbose 0
/gamos/setParam GmGeometryFromText:FileName ./detector.geom
/gamos/geometry GmGeometryFromText
/gamos/physicsList G4QGSP_BIC_AllHP
<<< Geant4 Physics List simulation engine: QGSP_BIC_AllHP 1.3

/gamos/generator GmGenerator
/run/initialize
/home/gamos/gamos/external/geant4/geant4.10.02.gamos/../data/G4NDL4.5
@@@ G4ParticleHPInelastic instantiated for particle neutron data directory variable is G4NEUTRONHPDATA pointing to /home/gamos/gamos/external/geant4/geant4.10.02.gamos/../data/G4NDL4.5/Inelastic
@@@ G4ParticleHPInelasticData instantiated for particle neutron data directory variable is G4NEUTRONHPDATA pointing to /home/gamos/gamos/external/geant4/geant4.10.02.gamos/../data/G4NDL4.5
NeutronHP: /Capture file for Z = 6, A = 12 is not found and NeutronHP will use /home/gamos/gamos/external/geant4/geant4.10.02.gamos/../data/G4NDL4.5/Capture/CrossSection/6_nat_Carbon
NeutronHP: /Elastic file for Z = 6, A = 12 is not found and NeutronHP will use /home/gamos/gamos/external/geant4/geant4.10.02.gamos/../data/G4NDL4.5/Elastic/CrossSection/6_nat_Carbon
NeutronHP: /Inelastic file for Z = 6, A = 12 is not found and NeutronHP will use /home/gamos/gamos/external/geant4/geant4.10.02.gamos/../data/G4NDL4.5/Inelastic/CrossSection/6_nat_Carbon
NeutronHP: /Capture file for Z = 6, A = 13 is not found and NeutronHP will use /home/gamos/gamos/external/geant4/geant4.10.02.gamos/../data/G4NDL4.5/Capture/CrossSection/6_nat_Carbon
NeutronHP: /Elastic file for Z = 6, A = 13 is not found and NeutronHP will use /home/gamos/gamos/external/geant4/geant4.10.02.gamos/../data/G4NDL4.5/Elastic/CrossSection/6_nat_Carbon
NeutronHP: /Inelastic file for Z = 6, A = 13 is not found and NeutronHP will use /home/gamos/gamos/external/geant4/geant4.10.02.gamos/../data/G4NDL4.5/Inelastic/CrossSection/6_nat_Carbon
NeutronHP: /Capture file for Z = 8, A = 18 is not found and CrossSection set to 0.
NeutronHP: /Elastic file for Z = 8, A = 18 is not found and CrossSection set to 0.
NeutronHP: /Inelastic file for Z = 8, A = 18 is not found and CrossSection set to 0.
@@@ G4ParticleHPInelasticData instantiated for particle proton data directory variable is G4PROTONHPDATA pointing to /home/gamos/gamos/external/geant4/geant4.10.02.gamos/../data/G4TENDL1.3/Proton
NeutronHP: .3/Proton/Inelastic file for Z = 8, A = 18 is not found and CrossSection set to 0.
NeutronHP: .3/Proton/Inelastic file for Z = 1, A = 1 is not found and CrossSection set to 0.
/home/gamos/gamos/external/geant4/geant4.10.02.gamos/../data/G4TENDL1.3/Proton
@@@ G4ParticleHPInelastic instantiated for particle proton data directory variable is G4PROTONHPDATA pointing to /home/gamos/gamos/external/geant4/geant4.10.02.gamos/../data/G4TENDL1.3/Proton/Inelastic
@@@ G4ParticleHPInelasticData instantiated for particle deuteron data directory variable is G4DEUTERONHPDATA pointing to /home/gamos/gamos/external/geant4/geant4.10.02.gamos/../data/G4TENDL1.3/Deuteron
NeutronHP: .3/Deuteron/Inelastic file for Z = 8, A = 18 is not found and CrossSection set to 0.
NeutronHP: .3/Deuteron/Inelastic file for Z = 1, A = 1 is not found and CrossSection set to 0.
/home/gamos/gamos/external/geant4/geant4.10.02.gamos/../data/G4TENDL1.3/Deuteron
@@@ G4ParticleHPInelastic instantiated for particle deuteron data directory variable is G4DEUTERONHPDATA pointing to /home/gamos/gamos/external/geant4/geant4.10.02.gamos/../data/G4TENDL1.3/Deuteron/Inelastic
@@@ G4ParticleHPInelasticData instantiated for particle triton data directory variable is G4TRITONHPDATA pointing to /home/gamos/gamos/external/geant4/geant4.10.02.gamos/../data/G4TENDL1.3/Triton
NeutronHP: .3/Triton/Inelastic file for Z = 8, A = 18 is not found and CrossSection set to 0.
NeutronHP: .3/Triton/Inelastic file for Z = 1, A = 1 is not found and CrossSection set to 0.
NeutronHP: .3/Triton/Inelastic file for Z = 1, A = 2 is not found and CrossSection set to 0.
/home/gamos/gamos/external/geant4/geant4.10.02.gamos/../data/G4TENDL1.3/Triton
@@@ G4ParticleHPInelastic instantiated for particle triton data directory variable is G4TRITONHPDATA pointing to /home/gamos/gamos/external/geant4/geant4.10.02.gamos/../data/G4TENDL1.3/Triton/Inelastic
@@@ G4ParticleHPInelasticData instantiated for particle He3 data directory variable is G4HE3HPDATA pointing to /home/gamos/gamos/external/geant4/geant4.10.02.gamos/../data/G4TENDL1.3/He3
NeutronHP: .3/He3/Inelastic file for Z = 8, A = 18 is not found and CrossSection set to 0.
NeutronHP: .3/He3/Inelastic file for Z = 1, A = 1 is not found and CrossSection set to 0.
NeutronHP: .3/He3/Inelastic file for Z = 1, A = 2 is not found and CrossSection set to 0.
/home/gamos/gamos/external/geant4/geant4.10.02.gamos/../data/G4TENDL1.3/He3
@@@ G4ParticleHPInelastic instantiated for particle He3 data directory variable is G4HE3HPDATA pointing to /home/gamos/gamos/external/geant4/geant4.10.02.gamos/../data/G4TENDL1.3/He3/Inelastic
 G4AlphaPHPBuilder 
@@@ G4ParticleHPInelasticData instantiated for particle alpha data directory variable is G4ALPHAHPDATA pointing to /home/gamos/gamos/external/geant4/geant4.10.02.gamos/../data/G4TENDL1.3/Alpha
NeutronHP: .3/Alpha/Inelastic file for Z = 8, A = 18 is not found and CrossSection set to 0.
NeutronHP: .3/Alpha/Inelastic file for Z = 1, A = 1 is not found and CrossSection set to 0.
NeutronHP: .3/Alpha/Inelastic file for Z = 1, A = 2 is not found and CrossSection set to 0.
/home/gamos/gamos/external/geant4/geant4.10.02.gamos/../data/G4TENDL1.3/Alpha
@@@ G4ParticleHPInelastic instantiated for particle alpha data directory variable is G4ALPHAHPDATA pointing to /home/gamos/gamos/external/geant4/geant4.10.02.gamos/../data/G4TENDL1.3/Alpha/Inelastic
/gamos/physics/addPhysics radioactiveDecay
/control/execute ../exercise0/pbsSource.in
/gamos/generator/addSingleParticleSource source proton 226.62*MeV
/gamos/generator/energyDist source GmGenerDistEnergyConstant 226.62*MeV
/gamos/generator/timeDist source GmGenerDistTimeConstantChange 32.*ps
    theTimeDistribution->SetParticleSource( this ) 0x1636b70 0xcf9960
/gamos/generator/positionDist source GmGenerDistPositionDisc 1.5*mm 0. 0. -400.*mm
/gamos/generator/directionDist source GmGenerDistDirectionCone 0. 0. 1. 3.6*mrad
/gamos/userAction GmCountTracksUA
/gamos/filter enterDetectorFilter GmEnterLogicalVolumeFilter detector
/gamos/filter inDetectorFilter GmInLogicalVolumeFilter detector
/gamos/filter noInteractFilter GmInverseFilter GmInteractionFilter
/gamos/filter NoInteractDetectorFilter GmANDFilter inDetectorFilter noInteractFilter
/gamos/userAction GmCountTracksAndStepsUA enterDetectorFilter GmClassifierByParticle
/gamos/userAction GmCountTracksAndStepsUA NoInteractDetectorFilter GmClassifierByParticle
/run/beamOn 100000

phot:   for  gamma    SubType= 12  BuildTable= 0
      LambdaPrime table from 200 keV to 10 TeV in 54 bins 
      ===== EM models for the G4Region  DefaultRegionForTheWorld ======
       PhotoElectric :  Emin=        0 eV    Emax=       10 TeV   AngularGenSauterGavrila  FluoActive

compt:   for  gamma    SubType= 13  BuildTable= 1
      Lambda table from 100 eV  to 1 MeV, 7 bins per decade, spline: 1
      LambdaPrime table from 1 MeV to 10 TeV in 49 bins 
      ===== EM models for the G4Region  DefaultRegionForTheWorld ======
       Klein-Nishina :  Emin=        0 eV    Emax=       10 TeV

conv:   for  gamma    SubType= 14  BuildTable= 1
      Lambda table from 1.022 MeV to 10 TeV, 20 bins per decade, spline: 1
      ===== EM models for the G4Region  DefaultRegionForTheWorld ======
        BetheHeitler :  Emin=        0 eV    Emax=       80 GeV
     BetheHeitlerLPM :  Emin=       80 GeV   Emax=       10 TeV

msc:   for e-    SubType= 10
      RangeFactor= 0.04, stepLimitType: 1, latDisplacement: 1
      ===== EM models for the G4Region  DefaultRegionForTheWorld ======
            UrbanMsc :  Emin=        0 eV    Emax=      100 MeV  Table with 42 bins Emin=    100 eV    Emax=    100 MeV
        WentzelVIUni :  Emin=      100 MeV   Emax=       10 TeV  Table with 35 bins Emin=    100 MeV   Emax=     10 TeV

eIoni:   for  e-    SubType= 2
      dE/dx and range tables from 100 eV  to 10 TeV in 77 bins
      Lambda tables from threshold to 10 TeV, 7 bins per decade, spline: 1
      finalRange(mm)= 1, dRoverRange= 0.2, integral: 1, fluct: 1, linLossLimit= 0.01
      ===== EM models for the G4Region  DefaultRegionForTheWorld ======
        MollerBhabha :  Emin=        0 eV    Emax=       10 TeV

eBrem:   for  e-    SubType= 3
      dE/dx and range tables from 100 eV  to 10 TeV in 77 bins
      Lambda tables from threshold to 10 TeV, 7 bins per decade, spline: 1
      LPM flag: 1 for E > 1 GeV,  HighEnergyThreshold(GeV)= 10000
      ===== EM models for the G4Region  DefaultRegionForTheWorld ======
             eBremSB :  Emin=        0 eV    Emax=        1 GeV   DipBustGen
            eBremLPM :  Emin=        1 GeV   Emax=       10 TeV   DipBustGen

CoulombScat:   for  e-, integral: 1     SubType= 1  BuildTable= 1
      Lambda table from 100 MeV to 10 TeV, 7 bins per decade, spline: 1
      180 < Theta(degree) < 180; pLimit(GeV^1)= 0.139531
      ===== EM models for the G4Region  DefaultRegionForTheWorld ======
  eCoulombScattering :  Emin=      100 MeV   Emax=       10 TeV

msc:   for e+    SubType= 10
      RangeFactor= 0.04, stepLimitType: 1, latDisplacement: 1
      ===== EM models for the G4Region  DefaultRegionForTheWorld ======
            UrbanMsc :  Emin=        0 eV    Emax=      100 MeV  Table with 42 bins Emin=    100 eV    Emax=    100 MeV
        WentzelVIUni :  Emin=      100 MeV   Emax=       10 TeV  Table with 35 bins Emin=    100 MeV   Emax=     10 TeV

eIoni:   for  e+    SubType= 2
      dE/dx and range tables from 100 eV  to 10 TeV in 77 bins
      Lambda tables from threshold to 10 TeV, 7 bins per decade, spline: 1
      finalRange(mm)= 1, dRoverRange= 0.2, integral: 1, fluct: 1, linLossLimit= 0.01
      ===== EM models for the G4Region  DefaultRegionForTheWorld ======
        MollerBhabha :  Emin=        0 eV    Emax=       10 TeV

eBrem:   for  e+    SubType= 3
      dE/dx and range tables from 100 eV  to 10 TeV in 77 bins
      Lambda tables from threshold to 10 TeV, 7 bins per decade, spline: 1
      LPM flag: 1 for E > 1 GeV,  HighEnergyThreshold(GeV)= 10000
      ===== EM models for the G4Region  DefaultRegionForTheWorld ======
             eBremSB :  Emin=        0 eV    Emax=        1 GeV   DipBustGen
            eBremLPM :  Emin=        1 GeV   Emax=       10 TeV   DipBustGen

annihil:   for  e+, integral: 1     SubType= 5  BuildTable= 0
      ===== EM models for the G4Region  DefaultRegionForTheWorld ======
            eplus2gg :  Emin=        0 eV    Emax=       10 TeV

CoulombScat:   for  e+, integral: 1     SubType= 1  BuildTable= 1
      Lambda table from 100 MeV to 10 TeV, 7 bins per decade, spline: 1
      180 < Theta(degree) < 180; pLimit(GeV^1)= 0.139531
      ===== EM models for the G4Region  DefaultRegionForTheWorld ======
  eCoulombScattering :  Emin=      100 MeV   Emax=       10 TeV

msc:   for proton    SubType= 10
      RangeFactor= 0.2, step limit type: 0, lateralDisplacement: 0, polarAngleLimit(deg)= 180
      ===== EM models for the G4Region  DefaultRegionForTheWorld ======
        WentzelVIUni :  Emin=        0 eV    Emax=       10 TeV  Table with 77 bins Emin=    100 eV    Emax=     10 TeV

hIoni:   for  proton    SubType= 2
      dE/dx and range tables from 100 eV  to 10 TeV in 77 bins
      Lambda tables from threshold to 10 TeV, 7 bins per decade, spline: 1
      finalRange(mm)= 0.1, dRoverRange= 0.2, integral: 1, fluct: 1, linLossLimit= 0.01
      ===== EM models for the G4Region  DefaultRegionForTheWorld ======
               Bragg :  Emin=        0 eV    Emax=        2 MeV
          BetheBloch :  Emin=        2 MeV   Emax=       10 TeV

hBrems:   for  proton    SubType= 3
      dE/dx and range tables from 100 eV  to 10 TeV in 77 bins
      Lambda tables from threshold to 10 TeV, 7 bins per decade, spline: 1
      ===== EM models for the G4Region  DefaultRegionForTheWorld ======
               hBrem :  Emin=        0 eV    Emax=       10 TeV

hPairProd:   for  proton    SubType= 4
      dE/dx and range tables from 100 eV  to 10 TeV in 77 bins
      Lambda tables from threshold to 10 TeV, 7 bins per decade, spline: 1
      Sampling table 13x1001; from 7.50618 GeV to 10 TeV 
      ===== EM models for the G4Region  DefaultRegionForTheWorld ======
           hPairProd :  Emin=        0 eV    Emax=       10 TeV

CoulombScat:   for  proton, integral: 1     SubType= 1  BuildTable= 1
      Used Lambda table of anti_proton
      180 < Theta(degree) < 180; pLimit(GeV^1)= 0.139531
      ===== EM models for the G4Region  DefaultRegionForTheWorld ======
  eCoulombScattering :  Emin=        0 eV    Emax=       10 TeV
/home/gamos/gamos/external/geant4/geant4.10.02.gamos/../data/G4TENDL1.3/Proton
@@@ G4ParticleHPInelastic instantiated for particle proton data directory variable is G4PROTONHPDATA pointing to /home/gamos/gamos/external/geant4/geant4.10.02.gamos/../data/G4TENDL1.3/Proton/Inelastic

msc:   for GenericIon    SubType= 10
      RangeFactor= 0.2, stepLimitType: 0, latDisplacement: 0
      ===== EM models for the G4Region  DefaultRegionForTheWorld ======
            UrbanMsc :  Emin=        0 eV    Emax=       10 TeV

ionIoni:   for  GenericIon    SubType= 2
      dE/dx and range tables from 100 eV  to 10 TeV in 77 bins
      Lambda tables from threshold to 10 TeV, 7 bins per decade, spline: 1
      finalRange(mm)= 0.01, dRoverRange= 0.1, integral: 1, fluct: 1, linLossLimit= 0.02
      Stopping Power data for 17 ion/material pairs 
      ===== EM models for the G4Region  DefaultRegionForTheWorld ======
            BraggIon :  Emin=        0 eV    Emax=        2 MeV
          BetheBloch :  Emin=        2 MeV   Emax=       10 TeV

### ===  Deexcitation model UAtomDeexcitation is activated for 1 region:
          DefaultRegionForTheWorld
/home/gamos/gamos/external/geant4/geant4.10.02.gamos/../data/G4TENDL1.3/He3
@@@ G4ParticleHPInelastic instantiated for particle He3 data directory variable is G4HE3HPDATA pointing to /home/gamos/gamos/external/geant4/geant4.10.02.gamos/../data/G4TENDL1.3/He3/Inelastic

msc:   for alpha    SubType= 10
      RangeFactor= 0.2, stepLimitType: 0, latDisplacement: 0
      ===== EM models for the G4Region  DefaultRegionForTheWorld ======
            UrbanMsc :  Emin=        0 eV    Emax=       10 TeV  Table with 77 bins Emin=    100 eV    Emax=     10 TeV

ionIoni:   for  alpha    SubType= 2
      dE/dx and range tables from 100 eV  to 10 TeV in 77 bins
      Lambda tables from threshold to 10 TeV, 7 bins per decade, spline: 1
      finalRange(mm)= 0.01, dRoverRange= 0.1, integral: 1, fluct: 1, linLossLimit= 0.02
      ===== EM models for the G4Region  DefaultRegionForTheWorld ======
            BraggIon :  Emin=        0 eV    Emax=   7.9452 MeV
          BetheBloch :  Emin=   7.9452 MeV   Emax=       10 TeV
/home/gamos/gamos/external/geant4/geant4.10.02.gamos/../data/G4TENDL1.3/Alpha
@@@ G4ParticleHPInelastic instantiated for particle alpha data directory variable is G4ALPHAHPDATA pointing to /home/gamos/gamos/external/geant4/geant4.10.02.gamos/../data/G4TENDL1.3/Alpha/Inelastic

msc:   for anti_proton    SubType= 10
      RangeFactor= 0.2, step limit type: 0, lateralDisplacement: 0, polarAngleLimit(deg)= 180
      ===== EM models for the G4Region  DefaultRegionForTheWorld ======
        WentzelVIUni :  Emin=        0 eV    Emax=       10 TeV  Table with 77 bins Emin=    100 eV    Emax=     10 TeV

hIoni:   for  anti_proton    SubType= 2
      dE/dx and range tables from 100 eV  to 10 TeV in 77 bins
      Lambda tables from threshold to 10 TeV, 7 bins per decade, spline: 1
      finalRange(mm)= 0.1, dRoverRange= 0.2, integral: 1, fluct: 1, linLossLimit= 0.01
      ===== EM models for the G4Region  DefaultRegionForTheWorld ======
            ICRU73QO :  Emin=        0 eV    Emax=        2 MeV
          BetheBloch :  Emin=        2 MeV   Emax=       10 TeV

hBrems:   for  anti_proton    SubType= 3
      dE/dx and range tables from 100 eV  to 10 TeV in 77 bins
      Lambda tables from threshold to 10 TeV, 7 bins per decade, spline: 1
      ===== EM models for the G4Region  DefaultRegionForTheWorld ======
               hBrem :  Emin=        0 eV    Emax=       10 TeV

hPairProd:   for  anti_proton    SubType= 4
      dE/dx and range tables from 100 eV  to 10 TeV in 77 bins
      Lambda tables from threshold to 10 TeV, 7 bins per decade, spline: 1
      Sampling table 13x1001; from 7.50618 GeV to 10 TeV 
      ===== EM models for the G4Region  DefaultRegionForTheWorld ======
           hPairProd :  Emin=        0 eV    Emax=       10 TeV

CoulombScat:   for  anti_proton, integral: 1     SubType= 1  BuildTable= 1
      Lambda table from threshold  to 10 TeV, 7 bins per decade, spline: 1
      180 < Theta(degree) < 180; pLimit(GeV^1)= 0.139531
      ===== EM models for the G4Region  DefaultRegionForTheWorld ======
  eCoulombScattering :  Emin=        0 eV    Emax=       10 TeV
/home/gamos/gamos/external/geant4/geant4.10.02.gamos/../data/G4TENDL1.3/Deuteron
@@@ G4ParticleHPInelastic instantiated for particle deuteron data directory variable is G4DEUTERONHPDATA pointing to /home/gamos/gamos/external/geant4/geant4.10.02.gamos/../data/G4TENDL1.3/Deuteron/Inelastic

msc:   for kaon+    SubType= 10
      RangeFactor= 0.2, step limit type: 0, lateralDisplacement: 0, polarAngleLimit(deg)= 180
      ===== EM models for the G4Region  DefaultRegionForTheWorld ======
        WentzelVIUni :  Emin=        0 eV    Emax=       10 TeV  Table with 77 bins Emin=    100 eV    Emax=     10 TeV

hIoni:   for  kaon+    SubType= 2
      dE/dx and range tables from 100 eV  to 10 TeV in 77 bins
      Lambda tables from threshold to 10 TeV, 7 bins per decade, spline: 1
      finalRange(mm)= 0.1, dRoverRange= 0.2, integral: 1, fluct: 1, linLossLimit= 0.01
      ===== EM models for the G4Region  DefaultRegionForTheWorld ======
               Bragg :  Emin=        0 eV    Emax=  1.05231 MeV
          BetheBloch :  Emin=  1.05231 MeV   Emax=       10 TeV

hBrems:   for  kaon+    SubType= 3
      dE/dx and range tables from 100 eV  to 10 TeV in 77 bins
      Lambda tables from threshold to 10 TeV, 7 bins per decade, spline: 1
      ===== EM models for the G4Region  DefaultRegionForTheWorld ======
               hBrem :  Emin=        0 eV    Emax=       10 TeV

hPairProd:   for  kaon+    SubType= 4
      dE/dx and range tables from 100 eV  to 10 TeV in 77 bins
      Lambda tables from threshold to 10 TeV, 7 bins per decade, spline: 1
      Sampling table 14x1001; from 3.94942 GeV to 10 TeV 
      ===== EM models for the G4Region  DefaultRegionForTheWorld ======
           hPairProd :  Emin=        0 eV    Emax=       10 TeV

CoulombScat:   for  kaon+, integral: 1     SubType= 1  BuildTable= 1
      Lambda table from threshold  to 10 TeV, 7 bins per decade, spline: 1
      180 < Theta(degree) < 180; pLimit(GeV^1)= 0.139531
      ===== EM models for the G4Region  DefaultRegionForTheWorld ======
  eCoulombScattering :  Emin=        0 eV    Emax=       10 TeV

msc:   for kaon-    SubType= 10
      RangeFactor= 0.2, step limit type: 0, lateralDisplacement: 0, polarAngleLimit(deg)= 180
      ===== EM models for the G4Region  DefaultRegionForTheWorld ======
        WentzelVIUni :  Emin=        0 eV    Emax=       10 TeV  Table with 77 bins Emin=    100 eV    Emax=     10 TeV

hIoni:   for  kaon-    SubType= 2
      dE/dx and range tables from 100 eV  to 10 TeV in 77 bins
      Lambda tables from threshold to 10 TeV, 7 bins per decade, spline: 1
      finalRange(mm)= 0.1, dRoverRange= 0.2, integral: 1, fluct: 1, linLossLimit= 0.01
      ===== EM models for the G4Region  DefaultRegionForTheWorld ======
            ICRU73QO :  Emin=        0 eV    Emax=  1.05231 MeV
          BetheBloch :  Emin=  1.05231 MeV   Emax=       10 TeV

hBrems:   for  kaon-    SubType= 3
      dE/dx and range tables from 100 eV  to 10 TeV in 77 bins
      Lambda tables from threshold to 10 TeV, 7 bins per decade, spline: 1
      ===== EM models for the G4Region  DefaultRegionForTheWorld ======
               hBrem :  Emin=        0 eV    Emax=       10 TeV

hPairProd:   for  kaon-    SubType= 4
      dE/dx and range tables from 100 eV  to 10 TeV in 77 bins
      Lambda tables from threshold to 10 TeV, 7 bins per decade, spline: 1
      Sampling table 14x1001; from 3.94942 GeV to 10 TeV 
      ===== EM models for the G4Region  DefaultRegionForTheWorld ======
           hPairProd :  Emin=        0 eV    Emax=       10 TeV

CoulombScat:   for  kaon-, integral: 1     SubType= 1  BuildTable= 1
      Used Lambda table of kaon+
      180 < Theta(degree) < 180; pLimit(GeV^1)= 0.139531
      ===== EM models for the G4Region  DefaultRegionForTheWorld ======
  eCoulombScattering :  Emin=        0 eV    Emax=       10 TeV

msc:   for mu+    SubType= 10
      RangeFactor= 0.2, step limit type: 0, lateralDisplacement: 0, polarAngleLimit(deg)= 180
      ===== EM models for the G4Region  DefaultRegionForTheWorld ======
        WentzelVIUni :  Emin=        0 eV    Emax=       10 TeV  Table with 77 bins Emin=    100 eV    Emax=     10 TeV

muIoni:   for  mu+    SubType= 2
      dE/dx and range tables from 100 eV  to 10 TeV in 77 bins
      Lambda tables from threshold to 10 TeV, 7 bins per decade, spline: 1
      finalRange(mm)= 1, dRoverRange= 0.2, integral: 1, fluct: 1, linLossLimit= 0.01
      ===== EM models for the G4Region  DefaultRegionForTheWorld ======
               Bragg :  Emin=        0 eV    Emax=      200 keV
          BetheBloch :  Emin=      200 keV   Emax=        1 GeV
        MuBetheBloch :  Emin=        1 GeV   Emax=       10 TeV

muBrems:   for  mu+    SubType= 3
      dE/dx and range tables from 100 eV  to 10 TeV in 77 bins
      Lambda tables from threshold to 10 TeV, 7 bins per decade, spline: 1
      ===== EM models for the G4Region  DefaultRegionForTheWorld ======
              MuBrem :  Emin=        0 eV    Emax=       10 TeV

muPairProd:   for  mu+    SubType= 4
      dE/dx and range tables from 100 eV  to 10 TeV in 77 bins
      Lambda tables from threshold to 10 TeV, 7 bins per decade, spline: 1
      Sampling table 17x1001; from 1 GeV to 10 TeV 
      ===== EM models for the G4Region  DefaultRegionForTheWorld ======
          muPairProd :  Emin=        0 eV    Emax=       10 TeV

CoulombScat:   for  mu+, integral: 1     SubType= 1  BuildTable= 1
      Lambda table from threshold  to 10 TeV, 7 bins per decade, spline: 1
      180 < Theta(degree) < 180; pLimit(GeV^1)= 0.139531
      ===== EM models for the G4Region  DefaultRegionForTheWorld ======
  eCoulombScattering :  Emin=        0 eV    Emax=       10 TeV

msc:   for mu-    SubType= 10
      RangeFactor= 0.2, step limit type: 0, lateralDisplacement: 0, polarAngleLimit(deg)= 180
      ===== EM models for the G4Region  DefaultRegionForTheWorld ======
        WentzelVIUni :  Emin=        0 eV    Emax=       10 TeV  Table with 77 bins Emin=    100 eV    Emax=     10 TeV

muIoni:   for  mu-    SubType= 2
      dE/dx and range tables from 100 eV  to 10 TeV in 77 bins
      Lambda tables from threshold to 10 TeV, 7 bins per decade, spline: 1
      finalRange(mm)= 1, dRoverRange= 0.2, integral: 1, fluct: 1, linLossLimit= 0.01
      ===== EM models for the G4Region  DefaultRegionForTheWorld ======
            ICRU73QO :  Emin=        0 eV    Emax=      200 keV
          BetheBloch :  Emin=      200 keV   Emax=        1 GeV
        MuBetheBloch :  Emin=        1 GeV   Emax=       10 TeV

muBrems:   for  mu-    SubType= 3
      dE/dx and range tables from 100 eV  to 10 TeV in 77 bins
      Lambda tables from threshold to 10 TeV, 7 bins per decade, spline: 1
      ===== EM models for the G4Region  DefaultRegionForTheWorld ======
              MuBrem :  Emin=        0 eV    Emax=       10 TeV

muPairProd:   for  mu-    SubType= 4
      dE/dx and range tables from 100 eV  to 10 TeV in 77 bins
      Lambda tables from threshold to 10 TeV, 7 bins per decade, spline: 1
      Sampling table 17x1001; from 1 GeV to 10 TeV 
      ===== EM models for the G4Region  DefaultRegionForTheWorld ======
          muPairProd :  Emin=        0 eV    Emax=       10 TeV

CoulombScat:   for  mu-, integral: 1     SubType= 1  BuildTable= 1
      Used Lambda table of mu+
      180 < Theta(degree) < 180; pLimit(GeV^1)= 0.139531
      ===== EM models for the G4Region  DefaultRegionForTheWorld ======
  eCoulombScattering :  Emin=        0 eV    Emax=       10 TeV
NeutronHP: /Capture file for Z = 6, A = 12 is not found and NeutronHP will use /home/gamos/gamos/external/geant4/geant4.10.02.gamos/../data/G4NDL4.5/Capture/CrossSection/6_nat_Carbon
NeutronHP: /Elastic file for Z = 6, A = 12 is not found and NeutronHP will use /home/gamos/gamos/external/geant4/geant4.10.02.gamos/../data/G4NDL4.5/Elastic/CrossSection/6_nat_Carbon
NeutronHP: /Inelastic file for Z = 6, A = 12 is not found and NeutronHP will use /home/gamos/gamos/external/geant4/geant4.10.02.gamos/../data/G4NDL4.5/Inelastic/CrossSection/6_nat_Carbon
NeutronHP: /Capture file for Z = 6, A = 13 is not found and NeutronHP will use /home/gamos/gamos/external/geant4/geant4.10.02.gamos/../data/G4NDL4.5/Capture/CrossSection/6_nat_Carbon
NeutronHP: /Elastic file for Z = 6, A = 13 is not found and NeutronHP will use /home/gamos/gamos/external/geant4/geant4.10.02.gamos/../data/G4NDL4.5/Elastic/CrossSection/6_nat_Carbon
NeutronHP: /Inelastic file for Z = 6, A = 13 is not found and NeutronHP will use /home/gamos/gamos/external/geant4/geant4.10.02.gamos/../data/G4NDL4.5/Inelastic/CrossSection/6_nat_Carbon
NeutronHP: /Capture file for Z = 8, A = 18 is not found and CrossSection set to 0.
NeutronHP: /Elastic file for Z = 8, A = 18 is not found and CrossSection set to 0.
NeutronHP: /Inelastic file for Z = 8, A = 18 is not found and CrossSection set to 0.
NeutronHP: /Elastic file for Z = 6, A = 12 is not found and NeutronHP will use /home/gamos/gamos/external/geant4/geant4.10.02.gamos/../data/G4NDL4.5/Elastic/CrossSection/6_nat_Carbon
NeutronHP: /Elastic file for Z = 6, A = 13 is not found and NeutronHP will use /home/gamos/gamos/external/geant4/geant4.10.02.gamos/../data/G4NDL4.5/Elastic/CrossSection/6_nat_Carbon
NeutronHP: /Elastic file for Z = 8, A = 18 is not found and CrossSection set to 0.
/home/gamos/gamos/external/geant4/geant4.10.02.gamos/../data/G4NDL4.5
@@@ G4ParticleHPInelastic instantiated for particle neutron data directory variable is G4NEUTRONHPDATA pointing to /home/gamos/gamos/external/geant4/geant4.10.02.gamos/../data/G4NDL4.5/Inelastic
NeutronHP: /Capture file for Z = 6, A = 12 is not found and NeutronHP will use /home/gamos/gamos/external/geant4/geant4.10.02.gamos/../data/G4NDL4.5/Capture/CrossSection/6_nat_Carbon
NeutronHP: /Capture file for Z = 6, A = 13 is not found and NeutronHP will use /home/gamos/gamos/external/geant4/geant4.10.02.gamos/../data/G4NDL4.5/Capture/CrossSection/6_nat_Carbon
NeutronHP: /Capture file for Z = 8, A = 18 is not found and CrossSection set to 0.

msc:   for pi+    SubType= 10
      RangeFactor= 0.2, step limit type: 0, lateralDisplacement: 0, polarAngleLimit(deg)= 180
      ===== EM models for the G4Region  DefaultRegionForTheWorld ======
        WentzelVIUni :  Emin=        0 eV    Emax=       10 TeV  Table with 77 bins Emin=    100 eV    Emax=     10 TeV

hIoni:   for  pi+    SubType= 2
      dE/dx and range tables from 100 eV  to 10 TeV in 77 bins
      Lambda tables from threshold to 10 TeV, 7 bins per decade, spline: 1
      finalRange(mm)= 0.1, dRoverRange= 0.2, integral: 1, fluct: 1, linLossLimit= 0.01
      ===== EM models for the G4Region  DefaultRegionForTheWorld ======
               Bragg :  Emin=        0 eV    Emax=  297.505 keV
          BetheBloch :  Emin=  297.505 keV   Emax=       10 TeV

hBrems:   for  pi+    SubType= 3
      dE/dx and range tables from 100 eV  to 10 TeV in 77 bins
      Lambda tables from threshold to 10 TeV, 7 bins per decade, spline: 1
      ===== EM models for the G4Region  DefaultRegionForTheWorld ======
               hBrem :  Emin=        0 eV    Emax=       10 TeV

hPairProd:   for  pi+    SubType= 4
      dE/dx and range tables from 100 eV  to 10 TeV in 77 bins
      Lambda tables from threshold to 10 TeV, 7 bins per decade, spline: 1
      Sampling table 16x1001; from 1.11656 GeV to 10 TeV 
      ===== EM models for the G4Region  DefaultRegionForTheWorld ======
           hPairProd :  Emin=        0 eV    Emax=       10 TeV

CoulombScat:   for  pi+, integral: 1     SubType= 1  BuildTable= 1
      Lambda table from threshold  to 10 TeV, 7 bins per decade, spline: 1
      180 < Theta(degree) < 180; pLimit(GeV^1)= 0.139531
      ===== EM models for the G4Region  DefaultRegionForTheWorld ======
  eCoulombScattering :  Emin=        0 eV    Emax=       10 TeV

msc:   for pi-    SubType= 10
      RangeFactor= 0.2, step limit type: 0, lateralDisplacement: 0, polarAngleLimit(deg)= 180
      ===== EM models for the G4Region  DefaultRegionForTheWorld ======
        WentzelVIUni :  Emin=        0 eV    Emax=       10 TeV  Table with 77 bins Emin=    100 eV    Emax=     10 TeV

hIoni:   for  pi-    SubType= 2
      dE/dx and range tables from 100 eV  to 10 TeV in 77 bins
      Lambda tables from threshold to 10 TeV, 7 bins per decade, spline: 1
      finalRange(mm)= 0.1, dRoverRange= 0.2, integral: 1, fluct: 1, linLossLimit= 0.01
      ===== EM models for the G4Region  DefaultRegionForTheWorld ======
            ICRU73QO :  Emin=        0 eV    Emax=  297.505 keV
          BetheBloch :  Emin=  297.505 keV   Emax=       10 TeV

hBrems:   for  pi-    SubType= 3
      dE/dx and range tables from 100 eV  to 10 TeV in 77 bins
      Lambda tables from threshold to 10 TeV, 7 bins per decade, spline: 1
      ===== EM models for the G4Region  DefaultRegionForTheWorld ======
               hBrem :  Emin=        0 eV    Emax=       10 TeV

hPairProd:   for  pi-    SubType= 4
      dE/dx and range tables from 100 eV  to 10 TeV in 77 bins
      Lambda tables from threshold to 10 TeV, 7 bins per decade, spline: 1
      Sampling table 16x1001; from 1.11656 GeV to 10 TeV 
      ===== EM models for the G4Region  DefaultRegionForTheWorld ======
           hPairProd :  Emin=        0 eV    Emax=       10 TeV

CoulombScat:   for  pi-, integral: 1     SubType= 1  BuildTable= 1
      Used Lambda table of pi+
      180 < Theta(degree) < 180; pLimit(GeV^1)= 0.139531
      ===== EM models for the G4Region  DefaultRegionForTheWorld ======
  eCoulombScattering :  Emin=        0 eV    Emax=       10 TeV
/home/gamos/gamos/external/geant4/geant4.10.02.gamos/../data/G4TENDL1.3/Triton
@@@ G4ParticleHPInelastic instantiated for particle triton data directory variable is G4TRITONHPDATA pointing to /home/gamos/gamos/external/geant4/geant4.10.02.gamos/../data/G4TENDL1.3/Triton/Inelastic

====================================================================
                  HADRONIC PROCESSES SUMMARY (verbose level 1)

---------------------------------------------------
                           Hadronic Processes for GenericIon

  Process: ionInelastic
        Model:  Binary Light Ion Cascade: 0 eV /n ---> 4 GeV/n
        Model:                      FTFP: 2 GeV/n ---> 100 TeV/n
     Cr_sctns: Glauber-Gribov nucleus nucleus: 0 eV  ---> 2.88022e+295 J  
     Cr_sctns:          GheishaInelastic: 0 eV  ---> 100 TeV

---------------------------------------------------
                           Hadronic Processes for He3

  Process: he3Inelastic
        Model:       ParticleHPInelastic: 0 eV /n ---> 200 MeV/n
        Model:            Binary Cascade: 200 MeV/n ---> 9.9 GeV/n
     Cr_sctns:          He3HPInelasticXS: 0 eV  ---> 200 MeV
     Cr_sctns:          GheishaInelastic: 0 eV  ---> 100 TeV

  Process: He3Inelastic
        Model:  Binary Light Ion Cascade: 0 eV /n ---> 4 GeV/n
        Model:                      FTFP: 2 GeV/n ---> 100 TeV/n
     Cr_sctns: Glauber-Gribov nucleus nucleus: 0 eV  ---> 2.88022e+295 J  
     Cr_sctns:          GheishaInelastic: 0 eV  ---> 100 TeV

---------------------------------------------------
                           Hadronic Processes for alpha

  Process: hadElastic
        Model:              hElasticLHEP: 0 eV /n ---> 100 TeV/n
     Cr_sctns:            GheishaElastic: 0 eV  ---> 100 TeV

  Process: alphaInelastic
        Model:       ParticleHPInelastic: 0 eV /n ---> 200 MeV/n
        Model:            Binary Cascade: 200 MeV/n ---> 9.9 GeV/n
     Cr_sctns:        AlphaHPInelasticXS: 0 eV  ---> 200 MeV
     Cr_sctns:          GheishaInelastic: 0 eV  ---> 100 TeV

  Process: alphaInelastic
        Model:  Binary Light Ion Cascade: 0 eV /n ---> 4 GeV/n
        Model:                      FTFP: 2 GeV/n ---> 100 TeV/n
     Cr_sctns: Glauber-Gribov nucleus nucleus: 0 eV  ---> 2.88022e+295 J  
     Cr_sctns:          GheishaInelastic: 0 eV  ---> 100 TeV

---------------------------------------------------
                           Hadronic Processes for anti_He3

  Process: hadElastic
        Model:              hElasticLHEP: 0 eV /n ---> 100.1 MeV/n
        Model:              AntiAElastic: 100 MeV/n ---> 100 TeV/n
     Cr_sctns:              AntiAGlauber: 0 eV  ---> 2.88022e+295 J  
     Cr_sctns:            GheishaElastic: 0 eV  ---> 100 TeV

  Process: anti_He3Inelastic
        Model:                      FTFP: 0 eV /n ---> 100 TeV/n
     Cr_sctns:              AntiAGlauber: 0 eV  ---> 2.88022e+295 J  
     Cr_sctns:          GheishaInelastic: 0 eV  ---> 100 TeV

  Process: hFritiofCaptureAtRest

---------------------------------------------------
                           Hadronic Processes for anti_alpha

  Process: hadElastic
        Model:              hElasticLHEP: 0 eV /n ---> 100.1 MeV/n
        Model:              AntiAElastic: 100 MeV/n ---> 100 TeV/n
     Cr_sctns:              AntiAGlauber: 0 eV  ---> 2.88022e+295 J  
     Cr_sctns:            GheishaElastic: 0 eV  ---> 100 TeV

  Process: anti_alphaInelastic
        Model:                      FTFP: 0 eV /n ---> 100 TeV/n
     Cr_sctns:              AntiAGlauber: 0 eV  ---> 2.88022e+295 J  
     Cr_sctns:          GheishaInelastic: 0 eV  ---> 100 TeV

  Process: hFritiofCaptureAtRest

---------------------------------------------------
                           Hadronic Processes for anti_deuteron

  Process: hadElastic
        Model:              hElasticLHEP: 0 eV /n ---> 100.1 MeV/n
        Model:              AntiAElastic: 100 MeV/n ---> 100 TeV/n
     Cr_sctns:              AntiAGlauber: 0 eV  ---> 2.88022e+295 J  
     Cr_sctns:            GheishaElastic: 0 eV  ---> 100 TeV

  Process: anti_deuteronInelastic
        Model:                      FTFP: 0 eV /n ---> 100 TeV/n
     Cr_sctns:              AntiAGlauber: 0 eV  ---> 2.88022e+295 J  
     Cr_sctns:          GheishaInelastic: 0 eV  ---> 100 TeV

  Process: hFritiofCaptureAtRest

---------------------------------------------------
                           Hadronic Processes for anti_neutron

  Process: hadElastic
        Model:              hElasticLHEP: 0 eV  ---> 100 TeV
     Cr_sctns:            GheishaElastic: 0 eV  ---> 100 TeV

  Process: anti_neutronInelastic
        Model:                      FTFP: 0 eV  ---> 100 TeV
     Cr_sctns:              AntiAGlauber: 0 eV  ---> 2.88022e+295 J  
     Cr_sctns:          GheishaInelastic: 0 eV  ---> 100 TeV

---------------------------------------------------
                           Hadronic Processes for anti_proton

  Process: hadElastic
        Model:              hElasticLHEP: 0 eV  ---> 100.1 MeV
        Model:              AntiAElastic: 100 MeV ---> 100 TeV
     Cr_sctns:              AntiAGlauber: 0 eV  ---> 2.88022e+295 J  
     Cr_sctns:            GheishaElastic: 0 eV  ---> 100 TeV

  Process: anti_protonInelastic
        Model:                      FTFP: 0 eV  ---> 100 TeV
     Cr_sctns:              AntiAGlauber: 0 eV  ---> 2.88022e+295 J  
     Cr_sctns:          GheishaInelastic: 0 eV  ---> 100 TeV

  Process: hFritiofCaptureAtRest

---------------------------------------------------
                           Hadronic Processes for anti_triton

  Process: hadElastic
        Model:              hElasticLHEP: 0 eV /n ---> 100.1 MeV/n
        Model:              AntiAElastic: 100 MeV/n ---> 100 TeV/n
     Cr_sctns:              AntiAGlauber: 0 eV  ---> 2.88022e+295 J  
     Cr_sctns:            GheishaElastic: 0 eV  ---> 100 TeV

  Process: anti_tritonInelastic
        Model:                      FTFP: 0 eV /n ---> 100 TeV/n
     Cr_sctns:              AntiAGlauber: 0 eV  ---> 2.88022e+295 J  
     Cr_sctns:          GheishaInelastic: 0 eV  ---> 100 TeV

  Process: hFritiofCaptureAtRest

---------------------------------------------------
                           Hadronic Processes for deuteron

  Process: hadElastic
        Model:              hElasticLHEP: 0 eV /n ---> 100 TeV/n
     Cr_sctns:            GheishaElastic: 0 eV  ---> 100 TeV

  Process: dInelastic
        Model:       ParticleHPInelastic: 0 eV /n ---> 200 MeV/n
        Model:            Binary Cascade: 200 MeV/n ---> 9.9 GeV/n
     Cr_sctns:     DeuteronHPInelasticXS: 0 eV  ---> 200 MeV
     Cr_sctns:          GheishaInelastic: 0 eV  ---> 100 TeV

  Process: dInelastic
        Model:  Binary Light Ion Cascade: 0 eV /n ---> 4 GeV/n
        Model:                      FTFP: 2 GeV/n ---> 100 TeV/n
     Cr_sctns: Glauber-Gribov nucleus nucleus: 0 eV  ---> 2.88022e+295 J  
     Cr_sctns:          GheishaInelastic: 0 eV  ---> 100 TeV

---------------------------------------------------
                           Hadronic Processes for e+

  Process: positronNuclear
        Model:   G4ElectroVDNuclearModel: 0 eV  ---> 1 PeV
     Cr_sctns:          ElectroNuclearXS: 0 eV  ---> 100 TeV
     Cr_sctns:          GheishaInelastic: 0 eV  ---> 100 TeV

---------------------------------------------------
                           Hadronic Processes for e-

  Process: electronNuclear
        Model:   G4ElectroVDNuclearModel: 0 eV  ---> 1 PeV
     Cr_sctns:          ElectroNuclearXS: 0 eV  ---> 100 TeV
     Cr_sctns:          GheishaInelastic: 0 eV  ---> 100 TeV

---------------------------------------------------
                           Hadronic Processes for gamma

  Process: photonNuclear
        Model:            BertiniCascade: 0 eV  ---> 3.5 GeV
        Model:           TheoFSGenerator: 3 GeV ---> 100 TeV
     Cr_sctns:            PhotoNuclearXS: 0 eV  ---> 100 TeV
     Cr_sctns:          GheishaInelastic: 0 eV  ---> 100 TeV

---------------------------------------------------
                           Hadronic Processes for kaon+

  Process: hadElastic
        Model:              hElasticLHEP: 0 eV  ---> 100 TeV
     Cr_sctns:            GheishaElastic: 0 eV  ---> 100 TeV

  Process: kaon+Inelastic
        Model:                      QGSP: 12 GeV ---> 100 TeV
        Model:                      FTFP: 4 GeV ---> 25 GeV
        Model:            BertiniCascade: 0 eV  ---> 5 GeV
     Cr_sctns:            Glauber-Gribov: 0 eV  ---> 2.88022e+295 J  
     Cr_sctns:  ChipsKaonPlusInelasticXS: 0 eV  ---> 100 TeV
     Cr_sctns:          GheishaInelastic: 0 eV  ---> 100 TeV

---------------------------------------------------
                           Hadronic Processes for kaon-

  Process: hadElastic
        Model:              hElasticLHEP: 0 eV  ---> 100 TeV
     Cr_sctns:            GheishaElastic: 0 eV  ---> 100 TeV

  Process: kaon-Inelastic
        Model:                      QGSP: 12 GeV ---> 100 TeV
        Model:                      FTFP: 4 GeV ---> 25 GeV
        Model:            BertiniCascade: 0 eV  ---> 5 GeV
     Cr_sctns:            Glauber-Gribov: 0 eV  ---> 2.88022e+295 J  
     Cr_sctns: ChipsKaonMinusInelasticXS: 0 eV  ---> 100 TeV
     Cr_sctns:          GheishaInelastic: 0 eV  ---> 100 TeV

  Process: hBertiniCaptureAtRest

---------------------------------------------------
                           Hadronic Processes for lambda

  Process: hadElastic
        Model:              hElasticLHEP: 0 eV  ---> 100 TeV
     Cr_sctns:            GheishaElastic: 0 eV  ---> 100 TeV

  Process: lambdaInelastic
        Model:            BertiniCascade: 0 eV  ---> 6 GeV
        Model:                      FTFP: 2 GeV ---> 100 TeV
     Cr_sctns:   ChipsHyperonInelasticXS: 0 eV  ---> 100 TeV
     Cr_sctns:          GheishaInelastic: 0 eV  ---> 100 TeV

---------------------------------------------------
                           Hadronic Processes for mu+

  Process: muonNuclear
        Model:      G4MuonVDNuclearModel: 0 eV  ---> 1 PeV
     Cr_sctns:     KokoulinMuonNuclearXS: 0 eV  ---> 100 TeV

---------------------------------------------------
                           Hadronic Processes for mu-

  Process: muonNuclear
        Model:      G4MuonVDNuclearModel: 0 eV  ---> 1 PeV
     Cr_sctns:     KokoulinMuonNuclearXS: 0 eV  ---> 100 TeV

  Process: muMinusCaptureAtRest

---------------------------------------------------
                           Hadronic Processes for neutron

  Process: hadElastic
        Model:             hElasticCHIPS: 19.5 MeV ---> 100 TeV
        Model:          NeutronHPElastic: 0 eV  ---> 20 MeV
     Cr_sctns:        NeutronHPElasticXS: 0 eV  ---> 20 MeV
     Cr_sctns:        G4NeutronElasticXS: 0 eV  ---> 100 TeV
     Cr_sctns:            GheishaElastic: 0 eV  ---> 100 TeV

  Process: neutronInelastic
        Model:                      QGSP: 12 GeV ---> 100 TeV
        Model:                      FTFP: 9.5 GeV ---> 25 GeV
        Model:            Binary Cascade: 19.9 MeV ---> 9.9 GeV
        Model:       ParticleHPInelastic: 0 eV  ---> 20 MeV
     Cr_sctns:      NeutronHPInelasticXS: 0 eV  ---> 20 MeV
     Cr_sctns:       Barashenkov-Glauber: 0 eV  ---> 100 TeV
     Cr_sctns:       Barashenkov-Glauber: 0 eV  ---> 100 TeV
     Cr_sctns:          GheishaInelastic: 0 eV  ---> 100 TeV

  Process: nCapture
        Model:          NeutronHPCapture: 0 eV  ---> 20 MeV
        Model:               nRadCapture: 19.9 MeV ---> 100 TeV
     Cr_sctns:        NeutronHPCaptureXS: 0 eV  ---> 20 MeV
     Cr_sctns:        G4NeutronCaptureXS: 0 eV  ---> 100 TeV
     Cr_sctns:        NeutronHPCaptureXS: 0 eV  ---> 20 MeV
     Cr_sctns:          GheishaCaptureXS: 0 eV  ---> 100 TeV

  Process: nFission
        Model:          NeutronHPFission: 0 eV  ---> 20 MeV
        Model:                G4LFission: 19.9 MeV ---> 2.88022e+295 J  
     Cr_sctns:        NeutronHPFissionXS: 0 eV  ---> 20 MeV
     Cr_sctns:          GheishaFissionXS: 0 eV  ---> 100 TeV

---------------------------------------------------
                           Hadronic Processes for pi+

  Process: hadElastic
        Model:              hElasticLHEP: 0 eV  ---> 1.0001 GeV
        Model:           hElasticGlauber: 1 GeV ---> 100 TeV
     Cr_sctns:       Barashenkov-Glauber: 0 eV  ---> 100 TeV
     Cr_sctns:            GheishaElastic: 0 eV  ---> 100 TeV

  Process: pi+Inelastic
        Model:                      QGSP: 12 GeV ---> 100 TeV
        Model:                      FTFP: 4 GeV ---> 25 GeV
        Model:            BertiniCascade: 0 eV  ---> 5 GeV
     Cr_sctns:      G4CrossSectionPairGG: 0 eV  ---> 100 TeV
                         G4CrossSectionPairGG: G4PiNuclearCrossSection cross sections 
                           below 91 GeV, Glauber-Gribov above 
     Cr_sctns:      G4CrossSectionPairGG: 0 eV  ---> 100 TeV
                         G4CrossSectionPairGG: G4PiNuclearCrossSection cross sections 
                           below 91 GeV, Glauber-Gribov above 
     Cr_sctns:          GheishaInelastic: 0 eV  ---> 100 TeV

---------------------------------------------------
                           Hadronic Processes for pi-

  Process: hadElastic
        Model:              hElasticLHEP: 0 eV  ---> 1.0001 GeV
        Model:           hElasticGlauber: 1 GeV ---> 100 TeV
     Cr_sctns:       Barashenkov-Glauber: 0 eV  ---> 100 TeV
     Cr_sctns:            GheishaElastic: 0 eV  ---> 100 TeV

  Process: pi-Inelastic
        Model:                      QGSP: 12 GeV ---> 100 TeV
        Model:                      FTFP: 4 GeV ---> 25 GeV
        Model:            BertiniCascade: 0 eV  ---> 5 GeV
     Cr_sctns:      G4CrossSectionPairGG: 0 eV  ---> 100 TeV
                         G4CrossSectionPairGG: G4PiNuclearCrossSection cross sections 
                           below 91 GeV, Glauber-Gribov above 
     Cr_sctns:      G4CrossSectionPairGG: 0 eV  ---> 100 TeV
                         G4CrossSectionPairGG: G4PiNuclearCrossSection cross sections 
                           below 91 GeV, Glauber-Gribov above 
     Cr_sctns:          GheishaInelastic: 0 eV  ---> 100 TeV

  Process: hBertiniCaptureAtRest

---------------------------------------------------
                           Hadronic Processes for proton

  Process: hadElastic
        Model:             hElasticCHIPS: 0 eV  ---> 100 TeV
     Cr_sctns:      ChipsProtonElasticXS: 0 eV  ---> 100 TeV
     Cr_sctns:            GheishaElastic: 0 eV  ---> 100 TeV

  Process: protonInelastic
        Model:                      QGSP: 12 GeV ---> 100 TeV
        Model:                      FTFP: 9.5 GeV ---> 25 GeV
        Model:            Binary Cascade: 200 MeV ---> 9.9 GeV
        Model:       ParticleHPInelastic: 0 eV  ---> 200 MeV
     Cr_sctns:       ProtonHPInelasticXS: 0 eV  ---> 200 MeV
     Cr_sctns:       Barashenkov-Glauber: 0 eV  ---> 100 TeV
     Cr_sctns:       Barashenkov-Glauber: 0 eV  ---> 100 TeV
     Cr_sctns:          GheishaInelastic: 0 eV  ---> 100 TeV

---------------------------------------------------
                           Hadronic Processes for triton

  Process: hadElastic
        Model:              hElasticLHEP: 0 eV /n ---> 100 TeV/n
     Cr_sctns:            GheishaElastic: 0 eV  ---> 100 TeV

  Process: tInelastic
        Model:       ParticleHPInelastic: 0 eV /n ---> 200 MeV/n
        Model:            Binary Cascade: 200 MeV/n ---> 9.9 GeV/n
     Cr_sctns:       TritonHPInelasticXS: 0 eV  ---> 200 MeV
     Cr_sctns:          GheishaInelastic: 0 eV  ---> 100 TeV

  Process: tInelastic
        Model:  Binary Light Ion Cascade: 0 eV /n ---> 4 GeV/n
        Model:                      FTFP: 2 GeV/n ---> 100 TeV/n
     Cr_sctns: Glauber-Gribov nucleus nucleus: 0 eV  ---> 2.88022e+295 J  
     Cr_sctns:          GheishaInelastic: 0 eV  ---> 100 TeV

================================================================

========= Table of registered couples ==============================

Index : 0     used in the geometry : Yes
 Material : G4_AIR
 Range cuts        :  gamma  700 um     e-  700 um     e+  700 um  proton 700 um 
 Energy thresholds :  gamma  990 eV     e-  990 eV     e+  990 eV  proton 70 keV
 Region(s) which use this couple : 
    DefaultRegionForTheWorld

Index : 1     used in the geometry : Yes
 Material : PMMA
 Range cuts        :  gamma  700 um     e-  700 um     e+  700 um  proton 700 um 
 Energy thresholds :  gamma  2.40367 keV    e-  307.625 keV    e+  299.466 keV proton 70 keV
 Region(s) which use this couple : 
    DefaultRegionForTheWorld

Index : 2     used in the geometry : Yes
 Material : BGO
 Range cuts        :  gamma  700 um     e-  700 um     e+  700 um  proton 700 um 
 Energy thresholds :  gamma  64.7043 keV    e-  767.248 keV    e+  727.089 keV proton 70 keV
 Region(s) which use this couple : 
    DefaultRegionForTheWorld

====================================================================

### Run 0 starts.
 %%% EVENT 0 NTRACKS 12 TOTAL NTRACKS 12
 %%% EVENT 1000 NTRACKS 14 TOTAL NTRACKS 13257
 %%% EVENT 2000 NTRACKS 8 TOTAL NTRACKS 26754
 %%% EVENT 3000 NTRACKS 8 TOTAL NTRACKS 39561
 %%% EVENT 4000 NTRACKS 9 TOTAL NTRACKS 53460
 %%% EVENT 5000 NTRACKS 11 TOTAL NTRACKS 66878
 %%% EVENT 6000 NTRACKS 11 TOTAL NTRACKS 80213
 %%% EVENT 7000 NTRACKS 11 TOTAL NTRACKS 93227
 %%% EVENT 8000 NTRACKS 16 TOTAL NTRACKS 106481
 %%% EVENT 9000 NTRACKS 10 TOTAL NTRACKS 119446
 %%% EVENT 10000 NTRACKS 6 TOTAL NTRACKS 131892
 %%% EVENT 11000 NTRACKS 11 TOTAL NTRACKS 144670
 %%% EVENT 12000 NTRACKS 19 TOTAL NTRACKS 158210

-------- WWWW ------- G4Exception-START -------- WWWW -------
*** G4Exception : de0001
      issued by : G4AtomicTransitionManager::Shell()
No de-excitation for Z= 3  shellIndex= 2>=  numberOfShells= 2 AtomicShell not found

*** This is just a warning message. ***
-------- WWWW -------- G4Exception-END --------- WWWW -------

 %%% EVENT 13000 NTRACKS 11 TOTAL NTRACKS 172456
 %%% EVENT 14000 NTRACKS 13 TOTAL NTRACKS 186275
 %%% EVENT 15000 NTRACKS 9 TOTAL NTRACKS 199219
 %%% EVENT 16000 NTRACKS 17 TOTAL NTRACKS 212500

-------- WWWW ------- G4Exception-START -------- WWWW -------
*** G4Exception : de0001
      issued by : G4AtomicTransitionManager::Shell()
No de-excitation for Z= 3  shellIndex= 2>=  numberOfShells= 2 AtomicShell not found

*** This is just a warning message. ***
-------- WWWW -------- G4Exception-END --------- WWWW -------

 %%% EVENT 17000 NTRACKS 11 TOTAL NTRACKS 225422
 %%% EVENT 18000 NTRACKS 16 TOTAL NTRACKS 238698
 %%% EVENT 19000 NTRACKS 11 TOTAL NTRACKS 252270
 %%% EVENT 20000 NTRACKS 9 TOTAL NTRACKS 265165
 %%% EVENT 21000 NTRACKS 10 TOTAL NTRACKS 278249
 %%% EVENT 22000 NTRACKS 5 TOTAL NTRACKS 290700
 %%% EVENT 23000 NTRACKS 7 TOTAL NTRACKS 303688
 %%% EVENT 24000 NTRACKS 10 TOTAL NTRACKS 316218
 %%% EVENT 25000 NTRACKS 12 TOTAL NTRACKS 329592
 %%% EVENT 26000 NTRACKS 17 TOTAL NTRACKS 342340
 %%% EVENT 27000 NTRACKS 14 TOTAL NTRACKS 356386
 %%% EVENT 28000 NTRACKS 16 TOTAL NTRACKS 369501

-------- WWWW ------- G4Exception-START -------- WWWW -------
*** G4Exception : de0001
      issued by : G4AtomicTransitionManager::Shell()
No de-excitation for Z= 3  shellIndex= 2>=  numberOfShells= 2 AtomicShell not found

*** This is just a warning message. ***
-------- WWWW -------- G4Exception-END --------- WWWW -------

 %%% EVENT 29000 NTRACKS 13 TOTAL NTRACKS 381894
 %%% EVENT 30000 NTRACKS 12 TOTAL NTRACKS 394452
 %%% EVENT 31000 NTRACKS 13 TOTAL NTRACKS 407209

-------- WWWW ------- G4Exception-START -------- WWWW -------
*** G4Exception : de0001
      issued by : G4AtomicTransitionManager::Shell()
No de-excitation for Z= 3  shellIndex= 2>=  numberOfShells= 2 AtomicShell not found

*** This is just a warning message. ***
-------- WWWW -------- G4Exception-END --------- WWWW -------

 %%% EVENT 32000 NTRACKS 14 TOTAL NTRACKS 419873
 %%% EVENT 33000 NTRACKS 8 TOTAL NTRACKS 432529
 %%% EVENT 34000 NTRACKS 11 TOTAL NTRACKS 445222
 %%% EVENT 35000 NTRACKS 23 TOTAL NTRACKS 458262

-------- WWWW ------- G4Exception-START -------- WWWW -------
*** G4Exception : de0001
      issued by : G4AtomicTransitionManager::Shell()
No de-excitation for Z= 3  shellIndex= 2>=  numberOfShells= 2 AtomicShell not found

*** This is just a warning message. ***
-------- WWWW -------- G4Exception-END --------- WWWW -------

 %%% EVENT 36000 NTRACKS 9 TOTAL NTRACKS 471248
 %%% EVENT 37000 NTRACKS 12 TOTAL NTRACKS 483980

-------- WWWW ------- G4Exception-START -------- WWWW -------
*** G4Exception : de0001
      issued by : G4AtomicTransitionManager::Shell()
No de-excitation for Z= 3  shellIndex= 2>=  numberOfShells= 2 AtomicShell not found

*** This is just a warning message. ***
-------- WWWW -------- G4Exception-END --------- WWWW -------

 %%% EVENT 38000 NTRACKS 14 TOTAL NTRACKS 496642
 %%% EVENT 39000 NTRACKS 6 TOTAL NTRACKS 509312
 %%% EVENT 40000 NTRACKS 5 TOTAL NTRACKS 523109
 %%% EVENT 41000 NTRACKS 13 TOTAL NTRACKS 536080
 %%% EVENT 42000 NTRACKS 11 TOTAL NTRACKS 549463
 %%% EVENT 43000 NTRACKS 10 TOTAL NTRACKS 561775
 %%% EVENT 44000 NTRACKS 19 TOTAL NTRACKS 574382
 %%% EVENT 45000 NTRACKS 5 TOTAL NTRACKS 587377
 %%% EVENT 46000 NTRACKS 13 TOTAL NTRACKS 600176
 %%% EVENT 47000 NTRACKS 14 TOTAL NTRACKS 613018
 %%% EVENT 48000 NTRACKS 17 TOTAL NTRACKS 625948
 %%% EVENT 49000 NTRACKS 14 TOTAL NTRACKS 639331
 %%% EVENT 50000 NTRACKS 5 TOTAL NTRACKS 652273
 %%% EVENT 51000 NTRACKS 15 TOTAL NTRACKS 665229
 %%% EVENT 52000 NTRACKS 7 TOTAL NTRACKS 678379
 %%% EVENT 53000 NTRACKS 13 TOTAL NTRACKS 691547
 %%% EVENT 54000 NTRACKS 12 TOTAL NTRACKS 704320
 %%% EVENT 55000 NTRACKS 12 TOTAL NTRACKS 716810
 %%% EVENT 56000 NTRACKS 18 TOTAL NTRACKS 729982
 %%% EVENT 57000 NTRACKS 9 TOTAL NTRACKS 743819
 %%% EVENT 58000 NTRACKS 9 TOTAL NTRACKS 756571
 %%% EVENT 59000 NTRACKS 6 TOTAL NTRACKS 769514
 %%% EVENT 60000 NTRACKS 9 TOTAL NTRACKS 782244
 %%% EVENT 61000 NTRACKS 10 TOTAL NTRACKS 794892
 %%% EVENT 62000 NTRACKS 7 TOTAL NTRACKS 807947
 %%% EVENT 63000 NTRACKS 9 TOTAL NTRACKS 820329
 %%% EVENT 64000 NTRACKS 8 TOTAL NTRACKS 834279
 %%% EVENT 65000 NTRACKS 13 TOTAL NTRACKS 848490
 %%% EVENT 66000 NTRACKS 10 TOTAL NTRACKS 861676

-------- WWWW ------- G4Exception-START -------- WWWW -------
*** G4Exception : de0001
      issued by : G4AtomicTransitionManager::Shell()
No de-excitation for Z= 3  shellIndex= 2>=  numberOfShells= 2 AtomicShell not found

*** This is just a warning message. ***
-------- WWWW -------- G4Exception-END --------- WWWW -------

 %%% EVENT 67000 NTRACKS 10 TOTAL NTRACKS 875468
 %%% EVENT 68000 NTRACKS 7 TOTAL NTRACKS 888242
 %%% EVENT 69000 NTRACKS 13 TOTAL NTRACKS 901142
 %%% EVENT 70000 NTRACKS 16 TOTAL NTRACKS 914078
 %%% EVENT 71000 NTRACKS 6 TOTAL NTRACKS 926956
 %%% EVENT 72000 NTRACKS 8 TOTAL NTRACKS 940325
 %%% EVENT 73000 NTRACKS 26 TOTAL NTRACKS 953020
 %%% EVENT 74000 NTRACKS 12 TOTAL NTRACKS 968607
 %%% EVENT 75000 NTRACKS 5 TOTAL NTRACKS 982172

-------- WWWW ------- G4Exception-START -------- WWWW -------
*** G4Exception : de0001
      issued by : G4AtomicTransitionManager::Shell()
No de-excitation for Z= 3  shellIndex= 2>=  numberOfShells= 2 AtomicShell not found

*** This is just a warning message. ***
-------- WWWW -------- G4Exception-END --------- WWWW -------

 %%% EVENT 76000 NTRACKS 10 TOTAL NTRACKS 995526
 %%% EVENT 77000 NTRACKS 14 TOTAL NTRACKS 1.00784e+06
 %%% EVENT 78000 NTRACKS 5 TOTAL NTRACKS 1.02045e+06
 %%% EVENT 79000 NTRACKS 14 TOTAL NTRACKS 1.0336e+06
 %%% EVENT 80000 NTRACKS 17 TOTAL NTRACKS 1.04616e+06
 %%% EVENT 81000 NTRACKS 30 TOTAL NTRACKS 1.05895e+06
 %%% EVENT 82000 NTRACKS 6 TOTAL NTRACKS 1.07172e+06
 %%% EVENT 83000 NTRACKS 16 TOTAL NTRACKS 1.08503e+06
 %%% EVENT 84000 NTRACKS 11 TOTAL NTRACKS 1.09811e+06
 %%% EVENT 85000 NTRACKS 12 TOTAL NTRACKS 1.1119e+06
 %%% EVENT 86000 NTRACKS 14 TOTAL NTRACKS 1.12464e+06
 %%% EVENT 87000 NTRACKS 10 TOTAL NTRACKS 1.13886e+06
 %%% EVENT 88000 NTRACKS 15 TOTAL NTRACKS 1.15184e+06
 %%% EVENT 89000 NTRACKS 15 TOTAL NTRACKS 1.16459e+06
 %%% EVENT 90000 NTRACKS 6 TOTAL NTRACKS 1.1772e+06
 %%% EVENT 91000 NTRACKS 6 TOTAL NTRACKS 1.19031e+06
 %%% EVENT 92000 NTRACKS 10 TOTAL NTRACKS 1.20485e+06
 %%% EVENT 93000 NTRACKS 9 TOTAL NTRACKS 1.2182e+06
 %%% EVENT 94000 NTRACKS 18 TOTAL NTRACKS 1.23113e+06
 %%% EVENT 95000 NTRACKS 14 TOTAL NTRACKS 1.2439e+06
 %%% EVENT 96000 NTRACKS 20 TOTAL NTRACKS 1.25699e+06
 %%% EVENT 97000 NTRACKS 15 TOTAL NTRACKS 1.27075e+06
 %%% EVENT 98000 NTRACKS 8 TOTAL NTRACKS 1.28378e+06
 %%% EVENT 99000 NTRACKS 8 TOTAL NTRACKS 1.29696e+06
 Run terminated.
Run Summary
  Number of events processed : 100000
  User=164.41s Real=178.76s Sys=0.53s
%%% COUNT_TRACKS_AND_STEPS: enterDetectorFilter_GmClassifierByParticle
%%% COUNT_TRACKS: ALL = 0
%%% COUNT_STEPS: gamma = 15
%%% COUNT_STEPS: neutron = 5
%%% COUNT_STEPS: nu_e = 1
%%% COUNT_STEPS: ALL = 21
%%% COUNT_TRACKS_AND_STEPS: NoInteractDetectorFilter_GmClassifierByParticle
%%% COUNT_TRACKS: gamma = 10
%%% COUNT_TRACKS: neutron = 6
%%% COUNT_TRACKS: nu_e = 2
%%% COUNT_TRACKS: ALL = 18
%%% COUNT_STEPS: gamma = 18
%%% COUNT_STEPS: neutron = 10
%%% COUNT_STEPS: nu_e = 3
%%% COUNT_STEPS: e- = 1
%%% COUNT_STEPS: ALL = 32
Graphics systems deleted.
Visualization Manager deleting...
%%%%% Table of indices for GmClassifierByParticle GmClassifierByParticle
GmClassifierByParticle: gamma = 1
GmClassifierByParticle: e- = 4
GmClassifierByParticle: nu_e = 3
GmClassifierByParticle: neutron = 2
