/control/execute exercise6a.in
/tracking/verbose 1
/gamos/setParam GmGeometryFromText:FileName ../exercise3/exercise3.geom
/gamos/geometry GmGeometryFromText
/gamos/physicsList G4QGSP_BIC_HP
<<< Geant4 Physics List simulation engine: QGSP_BIC_HP

/gamos/verbosity GmSDVerbosity 5
/gamos/generator GmGenerator
/gamos/userAction GmCountProcessesUA
/run/initialize
/home/arce/gamos/external/geant4/geant4.10.06.p02.gamos/../data/G4NDL4.5
@@@ G4ParticleHPInelastic instantiated for particle neutron data directory variable is G4NEUTRONHPDATA pointing to /home/arce/gamos/external/geant4/geant4.10.06.p02.gamos/../data/G4NDL4.5/Inelastic
@@@ G4ParticleHPInelasticData instantiated for particle neutron data directory variable is G4NEUTRONHPDATA pointing to /home/arce/gamos/external/geant4/geant4.10.06.p02.gamos/../data/G4NDL4.5
NeutronHP: /Capture file for Z = 6, A = 12 is not found and NeutronHP will use /home/arce/gamos/external/geant4/geant4.10.06.p02.gamos/../data/G4NDL4.5/Capture/CrossSection/6_nat_Carbon
NeutronHP: /Elastic file for Z = 6, A = 12 is not found and NeutronHP will use /home/arce/gamos/external/geant4/geant4.10.06.p02.gamos/../data/G4NDL4.5/Elastic/CrossSection/6_nat_Carbon
NeutronHP: /Inelastic file for Z = 6, A = 12 is not found and NeutronHP will use /home/arce/gamos/external/geant4/geant4.10.06.p02.gamos/../data/G4NDL4.5/Inelastic/CrossSection/6_nat_Carbon
NeutronHP: /Capture file for Z = 6, A = 13 is not found and NeutronHP will use /home/arce/gamos/external/geant4/geant4.10.06.p02.gamos/../data/G4NDL4.5/Capture/CrossSection/6_nat_Carbon
NeutronHP: /Elastic file for Z = 6, A = 13 is not found and NeutronHP will use /home/arce/gamos/external/geant4/geant4.10.06.p02.gamos/../data/G4NDL4.5/Elastic/CrossSection/6_nat_Carbon
NeutronHP: /Inelastic file for Z = 6, A = 13 is not found and NeutronHP will use /home/arce/gamos/external/geant4/geant4.10.06.p02.gamos/../data/G4NDL4.5/Inelastic/CrossSection/6_nat_Carbon
NeutronHP: /Capture file for Z = 8, A = 18 is not found and CrossSection set to 0.
NeutronHP: /Elastic file for Z = 8, A = 18 is not found and CrossSection set to 0.
NeutronHP: /Inelastic file for Z = 8, A = 18 is not found and CrossSection set to 0.
NeutronHP: /Capture file for Z = 6, A = 12 is not found and NeutronHP will use /home/arce/gamos/external/geant4/geant4.10.06.p02.gamos/../data/G4NDL4.5/Capture/CrossSection/6_nat_Carbon
NeutronHP: /Elastic file for Z = 6, A = 12 is not found and NeutronHP will use /home/arce/gamos/external/geant4/geant4.10.06.p02.gamos/../data/G4NDL4.5/Elastic/CrossSection/6_nat_Carbon
NeutronHP: /Inelastic file for Z = 6, A = 12 is not found and NeutronHP will use /home/arce/gamos/external/geant4/geant4.10.06.p02.gamos/../data/G4NDL4.5/Inelastic/CrossSection/6_nat_Carbon
NeutronHP: /Capture file for Z = 6, A = 13 is not found and NeutronHP will use /home/arce/gamos/external/geant4/geant4.10.06.p02.gamos/../data/G4NDL4.5/Capture/CrossSection/6_nat_Carbon
NeutronHP: /Elastic file for Z = 6, A = 13 is not found and NeutronHP will use /home/arce/gamos/external/geant4/geant4.10.06.p02.gamos/../data/G4NDL4.5/Elastic/CrossSection/6_nat_Carbon
NeutronHP: /Inelastic file for Z = 6, A = 13 is not found and NeutronHP will use /home/arce/gamos/external/geant4/geant4.10.06.p02.gamos/../data/G4NDL4.5/Inelastic/CrossSection/6_nat_Carbon
NeutronHP: /Capture file for Z = 8, A = 18 is not found and CrossSection set to 0.
NeutronHP: /Elastic file for Z = 8, A = 18 is not found and CrossSection set to 0.
NeutronHP: /Inelastic file for Z = 8, A = 18 is not found and CrossSection set to 0.
/gamos/generator/addSingleParticleSource source neutron 10.*MeV
/gamos/generator/positionDist source Exer2GenerDistPosition 1.*cm
/gamos/generator/directionDist source GmGenerDistDirectionConst 1. 0. 0.
/gamos/setParam SD:DetUnitID:NAncestors 2
/gamos/SD/assocSD2LogVol GmSDSimple CalorSD Crystal
 GmSDMessenger::AssociateSD2LogVol: associat sdclass GmSDSimple
GmVSD CalorSD/Crystal path name /CalorSD/ SensitiveDetectorName: Crystal
GmHitsEventMgr::CreateHitList of type /CalorSD/
 DeadTimeDUListByBlock: NShift 100
GmHitList sdtype CalorSD theMeasuringTime 0
GmHitList sdtype CalorSD theDeadTime 0
GmHitList sdtype CalorSD Paralyzable 1
CalorSD/CrystalGmSDSimple: SD type ->CalorSD SD name Crystal
 GmDetUnitIDBuilderFromAncestors sdType CalorSD
GmDetUnitIDFromAncestors theNAncestors= 2 theNShift100
 adding new SD CalorSD/Crystal
/gamos/SD/assocSD2LogVol GmSDSimple TrackerSD Tracker
 GmSDMessenger::AssociateSD2LogVol: associat sdclass GmSDSimple
GmVSD TrackerSD/Tracker path name /TrackerSD/ SensitiveDetectorName: Tracker
GmHitsEventMgr::CreateHitList of type /TrackerSD/
 DeadTimeDUListByBlock: NShift 100
GmHitList sdtype TrackerSD theMeasuringTime 0
GmHitList sdtype TrackerSD theDeadTime 0
GmHitList sdtype TrackerSD Paralyzable 1
TrackerSD/TrackerGmSDSimple: SD type ->TrackerSD SD name Tracker
 GmDetUnitIDBuilderFromAncestors sdType TrackerSD
GmDetUnitIDFromAncestors theNAncestors= 2 theNShift100
 adding new SD TrackerSD/Tracker
/gamos/userAction GmHitsHistosUA
/gamos/setParam hits.bin:FileName myhits.out
/gamos/userAction GmHitsWriteUA
