/control/execute exercise2a.in
/tracking/verbose 1
/gamos/setParam GmGeometryFromText:FileName exercise2.geom
/gamos/geometry GmGeometryFromText
/gamos/physicsList GmEMPhysics
GmEMPhysics PhysicsList:DEFAULT = gamma-standard is registered
GmEMPhysics PhysicsList: DEFAULT = electron-standard is registered
GmEMPhysics PhysicsList: DEFAULT = positron-standard is registered
/gamos/generator GmGenerator
/gamos/userAction GmCountProcessesUA
/run/initialize
/gamos/generator/addSingleParticleSource source gamma 10.*MeV
/control/execute ../../../examples/visVRML2FILE.in
/vis/scene/create
/vis/open VRML2FILE
/vis/sceneHandler/create VRML2FILE
/vis/sceneHandler/attach
/vis/viewer/create ! ! none
Issue /vis/viewer/refresh or flush to see effect.
/vis/viewer/flush
/vis/viewer/refresh viewer-0
Your "world" has no vis attributes or is marked as visible.
  For a better view of the contents, mark the world as invisible, e.g.,
  myWorldLogicalVol -> SetVisAttributes (G4VisAttributes::GetInvisible());
G4Scene::AddWorldIfEmpty: The scene had no extent.
  "world" has been added.
/vis/scene/notifyHandlers
/vis/viewer/update viewer-0
/vis/viewer/set/viewpointThetaPhi 10 120 deg
Issue /vis/viewer/refresh or flush to see effect.
/vis/viewer/zoom 1
Issue /vis/viewer/refresh or flush to see effect.
/vis/scene/add/trajectories
/tracking/storeTrajectory 1
Attributes available for modeling and filtering with
  "/vis/modeling/trajectories/create/drawByAttribute" and
  "/vis/filtering/trajectories/create/attributeFilter" commands:
G4TrajectoriesModel:
  Event ID (EventID): G4int
  Run ID (RunID): G4int
G4Trajectory:
  Charge (Ch): unit: e+ (G4double)
  Track ID (ID): G4int
  Initial kinetic energy (IKE): G4BestUnit (G4double)
  Initial momentum magnitude (IMag): G4BestUnit (G4double)
  Initial momentum (IMom): G4BestUnit (G4ThreeVector)
  No. of points (NTP): G4int
  PDG Encoding (PDG): G4int
  Parent ID (PID): G4int
  Particle Name (PN): G4String
G4TrajectoryPoint:
  Position (Pos): G4BestUnit (G4ThreeVector)
WARNING: Trajectory storing has been requested.  This action may be
  reversed with "/tracking/storeTrajectory 0".
/vis/scene/notifyHandlers
/vis/scene/endOfEventAction accumulate
WARNING: The vis manager will keep up to 100 events.
  This may use a lot of memory.
  It may be changed with, e.g., "/vis/scene/endOfEventAction accumulate 10".
/vis/viewer/update
/vis/viewer/flush
/vis/viewer/refresh viewer-0
===========================================
Output VRML 2.0 file: g4_02.wrl
Maximum number of files in the destination directory: 100
  (Customizable with the environment variable: G4VRMLFILE_MAX_FILE_NUM) 
===========================================
/vis/viewer/update viewer-0
*** VRML 2.0 File  g4_02.wrl  is generated.
MESSAGE from VRML2FILE driver:
    Set an environmental variable  G4VRMLFILE_VIEWER
    if you want to visualize the generated VRML file
    automatically.  For example, 
    setenv  G4VRMLFILE_VIEWER  vrwave 
ALSO you may change the file header with G4VRMLFILE_HEADER
    or the whole filename with G4VRMLFILE_FILE_NAME
/run/beamOn 10
=======================================================================
======                 Electromagnetic Physics Parameters      ========
=======================================================================
LPM effect enabled                                 1
Enable creation and use of sampling tables         0
Apply cuts on all EM processes                     0
Use combined TransportationWithMsc                 Disabled
Use general process                                0
Enable linear polarisation for gamma               0
Enable photoeffect sampling below K-shell          1
Enable sampling of quantum entanglement            0
X-section factor for integral approach             0.8
Min kinetic energy for tables                      100 eV 
Max kinetic energy for tables                      100 TeV
Number of bins per decade of a table               7
Verbose level                                      1
Verbose level for worker thread                    0
Bremsstrahlung energy threshold above which 
  primary e+- is added to the list of secondary    100 TeV
Bremsstrahlung energy threshold above which primary
  muon/hadron is added to the list of secondary    100 TeV
Lowest triplet kinetic energy                      1 MeV
Enable sampling of gamma linear polarisation       0
5D gamma conversion model type                     0
5D gamma conversion model on isolated ion          0
Livermore data directory                           epics_2017
=======================================================================
======                 Ionisation Parameters                   ========
=======================================================================
Step function for e+-                              (0.2, 1 mm)
Step function for muons/hadrons                    (0.2, 0.1 mm)
Step function for light ions                       (0.2, 0.1 mm)
Step function for general ions                     (0.2, 0.1 mm)
Lowest e+e- kinetic energy                         1 keV
Lowest muon/hadron kinetic energy                  1 keV
Use ICRU90 data                                    0
Fluctuations of dE/dx are enabled                  1
Type of fluctuation model for leptons and hadrons  Universal
Use built-in Birks satuaration                     0
Build CSDA range enabled                           0
Use cut as a final range enabled                   0
Enable angular generator interface                 0
Max kinetic energy for CSDA tables                 1 GeV
Max kinetic energy for NIEL computation            0 eV 
Linear loss limit                                  0.01
Read data from file for e+e- pair production by mu 0
=======================================================================
======                 Multiple Scattering Parameters          ========
=======================================================================
Type of msc step limit algorithm for e+-           1
Type of msc step limit algorithm for muons/hadrons 0
Msc lateral displacement for e+- enabled           1
Msc lateral displacement for muons and hadrons     0
Urban msc model lateral displacement alg96         1
Range factor for msc step limit for e+-            0.04
Range factor for msc step limit for muons/hadrons  0.2
Geometry factor for msc step limitation of e+-     2.5
Safety factor for msc step limit for e+-           0.6
Skin parameter for msc step limitation of e+-      1
Lambda limit for msc step limit for e+-            1 mm
Use Mott correction for e- scattering              0
Factor used for dynamic computation of angular 
  limit between single and multiple scattering     1
Fixed angular limit between single 
  and multiple scattering                          3.1416 rad
Upper energy limit for e+- multiple scattering     100 MeV
Type of electron single scattering model           0
Type of nuclear form-factor                        1
Screening factor                                   1
=======================================================================

### ===  Deexcitation model UAtomDeexcitation is activated for 1 region:
          DefaultRegionForTheWorld  1  1  0
### ===  Auger flag: 1
### ===  Ignore cuts flag:   0

phot:  for gamma SubType=12 BuildTable=0
      LambdaPrime table from 200 keV to 100 TeV in 61 bins 
      ===== EM models for the G4Region  DefaultRegionForTheWorld ======
       PhotoElectric : Emin=    0 eV  Emax=  100 TeV  SauterGavrila Fluo

compt:  for gamma SubType=13 BuildTable=1
      Lambda table from 100 eV  to 1 MeV, 7 bins/decade, spline: 1
      LambdaPrime table from 1 MeV to 100 TeV in 56 bins 
      ===== EM models for the G4Region  DefaultRegionForTheWorld ======
       Klein-Nishina : Emin=    0 eV  Emax=  100 TeV

conv:  for gamma SubType=14 BuildTable=1
      Lambda table from 1.022 MeV to 100 TeV, 18 bins/decade, spline: 1
      ===== EM models for the G4Region  DefaultRegionForTheWorld ======
     BetheHeitlerLPM : Emin=    0 eV  Emax=  100 TeV  ModifiedTsai

Rayl:  for gamma SubType=11 BuildTable=1
      Lambda table from 100 eV  to 150 keV, 7 bins/decade, spline: 0
      LambdaPrime table from 150 keV to 100 TeV in 62 bins 
      ===== EM models for the G4Region  DefaultRegionForTheWorld ======
   LivermoreRayleigh : Emin=    0 eV  Emax=  100 TeV  CullenGenerator

msc:  for e-  SubType= 10
      ===== EM models for the G4Region  DefaultRegionForTheWorld ======
            UrbanMsc : Emin=    0 eV  Emax=  100 TeV Nbins=84 100 eV  - 100 TeV
          StepLim=UseSafety Rfact=0.04 Gfact=2.5 Sfact=0.6 DispFlag:1 Skin=1 Llim=1 mm

eIoni:  for e-  XStype:3  SubType=2
      dE/dx and range tables from 100 eV  to 100 TeV in 84 bins
      Lambda tables from threshold to 100 TeV, 7 bins/decade, spline: 1
      StepFunction=(0.2, 1 mm), integ: 3, fluct: 1, linLossLim= 0.01
      ===== EM models for the G4Region  DefaultRegionForTheWorld ======
        MollerBhabha : Emin=    0 eV  Emax=  100 TeV

eBrem:  for e-  XStype:4  SubType=3
      dE/dx and range tables from 100 eV  to 100 TeV in 84 bins
      Lambda tables from threshold to 100 TeV, 7 bins/decade, spline: 1
      LPM flag: 1 for E > 1 GeV,  VertexHighEnergyTh(GeV)= 100000
      ===== EM models for the G4Region  DefaultRegionForTheWorld ======
             eBremSB : Emin=    0 eV  Emax=    1 GeV  ModifiedTsai
            eBremLPM : Emin=    1 GeV Emax=  100 TeV  ModifiedTsai

msc:  for e+  SubType= 10
      ===== EM models for the G4Region  DefaultRegionForTheWorld ======
            UrbanMsc : Emin=    0 eV  Emax=  100 TeV Nbins=84 100 eV  - 100 TeV
          StepLim=UseSafety Rfact=0.04 Gfact=2.5 Sfact=0.6 DispFlag:1 Skin=1 Llim=1 mm

eIoni:  for e+  XStype:3  SubType=2
      dE/dx and range tables from 100 eV  to 100 TeV in 84 bins
      Lambda tables from threshold to 100 TeV, 7 bins/decade, spline: 1
      StepFunction=(0.2, 1 mm), integ: 3, fluct: 1, linLossLim= 0.01
      ===== EM models for the G4Region  DefaultRegionForTheWorld ======
        MollerBhabha : Emin=    0 eV  Emax=  100 TeV

========= Table of registered couples ============================

Index : 0     used in the geometry : Yes
 Material : G4_AIR
 Range cuts        :  gamma  100 um     e-  100 um     e+  100 um  proton 100 um 
 Energy thresholds :  gamma  990 eV     e-  990 eV     e+  990 eV  proton -1 MeV
 Region(s) which use this couple : 
    DefaultRegionForTheWorld

Index : 1     used in the geometry : Yes
 Material : LSO
 Range cuts        :  gamma  100 um     e-  100 um     e+  100 um  proton 100 um 
 Energy thresholds :  gamma  15.1371 keV    e-  206.06 keV    e+  200.344 keV proton -1 MeV
 Region(s) which use this couple : 
    DefaultRegionForTheWorld

Index : 2     used in the geometry : Yes
 Material : CO2
 Range cuts        :  gamma  100 um     e-  100 um     e+  100 um  proton 100 um 
 Energy thresholds :  gamma  990 eV     e-  990 eV     e+  990 eV  proton -1 MeV
 Region(s) which use this couple : 
    DefaultRegionForTheWorld

==================================================================

/vis/scene/notifyHandlers scene-0
G4VisManager: Using G4TrajectoryDrawByCharge as fallback trajectory model.
See commands in /vis/modeling/trajectories/ for other options.
### Run 0 starts.

*********************************************************************************************************
* G4Track Information:   Particle = gamma,   Track ID = 1,   Parent ID = 0
*********************************************************************************************************

Step#    X(mm)    Y(mm)    Z(mm) KinE(MeV)  dE(MeV) StepLeng TrackLeng  NextVolume ProcName
    0        0        0        0        10        0        0         0       world initStep
    1     -673     -615   -1e+03        10        0 1.35e+03  1.35e+03  OutOfWorld Transportation
===========================================
Output VRML 2.0 file: g4_03.wrl
Maximum number of files in the destination directory: 100
  (Customizable with the environment variable: G4VRMLFILE_MAX_FILE_NUM) 
===========================================

*********************************************************************************************************
* G4Track Information:   Particle = gamma,   Track ID = 1,   Parent ID = 0
*********************************************************************************************************

Step#    X(mm)    Y(mm)    Z(mm) KinE(MeV)  dE(MeV) StepLeng TrackLeng  NextVolume ProcName
    0        0        0        0        10        0        0         0       world initStep
    1       25    -40.7    -2.58        10        0     47.9      47.9     Crystal Transportation
    2     26.9    -43.9    -2.78         0        0     3.71      51.6     Crystal conv

*********************************************************************************************************
* G4Track Information:   Particle = e+,   Track ID = 3,   Parent ID = 1
*********************************************************************************************************

Step#    X(mm)    Y(mm)    Z(mm) KinE(MeV)  dE(MeV) StepLeng TrackLeng  NextVolume ProcName
    0     26.9    -43.9    -2.78      4.66        0        0         0     Crystal initStep
    1     26.9      -45    -2.68      3.51     1.14     1.28      1.28     Crystal msc
    2     27.9    -45.2    -2.43      2.53    0.983     1.17      2.46     Crystal msc
    3     28.4    -45.1    -2.17      1.09     1.44     1.91      4.36     Crystal eIoni
    4     28.4      -45    -2.15     0.986   0.0521   0.0487      4.41     Crystal eBrem
    5     28.5    -44.9    -2.18         0    0.986    0.968      5.38     Crystal eIoni
    6     28.5    -44.9    -2.18         0        0        0      5.38     Crystal annihil

*********************************************************************************************************
* G4Track Information:   Particle = gamma,   Track ID = 6,   Parent ID = 3
*********************************************************************************************************

Step#    X(mm)    Y(mm)    Z(mm) KinE(MeV)  dE(MeV) StepLeng TrackLeng  NextVolume ProcName
    0     28.5    -44.9    -2.18     0.511        0        0         0     Crystal initStep
    1     32.4      -42 -1.19e-05     0.511        0      5.3       5.3     Crystal Transportation
    2     33.7    -40.9    0.778     0.338        0     1.89       7.2     Crystal compt
    3       36    -41.2 -9.4e-06     0.338        0     2.45      9.65     Crystal Transportation
    4     36.4    -41.3   -0.134      0.17        0    0.424      10.1     Crystal compt
    5       35      -40    -1.28      0.17        0     2.22      12.3     Crystal Transportation
    6     34.7    -39.7    -1.59      0.17        0    0.582      12.9     Crystal Rayl
    7       32    -37.3    -3.09         0  0.00226     3.84      16.7     Crystal phot

*********************************************************************************************************
* G4Track Information:   Particle = e-,   Track ID = 10,   Parent ID = 6
*********************************************************************************************************

Step#    X(mm)    Y(mm)    Z(mm) KinE(MeV)  dE(MeV) StepLeng TrackLeng  NextVolume ProcName
    0       32    -37.3    -3.09     0.106        0        0         0     Crystal initStep
    1       32    -37.3    -3.09         0    0.106   0.0374    0.0374     Crystal eIoni

*********************************************************************************************************
* G4Track Information:   Particle = gamma,   Track ID = 9,   Parent ID = 6
*********************************************************************************************************

Step#    X(mm)    Y(mm)    Z(mm) KinE(MeV)  dE(MeV) StepLeng TrackLeng  NextVolume ProcName
    0       32    -37.3    -3.09    0.0612        0        0         0     Crystal initStep
    1       32    -37.3    -3.07         0   0.0109   0.0853    0.0853     Crystal phot

*********************************************************************************************************
* G4Track Information:   Particle = e-,   Track ID = 11,   Parent ID = 9
*********************************************************************************************************

Step#    X(mm)    Y(mm)    Z(mm) KinE(MeV)  dE(MeV) StepLeng TrackLeng  NextVolume ProcName
    0       32    -37.3    -3.07    0.0503        0        0         0     Crystal initStep
    1       32    -37.3    -3.07         0   0.0503   0.0108    0.0108     Crystal eIoni

*********************************************************************************************************
* G4Track Information:   Particle = e-,   Track ID = 8,   Parent ID = 6
*********************************************************************************************************

Step#    X(mm)    Y(mm)    Z(mm) KinE(MeV)  dE(MeV) StepLeng TrackLeng  NextVolume ProcName
    0     36.4    -41.3   -0.134     0.168        0        0         0     Crystal initStep
    1     36.4    -41.3   -0.135         0    0.168   0.0784    0.0784     Crystal eIoni

*********************************************************************************************************
* G4Track Information:   Particle = e-,   Track ID = 7,   Parent ID = 6
*********************************************************************************************************

Step#    X(mm)    Y(mm)    Z(mm) KinE(MeV)  dE(MeV) StepLeng TrackLeng  NextVolume ProcName
    0     33.7    -40.9    0.778     0.173        0        0         0     Crystal initStep
    1     33.7    -40.9    0.784         0    0.173   0.0822    0.0822     Crystal eIoni

*********************************************************************************************************
* G4Track Information:   Particle = gamma,   Track ID = 5,   Parent ID = 3
*********************************************************************************************************

Step#    X(mm)    Y(mm)    Z(mm) KinE(MeV)  dE(MeV) StepLeng TrackLeng  NextVolume ProcName
    0     28.5    -44.9    -2.18     0.511        0        0         0     Crystal initStep
    1       25    -47.7    -4.26     0.511        0     4.91      4.91       world Transportation
    2   -1e+03     -850     -610     0.511        0 1.44e+03  1.44e+03  OutOfWorld Transportation

*********************************************************************************************************
* G4Track Information:   Particle = gamma,   Track ID = 4,   Parent ID = 3
*********************************************************************************************************

Step#    X(mm)    Y(mm)    Z(mm) KinE(MeV)  dE(MeV) StepLeng TrackLeng  NextVolume ProcName
    0     28.4      -45    -2.15    0.0564        0        0         0     Crystal initStep
    1     28.8    -44.9    -2.15         0   0.0109    0.419     0.419     Crystal phot

*********************************************************************************************************
* G4Track Information:   Particle = e-,   Track ID = 12,   Parent ID = 4
*********************************************************************************************************

Step#    X(mm)    Y(mm)    Z(mm) KinE(MeV)  dE(MeV) StepLeng TrackLeng  NextVolume ProcName
    0     28.8    -44.9    -2.15    0.0455        0        0         0     Crystal initStep
    1     28.8    -44.9    -2.15         0   0.0455  0.00909   0.00909     Crystal eIoni

*********************************************************************************************************
* G4Track Information:   Particle = e-,   Track ID = 2,   Parent ID = 1
*********************************************************************************************************

Step#    X(mm)    Y(mm)    Z(mm) KinE(MeV)  dE(MeV) StepLeng TrackLeng  NextVolume ProcName
    0     26.9    -43.9    -2.78      4.32        0        0         0     Crystal initStep
    1     27.3    -44.5     -2.1      3.46     0.86     1.19      1.19     Crystal msc
    2     26.2      -45    -1.58         2     1.46      1.6       2.8     Crystal msc
    3     26.3    -45.3    -1.57       1.7    0.298    0.311      3.11     Crystal eIoni
    4     26.5    -45.4    -1.45     0.431     1.27     1.53      4.64     Crystal eIoni
    5     26.5    -45.4    -1.43     0.252   0.0461   0.0559       4.7     Crystal eBrem
    6     26.5    -45.4    -1.43         0    0.252    0.146      4.85     Crystal eIoni

*********************************************************************************************************
* G4Track Information:   Particle = gamma,   Track ID = 13,   Parent ID = 2
*********************************************************************************************************

Step#    X(mm)    Y(mm)    Z(mm) KinE(MeV)  dE(MeV) StepLeng TrackLeng  NextVolume ProcName
    0     26.5    -45.4    -1.43     0.133        0        0         0     Crystal initStep
    1     26.4    -45.8    -1.25         0 0.000355    0.487     0.487     Crystal phot

*********************************************************************************************************
* G4Track Information:   Particle = e-,   Track ID = 15,   Parent ID = 13
*********************************************************************************************************

Step#    X(mm)    Y(mm)    Z(mm) KinE(MeV)  dE(MeV) StepLeng TrackLeng  NextVolume ProcName
    0     26.4    -45.8    -1.25    0.0696        0        0         0     Crystal initStep
    1     26.4    -45.8    -1.25         0   0.0696   0.0186    0.0186     Crystal eIoni

*********************************************************************************************************
* G4Track Information:   Particle = gamma,   Track ID = 14,   Parent ID = 13
*********************************************************************************************************

Step#    X(mm)    Y(mm)    Z(mm) KinE(MeV)  dE(MeV) StepLeng TrackLeng  NextVolume ProcName
    0     26.4    -45.8    -1.25    0.0631        0        0         0     Crystal initStep
    1     26.9    -46.7    -1.91         0   0.0109     1.18      1.18     Crystal phot

*********************************************************************************************************
* G4Track Information:   Particle = e-,   Track ID = 16,   Parent ID = 14
*********************************************************************************************************

Step#    X(mm)    Y(mm)    Z(mm) KinE(MeV)  dE(MeV) StepLeng TrackLeng  NextVolume ProcName
    0     26.9    -46.7    -1.91    0.0522        0        0         0     Crystal initStep
    1     26.9    -46.7    -1.91         0   0.0522   0.0115    0.0115     Crystal eIoni

*********************************************************************************************************
* G4Track Information:   Particle = gamma,   Track ID = 1,   Parent ID = 0
*********************************************************************************************************

Step#    X(mm)    Y(mm)    Z(mm) KinE(MeV)  dE(MeV) StepLeng TrackLeng  NextVolume ProcName
    0        0        0        0        10        0        0         0       world initStep
    1      885      317   -1e+03        10        0 1.37e+03  1.37e+03  OutOfWorld Transportation

*********************************************************************************************************
* G4Track Information:   Particle = gamma,   Track ID = 1,   Parent ID = 0
*********************************************************************************************************

Step#    X(mm)    Y(mm)    Z(mm) KinE(MeV)  dE(MeV) StepLeng TrackLeng  NextVolume ProcName
    0        0        0        0        10        0        0         0       world initStep
    1      136     -295   -1e+03        10        0 1.05e+03  1.05e+03  OutOfWorld Transportation

*********************************************************************************************************
* G4Track Information:   Particle = gamma,   Track ID = 1,   Parent ID = 0
*********************************************************************************************************

Step#    X(mm)    Y(mm)    Z(mm) KinE(MeV)  dE(MeV) StepLeng TrackLeng  NextVolume ProcName
    0        0        0        0        10        0        0         0       world initStep
    1      106    -41.3    1e+03        10        0 1.01e+03  1.01e+03  OutOfWorld Transportation

*********************************************************************************************************
* G4Track Information:   Particle = gamma,   Track ID = 1,   Parent ID = 0
*********************************************************************************************************

Step#    X(mm)    Y(mm)    Z(mm) KinE(MeV)  dE(MeV) StepLeng TrackLeng  NextVolume ProcName
    0        0        0        0        10        0        0         0       world initStep
    1       25     5.66    -17.2        10        0     30.9      30.9     Crystal Transportation
    2       25     5.67    -17.2         0        0   0.0542      30.9     Crystal conv

*********************************************************************************************************
* G4Track Information:   Particle = e+,   Track ID = 3,   Parent ID = 1
*********************************************************************************************************

Step#    X(mm)    Y(mm)    Z(mm) KinE(MeV)  dE(MeV) StepLeng TrackLeng  NextVolume ProcName
    0       25     5.67    -17.2      3.18        0        0         0     Crystal initStep
    1     25.2     5.71    -17.2      3.05    0.134     0.18      0.18     Crystal msc
    2     25.3     5.79    -17.3      2.93    0.117    0.155     0.335     Crystal msc
    3     25.4     5.97    -17.3      2.74    0.189    0.209     0.544     Crystal msc
    4     25.4     5.97    -17.3         0  0.00416   0.0078     0.552     Crystal annihil

*********************************************************************************************************
* G4Track Information:   Particle = gamma,   Track ID = 5,   Parent ID = 3
*********************************************************************************************************

Step#    X(mm)    Y(mm)    Z(mm) KinE(MeV)  dE(MeV) StepLeng TrackLeng  NextVolume ProcName
    0     25.4     5.97    -17.3      2.86        0        0         0     Crystal initStep
    1     37.5     7.97      -20      2.86        0     12.6      12.6       world Transportation
    2      300     51.1    -77.6      2.86        0      272       285     Tracker Transportation
    3      402     67.9     -100      2.86        0      106       391       world Transportation
    4    1e+03      166     -231      2.86        0      620  1.01e+03  OutOfWorld Transportation

*********************************************************************************************************
* G4Track Information:   Particle = gamma,   Track ID = 4,   Parent ID = 3
*********************************************************************************************************

Step#    X(mm)    Y(mm)    Z(mm) KinE(MeV)  dE(MeV) StepLeng TrackLeng  NextVolume ProcName
    0     25.4     5.97    -17.3     0.907        0        0         0     Crystal initStep
    1     25.7       10    -18.1     0.907        0     4.11      4.11     Crystal Transportation
    2     26.4       20    -19.9     0.907        0     10.2      14.3       world Transportation
    3     92.3    1e+03     -202     0.907        0      999  1.01e+03  OutOfWorld Transportation

*********************************************************************************************************
* G4Track Information:   Particle = e-,   Track ID = 2,   Parent ID = 1
*********************************************************************************************************

Step#    X(mm)    Y(mm)    Z(mm) KinE(MeV)  dE(MeV) StepLeng TrackLeng  NextVolume ProcName
    0       25     5.67    -17.2      5.79        0        0         0     Crystal initStep
    1     25.1     5.67    -17.3      5.61   0.0678   0.0953    0.0953     Crystal eBrem
    2     25.3     5.82    -17.5       5.3    0.312     0.37     0.465     Crystal msc
    3     25.5     6.05    -17.5      5.05    0.249    0.337     0.802     Crystal msc
    4     25.7     6.21    -17.6       4.7    0.148    0.194     0.996     Crystal eBrem
    5     25.8     6.52    -17.7      4.42    0.283    0.382      1.38     Crystal msc
    6     26.2     6.55    -17.8      3.82      0.6    0.459      1.84     Crystal msc
    7     26.8     6.56    -17.4      3.09    0.723    0.864       2.7     Crystal msc
    8     26.2     6.73    -16.9      2.41    0.685    0.952      3.65     Crystal msc
    9     25.9      6.2    -16.7      1.84    0.571    0.838      4.49     Crystal msc
   10     25.7      5.9    -16.4      1.16    0.678     0.51         5     Crystal msc
   11     25.7     5.73    -16.5     0.722    0.146    0.202       5.2     Crystal eIoni
   12     25.7     5.67    -16.5     0.498    0.204    0.168      5.37     Crystal eBrem
   13     25.6     5.65    -16.4         0    0.498    0.391      5.76     Crystal eIoni

*********************************************************************************************************
* G4Track Information:   Particle = gamma,   Track ID = 9,   Parent ID = 2
*********************************************************************************************************

Step#    X(mm)    Y(mm)    Z(mm) KinE(MeV)  dE(MeV) StepLeng TrackLeng  NextVolume ProcName
    0     25.7     5.67    -16.5    0.0203        0        0         0     Crystal initStep
    1     25.7     5.67    -16.5         0   0.0109 0.000197  0.000197     Crystal phot

*********************************************************************************************************
* G4Track Information:   Particle = e-,   Track ID = 10,   Parent ID = 9
*********************************************************************************************************

Step#    X(mm)    Y(mm)    Z(mm) KinE(MeV)  dE(MeV) StepLeng TrackLeng  NextVolume ProcName
    0     25.7     5.67    -16.5   0.00943        0        0         0     Crystal initStep
    1     25.7     5.67    -16.5         0  0.00943 0.000673  0.000673     Crystal eIoni

*********************************************************************************************************
* G4Track Information:   Particle = e-,   Track ID = 8,   Parent ID = 2
*********************************************************************************************************

Step#    X(mm)    Y(mm)    Z(mm) KinE(MeV)  dE(MeV) StepLeng TrackLeng  NextVolume ProcName
    0     25.7     5.73    -16.5      0.29        0        0         0     Crystal initStep
    1     25.7     5.71    -16.5         0     0.29    0.181     0.181     Crystal eIoni

*********************************************************************************************************
* G4Track Information:   Particle = gamma,   Track ID = 7,   Parent ID = 2
*********************************************************************************************************

Step#    X(mm)    Y(mm)    Z(mm) KinE(MeV)  dE(MeV) StepLeng TrackLeng  NextVolume ProcName
    0     25.7     6.21    -17.6     0.202        0        0         0     Crystal initStep
    1     26.6     8.82    -17.5     0.114        0      2.8       2.8     Crystal compt
    2     26.6     8.18    -17.5         0 0.000355    0.649      3.45     Crystal phot

*********************************************************************************************************
* G4Track Information:   Particle = e-,   Track ID = 13,   Parent ID = 7
*********************************************************************************************************

Step#    X(mm)    Y(mm)    Z(mm) KinE(MeV)  dE(MeV) StepLeng TrackLeng  NextVolume ProcName
    0     26.6     8.18    -17.5    0.0507        0        0         0     Crystal initStep
    1     26.6     8.18    -17.5         0   0.0507   0.0109    0.0109     Crystal eIoni

*********************************************************************************************************
* G4Track Information:   Particle = gamma,   Track ID = 12,   Parent ID = 7
*********************************************************************************************************

Step#    X(mm)    Y(mm)    Z(mm) KinE(MeV)  dE(MeV) StepLeng TrackLeng  NextVolume ProcName
    0     26.6     8.18    -17.5    0.0631        0        0         0     Crystal initStep
    1     26.8     7.98    -17.5         0   0.0109    0.238     0.238     Crystal phot

*********************************************************************************************************
* G4Track Information:   Particle = e-,   Track ID = 14,   Parent ID = 12
*********************************************************************************************************

Step#    X(mm)    Y(mm)    Z(mm) KinE(MeV)  dE(MeV) StepLeng TrackLeng  NextVolume ProcName
    0     26.8     7.98    -17.5    0.0522        0        0         0     Crystal initStep
    1     26.8     7.98    -17.5         0   0.0522   0.0115    0.0115     Crystal eIoni

*********************************************************************************************************
* G4Track Information:   Particle = e-,   Track ID = 11,   Parent ID = 7
*********************************************************************************************************

Step#    X(mm)    Y(mm)    Z(mm) KinE(MeV)  dE(MeV) StepLeng TrackLeng  NextVolume ProcName
    0     26.6     8.82    -17.5    0.0881        0        0         0     Crystal initStep
    1     26.6     8.83    -17.5         0   0.0881   0.0275    0.0275     Crystal eIoni

*********************************************************************************************************
* G4Track Information:   Particle = gamma,   Track ID = 6,   Parent ID = 2
*********************************************************************************************************

Step#    X(mm)    Y(mm)    Z(mm) KinE(MeV)  dE(MeV) StepLeng TrackLeng  NextVolume ProcName
    0     25.1     5.67    -17.3     0.115        0        0         0     Crystal initStep
    1     25.1     5.68    -17.3         0   0.0104   0.0322    0.0322     Crystal phot

*********************************************************************************************************
* G4Track Information:   Particle = e-,   Track ID = 16,   Parent ID = 6
*********************************************************************************************************

Step#    X(mm)    Y(mm)    Z(mm) KinE(MeV)  dE(MeV) StepLeng TrackLeng  NextVolume ProcName
    0     25.1     5.68    -17.3    0.0516        0        0         0     Crystal initStep
    1     25.1     5.68    -17.3         0   0.0516   0.0112    0.0112     Crystal eIoni

*********************************************************************************************************
* G4Track Information:   Particle = gamma,   Track ID = 15,   Parent ID = 6
*********************************************************************************************************

Step#    X(mm)    Y(mm)    Z(mm) KinE(MeV)  dE(MeV) StepLeng TrackLeng  NextVolume ProcName
    0     25.1     5.68    -17.3    0.0531        0        0         0     Crystal initStep
    1     26.4     6.29    -15.3         0   0.0109     2.41      2.41     Crystal phot

*********************************************************************************************************
* G4Track Information:   Particle = e-,   Track ID = 17,   Parent ID = 15
*********************************************************************************************************

Step#    X(mm)    Y(mm)    Z(mm) KinE(MeV)  dE(MeV) StepLeng TrackLeng  NextVolume ProcName
    0     26.4     6.29    -15.3    0.0422        0        0         0     Crystal initStep
    1     26.4     6.29    -15.3         0   0.0422    0.008     0.008     Crystal eIoni

*********************************************************************************************************
* G4Track Information:   Particle = gamma,   Track ID = 1,   Parent ID = 0
*********************************************************************************************************

Step#    X(mm)    Y(mm)    Z(mm) KinE(MeV)  dE(MeV) StepLeng TrackLeng  NextVolume ProcName
    0        0        0        0        10        0        0         0       world initStep
    1     -569    1e+03     -484        10        0 1.25e+03  1.25e+03  OutOfWorld Transportation

*********************************************************************************************************
* G4Track Information:   Particle = gamma,   Track ID = 1,   Parent ID = 0
*********************************************************************************************************

Step#    X(mm)    Y(mm)    Z(mm) KinE(MeV)  dE(MeV) StepLeng TrackLeng  NextVolume ProcName
    0        0        0        0        10        0        0         0       world initStep
    1     -877    1e+03      750        10        0 1.53e+03  1.53e+03  OutOfWorld Transportation

*********************************************************************************************************
* G4Track Information:   Particle = gamma,   Track ID = 1,   Parent ID = 0
*********************************************************************************************************

Step#    X(mm)    Y(mm)    Z(mm) KinE(MeV)  dE(MeV) StepLeng TrackLeng  NextVolume ProcName
    0        0        0        0        10        0        0         0       world initStep
    1     27.7       30      5.7        10        0     41.2      41.2     Crystal Transportation
    2     36.9       40     7.61        10        0     13.7      54.9     Crystal Transportation
    3     46.1       50     9.51        10        0     13.7      68.7     Crystal Transportation
    4     48.5     52.6       10        10        0     3.56      72.2     Crystal Transportation
    5     55.3       60     11.4        10        0     10.2      82.4     Crystal Transportation
    6     64.5       70     13.3        10        0     13.7      96.1       world Transportation
    7      922    1e+03      190        10        0 1.28e+03  1.37e+03  OutOfWorld Transportation

*********************************************************************************************************
* G4Track Information:   Particle = gamma,   Track ID = 1,   Parent ID = 0
*********************************************************************************************************

Step#    X(mm)    Y(mm)    Z(mm) KinE(MeV)  dE(MeV) StepLeng TrackLeng  NextVolume ProcName
    0        0        0        0        10        0        0         0       world initStep
    1     -844     -173    1e+03        10        0 1.32e+03  1.32e+03  OutOfWorld Transportation
 Run terminated.
Run Summary
  Number of events processed : 10
  User=0.010000s Real=0.004649s Sys=0.000000s
@@@@ GmCountProcessesUA
 PART_COUNT: e+ = 2
 PART_COUNT: e- = 16
 PART_COUNT: gamma = 23
 PROC_COUNT e+ : annihil = 2
 PROC_COUNT e+ : eBrem = 1
 PROC_COUNT e+ : eIoni_NoSeco = 2
 PROC_COUNT e+ : msc = 5
 PROC_COUNT e+ : ALL = 10
 PROC_COUNT e- : eBrem = 4
 PROC_COUNT e- : eIoni = 1
 PROC_COUNT e- : eIoni_NoSeco = 18
 PROC_COUNT e- : msc = 10
 PROC_COUNT e- : ALL = 33
 PROC_COUNT gamma : Rayl = 1
 PROC_COUNT gamma : Transportation = 28
 PROC_COUNT gamma : compt = 3
 PROC_COUNT gamma : conv = 2
 PROC_COUNT gamma : phot = 10
PROC_COUNT gamma : ALL = 44
PROC_CREATOR_COUNT e+ : conv = 2
PROC_CREATOR_COUNT e- : compt = 3
PROC_CREATOR_COUNT e- : conv = 2
PROC_CREATOR_COUNT e- : eIoni = 1
PROC_CREATOR_COUNT e- : phot = 10
PROC_CREATOR_COUNT gamma : Primary = 10
PROC_CREATOR_COUNT gamma : annihil = 4
PROC_CREATOR_COUNT gamma : eBrem = 5
PROC_CREATOR_COUNT gamma : phot = 4
10 events have been kept for refreshing and/or reviewing.
  "/vis/reviewKeptEvents" to review one by one.
  To see accumulated, "/vis/enable", then "/vis/viewer/flush" or "/vis/viewer/rebuild".
*** VRML 2.0 File  g4_03.wrl  is generated.
MESSAGE from VRML2FILE driver:
    Set an environmental variable  G4VRMLFILE_VIEWER
    if you want to visualize the generated VRML file
    automatically.  For example, 
    setenv  G4VRMLFILE_VIEWER  vrwave 
ALSO you may change the file header with G4VRMLFILE_HEADER
    or the whole filename with G4VRMLFILE_FILE_NAME
