HEADER: 9,"EventID","TrackID","Particle","FinalKineticEnergy","FinalPosX","FinalPosY","FinalPosZ","FinalDirTheta","FinalDirPhi"
5,1,"gamma",0.772891,-7.78678,-0.235427,36,32.7159,-178.268
7,1,"gamma",1,0,0,36,0,0
26,1,"gamma",1,-0.44936,-0.126348,36,1.2539,-164.295
32,1,"gamma",1,0,0,36,0,0
51,1,"gamma",0.655839,-3.57682,1.11148,36,43.0292,162.738
53,1,"gamma",0.654084,1.33432,3.50177,36,42.7469,69.1411
60,1,"gamma",0.770069,5.03562,-18.9161,36,35.2054,-75.0931
64,1,"gamma",1,0,0,36,0,0
83,1,"gamma",0.537886,-16.0743,5.01329,36,69.3998,158.944
87,1,"gamma",0.850633,-3.18502,-5.73469,36,16.0322,-98.8038
105,1,"gamma",1,0,0,36,0,0
115,1,"gamma",0.754358,13.5344,2.1175,36,36.111,-3.46472
121,1,"gamma",0.720205,1.06375,7.14286,36,27.9306,79.009
122,1,"gamma",0.740502,6.32562,2.17254,36,37.0588,18.9551
123,1,"gamma",0.68623,-26.311,-0.534773,36,40.8558,-178.836
129,1,"gamma",1,0,0,36,0,0
144,1,"gamma",1,0,0,36,0,0
147,1,"gamma",0.944719,-0.0540591,-1.46225,36,13.9026,-92.1172
155,1,"gamma",1,0,0,36,0,0
162,1,"gamma",1,0.00275719,0.0109502,36,0.0643975,75.8671
172,1,"gamma",1,0,0,36,0,0
176,1,"gamma",0.870887,-1.84257,-0.252045,36,22.7244,139.329
178,1,"gamma",1,0,0,36,0,0
186,1,"gamma",1,0.153815,-2.43866,36,9.01926,-86.3909
189,1,"gamma",1,0,0,36,0,0
201,1,"gamma",0.351745,-4.19614,-1.80105,36,8.88739,-99.2211
208,1,"gamma",1,0,0,36,0,0
220,1,"gamma",1,0,0,36,0,0
229,1,"gamma",1,0,0,36,0,0
253,1,"gamma",0.722601,-7.91083,-2.41624,36,37.4762,-163.016
260,1,"gamma",0.85881,-5.65967,-5.02192,36,10.821,-166.208
267,1,"gamma",1,0,0,36,0,0
269,1,"gamma",1,0,0,36,0,0
270,1,"gamma",1,0,0,36,0,0
299,1,"gamma",1,0,0,36,0,0
302,1,"gamma",0.805067,0.990489,-16.1153,36,28.7292,-86.4829
316,1,"gamma",1,0,0,36,0,0
319,1,"gamma",0.888827,5.80565,10.0997,36,20.9425,60.1083
327,1,"gamma",1,0,0,36,0,0
330,1,"gamma",1,0,0,36,0,0
341,1,"gamma",0.319077,0.261948,-1.79233,36,86.5964,-79.7379
343,1,"gamma",1,0,0,36,0,0
356,1,"gamma",0.500052,-4.99868,-1.42254,36,32.3143,-121.54
365,1,"gamma",0.543898,4.91347,3.39694,36,17.0646,-43.3984
372,1,"gamma",0.785287,-8.32589,-3.63156,36,34.3717,-153.685
374,1,"gamma",1,0,0,36,0,0
379,1,"gamma",0.627845,19.2051,9.46324,36,35.3365,26.2316
389,1,"gamma",0.970618,1.43987,3.90417,36,10.2907,69.7558
390,1,"gamma",0.992476,-0.972432,2.19362,36,4.8703,113.908
392,1,"gamma",1,0,0,36,0,0
394,1,"gamma",0.739183,0.0734903,0.114252,36,36.2411,57.2496
414,1,"gamma",0.825128,0.156775,-5.5023,36,26.4797,-88.3679
417,1,"gamma",0.928376,-0.38853,3.91425,36,16.0271,95.6686
429,1,"gamma",1,0,0,36,0,0
435,1,"gamma",0.802952,-4.47857,-7.91213,36,28.8314,-119.512
445,1,"gamma",1,0,0,36,0,0
446,1,"gamma",1,0,0,36,0,0
464,1,"gamma",0.842048,-6.87643,12.4512,36,27.6545,114.585
470,1,"gamma",1,0,0,36,0,0
504,1,"gamma",1,0,0,36,0,0
524,1,"gamma",0.577937,4.35402,-2.05466,36,18.0259,-14.071
553,1,"gamma",1,0,0,36,0,0
554,1,"gamma",0.882516,0.607832,0.0172434,36,22.5091,1.62497
556,1,"gamma",0.791702,-0.4462,2.93099,36,30.8215,98.656
567,1,"gamma",0.394034,-6.17901,-2.01935,36,70.2301,-84.6545
573,1,"gamma",1,0,0,36,0,0
582,1,"gamma",1,0,0,36,0,0
586,1,"gamma",0.524866,-4.55436,-1.72085,36,57.4193,-159.301
602,1,"gamma",1,0,0,36,0,0
615,1,"gamma",1,0,0,36,0,0
621,1,"gamma",0.818079,0.151452,0.108374,36,27.1709,35.5863
623,1,"gamma",0.964451,-0.335219,-1.46733,36,11.1283,-102.869
629,1,"gamma",0.985301,0.752589,0.032995,36,7.75748,2.51035
658,4,"gamma",0.07525,-7.19455,-22.3214,36,36.7987,-62.9448
658,3,"e-",0.503301,-7.19547,-22.3147,36,43.2973,24.9027
673,1,"gamma",1,0,0,36,0,0
674,1,"gamma",1,0,0,36,0,0
675,1,"gamma",1,0,0,36,0,0
712,1,"gamma",1,0,0,36,0,0
717,1,"gamma",0.948009,-5.56186,-5.8488,36,13.9161,-133.559
723,1,"gamma",0.744275,0.168214,0.0812709,36,38.329,25.787
725,1,"gamma",1,0,0,36,0,0
743,1,"gamma",0.534935,-2.45073,19.9558,36,46.7494,101.288
750,1,"gamma",0.651332,-7.74764,0.71371,36,23.9668,-87.0923
762,1,"gamma",0.82005,-2.96964,1.786,36,25.7766,150.386
780,1,"gamma",0.823512,-5.72624,0.821334,36,26.9511,171.838
782,1,"gamma",0.801604,-19.0175,0.0244702,36,28.3335,178.991
793,1,"gamma",0.724237,15.6527,5.74044,36,34.2726,19.0047
800,1,"gamma",1,0,0,36,0,0
801,1,"gamma",0.656963,1.31407,-0.712953,36,41.066,-28.4822
802,1,"gamma",0.626549,1.70475,1.16737,36,45.3841,34.4024
809,1,"gamma",0.674704,-16.5096,-11.0322,36,43.0185,-146.248
813,1,"gamma",1,0,0,36,0,0
817,1,"gamma",1,0,0,36,0,0
828,1,"gamma",1,0,0,36,0,0
855,1,"gamma",1,0,0,36,0,0
863,4,"gamma",0.592101,-13.0732,-6.02,36,45.7799,-155.288
866,1,"gamma",1,0,0,36,0,0
869,1,"gamma",0.663771,3.72707,1.40286,36,46.7361,21.9604
873,1,"gamma",0.482773,2.56625,-9.54035,36,37.5576,-65.3618
876,1,"gamma",0.947804,6.14836,4.23225,36,14.4197,34.5418
887,1,"gamma",1,0,0,36,0,0
902,1,"gamma",1,0,0,36,0,0
903,1,"gamma",0.756377,-1.22028,6.69518,36,33.564,100.329
909,1,"gamma",0.585978,-17.2244,-1.27843,36,60.9168,-177.269
928,1,"gamma",1,0,0,36,0,0
929,1,"gamma",1,0,0,36,0,0
938,1,"gamma",1,0,0,36,0,0
945,1,"gamma",1,0,0,36,0,0
949,1,"gamma",1,0,0,36,0,0
954,1,"gamma",0.899345,-2.27716,6.80381,36,19.6677,108.505
959,1,"gamma",1,0,0,36,0,0
961,1,"gamma",1,0,0,36,0,0
975,1,"gamma",0.934348,-2.8679,-3.89022,36,15.236,-126.398
981,3,"e-",0.674588,0.92149,-3.89293,36,21.0303,12.9657
982,1,"gamma",1,0,0,36,0,0
983,1,"gamma",1,0,0,36,0,0
987,1,"gamma",1,0,0,36,0,0
989,1,"gamma",1,0,0,36,0,0
991,1,"gamma",0.404453,10.0964,3.18863,36,53.7203,101.687
992,1,"gamma",1,-0.660009,-0.869634,36,2.13451,-127.197
1000,1,"gamma",0.900688,9.46994,-7.17322,36,18.5629,-37.1429
1022,1,"gamma",1,0,0,36,0,0
1025,1,"gamma",1,0,0,36,0,0
1037,1,"gamma",0.857401,-0.62422,1.25858,36,9.60168,130.847
1049,1,"gamma",1,0,0,36,0,0
1054,1,"gamma",0.805183,-14.8148,9.10844,36,21.0134,161.623
1073,1,"gamma",0.511006,-5.29821,13.2691,36,32.6347,109.811
1077,1,"gamma",1,0,0,36,0,0
1079,1,"gamma",1,0,0,36,0,0
1097,1,"gamma",1,0,0,36,0,0
1103,1,"gamma",1,0.83223,0.155322,36,3.08522,10.5717
1105,1,"gamma",1,0,0,36,0,0
1125,1,"gamma",1,0,0,36,0,0
1128,1,"gamma",0.93082,2.28597,8.91033,36,15.5957,75.611
1137,1,"gamma",0.862956,0.82625,-3.52824,36,22.0405,-76.8199
1141,1,"gamma",1,0,0,36,0,0
1144,1,"gamma",1,0,0,36,0,0
1145,1,"gamma",1,0,0,36,0,0
1161,1,"gamma",0.855466,-13.3523,0.921376,36,25.9769,176.053
1165,1,"gamma",1,0,0,36,0,0
1167,1,"gamma",0.924637,3.1597,-2.29963,36,15.6888,-28.5663
1171,1,"gamma",1,0,0,36,0,0
1191,1,"gamma",1,0,0,36,0,0
1213,1,"gamma",0.841257,9.35949,-5.5517,36,23.3918,-33.269
1215,1,"gamma",0.976527,1.40273,3.18384,36,7.37408,66.2228
1220,1,"gamma",0.934865,-0.813299,3.47696,36,10.7212,103.165
1226,1,"gamma",1,0,0,36,0,0
1238,1,"gamma",1,0,0,36,0,0
1239,1,"gamma",1,0,0,36,0,0
1247,1,"gamma",1,0,0,36,0,0
1259,1,"gamma",1,0,0,36,0,0
1265,1,"gamma",1,0,0,36,0,0
1275,1,"gamma",0.353127,-1.28606,3.72676,36,74.8261,-179.25
1280,1,"gamma",1,0,0,36,0,0
1283,1,"gamma",1,0,0,36,0,0
1284,1,"gamma",1,0,0,36,0,0
1285,1,"gamma",1,0.0319056,0.496093,36,2.79058,86.3202
1293,1,"gamma",0.872962,-2.83144,5.91319,36,22.6892,115.587
1294,1,"gamma",0.912341,3.50012,-10.9484,36,18.9647,-72.2713
1296,1,"gamma",1,0,0,36,0,0
1297,1,"gamma",0.625961,4.64685,9.07207,36,47.4302,56.7068
1301,1,"gamma",1,0,0,36,0,0
1320,1,"gamma",0.879034,-3.55919,3.2703,36,20.8465,137.422
1324,1,"gamma",1,0,0,36,0,0
1334,1,"gamma",1,0,0,36,0,0
1341,1,"gamma",0.509737,24.7658,5.38579,36,37.1952,62.4487
1351,1,"gamma",1,0.00217872,0.000316329,36,0.596429,8.26105
1371,1,"gamma",1,0,0,36,0,0
1375,1,"gamma",0.993437,0.414526,1.57602,36,4.51204,75.2638
1398,1,"gamma",0.962364,5.22195,-2.55245,36,11.865,-26.049
1403,1,"gamma",1,0,0,36,0,0
1408,1,"gamma",1,0,0,36,0,0
1413,1,"gamma",0.902283,-1.93949,7.94612,36,10.1961,112.63
1422,1,"gamma",0.506886,-19.2978,-16.9959,36,55.4588,-129.617
1435,1,"gamma",0.436261,-0.65295,0.40814,36,70.5531,147.992
1447,1,"gamma",0.830393,-8.02248,-11.7389,36,22.0772,-169.029
1454,1,"gamma",1,0,0,36,0,0
1463,1,"gamma",1,0,0,36,0,0
1474,1,"gamma",0.787132,2.24154,10.0252,36,33.7966,77.3965
1478,1,"gamma",0.845021,-0.52728,-6.2995,36,25.2282,-94.7846
1480,3,"e-",0.32399,-0.677687,-1.93704,36,7.96807,32.3033
1480,2,"e-",0.342486,0.127365,-1.66665,36,43.603,50.9902
1490,1,"gamma",1,0,0,36,0,0
1496,1,"gamma",0.784875,-11.8702,6.93548,36,32.6297,134.235
1499,1,"gamma",1,0,0,36,0,0
1507,1,"gamma",1,0,0,36,0,0
1509,1,"gamma",0.879648,3.93483,-10.5278,36,23.0055,-69.5064
1516,1,"gamma",0.851021,-4.30394,11.6802,36,25.0534,110.228
1525,1,"gamma",1,0,0,36,0,0
1530,1,"gamma",1,0,0,36,0,0
1533,1,"gamma",1,0,0,36,0,0
1543,1,"gamma",0.687894,-2.24777,-0.0670874,36,42.1354,-178.29
1545,1,"gamma",0.839438,-0.384362,4.8477,36,25.292,94.5334
1557,1,"gamma",1,0,0,36,0,0
1580,1,"gamma",0.940451,-1.45625,-1.34852,36,1.41396,-124.567
1586,1,"gamma",0.985927,-3.52203,2.75138,36,7.09798,142.003
1588,1,"gamma",1,0,0,36,0,0
1592,1,"gamma",1,0,0,36,0,0
1605,1,"gamma",1,0,0,36,0,0
1607,1,"gamma",1,-1.62283,0.42468,36,4.25867,165.335
1616,1,"gamma",1,0,0,36,0,0
1625,1,"gamma",0.70762,4.47217,11.6969,36,40.88,70.488
1643,1,"gamma",1,0,0,36,0,0
1646,1,"gamma",0.374352,-2.35641,-1.1316,36,62.7595,-128.548
1647,1,"gamma",1,0,0,36,0,0
1658,1,"gamma",0.887011,1.06472,-1.6221,36,19.3555,-56.7198
1662,1,"gamma",1,0,0,36,0,0
1665,1,"gamma",1,0,0,36,0,0
1672,1,"gamma",1,0,0,36,0,0
1692,1,"gamma",1,0.0109714,0.0250204,36,0.298879,66.3227
1698,1,"gamma",0.669212,9.63943,3.4559,36,41.3505,19.7236
1703,1,"gamma",0.719728,7.24605,-11.3422,36,36.9757,-57.4273
1706,1,"gamma",1,0,0,36,0,0
1707,1,"gamma",1,0,0,36,0,0
1710,1,"gamma",1,0,0,36,0,0
1719,1,"gamma",1,0,0,36,0,0
1727,1,"gamma",1,0,0,36,0,0
1743,1,"gamma",1,0,0,36,0,0
1753,1,"gamma",0.845822,1.35742,0.986491,36,0.563852,18.643
1757,1,"gamma",1,0,0,36,0,0
1772,1,"gamma",0.689754,1.49122,0.166687,36,25.1145,-145.724
1773,1,"gamma",0.896376,3.61514,1.87489,36,7.27506,22.54
1791,1,"gamma",0.894967,-7.21995,-7.85742,36,19.1307,-132.579
1794,1,"gamma",1,0,0,36,0,0
1805,1,"gamma",0.484048,3.47695,-1.10399,36,37.1272,-72.718
1812,1,"gamma",1,-4.11599,13.0423,36,22.3062,108.795
1817,1,"gamma",1,0,0,36,0,0
1819,1,"gamma",0.785971,9.26693,11.5598,36,27.6874,51.2824
1842,1,"gamma",1,0,0,36,0,0
1843,1,"gamma",1,0,0,36,0,0
1856,1,"gamma",0.8248,-0.855057,8.11669,36,28.3352,96.7921
1860,1,"gamma",0.317583,17.4039,2.1343,36,42.6569,73.4349
1863,1,"gamma",1,0,0,36,0,0
1865,1,"gamma",0.495048,7.40229,-1.39161,36,26.1408,-50.1503
1870,1,"gamma",1,0,0,36,0,0
1874,1,"gamma",0.751897,-5.07818,-10.0792,36,50.9642,-112.63
1889,1,"gamma",1,-0.256314,-0.456355,36,0.902391,-119.321
1895,1,"gamma",1,0,0,36,0,0
1899,1,"gamma",1,0,0,36,0,0
1935,1,"gamma",1,0,0,36,0,0
1936,1,"gamma",1,0,0,36,0,0
1942,1,"gamma",1,0,0,36,0,0
1944,1,"gamma",0.858556,5.07267,0.288245,36,29.9134,5.86129
1970,1,"gamma",0.956243,3.3819,-2.58418,36,11.2832,-37.3841
1977,1,"gamma",0.986524,-1.42381,0.0918967,36,6.54435,176.307
1983,1,"gamma",0.933718,-2.29011,3.26472,36,15.151,125.049
1984,1,"gamma",1,0,0,36,0,0
2010,1,"gamma",1,0,0,36,0,0
2026,1,"gamma",1,0,0,36,0,0
2041,1,"gamma",0.646631,0.520562,1.55512,36,43.7979,71.4925
2044,1,"gamma",0.871719,6.82854,-2.3908,36,23.2433,-19.2962
2054,1,"gamma",1,0,0,36,0,0
2064,1,"gamma",1,0,0,36,0,0
2074,1,"gamma",1,0,0,36,0,0
2087,1,"gamma",0.843238,11.5721,-10.3118,36,25.9739,-7.55564
2088,1,"gamma",1,-0.0281281,-0.0827322,36,1.4775,-108.778
2096,1,"gamma",1,0,0,36,0,0
2110,1,"gamma",1,0,0,36,0,0
2112,1,"gamma",0.608265,-1.68064,1.42746,36,47.1648,139.657
2129,1,"gamma",0.734945,-8.70897,-3.13655,36,34.2027,-162.755
2139,1,"gamma",1,0,0,36,0,0
2161,1,"gamma",0.717242,-1.05569,2.13123,36,36.7151,116.351
2169,1,"gamma",1,0,0,36,0,0
2174,1,"gamma",0.693544,-6.37132,-4.20667,36,39.3856,-146.565
2180,1,"gamma",0.963688,2.82977,3.85751,36,10.8013,53.7372
2189,1,"gamma",1,0.00598175,-6.48543e-05,36,0.241701,-0.621178
2190,1,"gamma",1,0,0,36,0,0
2196,1,"gamma",0.838112,2.67123,6.24184,36,23.4093,66.8312
2201,1,"gamma",1,0,0,36,0,0
2203,1,"gamma",1,0,0,36,0,0
2206,1,"gamma",0.966579,-6.53653,1.91093,36,11.3382,163.704
2215,1,"gamma",1,0,0,36,0,0
2226,1,"gamma",1,0,0,36,0,0
2234,1,"gamma",1,0,0,36,0,0
2237,1,"gamma",0.653933,-4.59852,-10.5955,36,43.4018,-113.461
2244,1,"gamma",1,0,0,36,0,0
2254,1,"gamma",0.603278,0.191642,-4.83575,36,59.4001,-88.2526
2256,1,"gamma",0.929214,-2.04502,-4.7616,36,15.2374,-114.172
2262,1,"gamma",0.690734,-9.73437,12.4876,36,44.6201,127.937
2283,1,"gamma",1,0,0,36,0,0
2292,1,"gamma",0.917872,-11.1364,-0.213225,36,17.1611,-168.694
2301,1,"gamma",0.603391,-4.61498,-2.33103,36,51.5477,-153.202
2308,1,"gamma",0.870959,-7.07063,-7.73533,36,21.8809,-132.429
2312,1,"gamma",1,0,0,36,0,0
2333,1,"gamma",1,0,0,36,0,0
2360,1,"gamma",0.794211,10.0239,2.59909,36,33.4761,8.65709
2371,1,"gamma",1,0,0,36,0,0
2381,1,"gamma",0.904268,-0.445203,3.82164,36,18.2994,96.6447
2390,1,"gamma",0.796607,10.8829,-9.56107,36,33.5045,-54.2575
2394,1,"gamma",1,0,0,36,0,0
2396,1,"gamma",0.551224,-4.01962,0.811068,36,54.3904,146.926
2399,1,"gamma",1,0,0,36,0,0
2406,1,"gamma",0.47781,-0.0821471,-0.135793,36,61.9866,-121.172
2415,1,"gamma",0.605257,-1.41586,0.970546,36,25.0733,131.142
2421,1,"gamma",1,0,0,36,0,0
2423,1,"gamma",1,0,0,36,0,0
2444,1,"gamma",1,0,0,36,0,0
2475,1,"gamma",1,0,0,36,0,0
2479,1,"gamma",1,0,0,36,0,0
2480,1,"gamma",1,0,0,36,0,0
2481,1,"gamma",1,0,0,36,0,0
2485,1,"gamma",0.996002,-2.10341,0.219559,36,3.72474,174.041
2493,1,"gamma",0.819741,-0.541976,10.7926,36,27.2868,92.8748
2495,1,"gamma",0.678223,-9.80749,-3.3182,36,32.4063,-163.077
2497,1,"gamma",1,0,0,36,0,0
2513,1,"gamma",1,0,0,36,0,0
2514,1,"gamma",1,0,0,36,0,0
2532,1,"gamma",0.629071,-0.0891878,-0.0556054,36,45.2438,-148.058
2536,1,"gamma",1,0,0,36,0,0
2541,1,"gamma",0.170327,5.09071,-6.24645,36,51.542,6.50477
2544,1,"gamma",0.521229,0.579404,0.581968,36,58.1671,45.1265
2552,3,"e-",0.758654,9.48697,7.61922,36,44.9034,-33.3032
2555,1,"gamma",0.905512,2.50686,-1.00122,36,17.5532,3.71496
2562,1,"gamma",1,0,0,36,0,0
2564,1,"gamma",1,-3.03529,-1.91004,36,8.77508,-147.819
2571,1,"gamma",0.669264,3.10587,4.90321,36,35.7646,57.6483
2574,1,"gamma",0.375077,-8.51078,18.1408,36,44.6339,151.89
2585,1,"gamma",0.762412,-17.3468,-5.76804,36,31.8017,-164.251
2592,1,"gamma",0.885588,-5.23675,5.26515,36,22.8219,134.093
2613,1,"gamma",1,0,0,36,0,0
2627,1,"gamma",1,0,0,36,0,0
2632,1,"gamma",1,0,0,36,0,0
2633,1,"gamma",0.796719,-0.208602,1.39912,36,29.6511,98.4801
2639,1,"gamma",0.952901,0.268524,-0.142966,36,11.1652,-28.0314
2640,1,"gamma",0.684092,3.94004,-5.23956,36,36.3236,-12.3693
2650,1,"gamma",1,0,0,36,0,0
2651,1,"gamma",0.524081,0.238198,-8.92091,36,71.0475,-88.3442
2652,1,"gamma",1,0.186895,-0.151901,36,2.08207,-39.1029
2659,1,"gamma",0.904199,-1.22272,-5.89541,36,19.72,-101.821
2662,1,"gamma",0.503911,-1.828,5.24249,36,63.1493,109.223
2666,1,"gamma",0.824373,4.06305,4.62878,36,16.2744,28.9361
2698,1,"gamma",0.994884,1.40064,2.09172,36,4.48445,56.1934
2709,1,"gamma",0.782881,-9.99571,5.89371,36,27.9222,149.475
2713,1,"gamma",1,0,0,36,0,0
2727,1,"gamma",0.734244,-4.19753,5.10255,36,21.1668,155.613
2728,1,"gamma",1,1.7703,0.79367,36,4.44047,24.1479
2749,1,"gamma",1,0,0,36,0,0
2756,1,"gamma",1,0,0,36,0,0
2760,1,"gamma",0.860837,-8.12394,2.05212,36,18.0395,165.295
2765,1,"gamma",1,0,0,36,0,0
2766,1,"gamma",0.842876,7.84231,-11.2267,36,24.8266,-55.0642
2776,1,"gamma",0.692773,2.66547,1.90374,36,41.0705,35.5353
2787,1,"gamma",1,0.139741,0.181267,36,0.63272,52.3708
2789,1,"gamma",0.962216,-1.41745,5.77211,36,11.6385,103.797
2810,1,"gamma",1,0,0,36,0,0
2817,1,"gamma",0.981426,1.1377,1.42497,36,8.55187,51.3959
2821,1,"gamma",1,0,0,36,0,0
2836,1,"gamma",1,0,0,36,0,0
2864,1,"gamma",1,0,0,36,0,0
2868,1,"gamma",0.903724,0.452309,-3.90217,36,19.9858,-83.3882
2877,1,"gamma",0.781694,-3.54892,14.8889,36,31.3104,103.407
2886,1,"gamma",0.74161,-7.39341,-2.2149,36,33.5083,-163.323
2887,1,"gamma",0.720692,4.21201,-2.42631,36,37.9174,-29.9439
2890,1,"gamma",0.673007,2.00155,0.232978,36,40.6732,6.6393
2921,1,"gamma",1,0,0,36,0,0
2926,1,"gamma",1,0,0,36,0,0
2929,1,"gamma",0.318605,2.96829,-1.12747,36,55.3239,32.3673
2935,1,"gamma",1,0,0,36,0,0
2937,1,"gamma",1,0,0,36,0,0
2954,1,"gamma",1,0,0,36,0,0
2962,1,"gamma",0.989709,-0.658167,-0.60089,36,3.23828,-137.605
2972,1,"gamma",0.790146,0.000569835,0.000379803,36,40.1414,33.684
2972,2,"e-",0.118974,-0.000703417,-0.000469344,36,58.3757,70.0653
2981,1,"gamma",0.749222,1.46895,-10.9335,36,34.604,-82.348
2987,1,"gamma",0.86787,-7.45781,5.38421,36,28.4508,144.172
3003,1,"gamma",1,0,0,36,0,0
3005,1,"gamma",1,0,0,36,0,0
3020,1,"gamma",1,-0.387772,0.784919,36,1.6567,116.291
3022,1,"gamma",0.903151,4.06731,-2.24768,36,5.7485,-71.1398
3049,1,"gamma",1,0,0,36,0,0
3054,1,"gamma",0.630602,-1.26674,0.700377,36,47.1573,141.6
3055,1,"gamma",0.656274,-5.43994,-7.17308,36,44.758,-127.176
3072,1,"gamma",0.809114,-19.2243,0.792617,36,28.3993,177.639
3076,1,"gamma",0.65342,0.182656,-0.367977,36,24.1516,-75.912
3080,1,"gamma",0.654516,-12.7265,3.33462,36,20.4153,117.909
3099,1,"gamma",1,0,0,36,0,0
3105,1,"gamma",1,0,0,36,0,0
3113,1,"gamma",1,0,0,36,0,0
3114,1,"gamma",0.974638,-2.66549,3.30029,36,12.9965,128.926
3133,1,"gamma",1,0,0,36,0,0
3161,1,"gamma",1,0,0,36,0,0
3192,1,"gamma",1,0,0,36,0,0
3206,1,"gamma",0.567815,-8.18022,-1.94027,36,12.369,165.415
3221,1,"gamma",1,0,0,36,0,0
3238,1,"gamma",1,0,0,36,0,0
3240,1,"gamma",1,0,0,36,0,0
3252,1,"gamma",1,0,0,36,0,0
3255,1,"gamma",0.765004,0.480571,13.629,36,38.6772,87.9805
3270,1,"gamma",1,0,0,36,0,0
3284,1,"gamma",0.861808,9.32701,-7.48558,36,24.4393,-38.7495
3285,1,"gamma",0.661976,25.4581,14.2901,36,42.0454,25.7824
3287,1,"gamma",1,0,0,36,0,0
3292,1,"gamma",0.895409,3.94737,-10.1471,36,20.0021,-68.7433
3297,1,"gamma",0.938117,6.07043,-0.567964,36,19.3051,-5.34517
3301,1,"gamma",1,0,0,36,0,0
3306,1,"gamma",1,0,0,36,0,0
3313,1,"gamma",0.807779,-4.0594,2.83657,36,29.9162,144.493
3329,1,"gamma",1,0,0,36,0,0
3334,1,"gamma",1,0,0,36,0,0
3335,1,"gamma",0.671331,3.227,11.7916,36,42.0286,74.6946
3345,1,"gamma",1,0,0,36,0,0
3349,1,"gamma",1,0,0,36,0,0
3350,1,"gamma",1,0,0,36,0,0
3353,1,"gamma",1,0,0,36,0,0
3354,1,"gamma",0.543694,-1.36713,-4.97238,36,27.374,-63.0696
3359,1,"gamma",0.431655,-20.9112,3.97444,36,47.6886,106.96
3367,1,"gamma",1,0,0,36,0,0
3370,1,"gamma",1,0,0,36,0,0
3377,1,"gamma",0.855893,-0.265861,-0.557042,36,15.0945,-119.91
3378,1,"gamma",1,0,0,36,0,0
3382,1,"gamma",0.706251,-3.09906,8.97467,36,38.4992,109.05
3393,1,"gamma",1,0,0,36,0,0
3395,1,"gamma",1,0.136468,-0.0257501,36,0.569358,-10.6855
3403,1,"gamma",1,0,0,36,0,0
3409,1,"gamma",0.871478,11.6584,-5.50233,36,22.4461,-25.2656
3438,1,"gamma",0.657246,-3.48936,-0.0513363,36,58.8721,-179.318
3446,1,"gamma",0.969817,1.48426,0.74894,36,11.3027,26.775
3450,1,"gamma",1,0,0,36,0,0
3465,1,"gamma",1,0,0,36,0,0
3470,1,"gamma",1,0,0,36,0,0
3476,1,"gamma",0.945384,0.308025,-4.95386,36,14.7981,-86.442
3478,1,"gamma",1,0,0,36,0,0
3489,1,"gamma",1,0,0,36,0,0
3496,1,"gamma",1,0,0,36,0,0
3497,1,"gamma",1,0,0,36,0,0
3504,1,"gamma",0.859998,-0.914033,-1.26812,36,24.1855,-126.361
3509,1,"gamma",1,0,0,36,0,0
3510,1,"gamma",1,0,0,36,0,0
3512,1,"gamma",1,0,0,36,0,0
3520,1,"gamma",0.614454,6.76645,16.5064,36,47.5859,67.7099
3524,1,"gamma",1,0,0,36,0,0
3529,1,"gamma",0.604884,-24.4899,-14.2886,36,47.2897,-173.906
3535,1,"gamma",1,0,0,36,0,0
3553,1,"gamma",0.701048,3.39474,1.84402,36,39.2466,28.5107
3557,1,"gamma",1,0.477807,1.50042,36,9.55972,72.3359
3561,5,"gamma",0.087534,-0.0158443,0.286087,36,38.5768,52.864
3564,1,"gamma",0.99527,0.0164671,-0.562132,36,4.16011,-88.3221
3566,1,"gamma",0.721132,0.913373,-1.95285,36,37.0057,-64.9339
3582,1,"gamma",0.979717,2.92256,0.0427484,36,7.87353,0.838008
3588,1,"gamma",0.957612,4.65947,2.09028,36,12.0936,24.1614
3598,1,"gamma",0.805352,-1.25852,-9.20838,36,29.5732,-97.7824
3601,1,"gamma",0.694354,13.8569,26.9176,36,43.7344,62.761
3619,1,"gamma",1,0,0,36,0,0
3626,1,"gamma",1,0,0,36,0,0
3640,1,"gamma",1,0,0,36,0,0
3642,1,"gamma",0.572027,13.2535,23.4402,36,47.1575,71.9552
3671,1,"gamma",0.919215,-1.09534,1.55745,36,19.2234,121.208
3695,1,"gamma",1,0,0,36,0,0
3709,1,"gamma",1,0,0,36,0,0
3720,1,"gamma",0.816751,1.89384,0.308817,36,25.6635,9.26139
3733,1,"gamma",0.954426,-3.30829,-0.424106,36,11.2471,-172.695
3741,1,"gamma",1,0,0,36,0,0
3753,1,"gamma",1,0,0,36,0,0
3765,1,"gamma",1,0,0,36,0,0
3767,1,"gamma",0.805024,6.13268,8.38313,36,29.5207,53.8126
3775,1,"gamma",1,0,0,36,0,0
3776,1,"gamma",1,0,0,36,0,0
3781,1,"gamma",0.817198,-10.6589,-12.637,36,28.184,-148.268
3791,1,"gamma",1,0,0,36,0,0
3796,1,"gamma",1,0,0,36,0,0
3798,1,"gamma",1,0,0,36,0,0
3801,1,"gamma",0.615426,16.1095,0.779975,36,49.2385,2.77192
3805,1,"gamma",1,0,0,36,0,0
3811,1,"gamma",1,0,0,36,0,0
3834,1,"gamma",0.926768,-1.72984,3.40346,36,16.2072,116.942
3850,1,"gamma",1,0,0,36,0,0
3855,1,"gamma",1,0,0,36,0,0
3859,1,"gamma",0.905072,-3.58397,4.75114,36,17.5499,126.118
3867,1,"gamma",1,0,0,36,0,0
3870,1,"gamma",1,0,0,36,0,0
3873,1,"gamma",0.937358,1.8807,-0.0674142,36,15.2523,-2.0529
3877,1,"gamma",1,0,0,36,0,0
3890,1,"gamma",1,0,0,36,0,0
3891,1,"gamma",0.545322,7.76414,-16.7005,36,38.2256,-97.159
3892,1,"gamma",1,0,0,36,0,0
3911,1,"gamma",1,0,0,36,0,0
3916,1,"gamma",1,0,0,36,0,0
3926,1,"gamma",0.307817,0.434303,-0.261724,36,47.352,167.598
3929,4,"gamma",0.236504,-2.62265,8.61578,36,44.4018,-33.5255
3932,1,"gamma",0.923692,-2.96991,1.04899,36,5.1645,-149.17
3934,1,"gamma",0.83603,-2.09381,2.06225,36,23.8181,135.435
3943,1,"gamma",0.686925,-18.7967,9.32498,36,36.8809,153.614
3956,1,"gamma",0.776989,-4.53226,4.38955,36,29.7955,135.916
3959,1,"gamma",1,0,0,36,0,0
3968,1,"gamma",0.733593,-3.23698,-9.44931,36,39.8211,-108.91
3973,1,"gamma",0.845095,-12.3777,-8.06515,36,24.8241,-146.912
3974,1,"gamma",0.563611,1.12453,3.50662,36,32.6775,3.61655
3984,1,"gamma",1,0,0,36,0,0
3986,1,"gamma",0.805615,-2.02013,-0.448876,36,13.8932,-149.838
3993,1,"gamma",1,0,0,36,0,0
4008,1,"gamma",0.685394,1.23408,3.63486,36,34.73,35.0463
4011,1,"gamma",0.617653,-4.13191,5.64402,36,32.1796,77.3816
4012,1,"gamma",1,0,0,36,0,0
4030,1,"gamma",1,0,0,36,0,0
4035,1,"gamma",0.98228,1.99635,-1.31131,36,8.3256,-33.299
4073,1,"gamma",0.602181,2.52297,0.0973538,36,40.9874,-16.6091
4075,1,"gamma",0.881481,9.81258,-3.72154,36,20.8953,-20.7699
4079,1,"gamma",0.783852,5.52054,-8.74232,36,35.3836,-38.9148
4085,1,"gamma",0.613619,-0.877756,7.05143,36,39.7597,102.866
4092,1,"gamma",1,0,0,36,0,0
4096,1,"gamma",1,0,0,36,0,0
4114,1,"gamma",1,0,0,36,0,0
4121,1,"gamma",0.941775,-0.0348891,0.057541,36,14.2379,121.23
4135,1,"gamma",1,0,0,36,0,0
4145,1,"gamma",1,0,0,36,0,0
4147,1,"gamma",1,0,0,36,0,0
4148,1,"gamma",0.798167,2.70836,-0.719074,36,36.624,-3.24031
4161,1,"gamma",0.722285,-0.724234,-0.147604,36,34.2621,-168.48
4168,1,"gamma",0.767481,1.67463,-1.04779,36,24.8882,-19.9944
4179,1,"gamma",1,0,0,36,0,0
4186,1,"gamma",1,0,0,36,0,0
4200,1,"gamma",1,0,0,36,0,0
4203,1,"gamma",0.870333,0.047413,-0.80609,36,21.9134,-86.6338
4212,1,"gamma",0.661906,22.0898,-19.0477,36,42.3101,-30.4594
4222,1,"gamma",1,0,0,36,0,0
4227,1,"gamma",1,0,0,36,0,0
4240,1,"gamma",1,-1.05011,-0.740281,36,6.941,-144.818
4252,1,"gamma",1,0,0,36,0,0
4255,1,"gamma",0.512256,-0.267095,2.53989,36,49.7481,96.0032
4281,1,"gamma",1,0,0,36,0,0
4284,1,"gamma",1,0,0,36,0,0
4287,1,"gamma",0.645214,-5.96802,-0.460071,36,44.5861,-175.592
4288,1,"gamma",1,0,0,36,0,0
4301,1,"gamma",1,0,0,36,0,0
4308,1,"gamma",0.623024,19.3964,0.868287,36,42.3653,2.56316
4314,1,"gamma",0.385878,7.67766,-19.9431,36,6.5798,63.8675
4333,1,"gamma",1,0,0,36,0,0
4339,1,"gamma",0.563027,-2.54038,4.71453,36,53.3695,118.318
4350,1,"gamma",0.888595,-0.691202,0.303023,36,20.1633,156.327
4357,1,"gamma",0.914348,7.43994,2.66145,36,21.8546,19.6834
4359,1,"gamma",1,0,0,36,0,0
4366,1,"gamma",1,0,0,36,0,0
4384,1,"gamma",1,0,0,36,0,0
4396,1,"gamma",0.966586,-3.54231,2.62354,36,8.4178,148.072
4398,5,"gamma",0.213708,-1.80283,6.37846,36,21.4137,-148.907
4405,1,"gamma",0.814217,10.8569,-11.7481,36,26.6697,-47.2576
4414,6,"e-",0.348003,8.45849,20.5518,36,24.9656,50.7186
4423,1,"gamma",1,0,0,36,0,0
4457,1,"gamma",0.940391,-2.05408,0.787314,36,14.5336,159.029
4462,1,"gamma",1,0,0,36,0,0
4493,1,"gamma",1,0,0,36,0,0
4505,1,"gamma",0.794533,-9.78527,-8.35789,36,27.2933,-139.498
4509,1,"gamma",1,0,0,36,0,0
4510,1,"gamma",0.563869,-1.07326,-0.000658787,36,52.576,-179.965
4525,1,"gamma",1,0,0,36,0,0
4532,1,"gamma",1,0,0,36,0,0
4541,1,"gamma",1,0,0,36,0,0
4558,1,"gamma",1,-2.97891,1.59549,36,33.2915,151.827
4562,1,"gamma",1,0,0,36,0,0
4582,1,"gamma",0.753309,-3.13229,-1.24352,36,27.075,162.272
4587,1,"gamma",0.833691,-16.4752,0.700118,36,28.1667,-179.811
4600,1,"gamma",0.60284,-2.83931,6.58449,36,51.5493,113.326
4611,1,"gamma",0.991767,-0.14738,-0.838715,36,5.29715,-105.022
4613,1,"gamma",1,0,0,36,0,0
4614,1,"gamma",0.718101,-15.3546,14.7048,36,37.4568,136.238
4635,1,"gamma",1,0,0,36,0,0
4661,1,"gamma",0.936192,5.99474,-5.59487,36,15.411,-43.0239
4668,1,"gamma",1,0,0,36,0,0
4670,1,"gamma",1,0,0,36,0,0
4680,1,"gamma",1,0,0,36,0,0
4707,1,"gamma",1,0,0,36,0,0
4714,1,"gamma",0.893289,3.01093,0.84606,36,16.7128,30.2197
4715,1,"gamma",0.539927,1.22395,-12.7675,36,29.547,-91.0711
4719,1,"gamma",0.746282,-15.3778,-3.38032,36,34.0327,-167.602
4723,1,"gamma",1,0,0,36,0,0
4733,1,"gamma",1,0.692956,0.0728135,36,3.48004,6.76274
4766,1,"gamma",0.545319,21.4345,-3.69462,36,54.4781,-9.77987
4768,1,"gamma",1,0,0,36,0,0
4777,1,"gamma",0.986357,1.04768,-1.03465,36,7.60695,-44.6417
4782,1,"gamma",1,-0.152913,0.54676,36,5.98049,105.625
4815,1,"gamma",1,-0.880481,0.763186,36,2.82216,139.082
4852,1,"gamma",0.871381,-1.2585,0.555696,36,30.5803,156.176
4856,1,"gamma",0.928853,-5.87757,-0.367957,36,15.9299,-176.418
4862,1,"gamma",0.632004,-1.2183,11.776,36,47.7814,96.1327
4869,1,"gamma",0.752429,11.8103,6.70881,36,31.2551,29.5986
4897,1,"gamma",1,-0.967828,0.33721,36,1.69997,160.791
4898,1,"gamma",1,0,0,36,0,0
4913,1,"gamma",0.492042,2.62236,-0.676049,36,30.0299,-23.0552
4928,1,"gamma",1,0,0,36,0,0
4937,1,"gamma",1,0,0,36,0,0
4962,1,"gamma",1,0,0,36,0,0
4974,1,"gamma",1,0,0,36,0,0
4979,1,"gamma",0.817351,-4.57558,4.90143,36,28.3704,133.031
4980,1,"gamma",0.626065,-5.82295,-10.6505,36,63.9577,-113.089
4995,1,"gamma",1,0,0,36,0,0
4996,1,"gamma",0.710753,5.44518,15.7995,36,36.9865,86.5438
5002,1,"gamma",1,0,0,36,0,0
5011,1,"gamma",1,0,0,36,0,0
5017,1,"gamma",0.802555,3.30156,-1.08079,36,45.1014,-18.1262
5028,1,"gamma",1,0,0,36,0,0
5029,1,"gamma",0.917252,-0.76389,0.856125,36,18.0889,131.741
5040,1,"gamma",1,-0.577654,0.0975472,36,5.07023,170.415
5050,1,"gamma",1,0,0,36,0,0
5064,1,"gamma",1,0,0,36,0,0
5080,1,"gamma",1,0,0,36,0,0
5085,1,"gamma",0.987869,-2.82996,0.790853,36,7.22969,164.387
5102,1,"gamma",0.618701,-0.835871,-3.38095,36,25.7228,-103.887
5103,1,"gamma",1,0,0,36,0,0
5114,1,"gamma",1,0,0,36,0,0
5125,1,"gamma",1,0,0,36,0,0
5129,1,"gamma",1,0,0,36,0,0
5132,1,"gamma",1,0,0,36,0,0
5136,1,"gamma",1,0,0,36,0,0
5139,1,"gamma",0.322556,6.27246,-14.0886,36,17.4086,-106.169
5142,1,"gamma",0.799784,4.97063,13.5923,36,29.3987,69.9128
5148,1,"gamma",0.805171,-4.03176,-13.9324,36,29.826,-112.051
5152,1,"gamma",1,0,0,36,0,0
5163,1,"gamma",0.876112,4.55443,9.23255,36,19.2118,63.7428
5184,1,"gamma",1,0,0,36,0,0
5198,1,"gamma",0.741869,-7.34291,-8.80387,36,36.3985,-129.83
5212,1,"gamma",0.737316,-0.0106796,1.7657,36,34.9284,90.3465
5219,1,"gamma",0.884813,-0.970315,-1.06829,36,18.0231,-81.4325
5220,1,"gamma",0.787035,-8.24347,1.88636,36,31.64,-142.455
5247,1,"gamma",0.961893,0.321229,1.19774,36,11.443,74.9868
5248,1,"gamma",1,0,0,36,0,0
5257,1,"gamma",1,0,0,36,0,0
5271,1,"gamma",1,0,0,36,0,0
5274,1,"gamma",0.581671,2.49099,-11.3919,36,69.3871,-67.9772
5279,1,"gamma",1,0,0,36,0,0
5283,1,"gamma",1,0,0,36,0,0
5289,1,"gamma",1,0,0,36,0,0
5317,1,"gamma",0.756522,4.78876,6.93261,36,38.212,54.5631
5325,1,"gamma",1,0,0,36,0,0
5329,1,"gamma",1,-0.0269074,-0.841876,36,2.04756,39.7377
5354,1,"gamma",0.664142,8.27318,-0.736593,36,43.2148,-5.08785
5359,1,"gamma",1,0,0,36,0,0
5367,1,"gamma",1,0,0,36,0,0
5385,5,"gamma",0.507544,0.301968,-0.265184,36,53.1884,-52.7507
5397,1,"gamma",1,0,0,36,0,0
5402,1,"gamma",0.681026,13.8001,-10.0862,36,31.843,-35.9964
5410,1,"gamma",1,0,0,36,0,0
5415,1,"gamma",1,0,0,36,0,0
5424,1,"gamma",1,0,0,36,0,0
5425,1,"gamma",0.539652,-0.636423,8.40695,36,49.1105,116.745
5427,1,"gamma",1,0,0,36,0,0
5434,1,"gamma",1,0,0,36,0,0
5438,1,"gamma",1,0,0,36,0,0
5440,1,"gamma",1,0,0,36,0,0
5450,1,"gamma",0.677048,-1.42507,-10.2809,36,41.3095,-97.8917
5454,1,"gamma",0.660835,2.30021,3.91249,36,2.16832,-127.366
5456,1,"gamma",1,0,0,36,0,0
5457,1,"gamma",0.800704,0.238376,1.46915,36,29.2575,80.7838
5462,1,"gamma",0.560794,-0.839732,1.65689,36,24.2208,136.254
5469,1,"gamma",1,0,0,36,0,0
5512,1,"gamma",1,0,0,36,0,0
5514,1,"gamma",1,0,0,36,0,0
5521,1,"gamma",0.815558,0.407623,-1.86854,36,26.3502,-77.6937
5534,1,"gamma",0.735171,-14.446,-12.0316,36,45.2374,-134.953
5558,1,"gamma",0.739227,8.22829,14.0259,36,35.0255,59.6021
5568,1,"gamma",0.963405,0.0236535,3.8415,36,15.6684,89.6472
5594,1,"gamma",1,0,0,36,0,0
5601,1,"gamma",0.440157,4.18486,0.743109,36,48.0704,10.0691
5609,1,"gamma",0.889539,-3.96666,8.6978,36,19.2628,114.516
5617,1,"gamma",1,0.0299987,-0.0266893,36,3.95049,-41.6589
5622,1,"gamma",0.561217,-0.926426,-6.35281,36,20.105,-149.894
5629,1,"gamma",1,0,0,36,0,0
5639,1,"gamma",0.611186,-5.11775,-12.9725,36,19.0724,169.93
5673,1,"gamma",1,0,0,36,0,0
5679,1,"gamma",0.725637,-5.42412,-1.53613,36,36.8584,-164.188
5682,1,"gamma",1,0,0,36,0,0
5683,1,"gamma",1,0,0,36,0,0
5686,1,"gamma",1,0,0,36,0,0
5692,1,"gamma",0.729261,-6.08096,-16.3984,36,27.5972,-114.216
5702,1,"gamma",0.913788,6.03308,5.0788,36,18.0495,40.0915
5704,1,"gamma",1,0,0,36,0,0
5707,1,"gamma",0.940696,6.50814,-3.41437,36,14.4877,-27.6828
5712,1,"gamma",1,3.75599,-1.82114,36,11.2352,-25.8671
5731,1,"gamma",0.379823,1.47703,0.884058,36,80.9353,30.9021
5733,1,"gamma",1,0,0,36,0,0
5741,1,"gamma",1,0,0,36,0,0
5752,1,"gamma",0.975827,-1.35805,-0.0655376,36,6.51196,31.7069
5768,1,"gamma",1,0,0,36,0,0
5769,1,"gamma",0.728842,-1.13775,6.76708,36,35.7878,99.5439
5774,1,"gamma",1,0,0,36,0,0
5778,1,"gamma",0.890295,3.15641,-0.740223,36,20.4382,-13.1982
5788,1,"gamma",1,0,0,36,0,0
5795,1,"gamma",0.467727,15.1645,-4.66563,36,59.7954,-14.9213
5796,1,"gamma",1,0,0,36,0,0
5801,1,"gamma",1,0,0,36,0,0
5802,1,"gamma",1,0,0,36,0,0
5804,1,"gamma",1,0.0449446,0.00713945,36,0.629631,9.02602
5807,1,"gamma",0.755599,4.47646,0.709019,36,35.4076,9.00021
5825,1,"gamma",0.975036,-3.11398,1.80406,36,9.44524,149.914
5827,1,"gamma",0.830831,-0.977154,1.04112,36,26.9472,133.185
5834,1,"gamma",1,0,0,36,0,0
5836,1,"gamma",0.977836,-0.979576,1.89706,36,8.26588,117.31
5850,1,"gamma",0.685337,9.96895,-4.43902,36,37.5915,-18.6213
5855,1,"gamma",0.648892,-0.809726,5.2498,36,45.1471,98.7682
5861,1,"gamma",1,0,0,36,0,0
5863,1,"gamma",1,0.333873,0.717376,36,1.51951,65.0423
5873,1,"gamma",1,0,0,36,0,0
5881,1,"gamma",0.694321,0.108267,-2.91889,36,38.6707,-87.8758
5895,1,"gamma",1,0,0,36,0,0
5897,1,"gamma",0.633331,0.0422965,-14.7171,36,35.7511,-89.8353
5900,1,"gamma",0.919004,7.7175,3.31271,36,15.3189,28.5902
5921,1,"gamma",1,0,0,36,0,0
5929,1,"gamma",1,0,0,36,0,0
5932,1,"gamma",0.988446,-2.73844,-1.08094,36,6.11289,-158.459
5942,1,"gamma",1,0,0,36,0,0
5968,1,"gamma",1,-1.66958,-1.70919,36,5.05306,-125.278
5973,1,"gamma",0.980715,3.04505,0.67272,36,8.49746,12.4578
5984,1,"gamma",1,0,0,36,0,0
5987,1,"gamma",0.723844,2.24059,16.3521,36,36.5612,82.1979
6010,1,"gamma",1,0,0,36,0,0
6012,1,"gamma",1,0,0,36,0,0
6014,1,"gamma",0.728025,6.34454,-9.28723,36,33.6595,-55.6612
6025,1,"gamma",1,0,0,36,0,0
6043,1,"gamma",0.707368,2.30398,-0.63267,36,19.3798,22.9755
6080,1,"gamma",0.545454,-6.60292,-5.85001,36,55.2098,-138.46
6082,1,"gamma",1,0,0,36,0,0
6085,1,"gamma",1,0,0,36,0,0
6090,1,"gamma",0.544183,-0.136519,-12.1804,36,50.3438,-112.533
6091,1,"gamma",1,0,0,36,0,0
6095,1,"gamma",0.753186,14.3928,-7.27292,36,36.7119,-2.35851
6098,1,"gamma",1,0,0,36,0,0
6110,1,"gamma",1,0,0,36,0,0
6119,1,"gamma",0.724211,-4.84846,1.12862,36,36.5045,166.896
6138,1,"gamma",0.421268,5.66978,-15.2599,36,45.027,-50.238
6143,1,"gamma",0.813944,-1.58375,4.74573,36,28.1453,108.455
6147,1,"gamma",1,0,0,36,0,0
6151,1,"gamma",0.81641,-3.6837,-0.607659,36,16.7821,-59.9029
6178,1,"gamma",0.565542,6.41441,-12.3144,36,69.1345,-61.1894
6192,1,"gamma",0.952131,-0.779123,1.33925,36,14.1658,144.895
6218,1,"gamma",1,0,0,36,0,0
6219,1,"gamma",0.639845,11.1301,13.0886,36,42.8721,49.6233
6237,1,"gamma",0.661201,-10.8812,15.1388,36,44.1458,125.707
6250,1,"gamma",0.935503,5.08865,4.26657,36,14.5901,39.9781
6264,1,"gamma",1,0,0,36,0,0
6302,1,"gamma",1,-0.403757,-0.201751,36,1.07805,-153.449
6323,1,"gamma",0.814532,2.34081,-1.63943,36,28.0882,-35.0062
6324,1,"gamma",0.981871,2.51744,-2.0851,36,8.15023,-39.6337
6335,1,"gamma",1,0,0,36,0,0
6358,1,"gamma",1,0,0,36,0,0
6374,1,"gamma",0.51031,-6.76348,3.53768,36,54.3724,114.168
6385,1,"gamma",1,0,0,36,0,0
6395,1,"gamma",1,0,0,36,0,0
6401,1,"gamma",1,0,0,36,0,0
6406,1,"gamma",1,0,0,36,0,0
6421,1,"gamma",1,0,0,36,0,0
6433,1,"gamma",1,0,0,36,0,0
6441,1,"gamma",0.541827,15.1364,8.32332,36,42.5349,29.9823
6466,1,"gamma",0.994141,0.296557,-0.0917819,36,4.5581,-17.1969
6467,1,"gamma",1,0,0,36,0,0
6486,1,"gamma",0.822378,1.88333,-2.24376,36,9.07663,-37.912
6499,1,"gamma",1,-0.174784,0.891317,36,2.57351,101.095
6504,1,"gamma",0.678425,1.64514,-1.68176,36,43.6947,-69.8968
6505,1,"gamma",1,0,0,36,0,0
6514,1,"gamma",0.981932,-0.45423,0.0262035,36,7.60932,176.698
6521,1,"gamma",0.733183,15.6117,-13.2841,36,37.7442,-40.3947
6543,1,"gamma",0.78823,4.32328,1.88507,36,10.2156,-170.656
6563,1,"gamma",1,0,0,36,0,0
6568,1,"gamma",0.722841,-2.6186,-4.21259,36,36.5761,-121.866
6578,1,"gamma",0.708178,-2.73691,9.28565,36,35.0917,106.423
6604,1,"gamma",1,5.21649,0.421682,36,22.0562,4.62153
6614,1,"gamma",0.595627,-0.734523,-4.2213,36,53.4051,-100.459
6618,1,"gamma",1,0,0,36,0,0
6627,1,"gamma",0.854989,-2.76468,-2.60272,36,14.8092,166.863
6649,1,"gamma",1,0,0,36,0,0
6662,1,"gamma",1,0,0,36,0,0
6673,1,"gamma",1,0,0,36,0,0
6674,1,"gamma",0.976359,6.19638,-0.229396,36,10.9495,-5.10623
6689,1,"gamma",1,-0.489718,0.221758,36,1.71837,155.638
6691,1,"gamma",1,0,0,36,0,0
6692,1,"gamma",0.820797,-5.52739,1.30305,36,28.9165,129.004
6696,1,"gamma",1,0,0,36,0,0
6698,1,"gamma",0.685478,3.72204,-1.79153,36,11.893,23.4202
6711,1,"gamma",0.935559,-0.855165,0.427431,36,12.5486,153.443
6720,1,"gamma",1,0,0,36,0,0
6722,1,"gamma",1,0,0,36,0,0
6724,1,"gamma",0.580729,-4.23846,-7.26155,36,49.5208,-120.271
6733,1,"gamma",0.958729,-1.21896,2.73812,36,11.9786,113.998
6735,1,"gamma",1,0,0,36,0,0
6772,1,"gamma",0.726505,-8.66882,1.08337,36,35.5298,172.877
6774,1,"gamma",1,0,0,36,0,0
6785,1,"gamma",0.900986,-6.3473,-4.01541,36,19.7014,-147.682
6788,1,"gamma",0.96174,6.79465,-0.941047,36,11.5926,-7.8852
6791,1,"gamma",1,0,0,36,0,0
6803,1,"gamma",0.564671,-0.513412,-3.21875,36,52.9243,-99.0627
6812,1,"gamma",0.625666,1.65547,-8.44517,36,57.7354,-79.8861
6813,1,"gamma",1,0,0,36,0,0
6831,1,"gamma",1,0,0,36,0,0
6846,1,"gamma",1,0,0,36,0,0
6847,1,"gamma",1,0,0,36,0,0
6864,1,"gamma",0.671988,1.17647,3.09527,36,40.2337,69.1888
6873,1,"gamma",1,0,0,36,0,0
6875,1,"gamma",1,0,0,36,0,0
6881,1,"gamma",1,0,0,36,0,0
6890,1,"gamma",0.955231,0.856171,-0.672371,36,15.2645,-38.1434
6899,1,"gamma",0.838017,0.13351,0.303252,36,25.7205,66.2379
6908,1,"gamma",0.735564,5.72139,9.14068,36,27.3556,71.929
6916,1,"gamma",0.817858,-2.6837,-12.536,36,20.9917,-83.5892
6933,1,"gamma",0.569608,6.13047,2.42899,36,49.8932,21.6142
6936,1,"gamma",1,0.24127,0.141587,36,0.509618,30.4061
6939,1,"gamma",1,0,0,36,0,0
6942,1,"gamma",1,0,0,36,0,0
6954,1,"gamma",1,0,0,36,0,0
6960,1,"gamma",1,0,0,36,0,0
6964,1,"gamma",1,0,0,36,0,0
6970,1,"gamma",0.912857,10.8167,-0.715919,36,17.9144,-3.7867
6982,1,"gamma",1,-0.618138,-0.112776,36,2.31312,-169.66
6996,1,"gamma",1,0,0,36,0,0
6999,1,"gamma",1,0,0,36,0,0
7000,1,"gamma",0.769787,6.98373,-7.501,36,23.8008,-47.7487
7009,1,"gamma",1,0,0,36,0,0
7011,1,"gamma",1,0,0,36,0,0
7016,1,"gamma",0.897187,0.636478,-3.35129,36,16.7561,-79.2464
7050,1,"gamma",0.878213,2.0193,-0.374566,36,23.6599,-10.5085
7064,1,"gamma",1,0,0,36,0,0
7065,1,"gamma",0.786625,0.992509,-4.03148,36,31.4966,-51.1722
7069,1,"gamma",1,0,0,36,0,0
7090,1,"gamma",0.813085,12.1687,2.40253,36,27.1961,-24.5292
7099,1,"gamma",0.740108,1.82379,9.55063,36,36.2698,79.1889
7132,1,"gamma",1,0,0,36,0,0
7133,1,"gamma",0.685093,4.64939,-1.07538,36,39.9389,-13.0232
7141,1,"gamma",0.652213,5.92328,15.5084,36,44.0976,69.0961
7152,1,"gamma",0.900546,-0.839159,-3.02875,36,19.3862,-105.486
7215,1,"gamma",1,0,0,36,0,0
7226,1,"gamma",0.794626,-3.44229,-14.0977,36,29.2197,-103.722
7227,1,"gamma",1,0,0,36,0,0
7237,1,"gamma",1,0,0,36,0,0
7240,1,"gamma",1,0,0,36,0,0
7242,1,"gamma",1,0,0,36,0,0
7270,1,"gamma",0.883654,-0.278382,2.80045,36,21.2311,95.6769
7281,1,"gamma",0.800101,3.04872,14.0181,36,28.3313,103.004
7283,1,"gamma",1,0,0,36,0,0
7297,1,"gamma",1,0,0,36,0,0
7304,1,"gamma",1,0,0,36,0,0
7305,1,"gamma",0.675077,13.4581,-6.33379,36,39.0685,-25.2031
7314,1,"gamma",1,0,0,36,0,0
7327,1,"gamma",1,0,0,36,0,0
7348,1,"gamma",1,0,0,36,0,0
7363,1,"gamma",1,0,0,36,0,0
7377,1,"gamma",0.812251,3.6314,8.14978,36,14.7641,32.7792
7386,1,"gamma",1,0,0,36,0,0
7387,1,"gamma",1,0,0,36,0,0
7398,1,"gamma",1,0,0,36,0,0
7405,1,"gamma",0.636263,10.4182,9.81517,36,51.8221,75.2173
7411,1,"gamma",1,0,0,36,0,0
7439,1,"gamma",0.314293,8.37983,-5.05077,36,87.433,-31.0786
7441,1,"gamma",0.801068,-0.706795,-0.564348,36,36.0129,-141.394
7448,1,"gamma",0.815886,-11.3407,15.034,36,39.3091,126.449
7453,1,"gamma",0.87796,3.01679,2.41811,36,21.7511,38.7139
7456,1,"gamma",1,0,0,36,0,0
7461,1,"gamma",0.84996,0.0223068,0.0146172,36,23.4622,33.236
7472,1,"gamma",0.438388,-0.977797,0.794701,36,16.2343,134.203
7495,1,"gamma",1,0,0,36,0,0
7498,1,"gamma",0.891979,-3.70655,-1.41773,36,21.7283,-159.068
7506,1,"gamma",1,0,0,36,0,0
7507,1,"gamma",1,0,0,36,0,0
7515,1,"gamma",1,0,0,36,0,0
7520,1,"gamma",1,0,0,36,0,0
7538,1,"gamma",1,0,0,36,0,0
7546,1,"gamma",0.48753,-0.785909,-0.33609,36,61.7456,-156.846
7552,1,"gamma",0.75892,2.13905,-8.10196,36,22.3255,-65.6224
7556,1,"gamma",0.569543,0.396254,1.01499,36,52.337,68.6742
7557,1,"gamma",0.863944,-0.940453,0.0999467,36,23.3474,173.934
7559,1,"gamma",0.786619,10.1047,13.3832,36,32.1312,53.2994
7560,1,"gamma",1,0,0,36,0,0
7568,1,"gamma",1,0,0,36,0,0
7571,1,"gamma",1,-0.167443,-0.283538,36,1.83869,-120.564
7578,1,"gamma",1,-1.59276,-3.54044,36,6.45882,-114.222
7580,1,"gamma",0.756045,10.9662,-11.2084,36,22.9579,-29.2283
7586,1,"gamma",1,0,0,36,0,0
7588,1,"gamma",0.845602,-13.4875,11.9032,36,29.2279,138.571
7590,1,"gamma",1,0,0,36,0,0
7593,1,"gamma",0.856,-3.26035,-2.13866,36,19.3477,-137.937
7594,1,"gamma",1,0,0,36,0,0
7598,1,"gamma",0.64838,-7.26109,-0.106562,36,21.7,-90.3113
7635,1,"gamma",0.931779,3.37039,7.39582,36,17.9025,59.327
7640,1,"gamma",0.593253,-1.24607,5.90715,36,47.8406,101.911
7670,1,"gamma",0.460528,-4.11473,0.367587,36,7.33314,-8.02586
7679,1,"gamma",1,-0.667274,0.443381,36,3.32882,165.468
7692,1,"gamma",1,0,0,36,0,0
7693,1,"gamma",0.927641,3.03912,-9.40583,36,16.7124,-72.0938
7699,1,"gamma",0.262816,-2.17731,2.43571,36,60.9707,89.594
7716,1,"gamma",1,0,0,36,0,0
7728,1,"gamma",1,0,0,36,0,0
7730,1,"gamma",0.866766,-2.76938,-6.1243,36,31.1543,-129.995
7748,1,"gamma",0.699384,-12.999,9.22281,36,38.8249,144.644
7752,1,"gamma",1,0,0,36,0,0
7761,1,"gamma",1,0,0,36,0,0
7767,1,"gamma",1,0,0,36,0,0
7769,1,"gamma",1,0,0,36,0,0
7779,1,"gamma",0.837119,-3.58939,-2.34275,36,32.3033,-151.781
7783,1,"gamma",1,0,0,36,0,0
7786,1,"gamma",0.816508,-0.946044,-1.16225,36,6.51004,164.361
7792,1,"gamma",0.85167,-0.333627,2.39389,36,20.2988,103.966
7794,1,"gamma",0.88835,4.67388,-1.57867,36,22.4523,-18.6632
7797,1,"gamma",1,0,0,36,0,0
7798,1,"gamma",0.896962,2.11976,-4.42767,36,19.8844,-64.4171
7816,1,"gamma",0.79855,12.1002,-6.21605,36,29.0345,-27.1903
7822,1,"gamma",1,0,0,36,0,0
7830,1,"gamma",0.867198,-5.91306,-12.2129,36,29.6892,-118.597
7834,1,"gamma",1,0,0,36,0,0
7836,1,"gamma",1,0,0,36,0,0
7848,1,"gamma",0.76331,-2.026,-0.778211,36,32.1058,-158.988
7863,1,"gamma",0.486725,-0.399466,5.732,36,59.6908,162.945
7865,1,"gamma",1,0,0,36,0,0
7869,1,"gamma",0.993126,-0.343937,-0.0371033,36,4.23895,-173.843
7881,1,"gamma",1,0,0,36,0,0
7889,1,"gamma",0.611439,14.525,-6.61304,36,33.9944,-17.9815
7890,4,"e-",0.527094,-0.751352,15.2729,36,47.0633,20.3171
7893,1,"gamma",0.764244,-8.88481,-5.88309,36,9.55338,145.431
7900,1,"gamma",1,0,0,36,0,0
7911,1,"gamma",1,0,0,36,0,0
7912,1,"gamma",0.825741,-4.72637,2.3525,36,27.3259,153.539
7913,1,"gamma",1,0,0,36,0,0
7914,1,"gamma",1,0,0,36,0,0
7917,1,"gamma",1,2.17191,-4.14409,36,8.67275,-62.3411
7947,1,"gamma",1,0,0,36,0,0
7965,1,"gamma",0.810018,6.03535,7.97281,36,11.1497,98.6812
7974,1,"gamma",1,0,0,36,0,0
7981,1,"gamma",0.81175,2.03912,4.96217,36,24.7581,69.5039
7983,1,"gamma",1,0,0,36,0,0
7986,1,"gamma",1,0,0,36,0,0
7987,1,"gamma",1,0,0,36,0,0
8004,1,"gamma",0.6861,4.25434,5.22593,36,39.793,50.8516
8005,1,"gamma",0.779475,1.81654,-0.829706,36,30.8701,-24.5486
8019,1,"gamma",1,0,0,36,0,0
8026,1,"gamma",1,0,0,36,0,0
8027,1,"gamma",1,-0.119697,-0.0673957,36,0.408956,-150.618
8045,2,"e-",0.87646,0.00720584,-0.000245219,36,30.2564,37.1171
8048,1,"gamma",0.810873,11.0646,6.72814,36,38.7666,29.4061
8064,1,"gamma",1,0,0,36,0,0
8071,5,"gamma",0.660293,-3.9642,0.613764,36,47.2093,171.037
8073,1,"gamma",1,0,0,36,0,0
8084,1,"gamma",0.909432,0.376228,-1.26925,36,15.2008,-73.4893
8086,1,"gamma",0.391024,-0.911682,-17.923,36,25.3772,-179.363
8093,1,"gamma",1,0,0,36,0,0
8114,1,"gamma",0.892116,-6.34469,2.48181,36,7.9583,-146.783
8132,1,"gamma",1,0,0,36,0,0
8142,1,"gamma",1,0,0,36,0,0
8144,1,"gamma",0.914738,1.15643,-5.12579,36,17.8484,-77.2864
8162,1,"gamma",0.876242,0.429161,-4.17026,36,21.5382,-84.1244
8163,1,"gamma",0.905334,-11.6987,-2.96344,36,19.0642,-165.785
8165,1,"gamma",1,0,0,36,0,0
8175,1,"gamma",1,0,0,36,0,0
8177,1,"gamma",1,0,0,36,0,0
8184,1,"gamma",0.514726,-5.59993,-14.1348,36,58.5656,-111.612
8191,1,"gamma",0.994503,-0.820955,1.03339,36,3.03396,-133.894
8192,1,"gamma",1,0,0,36,0,0
8200,1,"gamma",1,0,0,36,0,0
8203,1,"gamma",1,-0.0967535,-0.454254,36,6.57973,-102.024
8210,1,"gamma",0.669974,-9.25225,-19.7874,36,38.3106,-115.06
8230,1,"gamma",0.61387,-6.69618,-5.17833,36,47.0404,-142.191
8231,1,"gamma",1,0,0,36,0,0
8248,1,"gamma",0.608192,10.1978,11.622,36,34.2973,68.5716
8254,1,"gamma",0.474527,-5.32632,-18.2509,36,65.7469,-138.294
8262,1,"gamma",1,0,0,36,0,0
8265,1,"gamma",0.518224,-28.5124,14.551,36,44.0758,129.706
8274,1,"gamma",1,0,0,36,0,0
8283,1,"gamma",1,0,0,36,0,0
8296,1,"gamma",0.642332,11.5584,-4.30859,36,43.6063,-20.4438
8302,1,"gamma",1,0,0,36,0,0
8307,1,"gamma",1,0,0,36,0,0
8310,1,"gamma",0.778388,-1.73468,20.0419,36,44.2453,90.6402
8317,1,"gamma",0.850511,5.11298,0.73783,36,39.6835,8.2114
8321,1,"gamma",0.949102,-2.56264,4.16995,36,13.9206,121.573
8330,1,"gamma",1,0,0,36,0,0
8352,1,"gamma",1,0,0,36,0,0
8367,1,"gamma",0.534385,-1.16721,0.479567,36,55.7434,157.664
8373,1,"gamma",0.887682,-1.63975,-3.035,36,20.4944,-118.381
8401,1,"gamma",1,0,0,36,0,0
8416,1,"gamma",1,0,0,36,0,0
8417,1,"gamma",0.586858,5.06461,5.47894,36,30.9513,-9.40714
8440,1,"gamma",1,-0.951199,2.00695,36,4.80167,115.359
8444,1,"gamma",1,0,0,36,0,0
8470,1,"gamma",0.66401,-3.55048,5.4484,36,10.1328,-54.7946
8481,1,"gamma",1,0,0,36,0,0
8486,1,"gamma",1,0,0,36,0,0
8497,1,"gamma",1,0,0,36,0,0
8501,1,"gamma",0.445118,2.09661,-7.34338,36,34.9281,29.9318
8516,1,"gamma",1,0,0,36,0,0
8522,1,"gamma",0.769481,-8.46206,-5.08892,36,37.6673,-127.903
8525,1,"gamma",1,0,0,36,0,0
8530,1,"gamma",0.673505,1.24578,-0.358632,36,34.3268,-16.0599
8540,1,"gamma",0.922902,0.240571,1.00123,36,16.5297,76.4893
8550,1,"gamma",0.727742,2.07475,-9.9763,36,35.8498,-78.2518
8567,1,"gamma",1,0,0,36,0,0
8568,1,"gamma",0.909637,-4.96401,6.99924,36,19.4299,125.651
8581,1,"gamma",1,0,0,36,0,0
8586,1,"gamma",1,0,0,36,0,0
8594,1,"gamma",1,0,0,36,0,0
8600,1,"gamma",0.667314,-4.86937,1.68278,36,40.2096,160.936
8606,1,"gamma",1,0,0,36,0,0
8607,1,"gamma",1,0,0,36,0,0
8620,1,"gamma",0.649743,-1.15326,-0.902681,36,37.5559,-141.949
8646,1,"gamma",1,0,0,36,0,0
8655,1,"gamma",1,0,0,36,0,0
8660,1,"gamma",1,0,0,36,0,0
8665,1,"gamma",0.509491,-3.70984,-3.45736,36,47.1487,-136.358
8674,1,"gamma",1,0,0,36,0,0
8676,1,"gamma",1,0,0,36,0,0
8678,1,"gamma",1,0,0,36,0,0
8681,1,"gamma",1,0,0,36,0,0
8686,4,"gamma",0.07525,10.7305,-1.39237,36,63.2678,-56.5238
8691,1,"gamma",0.654291,-8.08073,-10.4305,36,26.2474,-121.657
8697,1,"gamma",0.954644,1.16237,-7.4383,36,12.5069,-81.1183
8699,1,"gamma",1,0,0,36,0,0
8705,1,"gamma",0.87311,4.62655,-1.05652,36,22.2019,-12.8636
8711,1,"gamma",1,0,0,36,0,0
8738,1,"gamma",0.715343,-11.1633,-5.00355,36,41.257,-155.857
8741,1,"gamma",0.71986,5.11489,-1.21442,36,34.8664,-13.3564
8742,1,"gamma",1,0,0,36,0,0
8745,1,"gamma",0.873402,-4.85585,0.085862,36,27.1189,159.959
8747,1,"gamma",1,0,0,36,0,0
8755,1,"gamma",0.682877,-0.665036,-4.81499,36,35.6835,-100.135
8779,1,"gamma",1,4.02763,0.295578,36,7.79975,4.19727
8800,1,"gamma",0.602329,0.609305,-0.795464,36,24.0247,-34.0352
8825,1,"gamma",1,0,0,36,0,0
8827,1,"gamma",1,0,0,36,0,0
8849,1,"gamma",1,0,0,36,0,0
8852,1,"gamma",1,0,0,36,0,0
8857,1,"gamma",1,0,0,36,0,0
8860,1,"gamma",1,-0.0285202,-0.124322,36,0.938209,-102.92
8889,1,"gamma",0.630349,-0.741566,7.2135,36,44.6227,95.8695
8891,1,"gamma",1,0,0,36,0,0
8895,1,"gamma",1,0,0,36,0,0
8900,1,"gamma",0.976536,-0.0200087,-2.8998,36,8.89786,-90.3953
8917,1,"gamma",0.742411,-13.0737,2.75291,36,34.6307,167.86
8938,1,"gamma",1,0,0,36,0,0
8946,1,"gamma",1,0,0,36,0,0
8947,1,"gamma",0.86387,2.62623,11.6863,36,23.0422,77.3345
8959,1,"gamma",1,0,0,36,0,0
8978,1,"gamma",0.869179,2.50815,6.94758,36,22.6092,70.1499
8985,1,"gamma",1,0,0,36,0,0
8987,1,"gamma",1,0,0,36,0,0
8992,1,"gamma",0.850916,-5.74909,4.59848,36,23.8394,141.345
8999,1,"gamma",0.783429,-18.3064,14.0999,36,43.9916,141.677
9007,1,"gamma",1,0,0,36,0,0
9008,1,"gamma",1,0.918925,0.540943,36,2.82958,30.484
9019,1,"gamma",0.897686,8.67512,-2.6164,36,17.8473,-16.7832
9032,1,"gamma",1,0,0,36,0,0
9043,1,"gamma",1,0,0,36,0,0
9057,1,"gamma",0.570211,4.38618,-10.7602,36,52.8039,-67.8227
9060,1,"gamma",0.822788,1.21881,-4.52337,36,25.7608,-74.9199
9061,1,"gamma",1,0,0,36,0,0
9070,1,"gamma",0.785046,10.7234,3.94527,36,30.7278,20.1992
9074,1,"gamma",1,0,0,36,0,0
9076,1,"gamma",0.412666,14.3648,-6.53368,36,76.3777,1.56083
9082,1,"gamma",0.497946,-6.36571,-9.42773,36,60.2901,-124.028
9083,1,"gamma",1,0,0,36,0,0
9089,1,"gamma",0.789231,-8.09697,10.6381,36,31.1652,127.276
9093,1,"gamma",1,0,0,36,0,0
9096,1,"gamma",1,-0.958355,1.49413,36,12.3594,122.677
9103,1,"gamma",1,0,0,36,0,0
9118,1,"gamma",0.581447,7.84266,7.50516,36,51.0356,43.7403
9129,1,"gamma",0.822835,-2.06998,-10.2092,36,27.2499,-101.462
9133,1,"gamma",1,0,0,36,0,0
9135,1,"gamma",1,0,0,36,0,0
9141,1,"gamma",0.795326,1.83524,-0.953318,36,25.5762,-27.4497
9142,1,"gamma",1,1.7204,1.08379,36,3.75213,32.2093
9145,1,"gamma",0.937402,4.75288,1.56946,36,16.279,18.2739
9155,1,"gamma",1,0,0,36,0,0
9165,1,"gamma",1,0,0,36,0,0
9169,1,"gamma",0.984064,0.0415922,2.17957,36,5.10642,88.9068
9182,1,"gamma",1,0,0,36,0,0
9189,7,"gamma",0.582827,-0.897596,-0.268195,36,31.3396,-163.429
9193,1,"gamma",1,0,0,36,0,0
9196,1,"gamma",0.910551,4.70442,-0.13712,36,19.7323,-21.6975
9201,1,"gamma",1,0,0,36,0,0
9214,1,"gamma",0.680797,-16.4405,11.5447,36,46.7101,153.424
9227,1,"gamma",0.888173,-8.8469,3.08153,36,22.0117,160.796
9239,1,"gamma",0.798271,1.60218,0.515809,36,30.8924,17.8456
9240,1,"gamma",1,0,0,36,0,0
9246,1,"gamma",1,-0.00979998,0.359891,36,0.610197,91.5598
9247,1,"gamma",1,0,0,36,0,0
9249,1,"gamma",0.778219,2.81089,-7.47058,36,36.3011,-69.3807
9261,1,"gamma",0.589764,-0.699352,1.72688,36,33.1272,-120.352
9284,1,"gamma",1,0,0,36,0,0
9299,1,"gamma",0.899889,-1.70693,-1.08187,36,17.8094,-147.633
9327,1,"gamma",1,-0.0392613,0.0346421,36,0.230865,138.576
9337,1,"gamma",1,0,0,36,0,0
9345,1,"gamma",0.769052,1.93062,-10.6981,36,32.8199,-79.656
9350,1,"gamma",1,0,0,36,0,0
9366,1,"gamma",0.727353,-13.8226,-1.88047,36,35.719,-153.522
9367,1,"gamma",1,0,0,36,0,0
9370,1,"gamma",1,0,0,36,0,0
9375,1,"gamma",0.61785,-33.8644,0.63228,36,64.5603,171.82
9376,1,"gamma",0.921221,-2.2557,-6.60654,36,16.9006,-108.852
9382,1,"gamma",1,0.540626,0.0814397,36,2.76059,8.56661
9424,1,"gamma",0.924774,-4.035,9.01997,36,16.7408,114.101
9430,1,"gamma",0.739533,0.660974,0.00150702,36,40.0258,0.130634
9441,1,"gamma",1,0,0,36,0,0
9453,1,"gamma",1,0,0,36,0,0
9457,1,"gamma",1,0,0,36,0,0
9471,1,"gamma",1,0.126672,0.286398,36,0.962509,66.1405
9484,1,"gamma",0.874733,-2.74944,-2.99255,36,22.7345,-132.576
9490,1,"gamma",1,0,0,36,0,0
9502,1,"gamma",0.772573,5.9481,16.3769,36,48.0276,71.346
9524,1,"gamma",0.79596,7.42497,17.3036,36,45.6567,66.7759
9528,1,"gamma",1,0,0,36,0,0
9529,1,"gamma",1,0,0,36,0,0
9532,1,"gamma",0.938902,0.259593,-0.000264048,36,14.7058,-0.058279
9539,1,"gamma",0.357733,7.43187,3.84373,36,75.7577,27.3478
9550,1,"gamma",0.898899,-0.522978,0.0847796,36,18.8554,170.792
9572,1,"gamma",1,0,0,36,0,0
9576,1,"gamma",1,0,0,36,0,0
9577,1,"gamma",1,0,0,36,0,0
9580,1,"gamma",1,0,0,36,0,0
9598,1,"gamma",0.971118,-2.95794,2.97691,36,8.57965,134.817
9613,1,"gamma",1,0,0,36,0,0
9633,1,"gamma",0.778532,-1.04717,-0.603592,36,1.62187,-112.657
9636,1,"gamma",0.963877,-0.0565973,0.938157,36,11.0574,14.3938
9653,1,"gamma",1,0,0,36,0,0
9662,1,"gamma",0.67287,-6.54519,5.69056,36,33.1083,119.402
9676,1,"gamma",1,0,0,36,0,0
9681,1,"gamma",1,0.378505,0.553855,36,5.02192,55.6512
9687,1,"gamma",0.89436,-2.34001,-14.3546,36,23.7975,-99.2586
9697,1,"gamma",1,0,0,36,0,0
9710,1,"gamma",0.900286,-7.24274,-7.31544,36,21.3068,-134.714
9714,1,"gamma",0.765741,-0.351668,2.33459,36,30.312,98.5663
9722,1,"gamma",0.890465,-0.0289242,-0.0276675,36,14.6164,-136.272
9723,1,"gamma",1,0,0,36,0,0
9735,1,"gamma",1,0,0,36,0,0
9742,1,"gamma",1,0,0,36,0,0
9766,1,"gamma",1,0,0,36,0,0
9773,1,"gamma",1,0,0,36,0,0
9777,1,"gamma",1,0,0,36,0,0
9786,1,"gamma",1,0,0,36,0,0
9791,1,"gamma",1,0,0,36,0,0
9792,1,"gamma",0.651895,1.78793,0.16573,36,39.9594,5.29584
9805,1,"gamma",1,0.0213832,-0.0694556,36,0.141143,-72.888
9806,1,"gamma",0.827549,6.4517,5.19126,36,26.595,38.8214
9807,1,"gamma",0.994231,0.578597,1.42599,36,4.81618,67.9151
9813,1,"gamma",0.721644,-12.6289,1.18818,36,30.6489,174.625
9820,1,"gamma",1,0,0,36,0,0
9821,1,"gamma",0.609422,0.851226,-0.987659,36,47.2333,-49.2432
9824,1,"gamma",1,0,0,36,0,0
9825,1,"gamma",0.621142,-2.5002,18.7083,36,48.156,97.612
9833,1,"gamma",1,0,0,36,0,0
9836,1,"gamma",0.634726,-7.29851,-0.2724,36,45.0539,-177.863
9849,1,"gamma",0.99845,0.249665,-0.454307,36,2.31147,-61.209
9852,1,"gamma",1,0,0,36,0,0
9856,1,"gamma",0.849884,11.4665,3.72754,36,32.89,17.9989
9857,1,"gamma",1,0,0,36,0,0
9877,1,"gamma",1,0,0,36,0,0
9895,1,"gamma",0.984963,0.777013,4.10468,36,8.80278,79.2808
9899,1,"gamma",0.64253,-31.0665,11.4358,36,49.2252,157.468
9929,1,"gamma",1,0,0,36,0,0
9940,1,"gamma",1,0,0,36,0,0
9947,1,"gamma",0.438663,-10.5592,4.68733,36,66.5985,155.164
9958,1,"gamma",1,0,0,36,0,0
9959,1,"gamma",1,0,0,36,0,0
9979,1,"gamma",1,-0.176285,-0.531443,36,0.983486,-108.351
9981,1,"gamma",1,0,0,36,0,0
9988,1,"gamma",1,0,0,36,0,0
9995,1,"gamma",0.705847,1.81539,-12.7544,36,40.2968,-81.8993
9997,1,"gamma",1,0,0,36,0,0
