/control/execute protontherapy2a.in
/tracking/verbose 0
/gamos/setParam GmGeometryFromText:FileName ../exercise0/phantom.geom
/gamos/geometry GmGeometryFromText
/gamos/physicsList G4QGSP_BIC_AllHP
<<< Geant4 Physics List simulation engine: QGSP_BIC_AllHP 1.3

/gamos/generator GmGenerator
/run/initialize
/home/gamos/gamos/external/geant4/geant4.10.02.gamos/../data/G4NDL4.5
@@@ G4ParticleHPInelastic instantiated for particle neutron data directory variable is G4NEUTRONHPDATA pointing to /home/gamos/gamos/external/geant4/geant4.10.02.gamos/../data/G4NDL4.5/Inelastic
@@@ G4ParticleHPInelasticData instantiated for particle neutron data directory variable is G4NEUTRONHPDATA pointing to /home/gamos/gamos/external/geant4/geant4.10.02.gamos/../data/G4NDL4.5
NeutronHP: /Capture file for Z = 6, A = 12 is not found and NeutronHP will use /home/gamos/gamos/external/geant4/geant4.10.02.gamos/../data/G4NDL4.5/Capture/CrossSection/6_nat_Carbon
NeutronHP: /Elastic file for Z = 6, A = 12 is not found and NeutronHP will use /home/gamos/gamos/external/geant4/geant4.10.02.gamos/../data/G4NDL4.5/Elastic/CrossSection/6_nat_Carbon
NeutronHP: /Inelastic file for Z = 6, A = 12 is not found and NeutronHP will use /home/gamos/gamos/external/geant4/geant4.10.02.gamos/../data/G4NDL4.5/Inelastic/CrossSection/6_nat_Carbon
NeutronHP: /Capture file for Z = 6, A = 13 is not found and NeutronHP will use /home/gamos/gamos/external/geant4/geant4.10.02.gamos/../data/G4NDL4.5/Capture/CrossSection/6_nat_Carbon
NeutronHP: /Elastic file for Z = 6, A = 13 is not found and NeutronHP will use /home/gamos/gamos/external/geant4/geant4.10.02.gamos/../data/G4NDL4.5/Elastic/CrossSection/6_nat_Carbon
NeutronHP: /Inelastic file for Z = 6, A = 13 is not found and NeutronHP will use /home/gamos/gamos/external/geant4/geant4.10.02.gamos/../data/G4NDL4.5/Inelastic/CrossSection/6_nat_Carbon
NeutronHP: /Capture file for Z = 8, A = 18 is not found and CrossSection set to 0.
NeutronHP: /Elastic file for Z = 8, A = 18 is not found and CrossSection set to 0.
NeutronHP: /Inelastic file for Z = 8, A = 18 is not found and CrossSection set to 0.
@@@ G4ParticleHPInelasticData instantiated for particle proton data directory variable is G4PROTONHPDATA pointing to /home/gamos/gamos/external/geant4/geant4.10.02.gamos/../data/G4TENDL1.3/Proton
NeutronHP: .3/Proton/Inelastic file for Z = 8, A = 18 is not found and CrossSection set to 0.
NeutronHP: .3/Proton/Inelastic file for Z = 1, A = 1 is not found and CrossSection set to 0.
/home/gamos/gamos/external/geant4/geant4.10.02.gamos/../data/G4TENDL1.3/Proton
@@@ G4ParticleHPInelastic instantiated for particle proton data directory variable is G4PROTONHPDATA pointing to /home/gamos/gamos/external/geant4/geant4.10.02.gamos/../data/G4TENDL1.3/Proton/Inelastic
@@@ G4ParticleHPInelasticData instantiated for particle deuteron data directory variable is G4DEUTERONHPDATA pointing to /home/gamos/gamos/external/geant4/geant4.10.02.gamos/../data/G4TENDL1.3/Deuteron
NeutronHP: .3/Deuteron/Inelastic file for Z = 8, A = 18 is not found and CrossSection set to 0.
NeutronHP: .3/Deuteron/Inelastic file for Z = 1, A = 1 is not found and CrossSection set to 0.
/home/gamos/gamos/external/geant4/geant4.10.02.gamos/../data/G4TENDL1.3/Deuteron
@@@ G4ParticleHPInelastic instantiated for particle deuteron data directory variable is G4DEUTERONHPDATA pointing to /home/gamos/gamos/external/geant4/geant4.10.02.gamos/../data/G4TENDL1.3/Deuteron/Inelastic
@@@ G4ParticleHPInelasticData instantiated for particle triton data directory variable is G4TRITONHPDATA pointing to /home/gamos/gamos/external/geant4/geant4.10.02.gamos/../data/G4TENDL1.3/Triton
NeutronHP: .3/Triton/Inelastic file for Z = 8, A = 18 is not found and CrossSection set to 0.
NeutronHP: .3/Triton/Inelastic file for Z = 1, A = 1 is not found and CrossSection set to 0.
NeutronHP: .3/Triton/Inelastic file for Z = 1, A = 2 is not found and CrossSection set to 0.
/home/gamos/gamos/external/geant4/geant4.10.02.gamos/../data/G4TENDL1.3/Triton
@@@ G4ParticleHPInelastic instantiated for particle triton data directory variable is G4TRITONHPDATA pointing to /home/gamos/gamos/external/geant4/geant4.10.02.gamos/../data/G4TENDL1.3/Triton/Inelastic
@@@ G4ParticleHPInelasticData instantiated for particle He3 data directory variable is G4HE3HPDATA pointing to /home/gamos/gamos/external/geant4/geant4.10.02.gamos/../data/G4TENDL1.3/He3
NeutronHP: .3/He3/Inelastic file for Z = 8, A = 18 is not found and CrossSection set to 0.
NeutronHP: .3/He3/Inelastic file for Z = 1, A = 1 is not found and CrossSection set to 0.
NeutronHP: .3/He3/Inelastic file for Z = 1, A = 2 is not found and CrossSection set to 0.
/home/gamos/gamos/external/geant4/geant4.10.02.gamos/../data/G4TENDL1.3/He3
@@@ G4ParticleHPInelastic instantiated for particle He3 data directory variable is G4HE3HPDATA pointing to /home/gamos/gamos/external/geant4/geant4.10.02.gamos/../data/G4TENDL1.3/He3/Inelastic
 G4AlphaPHPBuilder 
@@@ G4ParticleHPInelasticData instantiated for particle alpha data directory variable is G4ALPHAHPDATA pointing to /home/gamos/gamos/external/geant4/geant4.10.02.gamos/../data/G4TENDL1.3/Alpha
NeutronHP: .3/Alpha/Inelastic file for Z = 8, A = 18 is not found and CrossSection set to 0.
NeutronHP: .3/Alpha/Inelastic file for Z = 1, A = 1 is not found and CrossSection set to 0.
NeutronHP: .3/Alpha/Inelastic file for Z = 1, A = 2 is not found and CrossSection set to 0.
/home/gamos/gamos/external/geant4/geant4.10.02.gamos/../data/G4TENDL1.3/Alpha
@@@ G4ParticleHPInelastic instantiated for particle alpha data directory variable is G4ALPHAHPDATA pointing to /home/gamos/gamos/external/geant4/geant4.10.02.gamos/../data/G4TENDL1.3/Alpha/Inelastic
/gamos/physics/addPhysics radioactiveDecay
/control/execute ../exercise0/pbsSource.in
/gamos/generator/addSingleParticleSource source proton 226.62*MeV
/gamos/generator/energyDist source GmGenerDistEnergyConstant 226.62*MeV
/gamos/generator/timeDist source GmGenerDistTimeConstantChange 32.*ps
    theTimeDistribution->SetParticleSource( this ) 0x2772220 0x27724c0
/gamos/generator/positionDist source GmGenerDistPositionDisc 1.5*mm 0. 0. -400.*mm
/gamos/generator/directionDist source GmGenerDistDirectionCone 0. 0. 1. 3.6*mrad
/gamos/userAction GmCountTracksUA
/gamos/filter exitPhantomFilter GmExitLogicalVolumeFilter phantom
/gamos/setParam GmStepDataHistosUA_exitPhantomFilter_GmClassifierByParticle:FileName Ekin_exitPhantom
/gamos/setParam GmStepDataHistosUA_exitPhantomFilter_GmClassifierByParticle:DataList FinalKineticEnergy
/gamos/analysis/histo1Max GmStepDataHistosUA_exitPhantomFilter_GmClassifierByParticle:*:FinalKineticEnergy 20
/gamos/analysis/histo1NBins GmStepDataHistosUA_exitPhantomFilter_GmClassifierByParticle:*:FinalKineticEnergy 200
/gamos/userAction GmStepDataHistosUA exitPhantomFilter GmClassifierByParticle
/run/beamOn 100000

phot:   for  gamma    SubType= 12  BuildTable= 0
      LambdaPrime table from 200 keV to 10 TeV in 54 bins 
      ===== EM models for the G4Region  DefaultRegionForTheWorld ======
       PhotoElectric :  Emin=        0 eV    Emax=       10 TeV   AngularGenSauterGavrila  FluoActive

compt:   for  gamma    SubType= 13  BuildTable= 1
      Lambda table from 100 eV  to 1 MeV, 7 bins per decade, spline: 1
      LambdaPrime table from 1 MeV to 10 TeV in 49 bins 
      ===== EM models for the G4Region  DefaultRegionForTheWorld ======
       Klein-Nishina :  Emin=        0 eV    Emax=       10 TeV

conv:   for  gamma    SubType= 14  BuildTable= 1
      Lambda table from 1.022 MeV to 10 TeV, 20 bins per decade, spline: 1
      ===== EM models for the G4Region  DefaultRegionForTheWorld ======
        BetheHeitler :  Emin=        0 eV    Emax=       80 GeV
     BetheHeitlerLPM :  Emin=       80 GeV   Emax=       10 TeV

msc:   for e-    SubType= 10
      RangeFactor= 0.04, stepLimitType: 1, latDisplacement: 1
      ===== EM models for the G4Region  DefaultRegionForTheWorld ======
            UrbanMsc :  Emin=        0 eV    Emax=      100 MeV  Table with 42 bins Emin=    100 eV    Emax=    100 MeV
        WentzelVIUni :  Emin=      100 MeV   Emax=       10 TeV  Table with 35 bins Emin=    100 MeV   Emax=     10 TeV

eIoni:   for  e-    SubType= 2
      dE/dx and range tables from 100 eV  to 10 TeV in 77 bins
      Lambda tables from threshold to 10 TeV, 7 bins per decade, spline: 1
      finalRange(mm)= 1, dRoverRange= 0.2, integral: 1, fluct: 1, linLossLimit= 0.01
      ===== EM models for the G4Region  DefaultRegionForTheWorld ======
        MollerBhabha :  Emin=        0 eV    Emax=       10 TeV

eBrem:   for  e-    SubType= 3
      dE/dx and range tables from 100 eV  to 10 TeV in 77 bins
      Lambda tables from threshold to 10 TeV, 7 bins per decade, spline: 1
      LPM flag: 1 for E > 1 GeV,  HighEnergyThreshold(GeV)= 10000
      ===== EM models for the G4Region  DefaultRegionForTheWorld ======
             eBremSB :  Emin=        0 eV    Emax=        1 GeV   DipBustGen
            eBremLPM :  Emin=        1 GeV   Emax=       10 TeV   DipBustGen

CoulombScat:   for  e-, integral: 1     SubType= 1  BuildTable= 1
      Lambda table from 100 MeV to 10 TeV, 7 bins per decade, spline: 1
      180 < Theta(degree) < 180; pLimit(GeV^1)= 0.139531
      ===== EM models for the G4Region  DefaultRegionForTheWorld ======
  eCoulombScattering :  Emin=      100 MeV   Emax=       10 TeV

msc:   for e+    SubType= 10
      RangeFactor= 0.04, stepLimitType: 1, latDisplacement: 1
      ===== EM models for the G4Region  DefaultRegionForTheWorld ======
            UrbanMsc :  Emin=        0 eV    Emax=      100 MeV  Table with 42 bins Emin=    100 eV    Emax=    100 MeV
        WentzelVIUni :  Emin=      100 MeV   Emax=       10 TeV  Table with 35 bins Emin=    100 MeV   Emax=     10 TeV

eIoni:   for  e+    SubType= 2
      dE/dx and range tables from 100 eV  to 10 TeV in 77 bins
      Lambda tables from threshold to 10 TeV, 7 bins per decade, spline: 1
      finalRange(mm)= 1, dRoverRange= 0.2, integral: 1, fluct: 1, linLossLimit= 0.01
      ===== EM models for the G4Region  DefaultRegionForTheWorld ======
        MollerBhabha :  Emin=        0 eV    Emax=       10 TeV

eBrem:   for  e+    SubType= 3
      dE/dx and range tables from 100 eV  to 10 TeV in 77 bins
      Lambda tables from threshold to 10 TeV, 7 bins per decade, spline: 1
      LPM flag: 1 for E > 1 GeV,  HighEnergyThreshold(GeV)= 10000
      ===== EM models for the G4Region  DefaultRegionForTheWorld ======
             eBremSB :  Emin=        0 eV    Emax=        1 GeV   DipBustGen
            eBremLPM :  Emin=        1 GeV   Emax=       10 TeV   DipBustGen

annihil:   for  e+, integral: 1     SubType= 5  BuildTable= 0
      ===== EM models for the G4Region  DefaultRegionForTheWorld ======
            eplus2gg :  Emin=        0 eV    Emax=       10 TeV

CoulombScat:   for  e+, integral: 1     SubType= 1  BuildTable= 1
      Lambda table from 100 MeV to 10 TeV, 7 bins per decade, spline: 1
      180 < Theta(degree) < 180; pLimit(GeV^1)= 0.139531
      ===== EM models for the G4Region  DefaultRegionForTheWorld ======
  eCoulombScattering :  Emin=      100 MeV   Emax=       10 TeV

msc:   for proton    SubType= 10
      RangeFactor= 0.2, step limit type: 0, lateralDisplacement: 0, polarAngleLimit(deg)= 180
      ===== EM models for the G4Region  DefaultRegionForTheWorld ======
        WentzelVIUni :  Emin=        0 eV    Emax=       10 TeV  Table with 77 bins Emin=    100 eV    Emax=     10 TeV

hIoni:   for  proton    SubType= 2
      dE/dx and range tables from 100 eV  to 10 TeV in 77 bins
      Lambda tables from threshold to 10 TeV, 7 bins per decade, spline: 1
      finalRange(mm)= 0.1, dRoverRange= 0.2, integral: 1, fluct: 1, linLossLimit= 0.01
      ===== EM models for the G4Region  DefaultRegionForTheWorld ======
               Bragg :  Emin=        0 eV    Emax=        2 MeV
          BetheBloch :  Emin=        2 MeV   Emax=       10 TeV

hBrems:   for  proton    SubType= 3
      dE/dx and range tables from 100 eV  to 10 TeV in 77 bins
      Lambda tables from threshold to 10 TeV, 7 bins per decade, spline: 1
      ===== EM models for the G4Region  DefaultRegionForTheWorld ======
               hBrem :  Emin=        0 eV    Emax=       10 TeV

hPairProd:   for  proton    SubType= 4
      dE/dx and range tables from 100 eV  to 10 TeV in 77 bins
      Lambda tables from threshold to 10 TeV, 7 bins per decade, spline: 1
      Sampling table 13x1001; from 7.50618 GeV to 10 TeV 
      ===== EM models for the G4Region  DefaultRegionForTheWorld ======
           hPairProd :  Emin=        0 eV    Emax=       10 TeV

CoulombScat:   for  proton, integral: 1     SubType= 1  BuildTable= 1
      Used Lambda table of anti_proton
      180 < Theta(degree) < 180; pLimit(GeV^1)= 0.139531
      ===== EM models for the G4Region  DefaultRegionForTheWorld ======
  eCoulombScattering :  Emin=        0 eV    Emax=       10 TeV
/home/gamos/gamos/external/geant4/geant4.10.02.gamos/../data/G4TENDL1.3/Proton
@@@ G4ParticleHPInelastic instantiated for particle proton data directory variable is G4PROTONHPDATA pointing to /home/gamos/gamos/external/geant4/geant4.10.02.gamos/../data/G4TENDL1.3/Proton/Inelastic

msc:   for GenericIon    SubType= 10
      RangeFactor= 0.2, stepLimitType: 0, latDisplacement: 0
      ===== EM models for the G4Region  DefaultRegionForTheWorld ======
            UrbanMsc :  Emin=        0 eV    Emax=       10 TeV

ionIoni:   for  GenericIon    SubType= 2
      dE/dx and range tables from 100 eV  to 10 TeV in 77 bins
      Lambda tables from threshold to 10 TeV, 7 bins per decade, spline: 1
      finalRange(mm)= 0.01, dRoverRange= 0.1, integral: 1, fluct: 1, linLossLimit= 0.02
      Stopping Power data for 17 ion/material pairs 
      ===== EM models for the G4Region  DefaultRegionForTheWorld ======
            BraggIon :  Emin=        0 eV    Emax=        2 MeV
          BetheBloch :  Emin=        2 MeV   Emax=       10 TeV

### ===  Deexcitation model UAtomDeexcitation is activated for 1 region:
          DefaultRegionForTheWorld
/home/gamos/gamos/external/geant4/geant4.10.02.gamos/../data/G4TENDL1.3/He3
@@@ G4ParticleHPInelastic instantiated for particle He3 data directory variable is G4HE3HPDATA pointing to /home/gamos/gamos/external/geant4/geant4.10.02.gamos/../data/G4TENDL1.3/He3/Inelastic

msc:   for alpha    SubType= 10
      RangeFactor= 0.2, stepLimitType: 0, latDisplacement: 0
      ===== EM models for the G4Region  DefaultRegionForTheWorld ======
            UrbanMsc :  Emin=        0 eV    Emax=       10 TeV  Table with 77 bins Emin=    100 eV    Emax=     10 TeV

ionIoni:   for  alpha    SubType= 2
      dE/dx and range tables from 100 eV  to 10 TeV in 77 bins
      Lambda tables from threshold to 10 TeV, 7 bins per decade, spline: 1
      finalRange(mm)= 0.01, dRoverRange= 0.1, integral: 1, fluct: 1, linLossLimit= 0.02
      ===== EM models for the G4Region  DefaultRegionForTheWorld ======
            BraggIon :  Emin=        0 eV    Emax=   7.9452 MeV
          BetheBloch :  Emin=   7.9452 MeV   Emax=       10 TeV
/home/gamos/gamos/external/geant4/geant4.10.02.gamos/../data/G4TENDL1.3/Alpha
@@@ G4ParticleHPInelastic instantiated for particle alpha data directory variable is G4ALPHAHPDATA pointing to /home/gamos/gamos/external/geant4/geant4.10.02.gamos/../data/G4TENDL1.3/Alpha/Inelastic

msc:   for anti_proton    SubType= 10
      RangeFactor= 0.2, step limit type: 0, lateralDisplacement: 0, polarAngleLimit(deg)= 180
      ===== EM models for the G4Region  DefaultRegionForTheWorld ======
        WentzelVIUni :  Emin=        0 eV    Emax=       10 TeV  Table with 77 bins Emin=    100 eV    Emax=     10 TeV

hIoni:   for  anti_proton    SubType= 2
      dE/dx and range tables from 100 eV  to 10 TeV in 77 bins
      Lambda tables from threshold to 10 TeV, 7 bins per decade, spline: 1
      finalRange(mm)= 0.1, dRoverRange= 0.2, integral: 1, fluct: 1, linLossLimit= 0.01
      ===== EM models for the G4Region  DefaultRegionForTheWorld ======
            ICRU73QO :  Emin=        0 eV    Emax=        2 MeV
          BetheBloch :  Emin=        2 MeV   Emax=       10 TeV

hBrems:   for  anti_proton    SubType= 3
      dE/dx and range tables from 100 eV  to 10 TeV in 77 bins
      Lambda tables from threshold to 10 TeV, 7 bins per decade, spline: 1
      ===== EM models for the G4Region  DefaultRegionForTheWorld ======
               hBrem :  Emin=        0 eV    Emax=       10 TeV

hPairProd:   for  anti_proton    SubType= 4
      dE/dx and range tables from 100 eV  to 10 TeV in 77 bins
      Lambda tables from threshold to 10 TeV, 7 bins per decade, spline: 1
      Sampling table 13x1001; from 7.50618 GeV to 10 TeV 
      ===== EM models for the G4Region  DefaultRegionForTheWorld ======
           hPairProd :  Emin=        0 eV    Emax=       10 TeV

CoulombScat:   for  anti_proton, integral: 1     SubType= 1  BuildTable= 1
      Lambda table from threshold  to 10 TeV, 7 bins per decade, spline: 1
      180 < Theta(degree) < 180; pLimit(GeV^1)= 0.139531
      ===== EM models for the G4Region  DefaultRegionForTheWorld ======
  eCoulombScattering :  Emin=        0 eV    Emax=       10 TeV
/home/gamos/gamos/external/geant4/geant4.10.02.gamos/../data/G4TENDL1.3/Deuteron
@@@ G4ParticleHPInelastic instantiated for particle deuteron data directory variable is G4DEUTERONHPDATA pointing to /home/gamos/gamos/external/geant4/geant4.10.02.gamos/../data/G4TENDL1.3/Deuteron/Inelastic

msc:   for kaon+    SubType= 10
      RangeFactor= 0.2, step limit type: 0, lateralDisplacement: 0, polarAngleLimit(deg)= 180
      ===== EM models for the G4Region  DefaultRegionForTheWorld ======
        WentzelVIUni :  Emin=        0 eV    Emax=       10 TeV  Table with 77 bins Emin=    100 eV    Emax=     10 TeV

hIoni:   for  kaon+    SubType= 2
      dE/dx and range tables from 100 eV  to 10 TeV in 77 bins
      Lambda tables from threshold to 10 TeV, 7 bins per decade, spline: 1
      finalRange(mm)= 0.1, dRoverRange= 0.2, integral: 1, fluct: 1, linLossLimit= 0.01
      ===== EM models for the G4Region  DefaultRegionForTheWorld ======
               Bragg :  Emin=        0 eV    Emax=  1.05231 MeV
          BetheBloch :  Emin=  1.05231 MeV   Emax=       10 TeV

hBrems:   for  kaon+    SubType= 3
      dE/dx and range tables from 100 eV  to 10 TeV in 77 bins
      Lambda tables from threshold to 10 TeV, 7 bins per decade, spline: 1
      ===== EM models for the G4Region  DefaultRegionForTheWorld ======
               hBrem :  Emin=        0 eV    Emax=       10 TeV

hPairProd:   for  kaon+    SubType= 4
      dE/dx and range tables from 100 eV  to 10 TeV in 77 bins
      Lambda tables from threshold to 10 TeV, 7 bins per decade, spline: 1
      Sampling table 14x1001; from 3.94942 GeV to 10 TeV 
      ===== EM models for the G4Region  DefaultRegionForTheWorld ======
           hPairProd :  Emin=        0 eV    Emax=       10 TeV

CoulombScat:   for  kaon+, integral: 1     SubType= 1  BuildTable= 1
      Lambda table from threshold  to 10 TeV, 7 bins per decade, spline: 1
      180 < Theta(degree) < 180; pLimit(GeV^1)= 0.139531
      ===== EM models for the G4Region  DefaultRegionForTheWorld ======
  eCoulombScattering :  Emin=        0 eV    Emax=       10 TeV

msc:   for kaon-    SubType= 10
      RangeFactor= 0.2, step limit type: 0, lateralDisplacement: 0, polarAngleLimit(deg)= 180
      ===== EM models for the G4Region  DefaultRegionForTheWorld ======
        WentzelVIUni :  Emin=        0 eV    Emax=       10 TeV  Table with 77 bins Emin=    100 eV    Emax=     10 TeV

hIoni:   for  kaon-    SubType= 2
      dE/dx and range tables from 100 eV  to 10 TeV in 77 bins
      Lambda tables from threshold to 10 TeV, 7 bins per decade, spline: 1
      finalRange(mm)= 0.1, dRoverRange= 0.2, integral: 1, fluct: 1, linLossLimit= 0.01
      ===== EM models for the G4Region  DefaultRegionForTheWorld ======
            ICRU73QO :  Emin=        0 eV    Emax=  1.05231 MeV
          BetheBloch :  Emin=  1.05231 MeV   Emax=       10 TeV

hBrems:   for  kaon-    SubType= 3
      dE/dx and range tables from 100 eV  to 10 TeV in 77 bins
      Lambda tables from threshold to 10 TeV, 7 bins per decade, spline: 1
      ===== EM models for the G4Region  DefaultRegionForTheWorld ======
               hBrem :  Emin=        0 eV    Emax=       10 TeV

hPairProd:   for  kaon-    SubType= 4
      dE/dx and range tables from 100 eV  to 10 TeV in 77 bins
      Lambda tables from threshold to 10 TeV, 7 bins per decade, spline: 1
      Sampling table 14x1001; from 3.94942 GeV to 10 TeV 
      ===== EM models for the G4Region  DefaultRegionForTheWorld ======
           hPairProd :  Emin=        0 eV    Emax=       10 TeV

CoulombScat:   for  kaon-, integral: 1     SubType= 1  BuildTable= 1
      Used Lambda table of kaon+
      180 < Theta(degree) < 180; pLimit(GeV^1)= 0.139531
      ===== EM models for the G4Region  DefaultRegionForTheWorld ======
  eCoulombScattering :  Emin=        0 eV    Emax=       10 TeV

msc:   for mu+    SubType= 10
      RangeFactor= 0.2, step limit type: 0, lateralDisplacement: 0, polarAngleLimit(deg)= 180
      ===== EM models for the G4Region  DefaultRegionForTheWorld ======
        WentzelVIUni :  Emin=        0 eV    Emax=       10 TeV  Table with 77 bins Emin=    100 eV    Emax=     10 TeV

muIoni:   for  mu+    SubType= 2
      dE/dx and range tables from 100 eV  to 10 TeV in 77 bins
      Lambda tables from threshold to 10 TeV, 7 bins per decade, spline: 1
      finalRange(mm)= 1, dRoverRange= 0.2, integral: 1, fluct: 1, linLossLimit= 0.01
      ===== EM models for the G4Region  DefaultRegionForTheWorld ======
               Bragg :  Emin=        0 eV    Emax=      200 keV
          BetheBloch :  Emin=      200 keV   Emax=        1 GeV
        MuBetheBloch :  Emin=        1 GeV   Emax=       10 TeV

muBrems:   for  mu+    SubType= 3
      dE/dx and range tables from 100 eV  to 10 TeV in 77 bins
      Lambda tables from threshold to 10 TeV, 7 bins per decade, spline: 1
      ===== EM models for the G4Region  DefaultRegionForTheWorld ======
              MuBrem :  Emin=        0 eV    Emax=       10 TeV

muPairProd:   for  mu+    SubType= 4
      dE/dx and range tables from 100 eV  to 10 TeV in 77 bins
      Lambda tables from threshold to 10 TeV, 7 bins per decade, spline: 1
      Sampling table 17x1001; from 1 GeV to 10 TeV 
      ===== EM models for the G4Region  DefaultRegionForTheWorld ======
          muPairProd :  Emin=        0 eV    Emax=       10 TeV

CoulombScat:   for  mu+, integral: 1     SubType= 1  BuildTable= 1
      Lambda table from threshold  to 10 TeV, 7 bins per decade, spline: 1
      180 < Theta(degree) < 180; pLimit(GeV^1)= 0.139531
      ===== EM models for the G4Region  DefaultRegionForTheWorld ======
  eCoulombScattering :  Emin=        0 eV    Emax=       10 TeV

msc:   for mu-    SubType= 10
      RangeFactor= 0.2, step limit type: 0, lateralDisplacement: 0, polarAngleLimit(deg)= 180
      ===== EM models for the G4Region  DefaultRegionForTheWorld ======
        WentzelVIUni :  Emin=        0 eV    Emax=       10 TeV  Table with 77 bins Emin=    100 eV    Emax=     10 TeV

muIoni:   for  mu-    SubType= 2
      dE/dx and range tables from 100 eV  to 10 TeV in 77 bins
      Lambda tables from threshold to 10 TeV, 7 bins per decade, spline: 1
      finalRange(mm)= 1, dRoverRange= 0.2, integral: 1, fluct: 1, linLossLimit= 0.01
      ===== EM models for the G4Region  DefaultRegionForTheWorld ======
            ICRU73QO :  Emin=        0 eV    Emax=      200 keV
          BetheBloch :  Emin=      200 keV   Emax=        1 GeV
        MuBetheBloch :  Emin=        1 GeV   Emax=       10 TeV

muBrems:   for  mu-    SubType= 3
      dE/dx and range tables from 100 eV  to 10 TeV in 77 bins
      Lambda tables from threshold to 10 TeV, 7 bins per decade, spline: 1
      ===== EM models for the G4Region  DefaultRegionForTheWorld ======
              MuBrem :  Emin=        0 eV    Emax=       10 TeV

muPairProd:   for  mu-    SubType= 4
      dE/dx and range tables from 100 eV  to 10 TeV in 77 bins
      Lambda tables from threshold to 10 TeV, 7 bins per decade, spline: 1
      Sampling table 17x1001; from 1 GeV to 10 TeV 
      ===== EM models for the G4Region  DefaultRegionForTheWorld ======
          muPairProd :  Emin=        0 eV    Emax=       10 TeV

CoulombScat:   for  mu-, integral: 1     SubType= 1  BuildTable= 1
      Used Lambda table of mu+
      180 < Theta(degree) < 180; pLimit(GeV^1)= 0.139531
      ===== EM models for the G4Region  DefaultRegionForTheWorld ======
  eCoulombScattering :  Emin=        0 eV    Emax=       10 TeV
NeutronHP: /Capture file for Z = 6, A = 12 is not found and NeutronHP will use /home/gamos/gamos/external/geant4/geant4.10.02.gamos/../data/G4NDL4.5/Capture/CrossSection/6_nat_Carbon
NeutronHP: /Elastic file for Z = 6, A = 12 is not found and NeutronHP will use /home/gamos/gamos/external/geant4/geant4.10.02.gamos/../data/G4NDL4.5/Elastic/CrossSection/6_nat_Carbon
NeutronHP: /Inelastic file for Z = 6, A = 12 is not found and NeutronHP will use /home/gamos/gamos/external/geant4/geant4.10.02.gamos/../data/G4NDL4.5/Inelastic/CrossSection/6_nat_Carbon
NeutronHP: /Capture file for Z = 6, A = 13 is not found and NeutronHP will use /home/gamos/gamos/external/geant4/geant4.10.02.gamos/../data/G4NDL4.5/Capture/CrossSection/6_nat_Carbon
NeutronHP: /Elastic file for Z = 6, A = 13 is not found and NeutronHP will use /home/gamos/gamos/external/geant4/geant4.10.02.gamos/../data/G4NDL4.5/Elastic/CrossSection/6_nat_Carbon
NeutronHP: /Inelastic file for Z = 6, A = 13 is not found and NeutronHP will use /home/gamos/gamos/external/geant4/geant4.10.02.gamos/../data/G4NDL4.5/Inelastic/CrossSection/6_nat_Carbon
NeutronHP: /Capture file for Z = 8, A = 18 is not found and CrossSection set to 0.
NeutronHP: /Elastic file for Z = 8, A = 18 is not found and CrossSection set to 0.
NeutronHP: /Inelastic file for Z = 8, A = 18 is not found and CrossSection set to 0.
NeutronHP: /Elastic file for Z = 6, A = 12 is not found and NeutronHP will use /home/gamos/gamos/external/geant4/geant4.10.02.gamos/../data/G4NDL4.5/Elastic/CrossSection/6_nat_Carbon
NeutronHP: /Elastic file for Z = 6, A = 13 is not found and NeutronHP will use /home/gamos/gamos/external/geant4/geant4.10.02.gamos/../data/G4NDL4.5/Elastic/CrossSection/6_nat_Carbon
NeutronHP: /Elastic file for Z = 8, A = 18 is not found and CrossSection set to 0.
/home/gamos/gamos/external/geant4/geant4.10.02.gamos/../data/G4NDL4.5
@@@ G4ParticleHPInelastic instantiated for particle neutron data directory variable is G4NEUTRONHPDATA pointing to /home/gamos/gamos/external/geant4/geant4.10.02.gamos/../data/G4NDL4.5/Inelastic
NeutronHP: /Capture file for Z = 6, A = 12 is not found and NeutronHP will use /home/gamos/gamos/external/geant4/geant4.10.02.gamos/../data/G4NDL4.5/Capture/CrossSection/6_nat_Carbon
NeutronHP: /Capture file for Z = 6, A = 13 is not found and NeutronHP will use /home/gamos/gamos/external/geant4/geant4.10.02.gamos/../data/G4NDL4.5/Capture/CrossSection/6_nat_Carbon
NeutronHP: /Capture file for Z = 8, A = 18 is not found and CrossSection set to 0.

msc:   for pi+    SubType= 10
      RangeFactor= 0.2, step limit type: 0, lateralDisplacement: 0, polarAngleLimit(deg)= 180
      ===== EM models for the G4Region  DefaultRegionForTheWorld ======
        WentzelVIUni :  Emin=        0 eV    Emax=       10 TeV  Table with 77 bins Emin=    100 eV    Emax=     10 TeV

hIoni:   for  pi+    SubType= 2
      dE/dx and range tables from 100 eV  to 10 TeV in 77 bins
      Lambda tables from threshold to 10 TeV, 7 bins per decade, spline: 1
      finalRange(mm)= 0.1, dRoverRange= 0.2, integral: 1, fluct: 1, linLossLimit= 0.01
      ===== EM models for the G4Region  DefaultRegionForTheWorld ======
               Bragg :  Emin=        0 eV    Emax=  297.505 keV
          BetheBloch :  Emin=  297.505 keV   Emax=       10 TeV

hBrems:   for  pi+    SubType= 3
      dE/dx and range tables from 100 eV  to 10 TeV in 77 bins
      Lambda tables from threshold to 10 TeV, 7 bins per decade, spline: 1
      ===== EM models for the G4Region  DefaultRegionForTheWorld ======
               hBrem :  Emin=        0 eV    Emax=       10 TeV

hPairProd:   for  pi+    SubType= 4
      dE/dx and range tables from 100 eV  to 10 TeV in 77 bins
      Lambda tables from threshold to 10 TeV, 7 bins per decade, spline: 1
      Sampling table 16x1001; from 1.11656 GeV to 10 TeV 
      ===== EM models for the G4Region  DefaultRegionForTheWorld ======
           hPairProd :  Emin=        0 eV    Emax=       10 TeV

CoulombScat:   for  pi+, integral: 1     SubType= 1  BuildTable= 1
      Lambda table from threshold  to 10 TeV, 7 bins per decade, spline: 1
      180 < Theta(degree) < 180; pLimit(GeV^1)= 0.139531
      ===== EM models for the G4Region  DefaultRegionForTheWorld ======
  eCoulombScattering :  Emin=        0 eV    Emax=       10 TeV

msc:   for pi-    SubType= 10
      RangeFactor= 0.2, step limit type: 0, lateralDisplacement: 0, polarAngleLimit(deg)= 180
      ===== EM models for the G4Region  DefaultRegionForTheWorld ======
        WentzelVIUni :  Emin=        0 eV    Emax=       10 TeV  Table with 77 bins Emin=    100 eV    Emax=     10 TeV

hIoni:   for  pi-    SubType= 2
      dE/dx and range tables from 100 eV  to 10 TeV in 77 bins
      Lambda tables from threshold to 10 TeV, 7 bins per decade, spline: 1
      finalRange(mm)= 0.1, dRoverRange= 0.2, integral: 1, fluct: 1, linLossLimit= 0.01
      ===== EM models for the G4Region  DefaultRegionForTheWorld ======
            ICRU73QO :  Emin=        0 eV    Emax=  297.505 keV
          BetheBloch :  Emin=  297.505 keV   Emax=       10 TeV

hBrems:   for  pi-    SubType= 3
      dE/dx and range tables from 100 eV  to 10 TeV in 77 bins
      Lambda tables from threshold to 10 TeV, 7 bins per decade, spline: 1
      ===== EM models for the G4Region  DefaultRegionForTheWorld ======
               hBrem :  Emin=        0 eV    Emax=       10 TeV

hPairProd:   for  pi-    SubType= 4
      dE/dx and range tables from 100 eV  to 10 TeV in 77 bins
      Lambda tables from threshold to 10 TeV, 7 bins per decade, spline: 1
      Sampling table 16x1001; from 1.11656 GeV to 10 TeV 
      ===== EM models for the G4Region  DefaultRegionForTheWorld ======
           hPairProd :  Emin=        0 eV    Emax=       10 TeV

CoulombScat:   for  pi-, integral: 1     SubType= 1  BuildTable= 1
      Used Lambda table of pi+
      180 < Theta(degree) < 180; pLimit(GeV^1)= 0.139531
      ===== EM models for the G4Region  DefaultRegionForTheWorld ======
  eCoulombScattering :  Emin=        0 eV    Emax=       10 TeV
/home/gamos/gamos/external/geant4/geant4.10.02.gamos/../data/G4TENDL1.3/Triton
@@@ G4ParticleHPInelastic instantiated for particle triton data directory variable is G4TRITONHPDATA pointing to /home/gamos/gamos/external/geant4/geant4.10.02.gamos/../data/G4TENDL1.3/Triton/Inelastic

====================================================================
                  HADRONIC PROCESSES SUMMARY (verbose level 1)

---------------------------------------------------
                           Hadronic Processes for GenericIon

  Process: ionInelastic
        Model:  Binary Light Ion Cascade: 0 eV /n ---> 4 GeV/n
        Model:                      FTFP: 2 GeV/n ---> 100 TeV/n
     Cr_sctns: Glauber-Gribov nucleus nucleus: 0 eV  ---> 2.88022e+295 J  
     Cr_sctns:          GheishaInelastic: 0 eV  ---> 100 TeV

---------------------------------------------------
                           Hadronic Processes for He3

  Process: he3Inelastic
        Model:       ParticleHPInelastic: 0 eV /n ---> 200 MeV/n
        Model:            Binary Cascade: 200 MeV/n ---> 9.9 GeV/n
     Cr_sctns:          He3HPInelasticXS: 0 eV  ---> 200 MeV
     Cr_sctns:          GheishaInelastic: 0 eV  ---> 100 TeV

  Process: He3Inelastic
        Model:  Binary Light Ion Cascade: 0 eV /n ---> 4 GeV/n
        Model:                      FTFP: 2 GeV/n ---> 100 TeV/n
     Cr_sctns: Glauber-Gribov nucleus nucleus: 0 eV  ---> 2.88022e+295 J  
     Cr_sctns:          GheishaInelastic: 0 eV  ---> 100 TeV

---------------------------------------------------
                           Hadronic Processes for alpha

  Process: hadElastic
        Model:              hElasticLHEP: 0 eV /n ---> 100 TeV/n
     Cr_sctns:            GheishaElastic: 0 eV  ---> 100 TeV

  Process: alphaInelastic
        Model:       ParticleHPInelastic: 0 eV /n ---> 200 MeV/n
        Model:            Binary Cascade: 200 MeV/n ---> 9.9 GeV/n
     Cr_sctns:        AlphaHPInelasticXS: 0 eV  ---> 200 MeV
     Cr_sctns:          GheishaInelastic: 0 eV  ---> 100 TeV

  Process: alphaInelastic
        Model:  Binary Light Ion Cascade: 0 eV /n ---> 4 GeV/n
        Model:                      FTFP: 2 GeV/n ---> 100 TeV/n
     Cr_sctns: Glauber-Gribov nucleus nucleus: 0 eV  ---> 2.88022e+295 J  
     Cr_sctns:          GheishaInelastic: 0 eV  ---> 100 TeV

---------------------------------------------------
                           Hadronic Processes for anti_He3

  Process: hadElastic
        Model:              hElasticLHEP: 0 eV /n ---> 100.1 MeV/n
        Model:              AntiAElastic: 100 MeV/n ---> 100 TeV/n
     Cr_sctns:              AntiAGlauber: 0 eV  ---> 2.88022e+295 J  
     Cr_sctns:            GheishaElastic: 0 eV  ---> 100 TeV

  Process: anti_He3Inelastic
        Model:                      FTFP: 0 eV /n ---> 100 TeV/n
     Cr_sctns:              AntiAGlauber: 0 eV  ---> 2.88022e+295 J  
     Cr_sctns:          GheishaInelastic: 0 eV  ---> 100 TeV

  Process: hFritiofCaptureAtRest

---------------------------------------------------
                           Hadronic Processes for anti_alpha

  Process: hadElastic
        Model:              hElasticLHEP: 0 eV /n ---> 100.1 MeV/n
        Model:              AntiAElastic: 100 MeV/n ---> 100 TeV/n
     Cr_sctns:              AntiAGlauber: 0 eV  ---> 2.88022e+295 J  
     Cr_sctns:            GheishaElastic: 0 eV  ---> 100 TeV

  Process: anti_alphaInelastic
        Model:                      FTFP: 0 eV /n ---> 100 TeV/n
     Cr_sctns:              AntiAGlauber: 0 eV  ---> 2.88022e+295 J  
     Cr_sctns:          GheishaInelastic: 0 eV  ---> 100 TeV

  Process: hFritiofCaptureAtRest

---------------------------------------------------
                           Hadronic Processes for anti_deuteron

  Process: hadElastic
        Model:              hElasticLHEP: 0 eV /n ---> 100.1 MeV/n
        Model:              AntiAElastic: 100 MeV/n ---> 100 TeV/n
     Cr_sctns:              AntiAGlauber: 0 eV  ---> 2.88022e+295 J  
     Cr_sctns:            GheishaElastic: 0 eV  ---> 100 TeV

  Process: anti_deuteronInelastic
        Model:                      FTFP: 0 eV /n ---> 100 TeV/n
     Cr_sctns:              AntiAGlauber: 0 eV  ---> 2.88022e+295 J  
     Cr_sctns:          GheishaInelastic: 0 eV  ---> 100 TeV

  Process: hFritiofCaptureAtRest

---------------------------------------------------
                           Hadronic Processes for anti_neutron

  Process: hadElastic
        Model:              hElasticLHEP: 0 eV  ---> 100 TeV
     Cr_sctns:            GheishaElastic: 0 eV  ---> 100 TeV

  Process: anti_neutronInelastic
        Model:                      FTFP: 0 eV  ---> 100 TeV
     Cr_sctns:              AntiAGlauber: 0 eV  ---> 2.88022e+295 J  
     Cr_sctns:          GheishaInelastic: 0 eV  ---> 100 TeV

---------------------------------------------------
                           Hadronic Processes for anti_proton

  Process: hadElastic
        Model:              hElasticLHEP: 0 eV  ---> 100.1 MeV
        Model:              AntiAElastic: 100 MeV ---> 100 TeV
     Cr_sctns:              AntiAGlauber: 0 eV  ---> 2.88022e+295 J  
     Cr_sctns:            GheishaElastic: 0 eV  ---> 100 TeV

  Process: anti_protonInelastic
        Model:                      FTFP: 0 eV  ---> 100 TeV
     Cr_sctns:              AntiAGlauber: 0 eV  ---> 2.88022e+295 J  
     Cr_sctns:          GheishaInelastic: 0 eV  ---> 100 TeV

  Process: hFritiofCaptureAtRest

---------------------------------------------------
                           Hadronic Processes for anti_triton

  Process: hadElastic
        Model:              hElasticLHEP: 0 eV /n ---> 100.1 MeV/n
        Model:              AntiAElastic: 100 MeV/n ---> 100 TeV/n
     Cr_sctns:              AntiAGlauber: 0 eV  ---> 2.88022e+295 J  
     Cr_sctns:            GheishaElastic: 0 eV  ---> 100 TeV

  Process: anti_tritonInelastic
        Model:                      FTFP: 0 eV /n ---> 100 TeV/n
     Cr_sctns:              AntiAGlauber: 0 eV  ---> 2.88022e+295 J  
     Cr_sctns:          GheishaInelastic: 0 eV  ---> 100 TeV

  Process: hFritiofCaptureAtRest

---------------------------------------------------
                           Hadronic Processes for deuteron

  Process: hadElastic
        Model:              hElasticLHEP: 0 eV /n ---> 100 TeV/n
     Cr_sctns:            GheishaElastic: 0 eV  ---> 100 TeV

  Process: dInelastic
        Model:       ParticleHPInelastic: 0 eV /n ---> 200 MeV/n
        Model:            Binary Cascade: 200 MeV/n ---> 9.9 GeV/n
     Cr_sctns:     DeuteronHPInelasticXS: 0 eV  ---> 200 MeV
     Cr_sctns:          GheishaInelastic: 0 eV  ---> 100 TeV

  Process: dInelastic
        Model:  Binary Light Ion Cascade: 0 eV /n ---> 4 GeV/n
        Model:                      FTFP: 2 GeV/n ---> 100 TeV/n
     Cr_sctns: Glauber-Gribov nucleus nucleus: 0 eV  ---> 2.88022e+295 J  
     Cr_sctns:          GheishaInelastic: 0 eV  ---> 100 TeV

---------------------------------------------------
                           Hadronic Processes for e+

  Process: positronNuclear
        Model:   G4ElectroVDNuclearModel: 0 eV  ---> 1 PeV
     Cr_sctns:          ElectroNuclearXS: 0 eV  ---> 100 TeV
     Cr_sctns:          GheishaInelastic: 0 eV  ---> 100 TeV

---------------------------------------------------
                           Hadronic Processes for e-

  Process: electronNuclear
        Model:   G4ElectroVDNuclearModel: 0 eV  ---> 1 PeV
     Cr_sctns:          ElectroNuclearXS: 0 eV  ---> 100 TeV
     Cr_sctns:          GheishaInelastic: 0 eV  ---> 100 TeV

---------------------------------------------------
                           Hadronic Processes for gamma

  Process: photonNuclear
        Model:            BertiniCascade: 0 eV  ---> 3.5 GeV
        Model:           TheoFSGenerator: 3 GeV ---> 100 TeV
     Cr_sctns:            PhotoNuclearXS: 0 eV  ---> 100 TeV
     Cr_sctns:          GheishaInelastic: 0 eV  ---> 100 TeV

---------------------------------------------------
                           Hadronic Processes for kaon+

  Process: hadElastic
        Model:              hElasticLHEP: 0 eV  ---> 100 TeV
     Cr_sctns:            GheishaElastic: 0 eV  ---> 100 TeV

  Process: kaon+Inelastic
        Model:                      QGSP: 12 GeV ---> 100 TeV
        Model:                      FTFP: 4 GeV ---> 25 GeV
        Model:            BertiniCascade: 0 eV  ---> 5 GeV
     Cr_sctns:            Glauber-Gribov: 0 eV  ---> 2.88022e+295 J  
     Cr_sctns:  ChipsKaonPlusInelasticXS: 0 eV  ---> 100 TeV
     Cr_sctns:          GheishaInelastic: 0 eV  ---> 100 TeV

---------------------------------------------------
                           Hadronic Processes for kaon-

  Process: hadElastic
        Model:              hElasticLHEP: 0 eV  ---> 100 TeV
     Cr_sctns:            GheishaElastic: 0 eV  ---> 100 TeV

  Process: kaon-Inelastic
        Model:                      QGSP: 12 GeV ---> 100 TeV
        Model:                      FTFP: 4 GeV ---> 25 GeV
        Model:            BertiniCascade: 0 eV  ---> 5 GeV
     Cr_sctns:            Glauber-Gribov: 0 eV  ---> 2.88022e+295 J  
     Cr_sctns: ChipsKaonMinusInelasticXS: 0 eV  ---> 100 TeV
     Cr_sctns:          GheishaInelastic: 0 eV  ---> 100 TeV

  Process: hBertiniCaptureAtRest

---------------------------------------------------
                           Hadronic Processes for lambda

  Process: hadElastic
        Model:              hElasticLHEP: 0 eV  ---> 100 TeV
     Cr_sctns:            GheishaElastic: 0 eV  ---> 100 TeV

  Process: lambdaInelastic
        Model:            BertiniCascade: 0 eV  ---> 6 GeV
        Model:                      FTFP: 2 GeV ---> 100 TeV
     Cr_sctns:   ChipsHyperonInelasticXS: 0 eV  ---> 100 TeV
     Cr_sctns:          GheishaInelastic: 0 eV  ---> 100 TeV

---------------------------------------------------
                           Hadronic Processes for mu+

  Process: muonNuclear
        Model:      G4MuonVDNuclearModel: 0 eV  ---> 1 PeV
     Cr_sctns:     KokoulinMuonNuclearXS: 0 eV  ---> 100 TeV

---------------------------------------------------
                           Hadronic Processes for mu-

  Process: muonNuclear
        Model:      G4MuonVDNuclearModel: 0 eV  ---> 1 PeV
     Cr_sctns:     KokoulinMuonNuclearXS: 0 eV  ---> 100 TeV

  Process: muMinusCaptureAtRest

---------------------------------------------------
                           Hadronic Processes for neutron

  Process: hadElastic
        Model:             hElasticCHIPS: 19.5 MeV ---> 100 TeV
        Model:          NeutronHPElastic: 0 eV  ---> 20 MeV
     Cr_sctns:        NeutronHPElasticXS: 0 eV  ---> 20 MeV
     Cr_sctns:        G4NeutronElasticXS: 0 eV  ---> 100 TeV
     Cr_sctns:            GheishaElastic: 0 eV  ---> 100 TeV

  Process: neutronInelastic
        Model:                      QGSP: 12 GeV ---> 100 TeV
        Model:                      FTFP: 9.5 GeV ---> 25 GeV
        Model:            Binary Cascade: 19.9 MeV ---> 9.9 GeV
        Model:       ParticleHPInelastic: 0 eV  ---> 20 MeV
     Cr_sctns:      NeutronHPInelasticXS: 0 eV  ---> 20 MeV
     Cr_sctns:       Barashenkov-Glauber: 0 eV  ---> 100 TeV
     Cr_sctns:       Barashenkov-Glauber: 0 eV  ---> 100 TeV
     Cr_sctns:          GheishaInelastic: 0 eV  ---> 100 TeV

  Process: nCapture
        Model:          NeutronHPCapture: 0 eV  ---> 20 MeV
        Model:               nRadCapture: 19.9 MeV ---> 100 TeV
     Cr_sctns:        NeutronHPCaptureXS: 0 eV  ---> 20 MeV
     Cr_sctns:        G4NeutronCaptureXS: 0 eV  ---> 100 TeV
     Cr_sctns:        NeutronHPCaptureXS: 0 eV  ---> 20 MeV
     Cr_sctns:          GheishaCaptureXS: 0 eV  ---> 100 TeV

  Process: nFission
        Model:          NeutronHPFission: 0 eV  ---> 20 MeV
        Model:                G4LFission: 19.9 MeV ---> 2.88022e+295 J  
     Cr_sctns:        NeutronHPFissionXS: 0 eV  ---> 20 MeV
     Cr_sctns:          GheishaFissionXS: 0 eV  ---> 100 TeV

---------------------------------------------------
                           Hadronic Processes for pi+

  Process: hadElastic
        Model:              hElasticLHEP: 0 eV  ---> 1.0001 GeV
        Model:           hElasticGlauber: 1 GeV ---> 100 TeV
     Cr_sctns:       Barashenkov-Glauber: 0 eV  ---> 100 TeV
     Cr_sctns:            GheishaElastic: 0 eV  ---> 100 TeV

  Process: pi+Inelastic
        Model:                      QGSP: 12 GeV ---> 100 TeV
        Model:                      FTFP: 4 GeV ---> 25 GeV
        Model:            BertiniCascade: 0 eV  ---> 5 GeV
     Cr_sctns:      G4CrossSectionPairGG: 0 eV  ---> 100 TeV
                         G4CrossSectionPairGG: G4PiNuclearCrossSection cross sections 
                           below 91 GeV, Glauber-Gribov above 
     Cr_sctns:      G4CrossSectionPairGG: 0 eV  ---> 100 TeV
                         G4CrossSectionPairGG: G4PiNuclearCrossSection cross sections 
                           below 91 GeV, Glauber-Gribov above 
     Cr_sctns:          GheishaInelastic: 0 eV  ---> 100 TeV

---------------------------------------------------
                           Hadronic Processes for pi-

  Process: hadElastic
        Model:              hElasticLHEP: 0 eV  ---> 1.0001 GeV
        Model:           hElasticGlauber: 1 GeV ---> 100 TeV
     Cr_sctns:       Barashenkov-Glauber: 0 eV  ---> 100 TeV
     Cr_sctns:            GheishaElastic: 0 eV  ---> 100 TeV

  Process: pi-Inelastic
        Model:                      QGSP: 12 GeV ---> 100 TeV
        Model:                      FTFP: 4 GeV ---> 25 GeV
        Model:            BertiniCascade: 0 eV  ---> 5 GeV
     Cr_sctns:      G4CrossSectionPairGG: 0 eV  ---> 100 TeV
                         G4CrossSectionPairGG: G4PiNuclearCrossSection cross sections 
                           below 91 GeV, Glauber-Gribov above 
     Cr_sctns:      G4CrossSectionPairGG: 0 eV  ---> 100 TeV
                         G4CrossSectionPairGG: G4PiNuclearCrossSection cross sections 
                           below 91 GeV, Glauber-Gribov above 
     Cr_sctns:          GheishaInelastic: 0 eV  ---> 100 TeV

  Process: hBertiniCaptureAtRest

---------------------------------------------------
                           Hadronic Processes for proton

  Process: hadElastic
        Model:             hElasticCHIPS: 0 eV  ---> 100 TeV
     Cr_sctns:      ChipsProtonElasticXS: 0 eV  ---> 100 TeV
     Cr_sctns:            GheishaElastic: 0 eV  ---> 100 TeV

  Process: protonInelastic
        Model:                      QGSP: 12 GeV ---> 100 TeV
        Model:                      FTFP: 9.5 GeV ---> 25 GeV
        Model:            Binary Cascade: 200 MeV ---> 9.9 GeV
        Model:       ParticleHPInelastic: 0 eV  ---> 200 MeV
     Cr_sctns:       ProtonHPInelasticXS: 0 eV  ---> 200 MeV
     Cr_sctns:       Barashenkov-Glauber: 0 eV  ---> 100 TeV
     Cr_sctns:       Barashenkov-Glauber: 0 eV  ---> 100 TeV
     Cr_sctns:          GheishaInelastic: 0 eV  ---> 100 TeV

---------------------------------------------------
                           Hadronic Processes for triton

  Process: hadElastic
        Model:              hElasticLHEP: 0 eV /n ---> 100 TeV/n
     Cr_sctns:            GheishaElastic: 0 eV  ---> 100 TeV

  Process: tInelastic
        Model:       ParticleHPInelastic: 0 eV /n ---> 200 MeV/n
        Model:            Binary Cascade: 200 MeV/n ---> 9.9 GeV/n
     Cr_sctns:       TritonHPInelasticXS: 0 eV  ---> 200 MeV
     Cr_sctns:          GheishaInelastic: 0 eV  ---> 100 TeV

  Process: tInelastic
        Model:  Binary Light Ion Cascade: 0 eV /n ---> 4 GeV/n
        Model:                      FTFP: 2 GeV/n ---> 100 TeV/n
     Cr_sctns: Glauber-Gribov nucleus nucleus: 0 eV  ---> 2.88022e+295 J  
     Cr_sctns:          GheishaInelastic: 0 eV  ---> 100 TeV

================================================================

========= Table of registered couples ==============================

Index : 0     used in the geometry : Yes
 Material : G4_AIR
 Range cuts        :  gamma  700 um     e-  700 um     e+  700 um  proton 700 um 
 Energy thresholds :  gamma  990 eV     e-  990 eV     e+  990 eV  proton 70 keV
 Region(s) which use this couple : 
    DefaultRegionForTheWorld

Index : 1     used in the geometry : Yes
 Material : NIST_PMMA
 Range cuts        :  gamma  700 um     e-  700 um     e+  700 um  proton 700 um 
 Energy thresholds :  gamma  2.40367 keV    e-  307.625 keV    e+  299.466 keV proton 70 keV
 Region(s) which use this couple : 
    DefaultRegionForTheWorld

====================================================================

### Run 0 starts.
 %%% EVENT 0 NTRACKS 12 TOTAL NTRACKS 12
 CreateHisto1D GmStepDataHistosUA_exitPhantomFilter_GmClassifierByParticle:neutron:FinalKineticEnergy = 286000101
 CreateHisto1D GmStepDataHistosUA_exitPhantomFilter_GmClassifierByParticle:gamma:FinalKineticEnergy = 286000201
 CreateHisto1D GmStepDataHistosUA_exitPhantomFilter_GmClassifierByParticle:e-:FinalKineticEnergy = 286000301
 CreateHisto1D GmStepDataHistosUA_exitPhantomFilter_GmClassifierByParticle:nu_e:FinalKineticEnergy = 286000401
 CreateHisto1D GmStepDataHistosUA_exitPhantomFilter_GmClassifierByParticle:anti_nu_e:FinalKineticEnergy = 286000501
 %%% EVENT 1000 NTRACKS 11 TOTAL NTRACKS 14436

-------- WWWW ------- G4Exception-START -------- WWWW -------
*** G4Exception : de0001
      issued by : G4AtomicTransitionManager::Shell()
No de-excitation for Z= 3  shellIndex= 2>=  numberOfShells= 2 AtomicShell not found

*** This is just a warning message. ***
-------- WWWW -------- G4Exception-END --------- WWWW -------

 %%% EVENT 2000 NTRACKS 10 TOTAL NTRACKS 27105
 CreateHisto1D GmStepDataHistosUA_exitPhantomFilter_GmClassifierByParticle:e+:FinalKineticEnergy = 286000601
 CreateHisto1D GmStepDataHistosUA_exitPhantomFilter_GmClassifierByParticle:proton:FinalKineticEnergy = 286000701
 %%% EVENT 3000 NTRACKS 9 TOTAL NTRACKS 40917
 %%% EVENT 4000 NTRACKS 15 TOTAL NTRACKS 53703

-------- WWWW ------- G4Exception-START -------- WWWW -------
*** G4Exception : de0001
      issued by : G4AtomicTransitionManager::Shell()
No de-excitation for Z= 3  shellIndex= 2>=  numberOfShells= 2 AtomicShell not found

*** This is just a warning message. ***
-------- WWWW -------- G4Exception-END --------- WWWW -------

 %%% EVENT 5000 NTRACKS 9 TOTAL NTRACKS 70110
 %%% EVENT 6000 NTRACKS 4 TOTAL NTRACKS 82610
 %%% EVENT 7000 NTRACKS 13 TOTAL NTRACKS 97507
 %%% EVENT 8000 NTRACKS 17 TOTAL NTRACKS 112199
 %%% EVENT 9000 NTRACKS 10 TOTAL NTRACKS 125571
 %%% EVENT 10000 NTRACKS 18 TOTAL NTRACKS 139484
 %%% EVENT 11000 NTRACKS 12 TOTAL NTRACKS 152214
 %%% EVENT 12000 NTRACKS 8 TOTAL NTRACKS 165962
 %%% EVENT 13000 NTRACKS 11 TOTAL NTRACKS 182416
 %%% EVENT 14000 NTRACKS 8 TOTAL NTRACKS 194689
 %%% EVENT 15000 NTRACKS 10 TOTAL NTRACKS 210918
 %%% EVENT 16000 NTRACKS 6 TOTAL NTRACKS 223398
 %%% EVENT 17000 NTRACKS 6 TOTAL NTRACKS 239725
 %%% EVENT 18000 NTRACKS 14 TOTAL NTRACKS 252715
 %%% EVENT 19000 NTRACKS 11 TOTAL NTRACKS 265326
 %%% EVENT 20000 NTRACKS 16 TOTAL NTRACKS 278891
 %%% EVENT 21000 NTRACKS 11 TOTAL NTRACKS 293141
 %%% EVENT 22000 NTRACKS 9 TOTAL NTRACKS 306731
 %%% EVENT 23000 NTRACKS 21 TOTAL NTRACKS 319847
 %%% EVENT 24000 NTRACKS 13 TOTAL NTRACKS 333042
 %%% EVENT 25000 NTRACKS 9 TOTAL NTRACKS 346929
 %%% EVENT 26000 NTRACKS 7 TOTAL NTRACKS 363907
 %%% EVENT 27000 NTRACKS 20 TOTAL NTRACKS 376710
 %%% EVENT 28000 NTRACKS 7 TOTAL NTRACKS 389726
 %%% EVENT 29000 NTRACKS 6 TOTAL NTRACKS 402541
 %%% EVENT 30000 NTRACKS 16 TOTAL NTRACKS 415380
 %%% EVENT 31000 NTRACKS 7 TOTAL NTRACKS 428606
 %%% EVENT 32000 NTRACKS 8 TOTAL NTRACKS 441426
 %%% EVENT 33000 NTRACKS 9 TOTAL NTRACKS 454214
 %%% EVENT 34000 NTRACKS 14 TOTAL NTRACKS 469822
 %%% EVENT 35000 NTRACKS 14 TOTAL NTRACKS 484320
 %%% EVENT 36000 NTRACKS 20 TOTAL NTRACKS 498358
 %%% EVENT 37000 NTRACKS 36 TOTAL NTRACKS 511419
 %%% EVENT 38000 NTRACKS 13 TOTAL NTRACKS 524631
 %%% EVENT 39000 NTRACKS 10 TOTAL NTRACKS 537790
 %%% EVENT 40000 NTRACKS 17 TOTAL NTRACKS 550860
 CreateHisto1D GmStepDataHistosUA_exitPhantomFilter_GmClassifierByParticle:triton:FinalKineticEnergy = 286000801
 %%% EVENT 41000 NTRACKS 11 TOTAL NTRACKS 564385

-------- WWWW ------- G4Exception-START -------- WWWW -------
*** G4Exception : de0001
      issued by : G4AtomicTransitionManager::Shell()
No de-excitation for Z= 3  shellIndex= 2>=  numberOfShells= 2 AtomicShell not found

*** This is just a warning message. ***
-------- WWWW -------- G4Exception-END --------- WWWW -------

 %%% EVENT 42000 NTRACKS 16 TOTAL NTRACKS 578570
 %%% EVENT 43000 NTRACKS 20 TOTAL NTRACKS 591305
 %%% EVENT 44000 NTRACKS 13 TOTAL NTRACKS 604546
 %%% EVENT 45000 NTRACKS 13 TOTAL NTRACKS 617609
 CreateHisto1D GmStepDataHistosUA_exitPhantomFilter_GmClassifierByParticle:deuteron:FinalKineticEnergy = 286000901
 CreateHisto1D GmStepDataHistosUA_exitPhantomFilter_GmClassifierByParticle:alpha:FinalKineticEnergy = 286001001
 %%% EVENT 46000 NTRACKS 11 TOTAL NTRACKS 632141
 %%% EVENT 47000 NTRACKS 8 TOTAL NTRACKS 645617
 %%% EVENT 48000 NTRACKS 13 TOTAL NTRACKS 659283
 %%% EVENT 49000 NTRACKS 14 TOTAL NTRACKS 672468
 %%% EVENT 50000 NTRACKS 8 TOTAL NTRACKS 686065
 %%% EVENT 51000 NTRACKS 21 TOTAL NTRACKS 698375
 %%% EVENT 52000 NTRACKS 9 TOTAL NTRACKS 711120
 %%% EVENT 53000 NTRACKS 10 TOTAL NTRACKS 723766
 %%% EVENT 54000 NTRACKS 12 TOTAL NTRACKS 736636
 %%% EVENT 55000 NTRACKS 28 TOTAL NTRACKS 750389

-------- WWWW ------- G4Exception-START -------- WWWW -------
*** G4Exception : de0001
      issued by : G4AtomicTransitionManager::Shell()
No de-excitation for Z= 3  shellIndex= 2>=  numberOfShells= 2 AtomicShell not found

*** This is just a warning message. ***
-------- WWWW -------- G4Exception-END --------- WWWW -------

 %%% EVENT 56000 NTRACKS 9 TOTAL NTRACKS 764486
 %%% EVENT 57000 NTRACKS 11 TOTAL NTRACKS 777276
 %%% EVENT 58000 NTRACKS 12 TOTAL NTRACKS 791698
 %%% EVENT 59000 NTRACKS 13 TOTAL NTRACKS 804617
 %%% EVENT 60000 NTRACKS 15 TOTAL NTRACKS 818376
 %%% EVENT 61000 NTRACKS 5 TOTAL NTRACKS 831288
 %%% EVENT 62000 NTRACKS 13 TOTAL NTRACKS 844915
 %%% EVENT 63000 NTRACKS 9 TOTAL NTRACKS 858693
 %%% EVENT 64000 NTRACKS 9 TOTAL NTRACKS 873010
 %%% EVENT 65000 NTRACKS 13 TOTAL NTRACKS 885972
 %%% EVENT 66000 NTRACKS 23 TOTAL NTRACKS 899066
 %%% EVENT 67000 NTRACKS 12 TOTAL NTRACKS 911949

-------- WWWW ------- G4Exception-START -------- WWWW -------
*** G4Exception : de0001
      issued by : G4AtomicTransitionManager::Shell()
No de-excitation for Z= 3  shellIndex= 2>=  numberOfShells= 2 AtomicShell not found

*** This is just a warning message. ***
-------- WWWW -------- G4Exception-END --------- WWWW -------

 %%% EVENT 68000 NTRACKS 22 TOTAL NTRACKS 924620
 %%% EVENT 69000 NTRACKS 8 TOTAL NTRACKS 937529
 %%% EVENT 70000 NTRACKS 8 TOTAL NTRACKS 950454
 %%% EVENT 71000 NTRACKS 9 TOTAL NTRACKS 965111
 %%% EVENT 72000 NTRACKS 11 TOTAL NTRACKS 978716
 %%% EVENT 73000 NTRACKS 36 TOTAL NTRACKS 991539
 %%% EVENT 74000 NTRACKS 13 TOTAL NTRACKS 1.00589e+06
 %%% EVENT 75000 NTRACKS 17 TOTAL NTRACKS 1.01874e+06
 %%% EVENT 76000 NTRACKS 16 TOTAL NTRACKS 1.03356e+06
 %%% EVENT 77000 NTRACKS 10 TOTAL NTRACKS 1.04622e+06
 %%% EVENT 78000 NTRACKS 8 TOTAL NTRACKS 1.05922e+06
 %%% EVENT 79000 NTRACKS 19 TOTAL NTRACKS 1.07276e+06
 %%% EVENT 80000 NTRACKS 20 TOTAL NTRACKS 1.08829e+06
 %%% EVENT 81000 NTRACKS 18 TOTAL NTRACKS 1.1013e+06
 %%% EVENT 82000 NTRACKS 7 TOTAL NTRACKS 1.11427e+06
 %%% EVENT 83000 NTRACKS 12 TOTAL NTRACKS 1.12742e+06
 %%% EVENT 84000 NTRACKS 7 TOTAL NTRACKS 1.13993e+06
 %%% EVENT 85000 NTRACKS 10 TOTAL NTRACKS 1.15346e+06
 %%% EVENT 86000 NTRACKS 23 TOTAL NTRACKS 1.16603e+06
 %%% EVENT 87000 NTRACKS 13 TOTAL NTRACKS 1.1788e+06
 %%% EVENT 88000 NTRACKS 8 TOTAL NTRACKS 1.19381e+06
 %%% EVENT 89000 NTRACKS 12 TOTAL NTRACKS 1.20733e+06
 %%% EVENT 90000 NTRACKS 9 TOTAL NTRACKS 1.22227e+06
 %%% EVENT 91000 NTRACKS 24 TOTAL NTRACKS 1.23547e+06
 %%% EVENT 92000 NTRACKS 8 TOTAL NTRACKS 1.2499e+06
 %%% EVENT 93000 NTRACKS 5 TOTAL NTRACKS 1.26309e+06
 %%% EVENT 94000 NTRACKS 14 TOTAL NTRACKS 1.27646e+06
 %%% EVENT 95000 NTRACKS 15 TOTAL NTRACKS 1.28902e+06
 %%% EVENT 96000 NTRACKS 5 TOTAL NTRACKS 1.30148e+06
 %%% EVENT 97000 NTRACKS 8 TOTAL NTRACKS 1.31438e+06
 %%% EVENT 98000 NTRACKS 16 TOTAL NTRACKS 1.32727e+06
 %%% EVENT 99000 NTRACKS 7 TOTAL NTRACKS 1.34088e+06
 Run terminated.
Run Summary
  Number of events processed : 100000
  User=157.23s Real=172.35s Sys=0.91s
Graphics systems deleted.
Visualization Manager deleting...
 GmAnalysisMgr::~GmAnalysisMgr( bNormalizeToNEvents 1 Ekin_exitPhantom:NormalizeToNEvents
=== saving histograms in file === Ekin_exitPhantom.root
%%%%% Table of indices for GmClassifierByParticle GmClassifierByParticle
GmClassifierByParticle: gamma = 2
GmClassifierByParticle: e- = 3
GmClassifierByParticle: e+ = 6
GmClassifierByParticle: proton = 7
GmClassifierByParticle: deuteron = 9
GmClassifierByParticle: triton = 8
GmClassifierByParticle: alpha = 10
GmClassifierByParticle: nu_e = 4
GmClassifierByParticle: anti_nu_e = 5
GmClassifierByParticle: neutron = 1
