proton "StoppingPower.proton.A-150 TISSUE-EQUIVALENT PLASTIC" "StoppingPower.proton.A-150 TISSUE-EQUIVALENT PLASTIC.txt" 4 MeV*cm2/g InitialKineticEnergy LogLog
proton "StoppingPower.proton.ACETYLENE" "StoppingPower.proton.ACETYLENE.txt" 4 MeV*cm2/g InitialKineticEnergy LogLog
proton "StoppingPower.proton.ADIPOSE TISSUE (ICRP)" "StoppingPower.proton.ADIPOSE TISSUE (ICRP).txt" 4 MeV*cm2/g InitialKineticEnergy LogLog
proton "StoppingPower.proton.AIR (dry, near sea level)" "StoppingPower.proton.AIR (dry, near sea level).txt" 4 MeV*cm2/g InitialKineticEnergy LogLog
proton "StoppingPower.proton.ALUMINUM OXIDE" "StoppingPower.proton.ALUMINUM OXIDE.txt" 4 MeV*cm2/g InitialKineticEnergy LogLog
proton "StoppingPower.proton.Ag" "StoppingPower.proton.Ag.txt" 4 MeV*cm2/g InitialKineticEnergy LogLog
proton "StoppingPower.proton.Al" "StoppingPower.proton.Al.txt" 4 MeV*cm2/g InitialKineticEnergy LogLog
proton "StoppingPower.proton.Ar" "StoppingPower.proton.Ar.txt" 4 MeV*cm2/g InitialKineticEnergy LogLog
proton "StoppingPower.proton.Au" "StoppingPower.proton.Au.txt" 4 MeV*cm2/g InitialKineticEnergy LogLog
proton "StoppingPower.proton.B-100 BONE-EQUIVALENT PLASTIC" "StoppingPower.proton.B-100 BONE-EQUIVALENT PLASTIC.txt" 4 MeV*cm2/g InitialKineticEnergy LogLog
proton "StoppingPower.proton.BONE, COMPACT (ICRU)" "StoppingPower.proton.BONE, COMPACT (ICRU).txt" 4 MeV*cm2/g InitialKineticEnergy LogLog
proton "StoppingPower.proton.BONE, CORTICAL (ICRP)" "StoppingPower.proton.BONE, CORTICAL (ICRP).txt" 4 MeV*cm2/g InitialKineticEnergy LogLog
proton "StoppingPower.proton.Be" "StoppingPower.proton.Be.txt" 4 MeV*cm2/g InitialKineticEnergy LogLog
proton "StoppingPower.proton.C-552 AIR-EQUIVALENT PLASTIC" "StoppingPower.proton.C-552 AIR-EQUIVALENT PLASTIC.txt" 4 MeV*cm2/g InitialKineticEnergy LogLog
proton "StoppingPower.proton.CALCIUM FLUORIDE" "StoppingPower.proton.CALCIUM FLUORIDE.txt" 4 MeV*cm2/g InitialKineticEnergy LogLog
proton "StoppingPower.proton.CARBON (Graphite, density 1.7 g_cm3)" "StoppingPower.proton.CARBON (Graphite, density 1.7 g_cm3).txt" 4 MeV*cm2/g InitialKineticEnergy LogLog
proton "StoppingPower.proton.CARBON (amorphous, density 2.0 g_cm3)" "StoppingPower.proton.CARBON (amorphous, density 2.0 g_cm3).txt" 4 MeV*cm2/g InitialKineticEnergy LogLog
proton "StoppingPower.proton.CARBON DIOXIDE" "StoppingPower.proton.CARBON DIOXIDE.txt" 4 MeV*cm2/g InitialKineticEnergy LogLog
proton "StoppingPower.proton.CELLULOSE NITRATE" "StoppingPower.proton.CELLULOSE NITRATE.txt" 4 MeV*cm2/g InitialKineticEnergy LogLog
proton "StoppingPower.proton.CERIC SULFATE DOSIMETER SOLUTION" "StoppingPower.proton.CERIC SULFATE DOSIMETER SOLUTION.txt" 4 MeV*cm2/g InitialKineticEnergy LogLog
proton "StoppingPower.proton.CESIUM IODIDE" "StoppingPower.proton.CESIUM IODIDE.txt" 4 MeV*cm2/g InitialKineticEnergy LogLog
proton "StoppingPower.proton.Cu" "StoppingPower.proton.Cu.txt" 4 MeV*cm2/g InitialKineticEnergy LogLog
proton "StoppingPower.proton.ETHYLENE" "StoppingPower.proton.ETHYLENE.txt" 4 MeV*cm2/g InitialKineticEnergy LogLog
proton "StoppingPower.proton.FERROUS SULFATE DOSIMETER SOLUTION" "StoppingPower.proton.FERROUS SULFATE DOSIMETER SOLUTION.txt" 4 MeV*cm2/g InitialKineticEnergy LogLog
proton "StoppingPower.proton.Fe" "StoppingPower.proton.Fe.txt" 4 MeV*cm2/g InitialKineticEnergy LogLog
proton "StoppingPower.proton.GLASS, BOROSILICATE (Pyrex, Corning 7740)" "StoppingPower.proton.GLASS, BOROSILICATE (Pyrex, Corning 7740).txt" 4 MeV*cm2/g InitialKineticEnergy LogLog
proton "StoppingPower.proton.Gd" "StoppingPower.proton.Gd.txt" 4 MeV*cm2/g InitialKineticEnergy LogLog
proton "StoppingPower.proton.Ge" "StoppingPower.proton.Ge.txt" 4 MeV*cm2/g InitialKineticEnergy LogLog
proton "StoppingPower.proton.H" "StoppingPower.proton.H.txt" 4 MeV*cm2/g InitialKineticEnergy LogLog
proton "StoppingPower.proton.He" "StoppingPower.proton.He.txt" 4 MeV*cm2/g InitialKineticEnergy LogLog
proton "StoppingPower.proton.KAPTON POLYIMIDE FILM" "StoppingPower.proton.KAPTON POLYIMIDE FILM.txt" 4 MeV*cm2/g InitialKineticEnergy LogLog
proton "StoppingPower.proton.Kr" "StoppingPower.proton.Kr.txt" 4 MeV*cm2/g InitialKineticEnergy LogLog
proton "StoppingPower.proton.LITHIUM FLUORIDE" "StoppingPower.proton.LITHIUM FLUORIDE.txt" 4 MeV*cm2/g InitialKineticEnergy LogLog
proton "StoppingPower.proton.LITHIUM TETRABORATE" "StoppingPower.proton.LITHIUM TETRABORATE.txt" 4 MeV*cm2/g InitialKineticEnergy LogLog
proton "StoppingPower.proton.M3 WAX" "StoppingPower.proton.M3 WAX.txt" 4 MeV*cm2/g InitialKineticEnergy LogLog
proton "StoppingPower.proton.METHANE" "StoppingPower.proton.METHANE.txt" 4 MeV*cm2/g InitialKineticEnergy LogLog
proton "StoppingPower.proton.MS20 TISSUE SUBSTITUTE" "StoppingPower.proton.MS20 TISSUE SUBSTITUTE.txt" 4 MeV*cm2/g InitialKineticEnergy LogLog
proton "StoppingPower.proton.MUSCLE, SKELETAL (ICRP)" "StoppingPower.proton.MUSCLE, SKELETAL (ICRP).txt" 4 MeV*cm2/g InitialKineticEnergy LogLog
proton "StoppingPower.proton.MUSCLE, STRIATED (ICRU)" "StoppingPower.proton.MUSCLE, STRIATED (ICRU).txt" 4 MeV*cm2/g InitialKineticEnergy LogLog
proton "StoppingPower.proton.MUSCLE-EQUIVALENT LIQUID (with sucrose)" "StoppingPower.proton.MUSCLE-EQUIVALENT LIQUID (with sucrose).txt" 4 MeV*cm2/g InitialKineticEnergy LogLog
proton "StoppingPower.proton.MUSCLE-EQUIVALENT LIQUID (without sucrose)" "StoppingPower.proton.MUSCLE-EQUIVALENT LIQUID (without sucrose).txt" 4 MeV*cm2/g InitialKineticEnergy LogLog
proton "StoppingPower.proton.Mo" "StoppingPower.proton.Mo.txt" 4 MeV*cm2/g InitialKineticEnergy LogLog
proton "StoppingPower.proton.N" "StoppingPower.proton.N.txt" 4 MeV*cm2/g InitialKineticEnergy LogLog
proton "StoppingPower.proton.NYLON, TYPE 6 AND TYPE 6_6" "StoppingPower.proton.NYLON, TYPE 6 AND TYPE 6_6.txt" 4 MeV*cm2/g InitialKineticEnergy LogLog
proton "StoppingPower.proton.Ne" "StoppingPower.proton.Ne.txt" 4 MeV*cm2/g InitialKineticEnergy LogLog
proton "StoppingPower.proton.O" "StoppingPower.proton.O.txt" 4 MeV*cm2/g InitialKineticEnergy LogLog
proton "StoppingPower.proton.PARAFFIN WAX" "StoppingPower.proton.PARAFFIN WAX.txt" 4 MeV*cm2/g InitialKineticEnergy LogLog
proton "StoppingPower.proton.PHOTOGRAPHIC EMULSION" "StoppingPower.proton.PHOTOGRAPHIC EMULSION.txt" 4 MeV*cm2/g InitialKineticEnergy LogLog
proton "StoppingPower.proton.PLASTIC SCINTILLATOR (vinyltoluene-based)" "StoppingPower.proton.PLASTIC SCINTILLATOR (vinyltoluene-based).txt" 4 MeV*cm2/g InitialKineticEnergy LogLog
proton "StoppingPower.proton.POLYCARBONATE (MAKROLON, LEXAN)" "StoppingPower.proton.POLYCARBONATE (MAKROLON, LEXAN).txt" 4 MeV*cm2/g InitialKineticEnergy LogLog
proton "StoppingPower.proton.POLYETHYLENE TEREPHTHALATE (MYLAR)" "StoppingPower.proton.POLYETHYLENE TEREPHTHALATE (MYLAR).txt" 4 MeV*cm2/g InitialKineticEnergy LogLog
proton "StoppingPower.proton.POLYETHYLENE" "StoppingPower.proton.POLYETHYLENE.txt" 4 MeV*cm2/g InitialKineticEnergy LogLog
proton "StoppingPower.proton.POLYMETHYL METHACRALATE (LUCITE, PERSPEX, PLEXIGLASS)" "StoppingPower.proton.POLYMETHYL METHACRALATE (LUCITE, PERSPEX, PLEXIGLASS).txt" 4 MeV*cm2/g InitialKineticEnergy LogLog
proton "StoppingPower.proton.POLYPROPYLENE" "StoppingPower.proton.POLYPROPYLENE.txt" 4 MeV*cm2/g InitialKineticEnergy LogLog
proton "StoppingPower.proton.POLYSTYRENE" "StoppingPower.proton.POLYSTYRENE.txt" 4 MeV*cm2/g InitialKineticEnergy LogLog
proton "StoppingPower.proton.POLYTETRAFLUOROETHYLENE (TEFLON)" "StoppingPower.proton.POLYTETRAFLUOROETHYLENE (TEFLON).txt" 4 MeV*cm2/g InitialKineticEnergy LogLog
proton "StoppingPower.proton.POLYVINYL CHLORIDE" "StoppingPower.proton.POLYVINYL CHLORIDE.txt" 4 MeV*cm2/g InitialKineticEnergy LogLog
proton "StoppingPower.proton.PROPANE" "StoppingPower.proton.PROPANE.txt" 4 MeV*cm2/g InitialKineticEnergy LogLog
proton "StoppingPower.proton.Pb" "StoppingPower.proton.Pb.txt" 4 MeV*cm2/g InitialKineticEnergy LogLog
proton "StoppingPower.proton.Pt" "StoppingPower.proton.Pt.txt" 4 MeV*cm2/g InitialKineticEnergy LogLog
proton "StoppingPower.proton.SILICON DIOXIDE" "StoppingPower.proton.SILICON DIOXIDE.txt" 4 MeV*cm2/g InitialKineticEnergy LogLog
proton "StoppingPower.proton.SODIUM IODIDE" "StoppingPower.proton.SODIUM IODIDE.txt" 4 MeV*cm2/g InitialKineticEnergy LogLog
proton "StoppingPower.proton.STILBENE" "StoppingPower.proton.STILBENE.txt" 4 MeV*cm2/g InitialKineticEnergy LogLog
proton "StoppingPower.proton.Si" "StoppingPower.proton.Si.txt" 4 MeV*cm2/g InitialKineticEnergy LogLog
proton "StoppingPower.proton.Sn" "StoppingPower.proton.Sn.txt" 4 MeV*cm2/g InitialKineticEnergy LogLog
proton "StoppingPower.proton.TISSUE-EQUIVALENT GAS (methane-based)" "StoppingPower.proton.TISSUE-EQUIVALENT GAS (methane-based).txt" 4 MeV*cm2/g InitialKineticEnergy LogLog
proton "StoppingPower.proton.TISSUE-EQUIVALENT GAS (propane-based)" "StoppingPower.proton.TISSUE-EQUIVALENT GAS (propane-based).txt" 4 MeV*cm2/g InitialKineticEnergy LogLog
proton "StoppingPower.proton.TOLUENE" "StoppingPower.proton.TOLUENE.txt" 4 MeV*cm2/g InitialKineticEnergy LogLog
proton "StoppingPower.proton.Ti" "StoppingPower.proton.Ti.txt" 4 MeV*cm2/g InitialKineticEnergy LogLog
proton "StoppingPower.proton.U" "StoppingPower.proton.U.txt" 4 MeV*cm2/g InitialKineticEnergy LogLog
proton "StoppingPower.proton.W" "StoppingPower.proton.W.txt" 4 MeV*cm2/g InitialKineticEnergy LogLog
proton "StoppingPower.proton.WATER VAPOR" "StoppingPower.proton.WATER VAPOR.txt" 4 MeV*cm2/g InitialKineticEnergy LogLog
proton "StoppingPower.proton.WATER_LIQUID" "StoppingPower.proton.WATER_LIQUID.txt" 4 MeV*cm2/g InitialKineticEnergy LogLog
proton "StoppingPower.proton.Xe" "StoppingPower.proton.Xe.txt" 4 MeV*cm2/g InitialKineticEnergy LogLog
