"Ag" G4_Ag
"Al" G4_Al
"Ar" G4_Ar
"Au" G4_Au
"Be" G4_Be
"Cu" G4_Cu
"Fe" G4_Fe
"Gd" G4_Gd
"Ge" G4_Ge
"H"  G4_H
"He" G4_He
"Kr" G4_Kr
"Mo" G4_Mo
"N"  G4_N
"Ne" G4_Ne
"O"  G4_O
"Pb" G4_Pb
"Pt" G4_Pt
"Si" G4_Si
"Sn" G4_Sn
"Ti" G4_Ti
"U"  G4_U
"W"  G4_W
"Xe" G4_Xw
"A-150 TISSUE-EQUIVALENT PLASTIC" G4_A-150_TISSUE
"ACETYLENE" G4_ACETYLENE
"ADIPOSE TISSUE (ICRP)" G4_ADIPOSE_TISSUE_ICRP
"AIR_dry,_near_sea_level" G4_AIR
"ALUMINUM OXIDE" G4_ALUMINUM_OXIDE
"B-100 BONE-EQUIVALENT PLASTIC" G4_B-100_BONE
"BONE, COMPACT (ICRU)" G4_BONE_COMPACT_ICRU 
"BONE, CORTICAL (ICRP)" G4_BONE_CORTICAL_ICRP
"C-552 AIR-EQUIVALENT PLASTIC" G4_C-552
"CALCIUM FLUORIDE" G4_CALCIUM_FLUORIDE
"CARBON (amorphous, density 2.0 g_cm3)" G4_C
"CARBON (Graphite, density 1.7 g_cm3)" G4_GRAPHITE
"CARBON DIOXIDE" G4_CARBON_DIOXIDE
"CELLULOSE NITRATE" G4_CELLULOSE_NITRATE
"CERIC SULFATE DOSIMETER SOLUTION" G4_CERIC_SULFATE
"CESIUM IODIDE" G4_CESIUM_IODIDE
"Cgraphite" G4_GRAPHITE
"ETHYLENE" G4_ETHYLENE
"FERROUS SULFATE DOSIMETER SOLUTION" G4_FERROUS_SULFATE
"GLASS, BOROSILICATE (Pyrex, Corning 7740)" G4_Pyrex_Glass
"KAPTON POLYIMIDE FILM" G4_KAPTON
"LITHIUM FLUORIDE" G4_LITHIUM_FLUORIDE
"LITHIUM TETRABORATE"  G4_LITHIUM_TETRABORATE
"M3 WAX" G4_M3_WAX
"METHANE" G4_METHANE
"MS20 TISSUE SUBSTITUTE" G4_MS20_TISSUE
"MUSCLE, SKELETAL (ICRP)" G4_MUSCLE_SKELETAL_ICRP
"MUSCLE, STRIATED (ICRU)" G4_MUSCLE_STRIATED_ICRU
"MUSCLE-EQUIVALENT LIQUID (with sucrose)" G4_MUSCLE_WITH_SUCROSE
"MUSCLE-EQUIVALENT LIQUID (without sucrose)" G4_MUSCLE_WITHOUT_SUCROSE
"NYLON, TYPE 6 AND TYPE 6_6" G4_NYLON-6-6
"PARAFFIN WAX" G4_PARAFFIN
"PHOTOGRAPHIC EMULSION" G4_PHOTO_EMULSION
"PLASTIC SCINTILLATOR (vinyltoluene-based)" G4_PLASTIC_SC_VINYLTOLUENE
"POLYCARBONATE (MAKROLON, LEXAN)" G4_POLYCARBONATE
"POLYETHYLENE TEREPHTHALATE (MYLAR)" G4_MYLAR
"POLYETHYLENE" G4_POLYETHYLENE
"POLYMETHYL METHACRALATE (LUCITE, PERSPEX, PLEXIGLASS)" G4_PLEXIGLASS
"POLYPROPYLENE" G4_POLYPROPYLENE
"POLYSTYRENE" G4_POLYSTYRENE
"POLYTETRAFLUOROETHYLENE (TEFLON)" G4_TEFLON
"POLYVINYL CHLORIDE" G4_POLYVINYL_CHLORIDE
"PROPANE" G4_PROPANE
"SILICON DIOXIDE" G4_SILICON_DIOXIDE
"SODIUM IODIDE" G4_SODIUM_IODIDE
"STILBENE" G4_STILBENE
"TISSUE-EQUIVALENT GAS (methane-based)" G4_TISSUE-METHANE
"TISSUE-EQUIVALENT GAS (propane-based)" G4_TISSUE-PROPANE
"TOLUENE" G4_TOLUENE
"WATER VAPOR" G4_WATER_VAPOR
"WATER_LIQUID" G4_WATER
"WATER_LIQUID" G4_WATER1
