/control/execute exercise3a.in
/gamos/setParam GmGeometryFromText:FileName ../exercise2/exercise2.geom
/gamos/geometry GmGeometryFromText
/gamos/physicsList GmEMPhysics
GmEMPhysics PhysicsList:DEFAULT = gamma-standard is registered
GmEMPhysics PhysicsList: DEFAULT = electron-standard is registered
GmEMPhysics PhysicsList: DEFAULT = positron-standard is registered
/gamos/generator GmGenerator
/run/initialize
Checking overlaps for volume source (G4Tubs) ... OK! 
Checking overlaps for volume container (G4Box) ... OK! 
Checking overlaps for volume detector (G4Tubs) ... OK! 
Checking overlaps for volume container (G4Box) ... OK! 
GmPhysicsGammaLowEner::ConstructProcess 
/gamos/generator/addSingleParticleSource source gamma 1.*MeV
/gamos/generator/positionDist source GmGenerDistPositionInG4Volumes source
/gamos/scoring/createMFDetector fluxDet container
/gamos/setParam fluxScorer:Direction In
/gamos/setParam fluxScorer:Surfaces X+ X- Y+ Y- Z+ Z-
/gamos/scoring/addScorer2MFD fluxScorer GmPSSurfaceFlux fluxDet
 GmVPrimitiveScorer::SetParameters: no parameters 
/gamos/scoring/createMFDetector doseEnergyDet detector
/gamos/scoring/addScorer2MFD energyScorer GmG4PSEnergyDeposit doseEnergyDet
 GmVPrimitiveScorer::SetParameters: no parameters 
/gamos/scoring/addScorer2MFD doseScorer GmG4PSDoseDeposit doseEnergyDet
 GmVPrimitiveScorer::SetParameters: no parameters 
/gamos/classifier classifierAncestors GmClassifierByAncestors 2 10
/gamos/scoring/assignClassifier2Scorer classifierAncestors doseScorer
/gamos/scoring/assignClassifier2Scorer classifierAncestors energyScorer
/run/beamOn 10000

### ===  Deexcitation model UAtomDeexcitation is activated for 1 region:
          DefaultRegionForTheWorld  1  1  0
### ===  Auger cascade flag: 0
### ===  Ignore cuts flag:   0

phot:  for gamma SubType=12 BuildTable=0
      LambdaPrime table from 200 keV to 100 TeV in 61 bins 
      ===== EM models for the G4Region  DefaultRegionForTheWorld ======
 LivermorePhElectric : Emin=    0 eV  Emax=    1 GeV  SauterGavrila Fluo
       PhotoElectric : Emin=    1 GeV Emax=  100 TeV  SauterGavrila Fluo

compt:  for gamma SubType=13 BuildTable=1
      Lambda table from 100 eV  to 1 MeV, 7 bins/decade, spline: 1
      LambdaPrime table from 1 MeV to 100 TeV in 56 bins 
      ===== EM models for the G4Region  DefaultRegionForTheWorld ======
    LivermoreCompton : Emin=    0 eV  Emax=    1 GeV Fluo
       Klein-Nishina : Emin=    1 GeV Emax=  100 TeV

conv:  for gamma SubType=14 BuildTable=1
      Lambda table from 1.022 MeV to 100 TeV, 18 bins/decade, spline: 1
      ===== EM models for the G4Region  DefaultRegionForTheWorld ======
 LivermoreConversion : Emin=    0 eV  Emax=    1 GeV
     BetheHeitlerLPM : Emin=    1 GeV Emax=  100 TeV  ModifiedTsai

Rayl:  for gamma SubType=11 BuildTable=1
      Lambda table from 100 eV  to 100 keV, 7 bins/decade, spline: 0
      LambdaPrime table from 100 keV to 100 TeV in 63 bins 
      ===== EM models for the G4Region  DefaultRegionForTheWorld ======
   LivermoreRayleigh : Emin=    0 eV  Emax=  100 TeV  CullenGenerator

msc:  for e-  SubType= 10
      ===== EM models for the G4Region  DefaultRegionForTheWorld ======
            UrbanMsc : Emin=    0 eV  Emax=  100 TeV Nbins=84 100 eV  - 100 TeV

eIoni:  for e-  SubType=2
      dE/dx and range tables from 100 eV  to 100 TeV in 84 bins
      Lambda tables from threshold to 100 TeV, 7 bins/decade, spline: 1
      StepFunction=(0.2, 0.1 mm), integ: 1, fluct: 1, linLossLim= 0.01
      ===== EM models for the G4Region  DefaultRegionForTheWorld ======
       LowEnergyIoni : Emin=    0 eV  Emax=    1 GeV  deltaVI
        MollerBhabha : Emin=    1 GeV Emax=  100 TeV

eBrem:  for e-  SubType=3
      dE/dx and range tables from 100 eV  to 100 TeV in 84 bins
      Lambda tables from threshold to 100 TeV, 7 bins/decade, spline: 1
      LPM flag: 1 for E > 1 GeV,  VertexHighEnergyTh(GeV)= 100000
      ===== EM models for the G4Region  DefaultRegionForTheWorld ======
           LowEnBrem : Emin=    0 eV  Emax=    1 GeV  AngularGen2BS
            eBremLPM : Emin=    1 GeV Emax=  100 TeV  ModifiedTsai

msc:  for e+  SubType= 10
      ===== EM models for the G4Region  DefaultRegionForTheWorld ======
            UrbanMsc : Emin=    0 eV  Emax=  100 TeV Nbins=84 100 eV  - 100 TeV

eIoni:  for e+  SubType=2
      dE/dx and range tables from 100 eV  to 100 TeV in 84 bins
      Lambda tables from threshold to 100 TeV, 7 bins/decade, spline: 1
      StepFunction=(0.2, 1 mm), integ: 1, fluct: 1, linLossLim= 0.01
      ===== EM models for the G4Region  DefaultRegionForTheWorld ======
        MollerBhabha : Emin=    0 eV  Emax=  100 TeV

eBrem:  for e+  SubType=3
      dE/dx and range tables from 100 eV  to 100 TeV in 84 bins
      Lambda tables from threshold to 100 TeV, 7 bins/decade, spline: 1
      LPM flag: 1 for E > 1 GeV,  VertexHighEnergyTh(GeV)= 100000
      ===== EM models for the G4Region  DefaultRegionForTheWorld ======
             eBremSB : Emin=    0 eV  Emax=    1 GeV  ModifiedTsai
            eBremLPM : Emin=    1 GeV Emax=  100 TeV  ModifiedTsai

annihil:  for e+, integral:1  SubType=5 BuildTable=0
      ===== EM models for the G4Region  DefaultRegionForTheWorld ======
            eplus2gg : Emin=    0 eV  Emax=  100 TeV

========= Table of registered couples ==============================

Index : 0     used in the geometry : Yes
 Material : G4_AIR
 Range cuts        :  gamma  100 um     e-  100 um     e+  100 um  proton 100 um 
 Energy thresholds :  gamma  990 eV     e-  990 eV     e+  990 eV  proton -1 MeV
 Region(s) which use this couple : 
    DefaultRegionForTheWorld

Index : 1     used in the geometry : Yes
 Material : G4_WATER
 Range cuts        :  gamma  100 um     e-  100 um     e+  100 um  proton 100 um 
 Energy thresholds :  gamma  1.10981 keV    e-  84.6589 keV    e+  83.5287 keV proton -1 MeV
 Region(s) which use this couple : 
    DefaultRegionForTheWorld

Index : 2     used in the geometry : Yes
 Material : G4_Al
 Range cuts        :  gamma  100 um     e-  100 um     e+  100 um  proton 100 um 
 Energy thresholds :  gamma  2.3478 keV    e-  131.031 keV    e+  128.416 keV proton -1 MeV
 Region(s) which use this couple : 
    DefaultRegionForTheWorld

Index : 3     used in the geometry : Yes
 Material : G4_Si
 Range cuts        :  gamma  100 um     e-  100 um     e+  100 um  proton 100 um 
 Energy thresholds :  gamma  2.32425 keV    e-  121.694 keV    e+  120.07 keV proton -1 MeV
 Region(s) which use this couple : 
    DefaultRegionForTheWorld

====================================================================

G4VisManager: Using G4TrajectoryDrawByCharge as fallback trajectory model.
See commands in /vis/modeling/trajectories/ for other options.
### Run 0 starts.
 Run terminated.
Run Summary
  Number of events processed : 10000
  User=0.480000s Real=0.479663s Sys=0.000000s
SetUnit GmPSPrinterCout 1 Name MeV

 MultiFunctionalDet: doseEnergyDet
 PrimitiveScorer: energyScorer
 Number of entries= 2
  index: container:1/detector:1  = 0.00648392 +-(REL) 0.0955625 MeV sumV2= 3.88094e-07
  index: container:2/detector:1  = 0.00241465 +-(REL) 0.162596 MeV sumV2= 1.54712e-07
energyScorer SUM_ALL: 0.00889857 +-(REL) 0.0824329 MeV
SetUnit GmPSPrinterCout 1e-12 Name Gy

 MultiFunctionalDet: doseEnergyDet
 PrimitiveScorer: doseScorer
 Number of entries= 2
  index: container:1/detector:1  = 7.09598e-14 +-(REL) 0.0955625 Gy sumV2= 4.64822e-29
  index: container:2/detector:1  = 2.64259e-14 +-(REL) 0.162596 Gy sumV2= 1.85299e-29
doseScorer SUM_ALL: 9.73856e-14 +-(REL) 0.0824329 Gy
SetUnit GmPSPrinterCout 0.01 Name cm-2

 MultiFunctionalDet: fluxDet
 PrimitiveScorer: fluxScorer
 Number of entries= 2
  index: 1  = -0.00705382 +-(REL) -0.0227579 cm-2 sumV2= 3.0743e-08
  index: 2  = -0.00374473 +-(REL) -0.0419668 cm-2 sumV2= 2.60972e-08
fluxScorer SUM_ALL: -0.0107985 +-(REL) -0.0208037 cm-2
Graphics systems deleted.
Visualization Manager deleting...
