/control/execute exercise5.in
/gamos/setParam GmAnalysisMgr:FileNameSuffix .exercise5
/tracking/verbose 1
/gamos/setParam GmGeometryFromText:FileName ../exercise1/exercise1.geom
/gamos/geometry GmGeometryFromText
/gamos/physicsList GmEMPhysics
GmEMPhysics PhysicsList:DEFAULT = gamma-standard is registered
GmEMPhysics PhysicsList: DEFAULT = electron-standard is registered
GmEMPhysics PhysicsList: DEFAULT = positron-standard is registered
/gamos/generator GmGenerator
/run/initialize
/gamos/generator/addSingleParticleSource source gamma 1.*MeV
/gamos/generator/positionDist source GmGenerDistPositionInG4Volumes source
/gamos/setParam GmStepDataBinFileUA_GmPrimaryFilter_noTransportFilter:DataList Particle InitialProcess InitialKineticEnergy AccumulatedEnergyLost
/gamos/filter transportFilter GmProcessFilter Transportation
anti_nu_e GetG4Process Transportation Transportation 0x5cba611fe3b0
chargedgeantino GetG4Process Transportation Transportation 0x5cba611fe3b0
e+ GetG4Process Transportation Transportation 0x5cba611fe3b0
e- GetG4Process Transportation Transportation 0x5cba611fe3b0
gamma GetG4Process Transportation Transportation 0x5cba611fe3b0
geantino GetG4Process Transportation Transportation 0x5cba611fe3b0
mu+ GetG4Process Transportation Transportation 0x5cba611fe3b0
mu- GetG4Process Transportation Transportation 0x5cba611fe3b0
nu_e GetG4Process Transportation Transportation 0x5cba611fe3b0
opticalphoton GetG4Process Transportation Transportation 0x5cba611fe3b0
/gamos/filter noTransportFilter GmInverseFilter transportFilter
/gamos/userAction GmStepDataBinFileUA GmPrimaryFilter noTransportFilter
/gamos/setParam GmTrackDataBinFileUA:DataList Particle AccumulatedEnergyLost
/gamos/userAction GmTrackDataBinFileUA
/run/beamOn 100
=======================================================================
======                 Electromagnetic Physics Parameters      ========
=======================================================================
LPM effect enabled                                 1
Enable creation and use of sampling tables         0
Apply cuts on all EM processes                     0
Use combined TransportationWithMsc                 Disabled
Use general process                                0
Enable linear polarisation for gamma               0
Enable photoeffect sampling below K-shell          1
Enable sampling of quantum entanglement            0
X-section factor for integral approach             0.8
Min kinetic energy for tables                      100 eV 
Max kinetic energy for tables                      100 TeV
Number of bins per decade of a table               7
Verbose level                                      1
Verbose level for worker thread                    0
Bremsstrahlung energy threshold above which 
  primary e+- is added to the list of secondary    100 TeV
Bremsstrahlung energy threshold above which primary
  muon/hadron is added to the list of secondary    100 TeV
Lowest triplet kinetic energy                      1 MeV
Enable sampling of gamma linear polarisation       0
5D gamma conversion model type                     0
5D gamma conversion model on isolated ion          0
Livermore data directory                           epics_2017
=======================================================================
======                 Ionisation Parameters                   ========
=======================================================================
Step function for e+-                              (0.2, 1 mm)
Step function for muons/hadrons                    (0.2, 0.1 mm)
Step function for light ions                       (0.2, 0.1 mm)
Step function for general ions                     (0.2, 0.1 mm)
Lowest e+e- kinetic energy                         1 keV
Lowest muon/hadron kinetic energy                  1 keV
Use ICRU90 data                                    0
Fluctuations of dE/dx are enabled                  1
Type of fluctuation model for leptons and hadrons  Universal
Use built-in Birks satuaration                     0
Build CSDA range enabled                           0
Use cut as a final range enabled                   0
Enable angular generator interface                 0
Max kinetic energy for CSDA tables                 1 GeV
Max kinetic energy for NIEL computation            0 eV 
Linear loss limit                                  0.01
Read data from file for e+e- pair production by mu 0
=======================================================================
======                 Multiple Scattering Parameters          ========
=======================================================================
Type of msc step limit algorithm for e+-           1
Type of msc step limit algorithm for muons/hadrons 0
Msc lateral displacement for e+- enabled           1
Msc lateral displacement for muons and hadrons     0
Urban msc model lateral displacement alg96         1
Range factor for msc step limit for e+-            0.04
Range factor for msc step limit for muons/hadrons  0.2
Geometry factor for msc step limitation of e+-     2.5
Safety factor for msc step limit for e+-           0.6
Skin parameter for msc step limitation of e+-      1
Lambda limit for msc step limit for e+-            1 mm
Use Mott correction for e- scattering              0
Factor used for dynamic computation of angular 
  limit between single and multiple scattering     1
Fixed angular limit between single 
  and multiple scattering                          3.1416 rad
Upper energy limit for e+- multiple scattering     100 MeV
Type of electron single scattering model           0
Type of nuclear form-factor                        1
Screening factor                                   1
=======================================================================

### ===  Deexcitation model UAtomDeexcitation is activated for 1 region:
          DefaultRegionForTheWorld  1  1  0
### ===  Auger flag: 1
### ===  Ignore cuts flag:   0

phot:  for gamma SubType=12 BuildTable=0
      LambdaPrime table from 200 keV to 100 TeV in 61 bins 
      ===== EM models for the G4Region  DefaultRegionForTheWorld ======
       PhotoElectric : Emin=    0 eV  Emax=  100 TeV  SauterGavrila Fluo

compt:  for gamma SubType=13 BuildTable=1
      Lambda table from 100 eV  to 1 MeV, 7 bins/decade, spline: 1
      LambdaPrime table from 1 MeV to 100 TeV in 56 bins 
      ===== EM models for the G4Region  DefaultRegionForTheWorld ======
       Klein-Nishina : Emin=    0 eV  Emax=  100 TeV

conv:  for gamma SubType=14 BuildTable=1
      Lambda table from 1.022 MeV to 100 TeV, 18 bins/decade, spline: 1
      ===== EM models for the G4Region  DefaultRegionForTheWorld ======
     BetheHeitlerLPM : Emin=    0 eV  Emax=  100 TeV  ModifiedTsai

Rayl:  for gamma SubType=11 BuildTable=1
      Lambda table from 100 eV  to 150 keV, 7 bins/decade, spline: 0
      LambdaPrime table from 150 keV to 100 TeV in 62 bins 
      ===== EM models for the G4Region  DefaultRegionForTheWorld ======
   LivermoreRayleigh : Emin=    0 eV  Emax=  100 TeV  CullenGenerator

msc:  for e-  SubType= 10
      ===== EM models for the G4Region  DefaultRegionForTheWorld ======
            UrbanMsc : Emin=    0 eV  Emax=  100 TeV Nbins=84 100 eV  - 100 TeV
          StepLim=UseSafety Rfact=0.04 Gfact=2.5 Sfact=0.6 DispFlag:1 Skin=1 Llim=1 mm

eIoni:  for e-  XStype:3  SubType=2
      dE/dx and range tables from 100 eV  to 100 TeV in 84 bins
      Lambda tables from threshold to 100 TeV, 7 bins/decade, spline: 1
      StepFunction=(0.2, 1 mm), integ: 3, fluct: 1, linLossLim= 0.01
      ===== EM models for the G4Region  DefaultRegionForTheWorld ======
        MollerBhabha : Emin=    0 eV  Emax=  100 TeV

eBrem:  for e-  XStype:4  SubType=3
      dE/dx and range tables from 100 eV  to 100 TeV in 84 bins
      Lambda tables from threshold to 100 TeV, 7 bins/decade, spline: 1
      LPM flag: 1 for E > 1 GeV,  VertexHighEnergyTh(GeV)= 100000
      ===== EM models for the G4Region  DefaultRegionForTheWorld ======
             eBremSB : Emin=    0 eV  Emax=    1 GeV  ModifiedTsai
            eBremLPM : Emin=    1 GeV Emax=  100 TeV  ModifiedTsai

msc:  for e+  SubType= 10
      ===== EM models for the G4Region  DefaultRegionForTheWorld ======
            UrbanMsc : Emin=    0 eV  Emax=  100 TeV Nbins=84 100 eV  - 100 TeV
          StepLim=UseSafety Rfact=0.04 Gfact=2.5 Sfact=0.6 DispFlag:1 Skin=1 Llim=1 mm

eIoni:  for e+  XStype:3  SubType=2
      dE/dx and range tables from 100 eV  to 100 TeV in 84 bins
      Lambda tables from threshold to 100 TeV, 7 bins/decade, spline: 1
      StepFunction=(0.2, 1 mm), integ: 3, fluct: 1, linLossLim= 0.01
      ===== EM models for the G4Region  DefaultRegionForTheWorld ======
        MollerBhabha : Emin=    0 eV  Emax=  100 TeV

========= Table of registered couples ============================

Index : 0     used in the geometry : Yes
 Material : G4_AIR
 Range cuts        :  gamma  100 um     e-  100 um     e+  100 um  proton 100 um 
 Energy thresholds :  gamma  990 eV     e-  990 eV     e+  990 eV  proton -1 MeV
 Region(s) which use this couple : 
    DefaultRegionForTheWorld

Index : 1     used in the geometry : Yes
 Material : G4_WATER
 Range cuts        :  gamma  100 um     e-  100 um     e+  100 um  proton 100 um 
 Energy thresholds :  gamma  1.11075 keV    e-  85.0445 keV    e+  83.9021 keV proton -1 MeV
 Region(s) which use this couple : 
    DefaultRegionForTheWorld

Index : 2     used in the geometry : Yes
 Material : G4_Al
 Range cuts        :  gamma  100 um     e-  100 um     e+  100 um  proton 100 um 
 Energy thresholds :  gamma  2.34157 keV    e-  131.218 keV    e+  128.746 keV proton -1 MeV
 Region(s) which use this couple : 
    DefaultRegionForTheWorld

Index : 3     used in the geometry : Yes
 Material : G4_Si
 Range cuts        :  gamma  100 um     e-  100 um     e+  100 um  proton 100 um 
 Energy thresholds :  gamma  2.3205 keV    e-  121.85 keV    e+  119.642 keV proton -1 MeV
 Region(s) which use this couple : 
    DefaultRegionForTheWorld

==================================================================

G4VisManager: Using G4TrajectoryDrawByCharge as fallback trajectory model.
See commands in /vis/modeling/trajectories/ for other options.
### Run 0 starts.

*********************************************************************************************************
* G4Track Information:   Particle = gamma,   Track ID = 1,   Parent ID = 0
*********************************************************************************************************

Step#    X(mm)    Y(mm)    Z(mm) KinE(MeV)  dE(MeV) StepLeng TrackLeng  NextVolume ProcName
    0  -0.0082   -0.774    -1.05         1        0        0         0      source initStep
    1    0.126   -0.992    -1.06         1        0    0.256     0.256       world Transportation
    2     30.2      -50    -4.17         1        0     57.6      57.8  OutOfWorld Transportation

*********************************************************************************************************
* G4Track Information:   Particle = gamma,   Track ID = 1,   Parent ID = 0
*********************************************************************************************************

Step#    X(mm)    Y(mm)    Z(mm) KinE(MeV)  dE(MeV) StepLeng TrackLeng  NextVolume ProcName
    0   -0.762    0.312    -2.14         1        0        0         0      source initStep
    1   -0.815   -0.579    0.952         1        0     3.22      3.22       world Transportation
    2    -1.66    -14.7       50         1        0     51.1      54.3  OutOfWorld Transportation

*********************************************************************************************************
* G4Track Information:   Particle = gamma,   Track ID = 1,   Parent ID = 0
*********************************************************************************************************

Step#    X(mm)    Y(mm)    Z(mm) KinE(MeV)  dE(MeV) StepLeng TrackLeng  NextVolume ProcName
    0    0.249  -0.0562    -1.19         1        0        0         0      source initStep
    1    0.886   -0.463    -1.13         1        0    0.758     0.758       world Transportation
    2       11    -6.92   -0.305         1        0       12      12.8   container Transportation
    3     17.4      -11    0.221         1        0     7.61      20.4       world Transportation
    4       50    -31.8      2.9         1        0     38.8      59.2  OutOfWorld Transportation

*********************************************************************************************************
* G4Track Information:   Particle = gamma,   Track ID = 1,   Parent ID = 0
*********************************************************************************************************

Step#    X(mm)    Y(mm)    Z(mm) KinE(MeV)  dE(MeV) StepLeng TrackLeng  NextVolume ProcName
    0     0.16    -0.14     2.38         1        0        0         0      source initStep
    1    0.954     -0.3     1.35         1        0     1.31      1.31       world Transportation
    2     40.4    -8.24      -50         1        0     65.2      66.5  OutOfWorld Transportation

*********************************************************************************************************
* G4Track Information:   Particle = gamma,   Track ID = 1,   Parent ID = 0
*********************************************************************************************************

Step#    X(mm)    Y(mm)    Z(mm) KinE(MeV)  dE(MeV) StepLeng TrackLeng  NextVolume ProcName
    0    0.793   -0.124   -0.118         1        0        0         0      source initStep
    1    0.995    0.102   -0.257         1        0    0.333     0.333       world Transportation
    2     45.7       50    -31.1         1        0     73.7      74.1  OutOfWorld Transportation

*********************************************************************************************************
* G4Track Information:   Particle = gamma,   Track ID = 1,   Parent ID = 0
*********************************************************************************************************

Step#    X(mm)    Y(mm)    Z(mm) KinE(MeV)  dE(MeV) StepLeng TrackLeng  NextVolume ProcName
    0   -0.218   -0.348   -0.906         1        0        0         0      source initStep
    1    0.784    -0.62    -1.24         1        0     1.09      1.09       world Transportation
    2       11     -3.4    -4.66         1        0     11.1      12.2   container Transportation
    3     12.8    -3.88    -5.26         1        0     1.94      14.2    detector Transportation
    4     13.3    -4.03    -5.44     0.873        0    0.589      14.8    detector compt
    5     26.2    -3.77    -6.01     0.529        0     12.9      27.6    detector compt
    6       32    0.967   -0.785     0.529        0     9.12      36.7   container Transportation
    7       33     1.82    0.159     0.529        0     1.65      38.4       world Transportation
    8       50     15.7     15.5     0.529        0     26.8      65.2  OutOfWorld Transportation

*********************************************************************************************************
* G4Track Information:   Particle = e-,   Track ID = 3,   Parent ID = 1
*********************************************************************************************************

Step#    X(mm)    Y(mm)    Z(mm) KinE(MeV)  dE(MeV) StepLeng TrackLeng  NextVolume ProcName
    0     26.2    -3.77    -6.01     0.344        0        0         0    detector initStep
    1     26.3    -3.84     -6.1         0    0.344    0.558     0.558    detector eIoni

*********************************************************************************************************
* G4Track Information:   Particle = e-,   Track ID = 2,   Parent ID = 1
*********************************************************************************************************

Step#    X(mm)    Y(mm)    Z(mm) KinE(MeV)  dE(MeV) StepLeng TrackLeng  NextVolume ProcName
    0     13.3    -4.03    -5.44     0.127        0        0         0    detector initStep
    1     13.3    -4.06    -5.47         0    0.127    0.117     0.117    detector eIoni

*********************************************************************************************************
* G4Track Information:   Particle = gamma,   Track ID = 1,   Parent ID = 0
*********************************************************************************************************

Step#    X(mm)    Y(mm)    Z(mm) KinE(MeV)  dE(MeV) StepLeng TrackLeng  NextVolume ProcName
    0  -0.0837   -0.284   -0.725         1        0        0         0      source initStep
    1   -0.762    0.647   -0.927         1        0     1.17      1.17       world Transportation
    2    -36.7       50    -11.6         1        0       62      63.2  OutOfWorld Transportation

*********************************************************************************************************
* G4Track Information:   Particle = gamma,   Track ID = 1,   Parent ID = 0
*********************************************************************************************************

Step#    X(mm)    Y(mm)    Z(mm) KinE(MeV)  dE(MeV) StepLeng TrackLeng  NextVolume ProcName
    0   -0.934   -0.264      1.9         1        0        0         0      source initStep
    1   -0.282   -0.956      2.5         1        0     1.13      1.13       world Transportation
    2     45.9      -50     45.4         1        0     79.9        81  OutOfWorld Transportation

*********************************************************************************************************
* G4Track Information:   Particle = gamma,   Track ID = 1,   Parent ID = 0
*********************************************************************************************************

Step#    X(mm)    Y(mm)    Z(mm) KinE(MeV)  dE(MeV) StepLeng TrackLeng  NextVolume ProcName
    0    0.104    0.646     2.39         1        0        0         0      source initStep
    1    0.429    0.296      2.5         1        0     0.49      0.49       world Transportation
    2       47      -50     18.5         1        0     70.4      70.9  OutOfWorld Transportation

*********************************************************************************************************
* G4Track Information:   Particle = gamma,   Track ID = 1,   Parent ID = 0
*********************************************************************************************************

Step#    X(mm)    Y(mm)    Z(mm) KinE(MeV)  dE(MeV) StepLeng TrackLeng  NextVolume ProcName
    0   -0.305   -0.378    0.748         1        0        0         0      source initStep
    1  -0.0654    0.998    0.365         1        0     1.45      1.45       world Transportation
    2     8.46       50    -13.3         1        0     51.6        53  OutOfWorld Transportation

*********************************************************************************************************
* G4Track Information:   Particle = gamma,   Track ID = 1,   Parent ID = 0
*********************************************************************************************************

Step#    X(mm)    Y(mm)    Z(mm) KinE(MeV)  dE(MeV) StepLeng TrackLeng  NextVolume ProcName
    0    0.211    0.911     1.75         1        0        0         0      source initStep
    1    0.768    -0.64   0.0467         1        0     2.37      2.37       world Transportation
    2     17.1    -46.2      -50         1        0     69.6        72  OutOfWorld Transportation

*********************************************************************************************************
* G4Track Information:   Particle = gamma,   Track ID = 1,   Parent ID = 0
*********************************************************************************************************

Step#    X(mm)    Y(mm)    Z(mm) KinE(MeV)  dE(MeV) StepLeng TrackLeng  NextVolume ProcName
    0    0.677    0.352    -2.39         1        0        0         0      source initStep
    1    0.585    0.681     -2.5         1        0     0.36      0.36       world Transportation
    2    -13.1       50    -19.5         1        0     53.9      54.3  OutOfWorld Transportation

*********************************************************************************************************
* G4Track Information:   Particle = gamma,   Track ID = 1,   Parent ID = 0
*********************************************************************************************************

Step#    X(mm)    Y(mm)    Z(mm) KinE(MeV)  dE(MeV) StepLeng TrackLeng  NextVolume ProcName
    0   0.0223   -0.246    0.381         1        0        0         0      source initStep
    1     0.41   -0.912     1.19         1        0     1.12      1.12       world Transportation
    2     23.7      -41       50         1        0     67.3      68.4  OutOfWorld Transportation

*********************************************************************************************************
* G4Track Information:   Particle = gamma,   Track ID = 1,   Parent ID = 0
*********************************************************************************************************

Step#    X(mm)    Y(mm)    Z(mm) KinE(MeV)  dE(MeV) StepLeng TrackLeng  NextVolume ProcName
    0   -0.414   -0.762   -0.176         1        0        0         0      source initStep
    1    -0.55   -0.835   -0.174         1        0    0.155     0.155       world Transportation
    2      -50    -27.6    0.506         1        0     56.2      56.4  OutOfWorld Transportation

*********************************************************************************************************
* G4Track Information:   Particle = gamma,   Track ID = 1,   Parent ID = 0
*********************************************************************************************************

Step#    X(mm)    Y(mm)    Z(mm) KinE(MeV)  dE(MeV) StepLeng TrackLeng  NextVolume ProcName
    0   -0.174   -0.956    0.735         1        0        0         0      source initStep
    1   -0.159   -0.987    0.734         1        0   0.0347    0.0347       world Transportation
    2     23.9      -50   -0.908         1        0     54.6      54.7  OutOfWorld Transportation

*********************************************************************************************************
* G4Track Information:   Particle = gamma,   Track ID = 1,   Parent ID = 0
*********************************************************************************************************

Step#    X(mm)    Y(mm)    Z(mm) KinE(MeV)  dE(MeV) StepLeng TrackLeng  NextVolume ProcName
    0     0.62   -0.343    -1.77         1        0        0         0      source initStep
    1   -0.978    0.209    -2.41         1        0     1.81      1.81       world Transportation
    2      -50     17.2      -22         1        0     55.4      57.2  OutOfWorld Transportation

*********************************************************************************************************
* G4Track Information:   Particle = gamma,   Track ID = 1,   Parent ID = 0
*********************************************************************************************************

Step#    X(mm)    Y(mm)    Z(mm) KinE(MeV)  dE(MeV) StepLeng TrackLeng  NextVolume ProcName
    0    0.252   -0.243    0.227         1        0        0         0      source initStep
    1     0.52   -0.854    0.193         1        0    0.668     0.668       world Transportation
    2     22.1      -50     -2.5         1        0     53.7      54.4  OutOfWorld Transportation

*********************************************************************************************************
* G4Track Information:   Particle = gamma,   Track ID = 1,   Parent ID = 0
*********************************************************************************************************

Step#    X(mm)    Y(mm)    Z(mm) KinE(MeV)  dE(MeV) StepLeng TrackLeng  NextVolume ProcName
    0  -0.0883     -0.3   0.0595         1        0        0         0      source initStep
    1    0.824   -0.567    -1.73         1        0     2.03      2.03       world Transportation
    2     25.4    -7.78      -50         1        0     54.7      56.7  OutOfWorld Transportation

*********************************************************************************************************
* G4Track Information:   Particle = gamma,   Track ID = 1,   Parent ID = 0
*********************************************************************************************************

Step#    X(mm)    Y(mm)    Z(mm) KinE(MeV)  dE(MeV) StepLeng TrackLeng  NextVolume ProcName
    0   -0.606   -0.774    0.146         1        0        0         0      source initStep
    1   -0.609   -0.793    0.137         1        0   0.0214    0.0214       world Transportation
    2    -10.5      -50    -22.9         1        0     55.2      55.2  OutOfWorld Transportation

*********************************************************************************************************
* G4Track Information:   Particle = gamma,   Track ID = 1,   Parent ID = 0
*********************************************************************************************************

Step#    X(mm)    Y(mm)    Z(mm) KinE(MeV)  dE(MeV) StepLeng TrackLeng  NextVolume ProcName
    0   -0.689    0.191     1.63         1        0        0         0      source initStep
    1   -0.866   -0.211     1.79     0.991        0    0.467     0.467      source compt
    2    -0.94   -0.341     1.84     0.991        0     0.16     0.628       world Transportation
    3    -29.2      -50     23.4     0.991        0     61.1      61.7  OutOfWorld Transportation

*********************************************************************************************************
* G4Track Information:   Particle = e-,   Track ID = 2,   Parent ID = 1
*********************************************************************************************************

Step#    X(mm)    Y(mm)    Z(mm) KinE(MeV)  dE(MeV) StepLeng TrackLeng  NextVolume ProcName
    0   -0.866   -0.211     1.79   0.00901        0        0         0      source initStep
    1   -0.865   -0.211     1.79         0  0.00901  0.00213   0.00213      source eIoni

*********************************************************************************************************
* G4Track Information:   Particle = gamma,   Track ID = 1,   Parent ID = 0
*********************************************************************************************************

Step#    X(mm)    Y(mm)    Z(mm) KinE(MeV)  dE(MeV) StepLeng TrackLeng  NextVolume ProcName
    0    0.163     0.69     1.47         1        0        0         0      source initStep
    1    0.227    0.209      2.5         1        0     1.14      1.14       world Transportation
    2     3.19    -22.1       50         1        0     52.5      53.7  OutOfWorld Transportation

*********************************************************************************************************
* G4Track Information:   Particle = gamma,   Track ID = 1,   Parent ID = 0
*********************************************************************************************************

Step#    X(mm)    Y(mm)    Z(mm) KinE(MeV)  dE(MeV) StepLeng TrackLeng  NextVolume ProcName
    0   -0.091    0.984   -0.855         1        0        0         0      source initStep
    1  -0.0868    0.996   -0.869         1        0   0.0192    0.0192       world Transportation
    2     14.4     43.1      -50         1        0     66.3      66.3  OutOfWorld Transportation

*********************************************************************************************************
* G4Track Information:   Particle = gamma,   Track ID = 1,   Parent ID = 0
*********************************************************************************************************

Step#    X(mm)    Y(mm)    Z(mm) KinE(MeV)  dE(MeV) StepLeng TrackLeng  NextVolume ProcName
    0   -0.561    0.378    0.992         1        0        0         0      source initStep
    1   -0.208    0.322     1.29     0.694        0    0.466     0.466      source compt
    2    0.736    0.677     1.48     0.694        0     1.03      1.49       world Transportation
    3       11     4.54     3.59     0.694        0     11.2      12.7   container Transportation
    4     13.7     5.55     4.13     0.694        0     2.91      15.6    detector Transportation
    5     24.6     9.66     6.37     0.694        0     11.9      27.5   container Transportation
    6     26.5     10.4     6.76     0.312        0     2.05      29.5   container compt
    7     26.8     8.46       11     0.312        0     4.66      34.2       world Transportation
    8     29.9    -9.02       50     0.312        0     42.9        77  OutOfWorld Transportation

*********************************************************************************************************
* G4Track Information:   Particle = e-,   Track ID = 3,   Parent ID = 1
*********************************************************************************************************

Step#    X(mm)    Y(mm)    Z(mm) KinE(MeV)  dE(MeV) StepLeng TrackLeng  NextVolume ProcName
    0     26.5     10.4     6.76     0.382        0        0         0   container initStep
    1     26.7     10.5     6.71         0    0.382    0.579     0.579   container eIoni

*********************************************************************************************************
* G4Track Information:   Particle = e-,   Track ID = 2,   Parent ID = 1
*********************************************************************************************************

Step#    X(mm)    Y(mm)    Z(mm) KinE(MeV)  dE(MeV) StepLeng TrackLeng  NextVolume ProcName
    0   -0.208    0.322     1.29     0.306        0        0         0      source initStep
    1   -0.269   0.0578     1.49     0.228   0.0775    0.366     0.366      source msc
    2   -0.242    -0.17     1.68         0    0.228    0.559     0.926      source eIoni

*********************************************************************************************************
* G4Track Information:   Particle = gamma,   Track ID = 1,   Parent ID = 0
*********************************************************************************************************

Step#    X(mm)    Y(mm)    Z(mm) KinE(MeV)  dE(MeV) StepLeng TrackLeng  NextVolume ProcName
    0    0.888    0.321   -0.627         1        0        0         0      source initStep
    1    0.982    0.189   -0.964         1        0    0.374     0.374       world Transportation
    2     14.6      -19      -50         1        0     54.4      54.8  OutOfWorld Transportation

*********************************************************************************************************
* G4Track Information:   Particle = gamma,   Track ID = 1,   Parent ID = 0
*********************************************************************************************************

Step#    X(mm)    Y(mm)    Z(mm) KinE(MeV)  dE(MeV) StepLeng TrackLeng  NextVolume ProcName
    0   -0.151    0.319    0.838         1        0        0         0      source initStep
    1    -0.88   -0.476    0.992         1        0     1.09      1.09       world Transportation
    2    -46.3      -50     10.6         1        0     67.9        69  OutOfWorld Transportation

*********************************************************************************************************
* G4Track Information:   Particle = gamma,   Track ID = 1,   Parent ID = 0
*********************************************************************************************************

Step#    X(mm)    Y(mm)    Z(mm) KinE(MeV)  dE(MeV) StepLeng TrackLeng  NextVolume ProcName
    0    0.867    0.244    -2.04         1        0        0         0      source initStep
    1    0.951    0.309    -2.14         1        0    0.144     0.144       world Transportation
    2     42.4     32.4      -50         1        0       71      71.1  OutOfWorld Transportation

*********************************************************************************************************
* G4Track Information:   Particle = gamma,   Track ID = 1,   Parent ID = 0
*********************************************************************************************************

Step#    X(mm)    Y(mm)    Z(mm) KinE(MeV)  dE(MeV) StepLeng TrackLeng  NextVolume ProcName
    0   -0.561    0.509   -0.516         1        0        0         0      source initStep
    1   -0.502    0.865  0.00426         1        0    0.633     0.633       world Transportation
    2     5.15     35.1       50         1        0     60.8      61.5  OutOfWorld Transportation

*********************************************************************************************************
* G4Track Information:   Particle = gamma,   Track ID = 1,   Parent ID = 0
*********************************************************************************************************

Step#    X(mm)    Y(mm)    Z(mm) KinE(MeV)  dE(MeV) StepLeng TrackLeng  NextVolume ProcName
    0   -0.418    0.727    -1.27         1        0        0         0      source initStep
    1   -0.558     0.83    -1.52         1        0    0.305     0.305       world Transportation
    2    -27.9     20.8      -50         1        0     59.1      59.4  OutOfWorld Transportation

*********************************************************************************************************
* G4Track Information:   Particle = gamma,   Track ID = 1,   Parent ID = 0
*********************************************************************************************************

Step#    X(mm)    Y(mm)    Z(mm) KinE(MeV)  dE(MeV) StepLeng TrackLeng  NextVolume ProcName
    0    0.279   0.0339   -0.572         1        0        0         0      source initStep
    1    0.541   -0.535     -2.5         1        0     2.03      2.03       world Transportation
    2     6.98    -14.6      -50         1        0     49.9        52  OutOfWorld Transportation

*********************************************************************************************************
* G4Track Information:   Particle = gamma,   Track ID = 1,   Parent ID = 0
*********************************************************************************************************

Step#    X(mm)    Y(mm)    Z(mm) KinE(MeV)  dE(MeV) StepLeng TrackLeng  NextVolume ProcName
    0    0.803   -0.549    -2.05         1        0        0         0      source initStep
    1    0.955    0.297     -1.5         1        0     1.02      1.02       world Transportation
    2     9.88       50     30.4         1        0     59.7      60.7  OutOfWorld Transportation

*********************************************************************************************************
* G4Track Information:   Particle = gamma,   Track ID = 1,   Parent ID = 0
*********************************************************************************************************

Step#    X(mm)    Y(mm)    Z(mm) KinE(MeV)  dE(MeV) StepLeng TrackLeng  NextVolume ProcName
    0   -0.565    0.353    0.781         1        0        0         0      source initStep
    1   -0.224    0.975     1.11         1        0    0.781     0.781       world Transportation
    2     26.7       50     26.9         1        0     61.6      62.3  OutOfWorld Transportation

*********************************************************************************************************
* G4Track Information:   Particle = gamma,   Track ID = 1,   Parent ID = 0
*********************************************************************************************************

Step#    X(mm)    Y(mm)    Z(mm) KinE(MeV)  dE(MeV) StepLeng TrackLeng  NextVolume ProcName
    0    0.172   -0.345     1.32         1        0        0         0      source initStep
    1    0.921   -0.389     1.81         1        0    0.894     0.894       world Transportation
    2       11    -0.98     8.36         1        0       12      12.9   container Transportation
    3     12.1    -1.04     9.05         1        0     1.26      14.2    detector Transportation
    4     13.5    -1.13       10         1        0     1.75      15.9   container Transportation
    5     15.1    -1.22       11         1        0     1.84      17.8       world Transportation
    6       50    -3.26     33.7         1        0     41.7      59.5  OutOfWorld Transportation

*********************************************************************************************************
* G4Track Information:   Particle = gamma,   Track ID = 1,   Parent ID = 0
*********************************************************************************************************

Step#    X(mm)    Y(mm)    Z(mm) KinE(MeV)  dE(MeV) StepLeng TrackLeng  NextVolume ProcName
    0   -0.967   -0.242   -0.632         1        0        0         0      source initStep
    1    0.388    0.922    0.697         1        0     2.23      2.23       world Transportation
    2       50     43.5     49.4         1        0     81.5      83.7  OutOfWorld Transportation

*********************************************************************************************************
* G4Track Information:   Particle = gamma,   Track ID = 1,   Parent ID = 0
*********************************************************************************************************

Step#    X(mm)    Y(mm)    Z(mm) KinE(MeV)  dE(MeV) StepLeng TrackLeng  NextVolume ProcName
    0    0.297    0.365     1.94         1        0        0         0      source initStep
    1   -0.852    0.524   0.0259         1        0     2.24      2.24       world Transportation
    2    -30.9     4.68      -50         1        0     58.5      60.7  OutOfWorld Transportation

*********************************************************************************************************
* G4Track Information:   Particle = gamma,   Track ID = 1,   Parent ID = 0
*********************************************************************************************************

Step#    X(mm)    Y(mm)    Z(mm) KinE(MeV)  dE(MeV) StepLeng TrackLeng  NextVolume ProcName
    0   -0.302   -0.274   -0.818         1        0        0         0      source initStep
    1    0.514   -0.858   -0.758         1        0     1.01      1.01       world Transportation
    2       11    -8.37  0.00319         1        0     12.9      13.9   container Transportation
    3     14.7      -11     0.27         1        0     4.53      18.5       world Transportation
    4       50    -36.3     2.84         1        0     43.5        62  OutOfWorld Transportation

*********************************************************************************************************
* G4Track Information:   Particle = gamma,   Track ID = 1,   Parent ID = 0
*********************************************************************************************************

Step#    X(mm)    Y(mm)    Z(mm) KinE(MeV)  dE(MeV) StepLeng TrackLeng  NextVolume ProcName
    0     0.75   -0.606     2.12         1        0        0         0      source initStep
    1    0.783   -0.623     2.11         1        0   0.0391    0.0391       world Transportation
    2       11    -5.69    -2.12         1        0     12.2      12.2   container Transportation
    3       17    -8.68    -4.61         1        0     7.18      19.4    detector Transportation
    4     18.1    -9.21    -5.06         1        0     1.28      20.7   container Transportation
    5     21.7      -11    -6.55         1        0      4.3        25       world Transportation
    6       50      -25    -18.3         1        0     33.7      58.6  OutOfWorld Transportation

*********************************************************************************************************
* G4Track Information:   Particle = gamma,   Track ID = 1,   Parent ID = 0
*********************************************************************************************************

Step#    X(mm)    Y(mm)    Z(mm) KinE(MeV)  dE(MeV) StepLeng TrackLeng  NextVolume ProcName
    0    0.661     0.13    -1.59         1        0        0         0      source initStep
    1    0.906    0.423     -1.4         1        0     0.43      0.43       world Transportation
    2     42.2       50     32.1         1        0     72.7      73.1  OutOfWorld Transportation

*********************************************************************************************************
* G4Track Information:   Particle = gamma,   Track ID = 1,   Parent ID = 0
*********************************************************************************************************

Step#    X(mm)    Y(mm)    Z(mm) KinE(MeV)  dE(MeV) StepLeng TrackLeng  NextVolume ProcName
    0    0.286    0.626    0.197         1        0        0         0      source initStep
    1    0.874    0.487    0.569         1        0     0.71      0.71       world Transportation
    2       11    -1.92     6.99         1        0     12.2      12.9   container Transportation
    3     12.2    -2.21     7.78         1        0     1.51      14.4    detector Transportation
    4     15.7    -3.05       10         1        0     4.23      18.7   container Transportation
    5     17.3    -3.42       11         1        0      1.9      20.6       world Transportation
    6       50    -11.2     31.7         1        0     39.5        60  OutOfWorld Transportation

*********************************************************************************************************
* G4Track Information:   Particle = gamma,   Track ID = 1,   Parent ID = 0
*********************************************************************************************************

Step#    X(mm)    Y(mm)    Z(mm) KinE(MeV)  dE(MeV) StepLeng TrackLeng  NextVolume ProcName
    0    0.804    0.152    -1.84         1        0        0         0      source initStep
    1    -0.92   -0.392    0.765         1        0     3.17      3.17       world Transportation
    2    -33.5    -10.7       50         1        0     59.9      63.1  OutOfWorld Transportation

*********************************************************************************************************
* G4Track Information:   Particle = gamma,   Track ID = 1,   Parent ID = 0
*********************************************************************************************************

Step#    X(mm)    Y(mm)    Z(mm) KinE(MeV)  dE(MeV) StepLeng TrackLeng  NextVolume ProcName
    0    -0.95  -0.0349    -1.23         1        0        0         0      source initStep
    1   -0.474    0.417     -2.5         1        0     1.43      1.43       world Transportation
    2     17.4     17.4      -50         1        0     53.5      54.9  OutOfWorld Transportation

*********************************************************************************************************
* G4Track Information:   Particle = gamma,   Track ID = 1,   Parent ID = 0
*********************************************************************************************************

Step#    X(mm)    Y(mm)    Z(mm) KinE(MeV)  dE(MeV) StepLeng TrackLeng  NextVolume ProcName
    0    0.614   -0.523    -1.66         1        0        0         0      source initStep
    1   0.0828   -0.715     -2.5         1        0     1.01      1.01       world Transportation
    2    -30.1    -11.7      -50         1        0     57.4      58.4  OutOfWorld Transportation

*********************************************************************************************************
* G4Track Information:   Particle = gamma,   Track ID = 1,   Parent ID = 0
*********************************************************************************************************

Step#    X(mm)    Y(mm)    Z(mm) KinE(MeV)  dE(MeV) StepLeng TrackLeng  NextVolume ProcName
    0   -0.355    0.563    0.655         1        0        0         0      source initStep
    1    0.921     0.39    0.283         1        0     1.34      1.34       world Transportation
    2       11   -0.978    -2.65         1        0     10.6      11.9   container Transportation
    3     12.1    -1.12    -2.96         1        0     1.12        13    detector Transportation
    4     23.6    -2.69    -6.33     0.678        0     12.2      25.2    detector compt
    5     26.2    -4.66      -10     0.678        0     4.88      30.1   container Transportation
    6     26.9    -5.19      -11     0.678        0     1.33      31.4       world Transportation
    7       50      -23    -44.3     0.678        0     44.3      75.7  OutOfWorld Transportation

*********************************************************************************************************
* G4Track Information:   Particle = e-,   Track ID = 2,   Parent ID = 1
*********************************************************************************************************

Step#    X(mm)    Y(mm)    Z(mm) KinE(MeV)  dE(MeV) StepLeng TrackLeng  NextVolume ProcName
    0     23.6    -2.69    -6.33     0.322        0        0         0    detector initStep
    1     23.8    -2.66    -6.27         0    0.322    0.506     0.506    detector eIoni

*********************************************************************************************************
* G4Track Information:   Particle = gamma,   Track ID = 1,   Parent ID = 0
*********************************************************************************************************

Step#    X(mm)    Y(mm)    Z(mm) KinE(MeV)  dE(MeV) StepLeng TrackLeng  NextVolume ProcName
    0     0.22    0.965     2.12         1        0        0         0      source initStep
    1    0.193    0.981     2.19         1        0   0.0711    0.0711       world Transportation
    2    -19.9     12.9       50         1        0     53.2      53.3  OutOfWorld Transportation

*********************************************************************************************************
* G4Track Information:   Particle = gamma,   Track ID = 1,   Parent ID = 0
*********************************************************************************************************

Step#    X(mm)    Y(mm)    Z(mm) KinE(MeV)  dE(MeV) StepLeng TrackLeng  NextVolume ProcName
    0   -0.359   -0.559    0.415         1        0        0         0      source initStep
    1   -0.313     0.95    0.712         1        0     1.54      1.54       world Transportation
    2     1.17       50     10.4         1        0       50      51.6  OutOfWorld Transportation

*********************************************************************************************************
* G4Track Information:   Particle = gamma,   Track ID = 1,   Parent ID = 0
*********************************************************************************************************

Step#    X(mm)    Y(mm)    Z(mm) KinE(MeV)  dE(MeV) StepLeng TrackLeng  NextVolume ProcName
    0    0.271    0.822    -1.81         1        0        0         0      source initStep
    1   0.0752    0.997    -2.11         1        0    0.401     0.401       world Transportation
    2    -30.8     28.7      -50         1        0     63.4      63.8  OutOfWorld Transportation

*********************************************************************************************************
* G4Track Information:   Particle = gamma,   Track ID = 1,   Parent ID = 0
*********************************************************************************************************

Step#    X(mm)    Y(mm)    Z(mm) KinE(MeV)  dE(MeV) StepLeng TrackLeng  NextVolume ProcName
    0   -0.503    0.149     1.36         1        0        0         0      source initStep
    1   -0.368     0.93  -0.0806         1        0     1.64      1.64       world Transportation
    2      4.3       28      -50         1        0       57      58.6  OutOfWorld Transportation

*********************************************************************************************************
* G4Track Information:   Particle = gamma,   Track ID = 1,   Parent ID = 0
*********************************************************************************************************

Step#    X(mm)    Y(mm)    Z(mm) KinE(MeV)  dE(MeV) StepLeng TrackLeng  NextVolume ProcName
    0   -0.939    0.281     1.97         1        0        0         0      source initStep
    1    0.481    0.877      2.2         1        0     1.56      1.56       world Transportation
    2       11     5.29     3.95         1        0     11.5      13.1   container Transportation
    3     14.7     6.84     4.57         1        0     4.07      17.2    detector Transportation
    4     22.2       10     5.82         1        0     8.26      25.4   container Transportation
    5     24.6       11     6.22         1        0     2.62        28       world Transportation
    6       50     21.6     10.4         1        0     27.8      55.9  OutOfWorld Transportation

*********************************************************************************************************
* G4Track Information:   Particle = gamma,   Track ID = 1,   Parent ID = 0
*********************************************************************************************************

Step#    X(mm)    Y(mm)    Z(mm) KinE(MeV)  dE(MeV) StepLeng TrackLeng  NextVolume ProcName
    0   -0.728   -0.508    -1.23         1        0        0         0      source initStep
    1    0.974   -0.228  -0.0204         1        0     2.11      2.11       world Transportation
    2       11     1.42     7.12         1        0     12.4      14.5   container Transportation
    3     12.1     1.61     7.93         1        0      1.4      15.9    detector Transportation
    4       15     2.09       10         1        0      3.6      19.5   container Transportation
    5     16.4     2.32       11         1        0     1.74      21.3       world Transportation
    6       50     7.84     34.9         1        0     41.6      62.8  OutOfWorld Transportation

*********************************************************************************************************
* G4Track Information:   Particle = gamma,   Track ID = 1,   Parent ID = 0
*********************************************************************************************************

Step#    X(mm)    Y(mm)    Z(mm) KinE(MeV)  dE(MeV) StepLeng TrackLeng  NextVolume ProcName
    0    0.523  -0.0313  -0.0994         1        0        0         0      source initStep
    1   -0.835     0.55     1.75         1        0     2.37      2.37       world Transportation
    2    -36.3     15.7       50         1        0     61.7      64.1  OutOfWorld Transportation

*********************************************************************************************************
* G4Track Information:   Particle = gamma,   Track ID = 1,   Parent ID = 0
*********************************************************************************************************

Step#    X(mm)    Y(mm)    Z(mm) KinE(MeV)  dE(MeV) StepLeng TrackLeng  NextVolume ProcName
    0   -0.201    0.446     1.78         1        0        0         0      source initStep
    1   -0.992    0.125     1.54         1        0    0.887     0.887       world Transportation
    2      -50    -19.8    -13.3         1        0     54.9      55.8  OutOfWorld Transportation

*********************************************************************************************************
* G4Track Information:   Particle = gamma,   Track ID = 1,   Parent ID = 0
*********************************************************************************************************

Step#    X(mm)    Y(mm)    Z(mm) KinE(MeV)  dE(MeV) StepLeng TrackLeng  NextVolume ProcName
    0   -0.511   -0.103   -0.462         1        0        0         0      source initStep
    1    0.792    -0.61     1.73         1        0      2.6       2.6       world Transportation
    2     29.5    -11.8       50         1        0     57.2      59.8  OutOfWorld Transportation

*********************************************************************************************************
* G4Track Information:   Particle = gamma,   Track ID = 1,   Parent ID = 0
*********************************************************************************************************

Step#    X(mm)    Y(mm)    Z(mm) KinE(MeV)  dE(MeV) StepLeng TrackLeng  NextVolume ProcName
    0    0.162    0.772    0.821         1        0        0         0      source initStep
    1     0.38    0.925    0.744         1        0    0.277     0.277       world Transportation
    2       11     8.34    -3.03         1        0     13.5      13.8   container Transportation
    3     14.8       11    -4.38         1        0     4.84      18.6       world Transportation
    4       50     35.6    -16.9         1        0     44.7      63.3  OutOfWorld Transportation

*********************************************************************************************************
* G4Track Information:   Particle = gamma,   Track ID = 1,   Parent ID = 0
*********************************************************************************************************

Step#    X(mm)    Y(mm)    Z(mm) KinE(MeV)  dE(MeV) StepLeng TrackLeng  NextVolume ProcName
    0    0.272    0.604   -0.772         1        0        0         0      source initStep
    1   -0.495   -0.869    -1.47         1        0      1.8       1.8       world Transportation
    2    -26.1      -50    -24.6         1        0       60      61.8  OutOfWorld Transportation

*********************************************************************************************************
* G4Track Information:   Particle = gamma,   Track ID = 1,   Parent ID = 0
*********************************************************************************************************

Step#    X(mm)    Y(mm)    Z(mm) KinE(MeV)  dE(MeV) StepLeng TrackLeng  NextVolume ProcName
    0   -0.188    0.748     -2.2         1        0        0         0      source initStep
    1   -0.647    0.763    -1.67         1        0    0.696     0.696       world Transportation
    2      -46     2.17       50         1        0     68.7      69.4  OutOfWorld Transportation

*********************************************************************************************************
* G4Track Information:   Particle = gamma,   Track ID = 1,   Parent ID = 0
*********************************************************************************************************

Step#    X(mm)    Y(mm)    Z(mm) KinE(MeV)  dE(MeV) StepLeng TrackLeng  NextVolume ProcName
    0    0.945    0.294    0.721         1        0        0         0      source initStep
    1    0.958    0.288    0.724         1        0   0.0141    0.0141       world Transportation
    2       11    -4.48     3.03         1        0     11.4      11.4   container Transportation
    3     13.9    -5.85     3.69         1        0     3.27      14.6    detector Transportation
    4     22.6    -9.98     5.68         1        0     9.84      24.5   container Transportation
    5     24.7      -11     6.17         1        0     2.42      26.9       world Transportation
    6       50      -23       12         1        0     28.6      55.5  OutOfWorld Transportation

*********************************************************************************************************
* G4Track Information:   Particle = gamma,   Track ID = 1,   Parent ID = 0
*********************************************************************************************************

Step#    X(mm)    Y(mm)    Z(mm) KinE(MeV)  dE(MeV) StepLeng TrackLeng  NextVolume ProcName
    0   -0.232    0.925    -2.29         1        0        0         0      source initStep
    1   -0.237    0.971    -2.25         1        0   0.0605    0.0605       world Transportation
    2     -5.5       50     37.7         1        0     63.5      63.5  OutOfWorld Transportation

*********************************************************************************************************
* G4Track Information:   Particle = gamma,   Track ID = 1,   Parent ID = 0
*********************************************************************************************************

Step#    X(mm)    Y(mm)    Z(mm) KinE(MeV)  dE(MeV) StepLeng TrackLeng  NextVolume ProcName
    0    0.264   -0.516      2.3         1        0        0         0      source initStep
    1   -0.875   -0.484     1.61         1        0     1.34      1.34       world Transportation
    2      -50    0.902    -28.5         1        0     57.6        59  OutOfWorld Transportation

*********************************************************************************************************
* G4Track Information:   Particle = gamma,   Track ID = 1,   Parent ID = 0
*********************************************************************************************************

Step#    X(mm)    Y(mm)    Z(mm) KinE(MeV)  dE(MeV) StepLeng TrackLeng  NextVolume ProcName
    0    -0.72    -0.33     1.18         1        0        0         0      source initStep
    1   0.0139        1     1.87         1        0     1.67      1.67       world Transportation
    2     27.1       50     27.1         1        0     61.4      63.1  OutOfWorld Transportation

*********************************************************************************************************
* G4Track Information:   Particle = gamma,   Track ID = 1,   Parent ID = 0
*********************************************************************************************************

Step#    X(mm)    Y(mm)    Z(mm) KinE(MeV)  dE(MeV) StepLeng TrackLeng  NextVolume ProcName
    0    0.328    0.346    -2.14         1        0        0         0      source initStep
    1   -0.873    0.488    -1.67         1        0      1.3       1.3       world Transportation
    2      -50     6.29     17.5         1        0       53      54.3  OutOfWorld Transportation

*********************************************************************************************************
* G4Track Information:   Particle = gamma,   Track ID = 1,   Parent ID = 0
*********************************************************************************************************

Step#    X(mm)    Y(mm)    Z(mm) KinE(MeV)  dE(MeV) StepLeng TrackLeng  NextVolume ProcName
    0     0.62   -0.708    -2.12         1        0        0         0      source initStep
    1        1   0.0198  -0.0838         1        0      2.2       2.2       world Transportation
    2     10.3     17.9       50         1        0       54      56.2  OutOfWorld Transportation

*********************************************************************************************************
* G4Track Information:   Particle = gamma,   Track ID = 1,   Parent ID = 0
*********************************************************************************************************

Step#    X(mm)    Y(mm)    Z(mm) KinE(MeV)  dE(MeV) StepLeng TrackLeng  NextVolume ProcName
    0     0.62  -0.0406    0.592         1        0        0         0      source initStep
    1    0.815   -0.579    0.477         1        0    0.584     0.584       world Transportation
    2     18.7      -50    -10.1         1        0     53.6      54.2  OutOfWorld Transportation

*********************************************************************************************************
* G4Track Information:   Particle = gamma,   Track ID = 1,   Parent ID = 0
*********************************************************************************************************

Step#    X(mm)    Y(mm)    Z(mm) KinE(MeV)  dE(MeV) StepLeng TrackLeng  NextVolume ProcName
    0    0.466    0.118     2.24         1        0        0         0      source initStep
    1    0.793    0.117      2.5         1        0    0.417     0.417       world Transportation
    2       11   0.0838     10.6         1        0     13.1      13.5   container Transportation
    3     11.5   0.0824       11         1        0     0.58      14.1       world Transportation
    4       50  -0.0428     41.7         1        0     49.3      63.4  OutOfWorld Transportation

*********************************************************************************************************
* G4Track Information:   Particle = gamma,   Track ID = 1,   Parent ID = 0
*********************************************************************************************************

Step#    X(mm)    Y(mm)    Z(mm) KinE(MeV)  dE(MeV) StepLeng TrackLeng  NextVolume ProcName
    0    0.416    -0.72    0.962         1        0        0         0      source initStep
    1    0.864   -0.504    0.897         1        0    0.502     0.502       world Transportation
    2       11     4.41   -0.574         1        0     11.4      11.9   container Transportation
    3     13.8     5.78   -0.986         1        0     3.19        15    detector Transportation
    4     22.5     9.99    -2.24         1        0     9.72      24.8   container Transportation
    5     24.6       11    -2.55         1        0     2.34      27.1       world Transportation
    6       50     23.3    -6.23         1        0     28.5      55.6  OutOfWorld Transportation

*********************************************************************************************************
* G4Track Information:   Particle = gamma,   Track ID = 1,   Parent ID = 0
*********************************************************************************************************

Step#    X(mm)    Y(mm)    Z(mm) KinE(MeV)  dE(MeV) StepLeng TrackLeng  NextVolume ProcName
    0   -0.835   -0.378     -0.6         1        0        0         0      source initStep
    1  -0.0642   -0.998   -0.543         1        0    0.991     0.991       world Transportation
    2       11    -9.89     0.28         1        0     14.2      15.2   container Transportation
    3     12.4      -11    0.383         1        0     1.78        17       world Transportation
    4       50    -41.2     3.18         1        0     48.3      65.3  OutOfWorld Transportation

*********************************************************************************************************
* G4Track Information:   Particle = gamma,   Track ID = 1,   Parent ID = 0
*********************************************************************************************************

Step#    X(mm)    Y(mm)    Z(mm) KinE(MeV)  dE(MeV) StepLeng TrackLeng  NextVolume ProcName
    0   -0.878   -0.147    0.392         1        0        0         0      source initStep
    1   -0.988   -0.155    0.452         1        0    0.125     0.125       world Transportation
    2      -50    -3.61     26.8         1        0     55.8      55.9  OutOfWorld Transportation

*********************************************************************************************************
* G4Track Information:   Particle = gamma,   Track ID = 1,   Parent ID = 0
*********************************************************************************************************

Step#    X(mm)    Y(mm)    Z(mm) KinE(MeV)  dE(MeV) StepLeng TrackLeng  NextVolume ProcName
    0    0.542   0.0537     0.58         1        0        0         0      source initStep
    1   -0.492    0.871     1.82         1        0     1.81      1.81       world Transportation
    2    -40.7     32.6       50         1        0     70.3      72.2  OutOfWorld Transportation

*********************************************************************************************************
* G4Track Information:   Particle = gamma,   Track ID = 1,   Parent ID = 0
*********************************************************************************************************

Step#    X(mm)    Y(mm)    Z(mm) KinE(MeV)  dE(MeV) StepLeng TrackLeng  NextVolume ProcName
    0   -0.624   0.0743     2.03         1        0        0         0      source initStep
    1   0.0541   -0.999     1.74         1        0      1.3       1.3       world Transportation
    2       31      -50    -11.6         1        0     59.5      60.8  OutOfWorld Transportation

*********************************************************************************************************
* G4Track Information:   Particle = gamma,   Track ID = 1,   Parent ID = 0
*********************************************************************************************************

Step#    X(mm)    Y(mm)    Z(mm) KinE(MeV)  dE(MeV) StepLeng TrackLeng  NextVolume ProcName
    0   -0.834  0.00582     2.21         1        0        0         0      source initStep
    1   -0.721   -0.085      2.5         1        0    0.325     0.325       world Transportation
    2     17.7    -14.9       50         1        0     53.1      53.4  OutOfWorld Transportation

*********************************************************************************************************
* G4Track Information:   Particle = gamma,   Track ID = 1,   Parent ID = 0
*********************************************************************************************************

Step#    X(mm)    Y(mm)    Z(mm) KinE(MeV)  dE(MeV) StepLeng TrackLeng  NextVolume ProcName
    0    -0.26    0.579     1.13         1        0        0         0      source initStep
    1    0.386    0.923     2.31         1        0     1.39      1.39       world Transportation
    2     26.5     14.8       50         1        0     56.1      57.5  OutOfWorld Transportation

*********************************************************************************************************
* G4Track Information:   Particle = gamma,   Track ID = 1,   Parent ID = 0
*********************************************************************************************************

Step#    X(mm)    Y(mm)    Z(mm) KinE(MeV)  dE(MeV) StepLeng TrackLeng  NextVolume ProcName
    0   -0.477   -0.254    0.842         1        0        0         0      source initStep
    1   -0.161   -0.987    0.844         1        0    0.798     0.798       world Transportation
    2       21      -50    0.945         1        0     53.4      54.2  OutOfWorld Transportation

*********************************************************************************************************
* G4Track Information:   Particle = gamma,   Track ID = 1,   Parent ID = 0
*********************************************************************************************************

Step#    X(mm)    Y(mm)    Z(mm) KinE(MeV)  dE(MeV) StepLeng TrackLeng  NextVolume ProcName
    0    0.472   -0.448   -0.616         1        0        0         0      source initStep
    1   -0.996  -0.0868     1.77         1        0     2.83      2.83       world Transportation
    2    -30.6      7.2       50         1        0     57.1      59.9  OutOfWorld Transportation

*********************************************************************************************************
* G4Track Information:   Particle = gamma,   Track ID = 1,   Parent ID = 0
*********************************************************************************************************

Step#    X(mm)    Y(mm)    Z(mm) KinE(MeV)  dE(MeV) StepLeng TrackLeng  NextVolume ProcName
    0    0.376    -0.75    -2.39         1        0        0         0      source initStep
    1     0.17   -0.327     -2.5         1        0    0.483     0.483       world Transportation
    2    -24.3       50    -15.7         1        0     57.5        58  OutOfWorld Transportation

*********************************************************************************************************
* G4Track Information:   Particle = gamma,   Track ID = 1,   Parent ID = 0
*********************************************************************************************************

Step#    X(mm)    Y(mm)    Z(mm) KinE(MeV)  dE(MeV) StepLeng TrackLeng  NextVolume ProcName
    0    0.649    0.629      1.1         1        0        0         0      source initStep
    1    0.375    0.813      2.5         1        0     1.44      1.44       world Transportation
    2    -8.95     7.09       50         1        0     48.8      50.2  OutOfWorld Transportation

*********************************************************************************************************
* G4Track Information:   Particle = gamma,   Track ID = 1,   Parent ID = 0
*********************************************************************************************************

Step#    X(mm)    Y(mm)    Z(mm) KinE(MeV)  dE(MeV) StepLeng TrackLeng  NextVolume ProcName
    0   -0.245   -0.452     2.27         1        0        0         0      source initStep
    1    0.852    0.523     1.79         1        0     1.54      1.54       world Transportation
    2       11     9.54    -2.61         1        0     14.3      15.8   container Transportation
    3     12.6       11    -3.33         1        0     2.31      18.1       world Transportation
    4       50     44.2    -19.6         1        0     52.5      70.7  OutOfWorld Transportation

*********************************************************************************************************
* G4Track Information:   Particle = gamma,   Track ID = 1,   Parent ID = 0
*********************************************************************************************************

Step#    X(mm)    Y(mm)    Z(mm) KinE(MeV)  dE(MeV) StepLeng TrackLeng  NextVolume ProcName
    0     -0.3    0.669     2.17         1        0        0         0      source initStep
    1   -0.355   -0.935    0.524         1        0      2.3       2.3       world Transportation
    2    -2.05      -50    -49.9         1        0     70.4      72.7  OutOfWorld Transportation

*********************************************************************************************************
* G4Track Information:   Particle = gamma,   Track ID = 1,   Parent ID = 0
*********************************************************************************************************

Step#    X(mm)    Y(mm)    Z(mm) KinE(MeV)  dE(MeV) StepLeng TrackLeng  NextVolume ProcName
    0    -0.99  -0.0593     2.39         1        0        0         0      source initStep
    1   -0.996  -0.0915     2.39         1        0   0.0326    0.0326       world Transportation
    2    -9.24      -50     1.72         1        0     50.6      50.6  OutOfWorld Transportation

*********************************************************************************************************
* G4Track Information:   Particle = gamma,   Track ID = 1,   Parent ID = 0
*********************************************************************************************************

Step#    X(mm)    Y(mm)    Z(mm) KinE(MeV)  dE(MeV) StepLeng TrackLeng  NextVolume ProcName
    0   -0.595   -0.387   -0.838         1        0        0         0      source initStep
    1    0.727   -0.169     -2.5         1        0     2.13      2.13       world Transportation
    2     38.5     6.09      -50         1        0       61      63.1  OutOfWorld Transportation

*********************************************************************************************************
* G4Track Information:   Particle = gamma,   Track ID = 1,   Parent ID = 0
*********************************************************************************************************

Step#    X(mm)    Y(mm)    Z(mm) KinE(MeV)  dE(MeV) StepLeng TrackLeng  NextVolume ProcName
    0   0.0494    0.276    0.346         1        0        0         0      source initStep
    1   -0.916    0.402   -0.715         1        0     1.44      1.44       world Transportation
    2    -45.7     6.23      -50         1        0     66.9      68.3  OutOfWorld Transportation

*********************************************************************************************************
* G4Track Information:   Particle = gamma,   Track ID = 1,   Parent ID = 0
*********************************************************************************************************

Step#    X(mm)    Y(mm)    Z(mm) KinE(MeV)  dE(MeV) StepLeng TrackLeng  NextVolume ProcName
    0   0.0645    0.319     2.31         1        0        0         0      source initStep
    1       -1  -0.0242     1.88         1        0      1.2       1.2       world Transportation
    2      -50    -15.8    -18.1         1        0     55.2      56.4  OutOfWorld Transportation

*********************************************************************************************************
* G4Track Information:   Particle = gamma,   Track ID = 1,   Parent ID = 0
*********************************************************************************************************

Step#    X(mm)    Y(mm)    Z(mm) KinE(MeV)  dE(MeV) StepLeng TrackLeng  NextVolume ProcName
    0    -0.26    -0.52    -2.16         1        0        0         0      source initStep
    1   -0.351   -0.936    -2.21         1        0    0.429     0.429       world Transportation
    2    -11.1      -50    -7.95         1        0     50.6        51  OutOfWorld Transportation

*********************************************************************************************************
* G4Track Information:   Particle = gamma,   Track ID = 1,   Parent ID = 0
*********************************************************************************************************

Step#    X(mm)    Y(mm)    Z(mm) KinE(MeV)  dE(MeV) StepLeng TrackLeng  NextVolume ProcName
    0    -0.12   -0.576   -0.657         1        0        0         0      source initStep
    1    0.343   -0.939   0.0932         1        0    0.954     0.954       world Transportation
    2     31.2    -25.1       50         1        0     63.4      64.4  OutOfWorld Transportation

*********************************************************************************************************
* G4Track Information:   Particle = gamma,   Track ID = 1,   Parent ID = 0
*********************************************************************************************************

Step#    X(mm)    Y(mm)    Z(mm) KinE(MeV)  dE(MeV) StepLeng TrackLeng  NextVolume ProcName
    0    0.328   -0.191    -1.65         1        0        0         0      source initStep
    1    0.854     0.52    -1.76         1        0    0.891     0.891       world Transportation
    2     37.5       50    -9.23         1        0       62      62.9  OutOfWorld Transportation

*********************************************************************************************************
* G4Track Information:   Particle = gamma,   Track ID = 1,   Parent ID = 0
*********************************************************************************************************

Step#    X(mm)    Y(mm)    Z(mm) KinE(MeV)  dE(MeV) StepLeng TrackLeng  NextVolume ProcName
    0   -0.419    0.659     1.28         1        0        0         0      source initStep
    1   -0.596   -0.803    -1.18         1        0     2.86      2.86       world Transportation
    2    -4.12    -29.9      -50         1        0     56.9      59.8  OutOfWorld Transportation

*********************************************************************************************************
* G4Track Information:   Particle = gamma,   Track ID = 1,   Parent ID = 0
*********************************************************************************************************

Step#    X(mm)    Y(mm)    Z(mm) KinE(MeV)  dE(MeV) StepLeng TrackLeng  NextVolume ProcName
    0    0.569     0.17   -0.115         1        0        0         0      source initStep
    1    0.961    0.276   0.0734         1        0    0.448     0.448       world Transportation
    2       11     2.98      4.9         1        0     11.5      11.9   container Transportation
    3     12.6     3.41     5.67         1        0     1.83      13.7    detector Transportation
    4     21.6     5.83       10         1        0     10.3        24   container Transportation
    5     23.7     6.39       11         1        0     2.38      26.4       world Transportation
    6       50     13.5     23.6         1        0       30      56.4  OutOfWorld Transportation

*********************************************************************************************************
* G4Track Information:   Particle = gamma,   Track ID = 1,   Parent ID = 0
*********************************************************************************************************

Step#    X(mm)    Y(mm)    Z(mm) KinE(MeV)  dE(MeV) StepLeng TrackLeng  NextVolume ProcName
    0   -0.347   -0.229    -1.41         1        0        0         0      source initStep
    1   -0.735   -0.678    -2.35         1        0     1.12      1.12       world Transportation
    2    -20.3    -23.3      -50         1        0     56.2      57.4  OutOfWorld Transportation

*********************************************************************************************************
* G4Track Information:   Particle = gamma,   Track ID = 1,   Parent ID = 0
*********************************************************************************************************

Step#    X(mm)    Y(mm)    Z(mm) KinE(MeV)  dE(MeV) StepLeng TrackLeng  NextVolume ProcName
    0   -0.284  0.00428     2.09         1        0        0         0      source initStep
    1   -0.908   -0.418      1.6         1        0    0.899     0.899       world Transportation
    2      -50    -33.6      -37         1        0     70.7      71.6  OutOfWorld Transportation

*********************************************************************************************************
* G4Track Information:   Particle = gamma,   Track ID = 1,   Parent ID = 0
*********************************************************************************************************

Step#    X(mm)    Y(mm)    Z(mm) KinE(MeV)  dE(MeV) StepLeng TrackLeng  NextVolume ProcName
    0  -0.0114    -0.44    0.224         1        0        0         0      source initStep
    1   -0.138    -0.99     0.73         1        0    0.758     0.758       world Transportation
    2    -11.4      -50     45.8         1        0     67.5      68.3  OutOfWorld Transportation

*********************************************************************************************************
* G4Track Information:   Particle = gamma,   Track ID = 1,   Parent ID = 0
*********************************************************************************************************

Step#    X(mm)    Y(mm)    Z(mm) KinE(MeV)  dE(MeV) StepLeng TrackLeng  NextVolume ProcName
    0    0.244   -0.446     2.35         1        0        0         0      source initStep
    1   -0.937    0.348      2.1         1        0     1.44      1.44       world Transportation
    2      -50     33.4    -8.24         1        0       60      61.5  OutOfWorld Transportation

*********************************************************************************************************
* G4Track Information:   Particle = gamma,   Track ID = 1,   Parent ID = 0
*********************************************************************************************************

Step#    X(mm)    Y(mm)    Z(mm) KinE(MeV)  dE(MeV) StepLeng TrackLeng  NextVolume ProcName
    0    0.622    0.113    0.273         1        0        0         0      source initStep
    1   -0.789   -0.614     1.56         1        0     2.04      2.04       world Transportation
    2      -50      -26     46.3         1        0     71.2      73.2  OutOfWorld Transportation

*********************************************************************************************************
* G4Track Information:   Particle = gamma,   Track ID = 1,   Parent ID = 0
*********************************************************************************************************

Step#    X(mm)    Y(mm)    Z(mm) KinE(MeV)  dE(MeV) StepLeng TrackLeng  NextVolume ProcName
    0    0.465   -0.744    -2.34         1        0        0         0      source initStep
    1    0.706   -0.708    -2.07         1        0    0.369     0.369       world Transportation
    2       11    0.836     9.75         1        0     15.7      16.1   container Transportation
    3     12.1    0.999       11         1        0     1.66      17.8       world Transportation
    4     46.1     6.09       50         1        0       52      69.8  OutOfWorld Transportation

*********************************************************************************************************
* G4Track Information:   Particle = gamma,   Track ID = 1,   Parent ID = 0
*********************************************************************************************************

Step#    X(mm)    Y(mm)    Z(mm) KinE(MeV)  dE(MeV) StepLeng TrackLeng  NextVolume ProcName
    0    0.692    0.709      1.5         1        0        0         0      source initStep
    1    0.697    0.717      1.5         1        0  0.00996   0.00996       world Transportation
    2     36.1       50    -22.2         1        0     65.1      65.1  OutOfWorld Transportation

*********************************************************************************************************
* G4Track Information:   Particle = gamma,   Track ID = 1,   Parent ID = 0
*********************************************************************************************************

Step#    X(mm)    Y(mm)    Z(mm) KinE(MeV)  dE(MeV) StepLeng TrackLeng  NextVolume ProcName
    0    0.742    0.206   -0.741         1        0        0         0      source initStep
    1   -0.442   -0.897    0.036         1        0     1.79      1.79       world Transportation
    2      -50    -47.1     32.6         1        0     75.1      76.9  OutOfWorld Transportation

*********************************************************************************************************
* G4Track Information:   Particle = gamma,   Track ID = 1,   Parent ID = 0
*********************************************************************************************************

Step#    X(mm)    Y(mm)    Z(mm) KinE(MeV)  dE(MeV) StepLeng TrackLeng  NextVolume ProcName
    0    -0.16   -0.238     1.43         1        0        0         0      source initStep
    1   0.0687    0.998     2.18         1        0     1.46      1.46       world Transportation
    2     9.15       50     31.8         1        0       58      59.4  OutOfWorld Transportation

*********************************************************************************************************
* G4Track Information:   Particle = gamma,   Track ID = 1,   Parent ID = 0
*********************************************************************************************************

Step#    X(mm)    Y(mm)    Z(mm) KinE(MeV)  dE(MeV) StepLeng TrackLeng  NextVolume ProcName
    0   -0.619   -0.356     1.98         1        0        0         0      source initStep
    1   -0.635   0.0903      2.5         1        0    0.686     0.686       world Transportation
    2    -2.17     40.8       50         1        0     62.6      63.3  OutOfWorld Transportation

*********************************************************************************************************
* G4Track Information:   Particle = gamma,   Track ID = 1,   Parent ID = 0
*********************************************************************************************************

Step#    X(mm)    Y(mm)    Z(mm) KinE(MeV)  dE(MeV) StepLeng TrackLeng  NextVolume ProcName
    0  -0.0841   -0.941     1.04         1        0        0         0      source initStep
    1   -0.109   -0.994    0.984         1        0   0.0826    0.0826       world Transportation
    2    -21.9      -48      -50         1        0     72.7      72.8  OutOfWorld Transportation

*********************************************************************************************************
* G4Track Information:   Particle = gamma,   Track ID = 1,   Parent ID = 0
*********************************************************************************************************

Step#    X(mm)    Y(mm)    Z(mm) KinE(MeV)  dE(MeV) StepLeng TrackLeng  NextVolume ProcName
    0   -0.059   0.0669    -1.17         1        0        0         0      source initStep
    1   -0.681   -0.732     -2.2         1        0     1.44      1.44       world Transportation
    2    -29.6    -37.9      -50         1        0     67.1      68.6  OutOfWorld Transportation

*********************************************************************************************************
* G4Track Information:   Particle = gamma,   Track ID = 1,   Parent ID = 0
*********************************************************************************************************

Step#    X(mm)    Y(mm)    Z(mm) KinE(MeV)  dE(MeV) StepLeng TrackLeng  NextVolume ProcName
    0    0.469   0.0795    -2.33         1        0        0         0      source initStep
    1    0.897   -0.441    -2.05         1        0    0.729     0.729       world Transportation
    2     41.7      -50     24.2         1        0     69.3      70.1  OutOfWorld Transportation

*********************************************************************************************************
* G4Track Information:   Particle = gamma,   Track ID = 1,   Parent ID = 0
*********************************************************************************************************

Step#    X(mm)    Y(mm)    Z(mm) KinE(MeV)  dE(MeV) StepLeng TrackLeng  NextVolume ProcName
    0   -0.546    -0.63   0.0987         1        0        0         0      source initStep
    1    -0.58   -0.815   0.0599         1        0    0.192     0.192       world Transportation
    2    -9.43      -50    -10.2         1        0       51      51.2  OutOfWorld Transportation

*********************************************************************************************************
* G4Track Information:   Particle = gamma,   Track ID = 1,   Parent ID = 0
*********************************************************************************************************

Step#    X(mm)    Y(mm)    Z(mm) KinE(MeV)  dE(MeV) StepLeng TrackLeng  NextVolume ProcName
    0   0.0929    0.809    0.852         1        0        0         0      source initStep
    1    0.293    0.348     1.14     0.289        0    0.581     0.581      source compt
    2    0.686    0.727     1.19     0.289        0    0.548      1.13       world Transportation
    3       11     10.7     2.41     0.289        0     14.4      15.5   container Transportation
    4     11.3       11     2.45     0.289        0    0.451        16       world Transportation
    5       50     48.4     7.04     0.289        0       54      69.9  OutOfWorld Transportation

*********************************************************************************************************
* G4Track Information:   Particle = e-,   Track ID = 2,   Parent ID = 1
*********************************************************************************************************

Step#    X(mm)    Y(mm)    Z(mm) KinE(MeV)  dE(MeV) StepLeng TrackLeng  NextVolume ProcName
    0    0.293    0.348     1.14     0.711        0        0         0      source initStep
    1    0.316    0.112     1.33     0.652   0.0598    0.305     0.305      source msc
    2    0.452    0.148     1.64     0.579   0.0655    0.353     0.658      source eBrem
    3     0.61   0.0941     1.86     0.523   0.0563    0.284     0.942      source msc
    4    0.675   0.0114     2.12     0.474   0.0494    0.287      1.23      source msc
    5    0.468   0.0164     2.13     0.437    0.037    0.213      1.44      source msc
    6    0.202  -0.0333     2.17       0.4   0.0364    0.283      1.72      source msc
    7  -0.0361  -0.0843     2.26      0.36   0.0399    0.273         2      source msc
    8   -0.175    -0.22     2.38     0.309   0.0511    0.234      2.23      source msc
    9   -0.306   -0.382      2.5     0.205    0.105    0.283      2.51       world Transportation
   10      -50    -15.3     19.8     0.191   0.0138     58.6      61.1  OutOfWorld Transportation

*********************************************************************************************************
* G4Track Information:   Particle = gamma,   Track ID = 3,   Parent ID = 2
*********************************************************************************************************

Step#    X(mm)    Y(mm)    Z(mm) KinE(MeV)  dE(MeV) StepLeng TrackLeng  NextVolume ProcName
    0    0.452    0.148     1.64   0.00664        0        0         0      source initStep
    1     0.54    0.165     1.73         0 0.000543    0.126     0.126      source phot

*********************************************************************************************************
* G4Track Information:   Particle = e-,   Track ID = 4,   Parent ID = 3
*********************************************************************************************************

Step#    X(mm)    Y(mm)    Z(mm) KinE(MeV)  dE(MeV) StepLeng TrackLeng  NextVolume ProcName
    0     0.54    0.165     1.73    0.0061        0        0         0      source initStep
    1     0.54    0.165     1.73         0   0.0061  0.00108   0.00108      source eIoni

*********************************************************************************************************
* G4Track Information:   Particle = gamma,   Track ID = 1,   Parent ID = 0
*********************************************************************************************************

Step#    X(mm)    Y(mm)    Z(mm) KinE(MeV)  dE(MeV) StepLeng TrackLeng  NextVolume ProcName
    0   -0.189    -0.62     1.92         1        0        0         0      source initStep
    1   -0.838   -0.545    -1.64         1        0     3.61      3.61       world Transportation
    2    -9.69    0.469      -50         1        0     49.2      52.8  OutOfWorld Transportation
 Run terminated.
Run Summary
  Number of events processed : 100
  User=0.000000s Real=0.005406s Sys=0.000000s
