// /gamos/generator/energyDist source GmGenerDistEnergyFromFile Cf.energy.lis interpolate_log
// Reference ISO Neutron Spectra
//       Cf (Bare)
// Energy(MeV)       Bi
// group source strengths, Bi, in certain energy intervals, i.e. the source strength of neutrons having energies between Ei and Ei+1.
 4.14E-07      3.10E-10
 1.00E-06      1.11E-08
 1.00E-05      1.27E-07
 5.00E-05      2.76E-07
 1.00E-04      7.82E-07
 2.00E-04      2.21E-06
 4.00E-04      4.53E-06
 7.00E-04      5.68E-06
 1.00E-03      5.51E-05
 3.00E-03      1.28E-04
 6.00E-03      2.30E-04
 1.00E-02      7.74E-04
 2.00E-02      2.17E-03
 4.00E-02      2.80E-03
 6.00E-02      3.29E-03
 8.00E-02      3.68E-03
 1.00E-01      1.05E-02
 1.50E-01      1.21E-02
 2.00E-01      1.33E-02
 2.50E-01      1.42E-02
 3.00E-01      1.49E-02
 3.50E-01      1.55E-02
 4.00E-01      1.60E-02
 4.50E-01      1.63E-02
 5.00E-01      1.66E-02
 5.50E-01      1.68E-02
 6.00E-01      3.38E-02
 7.00E-01      3.39E-02
 8.00E-01      3.37E-02
 9.00E-01      3.33E-02
 1.00E+00      6.46E-02
 1.20E+00      6.12E-02
 1.40E+00      5.73E-02
 1.60E+00      5.31E-02
 1.80E+00      4.88E-02
 2.00E+00      6.55E-02
 2.30E+00      5.67E-02
 2.60E+00      6.33E-02
 3.00E+00      6.21E-02
 3.50E+00      4.68E-02
 4.00E+00      3.49E-02
 4.50E+00      2.58E-02
 5.00E+00      3.30E-02
 6.00E+00      1.74E-02
 7.00E+00      9.01E-03
 8.00E+00      4.61E-03
 9.00E+00      2.33E-03
 1.00E+01      1.17E-03
 1.10E+01      5.83E-04
 1.20E+01      2.88E-04
 1.30E+01      1.42E-04
 1.40E+01      6.94E-05
