:CMD /gamos/userAction /UA
:CMD /gamos/geometry /geometry
:CMD /gamos/generator /generator
:CMD /gamos/physicsList /gamos/physics
:CMD /gamos/physicsList /physics
:CMD /gamos/GmPhysics/addPhysics /addEMPhysics
:CMD /gamos/SD/assocSD2LogVol /assocSD2LogVol
:CMD /gamos/SD/recHitBuilder /recHitBuilder
:CMD /gamos/scoring/addFilter2Scorer /addFilter2Scorer
:CMD /gamos/scoring/addPrinter2Scorer /addPrinter2Scorer
:CMD /gamos/scoring/addScorer2MFD /addScorer2MFD
:CMD /gamos/scoring/addScorer2MFD /addScorer2Detector
:CMD /gamos/scoring/createMFDetector /gamos/scoring/createDetector
:CMD /gamos/scoring/createMFDetector /createScorerDetector
:CMD /gamos/generator/timeDist timeDist
:CMD /gamos/generator/directionDist directionDist
:CMD /gamos/generator/positionDirectionDist positionDirectionDist
:CMD /gamos/generator/positionDist positionDist
:CMD /gamos/generator/energyDist energyDist
:CMD /gamos/generator/addSingleParticleSource /addSingleParticleSource
:CMD /gamos/generator/timeDist  /gamos/generator/time
:CMD /gamos/generator/directionDist /gamos/generator/direction
:CMD /gamos/generator/positionDirectionDist /gamos/generator/positionDirection
:CMD /gamos/generator/positionDist /gamos/generator/position
:CMD /gamos/generator/energyDist  /gamos/generator/energy 

:ARG GmGenerDistDirectionCone DirCone
:ARG GmGenerDistDirectionCone2D DirCone2D
:ARG GmGenerDistDirectionCone2DGaussian DirCone2DGaussian
:ARG GmGenerDistDirectionConeGaussian DirConeGaussian
:ARG GmGenerDistDirectionConicalRing DirConicalRing
:ARG GmGenerDistDirectionConst DirConst
:ARG GmGenerDistDirectionGaussian DirGaussian
:ARG GmGenerDistDirectionRandom DirRandom
:ARG GmGenerDistDirectionThetaFromFile DirThetaFromFile
:ARG GmGenerDistPositionDirection2DCorrelDoubleGaussian PosDir2DCorrelDoubleGaussian
:ARG GmGenerDistPositionDirection2DCorrelGaussian PosDir2DCorrelGaussian
:ARG GmGenerDistPositionDirectionInUserSurfaces PosDirInUserSurfaces
:ARG GmGenerDistPositionDirectionInVolumeSurface PosDirInVolumeSurface
:ARG GmGenerDistPositionDirectionTowardsBox PosDirTowardsBox
:ARG GmGenerDistEnergyBetaDecay EnergyBetaDecay
:ARG GmGenerDistEnergyConstant EnergyConstant
:ARG GmGenerDistEnergyConstantIsotopeDecay EnergyConstantIsotopeDecay
:ARG GmGenerDistEnergyFromFile EnergyFromFile
:ARG GmGenerDistEnergyFromMultiFileE EnergyFromMultiFileE
:ARG GmGenerDistEnergyGaussian EnergyGaussian
:ARG GmGenerDistEnergyIsolethargical EnergyIsolethargical
:ARG GmGenerDistEnergyMCNPisolethargical EnergyMCNPisolethargical
:ARG GmGenerDistEnergyRandomFlat EnergyRandomFlat
:ARG GmGenerDistPosition2DDoubleGaussian Pos2DDoubleGaussian
:ARG GmGenerDistPositionDiscFromFile PosDiscFromFile
:ARG GmGenerDistPositionDiscGaussian PosDiscGaussian
:ARG GmGenerDistPositionInG4Surfaces PosInG4Surfaces
:ARG GmGenerDistPositionInG4Volumes PosInG4Volumes
:ARG GmGenerDistPositionInG4VolumesGeneral PosInG4VolumesGeneral
:ARG GmGenerDistPositionInPhantomVoxels PosInPhantomVoxels
:ARG GmGenerDistPositionInStPhantomVoxels PosInStPhantomVoxels
:ARG GmGenerDistPositionInUserSurfaces PosInUserSurfaces
:ARG GmGenerDistPositionInUserVolumes PosInUserVolumes
:ARG GmGenerDistPositionInVoxelsFromFile PosInVoxelsFromFile
:ARG GmGenerDistPositionLineSteps PosLineSteps
:ARG GmGenerDistPositionNMImage PosNMImage
:ARG GmGenerDistPositionPETImage PosPETImage
:ARG GmGenerDistPositionPoint PosPoint
:ARG GmGenerDistPositionRectangle PosRectangle
:ARG GmGenerDistPositionSquare PosSquare
:ARG GmGenerDistPositionVoxelPhantomMaterials PosVoxelPhantomMaterials
:ARG GmGenerDistTimeConstant TimeConstant
:ARG GmGenerDistTimeConstantChange TimeConstantChange
:ARG GmGenerDistTimeConstantChangeRandom TimeConstantChangeRandom
:ARG GmGenerDistTimeDecay TimeDecay
:ARG GmGenerDistTimeDecayWithProd TimeDecayWithProd

:ARG DetCutsStudyFilter DetCutsStudy
:ARG GmANDFilter AND
:ARG GmAncestorsFilter Ancestors
:ARG GmChargedFilter Charged
:ARG GmCreatorProcessFilter CreatorProcess
:ARG GmDeltaEnergyFilter DeltaEnergy
:ARG GmDepositEnergyFilter DepositEnergy
:ARG GmDepositedEnergyFilter DepositedEnergy
:ARG GmDifferentLogicalVolumeFilter DifferentLogicalVolume
:ARG GmDirectionPhiFilter DirectionPhi
:ARG GmDirectionPrePhiFilter DirectionPrePhi
:ARG GmDirectionPreThetaFilter DirectionPreTheta
:ARG GmDirectionThetaFilter DirectionTheta
:ARG GmEMParticleFilter EMParticle
:ARG GmElectronFilter Electron
:ARG GmElectronOrPositronFilter ElectronOrPositron
:ARG GmEndLogicalVolumeChildrenFilter EndLogicalVolumeChildren
:ARG GmEndLogicalVolumeFilter EndLogicalVolume
:ARG GmEndParallelLogicalVolumeFilter EndParallelLogicalVolume
:ARG GmEndParallelPhysicalVolumeFilter EndParallelPhysicalVolume
:ARG GmEndParallelPhysicalVolumeReplicatedFilter EndParallelPhysicalVolumeReplicated
:ARG GmEndParallelRegionFilter EndParallelRegion
:ARG GmEndPhantomStructureFilter EndPhantomStructure
:ARG GmEndPhysicalVolumeChildrenFilter EndPhysicalVolumeChildren
:ARG GmEndPhysicalVolumeChildrenReplicatedFilter EndPhysicalVolumeChildrenReplicated
:ARG GmEndPhysicalVolumeFilter EndPhysicalVolume
:ARG GmEndPhysicalVolumeReplicatedFilter EndPhysicalVolumeReplicated
:ARG GmEndRegionChildrenFilter EndRegionChildren
:ARG GmEndRegionFilter EndRegion
:ARG GmEndTouchableChildrenFilter EndTouchableChildren
:ARG GmEndTouchableFilter EndTouchable
:ARG GmEnergyChangeFilter EnergyChange
:ARG GmEnterLogicalVolumeChildrenFilter EnterLogicalVolumeChildren
:ARG GmEnterLogicalVolumeFilter EnterLogicalVolume
:ARG GmEnterParallelLogicalVolumeFilter EnterParallelLogicalVolume
:ARG GmEnterParallelPhysicalVolumeFilter EnterParallelPhysicalVolume
:ARG GmEnterParallelPhysicalVolumeReplicatedFilter EnterParallelPhysicalVolumeReplicated
:ARG GmEnterParallelRegionFilter EnterParallelRegion
:ARG GmEnterPhantomStructureFilter EnterPhantomStructure
:ARG GmEnterPhysicalVolumeChildrenFilter EnterPhysicalVolumeChildren
:ARG GmEnterPhysicalVolumeChildrenReplicatedFilter EnterPhysicalVolumeChildrenReplicated
:ARG GmEnterPhysicalVolumeFilter EnterPhysicalVolume
:ARG GmEnterPhysicalVolumeReplicatedFilter EnterPhysicalVolumeReplicated
:ARG GmEnterRegionChildrenFilter EnterRegionChildren
:ARG GmEnterRegionFilter EnterRegion
:ARG GmEnterTouchableChildrenFilter EnterTouchableChildren
:ARG GmEnterTouchableFilter EnterTouchable
:ARG GmExitLogicalVolumeChildrenFilter ExitLogicalVolumeChildren
:ARG GmExitLogicalVolumeFilter ExitLogicalVolume
:ARG GmExitParallelLogicalVolumeFilter ExitParallelLogicalVolume
:ARG GmExitParallelPhysicalVolumeFilter ExitParallelPhysicalVolume
:ARG GmExitParallelPhysicalVolumeReplicatedFilter ExitParallelPhysicalVolumeReplicated
:ARG GmExitParallelRegionFilter ExitParallelRegion
:ARG GmExitPhantomStructureFilter ExitPhantomStructure
:ARG GmExitPhysicalVolumeChildrenFilter ExitPhysicalVolumeChildren
:ARG GmExitPhysicalVolumeChildrenReplicatedFilter ExitPhysicalVolumeChildrenReplicated
:ARG GmExitPhysicalVolumeFilter ExitPhysicalVolume
:ARG GmExitPhysicalVolumeReplicatedFilter ExitPhysicalVolumeReplicated
:ARG GmExitRegionChildrenFilter ExitRegionChildren
:ARG GmExitRegionFilter ExitRegion
:ARG GmExitTouchableChildrenFilter ExitTouchableChildren
:ARG GmExitTouchableFilter ExitTouchable
:ARG GmFilterFromClassifier FilterFromClassifier
:ARG GmFutureFilter Future
:ARG GmFutureWithChildrenFilter FutureWithChildren
:ARG GmGammaFilter Gamma
:ARG GmHistoryAllFilter HistoryAll
:ARG GmHistoryAncestorsAllFilter HistoryAncestorsAll
:ARG GmHistoryFilter History
:ARG GmHistoryOrAncestorsFilter HistoryOrAncestors
:ARG GmHistoryOrAncestorsFilterForScorer HistoryOrAncestorsFilterForScorer
:ARG GmInLogicalVolumeChildrenFilter InLogicalVolumeChildren
:ARG GmInLogicalVolumeFilter InLogicalVolume
:ARG GmInMassLogicalVolumeFilter InMassLogicalVolume
:ARG GmInMassPhysicalVolumeFilter InMassPhysicalVolume
:ARG GmInMassPhysicalVolumeReplicatedFilter InMassPhysicalVolumeReplicated
:ARG GmInMassRegionFilter InMassRegion
:ARG GmInParallelLogicalVolumeFilter InParallelLogicalVolume
:ARG GmInParallelPhysicalVolumeFilter InParallelPhysicalVolume
:ARG GmInParallelPhysicalVolumeReplicatedFilter InParallelPhysicalVolumeReplicated
:ARG GmInParallelRegionFilter InParallelRegion
:ARG GmInPhantomStructureFilter InPhantomStructure
:ARG GmInPhysicalVolumeChildrenFilter InPhysicalVolumeChildren
:ARG GmInPhysicalVolumeChildrenReplicatedFilter InPhysicalVolumeChildrenReplicated
:ARG GmInPhysicalVolumeFilter InPhysicalVolume
:ARG GmInPhysicalVolumeReplicatedFilter InPhysicalVolumeReplicated
:ARG GmInRegionChildrenFilter InRegionChildren
:ARG GmInRegionFilter InRegion
:ARG GmInTouchableChildrenFilter InTouchableChildren
:ARG GmInTouchableFilter InTouchable
:ARG GmInitialRangeFilter InitialRange
:ARG GmInteractionFilter Interaction
:ARG GmInverseFilter Inverse
:ARG GmKineticEnergyFilter KineticEnergy
:ARG GmMaterialFilter Material
:ARG GmMinRangeCutOutsideVoxelFilter MinRangeCutOutsideVoxel
:ARG GmNeutralFilter Neutral
:ARG GmNeutronFilter Neutron
:ARG GmNumericDataFilter NumericData
:ARG GmORFilter OR
:ARG GmOnSecondaryFilter OnSecondary
:ARG GmParentFilter Parent
:ARG GmParticleFilter Particle
:ARG GmParticleProcessFilter ParticleProcess
:ARG GmPastHistoryFilter PastHistory
:ARG GmPositionPreXFilter PositionPreX
:ARG GmPositionPreYFilter PositionPreY
:ARG GmPositionPreZFilter PositionPreZ
:ARG GmPositionXFilter PositionX
:ARG GmPositionYFilter PositionY
:ARG GmPositionZFilter PositionZ
:ARG GmPositronFilter Positron
:ARG GmPostKineticEnergyFilter PostKineticEnergy
:ARG GmPrimaryFilter Primary
:ARG GmPrimaryOn1SecondaryFilter PrimaryOn1Secondary
:ARG GmPrimaryOnAllSecondariesFilter PrimaryOnAllSecondaries
:ARG GmProcessFilter Process
:ARG GmProdCutAllProcOutsideVoxelFilter ProdCutAllProcOutsideVoxel
:ARG GmProdCutOutsideVoxelFilter ProdCutOutsideVoxel
:ARG GmProtonFilter Proton
:ARG GmRangeFilter Range
:ARG GmSameLogicalVolumeFilter SameLogicalVolume
:ARG GmSecondaryFilter Secondary
:ARG GmStartLogicalVolumeChildrenFilter StartLogicalVolumeChildren
:ARG GmStartLogicalVolumeFilter StartLogicalVolume
:ARG GmStartParallelLogicalVolumeFilter StartParallelLogicalVolume
:ARG GmStartParallelPhysicalVolumeFilter StartParallelPhysicalVolume
:ARG GmStartParallelPhysicalVolumeReplicatedFilter StartParallelPhysicalVolumeReplicated
:ARG GmStartParallelRegionFilter StartParallelRegion
:ARG GmStartPhantomStructureFilter StartPhantomStructure
:ARG GmStartPhysicalVolumeChildrenFilter StartPhysicalVolumeChildren
:ARG GmStartPhysicalVolumeChildrenReplicatedFilter StartPhysicalVolumeChildrenReplicated
:ARG GmStartPhysicalVolumeFilter StartPhysicalVolume
:ARG GmStartPhysicalVolumeReplicatedFilter StartPhysicalVolumeReplicated
:ARG GmStartRegionChildrenFilter StartRegionChildren
:ARG GmStartRegionFilter StartRegion
:ARG GmStartTouchableChildrenFilter StartTouchableChildren
:ARG GmStartTouchableFilter StartTouchable
:ARG GmStepNumberFilter StepNumber
:ARG GmStringDataFilter StringData
:ARG GmTraverseLogicalVolumeChildrenFilter TraverseLogicalVolumeChildren
:ARG GmTraverseLogicalVolumeFilter TraverseLogicalVolume
:ARG GmTraverseParallelLogicalVolumeFilter TraverseParallelLogicalVolume
:ARG GmTraverseParallelPhysicalVolumeFilter TraverseParallelPhysicalVolume
:ARG GmTraverseParallelPhysicalVolumeReplicatedFilter TraverseParallelPhysicalVolumeReplicated
:ARG GmTraverseParallelRegionFilter TraverseParallelRegion
:ARG GmTraversePhantomStructureFilter TraversePhantomStructure
:ARG GmTraversePhysicalVolumeChildrenFilter TraversePhysicalVolumeChildren
:ARG GmTraversePhysicalVolumeChildrenReplicatedFilter TraversePhysicalVolumeChildrenReplicated
:ARG GmTraversePhysicalVolumeFilter TraversePhysicalVolume
:ARG GmTraversePhysicalVolumeReplicatedFilter TraversePhysicalVolumeReplicated
:ARG GmTraverseRegionChildrenFilter TraverseRegionChildren
:ARG GmTraverseRegionFilter TraverseRegion
:ARG GmTraverseTouchableChildrenFilter TraverseTouchableChildren
:ARG GmTraverseTouchableFilter TraverseTouchable
:ARG GmVertexKineticEnergyFilter VertexKineticEnergy
:ARG GmXORFilter XOR
:ARG GmSDWithFilter SDWith
:ARG GmFilterVerbosity FilterVerbosity


:ARG CCEventClassifierUA CCEventClassifier
:ARG DetComptonStudyHistosUA DetComptonStudyHistos
:ARG GmBuildPhantomStructuresUA BuildPhantomStructures
:ARG GmChangeWeightUA ChangeWeight
:ARG GmCopyWeightToRDSecondaryUA CopyWeightToRDSecondary
:ARG GmCopyWeightToSecondaryUA CopyWeightToSecondary
:ARG GmCountProcessesUA CountProcesses
:ARG GmCountTracksAndStepsUA CountTracksAndSteps
:ARG GmCountTracksUA CountTracks
:ARG GmCutsEnergy2RangeUA CutsEnergy2Range
:ARG GmDataTTreeUA DataTTree
:ARG GmDumpMateG4dcmUA DumpMateG4dcm
:ARG GmEventDataBinFileUA EventDataBinFile
:ARG GmEventDataCoutUA EventDataCout
:ARG GmEventDataHistosUA EventDataHistos
:ARG GmEventDataTextFileUA EventDataTextFile
:ARG GmGamosVerboseByEventUA GamosVerboseByEvent
:ARG GmGenerHistosUA GenerHistos
:ARG GmGeomTextDumperUA GeomTextDumper
:ARG GmHitsHistosUA HitsHistos
:ARG GmHitsReadUA HitsRead
:ARG GmHitsWriteUA HitsWrite
:ARG GmKillAllUA KillAll
:ARG GmKillAtStackingActionRandomUA KillAtStackingActionRandom
:ARG GmKillAtStackingActionUA KillAtStackingAction
:ARG GmKillAtSteppingActionUA KillAtSteppingAction
:ARG GmKillAtTrackingActionUA KillAtTrackingAction
:ARG GmKillTooManyStepsUA KillTooManySteps
:ARG GmMaterialBudgetUA MaterialBudget
:ARG GmMinRangeLimitsStudyUA MinRangeLimitsStudy
:ARG GmNoUseG4RadDecayTimeUA NoUseG4RadDecayTime
:ARG GmPDSCreateAngleTablesUA PDSCreateAngleTables
:ARG GmPDSUA PDS
:ARG GmPrintEMParamsUA PrintEMParams
:ARG GmProdCutsStudyUA ProdCutsStudy
:ARG GmRadDecayGammaAngleCorrelationUA RadDecayGammaAngleCorrelation
:ARG GmRandomKillByParticleUA RandomKillByParticle
:ARG GmRangeRejectionUA RangeRejection
:ARG GmRecHitsHistosUA RecHitsHistos
:ARG GmRecHitsWriteUA RecHitsWrite
:ARG GmRunDataBinFileUA RunDataBinFile
:ARG GmRunDataCoutUA RunDataCout
:ARG GmRunDataHistosUA RunDataHistos
:ARG GmRunDataTextFileUA RunDataTextFile
:ARG GmSaveHistosAtRTCPUA SaveHistosAtRTCP
:ARG GmScoringUA Scoring
:ARG GmSecondaryTrackDataBinFileUA SecondaryTrackDataBinFile
:ARG GmSecondaryTrackDataCoutUA SecondaryTrackDataCout
:ARG GmSecondaryTrackDataHistosUA SecondaryTrackDataHistos
:ARG GmSecondaryTrackDataTextFileUA SecondaryTrackDataTextFile
:ARG GmSetG4RadDecayTime0UA SetG4RadDecayTime0
:ARG GmShowerShapeUA ShowerShape
:ARG GmStackDataBinFileUA StackDataBinFile
:ARG GmStackDataCoutUA StackDataCout
:ARG GmStackDataHistosUA StackDataHistos
:ARG GmStackDataTextFileUA StackDataTextFile
:ARG GmStepDataBinFileUA StepDataBinFile
:ARG GmStepDataCoutUA StepDataCout
:ARG GmStepDataHistosUA StepDataHistos
:ARG GmStepDataTextFileUA StepDataTextFile
:ARG GmStopRunAfterTimeUA StopRunAfterTime
:ARG GmTimeStudyEventUA TimeStudyEvent
:ARG GmTimeStudyUA TimeStudy
:ARG GmTrackDataBinFileUA TrackDataBinFile
:ARG GmTrackDataCoutUA TrackDataCout
:ARG GmTrackDataHistosUA TrackDataHistos
:ARG GmTrackDataTextFileUA TrackDataTextFile
:ARG GmTrackingVerboseUA TrackingVerbose
:ARG GmVisModelUA VisModel
:ARG PETEventClassifierCrystalIDUA PETEventClassifierCrystalID
:ARG PETEventClassifierTOFUA PETEventClassifierTOF
:ARG PETEventClassifierUA PETEventClassifier
:ARG RTMinRangeLimitsStudyUA RTMinRangeLimitsStudy
:ARG RTPhaseSpaceUA RTPhaseSpace
:ARG RTPhaseSpace_EGSUA RTPhaseSpace_EGS
:ARG RTPhaseSpace_extUA RTPhaseSpace_ext
:ARG RTProdCutsStudyUA RTProdCutsStudy
:ARG RTReuseAtZPlaneUA RTReuseAtZPlane
:ARG RTReuseAtZPlaneWithNVoxelUA RTReuseAtZPlaneWithNVoxel
:ARG RTZRLimitsAutoUA RTZRLimitsAuto
:ARG RTZRLimitsUA RTZRLimits
:ARG SHActivationFromFluUAx SHActivationFromFlux
:ARG SHActivationUA SHActivation
:ARG SHGetHadronicChannelXSUA SHGetHadronicChannelXS
:ARG SHNthValueLayerUA SHNthValueLayer
:ARG SHPlotPHPDBSpectraUA SHPlotPHPDBSpectra
:ARG SHPrintEMDataUA SHPrintEMData
:ARG SHPrintPHPChannelThickYieldUA SHPrintPHPChannelThickYield
:ARG SHPrintPHPChannelXSUA SHPrintPHPChannelXS
:ARG SHStudyDecayChannelsUA SHStudyDecayChannels
:ARG SPECTEventClassifierUA SPECTEventClassifier
