//Ambient and personal dose equivalent per unit neutron fluence, H^*(10)/F and H_pslab(10,alpha)/F, in units of pSv cm2 for monoenergetic neutrons incident in various geometries on the ICRU sphere and slab (See Figs. 21 and 31/33)
//Same as ICRP report 74 TABLE A.42
//Energy(MeV) H_pslab(10,45)/F 
1.00e-9 4.23
1.00e-8 5.38
2.53e-8 6.61
1.00e-7 7.54
2.00e-7 8.73
5.00e-7 9.40
1.00e-6 9.56
2.00e-6 9.49
5.00e-6 9.11
1.00e-5 8.65
2.00e-5 8.10
5.00e-5 7.32
1.00e-4 6.74
2.00e-4 6.21
5.00e-4 5.67
1.00e-3 5.43
2.00e-3 5.43
5.00e-3 5.71
1.00e-2 7.09
2.00e-2 11.6
3.00e-2 16.7
5.00e-2 27.5
7.00e-2 42.9
1.00e-1 67.1
1.50e-1 106
2.00e-1 141
3.00e-1 201
5.00e-1 291
7.00e-1 395
9.00e-1 383
1.00e+0 395
1.20e+0 412
2.00e+0 439
3.00e+0 440
4.00e+0 435
5.00e+0 435
6.00e+0 439
7.00e+0 448
8.00e+0 460
9.00e+0 476
1.00e+1 493
1.20e+1 529
1.40e+1 561
1.50e+1 575
1.60e+1 588
1.80e+1 609
2.00e+1 615
3.00e+1 0.
5.00e+1 0.
7.50e+1 0.
1.00e+2 0.
1.25e+2 0.
1.50e+2 0.
1.75e+2 0.
2.01e+2 0.
