//Ambient and personal dose equivalent per unit neutron fluence, H^*(10)/F and H_pslab(10,alpha)/F, in units of pSv cm2 for monoenergetic neutrons incident in various geometries on the ICRU sphere and slab (See Figs. 21 and 31/33)
//Same as ICRP report 74 TABLE A.42
//Energy(MeV) H^*(10)/F
1.00e-9 6.60
1.00e-8 9.00
2.53e-8 10.6
1.00e-7 12.9
2.00e-7 13.5
5.00e-7 13.6
1.00e-6 13.3
2.00e-6 12.9
5.00e-6 12.0
1.00e-5 11.3
2.00e-5 10.6
5.00e-5 9.90
1.00e-4 9.40
2.00e-4 8.90
5.00e-4 8.30
1.00e-3 7.90
2.00e-3 7.70
5.00e-3 8.00
1.00e-2 10.5
2.00e-2 16.6
3.00e-2 23.7
5.00e-2 41.1
7.00e-2 60.0
1.00e-1 88.0
1.50e-1 132
2.00e-1 170
3.00e-1 233
5.00e-1 322
7.00e-1 375
9.00e-1 400
1.00e+0 416
1.20e+0 425
2.00e+0 420
3.00e+0 412
4.00e+0 408
5.00e+0 405
6.00e+0 400
7.00e+0 405
8.00e+0 409
9.00e+0 420
1.00e+1 440
1.20e+1 480
1.40e+1 520
1.50e+1 540
1.60e+1 555
1.80e+1 570
2.00e+1 600
3.00e+1 515
5.00e+1 400
7.50e+1 330
1.00e+2 285
1.25e+2 260
1.50e+2 245
1.75e+2 250
2.01e+2 260
