//Ambient and personal dose equivalent per unit neutron fluence, H^*(10)/F and H_pslab(10,alpha)/F, in units of pSv cm2 for monoenergetic neutrons incident in various geometries on the ICRU sphere and slab (See Figs. 21 and 31/33)
//Same as ICRP report 74 TABLE A.42
//Energy(MeV) H_pslab(10,60)/F 
1.00e-9 2.61
1.00e-8 3.37
2.53e-8 4.04
1.00e-7 4.70
2.00e-7 5.21
5.00e-7 5.65
1.00e-6 5.82
2.00e-6 5.85
5.00e-6 5.71
1.00e-5 5.47
2.00e-5 5.14
5.00e-5 4.57
1.00e-4 4.10
2.00e-4 3.91
5.00e-4 3.58
1.00e-3 3.46
2.00e-3 3.46
5.00e-3 3.59
1.00e-2 4.32
2.00e-2 6.64
3.00e-2 9.81
5.00e-2 16.7
7.00e-2 27.3
1.00e-1 44.6
1.50e-1 73.3
2.00e-1 100
3.00e-1 149
5.00e-1 226
7.00e-1 279
9.00e-1 317
1.00e+0 332
1.20e+0 355
2.00e+0 402
3.00e+0 412
4.00e+0 409
5.00e+0 409
6.00e+0 414
7.00e+0 425
8.00e+0 440
9.00e+0 458
1.00e+1 480
1.20e+1 523
1.40e+1 562
1.50e+1 579
1.60e+1 593
1.80e+1 615
2.00e+1 619
3.00e+1 0.
5.00e+1 0.
7.50e+1 0.
1.00e+2 0.
1.25e+2 0.
1.50e+2 0.
1.75e+2 0.
2.01e+2 0.
