//Ambient and personal dose equivalent per unit neutron fluence, H^*(10)/F and H_pslab(10,alpha)/F, in units of pSv cm2 for monoenergetic neutrons incident in various geometries on the ICRU sphere and slab (See Figs. 21 and 31/33)
//Same as ICRP report 74 TABLE A.42
//Energy(MeV) H_pslab(10,30)/F 
1.00e-9 6.57
1.00e-8 7.90
2.53e-8 9.11
1.00e-7 10.3
2.00e-7 11.1
5.00e-7 11.8
1.00e-6 12.0
2.00e-6 11.9
5.00e-6 11.5
1.00e-5 11.0
2.00e-5 10.4
5.00e-5 9.42
1.00e-4 8.64
2.00e-4 8.22
5.00e-4 7.66
1.00e-3 7.29
2.00e-3 7.27
5.00e-3 7.46
1.00e-2 9.18
2.00e-2 14.6
3.00e-2 21.3
5.00e-2 34.4
7.00e-2 52.6
1.00e-1 81.3
1.50e-1 126
2.00e-1 166
3.00e-1 232
5.00e-1 326
7.00e-1 352
9.00e-1 415
1.00e+0 426
1.20e+0 440
2.00e+0 457
3.00e+0 449
4.00e+0 440
5.00e+0 437
6.00e+0 440
7.00e+0 449
8.00e+0 462
9.00e+0 478
1.00e+1 497
1.20e+1 536
1.40e+1 570
1.50e+1 584
1.60e+1 597
1.80e+1 617
2.00e+1 619
3.00e+1 0.
5.00e+1 0.
7.50e+1 0.
1.00e+2 0.
1.25e+2 0.
1.50e+2 0.
1.75e+2 0.
2.01e+2 0.
