//Ambient and personal dose equivalent per unit neutron fluence, H^*(10)/F and H_pslab(10,alpha)/F, in units of pSv cm2 for monoenergetic neutrons incident in various geometries on the ICRU sphere and slab (See Figs. 21 and 31/33)
//Same as ICRP report 74 TABLE A.42
//Energy(MeV) H^*(10)/F H_pslab(10,75)/F
1.00e-9 1.13
1.00e-8 1.50
2.53e-8 1.73
1.00e-7 1.94
2.00e-7 2.12
5.00e-7 2.31
1.00e-6 2.40
2.00e-6 2.46
5.00e-6 2.48
1.00e-5 2.44
2.00e-5 2.35
5.00e-5 2.16
1.00e-4 1.99
2.00e-4 1.83
5.00e-4 1.68
1.00e-3 1.66
2.00e-3 1.67
5.00e-3 1.69
1.00e-2 1.77
2.00e-2 2.11
3.00e-2 2.85
5.00e-2 4.78
7.00e-2 8.10
1.00e-1 13.7
1.50e-1 24.2
2.00e-1 35.5
3.00e-1 58.5
5.00e-1 102
7.00e-1 139
9.00e-1 171
1.00e+0 180
1.20e+0 210
2.00e+0 274
3.00e+0 306
4.00e+0 320
5.00e+0 331
6.00e+0 345
7.00e+0 361
8.00e+0 379
9.00e+0 399
1.00e+1 421
1.20e+1 464
1.40e+1 503
1.50e+1 520
1.60e+1 535
1.80e+1 561
2.00e+1 570
3.00e+1 0.
5.00e+1 0.
7.50e+1 0.
1.00e+2 0.
1.25e+2 0.
1.50e+2 0.
1.75e+2 0.
2.01e+2 0.
