//Ambient and personal dose equivalent per unit neutron fluence, H^*(10)/F and H_pslab(10,alpha)/F, in units of pSv cm2 for monoenergetic neutrons incident in various geometries on the ICRU sphere and slab (See Figs. 21 and 31/33)
//Same as ICRP report 74 TABLE A.42
//Energy(MeV) H_pslab(10,0)/F 
1.00e-9 8.19
1.00e-8 9.97
2.53e-8 11.4
1.00e-7 12.6
2.00e-7 13.5
5.00e-7 14.2
1.00e-6 14.4
2.00e-6 14.3
5.00e-6 13.8
1.00e-5 13.2
2.00e-5 12.4
5.00e-5 11.2
1.00e-4 10.3
2.00e-4 9.84
5.00e-4 9.34
1.00e-3 8.78
2.00e-3 8.72
5.00e-3 9.36
1.00e-2 11.2
2.00e-2 17.1
3.00e-2 24.9
5.00e-2 39.0
7.00e-2 59.0
1.00e-1 90.6
1.50e-1 139
2.00e-1 180
3.00e-1 246
5.00e-1 335
7.00e-1 386
9.00e-1 414
1.00e+0 422
1.20e+0 433
2.00e+0 442
3.00e+0 431
4.00e+0 422
5.00e+0 420
6.00e+0 423
7.00e+0 432
8.00e+0 445
9.00e+0 461
1.00e+1 480
1.20e+1 517
1.40e+1 550
1.50e+1 564
1.60e+1 576
1.80e+1 595
2.00e+1 600
3.00e+1 0.
5.00e+1 0.
7.50e+1 0.
1.00e+2 0.
1.25e+2 0.
1.50e+2 0.
1.75e+2 0.
2.01e+2 0.
