// ICRU report 57 TABLE A.21- Conversion coefficients for the ambient dose equivalent, H*(10), and direction dose equivalent, H'(0.07, 0o) from photon fluence and air kerma free-in-air
// Same as ICPR report 74. TABLE A.21
//Photon Energy(MeV) H*(10)/F(pSv cm2)
// A.21-
// 74.
//Photon H'(0.07,
0.010 7.20
0.015 3.19
0.020 1.81
0.030 0.90
0.040 0.62
0.050 0.50
0.060 0.47
0.080 0.49
0.100 0.58
0.150 0.85
0.200 1.15
0.300 1.80
0.400 2.38
0.500 2.93
0.600 3.44
0.800 4.38
1.000 5.20
1.150 6.90
2.000 8.60
3.000 11.1
4.000 13.4
5.000 15.5
6.000 17.6
8.000 21.6
10.00 25.6
 
//Data 47
