/control/execute protontherapy1b.in
/tracking/verbose 0
/gamos/setParam GmGeometryFromText:FileName ../exercise0/phantom.geom
/gamos/geometry GmGeometryFromText
/gamos/physicsList G4QGSP_BIC_AllHP
<<< Geant4 Physics List simulation engine: QGSP_BIC_AllHP 1.3

/gamos/generator GmGenerator
/run/initialize
/home/gamos/gamos/external/geant4/geant4.10.02.gamos/../data/G4NDL4.5
@@@ G4ParticleHPInelastic instantiated for particle neutron data directory variable is G4NEUTRONHPDATA pointing to /home/gamos/gamos/external/geant4/geant4.10.02.gamos/../data/G4NDL4.5/Inelastic
@@@ G4ParticleHPInelasticData instantiated for particle neutron data directory variable is G4NEUTRONHPDATA pointing to /home/gamos/gamos/external/geant4/geant4.10.02.gamos/../data/G4NDL4.5
NeutronHP: /Capture file for Z = 6, A = 12 is not found and NeutronHP will use /home/gamos/gamos/external/geant4/geant4.10.02.gamos/../data/G4NDL4.5/Capture/CrossSection/6_nat_Carbon
NeutronHP: /Elastic file for Z = 6, A = 12 is not found and NeutronHP will use /home/gamos/gamos/external/geant4/geant4.10.02.gamos/../data/G4NDL4.5/Elastic/CrossSection/6_nat_Carbon
NeutronHP: /Inelastic file for Z = 6, A = 12 is not found and NeutronHP will use /home/gamos/gamos/external/geant4/geant4.10.02.gamos/../data/G4NDL4.5/Inelastic/CrossSection/6_nat_Carbon
NeutronHP: /Capture file for Z = 6, A = 13 is not found and NeutronHP will use /home/gamos/gamos/external/geant4/geant4.10.02.gamos/../data/G4NDL4.5/Capture/CrossSection/6_nat_Carbon
NeutronHP: /Elastic file for Z = 6, A = 13 is not found and NeutronHP will use /home/gamos/gamos/external/geant4/geant4.10.02.gamos/../data/G4NDL4.5/Elastic/CrossSection/6_nat_Carbon
NeutronHP: /Inelastic file for Z = 6, A = 13 is not found and NeutronHP will use /home/gamos/gamos/external/geant4/geant4.10.02.gamos/../data/G4NDL4.5/Inelastic/CrossSection/6_nat_Carbon
NeutronHP: /Capture file for Z = 8, A = 18 is not found and CrossSection set to 0.
NeutronHP: /Elastic file for Z = 8, A = 18 is not found and CrossSection set to 0.
NeutronHP: /Inelastic file for Z = 8, A = 18 is not found and CrossSection set to 0.
@@@ G4ParticleHPInelasticData instantiated for particle proton data directory variable is G4PROTONHPDATA pointing to /home/gamos/gamos/external/geant4/geant4.10.02.gamos/../data/G4TENDL1.3/Proton
NeutronHP: .3/Proton/Inelastic file for Z = 8, A = 18 is not found and CrossSection set to 0.
NeutronHP: .3/Proton/Inelastic file for Z = 1, A = 1 is not found and CrossSection set to 0.
/home/gamos/gamos/external/geant4/geant4.10.02.gamos/../data/G4TENDL1.3/Proton
@@@ G4ParticleHPInelastic instantiated for particle proton data directory variable is G4PROTONHPDATA pointing to /home/gamos/gamos/external/geant4/geant4.10.02.gamos/../data/G4TENDL1.3/Proton/Inelastic
@@@ G4ParticleHPInelasticData instantiated for particle deuteron data directory variable is G4DEUTERONHPDATA pointing to /home/gamos/gamos/external/geant4/geant4.10.02.gamos/../data/G4TENDL1.3/Deuteron
NeutronHP: .3/Deuteron/Inelastic file for Z = 8, A = 18 is not found and CrossSection set to 0.
NeutronHP: .3/Deuteron/Inelastic file for Z = 1, A = 1 is not found and CrossSection set to 0.
/home/gamos/gamos/external/geant4/geant4.10.02.gamos/../data/G4TENDL1.3/Deuteron
@@@ G4ParticleHPInelastic instantiated for particle deuteron data directory variable is G4DEUTERONHPDATA pointing to /home/gamos/gamos/external/geant4/geant4.10.02.gamos/../data/G4TENDL1.3/Deuteron/Inelastic
@@@ G4ParticleHPInelasticData instantiated for particle triton data directory variable is G4TRITONHPDATA pointing to /home/gamos/gamos/external/geant4/geant4.10.02.gamos/../data/G4TENDL1.3/Triton
NeutronHP: .3/Triton/Inelastic file for Z = 8, A = 18 is not found and CrossSection set to 0.
NeutronHP: .3/Triton/Inelastic file for Z = 1, A = 1 is not found and CrossSection set to 0.
NeutronHP: .3/Triton/Inelastic file for Z = 1, A = 2 is not found and CrossSection set to 0.
/home/gamos/gamos/external/geant4/geant4.10.02.gamos/../data/G4TENDL1.3/Triton
@@@ G4ParticleHPInelastic instantiated for particle triton data directory variable is G4TRITONHPDATA pointing to /home/gamos/gamos/external/geant4/geant4.10.02.gamos/../data/G4TENDL1.3/Triton/Inelastic
@@@ G4ParticleHPInelasticData instantiated for particle He3 data directory variable is G4HE3HPDATA pointing to /home/gamos/gamos/external/geant4/geant4.10.02.gamos/../data/G4TENDL1.3/He3
NeutronHP: .3/He3/Inelastic file for Z = 8, A = 18 is not found and CrossSection set to 0.
NeutronHP: .3/He3/Inelastic file for Z = 1, A = 1 is not found and CrossSection set to 0.
NeutronHP: .3/He3/Inelastic file for Z = 1, A = 2 is not found and CrossSection set to 0.
/home/gamos/gamos/external/geant4/geant4.10.02.gamos/../data/G4TENDL1.3/He3
@@@ G4ParticleHPInelastic instantiated for particle He3 data directory variable is G4HE3HPDATA pointing to /home/gamos/gamos/external/geant4/geant4.10.02.gamos/../data/G4TENDL1.3/He3/Inelastic
 G4AlphaPHPBuilder 
@@@ G4ParticleHPInelasticData instantiated for particle alpha data directory variable is G4ALPHAHPDATA pointing to /home/gamos/gamos/external/geant4/geant4.10.02.gamos/../data/G4TENDL1.3/Alpha
NeutronHP: .3/Alpha/Inelastic file for Z = 8, A = 18 is not found and CrossSection set to 0.
NeutronHP: .3/Alpha/Inelastic file for Z = 1, A = 1 is not found and CrossSection set to 0.
NeutronHP: .3/Alpha/Inelastic file for Z = 1, A = 2 is not found and CrossSection set to 0.
/home/gamos/gamos/external/geant4/geant4.10.02.gamos/../data/G4TENDL1.3/Alpha
@@@ G4ParticleHPInelastic instantiated for particle alpha data directory variable is G4ALPHAHPDATA pointing to /home/gamos/gamos/external/geant4/geant4.10.02.gamos/../data/G4TENDL1.3/Alpha/Inelastic
/gamos/physics/addPhysics radioactiveDecay
/control/execute ../exercise0/pbsSource.in
/gamos/generator/addSingleParticleSource source proton 226.62*MeV
/gamos/generator/energyDist source GmGenerDistEnergyConstant 226.62*MeV
/gamos/generator/timeDist source GmGenerDistTimeConstantChange 32.*ps
    theTimeDistribution->SetParticleSource( this ) 0x326b220 0x326b4c0
/gamos/generator/positionDist source GmGenerDistPositionDisc 1.5*mm 0. 0. -400.*mm
/gamos/generator/directionDist source GmGenerDistDirectionCone 0. 0. 1. 3.6*mrad
/gamos/userAction GmCountTracksUA
/gamos/filter inPhantomFilter GmInLogicalVolumeFilter phantom
/gamos/filter secondariesInPhantomFilter GmANDFilter inPhantomFilter GmSecondaryFilter
/gamos/userAction GmCountProcessesUA secondariesInPhantomFilter
/run/beamOn 1000

phot:   for  gamma    SubType= 12  BuildTable= 0
      LambdaPrime table from 200 keV to 10 TeV in 54 bins 
      ===== EM models for the G4Region  DefaultRegionForTheWorld ======
       PhotoElectric :  Emin=        0 eV    Emax=       10 TeV   AngularGenSauterGavrila  FluoActive

compt:   for  gamma    SubType= 13  BuildTable= 1
      Lambda table from 100 eV  to 1 MeV, 7 bins per decade, spline: 1
      LambdaPrime table from 1 MeV to 10 TeV in 49 bins 
      ===== EM models for the G4Region  DefaultRegionForTheWorld ======
       Klein-Nishina :  Emin=        0 eV    Emax=       10 TeV

conv:   for  gamma    SubType= 14  BuildTable= 1
      Lambda table from 1.022 MeV to 10 TeV, 20 bins per decade, spline: 1
      ===== EM models for the G4Region  DefaultRegionForTheWorld ======
        BetheHeitler :  Emin=        0 eV    Emax=       80 GeV
     BetheHeitlerLPM :  Emin=       80 GeV   Emax=       10 TeV

msc:   for e-    SubType= 10
      RangeFactor= 0.04, stepLimitType: 1, latDisplacement: 1
      ===== EM models for the G4Region  DefaultRegionForTheWorld ======
            UrbanMsc :  Emin=        0 eV    Emax=      100 MeV  Table with 42 bins Emin=    100 eV    Emax=    100 MeV
        WentzelVIUni :  Emin=      100 MeV   Emax=       10 TeV  Table with 35 bins Emin=    100 MeV   Emax=     10 TeV

eIoni:   for  e-    SubType= 2
      dE/dx and range tables from 100 eV  to 10 TeV in 77 bins
      Lambda tables from threshold to 10 TeV, 7 bins per decade, spline: 1
      finalRange(mm)= 1, dRoverRange= 0.2, integral: 1, fluct: 1, linLossLimit= 0.01
      ===== EM models for the G4Region  DefaultRegionForTheWorld ======
        MollerBhabha :  Emin=        0 eV    Emax=       10 TeV

eBrem:   for  e-    SubType= 3
      dE/dx and range tables from 100 eV  to 10 TeV in 77 bins
      Lambda tables from threshold to 10 TeV, 7 bins per decade, spline: 1
      LPM flag: 1 for E > 1 GeV,  HighEnergyThreshold(GeV)= 10000
      ===== EM models for the G4Region  DefaultRegionForTheWorld ======
             eBremSB :  Emin=        0 eV    Emax=        1 GeV   DipBustGen
            eBremLPM :  Emin=        1 GeV   Emax=       10 TeV   DipBustGen

CoulombScat:   for  e-, integral: 1     SubType= 1  BuildTable= 1
      Lambda table from 100 MeV to 10 TeV, 7 bins per decade, spline: 1
      180 < Theta(degree) < 180; pLimit(GeV^1)= 0.139531
      ===== EM models for the G4Region  DefaultRegionForTheWorld ======
  eCoulombScattering :  Emin=      100 MeV   Emax=       10 TeV

msc:   for e+    SubType= 10
      RangeFactor= 0.04, stepLimitType: 1, latDisplacement: 1
      ===== EM models for the G4Region  DefaultRegionForTheWorld ======
            UrbanMsc :  Emin=        0 eV    Emax=      100 MeV  Table with 42 bins Emin=    100 eV    Emax=    100 MeV
        WentzelVIUni :  Emin=      100 MeV   Emax=       10 TeV  Table with 35 bins Emin=    100 MeV   Emax=     10 TeV

eIoni:   for  e+    SubType= 2
      dE/dx and range tables from 100 eV  to 10 TeV in 77 bins
      Lambda tables from threshold to 10 TeV, 7 bins per decade, spline: 1
      finalRange(mm)= 1, dRoverRange= 0.2, integral: 1, fluct: 1, linLossLimit= 0.01
      ===== EM models for the G4Region  DefaultRegionForTheWorld ======
        MollerBhabha :  Emin=        0 eV    Emax=       10 TeV

eBrem:   for  e+    SubType= 3
      dE/dx and range tables from 100 eV  to 10 TeV in 77 bins
      Lambda tables from threshold to 10 TeV, 7 bins per decade, spline: 1
      LPM flag: 1 for E > 1 GeV,  HighEnergyThreshold(GeV)= 10000
      ===== EM models for the G4Region  DefaultRegionForTheWorld ======
             eBremSB :  Emin=        0 eV    Emax=        1 GeV   DipBustGen
            eBremLPM :  Emin=        1 GeV   Emax=       10 TeV   DipBustGen

annihil:   for  e+, integral: 1     SubType= 5  BuildTable= 0
      ===== EM models for the G4Region  DefaultRegionForTheWorld ======
            eplus2gg :  Emin=        0 eV    Emax=       10 TeV

CoulombScat:   for  e+, integral: 1     SubType= 1  BuildTable= 1
      Lambda table from 100 MeV to 10 TeV, 7 bins per decade, spline: 1
      180 < Theta(degree) < 180; pLimit(GeV^1)= 0.139531
      ===== EM models for the G4Region  DefaultRegionForTheWorld ======
  eCoulombScattering :  Emin=      100 MeV   Emax=       10 TeV

msc:   for proton    SubType= 10
      RangeFactor= 0.2, step limit type: 0, lateralDisplacement: 0, polarAngleLimit(deg)= 180
      ===== EM models for the G4Region  DefaultRegionForTheWorld ======
        WentzelVIUni :  Emin=        0 eV    Emax=       10 TeV  Table with 77 bins Emin=    100 eV    Emax=     10 TeV

hIoni:   for  proton    SubType= 2
      dE/dx and range tables from 100 eV  to 10 TeV in 77 bins
      Lambda tables from threshold to 10 TeV, 7 bins per decade, spline: 1
      finalRange(mm)= 0.1, dRoverRange= 0.2, integral: 1, fluct: 1, linLossLimit= 0.01
      ===== EM models for the G4Region  DefaultRegionForTheWorld ======
               Bragg :  Emin=        0 eV    Emax=        2 MeV
          BetheBloch :  Emin=        2 MeV   Emax=       10 TeV

hBrems:   for  proton    SubType= 3
      dE/dx and range tables from 100 eV  to 10 TeV in 77 bins
      Lambda tables from threshold to 10 TeV, 7 bins per decade, spline: 1
      ===== EM models for the G4Region  DefaultRegionForTheWorld ======
               hBrem :  Emin=        0 eV    Emax=       10 TeV

hPairProd:   for  proton    SubType= 4
      dE/dx and range tables from 100 eV  to 10 TeV in 77 bins
      Lambda tables from threshold to 10 TeV, 7 bins per decade, spline: 1
      Sampling table 13x1001; from 7.50618 GeV to 10 TeV 
      ===== EM models for the G4Region  DefaultRegionForTheWorld ======
           hPairProd :  Emin=        0 eV    Emax=       10 TeV

CoulombScat:   for  proton, integral: 1     SubType= 1  BuildTable= 1
      Used Lambda table of anti_proton
      180 < Theta(degree) < 180; pLimit(GeV^1)= 0.139531
      ===== EM models for the G4Region  DefaultRegionForTheWorld ======
  eCoulombScattering :  Emin=        0 eV    Emax=       10 TeV
/home/gamos/gamos/external/geant4/geant4.10.02.gamos/../data/G4TENDL1.3/Proton
@@@ G4ParticleHPInelastic instantiated for particle proton data directory variable is G4PROTONHPDATA pointing to /home/gamos/gamos/external/geant4/geant4.10.02.gamos/../data/G4TENDL1.3/Proton/Inelastic

msc:   for GenericIon    SubType= 10
      RangeFactor= 0.2, stepLimitType: 0, latDisplacement: 0
      ===== EM models for the G4Region  DefaultRegionForTheWorld ======
            UrbanMsc :  Emin=        0 eV    Emax=       10 TeV

ionIoni:   for  GenericIon    SubType= 2
      dE/dx and range tables from 100 eV  to 10 TeV in 77 bins
      Lambda tables from threshold to 10 TeV, 7 bins per decade, spline: 1
      finalRange(mm)= 0.01, dRoverRange= 0.1, integral: 1, fluct: 1, linLossLimit= 0.02
      Stopping Power data for 17 ion/material pairs 
      ===== EM models for the G4Region  DefaultRegionForTheWorld ======
            BraggIon :  Emin=        0 eV    Emax=        2 MeV
          BetheBloch :  Emin=        2 MeV   Emax=       10 TeV

### ===  Deexcitation model UAtomDeexcitation is activated for 1 region:
          DefaultRegionForTheWorld
/home/gamos/gamos/external/geant4/geant4.10.02.gamos/../data/G4TENDL1.3/He3
@@@ G4ParticleHPInelastic instantiated for particle He3 data directory variable is G4HE3HPDATA pointing to /home/gamos/gamos/external/geant4/geant4.10.02.gamos/../data/G4TENDL1.3/He3/Inelastic

msc:   for alpha    SubType= 10
      RangeFactor= 0.2, stepLimitType: 0, latDisplacement: 0
      ===== EM models for the G4Region  DefaultRegionForTheWorld ======
            UrbanMsc :  Emin=        0 eV    Emax=       10 TeV  Table with 77 bins Emin=    100 eV    Emax=     10 TeV

ionIoni:   for  alpha    SubType= 2
      dE/dx and range tables from 100 eV  to 10 TeV in 77 bins
      Lambda tables from threshold to 10 TeV, 7 bins per decade, spline: 1
      finalRange(mm)= 0.01, dRoverRange= 0.1, integral: 1, fluct: 1, linLossLimit= 0.02
      ===== EM models for the G4Region  DefaultRegionForTheWorld ======
            BraggIon :  Emin=        0 eV    Emax=   7.9452 MeV
          BetheBloch :  Emin=   7.9452 MeV   Emax=       10 TeV
/home/gamos/gamos/external/geant4/geant4.10.02.gamos/../data/G4TENDL1.3/Alpha
@@@ G4ParticleHPInelastic instantiated for particle alpha data directory variable is G4ALPHAHPDATA pointing to /home/gamos/gamos/external/geant4/geant4.10.02.gamos/../data/G4TENDL1.3/Alpha/Inelastic

msc:   for anti_proton    SubType= 10
      RangeFactor= 0.2, step limit type: 0, lateralDisplacement: 0, polarAngleLimit(deg)= 180
      ===== EM models for the G4Region  DefaultRegionForTheWorld ======
        WentzelVIUni :  Emin=        0 eV    Emax=       10 TeV  Table with 77 bins Emin=    100 eV    Emax=     10 TeV

hIoni:   for  anti_proton    SubType= 2
      dE/dx and range tables from 100 eV  to 10 TeV in 77 bins
      Lambda tables from threshold to 10 TeV, 7 bins per decade, spline: 1
      finalRange(mm)= 0.1, dRoverRange= 0.2, integral: 1, fluct: 1, linLossLimit= 0.01
      ===== EM models for the G4Region  DefaultRegionForTheWorld ======
            ICRU73QO :  Emin=        0 eV    Emax=        2 MeV
          BetheBloch :  Emin=        2 MeV   Emax=       10 TeV

hBrems:   for  anti_proton    SubType= 3
      dE/dx and range tables from 100 eV  to 10 TeV in 77 bins
      Lambda tables from threshold to 10 TeV, 7 bins per decade, spline: 1
      ===== EM models for the G4Region  DefaultRegionForTheWorld ======
               hBrem :  Emin=        0 eV    Emax=       10 TeV

hPairProd:   for  anti_proton    SubType= 4
      dE/dx and range tables from 100 eV  to 10 TeV in 77 bins
      Lambda tables from threshold to 10 TeV, 7 bins per decade, spline: 1
      Sampling table 13x1001; from 7.50618 GeV to 10 TeV 
      ===== EM models for the G4Region  DefaultRegionForTheWorld ======
           hPairProd :  Emin=        0 eV    Emax=       10 TeV

CoulombScat:   for  anti_proton, integral: 1     SubType= 1  BuildTable= 1
      Lambda table from threshold  to 10 TeV, 7 bins per decade, spline: 1
      180 < Theta(degree) < 180; pLimit(GeV^1)= 0.139531
      ===== EM models for the G4Region  DefaultRegionForTheWorld ======
  eCoulombScattering :  Emin=        0 eV    Emax=       10 TeV
/home/gamos/gamos/external/geant4/geant4.10.02.gamos/../data/G4TENDL1.3/Deuteron
@@@ G4ParticleHPInelastic instantiated for particle deuteron data directory variable is G4DEUTERONHPDATA pointing to /home/gamos/gamos/external/geant4/geant4.10.02.gamos/../data/G4TENDL1.3/Deuteron/Inelastic

msc:   for kaon+    SubType= 10
      RangeFactor= 0.2, step limit type: 0, lateralDisplacement: 0, polarAngleLimit(deg)= 180
      ===== EM models for the G4Region  DefaultRegionForTheWorld ======
        WentzelVIUni :  Emin=        0 eV    Emax=       10 TeV  Table with 77 bins Emin=    100 eV    Emax=     10 TeV

hIoni:   for  kaon+    SubType= 2
      dE/dx and range tables from 100 eV  to 10 TeV in 77 bins
      Lambda tables from threshold to 10 TeV, 7 bins per decade, spline: 1
      finalRange(mm)= 0.1, dRoverRange= 0.2, integral: 1, fluct: 1, linLossLimit= 0.01
      ===== EM models for the G4Region  DefaultRegionForTheWorld ======
               Bragg :  Emin=        0 eV    Emax=  1.05231 MeV
          BetheBloch :  Emin=  1.05231 MeV   Emax=       10 TeV

hBrems:   for  kaon+    SubType= 3
      dE/dx and range tables from 100 eV  to 10 TeV in 77 bins
      Lambda tables from threshold to 10 TeV, 7 bins per decade, spline: 1
      ===== EM models for the G4Region  DefaultRegionForTheWorld ======
               hBrem :  Emin=        0 eV    Emax=       10 TeV

hPairProd:   for  kaon+    SubType= 4
      dE/dx and range tables from 100 eV  to 10 TeV in 77 bins
      Lambda tables from threshold to 10 TeV, 7 bins per decade, spline: 1
      Sampling table 14x1001; from 3.94942 GeV to 10 TeV 
      ===== EM models for the G4Region  DefaultRegionForTheWorld ======
           hPairProd :  Emin=        0 eV    Emax=       10 TeV

CoulombScat:   for  kaon+, integral: 1     SubType= 1  BuildTable= 1
      Lambda table from threshold  to 10 TeV, 7 bins per decade, spline: 1
      180 < Theta(degree) < 180; pLimit(GeV^1)= 0.139531
      ===== EM models for the G4Region  DefaultRegionForTheWorld ======
  eCoulombScattering :  Emin=        0 eV    Emax=       10 TeV

msc:   for kaon-    SubType= 10
      RangeFactor= 0.2, step limit type: 0, lateralDisplacement: 0, polarAngleLimit(deg)= 180
      ===== EM models for the G4Region  DefaultRegionForTheWorld ======
        WentzelVIUni :  Emin=        0 eV    Emax=       10 TeV  Table with 77 bins Emin=    100 eV    Emax=     10 TeV

hIoni:   for  kaon-    SubType= 2
      dE/dx and range tables from 100 eV  to 10 TeV in 77 bins
      Lambda tables from threshold to 10 TeV, 7 bins per decade, spline: 1
      finalRange(mm)= 0.1, dRoverRange= 0.2, integral: 1, fluct: 1, linLossLimit= 0.01
      ===== EM models for the G4Region  DefaultRegionForTheWorld ======
            ICRU73QO :  Emin=        0 eV    Emax=  1.05231 MeV
          BetheBloch :  Emin=  1.05231 MeV   Emax=       10 TeV

hBrems:   for  kaon-    SubType= 3
      dE/dx and range tables from 100 eV  to 10 TeV in 77 bins
      Lambda tables from threshold to 10 TeV, 7 bins per decade, spline: 1
      ===== EM models for the G4Region  DefaultRegionForTheWorld ======
               hBrem :  Emin=        0 eV    Emax=       10 TeV

hPairProd:   for  kaon-    SubType= 4
      dE/dx and range tables from 100 eV  to 10 TeV in 77 bins
      Lambda tables from threshold to 10 TeV, 7 bins per decade, spline: 1
      Sampling table 14x1001; from 3.94942 GeV to 10 TeV 
      ===== EM models for the G4Region  DefaultRegionForTheWorld ======
           hPairProd :  Emin=        0 eV    Emax=       10 TeV

CoulombScat:   for  kaon-, integral: 1     SubType= 1  BuildTable= 1
      Used Lambda table of kaon+
      180 < Theta(degree) < 180; pLimit(GeV^1)= 0.139531
      ===== EM models for the G4Region  DefaultRegionForTheWorld ======
  eCoulombScattering :  Emin=        0 eV    Emax=       10 TeV

msc:   for mu+    SubType= 10
      RangeFactor= 0.2, step limit type: 0, lateralDisplacement: 0, polarAngleLimit(deg)= 180
      ===== EM models for the G4Region  DefaultRegionForTheWorld ======
        WentzelVIUni :  Emin=        0 eV    Emax=       10 TeV  Table with 77 bins Emin=    100 eV    Emax=     10 TeV

muIoni:   for  mu+    SubType= 2
      dE/dx and range tables from 100 eV  to 10 TeV in 77 bins
      Lambda tables from threshold to 10 TeV, 7 bins per decade, spline: 1
      finalRange(mm)= 1, dRoverRange= 0.2, integral: 1, fluct: 1, linLossLimit= 0.01
      ===== EM models for the G4Region  DefaultRegionForTheWorld ======
               Bragg :  Emin=        0 eV    Emax=      200 keV
          BetheBloch :  Emin=      200 keV   Emax=        1 GeV
        MuBetheBloch :  Emin=        1 GeV   Emax=       10 TeV

muBrems:   for  mu+    SubType= 3
      dE/dx and range tables from 100 eV  to 10 TeV in 77 bins
      Lambda tables from threshold to 10 TeV, 7 bins per decade, spline: 1
      ===== EM models for the G4Region  DefaultRegionForTheWorld ======
              MuBrem :  Emin=        0 eV    Emax=       10 TeV

muPairProd:   for  mu+    SubType= 4
      dE/dx and range tables from 100 eV  to 10 TeV in 77 bins
      Lambda tables from threshold to 10 TeV, 7 bins per decade, spline: 1
      Sampling table 17x1001; from 1 GeV to 10 TeV 
      ===== EM models for the G4Region  DefaultRegionForTheWorld ======
          muPairProd :  Emin=        0 eV    Emax=       10 TeV

CoulombScat:   for  mu+, integral: 1     SubType= 1  BuildTable= 1
      Lambda table from threshold  to 10 TeV, 7 bins per decade, spline: 1
      180 < Theta(degree) < 180; pLimit(GeV^1)= 0.139531
      ===== EM models for the G4Region  DefaultRegionForTheWorld ======
  eCoulombScattering :  Emin=        0 eV    Emax=       10 TeV

msc:   for mu-    SubType= 10
      RangeFactor= 0.2, step limit type: 0, lateralDisplacement: 0, polarAngleLimit(deg)= 180
      ===== EM models for the G4Region  DefaultRegionForTheWorld ======
        WentzelVIUni :  Emin=        0 eV    Emax=       10 TeV  Table with 77 bins Emin=    100 eV    Emax=     10 TeV

muIoni:   for  mu-    SubType= 2
      dE/dx and range tables from 100 eV  to 10 TeV in 77 bins
      Lambda tables from threshold to 10 TeV, 7 bins per decade, spline: 1
      finalRange(mm)= 1, dRoverRange= 0.2, integral: 1, fluct: 1, linLossLimit= 0.01
      ===== EM models for the G4Region  DefaultRegionForTheWorld ======
            ICRU73QO :  Emin=        0 eV    Emax=      200 keV
          BetheBloch :  Emin=      200 keV   Emax=        1 GeV
        MuBetheBloch :  Emin=        1 GeV   Emax=       10 TeV

muBrems:   for  mu-    SubType= 3
      dE/dx and range tables from 100 eV  to 10 TeV in 77 bins
      Lambda tables from threshold to 10 TeV, 7 bins per decade, spline: 1
      ===== EM models for the G4Region  DefaultRegionForTheWorld ======
              MuBrem :  Emin=        0 eV    Emax=       10 TeV

muPairProd:   for  mu-    SubType= 4
      dE/dx and range tables from 100 eV  to 10 TeV in 77 bins
      Lambda tables from threshold to 10 TeV, 7 bins per decade, spline: 1
      Sampling table 17x1001; from 1 GeV to 10 TeV 
      ===== EM models for the G4Region  DefaultRegionForTheWorld ======
          muPairProd :  Emin=        0 eV    Emax=       10 TeV

CoulombScat:   for  mu-, integral: 1     SubType= 1  BuildTable= 1
      Used Lambda table of mu+
      180 < Theta(degree) < 180; pLimit(GeV^1)= 0.139531
      ===== EM models for the G4Region  DefaultRegionForTheWorld ======
  eCoulombScattering :  Emin=        0 eV    Emax=       10 TeV
NeutronHP: /Capture file for Z = 6, A = 12 is not found and NeutronHP will use /home/gamos/gamos/external/geant4/geant4.10.02.gamos/../data/G4NDL4.5/Capture/CrossSection/6_nat_Carbon
NeutronHP: /Elastic file for Z = 6, A = 12 is not found and NeutronHP will use /home/gamos/gamos/external/geant4/geant4.10.02.gamos/../data/G4NDL4.5/Elastic/CrossSection/6_nat_Carbon
NeutronHP: /Inelastic file for Z = 6, A = 12 is not found and NeutronHP will use /home/gamos/gamos/external/geant4/geant4.10.02.gamos/../data/G4NDL4.5/Inelastic/CrossSection/6_nat_Carbon
NeutronHP: /Capture file for Z = 6, A = 13 is not found and NeutronHP will use /home/gamos/gamos/external/geant4/geant4.10.02.gamos/../data/G4NDL4.5/Capture/CrossSection/6_nat_Carbon
NeutronHP: /Elastic file for Z = 6, A = 13 is not found and NeutronHP will use /home/gamos/gamos/external/geant4/geant4.10.02.gamos/../data/G4NDL4.5/Elastic/CrossSection/6_nat_Carbon
NeutronHP: /Inelastic file for Z = 6, A = 13 is not found and NeutronHP will use /home/gamos/gamos/external/geant4/geant4.10.02.gamos/../data/G4NDL4.5/Inelastic/CrossSection/6_nat_Carbon
NeutronHP: /Capture file for Z = 8, A = 18 is not found and CrossSection set to 0.
NeutronHP: /Elastic file for Z = 8, A = 18 is not found and CrossSection set to 0.
NeutronHP: /Inelastic file for Z = 8, A = 18 is not found and CrossSection set to 0.
NeutronHP: /Elastic file for Z = 6, A = 12 is not found and NeutronHP will use /home/gamos/gamos/external/geant4/geant4.10.02.gamos/../data/G4NDL4.5/Elastic/CrossSection/6_nat_Carbon
NeutronHP: /Elastic file for Z = 6, A = 13 is not found and NeutronHP will use /home/gamos/gamos/external/geant4/geant4.10.02.gamos/../data/G4NDL4.5/Elastic/CrossSection/6_nat_Carbon
NeutronHP: /Elastic file for Z = 8, A = 18 is not found and CrossSection set to 0.
/home/gamos/gamos/external/geant4/geant4.10.02.gamos/../data/G4NDL4.5
@@@ G4ParticleHPInelastic instantiated for particle neutron data directory variable is G4NEUTRONHPDATA pointing to /home/gamos/gamos/external/geant4/geant4.10.02.gamos/../data/G4NDL4.5/Inelastic
NeutronHP: /Capture file for Z = 6, A = 12 is not found and NeutronHP will use /home/gamos/gamos/external/geant4/geant4.10.02.gamos/../data/G4NDL4.5/Capture/CrossSection/6_nat_Carbon
NeutronHP: /Capture file for Z = 6, A = 13 is not found and NeutronHP will use /home/gamos/gamos/external/geant4/geant4.10.02.gamos/../data/G4NDL4.5/Capture/CrossSection/6_nat_Carbon
NeutronHP: /Capture file for Z = 8, A = 18 is not found and CrossSection set to 0.

msc:   for pi+    SubType= 10
      RangeFactor= 0.2, step limit type: 0, lateralDisplacement: 0, polarAngleLimit(deg)= 180
      ===== EM models for the G4Region  DefaultRegionForTheWorld ======
        WentzelVIUni :  Emin=        0 eV    Emax=       10 TeV  Table with 77 bins Emin=    100 eV    Emax=     10 TeV

hIoni:   for  pi+    SubType= 2
      dE/dx and range tables from 100 eV  to 10 TeV in 77 bins
      Lambda tables from threshold to 10 TeV, 7 bins per decade, spline: 1
      finalRange(mm)= 0.1, dRoverRange= 0.2, integral: 1, fluct: 1, linLossLimit= 0.01
      ===== EM models for the G4Region  DefaultRegionForTheWorld ======
               Bragg :  Emin=        0 eV    Emax=  297.505 keV
          BetheBloch :  Emin=  297.505 keV   Emax=       10 TeV

hBrems:   for  pi+    SubType= 3
      dE/dx and range tables from 100 eV  to 10 TeV in 77 bins
      Lambda tables from threshold to 10 TeV, 7 bins per decade, spline: 1
      ===== EM models for the G4Region  DefaultRegionForTheWorld ======
               hBrem :  Emin=        0 eV    Emax=       10 TeV

hPairProd:   for  pi+    SubType= 4
      dE/dx and range tables from 100 eV  to 10 TeV in 77 bins
      Lambda tables from threshold to 10 TeV, 7 bins per decade, spline: 1
      Sampling table 16x1001; from 1.11656 GeV to 10 TeV 
      ===== EM models for the G4Region  DefaultRegionForTheWorld ======
           hPairProd :  Emin=        0 eV    Emax=       10 TeV

CoulombScat:   for  pi+, integral: 1     SubType= 1  BuildTable= 1
      Lambda table from threshold  to 10 TeV, 7 bins per decade, spline: 1
      180 < Theta(degree) < 180; pLimit(GeV^1)= 0.139531
      ===== EM models for the G4Region  DefaultRegionForTheWorld ======
  eCoulombScattering :  Emin=        0 eV    Emax=       10 TeV

msc:   for pi-    SubType= 10
      RangeFactor= 0.2, step limit type: 0, lateralDisplacement: 0, polarAngleLimit(deg)= 180
      ===== EM models for the G4Region  DefaultRegionForTheWorld ======
        WentzelVIUni :  Emin=        0 eV    Emax=       10 TeV  Table with 77 bins Emin=    100 eV    Emax=     10 TeV

hIoni:   for  pi-    SubType= 2
      dE/dx and range tables from 100 eV  to 10 TeV in 77 bins
      Lambda tables from threshold to 10 TeV, 7 bins per decade, spline: 1
      finalRange(mm)= 0.1, dRoverRange= 0.2, integral: 1, fluct: 1, linLossLimit= 0.01
      ===== EM models for the G4Region  DefaultRegionForTheWorld ======
            ICRU73QO :  Emin=        0 eV    Emax=  297.505 keV
          BetheBloch :  Emin=  297.505 keV   Emax=       10 TeV

hBrems:   for  pi-    SubType= 3
      dE/dx and range tables from 100 eV  to 10 TeV in 77 bins
      Lambda tables from threshold to 10 TeV, 7 bins per decade, spline: 1
      ===== EM models for the G4Region  DefaultRegionForTheWorld ======
               hBrem :  Emin=        0 eV    Emax=       10 TeV

hPairProd:   for  pi-    SubType= 4
      dE/dx and range tables from 100 eV  to 10 TeV in 77 bins
      Lambda tables from threshold to 10 TeV, 7 bins per decade, spline: 1
      Sampling table 16x1001; from 1.11656 GeV to 10 TeV 
      ===== EM models for the G4Region  DefaultRegionForTheWorld ======
           hPairProd :  Emin=        0 eV    Emax=       10 TeV

CoulombScat:   for  pi-, integral: 1     SubType= 1  BuildTable= 1
      Used Lambda table of pi+
      180 < Theta(degree) < 180; pLimit(GeV^1)= 0.139531
      ===== EM models for the G4Region  DefaultRegionForTheWorld ======
  eCoulombScattering :  Emin=        0 eV    Emax=       10 TeV
/home/gamos/gamos/external/geant4/geant4.10.02.gamos/../data/G4TENDL1.3/Triton
@@@ G4ParticleHPInelastic instantiated for particle triton data directory variable is G4TRITONHPDATA pointing to /home/gamos/gamos/external/geant4/geant4.10.02.gamos/../data/G4TENDL1.3/Triton/Inelastic

====================================================================
                  HADRONIC PROCESSES SUMMARY (verbose level 1)

---------------------------------------------------
                           Hadronic Processes for GenericIon

  Process: ionInelastic
        Model:  Binary Light Ion Cascade: 0 eV /n ---> 4 GeV/n
        Model:                      FTFP: 2 GeV/n ---> 100 TeV/n
     Cr_sctns: Glauber-Gribov nucleus nucleus: 0 eV  ---> 2.88022e+295 J  
     Cr_sctns:          GheishaInelastic: 0 eV  ---> 100 TeV

---------------------------------------------------
                           Hadronic Processes for He3

  Process: he3Inelastic
        Model:       ParticleHPInelastic: 0 eV /n ---> 200 MeV/n
        Model:            Binary Cascade: 200 MeV/n ---> 9.9 GeV/n
     Cr_sctns:          He3HPInelasticXS: 0 eV  ---> 200 MeV
     Cr_sctns:          GheishaInelastic: 0 eV  ---> 100 TeV

  Process: He3Inelastic
        Model:  Binary Light Ion Cascade: 0 eV /n ---> 4 GeV/n
        Model:                      FTFP: 2 GeV/n ---> 100 TeV/n
     Cr_sctns: Glauber-Gribov nucleus nucleus: 0 eV  ---> 2.88022e+295 J  
     Cr_sctns:          GheishaInelastic: 0 eV  ---> 100 TeV

---------------------------------------------------
                           Hadronic Processes for alpha

  Process: hadElastic
        Model:              hElasticLHEP: 0 eV /n ---> 100 TeV/n
     Cr_sctns:            GheishaElastic: 0 eV  ---> 100 TeV

  Process: alphaInelastic
        Model:       ParticleHPInelastic: 0 eV /n ---> 200 MeV/n
        Model:            Binary Cascade: 200 MeV/n ---> 9.9 GeV/n
     Cr_sctns:        AlphaHPInelasticXS: 0 eV  ---> 200 MeV
     Cr_sctns:          GheishaInelastic: 0 eV  ---> 100 TeV

  Process: alphaInelastic
        Model:  Binary Light Ion Cascade: 0 eV /n ---> 4 GeV/n
        Model:                      FTFP: 2 GeV/n ---> 100 TeV/n
     Cr_sctns: Glauber-Gribov nucleus nucleus: 0 eV  ---> 2.88022e+295 J  
     Cr_sctns:          GheishaInelastic: 0 eV  ---> 100 TeV

---------------------------------------------------
                           Hadronic Processes for anti_He3

  Process: hadElastic
        Model:              hElasticLHEP: 0 eV /n ---> 100.1 MeV/n
        Model:              AntiAElastic: 100 MeV/n ---> 100 TeV/n
     Cr_sctns:              AntiAGlauber: 0 eV  ---> 2.88022e+295 J  
     Cr_sctns:            GheishaElastic: 0 eV  ---> 100 TeV

  Process: anti_He3Inelastic
        Model:                      FTFP: 0 eV /n ---> 100 TeV/n
     Cr_sctns:              AntiAGlauber: 0 eV  ---> 2.88022e+295 J  
     Cr_sctns:          GheishaInelastic: 0 eV  ---> 100 TeV

  Process: hFritiofCaptureAtRest

---------------------------------------------------
                           Hadronic Processes for anti_alpha

  Process: hadElastic
        Model:              hElasticLHEP: 0 eV /n ---> 100.1 MeV/n
        Model:              AntiAElastic: 100 MeV/n ---> 100 TeV/n
     Cr_sctns:              AntiAGlauber: 0 eV  ---> 2.88022e+295 J  
     Cr_sctns:            GheishaElastic: 0 eV  ---> 100 TeV

  Process: anti_alphaInelastic
        Model:                      FTFP: 0 eV /n ---> 100 TeV/n
     Cr_sctns:              AntiAGlauber: 0 eV  ---> 2.88022e+295 J  
     Cr_sctns:          GheishaInelastic: 0 eV  ---> 100 TeV

  Process: hFritiofCaptureAtRest

---------------------------------------------------
                           Hadronic Processes for anti_deuteron

  Process: hadElastic
        Model:              hElasticLHEP: 0 eV /n ---> 100.1 MeV/n
        Model:              AntiAElastic: 100 MeV/n ---> 100 TeV/n
     Cr_sctns:              AntiAGlauber: 0 eV  ---> 2.88022e+295 J  
     Cr_sctns:            GheishaElastic: 0 eV  ---> 100 TeV

  Process: anti_deuteronInelastic
        Model:                      FTFP: 0 eV /n ---> 100 TeV/n
     Cr_sctns:              AntiAGlauber: 0 eV  ---> 2.88022e+295 J  
     Cr_sctns:          GheishaInelastic: 0 eV  ---> 100 TeV

  Process: hFritiofCaptureAtRest

---------------------------------------------------
                           Hadronic Processes for anti_neutron

  Process: hadElastic
        Model:              hElasticLHEP: 0 eV  ---> 100 TeV
     Cr_sctns:            GheishaElastic: 0 eV  ---> 100 TeV

  Process: anti_neutronInelastic
        Model:                      FTFP: 0 eV  ---> 100 TeV
     Cr_sctns:              AntiAGlauber: 0 eV  ---> 2.88022e+295 J  
     Cr_sctns:          GheishaInelastic: 0 eV  ---> 100 TeV

---------------------------------------------------
                           Hadronic Processes for anti_proton

  Process: hadElastic
        Model:              hElasticLHEP: 0 eV  ---> 100.1 MeV
        Model:              AntiAElastic: 100 MeV ---> 100 TeV
     Cr_sctns:              AntiAGlauber: 0 eV  ---> 2.88022e+295 J  
     Cr_sctns:            GheishaElastic: 0 eV  ---> 100 TeV

  Process: anti_protonInelastic
        Model:                      FTFP: 0 eV  ---> 100 TeV
     Cr_sctns:              AntiAGlauber: 0 eV  ---> 2.88022e+295 J  
     Cr_sctns:          GheishaInelastic: 0 eV  ---> 100 TeV

  Process: hFritiofCaptureAtRest

---------------------------------------------------
                           Hadronic Processes for anti_triton

  Process: hadElastic
        Model:              hElasticLHEP: 0 eV /n ---> 100.1 MeV/n
        Model:              AntiAElastic: 100 MeV/n ---> 100 TeV/n
     Cr_sctns:              AntiAGlauber: 0 eV  ---> 2.88022e+295 J  
     Cr_sctns:            GheishaElastic: 0 eV  ---> 100 TeV

  Process: anti_tritonInelastic
        Model:                      FTFP: 0 eV /n ---> 100 TeV/n
     Cr_sctns:              AntiAGlauber: 0 eV  ---> 2.88022e+295 J  
     Cr_sctns:          GheishaInelastic: 0 eV  ---> 100 TeV

  Process: hFritiofCaptureAtRest

---------------------------------------------------
                           Hadronic Processes for deuteron

  Process: hadElastic
        Model:              hElasticLHEP: 0 eV /n ---> 100 TeV/n
     Cr_sctns:            GheishaElastic: 0 eV  ---> 100 TeV

  Process: dInelastic
        Model:       ParticleHPInelastic: 0 eV /n ---> 200 MeV/n
        Model:            Binary Cascade: 200 MeV/n ---> 9.9 GeV/n
     Cr_sctns:     DeuteronHPInelasticXS: 0 eV  ---> 200 MeV
     Cr_sctns:          GheishaInelastic: 0 eV  ---> 100 TeV

  Process: dInelastic
        Model:  Binary Light Ion Cascade: 0 eV /n ---> 4 GeV/n
        Model:                      FTFP: 2 GeV/n ---> 100 TeV/n
     Cr_sctns: Glauber-Gribov nucleus nucleus: 0 eV  ---> 2.88022e+295 J  
     Cr_sctns:          GheishaInelastic: 0 eV  ---> 100 TeV

---------------------------------------------------
                           Hadronic Processes for e+

  Process: positronNuclear
        Model:   G4ElectroVDNuclearModel: 0 eV  ---> 1 PeV
     Cr_sctns:          ElectroNuclearXS: 0 eV  ---> 100 TeV
     Cr_sctns:          GheishaInelastic: 0 eV  ---> 100 TeV

---------------------------------------------------
                           Hadronic Processes for e-

  Process: electronNuclear
        Model:   G4ElectroVDNuclearModel: 0 eV  ---> 1 PeV
     Cr_sctns:          ElectroNuclearXS: 0 eV  ---> 100 TeV
     Cr_sctns:          GheishaInelastic: 0 eV  ---> 100 TeV

---------------------------------------------------
                           Hadronic Processes for gamma

  Process: photonNuclear
        Model:            BertiniCascade: 0 eV  ---> 3.5 GeV
        Model:           TheoFSGenerator: 3 GeV ---> 100 TeV
     Cr_sctns:            PhotoNuclearXS: 0 eV  ---> 100 TeV
     Cr_sctns:          GheishaInelastic: 0 eV  ---> 100 TeV

---------------------------------------------------
                           Hadronic Processes for kaon+

  Process: hadElastic
        Model:              hElasticLHEP: 0 eV  ---> 100 TeV
     Cr_sctns:            GheishaElastic: 0 eV  ---> 100 TeV

  Process: kaon+Inelastic
        Model:                      QGSP: 12 GeV ---> 100 TeV
        Model:                      FTFP: 4 GeV ---> 25 GeV
        Model:            BertiniCascade: 0 eV  ---> 5 GeV
     Cr_sctns:            Glauber-Gribov: 0 eV  ---> 2.88022e+295 J  
     Cr_sctns:  ChipsKaonPlusInelasticXS: 0 eV  ---> 100 TeV
     Cr_sctns:          GheishaInelastic: 0 eV  ---> 100 TeV

---------------------------------------------------
                           Hadronic Processes for kaon-

  Process: hadElastic
        Model:              hElasticLHEP: 0 eV  ---> 100 TeV
     Cr_sctns:            GheishaElastic: 0 eV  ---> 100 TeV

  Process: kaon-Inelastic
        Model:                      QGSP: 12 GeV ---> 100 TeV
        Model:                      FTFP: 4 GeV ---> 25 GeV
        Model:            BertiniCascade: 0 eV  ---> 5 GeV
     Cr_sctns:            Glauber-Gribov: 0 eV  ---> 2.88022e+295 J  
     Cr_sctns: ChipsKaonMinusInelasticXS: 0 eV  ---> 100 TeV
     Cr_sctns:          GheishaInelastic: 0 eV  ---> 100 TeV

  Process: hBertiniCaptureAtRest

---------------------------------------------------
                           Hadronic Processes for lambda

  Process: hadElastic
        Model:              hElasticLHEP: 0 eV  ---> 100 TeV
     Cr_sctns:            GheishaElastic: 0 eV  ---> 100 TeV

  Process: lambdaInelastic
        Model:            BertiniCascade: 0 eV  ---> 6 GeV
        Model:                      FTFP: 2 GeV ---> 100 TeV
     Cr_sctns:   ChipsHyperonInelasticXS: 0 eV  ---> 100 TeV
     Cr_sctns:          GheishaInelastic: 0 eV  ---> 100 TeV

---------------------------------------------------
                           Hadronic Processes for mu+

  Process: muonNuclear
        Model:      G4MuonVDNuclearModel: 0 eV  ---> 1 PeV
     Cr_sctns:     KokoulinMuonNuclearXS: 0 eV  ---> 100 TeV

---------------------------------------------------
                           Hadronic Processes for mu-

  Process: muonNuclear
        Model:      G4MuonVDNuclearModel: 0 eV  ---> 1 PeV
     Cr_sctns:     KokoulinMuonNuclearXS: 0 eV  ---> 100 TeV

  Process: muMinusCaptureAtRest

---------------------------------------------------
                           Hadronic Processes for neutron

  Process: hadElastic
        Model:             hElasticCHIPS: 19.5 MeV ---> 100 TeV
        Model:          NeutronHPElastic: 0 eV  ---> 20 MeV
     Cr_sctns:        NeutronHPElasticXS: 0 eV  ---> 20 MeV
     Cr_sctns:        G4NeutronElasticXS: 0 eV  ---> 100 TeV
     Cr_sctns:            GheishaElastic: 0 eV  ---> 100 TeV

  Process: neutronInelastic
        Model:                      QGSP: 12 GeV ---> 100 TeV
        Model:                      FTFP: 9.5 GeV ---> 25 GeV
        Model:            Binary Cascade: 19.9 MeV ---> 9.9 GeV
        Model:       ParticleHPInelastic: 0 eV  ---> 20 MeV
     Cr_sctns:      NeutronHPInelasticXS: 0 eV  ---> 20 MeV
     Cr_sctns:       Barashenkov-Glauber: 0 eV  ---> 100 TeV
     Cr_sctns:       Barashenkov-Glauber: 0 eV  ---> 100 TeV
     Cr_sctns:          GheishaInelastic: 0 eV  ---> 100 TeV

  Process: nCapture
        Model:          NeutronHPCapture: 0 eV  ---> 20 MeV
        Model:               nRadCapture: 19.9 MeV ---> 100 TeV
     Cr_sctns:        NeutronHPCaptureXS: 0 eV  ---> 20 MeV
     Cr_sctns:        G4NeutronCaptureXS: 0 eV  ---> 100 TeV
     Cr_sctns:        NeutronHPCaptureXS: 0 eV  ---> 20 MeV
     Cr_sctns:          GheishaCaptureXS: 0 eV  ---> 100 TeV

  Process: nFission
        Model:          NeutronHPFission: 0 eV  ---> 20 MeV
        Model:                G4LFission: 19.9 MeV ---> 2.88022e+295 J  
     Cr_sctns:        NeutronHPFissionXS: 0 eV  ---> 20 MeV
     Cr_sctns:          GheishaFissionXS: 0 eV  ---> 100 TeV

---------------------------------------------------
                           Hadronic Processes for pi+

  Process: hadElastic
        Model:              hElasticLHEP: 0 eV  ---> 1.0001 GeV
        Model:           hElasticGlauber: 1 GeV ---> 100 TeV
     Cr_sctns:       Barashenkov-Glauber: 0 eV  ---> 100 TeV
     Cr_sctns:            GheishaElastic: 0 eV  ---> 100 TeV

  Process: pi+Inelastic
        Model:                      QGSP: 12 GeV ---> 100 TeV
        Model:                      FTFP: 4 GeV ---> 25 GeV
        Model:            BertiniCascade: 0 eV  ---> 5 GeV
     Cr_sctns:      G4CrossSectionPairGG: 0 eV  ---> 100 TeV
                         G4CrossSectionPairGG: G4PiNuclearCrossSection cross sections 
                           below 91 GeV, Glauber-Gribov above 
     Cr_sctns:      G4CrossSectionPairGG: 0 eV  ---> 100 TeV
                         G4CrossSectionPairGG: G4PiNuclearCrossSection cross sections 
                           below 91 GeV, Glauber-Gribov above 
     Cr_sctns:          GheishaInelastic: 0 eV  ---> 100 TeV

---------------------------------------------------
                           Hadronic Processes for pi-

  Process: hadElastic
        Model:              hElasticLHEP: 0 eV  ---> 1.0001 GeV
        Model:           hElasticGlauber: 1 GeV ---> 100 TeV
     Cr_sctns:       Barashenkov-Glauber: 0 eV  ---> 100 TeV
     Cr_sctns:            GheishaElastic: 0 eV  ---> 100 TeV

  Process: pi-Inelastic
        Model:                      QGSP: 12 GeV ---> 100 TeV
        Model:                      FTFP: 4 GeV ---> 25 GeV
        Model:            BertiniCascade: 0 eV  ---> 5 GeV
     Cr_sctns:      G4CrossSectionPairGG: 0 eV  ---> 100 TeV
                         G4CrossSectionPairGG: G4PiNuclearCrossSection cross sections 
                           below 91 GeV, Glauber-Gribov above 
     Cr_sctns:      G4CrossSectionPairGG: 0 eV  ---> 100 TeV
                         G4CrossSectionPairGG: G4PiNuclearCrossSection cross sections 
                           below 91 GeV, Glauber-Gribov above 
     Cr_sctns:          GheishaInelastic: 0 eV  ---> 100 TeV

  Process: hBertiniCaptureAtRest

---------------------------------------------------
                           Hadronic Processes for proton

  Process: hadElastic
        Model:             hElasticCHIPS: 0 eV  ---> 100 TeV
     Cr_sctns:      ChipsProtonElasticXS: 0 eV  ---> 100 TeV
     Cr_sctns:            GheishaElastic: 0 eV  ---> 100 TeV

  Process: protonInelastic
        Model:                      QGSP: 12 GeV ---> 100 TeV
        Model:                      FTFP: 9.5 GeV ---> 25 GeV
        Model:            Binary Cascade: 200 MeV ---> 9.9 GeV
        Model:       ParticleHPInelastic: 0 eV  ---> 200 MeV
     Cr_sctns:       ProtonHPInelasticXS: 0 eV  ---> 200 MeV
     Cr_sctns:       Barashenkov-Glauber: 0 eV  ---> 100 TeV
     Cr_sctns:       Barashenkov-Glauber: 0 eV  ---> 100 TeV
     Cr_sctns:          GheishaInelastic: 0 eV  ---> 100 TeV

---------------------------------------------------
                           Hadronic Processes for triton

  Process: hadElastic
        Model:              hElasticLHEP: 0 eV /n ---> 100 TeV/n
     Cr_sctns:            GheishaElastic: 0 eV  ---> 100 TeV

  Process: tInelastic
        Model:       ParticleHPInelastic: 0 eV /n ---> 200 MeV/n
        Model:            Binary Cascade: 200 MeV/n ---> 9.9 GeV/n
     Cr_sctns:       TritonHPInelasticXS: 0 eV  ---> 200 MeV
     Cr_sctns:          GheishaInelastic: 0 eV  ---> 100 TeV

  Process: tInelastic
        Model:  Binary Light Ion Cascade: 0 eV /n ---> 4 GeV/n
        Model:                      FTFP: 2 GeV/n ---> 100 TeV/n
     Cr_sctns: Glauber-Gribov nucleus nucleus: 0 eV  ---> 2.88022e+295 J  
     Cr_sctns:          GheishaInelastic: 0 eV  ---> 100 TeV

================================================================

========= Table of registered couples ==============================

Index : 0     used in the geometry : Yes
 Material : G4_AIR
 Range cuts        :  gamma  700 um     e-  700 um     e+  700 um  proton 700 um 
 Energy thresholds :  gamma  990 eV     e-  990 eV     e+  990 eV  proton 70 keV
 Region(s) which use this couple : 
    DefaultRegionForTheWorld

Index : 1     used in the geometry : Yes
 Material : NIST_PMMA
 Range cuts        :  gamma  700 um     e-  700 um     e+  700 um  proton 700 um 
 Energy thresholds :  gamma  2.40367 keV    e-  307.625 keV    e+  299.466 keV proton 70 keV
 Region(s) which use this couple : 
    DefaultRegionForTheWorld

====================================================================

### Run 0 starts.
 %%% EVENT 0 NTRACKS 12 TOTAL NTRACKS 12
 Run terminated.
Run Summary
  Number of events processed : 1000
  User=1.47s Real=1.62s Sys=0s
@@@@@ GmCountProcessesUA 
PART_COUNT: B10 = 5
PART_COUNT: B11 = 13
PART_COUNT: B11[476.697] = 1
PART_COUNT: B11[86.501] = 1
PART_COUNT: Be7 = 4
PART_COUNT: C11 = 10
PART_COUNT: C11[539.556] = 1
PART_COUNT: C12 = 180
PART_COUNT: C13 = 6
PART_COUNT: C14 = 2
PART_COUNT: He3 = 6
PART_COUNT: Li6 = 3
PART_COUNT: Li7 = 5
PART_COUNT: N14 = 6
PART_COUNT: N15 = 3
PART_COUNT: N15[1330.969] = 1
PART_COUNT: O15 = 1
PART_COUNT: O15[1805.352] = 1
PART_COUNT: O15[2304.424] = 1
PART_COUNT: O16 = 87
PART_COUNT: alpha = 231
PART_COUNT: anti_nu_e = 2
PART_COUNT: deuteron = 22
PART_COUNT: e+ = 15
PART_COUNT: e- = 3938
PART_COUNT: gamma = 255
PART_COUNT: neutron = 95
PART_COUNT: nu_e = 15
PART_COUNT: proton = 453
PART_COUNT: triton = 2
PROC_COUNT B10 : RadioactiveDecay = 5
PROC_COUNT B10 : ionIoni_NoSeco = 7
PROC_COUNT B10 : ALL = 12
PROC_COUNT B11 : RadioactiveDecay = 13
PROC_COUNT B11 : ionIoni_NoSeco = 13
PROC_COUNT B11 : ALL = 26
PROC_COUNT B11[476.697] : RadioactiveDecay = 1
PROC_COUNT B11[476.697] : ionIoni_NoSeco = 1
PROC_COUNT B11[476.697] : ALL = 2
PROC_COUNT B11[86.501] : RadioactiveDecay = 1
PROC_COUNT B11[86.501] : ionIoni_NoSeco = 1
PROC_COUNT B11[86.501] : ALL = 2
PROC_COUNT Be7 : RadioactiveDecay = 4
PROC_COUNT Be7 : ionIoni_NoSeco = 4
PROC_COUNT Be7 : ALL = 8
PROC_COUNT C11 : RadioactiveDecay = 10
PROC_COUNT C11 : ionIoni_NoSeco = 11
PROC_COUNT C11 : ALL = 21
PROC_COUNT C11[539.556] : RadioactiveDecay = 1
PROC_COUNT C11[539.556] : ionIoni_NoSeco = 1
PROC_COUNT C11[539.556] : ALL = 2
PROC_COUNT C12 : RadioactiveDecay = 180
PROC_COUNT C12 : ionIoni_NoSeco = 180
PROC_COUNT C12 : ALL = 360
PROC_COUNT C13 : RadioactiveDecay = 6
PROC_COUNT C13 : ionIoni_NoSeco = 6
PROC_COUNT C13 : ALL = 12
PROC_COUNT C14 : RadioactiveDecay = 2
PROC_COUNT C14 : ionIoni_NoSeco = 2
PROC_COUNT C14 : ALL = 4
PROC_COUNT He3 : ionIoni_NoSeco = 28
PROC_COUNT He3 : ALL = 28
PROC_COUNT Li6 : RadioactiveDecay = 3
PROC_COUNT Li6 : ionIoni_NoSeco = 4
PROC_COUNT Li6 : ALL = 7
PROC_COUNT Li7 : RadioactiveDecay = 5
PROC_COUNT Li7 : ionIoni_NoSeco = 5
PROC_COUNT Li7 : ALL = 10
PROC_COUNT N14 : RadioactiveDecay = 6
PROC_COUNT N14 : ionIoni_NoSeco = 6
PROC_COUNT N14 : ALL = 12
PROC_COUNT N15 : RadioactiveDecay = 3
PROC_COUNT N15 : ionIoni_NoSeco = 3
PROC_COUNT N15 : ALL = 6
PROC_COUNT N15[1330.969] : RadioactiveDecay = 1
PROC_COUNT N15[1330.969] : ionIoni_NoSeco = 1
PROC_COUNT N15[1330.969] : ALL = 2
PROC_COUNT O15 : RadioactiveDecay = 1
PROC_COUNT O15 : ionIoni_NoSeco = 1
PROC_COUNT O15 : ALL = 2
PROC_COUNT O15[1805.352] : RadioactiveDecay = 1
PROC_COUNT O15[1805.352] : ionIoni_NoSeco = 1
PROC_COUNT O15[1805.352] : ALL = 2
PROC_COUNT O15[2304.424] : RadioactiveDecay = 1
PROC_COUNT O15[2304.424] : ionIoni_NoSeco = 1
PROC_COUNT O15[2304.424] : ALL = 2
PROC_COUNT O16 : RadioactiveDecay = 87
PROC_COUNT O16 : ionIoni_NoSeco = 87
PROC_COUNT O16 : ALL = 174
PROC_COUNT alpha : ionIoni_NoSeco = 564
PROC_COUNT alpha : ALL = 564
PROC_COUNT anti_nu_e : Transportation = 2
PROC_COUNT anti_nu_e : ALL = 2
PROC_COUNT deuteron : hIoni_NoSeco = 35
PROC_COUNT deuteron : ALL = 35
PROC_COUNT e+ : annihil = 15
PROC_COUNT e+ : eIoni_NoSeco = 32
PROC_COUNT e+ : ALL = 47
PROC_COUNT e- : Transportation = 5
PROC_COUNT e- : eBrem = 75
PROC_COUNT e- : eBrem_NoSeco = 6
PROC_COUNT e- : eIoni = 10
PROC_COUNT e- : eIoni_NoSeco = 5149
PROC_COUNT e- : msc = 290
PROC_COUNT e- : ALL = 5535
PROC_COUNT gamma : Transportation = 175
PROC_COUNT gamma : compt = 700
PROC_COUNT gamma : conv = 4
PROC_COUNT gamma : phot = 77
PROC_COUNT gamma : ALL = 956
PROC_COUNT neutron : Transportation = 61
PROC_COUNT neutron : hadElastic = 1678
PROC_COUNT neutron : nCapture = 15
PROC_COUNT neutron : neutronInelastic = 19
PROC_COUNT neutron : ALL = 1773
PROC_COUNT nu_e : Transportation = 15
PROC_COUNT nu_e : ALL = 15
PROC_COUNT proton : Transportation = 3
PROC_COUNT proton : hIoni = 8
PROC_COUNT proton : hIoni_NoSeco = 4102
PROC_COUNT proton : hadElastic = 22
PROC_COUNT proton : protonInelastic = 12
PROC_COUNT proton : ALL = 4147
PROC_COUNT triton : Decay = 2
PROC_COUNT triton : hIoni_NoSeco = 3
PROC_COUNT triton : ALL = 5
PROC_CREATOR_COUNT B10 : neutronInelastic = 1
PROC_CREATOR_COUNT B10 : protonInelastic = 4
PROC_CREATOR_COUNT B11 : RadioactiveDecay = 10
PROC_CREATOR_COUNT B11 : neutronInelastic = 2
PROC_CREATOR_COUNT B11 : protonInelastic = 1
PROC_CREATOR_COUNT B11[476.697] : neutronInelastic = 1
PROC_CREATOR_COUNT B11[86.501] : neutronInelastic = 1
PROC_CREATOR_COUNT Be7 : protonInelastic = 4
PROC_CREATOR_COUNT C11 : protonInelastic = 10
PROC_CREATOR_COUNT C11[539.556] : protonInelastic = 1
PROC_CREATOR_COUNT C12 : CoulombScat = 1
PROC_CREATOR_COUNT C12 : hadElastic = 169
PROC_CREATOR_COUNT C12 : neutronInelastic = 7
PROC_CREATOR_COUNT C12 : protonInelastic = 3
PROC_CREATOR_COUNT C13 : hadElastic = 3
PROC_CREATOR_COUNT C13 : neutronInelastic = 1
PROC_CREATOR_COUNT C13 : protonInelastic = 2
PROC_CREATOR_COUNT C14 : neutronInelastic = 1
PROC_CREATOR_COUNT C14 : protonInelastic = 1
PROC_CREATOR_COUNT He3 : neutronInelastic = 1
PROC_CREATOR_COUNT He3 : protonInelastic = 5
PROC_CREATOR_COUNT Li6 : neutronInelastic = 1
PROC_CREATOR_COUNT Li6 : protonInelastic = 2
PROC_CREATOR_COUNT Li7 : RadioactiveDecay = 4
PROC_CREATOR_COUNT Li7 : protonInelastic = 1
PROC_CREATOR_COUNT N14 : RadioactiveDecay = 2
PROC_CREATOR_COUNT N14 : neutronInelastic = 1
PROC_CREATOR_COUNT N14 : protonInelastic = 3
PROC_CREATOR_COUNT N15 : RadioactiveDecay = 1
PROC_CREATOR_COUNT N15 : protonInelastic = 2
PROC_CREATOR_COUNT N15[1330.969] : protonInelastic = 1
PROC_CREATOR_COUNT O15 : protonInelastic = 1
PROC_CREATOR_COUNT O15[1805.352] : protonInelastic = 1
PROC_CREATOR_COUNT O15[2304.424] : protonInelastic = 1
PROC_CREATOR_COUNT O16 : hadElastic = 86
PROC_CREATOR_COUNT O16 : neutronInelastic = 1
PROC_CREATOR_COUNT alpha : neutronInelastic = 11
PROC_CREATOR_COUNT alpha : protonInelastic = 220
PROC_CREATOR_COUNT anti_nu_e : RadioactiveDecay = 2
PROC_CREATOR_COUNT deuteron : nCapture = 15
PROC_CREATOR_COUNT deuteron : neutronInelastic = 1
PROC_CREATOR_COUNT deuteron : protonInelastic = 6
PROC_CREATOR_COUNT e+ : RadioactiveDecay = 11
PROC_CREATOR_COUNT e+ : conv = 4
PROC_CREATOR_COUNT e- : RadioactiveDecay = 6
PROC_CREATOR_COUNT e- : compt = 694
PROC_CREATOR_COUNT e- : conv = 4
PROC_CREATOR_COUNT e- : eIoni = 10
PROC_CREATOR_COUNT e- : hIoni = 3147
PROC_CREATOR_COUNT e- : phot = 77
PROC_CREATOR_COUNT gamma : annihil = 30
PROC_CREATOR_COUNT gamma : eBrem = 75
PROC_CREATOR_COUNT gamma : nCapture = 15
PROC_CREATOR_COUNT gamma : neutronInelastic = 16
PROC_CREATOR_COUNT gamma : protonInelastic = 119
PROC_CREATOR_COUNT neutron : neutronInelastic = 21
PROC_CREATOR_COUNT neutron : protonInelastic = 74
PROC_CREATOR_COUNT nu_e : RadioactiveDecay = 15
PROC_CREATOR_COUNT proton : hadElastic = 130
PROC_CREATOR_COUNT proton : neutronInelastic = 8
PROC_CREATOR_COUNT proton : protonInelastic = 315
PROC_CREATOR_COUNT triton : protonInelastic = 2
Graphics systems deleted.
Visualization Manager deleting...
