/control/execute exercise5d.in
/gamos/setParam GmAnalysisMgr:FileNameSuffix .exercise5d
/gamos/setParam GmGeometryFromText:FileName exercise5.geom
/gamos/geometry GmGeometryFromText
/gamos/physicsList G4QGSP_BIC_HP
<<< Geant4 Physics List simulation engine: QGSP_BIC_HP

/gamos/generator GmGenerator
/run/initialize
/home/arce/gamos/external/geant4/geant4.11.00.p03.gamos/../data/G4NDL4.6
@@@ G4ParticleHPInelastic instantiated for particle neutron data directory variable is G4NEUTRONHPDATA pointing to /home/arce/gamos/external/geant4/geant4.11.00.p03.gamos/../data/G4NDL4.6/Inelastic
@@@ G4ParticleHPInelasticData instantiated for particle neutron data directory variable is G4NEUTRONHPDATA pointing to /home/arce/gamos/external/geant4/geant4.11.00.p03.gamos/../data/G4NDL4.6
/gamos/physics/removeProcessesByType Electromagnetic
/gamos/physics/removeProcessesByName hadElastic
/gamos/generator/addSingleParticleSource source neutron 1.*MeV
/gamos/userAction GmKillAtSteppingActionUA
/gamos/setParam secoParticleC:OnSecondary 1
/gamos/classifier secoParticleC GmClassifierByParticle
/gamos/setParam GmSecondaryTrackDataHistosUA_secoParticleC:DataList log10(SecoKineticEnergy)
/gamos/userAction GmSecondaryTrackDataHistosUA secoParticleC
/run/beamOn 100000
======================================================================
======          Radioactive Decay Physics Parameters           =======
======================================================================
Max life time                                     1.4427e+06 ps
Internal e- conversion flag                       1
Stored internal conversion coefficients           1
Enable correlated gamma emission                  0
Max 2J for sampling of angular correlations       10
Atomic de-excitation enabled                      1
Auger electron emission enabled                   1
Check EM cuts disabled for atomic de-excitation   1
Use Bearden atomic level energies                 0
Use ANSTO fluorescence model                      0
Threshold for very long decay time at rest        1e+27  ns
======================================================================

=======================================================
======       ParticleHP Physics Parameters     ========
=======================================================
 UseOnlyPhotoEvaporation ? 0
 SkipMissingIsotopes ?     0
 NeglectDoppler ?          0
 DoNotAdjustFinalState ?   0
 ProduceFissionFragments ? 0
 UseWendtFissionModel ?    0
 UseNRESP71Model ?         0
=======================================================

@@@ G4ParticleHPInelastic instantiated for particle neutron data directory variable is G4NEUTRONHPDATA pointing to /home/arce/gamos/external/geant4/geant4.11.00.p03.gamos/../data/G4NDL4.6/Inelastic

====================================================================
                  HADRONIC PROCESSES SUMMARY (verbose level 1)

---------------------------------------------------
                           Hadronic Processes for GenericIon

  Process: ionElastic
        Model:          NNDiffuseElastic: 0 eV /n ---> 100 TeV/n
     Cr_sctns:  Glauber-Gribov Nucl-nucl: 0 eV  ---> 25.6 PeV

  Process: ionInelastic
        Model:  Binary Light Ion Cascade: 0 eV /n ---> 6 GeV/n
        Model:                      FTFP: 3 GeV/n ---> 100 TeV/n
     Cr_sctns:  Glauber-Gribov Nucl-nucl: 0 eV  ---> 25.6 PeV

  Process: RadioactiveDecay

---------------------------------------------------
                           Hadronic Processes for He3

  Process: He3Inelastic
        Model:  Binary Light Ion Cascade: 0 eV /n ---> 6 GeV/n
        Model:                      FTFP: 3 GeV/n ---> 100 TeV/n
     Cr_sctns:  Glauber-Gribov Nucl-nucl: 0 eV  ---> 25.6 PeV

---------------------------------------------------
                           Hadronic Processes for alpha

  Process: alphaInelastic
        Model:  Binary Light Ion Cascade: 0 eV /n ---> 6 GeV/n
        Model:                      FTFP: 3 GeV/n ---> 100 TeV/n
     Cr_sctns:  Glauber-Gribov Nucl-nucl: 0 eV  ---> 25.6 PeV

---------------------------------------------------
                           Hadronic Processes for anti_He3

  Process: anti_He3Inelastic
        Model:                      FTFP: 0 eV /n ---> 100 TeV/n
     Cr_sctns:              AntiAGlauber: 0 eV  ---> 25.6 PeV

  Process: hFritiofCaptureAtRest

---------------------------------------------------
                           Hadronic Processes for anti_alpha

  Process: anti_alphaInelastic
        Model:                      FTFP: 0 eV /n ---> 100 TeV/n
     Cr_sctns:              AntiAGlauber: 0 eV  ---> 25.6 PeV

  Process: hFritiofCaptureAtRest

---------------------------------------------------
                           Hadronic Processes for anti_deuteron

  Process: anti_deuteronInelastic
        Model:                      FTFP: 0 eV /n ---> 100 TeV/n
     Cr_sctns:              AntiAGlauber: 0 eV  ---> 25.6 PeV

  Process: hFritiofCaptureAtRest

---------------------------------------------------
                           Hadronic Processes for anti_lambda

  Process: anti_lambdaInelastic
        Model:                      QGSP: 12 GeV ---> 100 TeV
        Model:                      FTFP: 0 eV  ---> 25 GeV
     Cr_sctns:            Glauber-Gribov: 0 eV  ---> 100 TeV

  Process: hFritiofCaptureAtRest

---------------------------------------------------
                           Hadronic Processes for anti_neutron

  Process: anti_neutronInelastic
        Model:                      FTFP: 0 eV  ---> 100 TeV
     Cr_sctns:              AntiAGlauber: 0 eV  ---> 25.6 PeV

  Process: hFritiofCaptureAtRest

---------------------------------------------------
                           Hadronic Processes for anti_proton

  Process: anti_protonInelastic
        Model:                      FTFP: 0 eV  ---> 100 TeV
     Cr_sctns:              AntiAGlauber: 0 eV  ---> 25.6 PeV

  Process: hFritiofCaptureAtRest

---------------------------------------------------
                           Hadronic Processes for anti_triton

  Process: anti_tritonInelastic
        Model:                      FTFP: 0 eV /n ---> 100 TeV/n
     Cr_sctns:              AntiAGlauber: 0 eV  ---> 25.6 PeV

  Process: hFritiofCaptureAtRest

---------------------------------------------------
                           Hadronic Processes for deuteron

  Process: dInelastic
        Model:  Binary Light Ion Cascade: 0 eV /n ---> 6 GeV/n
        Model:                      FTFP: 3 GeV/n ---> 100 TeV/n
     Cr_sctns:  Glauber-Gribov Nucl-nucl: 0 eV  ---> 25.6 PeV

---------------------------------------------------
                           Hadronic Processes for e+

  Process: positronNuclear
        Model:   G4ElectroVDNuclearModel: 0 eV  ---> 1 PeV
     Cr_sctns:          ElectroNuclearXS: 0 eV  ---> 100 TeV

---------------------------------------------------
                           Hadronic Processes for e-

  Process: electronNuclear
        Model:   G4ElectroVDNuclearModel: 0 eV  ---> 1 PeV
     Cr_sctns:          ElectroNuclearXS: 0 eV  ---> 100 TeV

---------------------------------------------------
                           Hadronic Processes for gamma

  Process: photonNuclear
        Model:               GammaNPreco: 0 eV  ---> 200 MeV
        Model:            BertiniCascade: 199 MeV ---> 6 GeV
        Model:           TheoFSGenerator: 3 GeV ---> 100 TeV
     Cr_sctns:            GammaNuclearXS: 0 eV  ---> 100 TeV

---------------------------------------------------
                           Hadronic Processes for kaon+

  Process: kaon+Inelastic
        Model:                      QGSP: 12 GeV ---> 100 TeV
        Model:                      FTFP: 3 GeV ---> 25 GeV
        Model:            BertiniCascade: 0 eV  ---> 6 GeV
     Cr_sctns:            Glauber-Gribov: 0 eV  ---> 100 TeV

---------------------------------------------------
                           Hadronic Processes for kaon-

  Process: kaon-Inelastic
        Model:                      QGSP: 12 GeV ---> 100 TeV
        Model:                      FTFP: 3 GeV ---> 25 GeV
        Model:            BertiniCascade: 0 eV  ---> 6 GeV
     Cr_sctns:            Glauber-Gribov: 0 eV  ---> 100 TeV

  Process: hBertiniCaptureAtRest

---------------------------------------------------
                           Hadronic Processes for lambda

  Process: lambdaInelastic
        Model:                      QGSP: 12 GeV ---> 100 TeV
        Model:                      FTFP: 3 GeV ---> 25 GeV
        Model:            BertiniCascade: 0 eV  ---> 6 GeV
     Cr_sctns:            Glauber-Gribov: 0 eV  ---> 100 TeV

---------------------------------------------------
                           Hadronic Processes for mu+

  Process: muonNuclear
        Model:      G4MuonVDNuclearModel: 0 eV  ---> 1 PeV
     Cr_sctns:     KokoulinMuonNuclearXS: 0 eV  ---> 100 TeV

---------------------------------------------------
                           Hadronic Processes for mu-

  Process: muonNuclear
        Model:      G4MuonVDNuclearModel: 0 eV  ---> 1 PeV
     Cr_sctns:     KokoulinMuonNuclearXS: 0 eV  ---> 100 TeV

  Process: muMinusCaptureAtRest

---------------------------------------------------
                           Hadronic Processes for neutron

  Process: neutronInelastic
        Model:                      QGSP: 12 GeV ---> 100 TeV
        Model:                      FTFP: 3 GeV ---> 25 GeV
        Model:            Binary Cascade: 19.9 MeV ---> 6 GeV
        Model:        NeutronHPInelastic: 0 eV  ---> 20 MeV
     Cr_sctns:      NeutronHPInelasticXS: 0 eV  ---> 20 MeV
     Cr_sctns:      G4NeutronInelasticXS: 0 eV  ---> 100 TeV

  Process: nCapture
        Model:          NeutronHPCapture: 0 eV  ---> 20 MeV
        Model:               nRadCapture: 19.9 MeV ---> 100 TeV
     Cr_sctns:        NeutronHPCaptureXS: 0 eV  ---> 20 MeV
     Cr_sctns:        G4NeutronCaptureXS: 0 eV  ---> 100 TeV

  Process: nFission
        Model:          NeutronHPFission: 0 eV  ---> 20 MeV
        Model:                G4LFission: 19.9 MeV ---> 100 TeV
     Cr_sctns:        NeutronHPFissionXS: 0 eV  ---> 20 MeV
     Cr_sctns:                    ZeroXS: 0 eV  ---> 100 TeV

---------------------------------------------------
                           Hadronic Processes for pi+

  Process: pi+Inelastic
        Model:                      QGSP: 12 GeV ---> 100 TeV
        Model:                      FTFP: 3 GeV ---> 25 GeV
        Model:            BertiniCascade: 0 eV  ---> 6 GeV
     Cr_sctns:  BarashenkovGlauberGribov: 0 eV  ---> 100 TeV

---------------------------------------------------
                           Hadronic Processes for pi-

  Process: pi-Inelastic
        Model:                      QGSP: 12 GeV ---> 100 TeV
        Model:                      FTFP: 3 GeV ---> 25 GeV
        Model:            BertiniCascade: 0 eV  ---> 6 GeV
     Cr_sctns:  BarashenkovGlauberGribov: 0 eV  ---> 100 TeV

  Process: hBertiniCaptureAtRest

---------------------------------------------------
                           Hadronic Processes for proton

  Process: protonInelastic
        Model:                      QGSP: 12 GeV ---> 100 TeV
        Model:                      FTFP: 3 GeV ---> 25 GeV
        Model:            Binary Cascade: 0 eV  ---> 6 GeV
     Cr_sctns:  BarashenkovGlauberGribov: 0 eV  ---> 100 TeV

---------------------------------------------------
                           Hadronic Processes for sigma-

  Process: sigma-Inelastic
        Model:                      QGSP: 12 GeV ---> 100 TeV
        Model:                      FTFP: 3 GeV ---> 25 GeV
        Model:            BertiniCascade: 0 eV  ---> 6 GeV
     Cr_sctns:            Glauber-Gribov: 0 eV  ---> 100 TeV

  Process: hBertiniCaptureAtRest

---------------------------------------------------
                           Hadronic Processes for triton

  Process: tInelastic
        Model:  Binary Light Ion Cascade: 0 eV /n ---> 6 GeV/n
        Model:                      FTFP: 3 GeV/n ---> 100 TeV/n
     Cr_sctns:  Glauber-Gribov Nucl-nucl: 0 eV  ---> 25.6 PeV

================================================================
=======================================================================
======       Pre-compound/De-excitation Physics Parameters     ========
=======================================================================
Type of pre-compound inverse x-section              3
Pre-compound model active                           1
Pre-compound excitation low energy (MeV)            0.1
Pre-compound excitation high energy (MeV)           30
Type of de-excitation inverse x-section             3
Type of de-excitation factory                       Evaporation+GEM
Number of de-excitation channels                    68
Min excitation energy (keV)                         0.01
Min energy per nucleon for multifragmentation (MeV) 2e+05
Limit excitation energy for Fermi BreakUp (MeV)     20
Level density (1/MeV)                               0.075
Use simple level density model                      1
Use discrete excitation energy of the residual      0
Time limit for long lived isomeres (ns)             1442.7
Isomer production flag                              1
Internal e- conversion flag                         1
Store e- internal conversion data                   1
Correlated gamma emission flag                      0
Max 2J for sampling of angular correlations         10
=======================================================================

========= Table of registered couples ============================

Index : 0     used in the geometry : Yes
 Material : G4_Al
 Range cuts        :  gamma  700 um     e-  700 um     e+  700 um  proton 0 fm 
 Energy thresholds :  gamma  5.84707 keV    e-  461.19 keV    e+  445.1 keV proton 0 eV 
 Region(s) which use this couple : 
    DefaultRegionForTheWorld

==================================================================

G4VisManager: Using G4TrajectoryDrawByCharge as fallback trajectory model.
See commands in /vis/modeling/trajectories/ for other options.
### Run 0 starts.
 CreateHisto1D GmSecondaryTrackDataHistosUA_secoParticleC:neutron:log10(SecoKineticEnergy) = 130000101
 CreateHisto1D GmSecondaryTrackDataHistosUA_secoParticleC:Al27:log10(SecoKineticEnergy) = 130000201
 CreateHisto1D GmSecondaryTrackDataHistosUA_secoParticleC:gamma:log10(SecoKineticEnergy) = 130000301
 CreateHisto1D GmSecondaryTrackDataHistosUA_secoParticleC:Al28:log10(SecoKineticEnergy) = 130000401
 Run terminated.
Run Summary
  Number of events processed : 100000
  User=0.560000s Real=0.569002s Sys=0.000000s
0 events have been kept for refreshing and/or reviewing.
  "/vis/reviewKeptEvents" to review them one by one.
  "/vis/enable", then "/vis/viewer/flush" or "/vis/viewer/rebuild" to see them accumulated.
