/control/execute exercise5b.in
/gamos/setParam GmAnalysisMgr:FileNameSuffix .exercise5b
/gamos/setParam GmGeometryUseMaterials:FileName exercise5.geom
/gamos/setParam GmGeometryUseMaterials:Materials G4_Cr
/gamos/geometry GmGeometryUseMaterials
/gamos/physicsList G4QGSP_BIC_HP
<<< Geant4 Physics List simulation engine: QGSP_BIC_HP

/gamos/setParam GmGeneratorChangeEnergyAndMaterial:nEventsPerRun 10000
/gamos/setParam GmGeneratorChangeEnergyAndMaterial:minE 1.E-9*MeV
/gamos/setParam GmGeneratorChangeEnergyAndMaterial:maxE 10.*MeV
/gamos/setParam GmGeneratorChangeEnergyAndMaterial:nStepsE 11
/gamos/setParam GmGeneratorChangeEnergyAndMaterial:logE 1
/gamos/generator GmGeneratorChangeEnergyAndMaterial
/run/initialize
/home/arce/gamos/external/geant4/geant4.11.00.p03.gamos/../data/G4NDL4.6
@@@ G4ParticleHPInelastic instantiated for particle neutron data directory variable is G4NEUTRONHPDATA pointing to /home/arce/gamos/external/geant4/geant4.11.00.p03.gamos/../data/G4NDL4.6/Inelastic
@@@ G4ParticleHPInelasticData instantiated for particle neutron data directory variable is G4NEUTRONHPDATA pointing to /home/arce/gamos/external/geant4/geant4.11.00.p03.gamos/../data/G4NDL4.6
/gamos/physics/removeProcessesByType Electromagnetic
/gamos/physics/removeProcessesByName hadElastic
/gamos/generator/addSingleParticleSource source neutron 1.*MeV
/gamos/setParam SHGetHadronicChannelXSUA:ParticleYields 1
/gamos/userAction SHGetHadronicChannelXSUA
/gamos/userAction GmKillAtStackingActionUA GmSecondaryFilter
/run/beamOn 100000000
======================================================================
======          Radioactive Decay Physics Parameters           =======
======================================================================
Max life time                                     1.4427e+06 ps
Internal e- conversion flag                       1
Stored internal conversion coefficients           1
Enable correlated gamma emission                  0
Max 2J for sampling of angular correlations       10
Atomic de-excitation enabled                      1
Auger electron emission enabled                   1
Check EM cuts disabled for atomic de-excitation   1
Use Bearden atomic level energies                 0
Use ANSTO fluorescence model                      0
Threshold for very long decay time at rest        1e+27  ns
======================================================================

=======================================================
======       ParticleHP Physics Parameters     ========
=======================================================
 UseOnlyPhotoEvaporation ? 0
 SkipMissingIsotopes ?     0
 NeglectDoppler ?          0
 DoNotAdjustFinalState ?   0
 ProduceFissionFragments ? 0
 UseWendtFissionModel ?    0
 UseNRESP71Model ?         0
=======================================================

@@@ G4ParticleHPInelastic instantiated for particle neutron data directory variable is G4NEUTRONHPDATA pointing to /home/arce/gamos/external/geant4/geant4.11.00.p03.gamos/../data/G4NDL4.6/Inelastic

====================================================================
                  HADRONIC PROCESSES SUMMARY (verbose level 1)

---------------------------------------------------
                           Hadronic Processes for GenericIon

  Process: ionElastic
        Model:          NNDiffuseElastic: 0 eV /n ---> 100 TeV/n
     Cr_sctns:  Glauber-Gribov Nucl-nucl: 0 eV  ---> 25.6 PeV

  Process: ionInelastic
        Model:  Binary Light Ion Cascade: 0 eV /n ---> 6 GeV/n
        Model:                      FTFP: 3 GeV/n ---> 100 TeV/n
     Cr_sctns:  Glauber-Gribov Nucl-nucl: 0 eV  ---> 25.6 PeV

  Process: RadioactiveDecay

---------------------------------------------------
                           Hadronic Processes for He3

  Process: He3Inelastic
        Model:  Binary Light Ion Cascade: 0 eV /n ---> 6 GeV/n
        Model:                      FTFP: 3 GeV/n ---> 100 TeV/n
     Cr_sctns:  Glauber-Gribov Nucl-nucl: 0 eV  ---> 25.6 PeV

---------------------------------------------------
                           Hadronic Processes for alpha

  Process: alphaInelastic
        Model:  Binary Light Ion Cascade: 0 eV /n ---> 6 GeV/n
        Model:                      FTFP: 3 GeV/n ---> 100 TeV/n
     Cr_sctns:  Glauber-Gribov Nucl-nucl: 0 eV  ---> 25.6 PeV

---------------------------------------------------
                           Hadronic Processes for anti_He3

  Process: anti_He3Inelastic
        Model:                      FTFP: 0 eV /n ---> 100 TeV/n
     Cr_sctns:              AntiAGlauber: 0 eV  ---> 25.6 PeV

  Process: hFritiofCaptureAtRest

---------------------------------------------------
                           Hadronic Processes for anti_alpha

  Process: anti_alphaInelastic
        Model:                      FTFP: 0 eV /n ---> 100 TeV/n
     Cr_sctns:              AntiAGlauber: 0 eV  ---> 25.6 PeV

  Process: hFritiofCaptureAtRest

---------------------------------------------------
                           Hadronic Processes for anti_deuteron

  Process: anti_deuteronInelastic
        Model:                      FTFP: 0 eV /n ---> 100 TeV/n
     Cr_sctns:              AntiAGlauber: 0 eV  ---> 25.6 PeV

  Process: hFritiofCaptureAtRest

---------------------------------------------------
                           Hadronic Processes for anti_lambda

  Process: anti_lambdaInelastic
        Model:                      QGSP: 12 GeV ---> 100 TeV
        Model:                      FTFP: 0 eV  ---> 25 GeV
     Cr_sctns:            Glauber-Gribov: 0 eV  ---> 100 TeV

  Process: hFritiofCaptureAtRest

---------------------------------------------------
                           Hadronic Processes for anti_neutron

  Process: anti_neutronInelastic
        Model:                      FTFP: 0 eV  ---> 100 TeV
     Cr_sctns:              AntiAGlauber: 0 eV  ---> 25.6 PeV

  Process: hFritiofCaptureAtRest

---------------------------------------------------
                           Hadronic Processes for anti_proton

  Process: anti_protonInelastic
        Model:                      FTFP: 0 eV  ---> 100 TeV
     Cr_sctns:              AntiAGlauber: 0 eV  ---> 25.6 PeV

  Process: hFritiofCaptureAtRest

---------------------------------------------------
                           Hadronic Processes for anti_triton

  Process: anti_tritonInelastic
        Model:                      FTFP: 0 eV /n ---> 100 TeV/n
     Cr_sctns:              AntiAGlauber: 0 eV  ---> 25.6 PeV

  Process: hFritiofCaptureAtRest

---------------------------------------------------
                           Hadronic Processes for deuteron

  Process: dInelastic
        Model:  Binary Light Ion Cascade: 0 eV /n ---> 6 GeV/n
        Model:                      FTFP: 3 GeV/n ---> 100 TeV/n
     Cr_sctns:  Glauber-Gribov Nucl-nucl: 0 eV  ---> 25.6 PeV

---------------------------------------------------
                           Hadronic Processes for e+

  Process: positronNuclear
        Model:   G4ElectroVDNuclearModel: 0 eV  ---> 1 PeV
     Cr_sctns:          ElectroNuclearXS: 0 eV  ---> 100 TeV

---------------------------------------------------
                           Hadronic Processes for e-

  Process: electronNuclear
        Model:   G4ElectroVDNuclearModel: 0 eV  ---> 1 PeV
     Cr_sctns:          ElectroNuclearXS: 0 eV  ---> 100 TeV

---------------------------------------------------
                           Hadronic Processes for gamma

  Process: photonNuclear
        Model:               GammaNPreco: 0 eV  ---> 200 MeV
        Model:            BertiniCascade: 199 MeV ---> 6 GeV
        Model:           TheoFSGenerator: 3 GeV ---> 100 TeV
     Cr_sctns:            GammaNuclearXS: 0 eV  ---> 100 TeV

---------------------------------------------------
                           Hadronic Processes for kaon+

  Process: kaon+Inelastic
        Model:                      QGSP: 12 GeV ---> 100 TeV
        Model:                      FTFP: 3 GeV ---> 25 GeV
        Model:            BertiniCascade: 0 eV  ---> 6 GeV
     Cr_sctns:            Glauber-Gribov: 0 eV  ---> 100 TeV

---------------------------------------------------
                           Hadronic Processes for kaon-

  Process: kaon-Inelastic
        Model:                      QGSP: 12 GeV ---> 100 TeV
        Model:                      FTFP: 3 GeV ---> 25 GeV
        Model:            BertiniCascade: 0 eV  ---> 6 GeV
     Cr_sctns:            Glauber-Gribov: 0 eV  ---> 100 TeV

  Process: hBertiniCaptureAtRest

---------------------------------------------------
                           Hadronic Processes for lambda

  Process: lambdaInelastic
        Model:                      QGSP: 12 GeV ---> 100 TeV
        Model:                      FTFP: 3 GeV ---> 25 GeV
        Model:            BertiniCascade: 0 eV  ---> 6 GeV
     Cr_sctns:            Glauber-Gribov: 0 eV  ---> 100 TeV

---------------------------------------------------
                           Hadronic Processes for mu+

  Process: muonNuclear
        Model:      G4MuonVDNuclearModel: 0 eV  ---> 1 PeV
     Cr_sctns:     KokoulinMuonNuclearXS: 0 eV  ---> 100 TeV

---------------------------------------------------
                           Hadronic Processes for mu-

  Process: muonNuclear
        Model:      G4MuonVDNuclearModel: 0 eV  ---> 1 PeV
     Cr_sctns:     KokoulinMuonNuclearXS: 0 eV  ---> 100 TeV

  Process: muMinusCaptureAtRest

---------------------------------------------------
                           Hadronic Processes for neutron

  Process: neutronInelastic
        Model:                      QGSP: 12 GeV ---> 100 TeV
        Model:                      FTFP: 3 GeV ---> 25 GeV
        Model:            Binary Cascade: 19.9 MeV ---> 6 GeV
        Model:        NeutronHPInelastic: 0 eV  ---> 20 MeV
     Cr_sctns:      NeutronHPInelasticXS: 0 eV  ---> 20 MeV
     Cr_sctns:      G4NeutronInelasticXS: 0 eV  ---> 100 TeV

  Process: nCapture
        Model:          NeutronHPCapture: 0 eV  ---> 20 MeV
        Model:               nRadCapture: 19.9 MeV ---> 100 TeV
     Cr_sctns:        NeutronHPCaptureXS: 0 eV  ---> 20 MeV
     Cr_sctns:        G4NeutronCaptureXS: 0 eV  ---> 100 TeV

  Process: nFission
        Model:          NeutronHPFission: 0 eV  ---> 20 MeV
        Model:                G4LFission: 19.9 MeV ---> 100 TeV
     Cr_sctns:        NeutronHPFissionXS: 0 eV  ---> 20 MeV
     Cr_sctns:                    ZeroXS: 0 eV  ---> 100 TeV

---------------------------------------------------
                           Hadronic Processes for pi+

  Process: pi+Inelastic
        Model:                      QGSP: 12 GeV ---> 100 TeV
        Model:                      FTFP: 3 GeV ---> 25 GeV
        Model:            BertiniCascade: 0 eV  ---> 6 GeV
     Cr_sctns:  BarashenkovGlauberGribov: 0 eV  ---> 100 TeV

---------------------------------------------------
                           Hadronic Processes for pi-

  Process: pi-Inelastic
        Model:                      QGSP: 12 GeV ---> 100 TeV
        Model:                      FTFP: 3 GeV ---> 25 GeV
        Model:            BertiniCascade: 0 eV  ---> 6 GeV
     Cr_sctns:  BarashenkovGlauberGribov: 0 eV  ---> 100 TeV

  Process: hBertiniCaptureAtRest

---------------------------------------------------
                           Hadronic Processes for proton

  Process: protonInelastic
        Model:                      QGSP: 12 GeV ---> 100 TeV
        Model:                      FTFP: 3 GeV ---> 25 GeV
        Model:            Binary Cascade: 0 eV  ---> 6 GeV
     Cr_sctns:  BarashenkovGlauberGribov: 0 eV  ---> 100 TeV

---------------------------------------------------
                           Hadronic Processes for sigma-

  Process: sigma-Inelastic
        Model:                      QGSP: 12 GeV ---> 100 TeV
        Model:                      FTFP: 3 GeV ---> 25 GeV
        Model:            BertiniCascade: 0 eV  ---> 6 GeV
     Cr_sctns:            Glauber-Gribov: 0 eV  ---> 100 TeV

  Process: hBertiniCaptureAtRest

---------------------------------------------------
                           Hadronic Processes for triton

  Process: tInelastic
        Model:  Binary Light Ion Cascade: 0 eV /n ---> 6 GeV/n
        Model:                      FTFP: 3 GeV/n ---> 100 TeV/n
     Cr_sctns:  Glauber-Gribov Nucl-nucl: 0 eV  ---> 25.6 PeV

================================================================
=======================================================================
======       Pre-compound/De-excitation Physics Parameters     ========
=======================================================================
Type of pre-compound inverse x-section              3
Pre-compound model active                           1
Pre-compound excitation low energy (MeV)            0.1
Pre-compound excitation high energy (MeV)           30
Type of de-excitation inverse x-section             3
Type of de-excitation factory                       Evaporation+GEM
Number of de-excitation channels                    68
Min excitation energy (keV)                         0.01
Min energy per nucleon for multifragmentation (MeV) 2e+05
Limit excitation energy for Fermi BreakUp (MeV)     20
Level density (1/MeV)                               0.075
Use simple level density model                      1
Use discrete excitation energy of the residual      0
Time limit for long lived isomeres (ns)             1442.7
Isomer production flag                              1
Internal e- conversion flag                         1
Store e- internal conversion data                   1
Correlated gamma emission flag                      0
Max 2J for sampling of angular correlations         10
=======================================================================

========= Table of registered couples ============================

Index : 0     used in the geometry : Yes
 Material : G4_Al
 Range cuts        :  gamma  700 um     e-  700 um     e+  700 um  proton 0 fm 
 Energy thresholds :  gamma  5.84707 keV    e-  461.19 keV    e+  445.1 keV proton 0 eV 
 Region(s) which use this couple : 
    DefaultRegionForTheWorld

==================================================================

G4VisManager: Using G4TrajectoryDrawByCharge as fallback trajectory model.
See commands in /vis/modeling/trajectories/ for other options.
### Run 0 starts.
1 MINE -9.5 1e-09 10 -9 step= 1
 MAXE 1.5 10 10
 NSTEPE 11
0x55e467f10230 GmGeneratorChangeEnergyAndMaterial::BuildMaterialsFromGe 1
G4GeometryManager::ReportVoxelStats -- Voxel Statistics

    Total memory consumed for geometry optimisation:   0 kByte
    Total CPU time elapsed for geometry optimisation: 0 seconds

========= Table of registered couples ============================

Index : 0     used in the geometry : Yes
 Material : G4_Al
 Range cuts        :  gamma  700 um     e-  700 um     e+  700 um  proton 0 fm 
 Energy thresholds :  gamma  5.84707 keV    e-  461.19 keV    e+  445.1 keV proton 0 eV 
 Region(s) which use this couple : 
    DefaultRegionForTheWorld

==================================================================


========= Table of registered couples ============================

Index : 0     used in the geometry : Yes
 Material : G4_Al
 Range cuts        :  gamma  700 um     e-  700 um     e+  700 um  proton 0 fm 
 Energy thresholds :  gamma  5.84707 keV    e-  461.19 keV    e+  445.1 keV proton 0 eV 
 Region(s) which use this couple : 
    DefaultRegionForTheWorld

==================================================================

NMATES 1 NPROC 3
 CreateHisto1D G4_Al_neutronInelastic_XSmicro = 130000001
 CreateHisto1D G4_Al_neutronInelastic_XSmacro = 130000002
 CreateHisto1D G4_Al_nCapture_XSmicro = 130010001
 CreateHisto1D G4_Al_nCapture_XSmacro = 130010002
 CreateHisto1D G4_Al_nFission_XSmicro = 130020001
 CreateHisto1D G4_Al_nFission_XSmacro = 130020002
@@SHGetHadronicChannelXSUA G4_Al 9.99989e-10 MeV neutronInelastic TOTAL_XS(macro)= 0 mm-1 TOTAL_XS(micro)= 0 barn
@@SHGetHadronicChannelXSUA G4_Al 9.99989e-10 MeV nCapture TOTAL_XS(macro)= 0.00716623 mm-1 TOTAL_XS(micro)= 1.18961 barn
@@SHGetHadronicChannelXSUA G4_Al 9.99989e-10 MeV nFission TOTAL_XS(macro)= 0 mm-1 TOTAL_XS(micro)= 0 barn
@@SHGetHadronicChannelXSUA G4_Al 9.99989e-10 MeV nCapture CHANNEL gamma 1 [Al27 1 Al28 1  = 2309
@@SHGetHadronicChannelXSUA G4_Al 9.99989e-10 MeV nCapture CHANNEL gamma 2 [Al27 1 Al28 1  = 1590
@@SHGetHadronicChannelXSUA G4_Al 9.99989e-10 MeV nCapture CHANNEL gamma 3 [Al27 1 Al28 1  = 1043
@@SHGetHadronicChannelXSUA G4_Al 9.99989e-10 MeV nCapture CHANNEL gamma 4 [Al27 1 Al28 1  = 558
@@SHGetHadronicChannelXSUA G4_Al 9.99989e-10 MeV nCapture CHANNEL gamma 5 [Al27 1 Al28 1  = 197
@@SHGetHadronicChannelXSUA G4_Al 9.99989e-10 MeV nCapture CHANNEL gamma 6 [Al27 1 Al28 1  = 72
@@SHGetHadronicChannelXSUA G4_Al 9.99989e-10 MeV nCapture CHANNEL gamma 7 [Al27 1 Al28 1  = 22
@@SHGetHadronicChannelXSUA G4_Al 9.99989e-10 MeV nCapture CHANNEL gamma 8 [Al27 1 Al28 1  = 3
@@SHGetHadronicChannelXSUA G4_Al 9.99989e-10 MeV nCapture CHANNEL_ALL= #-1(n,)[Al27+Al28 = 5794/10000 = 0.5794*XS(micro)= 0.689258 barn 
130000010 130000000 LOOPING nCapture : 1  #-1(n,)[Al27+Al28 : 0  G4_Al : 0
 CreateHisto1D nCapture_G4_Al_#-1(n,)[Al27+Al28_NPART = 130000013
 CreateHisto1D nCapture_G4_Al_#-1(n,)[Al27+Al28_XSmicro = 130000014
@@SHGetHadronicChannelXSUA G4_Al 9.99989e-10 MeV nCapture Al27 PARTICLE_YIELD Al28 = 5794/10000 = 0.5794 *XS(micro)= 0.689258
 CreateHisto1D nCapture_G4_Al_Al27_Al28_YIELD = 130050015
 CreateHisto1D nCapture_G4_Al_Al27_Al28_YIELD_XSmicro = 130050016
@@SHGetHadronicChannelXSUA G4_Al 9.99989e-10 MeV nCapture Al27 PARTICLE_YIELD gamma = 12445/10000 = 1.2445 *XS(micro)= 1.48046
 CreateHisto1D nCapture_G4_Al_Al27_gamma_YIELD = 130051015
 CreateHisto1D nCapture_G4_Al_Al27_gamma_YIELD_XSmicro = 130051016
@@SHGetHadronicChannelXSUA G4_Al 9.99989e-10 MeV nCapture TOTAL_PARTICLE_YIELD Al28 = 5794/10000 = 0.5794 *XS(micro)= 0.689258
 CreateHisto1D nCapture_G4_Al_Al28_TOTAL_YIELD = 130000015
 CreateHisto1D nCapture_G4_Al_Al28_TOTAL_YIELD_XSmicro = 130000016
nCapture_G4_Al_Al28_TOTAL_YIELD_XSmicro FILL TYXSmich -9= 0.689258 5794 * 1.18961 /10000
@@SHGetHadronicChannelXSUA G4_Al 9.99989e-10 MeV nCapture TOTAL_PARTICLE_YIELD gamma = 12445/10000 = 1.2445 *XS(micro)= 1.48046
 CreateHisto1D nCapture_G4_Al_gamma_TOTAL_YIELD = 130001015
 CreateHisto1D nCapture_G4_Al_gamma_TOTAL_YIELD_XSmicro = 130001016
nCapture_G4_Al_gamma_TOTAL_YIELD_XSmicro FILL TYXSmich -9= 1.48046 12445 * 1.18961 /10000
@@SHGetHadronicChannelXSUA G4_Al 1e-08 MeV neutronInelastic TOTAL_XS(macro)= 0 mm-1 TOTAL_XS(micro)= 0 barn
@@SHGetHadronicChannelXSUA G4_Al 1e-08 MeV nCapture TOTAL_XS(macro)= 0.00226089 mm-1 TOTAL_XS(micro)= 0.375311 barn
@@SHGetHadronicChannelXSUA G4_Al 1e-08 MeV nFission TOTAL_XS(macro)= 0 mm-1 TOTAL_XS(micro)= 0 barn
@@SHGetHadronicChannelXSUA G4_Al 1e-08 MeV nCapture CHANNEL gamma 1 [Al27 1 Al28 1  = 924
@@SHGetHadronicChannelXSUA G4_Al 1e-08 MeV nCapture CHANNEL gamma 2 [Al27 1 Al28 1  = 633
@@SHGetHadronicChannelXSUA G4_Al 1e-08 MeV nCapture CHANNEL gamma 3 [Al27 1 Al28 1  = 465
@@SHGetHadronicChannelXSUA G4_Al 1e-08 MeV nCapture CHANNEL gamma 4 [Al27 1 Al28 1  = 239
@@SHGetHadronicChannelXSUA G4_Al 1e-08 MeV nCapture CHANNEL gamma 5 [Al27 1 Al28 1  = 95
@@SHGetHadronicChannelXSUA G4_Al 1e-08 MeV nCapture CHANNEL gamma 6 [Al27 1 Al28 1  = 31
@@SHGetHadronicChannelXSUA G4_Al 1e-08 MeV nCapture CHANNEL gamma 7 [Al27 1 Al28 1  = 8
@@SHGetHadronicChannelXSUA G4_Al 1e-08 MeV nCapture CHANNEL gamma 8 [Al27 1 Al28 1  = 2
@@SHGetHadronicChannelXSUA G4_Al 1e-08 MeV nCapture CHANNEL_ALL= #-1(n,)[Al27+Al28 = 2397/10000 = 0.2397*XS(micro)= 0.0899621 barn 
130000010 130000000 LOOPING nCapture : 1  #-1(n,)[Al27+Al28 : 0  G4_Al : 0
@@SHGetHadronicChannelXSUA G4_Al 1e-08 MeV nCapture Al27 PARTICLE_YIELD Al28 = 2397/10000 = 0.2397 *XS(micro)= 0.0899621
@@SHGetHadronicChannelXSUA G4_Al 1e-08 MeV nCapture Al27 PARTICLE_YIELD gamma = 5274/10000 = 0.5274 *XS(micro)= 0.197939
@@SHGetHadronicChannelXSUA G4_Al 1e-08 MeV nCapture TOTAL_PARTICLE_YIELD Al28 = 2397/10000 = 0.2397 *XS(micro)= 0.0899621
nCapture_G4_Al_Al28_TOTAL_YIELD_XSmicro FILL TYXSmich -8= 0.0899621 2397 * 0.375311 /10000
@@SHGetHadronicChannelXSUA G4_Al 1e-08 MeV nCapture TOTAL_PARTICLE_YIELD gamma = 5274/10000 = 0.5274 *XS(micro)= 0.197939
nCapture_G4_Al_gamma_TOTAL_YIELD_XSmicro FILL TYXSmich -8= 0.197939 5274 * 0.375311 /10000
@@SHGetHadronicChannelXSUA G4_Al 1e-07 MeV neutronInelastic TOTAL_XS(macro)= 0 mm-1 TOTAL_XS(micro)= 0 barn
@@SHGetHadronicChannelXSUA G4_Al 1e-07 MeV nCapture TOTAL_XS(macro)= 0.000716837 mm-1 TOTAL_XS(micro)= 0.118996 barn
@@SHGetHadronicChannelXSUA G4_Al 1e-07 MeV nFission TOTAL_XS(macro)= 0 mm-1 TOTAL_XS(micro)= 0 barn
@@SHGetHadronicChannelXSUA G4_Al 1e-07 MeV nCapture CHANNEL gamma 1 [Al27 1 Al28 1  = 324
@@SHGetHadronicChannelXSUA G4_Al 1e-07 MeV nCapture CHANNEL gamma 2 [Al27 1 Al28 1  = 187
@@SHGetHadronicChannelXSUA G4_Al 1e-07 MeV nCapture CHANNEL gamma 3 [Al27 1 Al28 1  = 152
@@SHGetHadronicChannelXSUA G4_Al 1e-07 MeV nCapture CHANNEL gamma 4 [Al27 1 Al28 1  = 89
@@SHGetHadronicChannelXSUA G4_Al 1e-07 MeV nCapture CHANNEL gamma 5 [Al27 1 Al28 1  = 24
@@SHGetHadronicChannelXSUA G4_Al 1e-07 MeV nCapture CHANNEL gamma 6 [Al27 1 Al28 1  = 9
@@SHGetHadronicChannelXSUA G4_Al 1e-07 MeV nCapture CHANNEL gamma 7 [Al27 1 Al28 1  = 1
@@SHGetHadronicChannelXSUA G4_Al 1e-07 MeV nCapture CHANNEL_ALL= #-1(n,)[Al27+Al28 = 786/10000 = 0.0786*XS(micro)= 0.00935309 barn 
130000010 130000000 LOOPING nCapture : 1  #-1(n,)[Al27+Al28 : 0  G4_Al : 0
@@SHGetHadronicChannelXSUA G4_Al 1e-07 MeV nCapture Al27 PARTICLE_YIELD Al28 = 786/10000 = 0.0786 *XS(micro)= 0.00935309
@@SHGetHadronicChannelXSUA G4_Al 1e-07 MeV nCapture Al27 PARTICLE_YIELD gamma = 1691/10000 = 0.1691 *XS(micro)= 0.0201222
@@SHGetHadronicChannelXSUA G4_Al 1e-07 MeV nCapture TOTAL_PARTICLE_YIELD Al28 = 786/10000 = 0.0786 *XS(micro)= 0.00935309
nCapture_G4_Al_Al28_TOTAL_YIELD_XSmicro FILL TYXSmich -7= 0.00935309 786 * 0.118996 /10000
@@SHGetHadronicChannelXSUA G4_Al 1e-07 MeV nCapture TOTAL_PARTICLE_YIELD gamma = 1691/10000 = 0.1691 *XS(micro)= 0.0201222
nCapture_G4_Al_gamma_TOTAL_YIELD_XSmicro FILL TYXSmich -7= 0.0201222 1691 * 0.118996 /10000
@@SHGetHadronicChannelXSUA G4_Al 1e-06 MeV neutronInelastic TOTAL_XS(macro)= 0 mm-1 TOTAL_XS(micro)= 0 barn
@@SHGetHadronicChannelXSUA G4_Al 1e-06 MeV nCapture TOTAL_XS(macro)= 0.000224793 mm-1 TOTAL_XS(micro)= 0.0373159 barn
@@SHGetHadronicChannelXSUA G4_Al 1e-06 MeV nFission TOTAL_XS(macro)= 0 mm-1 TOTAL_XS(micro)= 0 barn
@@SHGetHadronicChannelXSUA G4_Al 1e-06 MeV nCapture CHANNEL gamma 1 [Al27 1 Al28 1  = 106
@@SHGetHadronicChannelXSUA G4_Al 1e-06 MeV nCapture CHANNEL gamma 2 [Al27 1 Al28 1  = 55
@@SHGetHadronicChannelXSUA G4_Al 1e-06 MeV nCapture CHANNEL gamma 3 [Al27 1 Al28 1  = 55
@@SHGetHadronicChannelXSUA G4_Al 1e-06 MeV nCapture CHANNEL gamma 4 [Al27 1 Al28 1  = 23
@@SHGetHadronicChannelXSUA G4_Al 1e-06 MeV nCapture CHANNEL gamma 5 [Al27 1 Al28 1  = 13
@@SHGetHadronicChannelXSUA G4_Al 1e-06 MeV nCapture CHANNEL gamma 6 [Al27 1 Al28 1  = 2
@@SHGetHadronicChannelXSUA G4_Al 1e-06 MeV nCapture CHANNEL_ALL= #-1(n,)[Al27+Al28 = 254/10000 = 0.0254*XS(micro)= 0.000947825 barn 
130000010 130000000 LOOPING nCapture : 1  #-1(n,)[Al27+Al28 : 0  G4_Al : 0
@@SHGetHadronicChannelXSUA G4_Al 1e-06 MeV nCapture Al27 PARTICLE_YIELD Al28 = 254/10000 = 0.0254 *XS(micro)= 0.000947825
@@SHGetHadronicChannelXSUA G4_Al 1e-06 MeV nCapture Al27 PARTICLE_YIELD gamma = 550/10000 = 0.055 *XS(micro)= 0.00205238
@@SHGetHadronicChannelXSUA G4_Al 1e-06 MeV nCapture TOTAL_PARTICLE_YIELD Al28 = 254/10000 = 0.0254 *XS(micro)= 0.000947825
nCapture_G4_Al_Al28_TOTAL_YIELD_XSmicro FILL TYXSmich -6= 0.000947825 254 * 0.0373159 /10000
@@SHGetHadronicChannelXSUA G4_Al 1e-06 MeV nCapture TOTAL_PARTICLE_YIELD gamma = 550/10000 = 0.055 *XS(micro)= 0.00205238
nCapture_G4_Al_gamma_TOTAL_YIELD_XSmicro FILL TYXSmich -6= 0.00205238 550 * 0.0373159 /10000
@@SHGetHadronicChannelXSUA G4_Al 1e-05 MeV neutronInelastic TOTAL_XS(macro)= 0 mm-1 TOTAL_XS(micro)= 0 barn
@@SHGetHadronicChannelXSUA G4_Al 1e-05 MeV nCapture TOTAL_XS(macro)= 7.18281e-05 mm-1 TOTAL_XS(micro)= 0.0119236 barn
@@SHGetHadronicChannelXSUA G4_Al 1e-05 MeV nFission TOTAL_XS(macro)= 0 mm-1 TOTAL_XS(micro)= 0 barn
@@SHGetHadronicChannelXSUA G4_Al 1e-05 MeV nCapture CHANNEL gamma 1 [Al27 1 Al28 1  = 35
@@SHGetHadronicChannelXSUA G4_Al 1e-05 MeV nCapture CHANNEL gamma 2 [Al27 1 Al28 1  = 22
@@SHGetHadronicChannelXSUA G4_Al 1e-05 MeV nCapture CHANNEL gamma 3 [Al27 1 Al28 1  = 13
@@SHGetHadronicChannelXSUA G4_Al 1e-05 MeV nCapture CHANNEL gamma 4 [Al27 1 Al28 1  = 10
@@SHGetHadronicChannelXSUA G4_Al 1e-05 MeV nCapture CHANNEL gamma 5 [Al27 1 Al28 1  = 6
@@SHGetHadronicChannelXSUA G4_Al 1e-05 MeV nCapture CHANNEL gamma 6 [Al27 1 Al28 1  = 3
@@SHGetHadronicChannelXSUA G4_Al 1e-05 MeV nCapture CHANNEL_ALL= #-1(n,)[Al27+Al28 = 89/10000 = 0.0089*XS(micro)= 0.00010612 barn 
130000010 130000000 LOOPING nCapture : 1  #-1(n,)[Al27+Al28 : 0  G4_Al : 0
@@SHGetHadronicChannelXSUA G4_Al 1e-05 MeV nCapture Al27 PARTICLE_YIELD Al28 = 89/10000 = 0.0089 *XS(micro)= 0.00010612
@@SHGetHadronicChannelXSUA G4_Al 1e-05 MeV nCapture Al27 PARTICLE_YIELD gamma = 206/10000 = 0.0206 *XS(micro)= 0.000245626
@@SHGetHadronicChannelXSUA G4_Al 1e-05 MeV nCapture TOTAL_PARTICLE_YIELD Al28 = 89/10000 = 0.0089 *XS(micro)= 0.00010612
nCapture_G4_Al_Al28_TOTAL_YIELD_XSmicro FILL TYXSmich -5= 0.00010612 89 * 0.0119236 /10000
@@SHGetHadronicChannelXSUA G4_Al 1e-05 MeV nCapture TOTAL_PARTICLE_YIELD gamma = 206/10000 = 0.0206 *XS(micro)= 0.000245626
nCapture_G4_Al_gamma_TOTAL_YIELD_XSmicro FILL TYXSmich -5= 0.000245626 206 * 0.0119236 /10000
@@SHGetHadronicChannelXSUA G4_Al 0.0001 MeV neutronInelastic TOTAL_XS(macro)= 0 mm-1 TOTAL_XS(micro)= 0 barn
@@SHGetHadronicChannelXSUA G4_Al 0.0001 MeV nCapture TOTAL_XS(macro)= 2.19556e-05 mm-1 TOTAL_XS(micro)= 0.00364466 barn
@@SHGetHadronicChannelXSUA G4_Al 0.0001 MeV nFission TOTAL_XS(macro)= 0 mm-1 TOTAL_XS(micro)= 0 barn
@@SHGetHadronicChannelXSUA G4_Al 0.0001 MeV nCapture CHANNEL gamma 1 [Al27 1 Al28 1  = 17
@@SHGetHadronicChannelXSUA G4_Al 0.0001 MeV nCapture CHANNEL gamma 2 [Al27 1 Al28 1  = 9
@@SHGetHadronicChannelXSUA G4_Al 0.0001 MeV nCapture CHANNEL gamma 3 [Al27 1 Al28 1  = 4
@@SHGetHadronicChannelXSUA G4_Al 0.0001 MeV nCapture CHANNEL gamma 4 [Al27 1 Al28 1  = 3
@@SHGetHadronicChannelXSUA G4_Al 0.0001 MeV nCapture CHANNEL gamma 5 [Al27 1 Al28 1  = 1
@@SHGetHadronicChannelXSUA G4_Al 0.0001 MeV nCapture CHANNEL_ALL= #-1(n,)[Al27+Al28 = 34/10000 = 0.0034*XS(micro)= 1.23919e-05 barn 
130000010 130000000 LOOPING nCapture : 1  #-1(n,)[Al27+Al28 : 0  G4_Al : 0
@@SHGetHadronicChannelXSUA G4_Al 0.0001 MeV nCapture Al27 PARTICLE_YIELD Al28 = 34/10000 = 0.0034 *XS(micro)= 1.23919e-05
@@SHGetHadronicChannelXSUA G4_Al 0.0001 MeV nCapture Al27 PARTICLE_YIELD gamma = 64/10000 = 0.0064 *XS(micro)= 2.33259e-05
@@SHGetHadronicChannelXSUA G4_Al 0.0001 MeV nCapture TOTAL_PARTICLE_YIELD Al28 = 34/10000 = 0.0034 *XS(micro)= 1.23919e-05
nCapture_G4_Al_Al28_TOTAL_YIELD_XSmicro FILL TYXSmich -4= 1.23919e-05 34 * 0.00364466 /10000
@@SHGetHadronicChannelXSUA G4_Al 0.0001 MeV nCapture TOTAL_PARTICLE_YIELD gamma = 64/10000 = 0.0064 *XS(micro)= 2.33259e-05
nCapture_G4_Al_gamma_TOTAL_YIELD_XSmicro FILL TYXSmich -4= 2.33259e-05 64 * 0.00364466 /10000
@@SHGetHadronicChannelXSUA G4_Al 0.001 MeV neutronInelastic TOTAL_XS(macro)= 0 mm-1 TOTAL_XS(micro)= 0 barn
@@SHGetHadronicChannelXSUA G4_Al 0.001 MeV nCapture TOTAL_XS(macro)= 6.16289e-06 mm-1 TOTAL_XS(micro)= 0.00102305 barn
@@SHGetHadronicChannelXSUA G4_Al 0.001 MeV nFission TOTAL_XS(macro)= 0 mm-1 TOTAL_XS(micro)= 0 barn
@@SHGetHadronicChannelXSUA G4_Al 0.001 MeV nCapture CHANNEL gamma 1 [Al27 1 Al28 1  = 4
@@SHGetHadronicChannelXSUA G4_Al 0.001 MeV nCapture CHANNEL gamma 2 [Al27 1 Al28 1  = 3
@@SHGetHadronicChannelXSUA G4_Al 0.001 MeV nCapture CHANNEL gamma 3 [Al27 1 Al28 1  = 2
@@SHGetHadronicChannelXSUA G4_Al 0.001 MeV nCapture CHANNEL gamma 5 [Al27 1 Al28 1  = 1
@@SHGetHadronicChannelXSUA G4_Al 0.001 MeV nCapture CHANNEL gamma 6 [Al27 1 Al28 1  = 1
@@SHGetHadronicChannelXSUA G4_Al 0.001 MeV nCapture CHANNEL_ALL= #-1(n,)[Al27+Al28 = 11/10000 = 0.0011*XS(micro)= 1.12535e-06 barn 
130000010 130000000 LOOPING nCapture : 1  #-1(n,)[Al27+Al28 : 0  G4_Al : 0
@@SHGetHadronicChannelXSUA G4_Al 0.001 MeV nCapture Al27 PARTICLE_YIELD Al28 = 11/10000 = 0.0011 *XS(micro)= 1.12535e-06
@@SHGetHadronicChannelXSUA G4_Al 0.001 MeV nCapture Al27 PARTICLE_YIELD gamma = 27/10000 = 0.0027 *XS(micro)= 2.76223e-06
@@SHGetHadronicChannelXSUA G4_Al 0.001 MeV nCapture TOTAL_PARTICLE_YIELD Al28 = 11/10000 = 0.0011 *XS(micro)= 1.12535e-06
nCapture_G4_Al_Al28_TOTAL_YIELD_XSmicro FILL TYXSmich -3= 1.12535e-06 11 * 0.00102305 /10000
@@SHGetHadronicChannelXSUA G4_Al 0.001 MeV nCapture TOTAL_PARTICLE_YIELD gamma = 27/10000 = 0.0027 *XS(micro)= 2.76223e-06
nCapture_G4_Al_gamma_TOTAL_YIELD_XSmicro FILL TYXSmich -3= 2.76223e-06 27 * 0.00102305 /10000
@@SHGetHadronicChannelXSUA G4_Al 0.01 MeV neutronInelastic TOTAL_XS(macro)= 0 mm-1 TOTAL_XS(micro)= 0 barn
@@SHGetHadronicChannelXSUA G4_Al 0.01 MeV nCapture TOTAL_XS(macro)= 2.31698e-06 mm-1 TOTAL_XS(micro)= 0.000384622 barn
@@SHGetHadronicChannelXSUA G4_Al 0.01 MeV nFission TOTAL_XS(macro)= 0 mm-1 TOTAL_XS(micro)= 0 barn
@@SHGetHadronicChannelXSUA G4_Al 0.01 MeV nCapture CHANNEL gamma 1 [Al27 1 Al28 1  = 1
@@SHGetHadronicChannelXSUA G4_Al 0.01 MeV nCapture CHANNEL gamma 2 [Al27 1 Al28 1  = 2
@@SHGetHadronicChannelXSUA G4_Al 0.01 MeV nCapture CHANNEL gamma 3 [Al27 1 Al28 1  = 3
@@SHGetHadronicChannelXSUA G4_Al 0.01 MeV nCapture CHANNEL_ALL= #-1(n,)[Al27+Al28 = 6/10000 = 0.0006*XS(micro)= 2.30773e-07 barn 
130000010 130000000 LOOPING nCapture : 1  #-1(n,)[Al27+Al28 : 0  G4_Al : 0
@@SHGetHadronicChannelXSUA G4_Al 0.01 MeV nCapture Al27 PARTICLE_YIELD Al28 = 6/10000 = 0.0006 *XS(micro)= 2.30773e-07
@@SHGetHadronicChannelXSUA G4_Al 0.01 MeV nCapture Al27 PARTICLE_YIELD gamma = 14/10000 = 0.0014 *XS(micro)= 5.3847e-07
@@SHGetHadronicChannelXSUA G4_Al 0.01 MeV nCapture TOTAL_PARTICLE_YIELD Al28 = 6/10000 = 0.0006 *XS(micro)= 2.30773e-07
nCapture_G4_Al_Al28_TOTAL_YIELD_XSmicro FILL TYXSmich -2= 2.30773e-07 6 * 0.000384622 /10000
@@SHGetHadronicChannelXSUA G4_Al 0.01 MeV nCapture TOTAL_PARTICLE_YIELD gamma = 14/10000 = 0.0014 *XS(micro)= 5.3847e-07
nCapture_G4_Al_gamma_TOTAL_YIELD_XSmicro FILL TYXSmich -2= 5.3847e-07 14 * 0.000384622 /10000
@@SHGetHadronicChannelXSUA G4_Al 0.1 MeV neutronInelastic TOTAL_XS(macro)= 0 mm-1 TOTAL_XS(micro)= 0 barn
@@SHGetHadronicChannelXSUA G4_Al 0.1 MeV nCapture TOTAL_XS(macro)= 5.31729e-06 mm-1 TOTAL_XS(micro)= 0.000882679 barn
@@SHGetHadronicChannelXSUA G4_Al 0.1 MeV nFission TOTAL_XS(macro)= 0 mm-1 TOTAL_XS(micro)= 0 barn
@@SHGetHadronicChannelXSUA G4_Al 0.1 MeV nCapture CHANNEL gamma 2 [Al27 1 Al28 1  = 2
@@SHGetHadronicChannelXSUA G4_Al 0.1 MeV nCapture CHANNEL gamma 3 [Al27 1 Al28 1  = 3
@@SHGetHadronicChannelXSUA G4_Al 0.1 MeV nCapture CHANNEL_ALL= #-1(n,)[Al27+Al28 = 5/10000 = 0.0005*XS(micro)= 4.41339e-07 barn 
130000010 130000000 LOOPING nCapture : 1  #-1(n,)[Al27+Al28 : 0  G4_Al : 0
@@SHGetHadronicChannelXSUA G4_Al 0.1 MeV nCapture Al27 PARTICLE_YIELD Al28 = 5/10000 = 0.0005 *XS(micro)= 4.41339e-07
@@SHGetHadronicChannelXSUA G4_Al 0.1 MeV nCapture Al27 PARTICLE_YIELD gamma = 13/10000 = 0.0013 *XS(micro)= 1.14748e-06
@@SHGetHadronicChannelXSUA G4_Al 0.1 MeV nCapture TOTAL_PARTICLE_YIELD Al28 = 5/10000 = 0.0005 *XS(micro)= 4.41339e-07
nCapture_G4_Al_Al28_TOTAL_YIELD_XSmicro FILL TYXSmich -1= 4.41339e-07 5 * 0.000882679 /10000
@@SHGetHadronicChannelXSUA G4_Al 0.1 MeV nCapture TOTAL_PARTICLE_YIELD gamma = 13/10000 = 0.0013 *XS(micro)= 1.14748e-06
nCapture_G4_Al_gamma_TOTAL_YIELD_XSmicro FILL TYXSmich -1= 1.14748e-06 13 * 0.000882679 /10000
@@SHGetHadronicChannelXSUA G4_Al 1 MeV neutronInelastic TOTAL_XS(macro)= 0.000289825 mm-1 TOTAL_XS(micro)= 0.0481115 barn
@@SHGetHadronicChannelXSUA G4_Al 1 MeV nCapture TOTAL_XS(macro)= 4.00257e-06 mm-1 TOTAL_XS(micro)= 0.000664434 barn
@@SHGetHadronicChannelXSUA G4_Al 1 MeV nFission TOTAL_XS(macro)= 0 mm-1 TOTAL_XS(micro)= 0 barn
@@SHGetHadronicChannelXSUA G4_Al 1 MeV neutronInelastic CHANNEL neutron 1 gamma 1 [Al27 1 Al27 1  = 345
@@SHGetHadronicChannelXSUA G4_Al 1 MeV neutronInelastic CHANNEL_ALL= #-1(n,n)[Al27+Al27 = 345/10000 = 0.0345*XS(micro)= 0.00165985 barn 
130002000 130000000 LOOPING neutronInelastic : 0  #-1(n,n)[Al27+Al27 : 1  G4_Al : 0
 CreateHisto1D neutronInelastic_G4_Al_#-1(n,n)[Al27+Al27_NPART = 130002003
 CreateHisto1D neutronInelastic_G4_Al_#-1(n,n)[Al27+Al27_XSmicro = 130002004
@@SHGetHadronicChannelXSUA G4_Al 1 MeV neutronInelastic Al27 PARTICLE_YIELD Al27 = 345/10000 = 0.0345 *XS(micro)= 0.00165985
 CreateHisto1D neutronInelastic_G4_Al_Al27_Al27_YIELD = 130052005
 CreateHisto1D neutronInelastic_G4_Al_Al27_Al27_YIELD_XSmicro = 130052006
@@SHGetHadronicChannelXSUA G4_Al 1 MeV neutronInelastic Al27 PARTICLE_YIELD gamma = 345/10000 = 0.0345 *XS(micro)= 0.00165985
 CreateHisto1D neutronInelastic_G4_Al_Al27_gamma_YIELD = 130051005
 CreateHisto1D neutronInelastic_G4_Al_Al27_gamma_YIELD_XSmicro = 130051006
@@SHGetHadronicChannelXSUA G4_Al 1 MeV neutronInelastic Al27 PARTICLE_YIELD neutron = 345/10000 = 0.0345 *XS(micro)= 0.00165985
 CreateHisto1D neutronInelastic_G4_Al_Al27_neutron_YIELD = 130053005
 CreateHisto1D neutronInelastic_G4_Al_Al27_neutron_YIELD_XSmicro = 130053006
@@SHGetHadronicChannelXSUA G4_Al 1 MeV neutronInelastic TOTAL_PARTICLE_YIELD Al27 = 345/10000 = 0.0345 *XS(micro)= 0.00165985
 CreateHisto1D neutronInelastic_G4_Al_Al27_TOTAL_YIELD = 130002005
 CreateHisto1D neutronInelastic_G4_Al_Al27_TOTAL_YIELD_XSmicro = 130002006
neutronInelastic_G4_Al_Al27_TOTAL_YIELD_XSmicro FILL TYXSmich 0= 0.00165985 345 * 0.0481115 /10000
@@SHGetHadronicChannelXSUA G4_Al 1 MeV neutronInelastic TOTAL_PARTICLE_YIELD gamma = 345/10000 = 0.0345 *XS(micro)= 0.00165985
 CreateHisto1D neutronInelastic_G4_Al_gamma_TOTAL_YIELD = 130001005
 CreateHisto1D neutronInelastic_G4_Al_gamma_TOTAL_YIELD_XSmicro = 130001006
neutronInelastic_G4_Al_gamma_TOTAL_YIELD_XSmicro FILL TYXSmich 0= 0.00165985 345 * 0.0481115 /10000
@@SHGetHadronicChannelXSUA G4_Al 1 MeV neutronInelastic TOTAL_PARTICLE_YIELD neutron = 345/10000 = 0.0345 *XS(micro)= 0.00165985
 CreateHisto1D neutronInelastic_G4_Al_neutron_TOTAL_YIELD = 130003005
 CreateHisto1D neutronInelastic_G4_Al_neutron_TOTAL_YIELD_XSmicro = 130003006
neutronInelastic_G4_Al_neutron_TOTAL_YIELD_XSmicro FILL TYXSmich 0= 0.00165985 345 * 0.0481115 /10000
@@SHGetHadronicChannelXSUA G4_Al 1 MeV nCapture CHANNEL gamma 1 [Al27 1 Al28 1  = 1
@@SHGetHadronicChannelXSUA G4_Al 1 MeV nCapture CHANNEL gamma 2 [Al27 1 Al28 1  = 3
@@SHGetHadronicChannelXSUA G4_Al 1 MeV nCapture CHANNEL gamma 5 [Al27 1 Al28 1  = 1
@@SHGetHadronicChannelXSUA G4_Al 1 MeV nCapture CHANNEL_ALL= #-1(n,)[Al27+Al28 = 5/10000 = 0.0005*XS(micro)= 3.32217e-07 barn 
130000010 130000000 LOOPING nCapture : 1  #-1(n,)[Al27+Al28 : 0  G4_Al : 0
@@SHGetHadronicChannelXSUA G4_Al 1 MeV nCapture Al27 PARTICLE_YIELD Al28 = 5/10000 = 0.0005 *XS(micro)= 3.32217e-07
@@SHGetHadronicChannelXSUA G4_Al 1 MeV nCapture Al27 PARTICLE_YIELD gamma = 12/10000 = 0.0012 *XS(micro)= 7.97321e-07
@@SHGetHadronicChannelXSUA G4_Al 1 MeV nCapture TOTAL_PARTICLE_YIELD Al28 = 5/10000 = 0.0005 *XS(micro)= 3.32217e-07
nCapture_G4_Al_Al28_TOTAL_YIELD_XSmicro FILL TYXSmich 0= 3.32217e-07 5 * 0.000664434 /10000
@@SHGetHadronicChannelXSUA G4_Al 1 MeV nCapture TOTAL_PARTICLE_YIELD gamma = 12/10000 = 0.0012 *XS(micro)= 7.97321e-07
nCapture_G4_Al_gamma_TOTAL_YIELD_XSmicro FILL TYXSmich 0= 7.97321e-07 12 * 0.000664434 /10000
@@SHGetHadronicChannelXSUA G4_Al 10 MeV neutronInelastic TOTAL_XS(macro)= 0.00580122 mm-1 TOTAL_XS(micro)= 0.963011 barn
@@SHGetHadronicChannelXSUA G4_Al 10 MeV nCapture TOTAL_XS(macro)= 2.60715e-06 mm-1 TOTAL_XS(micro)= 0.000432791 barn
@@SHGetHadronicChannelXSUA G4_Al 10 MeV nFission TOTAL_XS(macro)= 0 mm-1 TOTAL_XS(micro)= 0 barn
 Run terminated.
Run Summary
  Run Aborted after 110000 events processed.
  User=1.090000s Real=1.085750s Sys=0.000000s
@@SHGetHadronicChannelXSUA G4_Al 10 MeV neutronInelastic CHANNEL neutron 1 gamma 1 [Al27 1 Al27 1  = 950
@@SHGetHadronicChannelXSUA G4_Al 10 MeV neutronInelastic CHANNEL neutron 1 gamma 2 [Al27 1 Al27 1  = 1007
@@SHGetHadronicChannelXSUA G4_Al 10 MeV neutronInelastic CHANNEL neutron 1 gamma 3 [Al27 1 Al27 1  = 1127
@@SHGetHadronicChannelXSUA G4_Al 10 MeV neutronInelastic CHANNEL neutron 1 gamma 4 [Al27 1 Al27 1  = 741
@@SHGetHadronicChannelXSUA G4_Al 10 MeV neutronInelastic CHANNEL neutron 1 gamma 5 [Al27 1 Al27 1  = 195
@@SHGetHadronicChannelXSUA G4_Al 10 MeV neutronInelastic CHANNEL neutron 1 gamma 6 [Al27 1 Al27 1  = 22
@@SHGetHadronicChannelXSUA G4_Al 10 MeV neutronInelastic CHANNEL neutron 1 gamma 7 [Al27 1 Al27 1  = 2
@@SHGetHadronicChannelXSUA G4_Al 10 MeV neutronInelastic CHANNEL deuteron 1 [Al27 1 Mg26 1  = 9
@@SHGetHadronicChannelXSUA G4_Al 10 MeV neutronInelastic CHANNEL gamma 1 deuteron 1 [Al27 1 Mg26 1  = 3
@@SHGetHadronicChannelXSUA G4_Al 10 MeV neutronInelastic CHANNEL gamma 3 deuteron 1 [Al27 1 Mg26 1  = 2
@@SHGetHadronicChannelXSUA G4_Al 10 MeV neutronInelastic CHANNEL proton 1 gamma 1 [Al27 1 Mg27 1  = 44
@@SHGetHadronicChannelXSUA G4_Al 10 MeV neutronInelastic CHANNEL proton 1 gamma 2 [Al27 1 Mg27 1  = 87
@@SHGetHadronicChannelXSUA G4_Al 10 MeV neutronInelastic CHANNEL proton 1 gamma 3 [Al27 1 Mg27 1  = 122
@@SHGetHadronicChannelXSUA G4_Al 10 MeV neutronInelastic CHANNEL proton 1 gamma 4 [Al27 1 Mg27 1  = 88
@@SHGetHadronicChannelXSUA G4_Al 10 MeV neutronInelastic CHANNEL proton 1 gamma 5 [Al27 1 Mg27 1  = 45
@@SHGetHadronicChannelXSUA G4_Al 10 MeV neutronInelastic CHANNEL proton 1 gamma 6 [Al27 1 Mg27 1  = 33
@@SHGetHadronicChannelXSUA G4_Al 10 MeV neutronInelastic CHANNEL proton 1 gamma 7 [Al27 1 Mg27 1  = 11
@@SHGetHadronicChannelXSUA G4_Al 10 MeV neutronInelastic CHANNEL proton 1 gamma 8 [Al27 1 Mg27 1  = 3
@@SHGetHadronicChannelXSUA G4_Al 10 MeV neutronInelastic CHANNEL proton 1 gamma 9 [Al27 1 Mg27 1  = 2
@@SHGetHadronicChannelXSUA G4_Al 10 MeV neutronInelastic CHANNEL proton 1 gamma 10 [Al27 1 Mg27 1  = 1
@@SHGetHadronicChannelXSUA G4_Al 10 MeV neutronInelastic CHANNEL proton 1 [Al27 1 Mg27 1  = 21
@@SHGetHadronicChannelXSUA G4_Al 10 MeV neutronInelastic CHANNEL alpha 1 [Al27 1 Na24 1  = 105
@@SHGetHadronicChannelXSUA G4_Al 10 MeV neutronInelastic CHANNEL gamma 1 alpha 1 [Al27 1 Na24 1  = 63
@@SHGetHadronicChannelXSUA G4_Al 10 MeV neutronInelastic CHANNEL gamma 2 alpha 1 [Al27 1 Na24 1  = 55
@@SHGetHadronicChannelXSUA G4_Al 10 MeV neutronInelastic CHANNEL gamma 3 alpha 1 [Al27 1 Na24 1  = 85
@@SHGetHadronicChannelXSUA G4_Al 10 MeV neutronInelastic CHANNEL gamma 4 alpha 1 [Al27 1 Na24 1  = 83
@@SHGetHadronicChannelXSUA G4_Al 10 MeV neutronInelastic CHANNEL gamma 5 alpha 1 [Al27 1 Na24 1  = 47
@@SHGetHadronicChannelXSUA G4_Al 10 MeV neutronInelastic CHANNEL gamma 6 alpha 1 [Al27 1 Na24 1  = 20
@@SHGetHadronicChannelXSUA G4_Al 10 MeV neutronInelastic CHANNEL gamma 7 alpha 1 [Al27 1 Na24 1  = 11
@@SHGetHadronicChannelXSUA G4_Al 10 MeV neutronInelastic CHANNEL gamma 8 alpha 1 [Al27 1 Na24 1  = 5
@@SHGetHadronicChannelXSUA G4_Al 10 MeV neutronInelastic CHANNEL gamma 9 alpha 1 [Al27 1 Na24 1  = 2
@@SHGetHadronicChannelXSUA G4_Al 10 MeV neutronInelastic CHANNEL proton 1 neutron 1 [Al27 1  = 67
@@SHGetHadronicChannelXSUA G4_Al 10 MeV neutronInelastic CHANNEL_ALL= #-1(n,a)[Al27+Na24 = 476/10000 = 0.0476*XS(micro)= 0.0458393 barn 
130004000 130000000 LOOPING neutronInelastic : 0  #-1(n,a)[Al27+Na24 : 2  G4_Al : 0
 CreateHisto1D neutronInelastic_G4_Al_#-1(n,a)[Al27+Na24_NPART = 130004003
 CreateHisto1D neutronInelastic_G4_Al_#-1(n,a)[Al27+Na24_XSmicro = 130004004
@@SHGetHadronicChannelXSUA G4_Al 10 MeV neutronInelastic CHANNEL_ALL= #-1(n,d)[Al27+Mg26 = 14/10000 = 0.0014*XS(micro)= 0.00134822 barn 
130006000 130000000 LOOPING neutronInelastic : 0  #-1(n,d)[Al27+Mg26 : 3  G4_Al : 0
 CreateHisto1D neutronInelastic_G4_Al_#-1(n,d)[Al27+Mg26_NPART = 130006003
 CreateHisto1D neutronInelastic_G4_Al_#-1(n,d)[Al27+Mg26_XSmicro = 130006004
@@SHGetHadronicChannelXSUA G4_Al 10 MeV neutronInelastic CHANNEL_ALL= #-1(n,n)[Al27+Al27 = 4044/10000 = 0.4044*XS(micro)= 0.389442 barn 
130002000 130000000 LOOPING neutronInelastic : 0  #-1(n,n)[Al27+Al27 : 1  G4_Al : 0
@@SHGetHadronicChannelXSUA G4_Al 10 MeV neutronInelastic CHANNEL_ALL= #-1(n,np)[Al27 = 67/10000 = 0.0067*XS(micro)= 0.00645218 barn 
130008000 130000000 LOOPING neutronInelastic : 0  #-1(n,np)[Al27 : 4  G4_Al : 0
 CreateHisto1D neutronInelastic_G4_Al_#-1(n,np)[Al27_NPART = 130008003
 CreateHisto1D neutronInelastic_G4_Al_#-1(n,np)[Al27_XSmicro = 130008004
@@SHGetHadronicChannelXSUA G4_Al 10 MeV neutronInelastic CHANNEL_ALL= #-1(n,p)[Al27+Mg27 = 457/10000 = 0.0457*XS(micro)= 0.0440096 barn 
130010000 130000000 LOOPING neutronInelastic : 0  #-1(n,p)[Al27+Mg27 : 5  G4_Al : 0
 CreateHisto1D neutronInelastic_G4_Al_#-1(n,p)[Al27+Mg27_NPART = 130010003
 CreateHisto1D neutronInelastic_G4_Al_#-1(n,p)[Al27+Mg27_XSmicro = 130010004
@@SHGetHadronicChannelXSUA G4_Al 10 MeV neutronInelastic Al27 PARTICLE_YIELD Al27 = 4044/10000 = 0.4044 *XS(micro)= 0.389442
@@SHGetHadronicChannelXSUA G4_Al 10 MeV neutronInelastic Al27 PARTICLE_YIELD Mg26 = 14/10000 = 0.0014 *XS(micro)= 0.00134822
 CreateHisto1D neutronInelastic_G4_Al_Al27_Mg26_YIELD = 130054005
 CreateHisto1D neutronInelastic_G4_Al_Al27_Mg26_YIELD_XSmicro = 130054006
@@SHGetHadronicChannelXSUA G4_Al 10 MeV neutronInelastic Al27 PARTICLE_YIELD Mg27 = 457/10000 = 0.0457 *XS(micro)= 0.0440096
 CreateHisto1D neutronInelastic_G4_Al_Al27_Mg27_YIELD = 130055005
 CreateHisto1D neutronInelastic_G4_Al_Al27_Mg27_YIELD_XSmicro = 130055006
@@SHGetHadronicChannelXSUA G4_Al 10 MeV neutronInelastic Al27 PARTICLE_YIELD Na24 = 476/10000 = 0.0476 *XS(micro)= 0.0458393
 CreateHisto1D neutronInelastic_G4_Al_Al27_Na24_YIELD = 130056005
 CreateHisto1D neutronInelastic_G4_Al_Al27_Na24_YIELD_XSmicro = 130056006
@@SHGetHadronicChannelXSUA G4_Al 10 MeV neutronInelastic Al27 PARTICLE_YIELD alpha = 476/10000 = 0.0476 *XS(micro)= 0.0458393
 CreateHisto1D neutronInelastic_G4_Al_Al27_alpha_YIELD = 130057005
 CreateHisto1D neutronInelastic_G4_Al_Al27_alpha_YIELD_XSmicro = 130057006
@@SHGetHadronicChannelXSUA G4_Al 10 MeV neutronInelastic Al27 PARTICLE_YIELD deuteron = 14/10000 = 0.0014 *XS(micro)= 0.00134822
 CreateHisto1D neutronInelastic_G4_Al_Al27_deuteron_YIELD = 130058005
 CreateHisto1D neutronInelastic_G4_Al_Al27_deuteron_YIELD_XSmicro = 130058006
@@SHGetHadronicChannelXSUA G4_Al 10 MeV neutronInelastic Al27 PARTICLE_YIELD gamma = 13177/10000 = 1.3177 *XS(micro)= 1.26896
@@SHGetHadronicChannelXSUA G4_Al 10 MeV neutronInelastic Al27 PARTICLE_YIELD neutron = 4111/10000 = 0.4111 *XS(micro)= 0.395894
@@SHGetHadronicChannelXSUA G4_Al 10 MeV neutronInelastic Al27 PARTICLE_YIELD proton = 524/10000 = 0.0524 *XS(micro)= 0.0504618
 CreateHisto1D neutronInelastic_G4_Al_Al27_proton_YIELD = 130059005
 CreateHisto1D neutronInelastic_G4_Al_Al27_proton_YIELD_XSmicro = 130059006
@@SHGetHadronicChannelXSUA G4_Al 10 MeV neutronInelastic TOTAL_PARTICLE_YIELD Al27 = 4044/10000 = 0.4044 *XS(micro)= 0.389442
neutronInelastic_G4_Al_Al27_TOTAL_YIELD_XSmicro FILL TYXSmich 1= 0.389442 4044 * 0.963011 /10000
@@SHGetHadronicChannelXSUA G4_Al 10 MeV neutronInelastic TOTAL_PARTICLE_YIELD Mg26 = 14/10000 = 0.0014 *XS(micro)= 0.00134822
 CreateHisto1D neutronInelastic_G4_Al_Mg26_TOTAL_YIELD = 130004005
 CreateHisto1D neutronInelastic_G4_Al_Mg26_TOTAL_YIELD_XSmicro = 130004006
neutronInelastic_G4_Al_Mg26_TOTAL_YIELD_XSmicro FILL TYXSmich 1= 0.00134822 14 * 0.963011 /10000
@@SHGetHadronicChannelXSUA G4_Al 10 MeV neutronInelastic TOTAL_PARTICLE_YIELD Mg27 = 457/10000 = 0.0457 *XS(micro)= 0.0440096
 CreateHisto1D neutronInelastic_G4_Al_Mg27_TOTAL_YIELD = 130005005
 CreateHisto1D neutronInelastic_G4_Al_Mg27_TOTAL_YIELD_XSmicro = 130005006
neutronInelastic_G4_Al_Mg27_TOTAL_YIELD_XSmicro FILL TYXSmich 1= 0.0440096 457 * 0.963011 /10000
@@SHGetHadronicChannelXSUA G4_Al 10 MeV neutronInelastic TOTAL_PARTICLE_YIELD Na24 = 476/10000 = 0.0476 *XS(micro)= 0.0458393
 CreateHisto1D neutronInelastic_G4_Al_Na24_TOTAL_YIELD = 130006005
 CreateHisto1D neutronInelastic_G4_Al_Na24_TOTAL_YIELD_XSmicro = 130006006
neutronInelastic_G4_Al_Na24_TOTAL_YIELD_XSmicro FILL TYXSmich 1= 0.0458393 476 * 0.963011 /10000
@@SHGetHadronicChannelXSUA G4_Al 10 MeV neutronInelastic TOTAL_PARTICLE_YIELD alpha = 476/10000 = 0.0476 *XS(micro)= 0.0458393
 CreateHisto1D neutronInelastic_G4_Al_alpha_TOTAL_YIELD = 130007005
 CreateHisto1D neutronInelastic_G4_Al_alpha_TOTAL_YIELD_XSmicro = 130007006
neutronInelastic_G4_Al_alpha_TOTAL_YIELD_XSmicro FILL TYXSmich 1= 0.0458393 476 * 0.963011 /10000
@@SHGetHadronicChannelXSUA G4_Al 10 MeV neutronInelastic TOTAL_PARTICLE_YIELD deuteron = 14/10000 = 0.0014 *XS(micro)= 0.00134822
 CreateHisto1D neutronInelastic_G4_Al_deuteron_TOTAL_YIELD = 130008005
 CreateHisto1D neutronInelastic_G4_Al_deuteron_TOTAL_YIELD_XSmicro = 130008006
neutronInelastic_G4_Al_deuteron_TOTAL_YIELD_XSmicro FILL TYXSmich 1= 0.00134822 14 * 0.963011 /10000
@@SHGetHadronicChannelXSUA G4_Al 10 MeV neutronInelastic TOTAL_PARTICLE_YIELD gamma = 13177/10000 = 1.3177 *XS(micro)= 1.26896
neutronInelastic_G4_Al_gamma_TOTAL_YIELD_XSmicro FILL TYXSmich 1= 1.26896 13177 * 0.963011 /10000
@@SHGetHadronicChannelXSUA G4_Al 10 MeV neutronInelastic TOTAL_PARTICLE_YIELD neutron = 4111/10000 = 0.4111 *XS(micro)= 0.395894
neutronInelastic_G4_Al_neutron_TOTAL_YIELD_XSmicro FILL TYXSmich 1= 0.395894 4111 * 0.963011 /10000
@@SHGetHadronicChannelXSUA G4_Al 10 MeV neutronInelastic TOTAL_PARTICLE_YIELD proton = 524/10000 = 0.0524 *XS(micro)= 0.0504618
 CreateHisto1D neutronInelastic_G4_Al_proton_TOTAL_YIELD = 130009005
 CreateHisto1D neutronInelastic_G4_Al_proton_TOTAL_YIELD_XSmicro = 130009006
neutronInelastic_G4_Al_proton_TOTAL_YIELD_XSmicro FILL TYXSmich 1= 0.0504618 524 * 0.963011 /10000
@@SHGetHadronicChannelXSUA G4_Al 10 MeV nCapture CHANNEL gamma 6 [Al27 1 Al28 1  = 1
@@SHGetHadronicChannelXSUA G4_Al 10 MeV nCapture CHANNEL_ALL= #-1(n,)[Al27+Al28 = 1/10000 = 0.0001*XS(micro)= 4.32791e-08 barn 
130000010 130000000 LOOPING nCapture : 1  #-1(n,)[Al27+Al28 : 0  G4_Al : 0
@@SHGetHadronicChannelXSUA G4_Al 10 MeV nCapture Al27 PARTICLE_YIELD Al28 = 1/10000 = 0.0001 *XS(micro)= 4.32791e-08
@@SHGetHadronicChannelXSUA G4_Al 10 MeV nCapture Al27 PARTICLE_YIELD gamma = 6/10000 = 0.0006 *XS(micro)= 2.59675e-07
@@SHGetHadronicChannelXSUA G4_Al 10 MeV nCapture TOTAL_PARTICLE_YIELD Al28 = 1/10000 = 0.0001 *XS(micro)= 4.32791e-08
nCapture_G4_Al_Al28_TOTAL_YIELD_XSmicro FILL TYXSmich 1= 4.32791e-08 1 * 0.000432791 /10000
@@SHGetHadronicChannelXSUA G4_Al 10 MeV nCapture TOTAL_PARTICLE_YIELD gamma = 6/10000 = 0.0006 *XS(micro)= 2.59675e-07
nCapture_G4_Al_gamma_TOTAL_YIELD_XSmicro FILL TYXSmich 1= 2.59675e-07 6 * 0.000432791 /10000
0 events have been kept for refreshing and/or reviewing.
  "/vis/reviewKeptEvents" to review them one by one.
  "/vis/enable", then "/vis/viewer/flush" or "/vis/viewer/rebuild" to see them accumulated.
