/control/execute exercise1a1.in
/gamos/setParam GmAnalysisMgr:FileNameSuffix .exercise1a1
/gamos/setParam GmGeometryFromText:FileName exercise1a1.geom
/gamos/geometry GmGeometryFromText
/gamos/physicsList GmEMPhysics
GmEMPhysics PhysicsList:DEFAULT = gamma-standard is registered
GmEMPhysics PhysicsList: DEFAULT = electron-standard is registered
GmEMPhysics PhysicsList: DEFAULT = positron-standard is registered
/gamos/generator GmGenerator
/run/initialize
/gamos/generator/addSingleParticleSource source gamma 0.1405*MeV
/gamos/generator/directionDist source GmGenerDistDirectionConst 0. 0. 1.
/gamos/generator/positionDist source GmGenerDistPositionPoint 0. 0. 0.
/gamos/userAction GmKillAllUA GmSecondaryFilter
/gamos/classifier ancesC GmClassifierByAncestors 1 1000
/gamos/filter exitshieldF GmExitLogicalVolumeFilter shield
/gamos/setParam SHNthValueLayerUA_exitshieldF_ancesC:LayerWidth 0.1
/gamos/setParam SHNthValueLayerUA_exitshieldF_ancesC:Reductions 10.
/gamos/userAction SHNthValueLayerUA exitshieldF ancesC
/gamos/setParam GmCountTracksUA:EachNEvent 1000
/gamos/userAction GmCountTracksUA
/run/beamOn 100000
=======================================================================
======                 Electromagnetic Physics Parameters      ========
=======================================================================
LPM effect enabled                                 1
Enable creation and use of sampling tables         0
Apply cuts on all EM processes                     0
Use combined TransportationWithMsc                 Disabled
Use general process                                0
Enable linear polarisation for gamma               0
Enable photoeffect sampling below K-shell          1
Enable sampling of quantum entanglement            0
X-section factor for integral approach             0.8
Min kinetic energy for tables                      100 eV 
Max kinetic energy for tables                      100 TeV
Number of bins per decade of a table               7
Verbose level                                      1
Verbose level for worker thread                    0
Bremsstrahlung energy threshold above which 
  primary e+- is added to the list of secondary    100 TeV
Bremsstrahlung energy threshold above which primary
  muon/hadron is added to the list of secondary    100 TeV
Lowest triplet kinetic energy                      1 MeV
Enable sampling of gamma linear polarisation       0
5D gamma conversion model type                     0
5D gamma conversion model on isolated ion          0
Livermore data directory                           epics_2017
=======================================================================
======                 Ionisation Parameters                   ========
=======================================================================
Step function for e+-                              (0.2, 1 mm)
Step function for muons/hadrons                    (0.2, 0.1 mm)
Step function for light ions                       (0.2, 0.1 mm)
Step function for general ions                     (0.2, 0.1 mm)
Lowest e+e- kinetic energy                         1 keV
Lowest muon/hadron kinetic energy                  1 keV
Use ICRU90 data                                    0
Fluctuations of dE/dx are enabled                  1
Type of fluctuation model for leptons and hadrons  Universal
Use built-in Birks satuaration                     0
Build CSDA range enabled                           0
Use cut as a final range enabled                   0
Enable angular generator interface                 0
Max kinetic energy for CSDA tables                 1 GeV
Max kinetic energy for NIEL computation            0 eV 
Linear loss limit                                  0.01
Read data from file for e+e- pair production by mu 0
=======================================================================
======                 Multiple Scattering Parameters          ========
=======================================================================
Type of msc step limit algorithm for e+-           1
Type of msc step limit algorithm for muons/hadrons 0
Msc lateral displacement for e+- enabled           1
Msc lateral displacement for muons and hadrons     0
Urban msc model lateral displacement alg96         1
Range factor for msc step limit for e+-            0.04
Range factor for msc step limit for muons/hadrons  0.2
Geometry factor for msc step limitation of e+-     2.5
Safety factor for msc step limit for e+-           0.6
Skin parameter for msc step limitation of e+-      1
Lambda limit for msc step limit for e+-            1 mm
Use Mott correction for e- scattering              0
Factor used for dynamic computation of angular 
  limit between single and multiple scattering     1
Fixed angular limit between single 
  and multiple scattering                          3.1416 rad
Upper energy limit for e+- multiple scattering     100 MeV
Type of electron single scattering model           0
Type of nuclear form-factor                        1
Screening factor                                   1
=======================================================================

### ===  Deexcitation model UAtomDeexcitation is activated for 1 region:
          DefaultRegionForTheWorld  1  1  0
### ===  Auger flag: 1
### ===  Ignore cuts flag:   0

phot:  for gamma SubType=12 BuildTable=0
      LambdaPrime table from 200 keV to 100 TeV in 61 bins 
      ===== EM models for the G4Region  DefaultRegionForTheWorld ======
       PhotoElectric : Emin=    0 eV  Emax=  100 TeV  SauterGavrila Fluo

compt:  for gamma SubType=13 BuildTable=1
      Lambda table from 100 eV  to 1 MeV, 7 bins/decade, spline: 1
      LambdaPrime table from 1 MeV to 100 TeV in 56 bins 
      ===== EM models for the G4Region  DefaultRegionForTheWorld ======
       Klein-Nishina : Emin=    0 eV  Emax=  100 TeV

conv:  for gamma SubType=14 BuildTable=1
      Lambda table from 1.022 MeV to 100 TeV, 18 bins/decade, spline: 1
      ===== EM models for the G4Region  DefaultRegionForTheWorld ======
     BetheHeitlerLPM : Emin=    0 eV  Emax=  100 TeV  ModifiedTsai

Rayl:  for gamma SubType=11 BuildTable=1
      Lambda table from 100 eV  to 150 keV, 7 bins/decade, spline: 0
      LambdaPrime table from 150 keV to 100 TeV in 62 bins 
      ===== EM models for the G4Region  DefaultRegionForTheWorld ======
   LivermoreRayleigh : Emin=    0 eV  Emax=  100 TeV  CullenGenerator

msc:  for e-  SubType= 10
      ===== EM models for the G4Region  DefaultRegionForTheWorld ======
            UrbanMsc : Emin=    0 eV  Emax=  100 TeV Nbins=84 100 eV  - 100 TeV
          StepLim=UseSafety Rfact=0.04 Gfact=2.5 Sfact=0.6 DispFlag:1 Skin=1 Llim=1 mm

eIoni:  for e-  XStype:3  SubType=2
      dE/dx and range tables from 100 eV  to 100 TeV in 84 bins
      Lambda tables from threshold to 100 TeV, 7 bins/decade, spline: 1
      StepFunction=(0.2, 1 mm), integ: 3, fluct: 1, linLossLim= 0.01
      ===== EM models for the G4Region  DefaultRegionForTheWorld ======
        MollerBhabha : Emin=    0 eV  Emax=  100 TeV

eBrem:  for e-  XStype:4  SubType=3
      dE/dx and range tables from 100 eV  to 100 TeV in 84 bins
      Lambda tables from threshold to 100 TeV, 7 bins/decade, spline: 1
      LPM flag: 1 for E > 1 GeV,  VertexHighEnergyTh(GeV)= 100000
      ===== EM models for the G4Region  DefaultRegionForTheWorld ======
             eBremSB : Emin=    0 eV  Emax=    1 GeV  ModifiedTsai
            eBremLPM : Emin=    1 GeV Emax=  100 TeV  ModifiedTsai

msc:  for e+  SubType= 10
      ===== EM models for the G4Region  DefaultRegionForTheWorld ======
            UrbanMsc : Emin=    0 eV  Emax=  100 TeV Nbins=84 100 eV  - 100 TeV
          StepLim=UseSafety Rfact=0.04 Gfact=2.5 Sfact=0.6 DispFlag:1 Skin=1 Llim=1 mm

eIoni:  for e+  XStype:3  SubType=2
      dE/dx and range tables from 100 eV  to 100 TeV in 84 bins
      Lambda tables from threshold to 100 TeV, 7 bins/decade, spline: 1
      StepFunction=(0.2, 1 mm), integ: 3, fluct: 1, linLossLim= 0.01
      ===== EM models for the G4Region  DefaultRegionForTheWorld ======
        MollerBhabha : Emin=    0 eV  Emax=  100 TeV

========= Table of registered couples ============================

Index : 0     used in the geometry : Yes
 Material : G4_AIR
 Range cuts        :  gamma  100 um     e-  100 um     e+  100 um  proton 100 um 
 Energy thresholds :  gamma  990 eV     e-  990 eV     e+  990 eV  proton -1 MeV
 Region(s) which use this couple : 
    DefaultRegionForTheWorld

Index : 1     used in the geometry : Yes
 Material : G4_Pb
 Range cuts        :  gamma  100 um     e-  100 um     e+  100 um  proton 100 um 
 Energy thresholds :  gamma  29.3967 keV    e-  240.662 keV    e+  232.588 keV proton -1 MeV
 Region(s) which use this couple : 
    DefaultRegionForTheWorld

==================================================================

G4VisManager: Using G4TrajectoryDrawByCharge as fallback trajectory model.
See commands in /vis/modeling/trajectories/ for other options.
### Run 0 starts.
 %%% EVENT 0 NTRACKS 1 TOTAL NTRACKS 1
 %%% EVENT 1000 NTRACKS 1 TOTAL NTRACKS 1001
 %%% EVENT 2000 NTRACKS 1 TOTAL NTRACKS 2001
 %%% EVENT 3000 NTRACKS 1 TOTAL NTRACKS 3001
 %%% EVENT 4000 NTRACKS 1 TOTAL NTRACKS 4001
 %%% EVENT 5000 NTRACKS 1 TOTAL NTRACKS 5001
 %%% EVENT 6000 NTRACKS 1 TOTAL NTRACKS 6001
 %%% EVENT 7000 NTRACKS 1 TOTAL NTRACKS 7001
 %%% EVENT 8000 NTRACKS 1 TOTAL NTRACKS 8001
 %%% EVENT 9000 NTRACKS 1 TOTAL NTRACKS 9001
 %%% EVENT 10000 NTRACKS 1 TOTAL NTRACKS 10001
 %%% EVENT 11000 NTRACKS 1 TOTAL NTRACKS 11001
 %%% EVENT 12000 NTRACKS 1 TOTAL NTRACKS 12001
 %%% EVENT 13000 NTRACKS 1 TOTAL NTRACKS 13001
 %%% EVENT 14000 NTRACKS 1 TOTAL NTRACKS 14001
 %%% EVENT 15000 NTRACKS 1 TOTAL NTRACKS 15001
 %%% EVENT 16000 NTRACKS 1 TOTAL NTRACKS 16001
 %%% EVENT 17000 NTRACKS 1 TOTAL NTRACKS 17001
 %%% EVENT 18000 NTRACKS 1 TOTAL NTRACKS 18001
 %%% EVENT 19000 NTRACKS 1 TOTAL NTRACKS 19001
 %%% EVENT 20000 NTRACKS 1 TOTAL NTRACKS 20001
 %%% EVENT 21000 NTRACKS 1 TOTAL NTRACKS 21001
 %%% EVENT 22000 NTRACKS 1 TOTAL NTRACKS 22001
 %%% EVENT 23000 NTRACKS 1 TOTAL NTRACKS 23001
 %%% EVENT 24000 NTRACKS 1 TOTAL NTRACKS 24001
 %%% EVENT 25000 NTRACKS 1 TOTAL NTRACKS 25001
 %%% EVENT 26000 NTRACKS 1 TOTAL NTRACKS 26001
 %%% EVENT 27000 NTRACKS 1 TOTAL NTRACKS 27001
 %%% EVENT 28000 NTRACKS 1 TOTAL NTRACKS 28001
 %%% EVENT 29000 NTRACKS 1 TOTAL NTRACKS 29001
 %%% EVENT 30000 NTRACKS 1 TOTAL NTRACKS 30001
 %%% EVENT 31000 NTRACKS 1 TOTAL NTRACKS 31001
 %%% EVENT 32000 NTRACKS 1 TOTAL NTRACKS 32001
 %%% EVENT 33000 NTRACKS 1 TOTAL NTRACKS 33001
 %%% EVENT 34000 NTRACKS 1 TOTAL NTRACKS 34001
 %%% EVENT 35000 NTRACKS 1 TOTAL NTRACKS 35001
 %%% EVENT 36000 NTRACKS 1 TOTAL NTRACKS 36001
 %%% EVENT 37000 NTRACKS 1 TOTAL NTRACKS 37001
 %%% EVENT 38000 NTRACKS 1 TOTAL NTRACKS 38001
 %%% EVENT 39000 NTRACKS 1 TOTAL NTRACKS 39001
 %%% EVENT 40000 NTRACKS 1 TOTAL NTRACKS 40001
 %%% EVENT 41000 NTRACKS 1 TOTAL NTRACKS 41001
 %%% EVENT 42000 NTRACKS 1 TOTAL NTRACKS 42001
 %%% EVENT 43000 NTRACKS 1 TOTAL NTRACKS 43001
 %%% EVENT 44000 NTRACKS 1 TOTAL NTRACKS 44001
 %%% EVENT 45000 NTRACKS 1 TOTAL NTRACKS 45001
 %%% EVENT 46000 NTRACKS 1 TOTAL NTRACKS 46001
 %%% EVENT 47000 NTRACKS 1 TOTAL NTRACKS 47001
 %%% EVENT 48000 NTRACKS 1 TOTAL NTRACKS 48001
 %%% EVENT 49000 NTRACKS 1 TOTAL NTRACKS 49001
 %%% EVENT 50000 NTRACKS 1 TOTAL NTRACKS 50001
 %%% EVENT 51000 NTRACKS 1 TOTAL NTRACKS 51001
 %%% EVENT 52000 NTRACKS 1 TOTAL NTRACKS 52001
 %%% EVENT 53000 NTRACKS 1 TOTAL NTRACKS 53001
 %%% EVENT 54000 NTRACKS 1 TOTAL NTRACKS 54001
 %%% EVENT 55000 NTRACKS 1 TOTAL NTRACKS 55001
 %%% EVENT 56000 NTRACKS 1 TOTAL NTRACKS 56001
 %%% EVENT 57000 NTRACKS 1 TOTAL NTRACKS 57001
 %%% EVENT 58000 NTRACKS 1 TOTAL NTRACKS 58001
 %%% EVENT 59000 NTRACKS 1 TOTAL NTRACKS 59001
 %%% EVENT 60000 NTRACKS 1 TOTAL NTRACKS 60001
 %%% EVENT 61000 NTRACKS 1 TOTAL NTRACKS 61001
 %%% EVENT 62000 NTRACKS 1 TOTAL NTRACKS 62001
 %%% EVENT 63000 NTRACKS 1 TOTAL NTRACKS 63001
 %%% EVENT 64000 NTRACKS 1 TOTAL NTRACKS 64001
 %%% EVENT 65000 NTRACKS 1 TOTAL NTRACKS 65001
 %%% EVENT 66000 NTRACKS 1 TOTAL NTRACKS 66001
 %%% EVENT 67000 NTRACKS 1 TOTAL NTRACKS 67001
 %%% EVENT 68000 NTRACKS 1 TOTAL NTRACKS 68001
 %%% EVENT 69000 NTRACKS 1 TOTAL NTRACKS 69001
 %%% EVENT 70000 NTRACKS 1 TOTAL NTRACKS 70001
 %%% EVENT 71000 NTRACKS 1 TOTAL NTRACKS 71001
 %%% EVENT 72000 NTRACKS 1 TOTAL NTRACKS 72001
 %%% EVENT 73000 NTRACKS 1 TOTAL NTRACKS 73001
 %%% EVENT 74000 NTRACKS 1 TOTAL NTRACKS 74001
 %%% EVENT 75000 NTRACKS 1 TOTAL NTRACKS 75001
 %%% EVENT 76000 NTRACKS 1 TOTAL NTRACKS 76001
 %%% EVENT 77000 NTRACKS 1 TOTAL NTRACKS 77001
 %%% EVENT 78000 NTRACKS 1 TOTAL NTRACKS 78001
 %%% EVENT 79000 NTRACKS 1 TOTAL NTRACKS 79001
 %%% EVENT 80000 NTRACKS 1 TOTAL NTRACKS 80001
 %%% EVENT 81000 NTRACKS 1 TOTAL NTRACKS 81001
 %%% EVENT 82000 NTRACKS 1 TOTAL NTRACKS 82001
 %%% EVENT 83000 NTRACKS 1 TOTAL NTRACKS 83001
 %%% EVENT 84000 NTRACKS 1 TOTAL NTRACKS 84001
 %%% EVENT 85000 NTRACKS 1 TOTAL NTRACKS 85001
 %%% EVENT 86000 NTRACKS 1 TOTAL NTRACKS 86001
 %%% EVENT 87000 NTRACKS 1 TOTAL NTRACKS 87001
 %%% EVENT 88000 NTRACKS 1 TOTAL NTRACKS 88001
 %%% EVENT 89000 NTRACKS 1 TOTAL NTRACKS 89001
 %%% EVENT 90000 NTRACKS 1 TOTAL NTRACKS 90001
 %%% EVENT 91000 NTRACKS 1 TOTAL NTRACKS 91001
 %%% EVENT 92000 NTRACKS 1 TOTAL NTRACKS 92001
 %%% EVENT 93000 NTRACKS 1 TOTAL NTRACKS 93001
 %%% EVENT 94000 NTRACKS 1 TOTAL NTRACKS 94001
 %%% EVENT 95000 NTRACKS 1 TOTAL NTRACKS 95001
 %%% EVENT 96000 NTRACKS 1 TOTAL NTRACKS 96001
 %%% EVENT 97000 NTRACKS 1 TOTAL NTRACKS 97001
 %%% EVENT 98000 NTRACKS 1 TOTAL NTRACKS 98001
 %%% EVENT 99000 NTRACKS 1 TOTAL NTRACKS 99001
 Run terminated.
Run Summary
  Number of events processed : 100000
  User=1.220000s Real=1.211451s Sys=0.000000s
 CreateHisto1D %%% SHNthValueLayerUA_exitshieldF_ancesC: gamma G4_Pb 0.1405 MeV = 37325284
%%% SHNthValueLayerUA_exitshieldF_ancesC NSTEPS: shield:0 = 0.77946
%%% SHNthValueLayerUA_exitshieldF_ancesC NSTEPS: shield:1 = 0.60488
%%% SHNthValueLayerUA_exitshieldF_ancesC NSTEPS: shield:2 = 0.46975
%%% SHNthValueLayerUA_exitshieldF_ancesC NSTEPS: shield:3 = 0.36454
%%% SHNthValueLayerUA_exitshieldF_ancesC NSTEPS: shield:4 = 0.28208
%%% SHNthValueLayerUA_exitshieldF_ancesC NSTEPS: shield:5 = 0.21809
%%% SHNthValueLayerUA_exitshieldF_ancesC NSTEPS: shield:6 = 0.16884
%%% SHNthValueLayerUA_exitshieldF_ancesC NSTEPS: shield:7 = 0.12981
%%% SHNthValueLayerUA_exitshieldF_ancesC NSTEPS: shield:8 = 0.09957
%%% SHNthValueLayerUA_exitshieldF_ancesC NSTEPS: shield:9 = 0.07687
%%% SHNthValueLayerUA_exitshieldF_ancesC NSTEPS: shield:10 = 0.05995
%%% SHNthValueLayerUA_exitshieldF_ancesC NSTEPS: shield:11 = 0.04653
%%% SHNthValueLayerUA_exitshieldF_ancesC NSTEPS: shield:12 = 0.03613
%%% SHNthValueLayerUA_exitshieldF_ancesC NSTEPS: shield:13 = 0.02767
%%% SHNthValueLayerUA_exitshieldF_ancesC NSTEPS: shield:14 = 0.02107
%%% SHNthValueLayerUA_exitshieldF_ancesC NSTEPS: shield:15 = 0.01669
%%% SHNthValueLayerUA_exitshieldF_ancesC NSTEPS: shield:16 = 0.01266
%%% SHNthValueLayerUA_exitshieldF_ancesC NSTEPS: shield:17 = 0.00999
%%% SHNthValueLayerUA_exitshieldF_ancesC NSTEPS: shield:18 = 0.00769
%%% SHNthValueLayerUA_exitshieldF_ancesC NSTEPS: shield:19 = 0.00594
%%% SHNthValueLayerUA_exitshieldF_ancesC NSTEPS: shield:20 = 0.00433
%%% SHNthValueLayerUA_exitshieldF_ancesC NSTEPS: shield:21 = 0.00317
%%% SHNthValueLayerUA_exitshieldF_ancesC NSTEPS: shield:22 = 0.00241
%%% SHNthValueLayerUA_exitshieldF_ancesC NSTEPS: shield:23 = 0.00196
%%% SHNthValueLayerUA_exitshieldF_ancesC NSTEPS: shield:24 = 0.00152
%%% SHNthValueLayerUA_exitshieldF_ancesC NSTEPS: shield:25 = 0.00117
%%% SHNthValueLayerUA_exitshieldF_ancesC NSTEPS: shield:26 = 0.00091
%%% SHNthValueLayerUA_exitshieldF_ancesC NSTEPS: shield:27 = 0.00067
%%% SHNthValueLayerUA_exitshieldF_ancesC NSTEPS: shield:28 = 0.00054
%%% SHNthValueLayerUA_exitshieldF_ancesC NSTEPS: shield:29 = 0.00043
%%% SHNthValueLayerUA_exitshieldF_ancesC NSTEPS: shield:30 = 0.00032
%%% SHNthValueLayerUA_exitshieldF_ancesC NSTEPS: shield:31 = 0.0002
%%% SHNthValueLayerUA_exitshieldF_ancesC NSTEPS: shield:32 = 0.00017
%%% SHNthValueLayerUA_exitshieldF_ancesC NSTEPS: shield:33 = 0.00012
%%% SHNthValueLayerUA_exitshieldF_ancesC NSTEPS: shield:34 = 0.0001
%%% SHNthValueLayerUA_exitshieldF_ancesC NSTEPS: shield:35 = 8e-05
%%% SHNthValueLayerUA_exitshieldF_ancesC NSTEPS: shield:36 = 4e-05
%%% SHNthValueLayerUA_exitshieldF_ancesC NSTEPS: shield:37 = 3e-05
%%% SHNthValueLayerUA_exitshieldF_ancesC NSTEPS: shield:38 = 1e-05
%%% SHNthValueLayerUA_exitshieldF_ancesC NSTEPS: shield:39 = 1e-05
%%% SHNthValueLayerUA_exitshieldF_ancesC: gamma G4_Pb 0.1405 MeV : FIT chi2= 47.1413 nDoF 36
%%% SHNthValueLayerUA_exitshieldF_ancesC: gamma G4_Pb 0.1405 MeV : REDUCTION FROM FIT= 10 reached at depth= 0.919581 +- 0.0013618 mm 
%%% SHNthValueLayerUA_exitshieldF_ancesC: gamma G4_Pb 0.1405 MeV : REDUCTION FROM SCORES= 10 reached at depth= 0.798375 mm
