/control/execute exercise3.angle.gg.in
/gamos/setParam GmGeometryFromText:FileName exercise3.geom
/gamos/geometry GmGeometryFromText
/gamos/physicsList G4QGSP_BIC_HP
<<< Geant4 Physics List simulation engine: QGSP_BIC_HP

/gamos/setParam GmGeneratorChangeEnergyAndMaterial:nEventsPerRun 1000000
/gamos/setParam GmGeneratorChangeEnergyAndMaterial:minE 1.E-1*MeV
/gamos/setParam GmGeneratorChangeEnergyAndMaterial:maxE 1.E+1*MeV
/gamos/setParam GmGeneratorChangeEnergyAndMaterial:nStepsE 11
/gamos/setParam GmGeneratorChangeEnergyAndMaterial:logE 1
/gamos/generator GmGeneratorChangeEnergyAndMaterial
/gamos/setParam GmCountTracksUA:EachNEvent 100000
/gamos/userAction GmCountTracksUA
/run/initialize
/home/arce/gamos/external/geant4/geant4.11.01.p03.gamos/../data/G4NDL4.7
@@@ G4ParticleHPInelastic instantiated for particle neutron data directory variable is G4NEUTRONHPDATA pointing to /home/arce/gamos/external/geant4/geant4.11.01.p03.gamos/../data/G4NDL4.7/Inelastic
@@@ G4ParticleHPInelasticData instantiated for particle neutron data directory variable is G4NEUTRONHPDATA pointing to /home/arce/gamos/external/geant4/geant4.11.01.p03.gamos/../data/G4NDL4.7
NeutronHP: /Capture file for Z = 6, A = 12 is not found and NeutronHP will use /home/arce/gamos/external/geant4/geant4.11.01.p03.gamos/../data/G4NDL4.7/Capture/CrossSection/6_nat_Carbon
NeutronHP: /Elastic file for Z = 6, A = 12 is not found and NeutronHP will use /home/arce/gamos/external/geant4/geant4.11.01.p03.gamos/../data/G4NDL4.7/Elastic/CrossSection/6_nat_Carbon
NeutronHP: /Inelastic file for Z = 6, A = 12 is not found and NeutronHP will use /home/arce/gamos/external/geant4/geant4.11.01.p03.gamos/../data/G4NDL4.7/Inelastic/CrossSection/6_nat_Carbon
/gamos/generator/addSingleParticleSource source gamma 1.*MeV
/gamos/setParam GmPDSCreateAngleTablesUA:SecondaryParticleName gamma
/gamos/setParam GmPDSCreateAngleTablesUA:HistoFileName angleDeviation.gamma.gamma
/gamos/userAction GmPDSCreateAngleTablesUA
/gamos/userAction GmKillAtStackingActionUA GmSecondaryFilter
/run/beamOn 100000000
=======================================================================
======                 Electromagnetic Physics Parameters      ========
=======================================================================
LPM effect enabled                                 1
Enable creation and use of sampling tables         0
Apply cuts on all EM processes                     0
Use combined TransportationWithMsc                 Disabled
Use general process                                1
Enable linear polarisation for gamma               0
Enable photoeffect sampling below K-shell          1
Enable sampling of quantum entanglement            0
X-section factor for integral approach             0.8
Min kinetic energy for tables                      100 eV 
Max kinetic energy for tables                      100 TeV
Number of bins per decade of a table               20
Verbose level                                      1
Verbose level for worker thread                    0
Bremsstrahlung energy threshold above which 
  primary e+- is added to the list of secondary    100 TeV
Bremsstrahlung energy threshold above which primary
  muon/hadron is added to the list of secondary    100 TeV
Lowest triplet kinetic energy                      1 MeV
Enable sampling of gamma linear polarisation       0
5D gamma conversion model type                     0
5D gamma conversion model on isolated ion          0
Livermore data directory                           epics_2017
=======================================================================
======                 Ionisation Parameters                   ========
=======================================================================
Step function for e+-                              (0.2, 0.01 mm)
Step function for muons/hadrons                    (0.1, 0.05 mm)
Step function for light ions                       (0.1, 0.02 mm)
Step function for general ions                     (0.1, 0.001 mm)
Lowest e+e- kinetic energy                         100 eV 
Lowest muon/hadron kinetic energy                  1 keV
Use ICRU90 data                                    1
Fluctuations of dE/dx are enabled                  1
Type of fluctuation model for leptons and hadrons  Urban
Use built-in Birks satuaration                     0
Build CSDA range enabled                           0
Use cut as a final range enabled                   0
Enable angular generator interface                 1
Max kinetic energy for CSDA tables                 1 GeV
Max kinetic energy for NIEL computation            1 MeV
Linear loss limit                                  0.01
Read data from file for e+e- pair production by mu 0
=======================================================================
======                 Multiple Scattering Parameters          ========
=======================================================================
Type of msc step limit algorithm for e+-           2
Type of msc step limit algorithm for muons/hadrons 0
Msc lateral displacement for e+- enabled           1
Msc lateral displacement for muons and hadrons     1
Urban msc model lateral displacement alg96         1
Range factor for msc step limit for e+-            0.08
Range factor for msc step limit for muons/hadrons  0.2
Geometry factor for msc step limitation of e+-     2.5
Safety factor for msc step limit for e+-           0.6
Skin parameter for msc step limitation of e+-      3
Lambda limit for msc step limit for e+-            1 mm
Use Mott correction for e- scattering              1
Factor used for dynamic computation of angular 
  limit between single and multiple scattering     1
Fixed angular limit between single 
  and multiple scattering                          3.1416 rad
Upper energy limit for e+- multiple scattering     100 MeV
Type of electron single scattering model           0
Type of nuclear form-factor                        1
Screening factor                                   1
=======================================================================
======                 Atomic Deexcitation Parameters          ========
=======================================================================
Fluorescence enabled                               1
Directory in G4LEDATA for fluorescence data files  fluor
Auger electron cascade enabled                     1
PIXE atomic de-excitation enabled                  0
De-excitation module ignores cuts                  1
Type of PIXE cross section for hadrons             Empirical
Type of PIXE cross section for e+-                 Livermore
=======================================================================

### ===  Deexcitation model UAtomDeexcitation is activated for 1 region:
          DefaultRegionForTheWorld  1  1  0
### ===  Auger flag: 1
### ===  Ignore cuts flag:   1

phot:  for gamma SubType=12 BuildTable=0
      LambdaPrime table from 200 keV to 100 TeV in 174 bins 
      ===== EM models for the G4Region  DefaultRegionForTheWorld ======
 LivermorePhElectric : Emin=    0 eV  Emax=  100 TeV  SauterGavrila Fluo

compt:  for gamma SubType=13 BuildTable=1
      Lambda table from 100 eV  to 1 MeV, 20 bins/decade, spline: 1
      LambdaPrime table from 1 MeV to 100 TeV in 160 bins 
      ===== EM models for the G4Region  DefaultRegionForTheWorld ======
   LowEPComptonModel : Emin=    0 eV  Emax=   20 MeV Fluo
        KleinNishina : Emin=   20 MeV Emax=  100 TeV Fluo

conv:  for gamma SubType=14 BuildTable=1
      Lambda table from 1.022 MeV to 100 TeV, 20 bins/decade, spline: 1
      ===== EM models for the G4Region  DefaultRegionForTheWorld ======
      BetheHeitler5D : Emin=    0 eV  Emax=  100 TeV  ModifiedTsai

Rayl:  for gamma SubType=11 BuildTable=1
      Lambda table from 100 eV  to 150 keV, 20 bins/decade, spline: 0
      LambdaPrime table from 150 keV to 100 TeV in 176 bins 
      ===== EM models for the G4Region  DefaultRegionForTheWorld ======
   LivermoreRayleigh : Emin=    0 eV  Emax=  100 TeV  CullenGenerator

msc:  for e-  SubType= 10
      ===== EM models for the G4Region  DefaultRegionForTheWorld ======
  GoudsmitSaunderson : Emin=    0 eV  Emax=  100 MeV Nbins=120 100 eV  - 100 MeV
          StepLim=SafetyPlus Rfact=0.08 Gfact=2.5 Sfact=0.6 DispFlag:1 Skin=3 Llim=1 mm
        WentzelVIUni : Emin=  100 MeV Emax=  100 TeV Nbins=120 100 MeV - 100 TeV
          StepLim=SafetyPlus Rfact=0.08 Gfact=2.5 Sfact=0.6 DispFlag:1 Skin=3 Llim=1 mm

eIoni:  for e-  XStype:3  SubType=2
      dE/dx and range tables from 100 eV  to 100 TeV in 240 bins
      Lambda tables from threshold to 100 TeV, 20 bins/decade, spline: 1
      StepFunction=(0.2, 0.01 mm), integ: 3, fluct: 1, linLossLim= 0.01
      ===== EM models for the G4Region  DefaultRegionForTheWorld ======
             PenIoni : Emin=    0 eV  Emax=  100 keV
        MollerBhabha : Emin=  100 keV Emax=  100 TeV  deltaVI

eBrem:  for e-  XStype:4  SubType=3
      dE/dx and range tables from 100 eV  to 100 TeV in 240 bins
      Lambda tables from threshold to 100 TeV, 20 bins/decade, spline: 1
      LPM flag: 1 for E > 1 GeV,  VertexHighEnergyTh(GeV)= 100000
      ===== EM models for the G4Region  DefaultRegionForTheWorld ======
             eBremSB : Emin=    0 eV  Emax=    1 GeV  AngularGen2BS
            eBremLPM : Emin=    1 GeV Emax=  100 TeV  AngularGen2BS

ePairProd:  for e-  XStype:1  SubType=4
      dE/dx and range tables from 100 eV  to 100 TeV in 240 bins
      Lambda tables from threshold to 100 TeV, 20 bins/decade, spline: 0
      Sampling table 25x1001; from 0.1 GeV to 100 TeV 
      ===== EM models for the G4Region  DefaultRegionForTheWorld ======
           ePairProd : Emin=    0 eV  Emax=  100 TeV  ModifiedMephi

CoulombScat:  for e- XStype:1 SubType=1 BuildTable=1
      Lambda table from 100 MeV to 100 TeV, 20 bins/decade, spline: 0
      ThetaMin(p) < Theta(degree) < 180; pLimit(GeV^1)= 0.139531
      ===== EM models for the G4Region  DefaultRegionForTheWorld ======
  eCoulombScattering : Emin=  100 MeV Emax=  100 TeV

msc:  for e+  SubType= 10
      ===== EM models for the G4Region  DefaultRegionForTheWorld ======
  GoudsmitSaunderson : Emin=    0 eV  Emax=  100 MeV Nbins=120 100 eV  - 100 MeV
          StepLim=SafetyPlus Rfact=0.08 Gfact=2.5 Sfact=0.6 DispFlag:1 Skin=3 Llim=1 mm
        WentzelVIUni : Emin=  100 MeV Emax=  100 TeV Nbins=120 100 MeV - 100 TeV
          StepLim=SafetyPlus Rfact=0.08 Gfact=2.5 Sfact=0.6 DispFlag:1 Skin=3 Llim=1 mm

eIoni:  for e+  XStype:3  SubType=2
      dE/dx and range tables from 100 eV  to 100 TeV in 240 bins
      Lambda tables from threshold to 100 TeV, 20 bins/decade, spline: 1
      StepFunction=(0.2, 0.01 mm), integ: 3, fluct: 1, linLossLim= 0.01
      ===== EM models for the G4Region  DefaultRegionForTheWorld ======
             PenIoni : Emin=    0 eV  Emax=  100 keV
        MollerBhabha : Emin=  100 keV Emax=  100 TeV  deltaVI

eBrem:  for e+  XStype:4  SubType=3
      dE/dx and range tables from 100 eV  to 100 TeV in 240 bins
      Lambda tables from threshold to 100 TeV, 20 bins/decade, spline: 1
      LPM flag: 1 for E > 1 GeV,  VertexHighEnergyTh(GeV)= 100000
      ===== EM models for the G4Region  DefaultRegionForTheWorld ======
             eBremSB : Emin=    0 eV  Emax=    1 GeV  AngularGen2BS
            eBremLPM : Emin=    1 GeV Emax=  100 TeV  AngularGen2BS

ePairProd:  for e+  XStype:1  SubType=4
      dE/dx and range tables from 100 eV  to 100 TeV in 240 bins
      Lambda tables from threshold to 100 TeV, 20 bins/decade, spline: 0
      Sampling table 25x1001; from 0.1 GeV to 100 TeV 
      ===== EM models for the G4Region  DefaultRegionForTheWorld ======
           ePairProd : Emin=    0 eV  Emax=  100 TeV  ModifiedMephi

annihil:  for e+ XStype:2 SubType=5 BuildTable=0
      ===== EM models for the G4Region  DefaultRegionForTheWorld ======
            eplus2gg : Emin=    0 eV  Emax=  100 TeV

CoulombScat:  for e+ XStype:1 SubType=1 BuildTable=1
      Lambda table from 100 MeV to 100 TeV, 20 bins/decade, spline: 0
      ThetaMin(p) < Theta(degree) < 180; pLimit(GeV^1)= 0.139531
      ===== EM models for the G4Region  DefaultRegionForTheWorld ======
  eCoulombScattering : Emin=  100 MeV Emax=  100 TeV

msc:  for proton  SubType= 10
      ===== EM models for the G4Region  DefaultRegionForTheWorld ======
        WentzelVIUni : Emin=    0 eV  Emax=  100 TeV Nbins=240 100 eV  - 100 TeV
          StepLim=Minimal Rfact=0.2 Gfact=2.5 Sfact=0.6 DispFlag:1 Skin=3 Llim=1 mm

hIoni:  for proton  XStype:3  SubType=2
      dE/dx and range tables from 100 eV  to 100 TeV in 240 bins
      Lambda tables from threshold to 100 TeV, 20 bins/decade, spline: 1
      StepFunction=(0.1, 0.05 mm), integ: 3, fluct: 1, linLossLim= 0.01
      ===== EM models for the G4Region  DefaultRegionForTheWorld ======
               Bragg : Emin=    0 eV  Emax=    2 MeV  deltaVI
          BetheBloch : Emin=    2 MeV Emax=  100 TeV  deltaVI

hBrems:  for proton  XStype:1  SubType=3
      dE/dx and range tables from 100 eV  to 100 TeV in 240 bins
      Lambda tables from threshold to 100 TeV, 20 bins/decade, spline: 1
      ===== EM models for the G4Region  DefaultRegionForTheWorld ======
               hBrem : Emin=    0 eV  Emax=  100 TeV  ModifiedMephi

hPairProd:  for proton  XStype:1  SubType=4
      dE/dx and range tables from 100 eV  to 100 TeV in 240 bins
      Lambda tables from threshold to 100 TeV, 20 bins/decade, spline: 1
      Sampling table 17x1001; from 7.50618 GeV to 100 TeV 
      ===== EM models for the G4Region  DefaultRegionForTheWorld ======
           hPairProd : Emin=    0 eV  Emax=  100 TeV  ModifiedMephi

CoulombScat:  for proton XStype:1 SubType=1 BuildTable=1
      Lambda table from threshold  to 100 TeV, 20 bins/decade, spline: 0
      ThetaMin(p) < Theta(degree) < 180; pLimit(GeV^1)= 0.139531
      ===== EM models for the G4Region  DefaultRegionForTheWorld ======
  eCoulombScattering : Emin=    0 eV  Emax=  100 TeV

nuclearStopping:  for proton SubType=8 BuildTable=0
      ===== EM models for the G4Region  DefaultRegionForTheWorld ======
   ICRU49NucStopping : Emin=    0 eV  Emax=    1 MeV

msc:  for GenericIon  SubType= 10
      ===== EM models for the G4Region  DefaultRegionForTheWorld ======
            UrbanMsc : Emin=    0 eV  Emax=  100 TeV
          StepLim=Minimal Rfact=0.2 Gfact=2.5 Sfact=0.6 DispFlag:1 Skin=3 Llim=1 mm

ionIoni:  for GenericIon  XStype:3  SubType=2
      dE/dx and range tables from 100 eV  to 100 TeV in 240 bins
      Lambda tables from threshold to 100 TeV, 20 bins/decade, spline: 1
      StepFunction=(0.1, 0.001 mm), integ: 3, fluct: 1, linLossLim= 0.02
      ===== EM models for the G4Region  DefaultRegionForTheWorld ======
    LindhardSorensen : Emin=    0 eV  Emax=  100 TeV  deltaVI

nuclearStopping:  for GenericIon SubType=8 BuildTable=0
      ===== EM models for the G4Region  DefaultRegionForTheWorld ======
   ICRU49NucStopping : Emin=    0 eV  Emax=    1 MeV
======================================================================
======          Radioactive Decay Physics Parameters           =======
======================================================================
min MeanLife (from G4NuclideTable)                1 ns 
Max life time (from G4DeexPrecoParameters)        1000 ps 
Internal e- conversion flag                       1
Stored internal conversion coefficients           1
Enabled atomic relaxation mode                    1
Enable correlated gamma emission                  0
Max 2J for sampling of angular correlations       10
Atomic de-excitation enabled                      1
Auger electron emission enabled                   1
Check EM cuts disabled for atomic de-excitation   1
Use Bearden atomic level energies                 0
Use ANSTO fluorescence model                      0
Threshold for very long decay time at rest        3.171e+10 y  
======================================================================

msc:  for alpha  SubType= 10
      ===== EM models for the G4Region  DefaultRegionForTheWorld ======
            UrbanMsc : Emin=    0 eV  Emax=  100 TeV
          StepLim=Minimal Rfact=0.2 Gfact=2.5 Sfact=0.6 DispFlag:1 Skin=3 Llim=1 mm

ionIoni:  for alpha  XStype:3  SubType=2
      dE/dx and range tables from 100 eV  to 100 TeV in 240 bins
      Lambda tables from threshold to 100 TeV, 20 bins/decade, spline: 1
      StepFunction=(0.1, 0.02 mm), integ: 3, fluct: 1, linLossLim= 0.02
      ===== EM models for the G4Region  DefaultRegionForTheWorld ======
            BraggIon : Emin=    0 eV  Emax=7.9452 MeV  deltaVI
          BetheBloch : Emin=7.9452 MeV Emax=  100 TeV  deltaVI

nuclearStopping:  for alpha SubType=8 BuildTable=0
      ===== EM models for the G4Region  DefaultRegionForTheWorld ======
   ICRU49NucStopping : Emin=    0 eV  Emax=    1 MeV

msc:  for anti_proton  SubType= 10
      ===== EM models for the G4Region  DefaultRegionForTheWorld ======
        WentzelVIUni : Emin=    0 eV  Emax=  100 TeV Nbins=240 100 eV  - 100 TeV
          StepLim=Minimal Rfact=0.2 Gfact=2.5 Sfact=0.6 DispFlag:1 Skin=3 Llim=1 mm

hIoni:  for anti_proton  XStype:3  SubType=2
      dE/dx and range tables from 100 eV  to 100 TeV in 240 bins
      Lambda tables from threshold to 100 TeV, 20 bins/decade, spline: 1
      StepFunction=(0.1, 0.05 mm), integ: 3, fluct: 1, linLossLim= 0.01
      ===== EM models for the G4Region  DefaultRegionForTheWorld ======
            ICRU73QO : Emin=    0 eV  Emax=    2 MeV  deltaVI
          BetheBloch : Emin=    2 MeV Emax=  100 TeV  deltaVI

hBrems:  for anti_proton  XStype:1  SubType=3
      dE/dx and range tables from 100 eV  to 100 TeV in 240 bins
      Lambda tables from threshold to 100 TeV, 20 bins/decade, spline: 1
      ===== EM models for the G4Region  DefaultRegionForTheWorld ======
               hBrem : Emin=    0 eV  Emax=  100 TeV  ModifiedMephi

hPairProd:  for anti_proton  XStype:1  SubType=4
      dE/dx and range tables from 100 eV  to 100 TeV in 240 bins
      Lambda tables from threshold to 100 TeV, 20 bins/decade, spline: 1
      Sampling table 17x1001; from 7.50618 GeV to 100 TeV 
      ===== EM models for the G4Region  DefaultRegionForTheWorld ======
           hPairProd : Emin=    0 eV  Emax=  100 TeV  ModifiedMephi

CoulombScat:  for anti_proton XStype:1 SubType=1 BuildTable=1
      Lambda table from threshold  to 100 TeV, 20 bins/decade, spline: 0
      ThetaMin(p) < Theta(degree) < 180; pLimit(GeV^1)= 0.139531
      ===== EM models for the G4Region  DefaultRegionForTheWorld ======
  eCoulombScattering : Emin=    0 eV  Emax=  100 TeV

msc:  for kaon+  SubType= 10
      ===== EM models for the G4Region  DefaultRegionForTheWorld ======
        WentzelVIUni : Emin=    0 eV  Emax=  100 TeV Nbins=240 100 eV  - 100 TeV
          StepLim=Minimal Rfact=0.2 Gfact=2.5 Sfact=0.6 DispFlag:1 Skin=3 Llim=1 mm

hIoni:  for kaon+  XStype:3  SubType=2
      dE/dx and range tables from 100 eV  to 100 TeV in 240 bins
      Lambda tables from threshold to 100 TeV, 20 bins/decade, spline: 1
      StepFunction=(0.1, 0.05 mm), integ: 3, fluct: 1, linLossLim= 0.01
      ===== EM models for the G4Region  DefaultRegionForTheWorld ======
               Bragg : Emin=    0 eV  Emax=1.05231 MeV  deltaVI
          BetheBloch : Emin=1.05231 MeV Emax=  100 TeV  deltaVI

hBrems:  for kaon+  XStype:1  SubType=3
      dE/dx and range tables from 100 eV  to 100 TeV in 240 bins
      Lambda tables from threshold to 100 TeV, 20 bins/decade, spline: 1
      ===== EM models for the G4Region  DefaultRegionForTheWorld ======
               hBrem : Emin=    0 eV  Emax=  100 TeV  ModifiedMephi

hPairProd:  for kaon+  XStype:1  SubType=4
      dE/dx and range tables from 100 eV  to 100 TeV in 240 bins
      Lambda tables from threshold to 100 TeV, 20 bins/decade, spline: 1
      Sampling table 18x1001; from 3.94942 GeV to 100 TeV 
      ===== EM models for the G4Region  DefaultRegionForTheWorld ======
           hPairProd : Emin=    0 eV  Emax=  100 TeV  ModifiedMephi

CoulombScat:  for kaon+ XStype:1 SubType=1 BuildTable=1
      Lambda table from threshold  to 100 TeV, 20 bins/decade, spline: 0
      ThetaMin(p) < Theta(degree) < 180; pLimit(GeV^1)= 0.139531
      ===== EM models for the G4Region  DefaultRegionForTheWorld ======
  eCoulombScattering : Emin=    0 eV  Emax=  100 TeV

msc:  for kaon-  SubType= 10
      ===== EM models for the G4Region  DefaultRegionForTheWorld ======
        WentzelVIUni : Emin=    0 eV  Emax=  100 TeV Nbins=240 100 eV  - 100 TeV
          StepLim=Minimal Rfact=0.2 Gfact=2.5 Sfact=0.6 DispFlag:1 Skin=3 Llim=1 mm

hIoni:  for kaon-  XStype:3  SubType=2
      dE/dx and range tables from 100 eV  to 100 TeV in 240 bins
      Lambda tables from threshold to 100 TeV, 20 bins/decade, spline: 1
      StepFunction=(0.1, 0.05 mm), integ: 3, fluct: 1, linLossLim= 0.01
      ===== EM models for the G4Region  DefaultRegionForTheWorld ======
            ICRU73QO : Emin=    0 eV  Emax=1.05231 MeV  deltaVI
          BetheBloch : Emin=1.05231 MeV Emax=  100 TeV  deltaVI

hBrems:  for kaon-  XStype:1  SubType=3
      dE/dx and range tables from 100 eV  to 100 TeV in 240 bins
      Lambda tables from threshold to 100 TeV, 20 bins/decade, spline: 1
      ===== EM models for the G4Region  DefaultRegionForTheWorld ======
               hBrem : Emin=    0 eV  Emax=  100 TeV  ModifiedMephi

hPairProd:  for kaon-  XStype:1  SubType=4
      dE/dx and range tables from 100 eV  to 100 TeV in 240 bins
      Lambda tables from threshold to 100 TeV, 20 bins/decade, spline: 1
      Sampling table 18x1001; from 3.94942 GeV to 100 TeV 
      ===== EM models for the G4Region  DefaultRegionForTheWorld ======
           hPairProd : Emin=    0 eV  Emax=  100 TeV  ModifiedMephi

CoulombScat:  for kaon- XStype:1 SubType=1 BuildTable=1
      Used Lambda table of kaon+
      ThetaMin(p) < Theta(degree) < 180; pLimit(GeV^1)= 0.139531
      ===== EM models for the G4Region  DefaultRegionForTheWorld ======
  eCoulombScattering : Emin=    0 eV  Emax=  100 TeV

msc:  for mu+  SubType= 10
      ===== EM models for the G4Region  DefaultRegionForTheWorld ======
        WentzelVIUni : Emin=    0 eV  Emax=  100 TeV Nbins=240 100 eV  - 100 TeV
          StepLim=Minimal Rfact=0.2 Gfact=2.5 Sfact=0.6 DispFlag:1 Skin=3 Llim=1 mm

muIoni:  for mu+  XStype:3  SubType=2
      dE/dx and range tables from 100 eV  to 100 TeV in 240 bins
      Lambda tables from threshold to 100 TeV, 20 bins/decade, spline: 1
      StepFunction=(0.1, 0.05 mm), integ: 3, fluct: 1, linLossLim= 0.01
      ===== EM models for the G4Region  DefaultRegionForTheWorld ======
               Bragg : Emin=    0 eV  Emax=  200 keV  deltaVI
        MuBetheBloch : Emin=  200 keV Emax=  100 TeV  deltaVI

muBrems:  for mu+  XStype:1  SubType=3
      dE/dx and range tables from 100 eV  to 100 TeV in 240 bins
      Lambda tables from threshold to 100 TeV, 20 bins/decade, spline: 1
      ===== EM models for the G4Region  DefaultRegionForTheWorld ======
              MuBrem : Emin=    0 eV  Emax=  100 TeV  ModifiedMephi

muPairProd:  for mu+  XStype:1  SubType=4
      dE/dx and range tables from 100 eV  to 100 TeV in 240 bins
      Lambda tables from threshold to 100 TeV, 20 bins/decade, spline: 1
      Sampling table 21x1001; from 0.85 GeV to 100 TeV 
      ===== EM models for the G4Region  DefaultRegionForTheWorld ======
          muPairProd : Emin=    0 eV  Emax=  100 TeV  ModifiedMephi

CoulombScat:  for mu+ XStype:1 SubType=1 BuildTable=1
      Lambda table from threshold  to 100 TeV, 20 bins/decade, spline: 0
      ThetaMin(p) < Theta(degree) < 180; pLimit(GeV^1)= 0.139531
      ===== EM models for the G4Region  DefaultRegionForTheWorld ======
  eCoulombScattering : Emin=    0 eV  Emax=  100 TeV

msc:  for mu-  SubType= 10
      ===== EM models for the G4Region  DefaultRegionForTheWorld ======
        WentzelVIUni : Emin=    0 eV  Emax=  100 TeV Nbins=240 100 eV  - 100 TeV
          StepLim=Minimal Rfact=0.2 Gfact=2.5 Sfact=0.6 DispFlag:1 Skin=3 Llim=1 mm

muIoni:  for mu-  XStype:3  SubType=2
      dE/dx and range tables from 100 eV  to 100 TeV in 240 bins
      Lambda tables from threshold to 100 TeV, 20 bins/decade, spline: 1
      StepFunction=(0.1, 0.05 mm), integ: 3, fluct: 1, linLossLim= 0.01
      ===== EM models for the G4Region  DefaultRegionForTheWorld ======
            ICRU73QO : Emin=    0 eV  Emax=  200 keV  deltaVI
        MuBetheBloch : Emin=  200 keV Emax=  100 TeV  deltaVI

muBrems:  for mu-  XStype:1  SubType=3
      dE/dx and range tables from 100 eV  to 100 TeV in 240 bins
      Lambda tables from threshold to 100 TeV, 20 bins/decade, spline: 1
      ===== EM models for the G4Region  DefaultRegionForTheWorld ======
              MuBrem : Emin=    0 eV  Emax=  100 TeV  ModifiedMephi

muPairProd:  for mu-  XStype:1  SubType=4
      dE/dx and range tables from 100 eV  to 100 TeV in 240 bins
      Lambda tables from threshold to 100 TeV, 20 bins/decade, spline: 1
      Sampling table 21x1001; from 0.85 GeV to 100 TeV 
      ===== EM models for the G4Region  DefaultRegionForTheWorld ======
          muPairProd : Emin=    0 eV  Emax=  100 TeV  ModifiedMephi

CoulombScat:  for mu- XStype:1 SubType=1 BuildTable=1
      Used Lambda table of mu+
      ThetaMin(p) < Theta(degree) < 180; pLimit(GeV^1)= 0.139531
      ===== EM models for the G4Region  DefaultRegionForTheWorld ======
  eCoulombScattering : Emin=    0 eV  Emax=  100 TeV
NeutronHP: /Capture file for Z = 6, A = 12 is not found and NeutronHP will use /home/arce/gamos/external/geant4/geant4.11.01.p03.gamos/../data/G4NDL4.7/Capture/CrossSection/6_nat_Carbon
NeutronHP: /Elastic file for Z = 6, A = 12 is not found and NeutronHP will use /home/arce/gamos/external/geant4/geant4.11.01.p03.gamos/../data/G4NDL4.7/Elastic/CrossSection/6_nat_Carbon
NeutronHP: /Inelastic file for Z = 6, A = 12 is not found and NeutronHP will use /home/arce/gamos/external/geant4/geant4.11.01.p03.gamos/../data/G4NDL4.7/Inelastic/CrossSection/6_nat_Carbon
NeutronHP: /Elastic file for Z = 6, A = 12 is not found and NeutronHP will use /home/arce/gamos/external/geant4/geant4.11.01.p03.gamos/../data/G4NDL4.7/Elastic/CrossSection/6_nat_Carbon

=======================================================
======       ParticleHP Physics Parameters     ========
=======================================================
 UseOnlyPhotoEvaporation ? 0
 SkipMissingIsotopes ?     0
 NeglectDoppler ?          0
 DoNotAdjustFinalState ?   0
 ProduceFissionFragments ? 0
 UseWendtFissionModel ?    0
 UseNRESP71Model ?         0
=======================================================

@@@ G4ParticleHPInelastic instantiated for particle neutron data directory variable is G4NEUTRONHPDATA pointing to /home/arce/gamos/external/geant4/geant4.11.01.p03.gamos/../data/G4NDL4.7/Inelastic
NeutronHP: /Capture file for Z = 6, A = 12 is not found and NeutronHP will use /home/arce/gamos/external/geant4/geant4.11.01.p03.gamos/../data/G4NDL4.7/Capture/CrossSection/6_nat_Carbon

msc:  for pi+  SubType= 10
      ===== EM models for the G4Region  DefaultRegionForTheWorld ======
        WentzelVIUni : Emin=    0 eV  Emax=  100 TeV Nbins=240 100 eV  - 100 TeV
          StepLim=Minimal Rfact=0.2 Gfact=2.5 Sfact=0.6 DispFlag:1 Skin=3 Llim=1 mm

hIoni:  for pi+  XStype:3  SubType=2
      dE/dx and range tables from 100 eV  to 100 TeV in 240 bins
      Lambda tables from threshold to 100 TeV, 20 bins/decade, spline: 1
      StepFunction=(0.1, 0.05 mm), integ: 3, fluct: 1, linLossLim= 0.01
      ===== EM models for the G4Region  DefaultRegionForTheWorld ======
               Bragg : Emin=    0 eV  Emax=297.505 keV  deltaVI
          BetheBloch : Emin=297.505 keV Emax=  100 TeV  deltaVI

hBrems:  for pi+  XStype:1  SubType=3
      dE/dx and range tables from 100 eV  to 100 TeV in 240 bins
      Lambda tables from threshold to 100 TeV, 20 bins/decade, spline: 1
      ===== EM models for the G4Region  DefaultRegionForTheWorld ======
               hBrem : Emin=    0 eV  Emax=  100 TeV  ModifiedMephi

hPairProd:  for pi+  XStype:1  SubType=4
      dE/dx and range tables from 100 eV  to 100 TeV in 240 bins
      Lambda tables from threshold to 100 TeV, 20 bins/decade, spline: 1
      Sampling table 20x1001; from 1.11656 GeV to 100 TeV 
      ===== EM models for the G4Region  DefaultRegionForTheWorld ======
           hPairProd : Emin=    0 eV  Emax=  100 TeV  ModifiedMephi

CoulombScat:  for pi+ XStype:1 SubType=1 BuildTable=1
      Lambda table from threshold  to 100 TeV, 20 bins/decade, spline: 0
      ThetaMin(p) < Theta(degree) < 180; pLimit(GeV^1)= 0.139531
      ===== EM models for the G4Region  DefaultRegionForTheWorld ======
  eCoulombScattering : Emin=    0 eV  Emax=  100 TeV

msc:  for pi-  SubType= 10
      ===== EM models for the G4Region  DefaultRegionForTheWorld ======
        WentzelVIUni : Emin=    0 eV  Emax=  100 TeV Nbins=240 100 eV  - 100 TeV
          StepLim=Minimal Rfact=0.2 Gfact=2.5 Sfact=0.6 DispFlag:1 Skin=3 Llim=1 mm

hIoni:  for pi-  XStype:3  SubType=2
      dE/dx and range tables from 100 eV  to 100 TeV in 240 bins
      Lambda tables from threshold to 100 TeV, 20 bins/decade, spline: 1
      StepFunction=(0.1, 0.05 mm), integ: 3, fluct: 1, linLossLim= 0.01
      ===== EM models for the G4Region  DefaultRegionForTheWorld ======
            ICRU73QO : Emin=    0 eV  Emax=297.505 keV  deltaVI
          BetheBloch : Emin=297.505 keV Emax=  100 TeV  deltaVI

hBrems:  for pi-  XStype:1  SubType=3
      dE/dx and range tables from 100 eV  to 100 TeV in 240 bins
      Lambda tables from threshold to 100 TeV, 20 bins/decade, spline: 1
      ===== EM models for the G4Region  DefaultRegionForTheWorld ======
               hBrem : Emin=    0 eV  Emax=  100 TeV  ModifiedMephi

hPairProd:  for pi-  XStype:1  SubType=4
      dE/dx and range tables from 100 eV  to 100 TeV in 240 bins
      Lambda tables from threshold to 100 TeV, 20 bins/decade, spline: 1
      Sampling table 20x1001; from 1.11656 GeV to 100 TeV 
      ===== EM models for the G4Region  DefaultRegionForTheWorld ======
           hPairProd : Emin=    0 eV  Emax=  100 TeV  ModifiedMephi

CoulombScat:  for pi- XStype:1 SubType=1 BuildTable=1
      Used Lambda table of pi+
      ThetaMin(p) < Theta(degree) < 180; pLimit(GeV^1)= 0.139531
      ===== EM models for the G4Region  DefaultRegionForTheWorld ======
  eCoulombScattering : Emin=    0 eV  Emax=  100 TeV
======================================================================
======          Radioactive Decay Physics Parameters           =======
======================================================================
min MeanLife (from G4NuclideTable)                1 ns 
Max life time (from G4DeexPrecoParameters)        1000 ps 
Internal e- conversion flag                       1
Stored internal conversion coefficients           1
Enabled atomic relaxation mode                    1
Enable correlated gamma emission                  0
Max 2J for sampling of angular correlations       10
Atomic de-excitation enabled                      1
Auger electron emission enabled                   1
Check EM cuts disabled for atomic de-excitation   1
Use Bearden atomic level energies                 0
Use ANSTO fluorescence model                      0
Threshold for very long decay time at rest        3.171e+10 y  
======================================================================

====================================================================
                  HADRONIC PROCESSES SUMMARY (verbose level 1)

---------------------------------------------------
                           Hadronic Processes for GenericIon

  Process: ionElastic
        Model:          NNDiffuseElastic: 0 eV /n ---> 100 TeV/n
     Cr_sctns:  Glauber-Gribov Nucl-nucl: 0 eV  ---> 25.6 PeV


  Process: ionInelastic
        Model:  Binary Light Ion Cascade: 0 eV /n ---> 6 GeV/n
        Model:                      FTFP: 3 GeV/n ---> 100 TeV/n
     Cr_sctns:  Glauber-Gribov Nucl-nucl: 0 eV  ---> 25.6 PeV


  Process: Radioactivation

  Process: Radioactivation

---------------------------------------------------
                           Hadronic Processes for He3

  Process: hadElastic
        Model:              hElasticLHEP: 0 eV /n ---> 100 TeV/n
     Cr_sctns:  Glauber-Gribov Nucl-nucl: 0 eV  ---> 25.6 PeV


  Process: He3Inelastic
        Model:  Binary Light Ion Cascade: 0 eV /n ---> 6 GeV/n
        Model:                      FTFP: 3 GeV/n ---> 100 TeV/n
     Cr_sctns:  Glauber-Gribov Nucl-nucl: 0 eV  ---> 25.6 PeV


---------------------------------------------------
                           Hadronic Processes for alpha

  Process: hadElastic
        Model:              hElasticLHEP: 0 eV /n ---> 100 TeV/n
     Cr_sctns:  Glauber-Gribov Nucl-nucl: 0 eV  ---> 25.6 PeV


  Process: alphaInelastic
        Model:  Binary Light Ion Cascade: 0 eV /n ---> 6 GeV/n
        Model:                      FTFP: 3 GeV/n ---> 100 TeV/n
     Cr_sctns:  Glauber-Gribov Nucl-nucl: 0 eV  ---> 25.6 PeV


---------------------------------------------------
                           Hadronic Processes for anti_He3

  Process: hadElastic
        Model:              hElasticLHEP: 0 eV /n ---> 100.1 MeV/n
        Model:              AntiAElastic: 100 MeV/n ---> 100 TeV/n
     Cr_sctns:              AntiAGlauber: 0 eV  ---> 25.6 PeV


  Process: anti_He3Inelastic
        Model:                      FTFP: 0 eV /n ---> 100 TeV/n
     Cr_sctns:              AntiAGlauber: 0 eV  ---> 25.6 PeV


  Process: hFritiofCaptureAtRest

---------------------------------------------------
                           Hadronic Processes for anti_alpha

  Process: hadElastic
        Model:              hElasticLHEP: 0 eV /n ---> 100.1 MeV/n
        Model:              AntiAElastic: 100 MeV/n ---> 100 TeV/n
     Cr_sctns:              AntiAGlauber: 0 eV  ---> 25.6 PeV


  Process: anti_alphaInelastic
        Model:                      FTFP: 0 eV /n ---> 100 TeV/n
     Cr_sctns:              AntiAGlauber: 0 eV  ---> 25.6 PeV


  Process: hFritiofCaptureAtRest

---------------------------------------------------
                           Hadronic Processes for anti_deuteron

  Process: hadElastic
        Model:              hElasticLHEP: 0 eV /n ---> 100.1 MeV/n
        Model:              AntiAElastic: 100 MeV/n ---> 100 TeV/n
     Cr_sctns:              AntiAGlauber: 0 eV  ---> 25.6 PeV


  Process: anti_deuteronInelastic
        Model:                      FTFP: 0 eV /n ---> 100 TeV/n
     Cr_sctns:              AntiAGlauber: 0 eV  ---> 25.6 PeV


  Process: hFritiofCaptureAtRest

---------------------------------------------------
                           Hadronic Processes for anti_hypertriton

  Process: hFritiofCaptureAtRest

---------------------------------------------------
                           Hadronic Processes for anti_lambda

  Process: hadElastic
        Model:              hElasticLHEP: 0 eV  ---> 100 TeV
     Cr_sctns:            Glauber-Gribov: 0 eV  ---> 100 TeV


  Process: anti_lambdaInelastic
        Model:                      QGSP: 12 GeV ---> 100 TeV
        Model:                      FTFP: 0 eV  ---> 25 GeV
     Cr_sctns:            Glauber-Gribov: 0 eV  ---> 100 TeV


  Process: hFritiofCaptureAtRest

---------------------------------------------------
                           Hadronic Processes for anti_neutron

  Process: hadElastic
        Model:              hElasticLHEP: 0 eV  ---> 100.1 MeV
        Model:              AntiAElastic: 100 MeV ---> 100 TeV
     Cr_sctns:              AntiAGlauber: 0 eV  ---> 25.6 PeV


  Process: anti_neutronInelastic
        Model:                      FTFP: 0 eV  ---> 100 TeV
     Cr_sctns:              AntiAGlauber: 0 eV  ---> 25.6 PeV


  Process: hFritiofCaptureAtRest

---------------------------------------------------
                           Hadronic Processes for anti_proton

  Process: hadElastic
        Model:              hElasticLHEP: 0 eV  ---> 100.1 MeV
        Model:              AntiAElastic: 100 MeV ---> 100 TeV
     Cr_sctns:              AntiAGlauber: 0 eV  ---> 25.6 PeV


  Process: anti_protonInelastic
        Model:                      FTFP: 0 eV  ---> 100 TeV
     Cr_sctns:              AntiAGlauber: 0 eV  ---> 25.6 PeV


  Process: hFritiofCaptureAtRest

---------------------------------------------------
                           Hadronic Processes for anti_triton

  Process: hadElastic
        Model:              hElasticLHEP: 0 eV /n ---> 100.1 MeV/n
        Model:              AntiAElastic: 100 MeV/n ---> 100 TeV/n
     Cr_sctns:              AntiAGlauber: 0 eV  ---> 25.6 PeV


  Process: anti_tritonInelastic
        Model:                      FTFP: 0 eV /n ---> 100 TeV/n
     Cr_sctns:              AntiAGlauber: 0 eV  ---> 25.6 PeV


  Process: hFritiofCaptureAtRest

---------------------------------------------------
                           Hadronic Processes for deuteron

  Process: hadElastic
        Model:              hElasticLHEP: 0 eV /n ---> 100 TeV/n
     Cr_sctns:  Glauber-Gribov Nucl-nucl: 0 eV  ---> 25.6 PeV


  Process: dInelastic
        Model:  Binary Light Ion Cascade: 0 eV /n ---> 6 GeV/n
        Model:                      FTFP: 3 GeV/n ---> 100 TeV/n
     Cr_sctns:  Glauber-Gribov Nucl-nucl: 0 eV  ---> 25.6 PeV


---------------------------------------------------
                           Hadronic Processes for e+

  Process: positronNuclear
        Model:   G4ElectroVDNuclearModel: 0 eV  ---> 1 PeV
     Cr_sctns:          ElectroNuclearXS: 0 eV  ---> 100 TeV


---------------------------------------------------
                           Hadronic Processes for e-

  Process: electronNuclear
        Model:   G4ElectroVDNuclearModel: 0 eV  ---> 1 PeV
     Cr_sctns:          ElectroNuclearXS: 0 eV  ---> 100 TeV


---------------------------------------------------
                           Hadronic Processes for gamma

  Process: photonNuclear
        Model:               GammaNPreco: 0 eV  ---> 200 MeV
        Model:            BertiniCascade: 199 MeV ---> 6 GeV
        Model:           TheoFSGenerator: 3 GeV ---> 100 TeV
     Cr_sctns:            GammaNuclearXS: 0 eV  ---> 100 TeV


---------------------------------------------------
                           Hadronic Processes for kaon+

  Process: hadElastic
        Model:              hElasticLHEP: 0 eV  ---> 100 TeV
     Cr_sctns:            Glauber-Gribov: 0 eV  ---> 100 TeV


  Process: kaon+Inelastic
        Model:                      QGSP: 12 GeV ---> 100 TeV
        Model:                      FTFP: 3 GeV ---> 25 GeV
        Model:            BertiniCascade: 0 eV  ---> 6 GeV
     Cr_sctns:            Glauber-Gribov: 0 eV  ---> 100 TeV


---------------------------------------------------
                           Hadronic Processes for kaon-

  Process: hadElastic
        Model:              hElasticLHEP: 0 eV  ---> 100 TeV
     Cr_sctns:            Glauber-Gribov: 0 eV  ---> 100 TeV


  Process: kaon-Inelastic
        Model:                      QGSP: 12 GeV ---> 100 TeV
        Model:                      FTFP: 3 GeV ---> 25 GeV
        Model:            BertiniCascade: 0 eV  ---> 6 GeV
     Cr_sctns:            Glauber-Gribov: 0 eV  ---> 100 TeV


  Process: hBertiniCaptureAtRest

---------------------------------------------------
                           Hadronic Processes for lambda

  Process: hadElastic
        Model:              hElasticLHEP: 0 eV  ---> 100 TeV
     Cr_sctns:            Glauber-Gribov: 0 eV  ---> 100 TeV


  Process: lambdaInelastic
        Model:                      QGSP: 12 GeV ---> 100 TeV
        Model:                      FTFP: 3 GeV ---> 25 GeV
        Model:            BertiniCascade: 0 eV  ---> 6 GeV
     Cr_sctns:            Glauber-Gribov: 0 eV  ---> 100 TeV


---------------------------------------------------
                           Hadronic Processes for mu+

  Process: muonNuclear
        Model:      G4MuonVDNuclearModel: 0 eV  ---> 1 PeV
     Cr_sctns:     KokoulinMuonNuclearXS: 0 eV  ---> 100 TeV


---------------------------------------------------
                           Hadronic Processes for mu-

  Process: muonNuclear
        Model:      G4MuonVDNuclearModel: 0 eV  ---> 1 PeV
     Cr_sctns:     KokoulinMuonNuclearXS: 0 eV  ---> 100 TeV


  Process: muMinusCaptureAtRest

---------------------------------------------------
                           Hadronic Processes for neutron

  Process: hadElastic
        Model:             hElasticCHIPS: 19.5 MeV ---> 100 TeV
        Model:          NeutronHPElastic: 0 eV  ---> 20 MeV
     Cr_sctns:        NeutronHPElasticXS: 0 eV  ---> 20 MeV

     Cr_sctns:        G4NeutronElasticXS: 0 eV  ---> 100 TeV


  Process: neutronInelastic
        Model:                      QGSP: 12 GeV ---> 100 TeV
        Model:                      FTFP: 3 GeV ---> 25 GeV
        Model:            Binary Cascade: 19.9 MeV ---> 6 GeV
        Model:        NeutronHPInelastic: 0 eV  ---> 20 MeV
     Cr_sctns:      NeutronHPInelasticXS: 0 eV  ---> 20 MeV

     Cr_sctns:      G4NeutronInelasticXS: 0 eV  ---> 100 TeV


  Process: nCapture
        Model:          NeutronHPCapture: 0 eV  ---> 20 MeV
        Model:               nRadCapture: 19.9 MeV ---> 100 TeV
     Cr_sctns:        NeutronHPCaptureXS: 0 eV  ---> 20 MeV

     Cr_sctns:        G4NeutronCaptureXS: 0 eV  ---> 100 TeV


  Process: nFission
        Model:          NeutronHPFission: 0 eV  ---> 20 MeV
        Model:                G4LFission: 19.9 MeV ---> 100 TeV
     Cr_sctns:        NeutronHPFissionXS: 0 eV  ---> 20 MeV

     Cr_sctns:                    ZeroXS: 0 eV  ---> 100 TeV


---------------------------------------------------
                           Hadronic Processes for pi+

  Process: hadElastic
        Model:           hElasticGlauber: 0 eV  ---> 100 TeV
     Cr_sctns:  BarashenkovGlauberGribov: 0 eV  ---> 100 TeV


  Process: pi+Inelastic
        Model:                      QGSP: 12 GeV ---> 100 TeV
        Model:                      FTFP: 3 GeV ---> 25 GeV
        Model:            BertiniCascade: 0 eV  ---> 6 GeV
     Cr_sctns:  BarashenkovGlauberGribov: 0 eV  ---> 100 TeV


---------------------------------------------------
                           Hadronic Processes for pi-

  Process: hadElastic
        Model:           hElasticGlauber: 0 eV  ---> 100 TeV
     Cr_sctns:  BarashenkovGlauberGribov: 0 eV  ---> 100 TeV


  Process: pi-Inelastic
        Model:                      QGSP: 12 GeV ---> 100 TeV
        Model:                      FTFP: 3 GeV ---> 25 GeV
        Model:            BertiniCascade: 0 eV  ---> 6 GeV
     Cr_sctns:  BarashenkovGlauberGribov: 0 eV  ---> 100 TeV


  Process: hBertiniCaptureAtRest

---------------------------------------------------
                           Hadronic Processes for proton

  Process: hadElastic
        Model:             hElasticCHIPS: 0 eV  ---> 100 TeV
     Cr_sctns:  BarashenkovGlauberGribov: 0 eV  ---> 100 TeV


  Process: protonInelastic
        Model:                      QGSP: 12 GeV ---> 100 TeV
        Model:                      FTFP: 3 GeV ---> 25 GeV
        Model:            Binary Cascade: 0 eV  ---> 6 GeV
     Cr_sctns:  BarashenkovGlauberGribov: 0 eV  ---> 100 TeV


---------------------------------------------------
                           Hadronic Processes for sigma-

  Process: hadElastic
        Model:              hElasticLHEP: 0 eV  ---> 100 TeV
     Cr_sctns:            Glauber-Gribov: 0 eV  ---> 100 TeV


  Process: sigma-Inelastic
        Model:                      QGSP: 12 GeV ---> 100 TeV
        Model:                      FTFP: 3 GeV ---> 25 GeV
        Model:            BertiniCascade: 0 eV  ---> 6 GeV
     Cr_sctns:            Glauber-Gribov: 0 eV  ---> 100 TeV


  Process: hBertiniCaptureAtRest

---------------------------------------------------
                           Hadronic Processes for triton

  Process: hadElastic
        Model:              hElasticLHEP: 0 eV /n ---> 100 TeV/n
     Cr_sctns:  Glauber-Gribov Nucl-nucl: 0 eV  ---> 25.6 PeV


  Process: tInelastic
        Model:  Binary Light Ion Cascade: 0 eV /n ---> 6 GeV/n
        Model:                      FTFP: 3 GeV/n ---> 100 TeV/n
     Cr_sctns:  Glauber-Gribov Nucl-nucl: 0 eV  ---> 25.6 PeV


================================================================
=======================================================================
======       Pre-compound/De-excitation Physics Parameters     ========
=======================================================================
Type of pre-compound inverse x-section              3
Pre-compound model active                           1
Pre-compound excitation low energy                  100 keV
Pre-compound excitation high energy                 30 MeV
Type of de-excitation inverse x-section             3
Type of de-excitation factory                       Evaporation+GEM
Number of de-excitation channels                    68
Min excitation energy                               10 eV 
Min energy per nucleon for multifragmentation       200 GeV
Limit excitation energy for Fermi BreakUp           20 MeV
Level density (1/MeV)                               0.075
Use simple level density model                      1
Use discrete excitation energy of the residual      1
Time limit for long lived isomeres                  1000 ps 
Isomer production flag                              1
Internal e- conversion flag                         1
Store e- internal conversion data                   1
Correlated gamma emission flag                      0
Max 2J for sampling of angular correlations         10
=======================================================================

========= Table of registered couples ============================

Index : 0     used in the geometry : Yes
 Material : G4_AIR
 Range cuts        :  gamma  700 um     e-  700 um     e+  700 um  proton 0 fm 
 Energy thresholds :  gamma  990 eV     e-  990 eV     e+  990 eV  proton 0 eV 
 Region(s) which use this couple : 
    DefaultRegionForTheWorld

Index : 1     used in the geometry : Yes
 Material : CONCRETE
 Range cuts        :  gamma  700 um     e-  700 um     e+  700 um  proton 0 fm 
 Energy thresholds :  gamma  5.1317 keV    e-  428.699 keV    e+  414.604 keV proton 0 eV 
 Region(s) which use this couple : 
    DefaultRegionForTheWorld

Index : 2     used in the geometry : Yes
 Material : G4_POLYETHYLENE
 Range cuts        :  gamma  700 um     e-  700 um     e+  700 um  proton 0 fm 
 Energy thresholds :  gamma  1.97595 keV    e-  277.611 keV    e+  271.043 keV proton 0 eV 
 Region(s) which use this couple : 
    DefaultRegionForTheWorld

==================================================================

G4VisManager: Using G4TrajectoryDrawByCharge as fallback trajectory model.
See commands in /vis/modeling/trajectories/ for other options.
### Run 0 starts.
0x59f8da353760 GmGeneratorChangeEnergyAndMaterial::BuildMaterialsFromGe 3
G4GeometryManager::ReportVoxelStats -- Voxel Statistics

    Total memory consumed for geometry optimisation:   0 kByte
    Total CPU time elapsed for geometry optimisation: 0 seconds

    Voxelisation: top CPU users:
    Percent   Total CPU    System CPU       Memory  Volume
    -------   ----------   ----------     --------  ----------
       0.00         0.00         0.00            0k world

    Voxelisation: top memory users:
    Percent     Memory      Heads    Nodes   Pointers    Total CPU    Volume
    -------   --------     ------   ------   --------   ----------    ----------
     100.00          0k         1        2          4         0.00    world

### ===  Deexcitation model UAtomDeexcitation is activated for 1 region:
          DefaultRegionForTheWorld  1  1  0
### ===  Auger flag: 1
### ===  Ignore cuts flag:   1

========= Table of registered couples ============================

Index : 0     used in the geometry : Yes
 Material : G4_AIR
 Range cuts        :  gamma  700 um     e-  700 um     e+  700 um  proton 0 fm 
 Energy thresholds :  gamma  990 eV     e-  990 eV     e+  990 eV  proton 0 eV 
 Region(s) which use this couple : 
    DefaultRegionForTheWorld

Index : 1     used in the geometry : No 
 Material : CONCRETE
 Range cuts        :  gamma  700 um     e-  700 um     e+  700 um  proton 0 fm 
 Energy thresholds :  gamma  5.1317 keV    e-  428.699 keV    e+  414.604 keV proton 0 eV 

Index : 2     used in the geometry : No 
 Material : G4_POLYETHYLENE
 Range cuts        :  gamma  700 um     e-  700 um     e+  700 um  proton 0 fm 
 Energy thresholds :  gamma  1.97595 keV    e-  277.611 keV    e+  271.043 keV proton 0 eV 

==================================================================


========= Table of registered couples ============================

Index : 0     used in the geometry : Yes
 Material : G4_AIR
 Range cuts        :  gamma  700 um     e-  700 um     e+  700 um  proton 0 fm 
 Energy thresholds :  gamma  990 eV     e-  990 eV     e+  990 eV  proton 0 eV 
 Region(s) which use this couple : 
    DefaultRegionForTheWorld

Index : 1     used in the geometry : No 
 Material : CONCRETE
 Range cuts        :  gamma  700 um     e-  700 um     e+  700 um  proton 0 fm 
 Energy thresholds :  gamma  5.1317 keV    e-  428.699 keV    e+  414.604 keV proton 0 eV 

Index : 2     used in the geometry : No 
 Material : G4_POLYETHYLENE
 Range cuts        :  gamma  700 um     e-  700 um     e+  700 um  proton 0 fm 
 Energy thresholds :  gamma  1.97595 keV    e-  277.611 keV    e+  271.043 keV proton 0 eV 

==================================================================

GmPDSCreateAngleTablesUA:  PARTICLE is gamma
 CreateHisto1D gamma - gamma : phot : G4_AIR : 0.1E0 : cos Deviation Angle = 5000001
 CreateHisto1D gamma - gamma : phot : G4_AIR : 0.1E0 : log10 Interaction Distance (cm) = 5000002
 CreateHisto1D gamma - gamma : compt : G4_AIR : 0.1E0 : cos Deviation Angle = 5100001
 CreateHisto1D gamma - gamma : compt : G4_AIR : 0.1E0 : log10 Interaction Distance (cm) = 5100002
 CreateHisto1D gamma - gamma : conv : G4_AIR : 0.1E0 : cos Deviation Angle = 5200001
 CreateHisto1D gamma - gamma : conv : G4_AIR : 0.1E0 : log10 Interaction Distance (cm) = 5200002
 CreateHisto1D gamma - gamma : Rayl : G4_AIR : 0.1E0 : cos Deviation Angle = 5300001
 CreateHisto1D gamma - gamma : Rayl : G4_AIR : 0.1E0 : log10 Interaction Distance (cm) = 5300002
 %%% EVENT 0 NTRACKS 1 TOTAL NTRACKS 1
 %%% EVENT 100000 NTRACKS 1 TOTAL NTRACKS 100001
 %%% EVENT 200000 NTRACKS 1 TOTAL NTRACKS 200001
 %%% EVENT 300000 NTRACKS 1 TOTAL NTRACKS 300001
 %%% EVENT 400000 NTRACKS 1 TOTAL NTRACKS 400001
 %%% EVENT 500000 NTRACKS 1 TOTAL NTRACKS 500001
 %%% EVENT 600000 NTRACKS 1 TOTAL NTRACKS 600001
 %%% EVENT 700000 NTRACKS 1 TOTAL NTRACKS 700001
 %%% EVENT 800000 NTRACKS 1 TOTAL NTRACKS 800001
 %%% EVENT 900000 NTRACKS 1 TOTAL NTRACKS 900001
 CreateHisto1D gamma - gamma : phot : G4_AIR : 0.1584E0 : cos Deviation Angle = 5001001
 CreateHisto1D gamma - gamma : phot : G4_AIR : 0.1584E0 : log10 Interaction Distance (cm) = 5001002
 CreateHisto1D gamma - gamma : compt : G4_AIR : 0.1584E0 : cos Deviation Angle = 5101001
 CreateHisto1D gamma - gamma : compt : G4_AIR : 0.1584E0 : log10 Interaction Distance (cm) = 5101002
 CreateHisto1D gamma - gamma : conv : G4_AIR : 0.1584E0 : cos Deviation Angle = 5201001
 CreateHisto1D gamma - gamma : conv : G4_AIR : 0.1584E0 : log10 Interaction Distance (cm) = 5201002
 CreateHisto1D gamma - gamma : Rayl : G4_AIR : 0.1584E0 : cos Deviation Angle = 5301001
 CreateHisto1D gamma - gamma : Rayl : G4_AIR : 0.1584E0 : log10 Interaction Distance (cm) = 5301002
 %%% EVENT 1000000 NTRACKS 1 TOTAL NTRACKS 1e+06
 %%% EVENT 1100000 NTRACKS 1 TOTAL NTRACKS 1.1e+06
 %%% EVENT 1200000 NTRACKS 1 TOTAL NTRACKS 1.2e+06
 %%% EVENT 1300000 NTRACKS 1 TOTAL NTRACKS 1.3e+06
 %%% EVENT 1400000 NTRACKS 1 TOTAL NTRACKS 1.4e+06
 %%% EVENT 1500000 NTRACKS 1 TOTAL NTRACKS 1.5e+06
 %%% EVENT 1600000 NTRACKS 1 TOTAL NTRACKS 1.6e+06
 %%% EVENT 1700000 NTRACKS 1 TOTAL NTRACKS 1.7e+06
 %%% EVENT 1800000 NTRACKS 1 TOTAL NTRACKS 1.8e+06
 %%% EVENT 1900000 NTRACKS 1 TOTAL NTRACKS 1.9e+06
 CreateHisto1D gamma - gamma : phot : G4_AIR : 0.2511E0 : cos Deviation Angle = 5002001
 CreateHisto1D gamma - gamma : phot : G4_AIR : 0.2511E0 : log10 Interaction Distance (cm) = 5002002
 CreateHisto1D gamma - gamma : compt : G4_AIR : 0.2511E0 : cos Deviation Angle = 5102001
 CreateHisto1D gamma - gamma : compt : G4_AIR : 0.2511E0 : log10 Interaction Distance (cm) = 5102002
 CreateHisto1D gamma - gamma : conv : G4_AIR : 0.2511E0 : cos Deviation Angle = 5202001
 CreateHisto1D gamma - gamma : conv : G4_AIR : 0.2511E0 : log10 Interaction Distance (cm) = 5202002
 CreateHisto1D gamma - gamma : Rayl : G4_AIR : 0.2511E0 : cos Deviation Angle = 5302001
 CreateHisto1D gamma - gamma : Rayl : G4_AIR : 0.2511E0 : log10 Interaction Distance (cm) = 5302002
 %%% EVENT 2000000 NTRACKS 1 TOTAL NTRACKS 2e+06
 %%% EVENT 2100000 NTRACKS 1 TOTAL NTRACKS 2.1e+06
 %%% EVENT 2200000 NTRACKS 1 TOTAL NTRACKS 2.2e+06
 %%% EVENT 2300000 NTRACKS 1 TOTAL NTRACKS 2.3e+06
 %%% EVENT 2400000 NTRACKS 1 TOTAL NTRACKS 2.4e+06
 %%% EVENT 2500000 NTRACKS 1 TOTAL NTRACKS 2.5e+06
 %%% EVENT 2600000 NTRACKS 1 TOTAL NTRACKS 2.6e+06
 %%% EVENT 2700000 NTRACKS 1 TOTAL NTRACKS 2.7e+06
 %%% EVENT 2800000 NTRACKS 1 TOTAL NTRACKS 2.8e+06
 %%% EVENT 2900000 NTRACKS 1 TOTAL NTRACKS 2.9e+06
 CreateHisto1D gamma - gamma : phot : G4_AIR : 0.3981E0 : cos Deviation Angle = 5003001
 CreateHisto1D gamma - gamma : phot : G4_AIR : 0.3981E0 : log10 Interaction Distance (cm) = 5003002
 CreateHisto1D gamma - gamma : compt : G4_AIR : 0.3981E0 : cos Deviation Angle = 5103001
 CreateHisto1D gamma - gamma : compt : G4_AIR : 0.3981E0 : log10 Interaction Distance (cm) = 5103002
 CreateHisto1D gamma - gamma : conv : G4_AIR : 0.3981E0 : cos Deviation Angle = 5203001
 CreateHisto1D gamma - gamma : conv : G4_AIR : 0.3981E0 : log10 Interaction Distance (cm) = 5203002
 CreateHisto1D gamma - gamma : Rayl : G4_AIR : 0.3981E0 : cos Deviation Angle = 5303001
 CreateHisto1D gamma - gamma : Rayl : G4_AIR : 0.3981E0 : log10 Interaction Distance (cm) = 5303002
 %%% EVENT 3000000 NTRACKS 1 TOTAL NTRACKS 3e+06
 %%% EVENT 3100000 NTRACKS 1 TOTAL NTRACKS 3.1e+06
 %%% EVENT 3200000 NTRACKS 1 TOTAL NTRACKS 3.2e+06
 %%% EVENT 3300000 NTRACKS 1 TOTAL NTRACKS 3.3e+06
 %%% EVENT 3400000 NTRACKS 1 TOTAL NTRACKS 3.4e+06
 %%% EVENT 3500000 NTRACKS 1 TOTAL NTRACKS 3.5e+06
 %%% EVENT 3600000 NTRACKS 1 TOTAL NTRACKS 3.6e+06
 %%% EVENT 3700000 NTRACKS 1 TOTAL NTRACKS 3.7e+06
 %%% EVENT 3800000 NTRACKS 1 TOTAL NTRACKS 3.8e+06
 %%% EVENT 3900000 NTRACKS 1 TOTAL NTRACKS 3.9e+06
 CreateHisto1D gamma - gamma : phot : G4_AIR : 0.6309E0 : cos Deviation Angle = 5004001
 CreateHisto1D gamma - gamma : phot : G4_AIR : 0.6309E0 : log10 Interaction Distance (cm) = 5004002
 CreateHisto1D gamma - gamma : compt : G4_AIR : 0.6309E0 : cos Deviation Angle = 5104001
 CreateHisto1D gamma - gamma : compt : G4_AIR : 0.6309E0 : log10 Interaction Distance (cm) = 5104002
 CreateHisto1D gamma - gamma : conv : G4_AIR : 0.6309E0 : cos Deviation Angle = 5204001
 CreateHisto1D gamma - gamma : conv : G4_AIR : 0.6309E0 : log10 Interaction Distance (cm) = 5204002
 CreateHisto1D gamma - gamma : Rayl : G4_AIR : 0.6309E0 : cos Deviation Angle = 5304001
 CreateHisto1D gamma - gamma : Rayl : G4_AIR : 0.6309E0 : log10 Interaction Distance (cm) = 5304002
 %%% EVENT 4000000 NTRACKS 1 TOTAL NTRACKS 4e+06
 %%% EVENT 4100000 NTRACKS 1 TOTAL NTRACKS 4.1e+06
 %%% EVENT 4200000 NTRACKS 1 TOTAL NTRACKS 4.2e+06
 %%% EVENT 4300000 NTRACKS 1 TOTAL NTRACKS 4.3e+06
 %%% EVENT 4400000 NTRACKS 1 TOTAL NTRACKS 4.4e+06
 %%% EVENT 4500000 NTRACKS 1 TOTAL NTRACKS 4.5e+06
 %%% EVENT 4600000 NTRACKS 1 TOTAL NTRACKS 4.6e+06
 %%% EVENT 4700000 NTRACKS 1 TOTAL NTRACKS 4.7e+06
 %%% EVENT 4800000 NTRACKS 1 TOTAL NTRACKS 4.8e+06
 %%% EVENT 4900000 NTRACKS 1 TOTAL NTRACKS 4.9e+06
 CreateHisto1D gamma - gamma : phot : G4_AIR : 1E0 : cos Deviation Angle = 5005001
 CreateHisto1D gamma - gamma : phot : G4_AIR : 1E0 : log10 Interaction Distance (cm) = 5005002
 CreateHisto1D gamma - gamma : compt : G4_AIR : 1E0 : cos Deviation Angle = 5105001
 CreateHisto1D gamma - gamma : compt : G4_AIR : 1E0 : log10 Interaction Distance (cm) = 5105002
 CreateHisto1D gamma - gamma : conv : G4_AIR : 1E0 : cos Deviation Angle = 5205001
 CreateHisto1D gamma - gamma : conv : G4_AIR : 1E0 : log10 Interaction Distance (cm) = 5205002
 CreateHisto1D gamma - gamma : Rayl : G4_AIR : 1E0 : cos Deviation Angle = 5305001
 CreateHisto1D gamma - gamma : Rayl : G4_AIR : 1E0 : log10 Interaction Distance (cm) = 5305002
 %%% EVENT 5000000 NTRACKS 1 TOTAL NTRACKS 5e+06
 %%% EVENT 5100000 NTRACKS 1 TOTAL NTRACKS 5.1e+06
 %%% EVENT 5200000 NTRACKS 1 TOTAL NTRACKS 5.2e+06
 %%% EVENT 5300000 NTRACKS 1 TOTAL NTRACKS 5.3e+06
 %%% EVENT 5400000 NTRACKS 1 TOTAL NTRACKS 5.4e+06
 %%% EVENT 5500000 NTRACKS 1 TOTAL NTRACKS 5.5e+06
 %%% EVENT 5600000 NTRACKS 1 TOTAL NTRACKS 5.6e+06
 %%% EVENT 5700000 NTRACKS 1 TOTAL NTRACKS 5.7e+06
 %%% EVENT 5800000 NTRACKS 1 TOTAL NTRACKS 5.8e+06
 %%% EVENT 5900000 NTRACKS 1 TOTAL NTRACKS 5.9e+06
 CreateHisto1D gamma - gamma : phot : G4_AIR : 1.5848E0 : cos Deviation Angle = 5006001
 CreateHisto1D gamma - gamma : phot : G4_AIR : 1.5848E0 : log10 Interaction Distance (cm) = 5006002
 CreateHisto1D gamma - gamma : compt : G4_AIR : 1.5848E0 : cos Deviation Angle = 5106001
 CreateHisto1D gamma - gamma : compt : G4_AIR : 1.5848E0 : log10 Interaction Distance (cm) = 5106002
 CreateHisto1D gamma - gamma : conv : G4_AIR : 1.5848E0 : cos Deviation Angle = 5206001
 CreateHisto1D gamma - gamma : conv : G4_AIR : 1.5848E0 : log10 Interaction Distance (cm) = 5206002
 CreateHisto1D gamma - gamma : Rayl : G4_AIR : 1.5848E0 : cos Deviation Angle = 5306001
 CreateHisto1D gamma - gamma : Rayl : G4_AIR : 1.5848E0 : log10 Interaction Distance (cm) = 5306002
 %%% EVENT 6000000 NTRACKS 1 TOTAL NTRACKS 6e+06
 %%% EVENT 6100000 NTRACKS 1 TOTAL NTRACKS 6.1e+06
 %%% EVENT 6200000 NTRACKS 1 TOTAL NTRACKS 6.2e+06
 %%% EVENT 6300000 NTRACKS 1 TOTAL NTRACKS 6.3e+06
 %%% EVENT 6400000 NTRACKS 1 TOTAL NTRACKS 6.4e+06
 %%% EVENT 6500000 NTRACKS 1 TOTAL NTRACKS 6.5e+06
 %%% EVENT 6600000 NTRACKS 1 TOTAL NTRACKS 6.6e+06
 %%% EVENT 6700000 NTRACKS 1 TOTAL NTRACKS 6.7e+06
 %%% EVENT 6800000 NTRACKS 1 TOTAL NTRACKS 6.8e+06
 %%% EVENT 6900000 NTRACKS 1 TOTAL NTRACKS 6.9e+06
 CreateHisto1D gamma - gamma : phot : G4_AIR : 2.5118E0 : cos Deviation Angle = 5007001
 CreateHisto1D gamma - gamma : phot : G4_AIR : 2.5118E0 : log10 Interaction Distance (cm) = 5007002
 CreateHisto1D gamma - gamma : compt : G4_AIR : 2.5118E0 : cos Deviation Angle = 5107001
 CreateHisto1D gamma - gamma : compt : G4_AIR : 2.5118E0 : log10 Interaction Distance (cm) = 5107002
 CreateHisto1D gamma - gamma : conv : G4_AIR : 2.5118E0 : cos Deviation Angle = 5207001
 CreateHisto1D gamma - gamma : conv : G4_AIR : 2.5118E0 : log10 Interaction Distance (cm) = 5207002
 CreateHisto1D gamma - gamma : Rayl : G4_AIR : 2.5118E0 : cos Deviation Angle = 5307001
 CreateHisto1D gamma - gamma : Rayl : G4_AIR : 2.5118E0 : log10 Interaction Distance (cm) = 5307002
 %%% EVENT 7000000 NTRACKS 1 TOTAL NTRACKS 7e+06
 %%% EVENT 7100000 NTRACKS 1 TOTAL NTRACKS 7.1e+06
 %%% EVENT 7200000 NTRACKS 1 TOTAL NTRACKS 7.2e+06
 %%% EVENT 7300000 NTRACKS 1 TOTAL NTRACKS 7.3e+06
 %%% EVENT 7400000 NTRACKS 1 TOTAL NTRACKS 7.4e+06
 %%% EVENT 7500000 NTRACKS 1 TOTAL NTRACKS 7.5e+06
 %%% EVENT 7600000 NTRACKS 1 TOTAL NTRACKS 7.6e+06
 %%% EVENT 7700000 NTRACKS 1 TOTAL NTRACKS 7.7e+06
 %%% EVENT 7800000 NTRACKS 1 TOTAL NTRACKS 7.8e+06
 %%% EVENT 7900000 NTRACKS 1 TOTAL NTRACKS 7.9e+06
 CreateHisto1D gamma - gamma : phot : G4_AIR : 3.981E0 : cos Deviation Angle = 5008001
 CreateHisto1D gamma - gamma : phot : G4_AIR : 3.981E0 : log10 Interaction Distance (cm) = 5008002
 CreateHisto1D gamma - gamma : compt : G4_AIR : 3.981E0 : cos Deviation Angle = 5108001
 CreateHisto1D gamma - gamma : compt : G4_AIR : 3.981E0 : log10 Interaction Distance (cm) = 5108002
 CreateHisto1D gamma - gamma : conv : G4_AIR : 3.981E0 : cos Deviation Angle = 5208001
 CreateHisto1D gamma - gamma : conv : G4_AIR : 3.981E0 : log10 Interaction Distance (cm) = 5208002
 CreateHisto1D gamma - gamma : Rayl : G4_AIR : 3.981E0 : cos Deviation Angle = 5308001
 CreateHisto1D gamma - gamma : Rayl : G4_AIR : 3.981E0 : log10 Interaction Distance (cm) = 5308002
 %%% EVENT 8000000 NTRACKS 1 TOTAL NTRACKS 8e+06
 %%% EVENT 8100000 NTRACKS 1 TOTAL NTRACKS 8.1e+06
 %%% EVENT 8200000 NTRACKS 1 TOTAL NTRACKS 8.2e+06
 %%% EVENT 8300000 NTRACKS 1 TOTAL NTRACKS 8.3e+06
 %%% EVENT 8400000 NTRACKS 1 TOTAL NTRACKS 8.4e+06
 %%% EVENT 8500000 NTRACKS 1 TOTAL NTRACKS 8.5e+06
 %%% EVENT 8600000 NTRACKS 1 TOTAL NTRACKS 8.6e+06
 %%% EVENT 8700000 NTRACKS 1 TOTAL NTRACKS 8.7e+06
 %%% EVENT 8800000 NTRACKS 1 TOTAL NTRACKS 8.8e+06
 %%% EVENT 8900000 NTRACKS 1 TOTAL NTRACKS 8.9e+06
 CreateHisto1D gamma - gamma : phot : G4_AIR : 6.3095E0 : cos Deviation Angle = 5009001
 CreateHisto1D gamma - gamma : phot : G4_AIR : 6.3095E0 : log10 Interaction Distance (cm) = 5009002
 CreateHisto1D gamma - gamma : compt : G4_AIR : 6.3095E0 : cos Deviation Angle = 5109001
 CreateHisto1D gamma - gamma : compt : G4_AIR : 6.3095E0 : log10 Interaction Distance (cm) = 5109002
 CreateHisto1D gamma - gamma : conv : G4_AIR : 6.3095E0 : cos Deviation Angle = 5209001
 CreateHisto1D gamma - gamma : conv : G4_AIR : 6.3095E0 : log10 Interaction Distance (cm) = 5209002
 CreateHisto1D gamma - gamma : Rayl : G4_AIR : 6.3095E0 : cos Deviation Angle = 5309001
 CreateHisto1D gamma - gamma : Rayl : G4_AIR : 6.3095E0 : log10 Interaction Distance (cm) = 5309002
 %%% EVENT 9000000 NTRACKS 1 TOTAL NTRACKS 9e+06
 %%% EVENT 9100000 NTRACKS 1 TOTAL NTRACKS 9.1e+06
 %%% EVENT 9200000 NTRACKS 1 TOTAL NTRACKS 9.2e+06
 %%% EVENT 9300000 NTRACKS 1 TOTAL NTRACKS 9.3e+06
 %%% EVENT 9400000 NTRACKS 1 TOTAL NTRACKS 9.4e+06
 %%% EVENT 9500000 NTRACKS 1 TOTAL NTRACKS 9.5e+06
 %%% EVENT 9600000 NTRACKS 1 TOTAL NTRACKS 9.6e+06
 %%% EVENT 9700000 NTRACKS 1 TOTAL NTRACKS 9.7e+06
 %%% EVENT 9800000 NTRACKS 1 TOTAL NTRACKS 9.8e+06
 %%% EVENT 9900000 NTRACKS 1 TOTAL NTRACKS 9.9e+06
 CreateHisto1D gamma - gamma : phot : G4_AIR : 1E1 : cos Deviation Angle = 5010001
 CreateHisto1D gamma - gamma : phot : G4_AIR : 1E1 : log10 Interaction Distance (cm) = 5010002
 CreateHisto1D gamma - gamma : compt : G4_AIR : 1E1 : cos Deviation Angle = 5110001
 CreateHisto1D gamma - gamma : compt : G4_AIR : 1E1 : log10 Interaction Distance (cm) = 5110002
 CreateHisto1D gamma - gamma : conv : G4_AIR : 1E1 : cos Deviation Angle = 5210001
 CreateHisto1D gamma - gamma : conv : G4_AIR : 1E1 : log10 Interaction Distance (cm) = 5210002
 CreateHisto1D gamma - gamma : Rayl : G4_AIR : 1E1 : cos Deviation Angle = 5310001
 CreateHisto1D gamma - gamma : Rayl : G4_AIR : 1E1 : log10 Interaction Distance (cm) = 5310002
 %%% EVENT 10000000 NTRACKS 1 TOTAL NTRACKS 1e+07

-------- WWWW ------- G4Exception-START -------- WWWW -------
*** G4Exception : Process not defined: particle is not the same as the primary one!
      issued by : GmPDSCreateAngleTablesUA::UserSteppingAction
Use /gamos/userAction GmKillAtStackingActionUA GmSecondaryFilter
*** This is just a warning message. ***
-------- WWWW -------- G4Exception-END --------- WWWW -------

