/control/execute exercise5a.in
/gamos/setParam GmAnalysisMgr:FileNameSuffix .exercise5a
/gamos/setParam GmGeometryUseMaterials:Materials G4_POLYETHYLENE G4_Pb G4_CONCRETE
/gamos/setParam GmGeometryUseMaterials:FileName exercise5.geom
/gamos/geometry GmGeometryUseMaterials
/gamos/physicsList G4QGSP_BIC_HP
<<< Geant4 Physics List simulation engine: QGSP_BIC_HP

/gamos/setParam SHPrintPHPChannelXSUA:minE 1.e-8*MeV
/gamos/setParam SHPrintPHPChannelXSUA:maxE 10.*MeV
/gamos/setParam SHPrintPHPChannelXSUA:nStepsE 91
/gamos/setParam SHPrintPHPChannelXSUA:logE 1
/gamos/setParam SHPrintPHPChannelXSUA:ParticleYields 1
/gamos/generator GmGenerator
/run/initialize

-------- WWWW ------- G4Exception-START -------- WWWW -------
*** G4Exception : Two world volumes found, second will be taken
      issued by : G4tgrVolumeMgr::GetTopVolume()
Both volumes are at the top of a hierarchy: WORLD & world
*** This is just a warning message. ***
-------- WWWW -------- G4Exception-END --------- WWWW -------

/home/arce/gamos/external/geant4/geant4.11.01.p03.gamos/../data/G4NDL4.7
@@@ G4ParticleHPInelastic instantiated for particle neutron data directory variable is G4NEUTRONHPDATA pointing to /home/arce/gamos/external/geant4/geant4.11.01.p03.gamos/../data/G4NDL4.7/Inelastic
@@@ G4ParticleHPInelasticData instantiated for particle neutron data directory variable is G4NEUTRONHPDATA pointing to /home/arce/gamos/external/geant4/geant4.11.01.p03.gamos/../data/G4NDL4.7
NeutronHP: /Capture file for Z = 6, A = 12 is not found and NeutronHP will use /home/arce/gamos/external/geant4/geant4.11.01.p03.gamos/../data/G4NDL4.7/Capture/CrossSection/6_nat_Carbon
NeutronHP: /Elastic file for Z = 6, A = 12 is not found and NeutronHP will use /home/arce/gamos/external/geant4/geant4.11.01.p03.gamos/../data/G4NDL4.7/Elastic/CrossSection/6_nat_Carbon
NeutronHP: /Inelastic file for Z = 6, A = 12 is not found and NeutronHP will use /home/arce/gamos/external/geant4/geant4.11.01.p03.gamos/../data/G4NDL4.7/Inelastic/CrossSection/6_nat_Carbon
/gamos/physics/removeProcessesByName NeutronInelastic
