/control/execute exercise4b.in
/gamos/setParam GmAnalysisMgr:FileNameSuffix .exercise4b
/gamos/setParam GmGeometryFromText:FileName ../exercise2/marinelli_beaker.geom
/gamos/geometry GmGeometryFromText
/gamos/physicsList GmEMExtendedPhysics
GmEMPhysics PhysicsList:DEFAULT = gamma-standard is registered
GmEMPhysics PhysicsList: DEFAULT = electron-standard is registered
GmEMPhysics PhysicsList: DEFAULT = positron-standard is registered
/gamos/generator GmGenerator
/run/initialize
GmPhysicsGammaLowEner::ConstructProcess 
/gamos/generator/addSingleParticleSource source Co60[0.0] 0*MeV
 G4RadioactiveDecay is deprecated and will be removed in Geant4 version 11. 
 Please replace it with G4RadioactiveDecayBase if you want the unbiased radioactive deacy process.
 If you want the general process, with optional biasing, use G4Radioactivation. 
/gamos/generator/positionDist source GmGenerDistPositionInG4Volumes SOLUTION_*
/gamos/analysis/histo1Max *Energy* 1.5
/gamos/SD/assocSD2LogVol GmSDSimple Detector DETECTOR_Ge
 DeadTimeDUListByBlock: NShift 100
 GmDetUnitIDBuilderFromAncestors sdType Detector
/gamos/userAction GmHitsHistosUA
/gamos/userAction GmCountTracksUA
/gamos/filter anti_nu_eF GmParticleFilter anti_nu_e
/gamos/userAction GmKillAtStackingActionUA anti_nu_eF
/gamos/physics/userLimits/setMinEKin UL1 DETECTOR_Ge e- 1000.
/run/beamOn 100000

### ===  Deexcitation model UAtomDeexcitation is activated for 1 region:
          DefaultRegionForTheWorld  1  1  0
### ===  Auger cascade flag: 0
### ===  Ignore cuts flag:   0

phot:  for gamma SubType=12 BuildTable=0
      LambdaPrime table from 200 keV to 100 TeV in 61 bins 
      ===== EM models for the G4Region  DefaultRegionForTheWorld ======
 LivermorePhElectric : Emin=    0 eV  Emax=    1 GeV  SauterGavrila Fluo
       PhotoElectric : Emin=    1 GeV Emax=  100 TeV  SauterGavrila Fluo

compt:  for gamma SubType=13 BuildTable=1
      Lambda table from 100 eV  to 1 MeV, 7 bins/decade, spline: 1
      LambdaPrime table from 1 MeV to 100 TeV in 56 bins 
      ===== EM models for the G4Region  DefaultRegionForTheWorld ======
    LivermoreCompton : Emin=    0 eV  Emax=    1 GeV Fluo
       Klein-Nishina : Emin=    1 GeV Emax=  100 TeV

conv:  for gamma SubType=14 BuildTable=1
      Lambda table from 1.022 MeV to 100 TeV, 18 bins/decade, spline: 1
      ===== EM models for the G4Region  DefaultRegionForTheWorld ======
 LivermoreConversion : Emin=    0 eV  Emax=    1 GeV
     BetheHeitlerLPM : Emin=    1 GeV Emax=  100 TeV  ModifiedTsai

Rayl:  for gamma SubType=11 BuildTable=1
      Lambda table from 100 eV  to 100 keV, 7 bins/decade, spline: 0
      LambdaPrime table from 100 keV to 100 TeV in 63 bins 
      ===== EM models for the G4Region  DefaultRegionForTheWorld ======
   LivermoreRayleigh : Emin=    0 eV  Emax=  100 TeV  CullenGenerator

msc:  for e-  SubType= 10
      ===== EM models for the G4Region  DefaultRegionForTheWorld ======
            UrbanMsc : Emin=    0 eV  Emax=  100 TeV Nbins=84 100 eV  - 100 TeV

eIoni:  for e-  SubType=2
      dE/dx and range tables from 100 eV  to 100 TeV in 84 bins
      Lambda tables from threshold to 100 TeV, 7 bins/decade, spline: 1
      StepFunction=(0.2, 0.1 mm), integ: 1, fluct: 1, linLossLim= 0.01
      ===== EM models for the G4Region  DefaultRegionForTheWorld ======
       LowEnergyIoni : Emin=    0 eV  Emax=    1 GeV  deltaVI
        MollerBhabha : Emin=    1 GeV Emax=  100 TeV

eBrem:  for e-  SubType=3
      dE/dx and range tables from 100 eV  to 100 TeV in 84 bins
      Lambda tables from threshold to 100 TeV, 7 bins/decade, spline: 1
      LPM flag: 1 for E > 1 GeV,  VertexHighEnergyTh(GeV)= 100000
      ===== EM models for the G4Region  DefaultRegionForTheWorld ======
           LowEnBrem : Emin=    0 eV  Emax=    1 GeV  AngularGen2BS
            eBremLPM : Emin=    1 GeV Emax=  100 TeV  ModifiedTsai

msc:  for e+  SubType= 10
      ===== EM models for the G4Region  DefaultRegionForTheWorld ======
            UrbanMsc : Emin=    0 eV  Emax=  100 TeV Nbins=84 100 eV  - 100 TeV

eIoni:  for e+  SubType=2
      dE/dx and range tables from 100 eV  to 100 TeV in 84 bins
      Lambda tables from threshold to 100 TeV, 7 bins/decade, spline: 1
      StepFunction=(0.2, 1 mm), integ: 1, fluct: 1, linLossLim= 0.01
      ===== EM models for the G4Region  DefaultRegionForTheWorld ======
        MollerBhabha : Emin=    0 eV  Emax=  100 TeV

eBrem:  for e+  SubType=3
      dE/dx and range tables from 100 eV  to 100 TeV in 84 bins
      Lambda tables from threshold to 100 TeV, 7 bins/decade, spline: 1
      LPM flag: 1 for E > 1 GeV,  VertexHighEnergyTh(GeV)= 100000
      ===== EM models for the G4Region  DefaultRegionForTheWorld ======
             eBremSB : Emin=    0 eV  Emax=    1 GeV  ModifiedTsai
            eBremLPM : Emin=    1 GeV Emax=  100 TeV  ModifiedTsai

annihil:  for e+, integral:1  SubType=5 BuildTable=0
      ===== EM models for the G4Region  DefaultRegionForTheWorld ======
            eplus2gg : Emin=    0 eV  Emax=  100 TeV

msc:  for proton  SubType= 10
      RangeFactor= 0.2, stepLimType: 0, latDisp: 0
      ===== EM models for the G4Region  DefaultRegionForTheWorld ======
            UrbanMsc : Emin=    0 eV  Emax=  100 TeV Nbins=84 100 eV  - 100 TeV

hIoni:  for proton  SubType=2
      dE/dx and range tables from 100 eV  to 100 TeV in 84 bins
      Lambda tables from threshold to 100 TeV, 7 bins/decade, spline: 1
      StepFunction=(0.2, 0.05 mm), integ: 1, fluct: 1, linLossLim= 0.01
      ===== EM models for the G4Region  DefaultRegionForTheWorld ======
               Bragg : Emin=    0 eV  Emax=    2 MeV
          BetheBloch : Emin=    2 MeV Emax=  100 TeV

hBrems:  for proton  SubType=3
      dE/dx and range tables from 100 eV  to 100 TeV in 84 bins
      Lambda tables from threshold to 100 TeV, 7 bins/decade, spline: 1
      ===== EM models for the G4Region  DefaultRegionForTheWorld ======
               hBrem : Emin=    0 eV  Emax=  100 TeV

hPairProd:  for proton  SubType=4
      dE/dx and range tables from 100 eV  to 100 TeV in 84 bins
      Lambda tables from threshold to 100 TeV, 7 bins/decade, spline: 1
      Sampling table 17x1001; from 7.50618 GeV to 100 TeV 
      ===== EM models for the G4Region  DefaultRegionForTheWorld ======
           hPairProd : Emin=    0 eV  Emax=  100 TeV

msc:  for GenericIon  SubType= 10
      RangeFactor= 0.2, stepLimType: 0, latDisp: 0
      ===== EM models for the G4Region  DefaultRegionForTheWorld ======
            UrbanMsc : Emin=    0 eV  Emax=  100 TeV

ionIoni:  for GenericIon  SubType=2
      dE/dx and range tables from 100 eV  to 100 TeV in 84 bins
      Lambda tables from threshold to 100 TeV, 7 bins/decade, spline: 1
      StepFunction=(0.1, 0.01 mm), integ: 1, fluct: 1, linLossLim= 0.02
      ===== EM models for the G4Region  DefaultRegionForTheWorld ======
         ParamICRU73 : Emin=    0 eV  Emax=  100 TeV  deltaVI

nuclearStopping:  for GenericIon SubType=8 BuildTable=0
      ===== EM models for the G4Region  DefaultRegionForTheWorld ======
   ICRU49NucStopping : Emin=    0 eV  Emax=   10 GeV
=======================================================================
======       Radioactive Decay Physics Parameters              ========
=======================================================================
Max life time                                     1e+06 ps
Internal e- conversion flag                       1
Stored internal conversion coefficients           0
Enable correlated gamma emission                  0
Max 2J for sampling of angular correlations       10
Atomic de-excitation enabled                      0
Auger electron emission enabled                   0
Auger cascade enabled                             0
Check EM cuts disabled for atomic de-excitation   0
Use Bearden atomic level energies                 0
=======================================================================

msc:  for alpha  SubType= 10
      RangeFactor= 0.2, stepLimType: 0, latDisp: 0
      ===== EM models for the G4Region  DefaultRegionForTheWorld ======
            UrbanMsc : Emin=    0 eV  Emax=  100 TeV Nbins=84 100 eV  - 100 TeV

ionIoni:  for alpha  SubType=2
      dE/dx and range tables from 100 eV  to 100 TeV in 84 bins
      Lambda tables from threshold to 100 TeV, 7 bins/decade, spline: 1
      StepFunction=(0.1, 0.02 mm), integ: 1, fluct: 1, linLossLim= 0.02
      ===== EM models for the G4Region  DefaultRegionForTheWorld ======
            BraggIon : Emin=    0 eV  Emax=7.9452 MeV
          BetheBloch : Emin=7.9452 MeV Emax=  100 TeV

nuclearStopping:  for alpha SubType=8 BuildTable=0
      ===== EM models for the G4Region  DefaultRegionForTheWorld ======
   ICRU49NucStopping : Emin=    0 eV  Emax=   10 GeV

msc:  for anti_proton  SubType= 10
      RangeFactor= 0.2, stepLimType: 0, latDisp: 0
      ===== EM models for the G4Region  DefaultRegionForTheWorld ======
            UrbanMsc : Emin=    0 eV  Emax=  100 TeV Nbins=84 100 eV  - 100 TeV

hIoni:  for anti_proton  SubType=2
      dE/dx and range tables from 100 eV  to 100 TeV in 84 bins
      Lambda tables from threshold to 100 TeV, 7 bins/decade, spline: 1
      StepFunction=(0.2, 0.1 mm), integ: 1, fluct: 1, linLossLim= 0.01
      ===== EM models for the G4Region  DefaultRegionForTheWorld ======
            ICRU73QO : Emin=    0 eV  Emax=    2 MeV
          BetheBloch : Emin=    2 MeV Emax=  100 TeV

msc:  for kaon+  SubType= 10
      RangeFactor= 0.2, stepLimType: 0, latDisp: 0
      ===== EM models for the G4Region  DefaultRegionForTheWorld ======
            UrbanMsc : Emin=    0 eV  Emax=  100 TeV Nbins=84 100 eV  - 100 TeV

hIoni:  for kaon+  SubType=2
      dE/dx and range tables from 100 eV  to 100 TeV in 84 bins
      Lambda tables from threshold to 100 TeV, 7 bins/decade, spline: 1
      StepFunction=(0.2, 0.05 mm), integ: 1, fluct: 1, linLossLim= 0.01
      ===== EM models for the G4Region  DefaultRegionForTheWorld ======
               Bragg : Emin=    0 eV  Emax=1.05231 MeV
          BetheBloch : Emin=1.05231 MeV Emax=  100 TeV

hBrems:  for kaon+  SubType=3
      dE/dx and range tables from 100 eV  to 100 TeV in 84 bins
      Lambda tables from threshold to 100 TeV, 7 bins/decade, spline: 1
      ===== EM models for the G4Region  DefaultRegionForTheWorld ======
               hBrem : Emin=    0 eV  Emax=  100 TeV

hPairProd:  for kaon+  SubType=4
      dE/dx and range tables from 100 eV  to 100 TeV in 84 bins
      Lambda tables from threshold to 100 TeV, 7 bins/decade, spline: 1
      Sampling table 18x1001; from 3.94942 GeV to 100 TeV 
      ===== EM models for the G4Region  DefaultRegionForTheWorld ======
           hPairProd : Emin=    0 eV  Emax=  100 TeV

msc:  for kaon-  SubType= 10
      RangeFactor= 0.2, stepLimType: 0, latDisp: 0
      ===== EM models for the G4Region  DefaultRegionForTheWorld ======
            UrbanMsc : Emin=    0 eV  Emax=  100 TeV Nbins=84 100 eV  - 100 TeV

hIoni:  for kaon-  SubType=2
      dE/dx and range tables from 100 eV  to 100 TeV in 84 bins
      Lambda tables from threshold to 100 TeV, 7 bins/decade, spline: 1
      StepFunction=(0.2, 0.05 mm), integ: 1, fluct: 1, linLossLim= 0.01
      ===== EM models for the G4Region  DefaultRegionForTheWorld ======
            ICRU73QO : Emin=    0 eV  Emax=1.05231 MeV
          BetheBloch : Emin=1.05231 MeV Emax=  100 TeV

hBrems:  for kaon-  SubType=3
      dE/dx and range tables from 100 eV  to 100 TeV in 84 bins
      Lambda tables from threshold to 100 TeV, 7 bins/decade, spline: 1
      ===== EM models for the G4Region  DefaultRegionForTheWorld ======
               hBrem : Emin=    0 eV  Emax=  100 TeV

hPairProd:  for kaon-  SubType=4
      dE/dx and range tables from 100 eV  to 100 TeV in 84 bins
      Lambda tables from threshold to 100 TeV, 7 bins/decade, spline: 1
      Sampling table 18x1001; from 3.94942 GeV to 100 TeV 
      ===== EM models for the G4Region  DefaultRegionForTheWorld ======
           hPairProd : Emin=    0 eV  Emax=  100 TeV

msc:  for mu+  SubType= 10
      RangeFactor= 0.2, stepLimType: 0, latDisp: 0, polarAngLim(deg)= 180
      ===== EM models for the G4Region  DefaultRegionForTheWorld ======
        WentzelVIUni : Emin=    0 eV  Emax=  100 TeV Nbins=84 100 eV  - 100 TeV

muIoni:  for mu+  SubType=2
      dE/dx and range tables from 100 eV  to 100 TeV in 84 bins
      Lambda tables from threshold to 100 TeV, 7 bins/decade, spline: 1
      StepFunction=(0.2, 0.05 mm), integ: 1, fluct: 1, linLossLim= 0.01
      ===== EM models for the G4Region  DefaultRegionForTheWorld ======
               Bragg : Emin=    0 eV  Emax=  200 keV
          BetheBloch : Emin=  200 keV Emax=    1 GeV
        MuBetheBloch : Emin=    1 GeV Emax=  100 TeV

muBrems:  for mu+  SubType=3
      dE/dx and range tables from 100 eV  to 100 TeV in 84 bins
      Lambda tables from threshold to 100 TeV, 7 bins/decade, spline: 1
      ===== EM models for the G4Region  DefaultRegionForTheWorld ======
              MuBrem : Emin=    0 eV  Emax=  100 TeV

muPairProd:  for mu+  SubType=4
      dE/dx and range tables from 100 eV  to 100 TeV in 84 bins
      Lambda tables from threshold to 100 TeV, 7 bins/decade, spline: 1
      Sampling table 21x1001; from 1 GeV to 100 TeV 
      ===== EM models for the G4Region  DefaultRegionForTheWorld ======
          muPairProd : Emin=    0 eV  Emax=  100 TeV

CoulombScat:  for mu+, integral:1  SubType=1 BuildTable=1
      Lambda table from threshold  to 100 TeV, 7 bins/decade, spline: 1
      ThetaMin(p) < Theta(degree) < 180; pLimit(GeV^1)= 0.139531
      ===== EM models for the G4Region  DefaultRegionForTheWorld ======
  eCoulombScattering : Emin=    0 eV  Emax=  100 TeV

msc:  for mu-  SubType= 10
      RangeFactor= 0.2, stepLimType: 0, latDisp: 0, polarAngLim(deg)= 180
      ===== EM models for the G4Region  DefaultRegionForTheWorld ======
        WentzelVIUni : Emin=    0 eV  Emax=  100 TeV Nbins=84 100 eV  - 100 TeV

muIoni:  for mu-  SubType=2
      dE/dx and range tables from 100 eV  to 100 TeV in 84 bins
      Lambda tables from threshold to 100 TeV, 7 bins/decade, spline: 1
      StepFunction=(0.2, 0.05 mm), integ: 1, fluct: 1, linLossLim= 0.01
      ===== EM models for the G4Region  DefaultRegionForTheWorld ======
            ICRU73QO : Emin=    0 eV  Emax=  200 keV
          BetheBloch : Emin=  200 keV Emax=    1 GeV
        MuBetheBloch : Emin=    1 GeV Emax=  100 TeV

muBrems:  for mu-  SubType=3
      dE/dx and range tables from 100 eV  to 100 TeV in 84 bins
      Lambda tables from threshold to 100 TeV, 7 bins/decade, spline: 1
      ===== EM models for the G4Region  DefaultRegionForTheWorld ======
              MuBrem : Emin=    0 eV  Emax=  100 TeV

muPairProd:  for mu-  SubType=4
      dE/dx and range tables from 100 eV  to 100 TeV in 84 bins
      Lambda tables from threshold to 100 TeV, 7 bins/decade, spline: 1
      Sampling table 21x1001; from 1 GeV to 100 TeV 
      ===== EM models for the G4Region  DefaultRegionForTheWorld ======
          muPairProd : Emin=    0 eV  Emax=  100 TeV

CoulombScat:  for mu-, integral:1  SubType=1 BuildTable=1
      Lambda table from threshold  to 100 TeV, 7 bins/decade, spline: 1
      ThetaMin(p) < Theta(degree) < 180; pLimit(GeV^1)= 0.139531
      ===== EM models for the G4Region  DefaultRegionForTheWorld ======
  eCoulombScattering : Emin=    0 eV  Emax=  100 TeV

msc:  for pi+  SubType= 10
      RangeFactor= 0.2, stepLimType: 0, latDisp: 0
      ===== EM models for the G4Region  DefaultRegionForTheWorld ======
            UrbanMsc : Emin=    0 eV  Emax=  100 TeV Nbins=84 100 eV  - 100 TeV

hIoni:  for pi+  SubType=2
      dE/dx and range tables from 100 eV  to 100 TeV in 84 bins
      Lambda tables from threshold to 100 TeV, 7 bins/decade, spline: 1
      StepFunction=(0.2, 0.05 mm), integ: 1, fluct: 1, linLossLim= 0.01
      ===== EM models for the G4Region  DefaultRegionForTheWorld ======
               Bragg : Emin=    0 eV  Emax=297.505 keV
          BetheBloch : Emin=297.505 keV Emax=  100 TeV

hBrems:  for pi+  SubType=3
      dE/dx and range tables from 100 eV  to 100 TeV in 84 bins
      Lambda tables from threshold to 100 TeV, 7 bins/decade, spline: 1
      ===== EM models for the G4Region  DefaultRegionForTheWorld ======
               hBrem : Emin=    0 eV  Emax=  100 TeV

hPairProd:  for pi+  SubType=4
      dE/dx and range tables from 100 eV  to 100 TeV in 84 bins
      Lambda tables from threshold to 100 TeV, 7 bins/decade, spline: 1
      Sampling table 20x1001; from 1.11656 GeV to 100 TeV 
      ===== EM models for the G4Region  DefaultRegionForTheWorld ======
           hPairProd : Emin=    0 eV  Emax=  100 TeV

msc:  for pi-  SubType= 10
      RangeFactor= 0.2, stepLimType: 0, latDisp: 0
      ===== EM models for the G4Region  DefaultRegionForTheWorld ======
            UrbanMsc : Emin=    0 eV  Emax=  100 TeV Nbins=84 100 eV  - 100 TeV

hIoni:  for pi-  SubType=2
      dE/dx and range tables from 100 eV  to 100 TeV in 84 bins
      Lambda tables from threshold to 100 TeV, 7 bins/decade, spline: 1
      StepFunction=(0.2, 0.05 mm), integ: 1, fluct: 1, linLossLim= 0.01
      ===== EM models for the G4Region  DefaultRegionForTheWorld ======
            ICRU73QO : Emin=    0 eV  Emax=297.505 keV
          BetheBloch : Emin=297.505 keV Emax=  100 TeV

hBrems:  for pi-  SubType=3
      dE/dx and range tables from 100 eV  to 100 TeV in 84 bins
      Lambda tables from threshold to 100 TeV, 7 bins/decade, spline: 1
      ===== EM models for the G4Region  DefaultRegionForTheWorld ======
               hBrem : Emin=    0 eV  Emax=  100 TeV

hPairProd:  for pi-  SubType=4
      dE/dx and range tables from 100 eV  to 100 TeV in 84 bins
      Lambda tables from threshold to 100 TeV, 7 bins/decade, spline: 1
      Sampling table 20x1001; from 1.11656 GeV to 100 TeV 
      ===== EM models for the G4Region  DefaultRegionForTheWorld ======
           hPairProd : Emin=    0 eV  Emax=  100 TeV

========= Table of registered couples ==============================

Index : 0     used in the geometry : Yes
 Material : G4_AIR
 Range cuts        :  gamma  100 um     e-  100 um     e+  100 um  proton 100 um 
 Energy thresholds :  gamma  990 eV     e-  990 eV     e+  990 eV  proton 10 keV
 Region(s) which use this couple : 
    DefaultRegionForTheWorld

Index : 1     used in the geometry : Yes
 Material : G4_Al
 Range cuts        :  gamma  100 um     e-  100 um     e+  100 um  proton 100 um 
 Energy thresholds :  gamma  2.3478 keV    e-  131.031 keV    e+  128.416 keV proton 10 keV
 Region(s) which use this couple : 
    DefaultRegionForTheWorld

Index : 2     used in the geometry : Yes
 Material : G4_WATER
 Range cuts        :  gamma  100 um     e-  100 um     e+  100 um  proton 100 um 
 Energy thresholds :  gamma  1.10981 keV    e-  84.6589 keV    e+  83.5287 keV proton 10 keV
 Region(s) which use this couple : 
    DefaultRegionForTheWorld

Index : 3     used in the geometry : Yes
 Material : G4_Ge
 Range cuts        :  gamma  100 um     e-  100 um     e+  100 um  proton 100 um 
 Energy thresholds :  gamma  5.95485 keV    e-  174.932 keV    e+  170.292 keV proton 10 keV
 Region(s) which use this couple : 
    DefaultRegionForTheWorld

Index : 4     used in the geometry : Yes
 Material : G4_Cu
 Range cuts        :  gamma  100 um     e-  100 um     e+  100 um  proton 100 um 
 Energy thresholds :  gamma  7.33405 keV    e-  249.775 keV    e+  243.15 keV proton 10 keV
 Region(s) which use this couple : 
    DefaultRegionForTheWorld

====================================================================

G4VisManager: Using G4TrajectoryDrawByCharge as fallback trajectory model.
See commands in /vis/modeling/trajectories/ for other options.
### Run 0 starts.
 CreateHisto1D Hits: SD ALL:Nhits = 201001
 CreateHisto1D Hits: SD ALL:Energy (MeV) = 201002
 CreateHisto1D Hits: SD ALL:Width R3 (mm) = 201003
 CreateHisto1D Hits: SD ALL:Width Z (mm) = 201004
 CreateHisto1D Hits: SD ALL:Width phi (deg) = 201005
 CreateHisto1D Hits: SD ALL:N E depos = 201006
 CreateHisto1D Hits: SD ALL:Time span (ns) = 201007
 CreateHisto1D Hits: SD ALL:Distance between hits (mm) = 201008
 CreateHisto1D Hits: SD ALL:X hit (mm) = 201011
 CreateHisto1D Hits: SD ALL:Y hit (mm) = 201012
 CreateHisto1D Hits: SD ALL:Z hit (mm) = 201013
 CreateHisto1D Hits: SD ALL:R2 hit (mm) = 201014
 CreateHisto1D Hits: SD ALL:PHI hit (deg) = 201015
 CreateHisto1D Hits: SD ALL:THETA hit (deg) = 201016
 CreateHisto1D Hits: SD ALL:R3 hit (mm) = 201017
 CreateHisto1D Hits: SD Detector: Nhits = 201101
 CreateHisto1D Hits: SD Detector: Energy (MeV) = 201102
 CreateHisto1D Hits: SD Detector: Width R3 (mm) = 201103
 CreateHisto1D Hits: SD Detector: Width Z (mm) = 201104
 CreateHisto1D Hits: SD Detector: Width phi (deg) = 201105
 CreateHisto1D Hits: SD Detector: N E depos = 201106
 CreateHisto1D Hits: SD Detector: Time span (ns) = 201107
 CreateHisto1D Hits: SD Detector: Distance between hits (mm) = 201108
 CreateHisto1D Hits: SD Detector: X hit (mm) = 201111
 CreateHisto1D Hits: SD Detector: Y hit (mm) = 201112
 CreateHisto1D Hits: SD Detector: Z hit (mm) = 201113
 CreateHisto1D Hits: SD Detector: R2 hit (mm) = 201114
 CreateHisto1D Hits: SD Detector: PHI hit (deg) = 201115
 CreateHisto1D Hits: SD Detector: THETA hit (deg) = 201116
 CreateHisto1D Hits: SD Detector: R3 hit (mm) = 201117
 %%% EVENT 0 NTRACKS 7 TOTAL NTRACKS 7
 %%% EVENT 1000 NTRACKS 11 TOTAL NTRACKS 9137
 %%% EVENT 2000 NTRACKS 8 TOTAL NTRACKS 18117
 %%% EVENT 3000 NTRACKS 9 TOTAL NTRACKS 27268
 %%% EVENT 4000 NTRACKS 18 TOTAL NTRACKS 36321
 %%% EVENT 5000 NTRACKS 7 TOTAL NTRACKS 45323
 %%% EVENT 6000 NTRACKS 7 TOTAL NTRACKS 54361
 %%% EVENT 7000 NTRACKS 7 TOTAL NTRACKS 63391
 %%% EVENT 8000 NTRACKS 7 TOTAL NTRACKS 72516
 %%% EVENT 9000 NTRACKS 7 TOTAL NTRACKS 81578
 %%% EVENT 10000 NTRACKS 16 TOTAL NTRACKS 90600
 %%% EVENT 11000 NTRACKS 7 TOTAL NTRACKS 99560
 %%% EVENT 12000 NTRACKS 7 TOTAL NTRACKS 108631
 %%% EVENT 13000 NTRACKS 10 TOTAL NTRACKS 117897
 %%% EVENT 14000 NTRACKS 12 TOTAL NTRACKS 126944
 %%% EVENT 15000 NTRACKS 9 TOTAL NTRACKS 135971
 %%% EVENT 16000 NTRACKS 15 TOTAL NTRACKS 144996
 %%% EVENT 17000 NTRACKS 20 TOTAL NTRACKS 154350
 %%% EVENT 18000 NTRACKS 10 TOTAL NTRACKS 163576
 %%% EVENT 19000 NTRACKS 11 TOTAL NTRACKS 172701
 %%% EVENT 20000 NTRACKS 7 TOTAL NTRACKS 181707
 %%% EVENT 21000 NTRACKS 13 TOTAL NTRACKS 190699
 %%% EVENT 22000 NTRACKS 17 TOTAL NTRACKS 199901
 %%% EVENT 23000 NTRACKS 7 TOTAL NTRACKS 208990
 %%% EVENT 24000 NTRACKS 8 TOTAL NTRACKS 217996
 %%% EVENT 25000 NTRACKS 7 TOTAL NTRACKS 227059
 %%% EVENT 26000 NTRACKS 11 TOTAL NTRACKS 236131
 %%% EVENT 27000 NTRACKS 12 TOTAL NTRACKS 245226
 %%% EVENT 28000 NTRACKS 7 TOTAL NTRACKS 254503
 %%% EVENT 29000 NTRACKS 8 TOTAL NTRACKS 263813
 %%% EVENT 30000 NTRACKS 9 TOTAL NTRACKS 272882
 %%% EVENT 31000 NTRACKS 7 TOTAL NTRACKS 282000
 %%% EVENT 32000 NTRACKS 10 TOTAL NTRACKS 291165
 %%% EVENT 33000 NTRACKS 10 TOTAL NTRACKS 300197
 %%% EVENT 34000 NTRACKS 7 TOTAL NTRACKS 309191
 %%% EVENT 35000 NTRACKS 7 TOTAL NTRACKS 318243
 %%% EVENT 36000 NTRACKS 7 TOTAL NTRACKS 327318
 %%% EVENT 37000 NTRACKS 7 TOTAL NTRACKS 336683
 %%% EVENT 38000 NTRACKS 7 TOTAL NTRACKS 345893
 %%% EVENT 39000 NTRACKS 7 TOTAL NTRACKS 355058
 %%% EVENT 40000 NTRACKS 15 TOTAL NTRACKS 364005
 %%% EVENT 41000 NTRACKS 7 TOTAL NTRACKS 373137
 %%% EVENT 42000 NTRACKS 7 TOTAL NTRACKS 382142
 %%% EVENT 43000 NTRACKS 8 TOTAL NTRACKS 391261
 %%% EVENT 44000 NTRACKS 9 TOTAL NTRACKS 400333
 %%% EVENT 45000 NTRACKS 7 TOTAL NTRACKS 409605
 %%% EVENT 46000 NTRACKS 7 TOTAL NTRACKS 418703
 %%% EVENT 47000 NTRACKS 7 TOTAL NTRACKS 427878
 %%% EVENT 48000 NTRACKS 7 TOTAL NTRACKS 436992
 %%% EVENT 49000 NTRACKS 7 TOTAL NTRACKS 446066
 %%% EVENT 50000 NTRACKS 8 TOTAL NTRACKS 455146
 %%% EVENT 51000 NTRACKS 10 TOTAL NTRACKS 464269
 %%% EVENT 52000 NTRACKS 7 TOTAL NTRACKS 473325
 %%% EVENT 53000 NTRACKS 8 TOTAL NTRACKS 482342
 %%% EVENT 54000 NTRACKS 7 TOTAL NTRACKS 491580
 %%% EVENT 55000 NTRACKS 12 TOTAL NTRACKS 500861
 %%% EVENT 56000 NTRACKS 8 TOTAL NTRACKS 509935
 %%% EVENT 57000 NTRACKS 13 TOTAL NTRACKS 518815
 %%% EVENT 58000 NTRACKS 12 TOTAL NTRACKS 527896
 %%% EVENT 59000 NTRACKS 7 TOTAL NTRACKS 537101
 %%% EVENT 60000 NTRACKS 7 TOTAL NTRACKS 546275
 %%% EVENT 61000 NTRACKS 8 TOTAL NTRACKS 555465
 %%% EVENT 62000 NTRACKS 7 TOTAL NTRACKS 564714
 %%% EVENT 63000 NTRACKS 7 TOTAL NTRACKS 573814
 %%% EVENT 64000 NTRACKS 8 TOTAL NTRACKS 582942
 %%% EVENT 65000 NTRACKS 10 TOTAL NTRACKS 592054
 %%% EVENT 66000 NTRACKS 11 TOTAL NTRACKS 601117
 %%% EVENT 67000 NTRACKS 13 TOTAL NTRACKS 610279
 %%% EVENT 68000 NTRACKS 10 TOTAL NTRACKS 619440
 %%% EVENT 69000 NTRACKS 13 TOTAL NTRACKS 628492
 %%% EVENT 70000 NTRACKS 8 TOTAL NTRACKS 637550
 %%% EVENT 71000 NTRACKS 8 TOTAL NTRACKS 646730
 %%% EVENT 72000 NTRACKS 8 TOTAL NTRACKS 655924
 %%% EVENT 73000 NTRACKS 7 TOTAL NTRACKS 665108
 %%% EVENT 74000 NTRACKS 9 TOTAL NTRACKS 674337
 %%% EVENT 75000 NTRACKS 8 TOTAL NTRACKS 683362
 %%% EVENT 76000 NTRACKS 18 TOTAL NTRACKS 692709
 %%% EVENT 77000 NTRACKS 9 TOTAL NTRACKS 702030
 %%% EVENT 78000 NTRACKS 9 TOTAL NTRACKS 711079
 %%% EVENT 79000 NTRACKS 7 TOTAL NTRACKS 720186
 %%% EVENT 80000 NTRACKS 8 TOTAL NTRACKS 729496
 %%% EVENT 81000 NTRACKS 7 TOTAL NTRACKS 738630
 %%% EVENT 82000 NTRACKS 9 TOTAL NTRACKS 747873
 %%% EVENT 83000 NTRACKS 7 TOTAL NTRACKS 756843
 %%% EVENT 84000 NTRACKS 7 TOTAL NTRACKS 765838
 %%% EVENT 85000 NTRACKS 7 TOTAL NTRACKS 774955
 %%% EVENT 86000 NTRACKS 9 TOTAL NTRACKS 784012
 %%% EVENT 87000 NTRACKS 20 TOTAL NTRACKS 793229
 %%% EVENT 88000 NTRACKS 8 TOTAL NTRACKS 802359
 %%% EVENT 89000 NTRACKS 7 TOTAL NTRACKS 811444
 %%% EVENT 90000 NTRACKS 7 TOTAL NTRACKS 820455
 %%% EVENT 91000 NTRACKS 15 TOTAL NTRACKS 829577
 %%% EVENT 92000 NTRACKS 11 TOTAL NTRACKS 838686
 %%% EVENT 93000 NTRACKS 10 TOTAL NTRACKS 847730
 %%% EVENT 94000 NTRACKS 37 TOTAL NTRACKS 856919
 %%% EVENT 95000 NTRACKS 10 TOTAL NTRACKS 866073
 %%% EVENT 96000 NTRACKS 8 TOTAL NTRACKS 875166
 %%% EVENT 97000 NTRACKS 8 TOTAL NTRACKS 884371
 %%% EVENT 98000 NTRACKS 8 TOTAL NTRACKS 893541
 %%% EVENT 99000 NTRACKS 10 TOTAL NTRACKS 902607
 Run terminated.
Run Summary
  Number of events processed : 100000
  User=21.770000s Real=21.767076s Sys=0.000000s
Graphics systems deleted.
Visualization Manager deleting...
 GmAnalysisMgr::~GmAnalysisMgr( bNormalizeToNEvents 1 hits.exercise4b:NormalizeToNEvents
=== saving histograms in file === hits.exercise4b.root
