/control/execute exercise4b.DoseUBS.in
/gamos/setParam GmAnalysisMgr:FileNameSuffix .exercise4b.Dose
/gamos/setParam GmReadPhantomGeometry:FileName ../exercise3/world.geom
/gamos/setParam GmSimplePhantomGeometry:MaterialNames G4_WATER G4_LUNG_ICRP G4_BONE_COMPACT_ICRU
/gamos/setParam GmSimplePhantomGeometry:MaterialZVoxels 10 10 80
/gamos/setParam GmSimplePhantomGeometry:MaterialDensities 1. 0.3 1.85
/gamos/setParam GmSimplePhantomGeometry:NVoxels 100 100 100
/gamos/setParam GmSimplePhantomGeometry:PhantomDims -500 500 -500 500 -500 500
/gamos/setParam GmReadPhantomGeometry:InitialDisplacement 0. 0. -1400.
/gamos/setParam GmReadPhantomGeometry:InitialRotAngles 0*deg 0. 0.
/gamos/geometry GmSimplePhantomGeometry
/gamos/physicsList GmEMPhysics
GmEMPhysics PhysicsList:DEFAULT = gamma-standard is registered
GmEMPhysics PhysicsList: DEFAULT = electron-standard is registered
GmEMPhysics PhysicsList: DEFAULT = positron-standard is registered
/gamos/setParam RTGeneratorPhaseSpace:FileName testUBS
/gamos/setParam RTGeneratorPhaseSpace:InitialDisplacement 0. 0. 0.
/gamos/setParam RTGeneratorPhaseSpace:InitialRotAngles 0. 0. 0.*deg
/gamos/setParam RTGeneratorPhaseSpace:MaxNReuse 10
/gamos/generator RTGeneratorPhaseSpace
/run/initialize
0x55fc70336a30 thePhantomParam->SetMaterials( 3
GmPhysicsGammaLowEner::ConstructProcess 
/gamos/scoring/createMFDetector doseDet phantom
/gamos/scoring/addScorer2MFD doseScorer GmG4PSDoseDeposit doseDet
 GmVPrimitiveScorer::SetParameters: no parameters 
/gamos/analysis/histo1Min *Dose -18
/gamos/analysis/histo1Max *Dose -9
/gamos/analysis/histo1Min *volume -18
/gamos/analysis/histo1Max *volume -9
/gamos/scoring/addPrinter2Scorer RTPSPDoseHistos doseScorer
phantomContainer GmRegularParamUtils::GetPhantomMotherTranslation (0,0,-1400) global (0,0,-1400)
phantomContainer GmRegularParamUtils::GetPhantomMotherRotation 
   [ (           1             0             0)
     (           0             1             0)
     (           0             0             1) ]
 global 
   [ (           1             0             0)
     (           0             1             0)
     (           0             0             1) ]

 RTPSPDoseHistos nvoxel 100 100 100
 RTPSPDoseHistos half dim 5 5 5
 RTPSPDoseHistos translation (0,0,-1400)
 RTPSPDoseHistos rotation 
   [ (           1             0             0)
     (           0             1             0)
     (           0             0             1) ]

/gamos/setParam GmPSPrinterSqdose_doseScorer:FileName sqdose_899.out
/gamos/scoring/addPrinter2Scorer GmPSPrinterSqdose doseScorer
/gamos/userAction GmCountTracksUA
/run/beamOn 1000000
G4RunManagerKernel -- G4ScoreSplittingProcess is appended to all particles.

### ===  Deexcitation model UAtomDeexcitation is activated for 1 region:
          DefaultRegionForTheWorld  1  1  0
### ===  Auger cascade flag: 0
### ===  Ignore cuts flag:   0

phot:  for gamma SubType=12 BuildTable=0
      LambdaPrime table from 200 keV to 100 TeV in 61 bins 
      ===== EM models for the G4Region  DefaultRegionForTheWorld ======
 LivermorePhElectric : Emin=    0 eV  Emax=    1 GeV  SauterGavrila Fluo
       PhotoElectric : Emin=    1 GeV Emax=  100 TeV  SauterGavrila Fluo

compt:  for gamma SubType=13 BuildTable=1
      Lambda table from 100 eV  to 1 MeV, 7 bins/decade, spline: 1
      LambdaPrime table from 1 MeV to 100 TeV in 56 bins 
      ===== EM models for the G4Region  DefaultRegionForTheWorld ======
    LivermoreCompton : Emin=    0 eV  Emax=    1 GeV Fluo
       Klein-Nishina : Emin=    1 GeV Emax=  100 TeV

conv:  for gamma SubType=14 BuildTable=1
      Lambda table from 1.022 MeV to 100 TeV, 18 bins/decade, spline: 1
      ===== EM models for the G4Region  DefaultRegionForTheWorld ======
 LivermoreConversion : Emin=    0 eV  Emax=    1 GeV
     BetheHeitlerLPM : Emin=    1 GeV Emax=  100 TeV  ModifiedTsai

Rayl:  for gamma SubType=11 BuildTable=1
      Lambda table from 100 eV  to 100 keV, 7 bins/decade, spline: 0
      LambdaPrime table from 100 keV to 100 TeV in 63 bins 
      ===== EM models for the G4Region  DefaultRegionForTheWorld ======
   LivermoreRayleigh : Emin=    0 eV  Emax=  100 TeV  CullenGenerator

msc:  for e-  SubType= 10
      ===== EM models for the G4Region  DefaultRegionForTheWorld ======
            UrbanMsc : Emin=    0 eV  Emax=  100 TeV Nbins=84 100 eV  - 100 TeV

eIoni:  for e-  SubType=2
      dE/dx and range tables from 100 eV  to 100 TeV in 84 bins
      Lambda tables from threshold to 100 TeV, 7 bins/decade, spline: 1
      StepFunction=(0.2, 0.1 mm), integ: 1, fluct: 1, linLossLim= 0.01
      ===== EM models for the G4Region  DefaultRegionForTheWorld ======
       LowEnergyIoni : Emin=    0 eV  Emax=    1 GeV  deltaVI
        MollerBhabha : Emin=    1 GeV Emax=  100 TeV

eBrem:  for e-  SubType=3
      dE/dx and range tables from 100 eV  to 100 TeV in 84 bins
      Lambda tables from threshold to 100 TeV, 7 bins/decade, spline: 1
      LPM flag: 1 for E > 1 GeV,  VertexHighEnergyTh(GeV)= 100000
      ===== EM models for the G4Region  DefaultRegionForTheWorld ======
           LowEnBrem : Emin=    0 eV  Emax=    1 GeV  AngularGen2BS
            eBremLPM : Emin=    1 GeV Emax=  100 TeV  ModifiedTsai

msc:  for e+  SubType= 10
      ===== EM models for the G4Region  DefaultRegionForTheWorld ======
            UrbanMsc : Emin=    0 eV  Emax=  100 TeV Nbins=84 100 eV  - 100 TeV

eIoni:  for e+  SubType=2
      dE/dx and range tables from 100 eV  to 100 TeV in 84 bins
      Lambda tables from threshold to 100 TeV, 7 bins/decade, spline: 1
      StepFunction=(0.2, 1 mm), integ: 1, fluct: 1, linLossLim= 0.01
      ===== EM models for the G4Region  DefaultRegionForTheWorld ======
        MollerBhabha : Emin=    0 eV  Emax=  100 TeV

eBrem:  for e+  SubType=3
      dE/dx and range tables from 100 eV  to 100 TeV in 84 bins
      Lambda tables from threshold to 100 TeV, 7 bins/decade, spline: 1
      LPM flag: 1 for E > 1 GeV,  VertexHighEnergyTh(GeV)= 100000
      ===== EM models for the G4Region  DefaultRegionForTheWorld ======
             eBremSB : Emin=    0 eV  Emax=    1 GeV  ModifiedTsai
            eBremLPM : Emin=    1 GeV Emax=  100 TeV  ModifiedTsai

annihil:  for e+, integral:1  SubType=5 BuildTable=0
      ===== EM models for the G4Region  DefaultRegionForTheWorld ======
            eplus2gg : Emin=    0 eV  Emax=  100 TeV

========= Table of registered couples ==============================

Index : 0     used in the geometry : Yes
 Material : G4_AIR
 Range cuts        :  gamma  100 um     e-  100 um     e+  100 um  proton 100 um 
 Energy thresholds :  gamma  990 eV     e-  990 eV     e+  990 eV  proton -1 MeV
 Region(s) which use this couple : 
    DefaultRegionForTheWorld

Index : 1     used in the geometry : Yes
 Material : G4_WATER1
 Range cuts        :  gamma  100 um     e-  100 um     e+  100 um  proton 100 um 
 Energy thresholds :  gamma  1.10981 keV    e-  84.6589 keV    e+  83.5287 keV proton -1 MeV
 Region(s) which use this couple : 
    DefaultRegionForTheWorld

Index : 2     used in the geometry : Yes
 Material : G4_LUNG_ICRP0.3
 Range cuts        :  gamma  100 um     e-  100 um     e+  100 um  proton 100 um 
 Energy thresholds :  gamma  990 eV     e-  42.371 keV    e+  42.0872 keV proton -1 MeV
 Region(s) which use this couple : 
    DefaultRegionForTheWorld

Index : 3     used in the geometry : Yes
 Material : G4_BONE_COMPACT_ICRU1.85
 Range cuts        :  gamma  100 um     e-  100 um     e+  100 um  proton 100 um 
 Energy thresholds :  gamma  1.63878 keV    e-  116.885 keV    e+  115.325 keV proton -1 MeV
 Region(s) which use this couple : 
    DefaultRegionForTheWorld

====================================================================

G4VisManager: Using G4TrajectoryDrawByCharge as fallback trajectory model.
See commands in /vis/modeling/trajectories/ for other options.
### Run 0 starts.
 %%% EVENT 0 NTRACKS 11 TOTAL NTRACKS 11
 %%% EVENT 1000 NTRACKS 1 TOTAL NTRACKS 8875
 %%% EVENT 2000 NTRACKS 11 TOTAL NTRACKS 17418
 %%% EVENT 3000 NTRACKS 13 TOTAL NTRACKS 25555
 %%% EVENT 4000 NTRACKS 19 TOTAL NTRACKS 33758
 %%% EVENT 5000 NTRACKS 9 TOTAL NTRACKS 41874
 %%% EVENT 6000 NTRACKS 1 TOTAL NTRACKS 49171
 %%% EVENT 7000 NTRACKS 2 TOTAL NTRACKS 57580
 %%% EVENT 8000 NTRACKS 10 TOTAL NTRACKS 65789
 %%% EVENT 9000 NTRACKS 1 TOTAL NTRACKS 74039
 %%% EVENT 10000 NTRACKS 1 TOTAL NTRACKS 81797
 %%% EVENT 11000 NTRACKS 4 TOTAL NTRACKS 90062
 %%% EVENT 12000 NTRACKS 7 TOTAL NTRACKS 98670
 %%% EVENT 13000 NTRACKS 1 TOTAL NTRACKS 107427
 %%% EVENT 14000 NTRACKS 10 TOTAL NTRACKS 115246
 %%% EVENT 15000 NTRACKS 11 TOTAL NTRACKS 123286
 %%% EVENT 16000 NTRACKS 6 TOTAL NTRACKS 132152
 %%% EVENT 17000 NTRACKS 1 TOTAL NTRACKS 140307
 %%% EVENT 18000 NTRACKS 15 TOTAL NTRACKS 148646
 %%% EVENT 19000 NTRACKS 4 TOTAL NTRACKS 158294
 %%% EVENT 20000 NTRACKS 10 TOTAL NTRACKS 167232
 %%% EVENT 21000 NTRACKS 7 TOTAL NTRACKS 175635
 %%% EVENT 22000 NTRACKS 1 TOTAL NTRACKS 184071
 %%% EVENT 23000 NTRACKS 14 TOTAL NTRACKS 192578
 %%% EVENT 24000 NTRACKS 1 TOTAL NTRACKS 200915
 %%% EVENT 25000 NTRACKS 8 TOTAL NTRACKS 209559
 %%% EVENT 26000 NTRACKS 13 TOTAL NTRACKS 218474
 %%% EVENT 27000 NTRACKS 15 TOTAL NTRACKS 225654
 %%% EVENT 28000 NTRACKS 1 TOTAL NTRACKS 234126
 %%% EVENT 29000 NTRACKS 15 TOTAL NTRACKS 241799
 %%% EVENT 30000 NTRACKS 8 TOTAL NTRACKS 250547
 %%% EVENT 31000 NTRACKS 10 TOTAL NTRACKS 260031
 %%% EVENT 32000 NTRACKS 5 TOTAL NTRACKS 268435
 %%% EVENT 33000 NTRACKS 12 TOTAL NTRACKS 276978
 %%% EVENT 34000 NTRACKS 4 TOTAL NTRACKS 284569
 %%% EVENT 35000 NTRACKS 7 TOTAL NTRACKS 292819
 %%% EVENT 36000 NTRACKS 23 TOTAL NTRACKS 301009
 %%% EVENT 37000 NTRACKS 12 TOTAL NTRACKS 309237
 %%% EVENT 38000 NTRACKS 1 TOTAL NTRACKS 318273
 %%% EVENT 39000 NTRACKS 1 TOTAL NTRACKS 326924
 %%% EVENT 40000 NTRACKS 16 TOTAL NTRACKS 335897
 %%% EVENT 41000 NTRACKS 6 TOTAL NTRACKS 343671
 %%% EVENT 42000 NTRACKS 8 TOTAL NTRACKS 351681
 %%% EVENT 43000 NTRACKS 13 TOTAL NTRACKS 359399
 %%% EVENT 44000 NTRACKS 9 TOTAL NTRACKS 368718
 %%% EVENT 45000 NTRACKS 21 TOTAL NTRACKS 377148
 %%% EVENT 46000 NTRACKS 15 TOTAL NTRACKS 385753
 %%% EVENT 47000 NTRACKS 8 TOTAL NTRACKS 394406
 %%% EVENT 48000 NTRACKS 7 TOTAL NTRACKS 403184
 %%% EVENT 49000 NTRACKS 15 TOTAL NTRACKS 411372
 %%% EVENT 50000 NTRACKS 20 TOTAL NTRACKS 419328
 %%% EVENT 51000 NTRACKS 10 TOTAL NTRACKS 427336
 %%% EVENT 52000 NTRACKS 10 TOTAL NTRACKS 434782
 %%% EVENT 53000 NTRACKS 2 TOTAL NTRACKS 442962
 %%% EVENT 54000 NTRACKS 9 TOTAL NTRACKS 450237
 %%% EVENT 55000 NTRACKS 10 TOTAL NTRACKS 457532
 %%% EVENT 56000 NTRACKS 13 TOTAL NTRACKS 466583
 %%% EVENT 57000 NTRACKS 9 TOTAL NTRACKS 475152
 %%% EVENT 58000 NTRACKS 1 TOTAL NTRACKS 484227
 %%% EVENT 59000 NTRACKS 5 TOTAL NTRACKS 491240
 %%% EVENT 60000 NTRACKS 5 TOTAL NTRACKS 499740
 %%% EVENT 61000 NTRACKS 11 TOTAL NTRACKS 507625
 %%% EVENT 62000 NTRACKS 9 TOTAL NTRACKS 515983
 %%% EVENT 63000 NTRACKS 3 TOTAL NTRACKS 523752
 %%% EVENT 64000 NTRACKS 17 TOTAL NTRACKS 532027
 %%% EVENT 65000 NTRACKS 2 TOTAL NTRACKS 540644
 %%% EVENT 66000 NTRACKS 1 TOTAL NTRACKS 549445
 %%% EVENT 67000 NTRACKS 1 TOTAL NTRACKS 557369
 %%% EVENT 68000 NTRACKS 1 TOTAL NTRACKS 566063
 %%% EVENT 69000 NTRACKS 1 TOTAL NTRACKS 573964
 %%% EVENT 70000 NTRACKS 8 TOTAL NTRACKS 581491
 %%% EVENT 71000 NTRACKS 2 TOTAL NTRACKS 590558
 %%% EVENT 72000 NTRACKS 13 TOTAL NTRACKS 599320
 %%% EVENT 73000 NTRACKS 4 TOTAL NTRACKS 608536
 %%% EVENT 74000 NTRACKS 10 TOTAL NTRACKS 616867
 %%% EVENT 75000 NTRACKS 2 TOTAL NTRACKS 625305
 %%% EVENT 76000 NTRACKS 17 TOTAL NTRACKS 633795
 %%% EVENT 77000 NTRACKS 1 TOTAL NTRACKS 641832
 %%% EVENT 78000 NTRACKS 14 TOTAL NTRACKS 650174
 %%% EVENT 79000 NTRACKS 8 TOTAL NTRACKS 659216
 %%% EVENT 80000 NTRACKS 8 TOTAL NTRACKS 668137
 %%% EVENT 81000 NTRACKS 9 TOTAL NTRACKS 676247
 %%% EVENT 82000 NTRACKS 1 TOTAL NTRACKS 684621
 %%% EVENT 83000 NTRACKS 1 TOTAL NTRACKS 692659
 %%% EVENT 84000 NTRACKS 1 TOTAL NTRACKS 701309
 %%% EVENT 85000 NTRACKS 1 TOTAL NTRACKS 709790
 %%% EVENT 86000 NTRACKS 10 TOTAL NTRACKS 718892
 %%% EVENT 87000 NTRACKS 1 TOTAL NTRACKS 727257
 %%% EVENT 88000 NTRACKS 1 TOTAL NTRACKS 736114
 %%% EVENT 89000 NTRACKS 3 TOTAL NTRACKS 744919
 %%% EVENT 90000 NTRACKS 16 TOTAL NTRACKS 752859
 %%% EVENT 91000 NTRACKS 1 TOTAL NTRACKS 761897
 %%% EVENT 92000 NTRACKS 7 TOTAL NTRACKS 770448
 %%% EVENT 93000 NTRACKS 1 TOTAL NTRACKS 777801
 %%% EVENT 94000 NTRACKS 11 TOTAL NTRACKS 786476
 %%% EVENT 95000 NTRACKS 8 TOTAL NTRACKS 793956
 %%% EVENT 96000 NTRACKS 15 TOTAL NTRACKS 802309
 %%% EVENT 97000 NTRACKS 14 TOTAL NTRACKS 810216
 %%% EVENT 98000 NTRACKS 11 TOTAL NTRACKS 818532
 %%% EVENT 99000 NTRACKS 14 TOTAL NTRACKS 827577
 %%% EVENT 100000 NTRACKS 10 TOTAL NTRACKS 835743
 %%% EVENT 101000 NTRACKS 13 TOTAL NTRACKS 843563
 %%% EVENT 102000 NTRACKS 5 TOTAL NTRACKS 852204
 %%% EVENT 103000 NTRACKS 12 TOTAL NTRACKS 860626
 %%% EVENT 104000 NTRACKS 1 TOTAL NTRACKS 869981
 %%% EVENT 105000 NTRACKS 11 TOTAL NTRACKS 878640
 %%% EVENT 106000 NTRACKS 12 TOTAL NTRACKS 886879
 %%% EVENT 107000 NTRACKS 2 TOTAL NTRACKS 894504
 %%% EVENT 108000 NTRACKS 16 TOTAL NTRACKS 903337
 %%% EVENT 109000 NTRACKS 2 TOTAL NTRACKS 911367
 %%% EVENT 110000 NTRACKS 7 TOTAL NTRACKS 918950
 %%% EVENT 111000 NTRACKS 13 TOTAL NTRACKS 927029
 %%% EVENT 112000 NTRACKS 9 TOTAL NTRACKS 936093
 %%% EVENT 113000 NTRACKS 9 TOTAL NTRACKS 943737
 %%% EVENT 114000 NTRACKS 6 TOTAL NTRACKS 952299
 %%% EVENT 115000 NTRACKS 9 TOTAL NTRACKS 960644
 %%% EVENT 116000 NTRACKS 10 TOTAL NTRACKS 969370
 %%% EVENT 117000 NTRACKS 1 TOTAL NTRACKS 977960
 %%% EVENT 118000 NTRACKS 7 TOTAL NTRACKS 986038
 %%% EVENT 119000 NTRACKS 23 TOTAL NTRACKS 994390
 %%% EVENT 120000 NTRACKS 8 TOTAL NTRACKS 1.00276e+06
 %%% EVENT 121000 NTRACKS 6 TOTAL NTRACKS 1.0117e+06
 %%% EVENT 122000 NTRACKS 11 TOTAL NTRACKS 1.02079e+06
 %%% EVENT 123000 NTRACKS 14 TOTAL NTRACKS 1.02986e+06
 %%% EVENT 124000 NTRACKS 1 TOTAL NTRACKS 1.03811e+06
 %%% EVENT 125000 NTRACKS 9 TOTAL NTRACKS 1.04582e+06
 %%% EVENT 126000 NTRACKS 10 TOTAL NTRACKS 1.05399e+06
 %%% EVENT 127000 NTRACKS 1 TOTAL NTRACKS 1.06223e+06
 %%% EVENT 128000 NTRACKS 13 TOTAL NTRACKS 1.06973e+06
 %%% EVENT 129000 NTRACKS 11 TOTAL NTRACKS 1.07825e+06
 %%% EVENT 130000 NTRACKS 1 TOTAL NTRACKS 1.08727e+06
 %%% EVENT 131000 NTRACKS 8 TOTAL NTRACKS 1.09527e+06
 %%% EVENT 132000 NTRACKS 10 TOTAL NTRACKS 1.10394e+06
 %%% EVENT 133000 NTRACKS 8 TOTAL NTRACKS 1.1127e+06
 %%% EVENT 134000 NTRACKS 1 TOTAL NTRACKS 1.12077e+06
 %%% EVENT 135000 NTRACKS 6 TOTAL NTRACKS 1.12925e+06
 %%% EVENT 136000 NTRACKS 9 TOTAL NTRACKS 1.13732e+06
 %%% EVENT 137000 NTRACKS 3 TOTAL NTRACKS 1.14541e+06
 %%% EVENT 138000 NTRACKS 11 TOTAL NTRACKS 1.15422e+06
 %%% EVENT 139000 NTRACKS 1 TOTAL NTRACKS 1.16291e+06
 %%% EVENT 140000 NTRACKS 15 TOTAL NTRACKS 1.17136e+06
 %%% EVENT 141000 NTRACKS 7 TOTAL NTRACKS 1.17982e+06
 %%% EVENT 142000 NTRACKS 2 TOTAL NTRACKS 1.18836e+06
 %%% EVENT 143000 NTRACKS 6 TOTAL NTRACKS 1.19684e+06
 %%% EVENT 144000 NTRACKS 4 TOTAL NTRACKS 1.20501e+06
 %%% EVENT 145000 NTRACKS 6 TOTAL NTRACKS 1.21293e+06
 %%% EVENT 146000 NTRACKS 4 TOTAL NTRACKS 1.22133e+06
 %%% EVENT 147000 NTRACKS 1 TOTAL NTRACKS 1.23038e+06
 %%% EVENT 148000 NTRACKS 9 TOTAL NTRACKS 1.23752e+06
 %%% EVENT 149000 NTRACKS 12 TOTAL NTRACKS 1.24598e+06
 %%% EVENT 150000 NTRACKS 7 TOTAL NTRACKS 1.25504e+06
 %%% EVENT 151000 NTRACKS 12 TOTAL NTRACKS 1.26296e+06
 %%% EVENT 152000 NTRACKS 6 TOTAL NTRACKS 1.27126e+06
 %%% EVENT 153000 NTRACKS 10 TOTAL NTRACKS 1.27966e+06
 %%% EVENT 154000 NTRACKS 1 TOTAL NTRACKS 1.28814e+06
 %%% EVENT 155000 NTRACKS 6 TOTAL NTRACKS 1.29645e+06
 %%% EVENT 156000 NTRACKS 14 TOTAL NTRACKS 1.306e+06
 %%% EVENT 157000 NTRACKS 1 TOTAL NTRACKS 1.31425e+06
 %%% EVENT 158000 NTRACKS 6 TOTAL NTRACKS 1.32212e+06
 %%% EVENT 159000 NTRACKS 9 TOTAL NTRACKS 1.33082e+06
 %%% EVENT 160000 NTRACKS 12 TOTAL NTRACKS 1.33924e+06
 %%% EVENT 161000 NTRACKS 7 TOTAL NTRACKS 1.34693e+06
 %%% EVENT 162000 NTRACKS 15 TOTAL NTRACKS 1.35545e+06
 %%% EVENT 163000 NTRACKS 12 TOTAL NTRACKS 1.36429e+06
 %%% EVENT 164000 NTRACKS 7 TOTAL NTRACKS 1.37266e+06
 %%% EVENT 165000 NTRACKS 23 TOTAL NTRACKS 1.38067e+06
 %%% EVENT 166000 NTRACKS 8 TOTAL NTRACKS 1.39028e+06
 %%% EVENT 167000 NTRACKS 14 TOTAL NTRACKS 1.39862e+06
 %%% EVENT 168000 NTRACKS 5 TOTAL NTRACKS 1.40726e+06
 %%% EVENT 169000 NTRACKS 6 TOTAL NTRACKS 1.41564e+06
 %%% EVENT 170000 NTRACKS 6 TOTAL NTRACKS 1.42437e+06
 %%% EVENT 171000 NTRACKS 12 TOTAL NTRACKS 1.43316e+06
 %%% EVENT 172000 NTRACKS 2 TOTAL NTRACKS 1.44095e+06
 %%% EVENT 173000 NTRACKS 1 TOTAL NTRACKS 1.44918e+06
 %%% EVENT 174000 NTRACKS 12 TOTAL NTRACKS 1.4576e+06
 %%% EVENT 175000 NTRACKS 4 TOTAL NTRACKS 1.46632e+06
 %%% EVENT 176000 NTRACKS 9 TOTAL NTRACKS 1.47384e+06
 %%% EVENT 177000 NTRACKS 9 TOTAL NTRACKS 1.48271e+06
 %%% EVENT 178000 NTRACKS 4 TOTAL NTRACKS 1.49038e+06
 %%% EVENT 179000 NTRACKS 12 TOTAL NTRACKS 1.49811e+06
 %%% EVENT 180000 NTRACKS 3 TOTAL NTRACKS 1.5065e+06
 %%% EVENT 181000 NTRACKS 17 TOTAL NTRACKS 1.51508e+06
 %%% EVENT 182000 NTRACKS 7 TOTAL NTRACKS 1.5249e+06
 %%% EVENT 183000 NTRACKS 1 TOTAL NTRACKS 1.53284e+06
 %%% EVENT 184000 NTRACKS 11 TOTAL NTRACKS 1.54181e+06
 %%% EVENT 185000 NTRACKS 1 TOTAL NTRACKS 1.5503e+06
 %%% EVENT 186000 NTRACKS 7 TOTAL NTRACKS 1.558e+06
 %%% EVENT 187000 NTRACKS 8 TOTAL NTRACKS 1.56614e+06
 %%% EVENT 188000 NTRACKS 3 TOTAL NTRACKS 1.57503e+06
 %%% EVENT 189000 NTRACKS 9 TOTAL NTRACKS 1.58326e+06
 %%% EVENT 190000 NTRACKS 1 TOTAL NTRACKS 1.59101e+06
 %%% EVENT 191000 NTRACKS 1 TOTAL NTRACKS 1.59875e+06
 %%% EVENT 192000 NTRACKS 2 TOTAL NTRACKS 1.60704e+06
 %%% EVENT 193000 NTRACKS 11 TOTAL NTRACKS 1.61542e+06
 %%% EVENT 194000 NTRACKS 12 TOTAL NTRACKS 1.62394e+06
 %%% EVENT 195000 NTRACKS 15 TOTAL NTRACKS 1.63184e+06
 %%% EVENT 196000 NTRACKS 17 TOTAL NTRACKS 1.63985e+06
 %%% EVENT 197000 NTRACKS 14 TOTAL NTRACKS 1.64801e+06
 %%% EVENT 198000 NTRACKS 7 TOTAL NTRACKS 1.6555e+06
 %%% EVENT 199000 NTRACKS 11 TOTAL NTRACKS 1.66381e+06
 %%% EVENT 200000 NTRACKS 3 TOTAL NTRACKS 1.67189e+06
 %%% EVENT 201000 NTRACKS 9 TOTAL NTRACKS 1.68035e+06
 %%% EVENT 202000 NTRACKS 13 TOTAL NTRACKS 1.68887e+06
 %%% EVENT 203000 NTRACKS 1 TOTAL NTRACKS 1.69645e+06
 %%% EVENT 204000 NTRACKS 2 TOTAL NTRACKS 1.70464e+06
 %%% EVENT 205000 NTRACKS 4 TOTAL NTRACKS 1.7133e+06
 %%% EVENT 206000 NTRACKS 10 TOTAL NTRACKS 1.72203e+06
 %%% EVENT 207000 NTRACKS 3 TOTAL NTRACKS 1.73024e+06
 %%% EVENT 208000 NTRACKS 1 TOTAL NTRACKS 1.73836e+06
 %%% EVENT 209000 NTRACKS 1 TOTAL NTRACKS 1.74727e+06
 %%% EVENT 210000 NTRACKS 1 TOTAL NTRACKS 1.7559e+06
 %%% EVENT 211000 NTRACKS 9 TOTAL NTRACKS 1.76388e+06
 %%% EVENT 212000 NTRACKS 10 TOTAL NTRACKS 1.77256e+06
 %%% EVENT 213000 NTRACKS 5 TOTAL NTRACKS 1.78095e+06
 %%% EVENT 214000 NTRACKS 5 TOTAL NTRACKS 1.78887e+06
 %%% EVENT 215000 NTRACKS 6 TOTAL NTRACKS 1.7971e+06
 %%% EVENT 216000 NTRACKS 12 TOTAL NTRACKS 1.80545e+06
 %%% EVENT 217000 NTRACKS 1 TOTAL NTRACKS 1.81451e+06
 %%% EVENT 218000 NTRACKS 18 TOTAL NTRACKS 1.82276e+06
 %%% EVENT 219000 NTRACKS 3 TOTAL NTRACKS 1.83128e+06
 %%% EVENT 220000 NTRACKS 9 TOTAL NTRACKS 1.84009e+06
 %%% EVENT 221000 NTRACKS 10 TOTAL NTRACKS 1.84817e+06
 %%% EVENT 222000 NTRACKS 14 TOTAL NTRACKS 1.85612e+06
 %%% EVENT 223000 NTRACKS 3 TOTAL NTRACKS 1.86429e+06
 %%% EVENT 224000 NTRACKS 6 TOTAL NTRACKS 1.87268e+06
 %%% EVENT 225000 NTRACKS 5 TOTAL NTRACKS 1.88083e+06
 %%% EVENT 226000 NTRACKS 4 TOTAL NTRACKS 1.88968e+06
 %%% EVENT 227000 NTRACKS 15 TOTAL NTRACKS 1.89845e+06
 %%% EVENT 228000 NTRACKS 9 TOTAL NTRACKS 1.90706e+06
 %%% EVENT 229000 NTRACKS 1 TOTAL NTRACKS 1.91597e+06
 %%% EVENT 230000 NTRACKS 13 TOTAL NTRACKS 1.92467e+06
 %%% EVENT 231000 NTRACKS 9 TOTAL NTRACKS 1.93343e+06
 %%% EVENT 232000 NTRACKS 3 TOTAL NTRACKS 1.94196e+06
 %%% EVENT 233000 NTRACKS 7 TOTAL NTRACKS 1.9506e+06
 %%% EVENT 234000 NTRACKS 9 TOTAL NTRACKS 1.9591e+06
 %%% EVENT 235000 NTRACKS 12 TOTAL NTRACKS 1.96758e+06
 %%% EVENT 236000 NTRACKS 7 TOTAL NTRACKS 1.97638e+06
 %%% EVENT 237000 NTRACKS 1 TOTAL NTRACKS 1.98466e+06
 %%% EVENT 238000 NTRACKS 3 TOTAL NTRACKS 1.99261e+06
 %%% EVENT 239000 NTRACKS 22 TOTAL NTRACKS 2.00039e+06
 %%% EVENT 240000 NTRACKS 10 TOTAL NTRACKS 2.00876e+06
 %%% EVENT 241000 NTRACKS 1 TOTAL NTRACKS 2.01682e+06
 %%% EVENT 242000 NTRACKS 9 TOTAL NTRACKS 2.02508e+06
 %%% EVENT 243000 NTRACKS 18 TOTAL NTRACKS 2.0333e+06
 %%% EVENT 244000 NTRACKS 18 TOTAL NTRACKS 2.04161e+06
 %%% EVENT 245000 NTRACKS 12 TOTAL NTRACKS 2.05033e+06
 %%% EVENT 246000 NTRACKS 14 TOTAL NTRACKS 2.05838e+06
 %%% EVENT 247000 NTRACKS 3 TOTAL NTRACKS 2.0668e+06
 %%% EVENT 248000 NTRACKS 8 TOTAL NTRACKS 2.07429e+06
 %%% EVENT 249000 NTRACKS 1 TOTAL NTRACKS 2.0826e+06
 %%% EVENT 250000 NTRACKS 16 TOTAL NTRACKS 2.09164e+06
 %%% EVENT 251000 NTRACKS 10 TOTAL NTRACKS 2.09975e+06
 %%% EVENT 252000 NTRACKS 9 TOTAL NTRACKS 2.10787e+06
 %%% EVENT 253000 NTRACKS 2 TOTAL NTRACKS 2.11577e+06
 %%% EVENT 254000 NTRACKS 25 TOTAL NTRACKS 2.12358e+06
 %%% EVENT 255000 NTRACKS 1 TOTAL NTRACKS 2.13177e+06
 %%% EVENT 256000 NTRACKS 8 TOTAL NTRACKS 2.13991e+06
 %%% EVENT 257000 NTRACKS 1 TOTAL NTRACKS 2.14812e+06
 %%% EVENT 258000 NTRACKS 8 TOTAL NTRACKS 2.15641e+06
 %%% EVENT 259000 NTRACKS 14 TOTAL NTRACKS 2.16432e+06
 %%% EVENT 260000 NTRACKS 12 TOTAL NTRACKS 2.1722e+06
 %%% EVENT 261000 NTRACKS 12 TOTAL NTRACKS 2.18107e+06
 %%% EVENT 262000 NTRACKS 1 TOTAL NTRACKS 2.18926e+06
 %%% EVENT 263000 NTRACKS 28 TOTAL NTRACKS 2.19691e+06
 %%% EVENT 264000 NTRACKS 9 TOTAL NTRACKS 2.20489e+06
 %%% EVENT 265000 NTRACKS 7 TOTAL NTRACKS 2.2133e+06
 %%% EVENT 266000 NTRACKS 10 TOTAL NTRACKS 2.22236e+06
 %%% EVENT 267000 NTRACKS 10 TOTAL NTRACKS 2.23148e+06
 %%% EVENT 268000 NTRACKS 1 TOTAL NTRACKS 2.24007e+06
 %%% EVENT 269000 NTRACKS 8 TOTAL NTRACKS 2.24885e+06
 %%% EVENT 270000 NTRACKS 9 TOTAL NTRACKS 2.25668e+06
 %%% EVENT 271000 NTRACKS 1 TOTAL NTRACKS 2.2644e+06
 %%% EVENT 272000 NTRACKS 6 TOTAL NTRACKS 2.27287e+06
 %%% EVENT 273000 NTRACKS 1 TOTAL NTRACKS 2.2797e+06
 %%% EVENT 274000 NTRACKS 8 TOTAL NTRACKS 2.28777e+06
 %%% EVENT 275000 NTRACKS 1 TOTAL NTRACKS 2.29675e+06
 %%% EVENT 276000 NTRACKS 9 TOTAL NTRACKS 2.30565e+06
 %%% EVENT 277000 NTRACKS 1 TOTAL NTRACKS 2.31369e+06
 %%% EVENT 278000 NTRACKS 5 TOTAL NTRACKS 2.32195e+06
 %%% EVENT 279000 NTRACKS 17 TOTAL NTRACKS 2.33013e+06
 %%% EVENT 280000 NTRACKS 8 TOTAL NTRACKS 2.3387e+06
 %%% EVENT 281000 NTRACKS 14 TOTAL NTRACKS 2.34694e+06
 %%% EVENT 282000 NTRACKS 3 TOTAL NTRACKS 2.35549e+06
 %%% EVENT 283000 NTRACKS 6 TOTAL NTRACKS 2.3643e+06
 %%% EVENT 284000 NTRACKS 8 TOTAL NTRACKS 2.37197e+06
 %%% EVENT 285000 NTRACKS 12 TOTAL NTRACKS 2.38019e+06
 %%% EVENT 286000 NTRACKS 3 TOTAL NTRACKS 2.38847e+06
 %%% EVENT 287000 NTRACKS 2 TOTAL NTRACKS 2.39693e+06
 %%% EVENT 288000 NTRACKS 1 TOTAL NTRACKS 2.40449e+06
 %%% EVENT 289000 NTRACKS 4 TOTAL NTRACKS 2.41288e+06
 %%% EVENT 290000 NTRACKS 1 TOTAL NTRACKS 2.4209e+06
 %%% EVENT 291000 NTRACKS 18 TOTAL NTRACKS 2.4297e+06
 %%% EVENT 292000 NTRACKS 9 TOTAL NTRACKS 2.43766e+06
 %%% EVENT 293000 NTRACKS 11 TOTAL NTRACKS 2.44579e+06
 %%% EVENT 294000 NTRACKS 1 TOTAL NTRACKS 2.45406e+06
 %%% EVENT 295000 NTRACKS 12 TOTAL NTRACKS 2.46114e+06
 %%% EVENT 296000 NTRACKS 3 TOTAL NTRACKS 2.46998e+06
 %%% EVENT 297000 NTRACKS 1 TOTAL NTRACKS 2.47836e+06
 %%% EVENT 298000 NTRACKS 7 TOTAL NTRACKS 2.4864e+06
 %%% EVENT 299000 NTRACKS 2 TOTAL NTRACKS 2.49576e+06
 %%% EVENT 300000 NTRACKS 10 TOTAL NTRACKS 2.50435e+06
 %%% EVENT 301000 NTRACKS 1 TOTAL NTRACKS 2.51289e+06
 %%% EVENT 302000 NTRACKS 12 TOTAL NTRACKS 2.52102e+06
 %%% EVENT 303000 NTRACKS 12 TOTAL NTRACKS 2.52946e+06
 %%% EVENT 304000 NTRACKS 1 TOTAL NTRACKS 2.53792e+06
 %%% EVENT 305000 NTRACKS 3 TOTAL NTRACKS 2.54601e+06
 %%% EVENT 306000 NTRACKS 11 TOTAL NTRACKS 2.55472e+06
 %%% EVENT 307000 NTRACKS 8 TOTAL NTRACKS 2.56322e+06
 %%% EVENT 308000 NTRACKS 1 TOTAL NTRACKS 2.57196e+06
 %%% EVENT 309000 NTRACKS 26 TOTAL NTRACKS 2.58067e+06
 %%% EVENT 310000 NTRACKS 4 TOTAL NTRACKS 2.589e+06
 %%% EVENT 311000 NTRACKS 5 TOTAL NTRACKS 2.59759e+06
 %%% EVENT 312000 NTRACKS 1 TOTAL NTRACKS 2.6054e+06
 %%% EVENT 313000 NTRACKS 4 TOTAL NTRACKS 2.61372e+06
 %%% EVENT 314000 NTRACKS 5 TOTAL NTRACKS 2.62216e+06
 %%% EVENT 315000 NTRACKS 11 TOTAL NTRACKS 2.63058e+06
 %%% EVENT 316000 NTRACKS 17 TOTAL NTRACKS 2.6392e+06
 %%% EVENT 317000 NTRACKS 2 TOTAL NTRACKS 2.64732e+06
 %%% EVENT 318000 NTRACKS 10 TOTAL NTRACKS 2.65518e+06
 %%% EVENT 319000 NTRACKS 16 TOTAL NTRACKS 2.66394e+06
 %%% EVENT 320000 NTRACKS 18 TOTAL NTRACKS 2.67171e+06
 %%% EVENT 321000 NTRACKS 12 TOTAL NTRACKS 2.67937e+06
 %%% EVENT 322000 NTRACKS 3 TOTAL NTRACKS 2.68773e+06
 %%% EVENT 323000 NTRACKS 1 TOTAL NTRACKS 2.69552e+06
 %%% EVENT 324000 NTRACKS 11 TOTAL NTRACKS 2.70452e+06
 %%% EVENT 325000 NTRACKS 5 TOTAL NTRACKS 2.71278e+06
 %%% EVENT 326000 NTRACKS 1 TOTAL NTRACKS 2.721e+06
 %%% EVENT 327000 NTRACKS 5 TOTAL NTRACKS 2.72979e+06
 %%% EVENT 328000 NTRACKS 10 TOTAL NTRACKS 2.73802e+06
 %%% EVENT 329000 NTRACKS 10 TOTAL NTRACKS 2.74608e+06
 %%% EVENT 330000 NTRACKS 4 TOTAL NTRACKS 2.75474e+06
 %%% EVENT 331000 NTRACKS 7 TOTAL NTRACKS 2.76308e+06
 %%% EVENT 332000 NTRACKS 3 TOTAL NTRACKS 2.77093e+06
 %%% EVENT 333000 NTRACKS 13 TOTAL NTRACKS 2.77888e+06
 %%% EVENT 334000 NTRACKS 13 TOTAL NTRACKS 2.78717e+06
 %%% EVENT 335000 NTRACKS 12 TOTAL NTRACKS 2.79542e+06
 %%% EVENT 336000 NTRACKS 2 TOTAL NTRACKS 2.80326e+06
 %%% EVENT 337000 NTRACKS 1 TOTAL NTRACKS 2.81152e+06
 %%% EVENT 338000 NTRACKS 17 TOTAL NTRACKS 2.81922e+06
 %%% EVENT 339000 NTRACKS 11 TOTAL NTRACKS 2.82813e+06
 %%% EVENT 340000 NTRACKS 14 TOTAL NTRACKS 2.83673e+06
 %%% EVENT 341000 NTRACKS 12 TOTAL NTRACKS 2.84492e+06
 %%% EVENT 342000 NTRACKS 6 TOTAL NTRACKS 2.85299e+06
 %%% EVENT 343000 NTRACKS 16 TOTAL NTRACKS 2.86062e+06
 %%% EVENT 344000 NTRACKS 1 TOTAL NTRACKS 2.86988e+06
 %%% EVENT 345000 NTRACKS 10 TOTAL NTRACKS 2.87844e+06
 %%% EVENT 346000 NTRACKS 10 TOTAL NTRACKS 2.88676e+06
 %%% EVENT 347000 NTRACKS 14 TOTAL NTRACKS 2.89556e+06
 %%% EVENT 348000 NTRACKS 2 TOTAL NTRACKS 2.90364e+06
 %%% EVENT 349000 NTRACKS 1 TOTAL NTRACKS 2.91156e+06
 %%% EVENT 350000 NTRACKS 17 TOTAL NTRACKS 2.92015e+06
 %%% EVENT 351000 NTRACKS 12 TOTAL NTRACKS 2.92859e+06
 %%% EVENT 352000 NTRACKS 9 TOTAL NTRACKS 2.93678e+06
 %%% EVENT 353000 NTRACKS 25 TOTAL NTRACKS 2.94501e+06
 %%% EVENT 354000 NTRACKS 1 TOTAL NTRACKS 2.95391e+06
 %%% EVENT 355000 NTRACKS 2 TOTAL NTRACKS 2.96234e+06
 %%% EVENT 356000 NTRACKS 11 TOTAL NTRACKS 2.97088e+06
 %%% EVENT 357000 NTRACKS 7 TOTAL NTRACKS 2.9795e+06
 %%% EVENT 358000 NTRACKS 5 TOTAL NTRACKS 2.98848e+06
 %%% EVENT 359000 NTRACKS 10 TOTAL NTRACKS 2.9963e+06
 %%% EVENT 360000 NTRACKS 1 TOTAL NTRACKS 3.00363e+06
 %%% EVENT 361000 NTRACKS 1 TOTAL NTRACKS 3.01179e+06
 %%% EVENT 362000 NTRACKS 15 TOTAL NTRACKS 3.02015e+06
 %%% EVENT 363000 NTRACKS 12 TOTAL NTRACKS 3.02855e+06
 %%% EVENT 364000 NTRACKS 9 TOTAL NTRACKS 3.03646e+06
 %%% EVENT 365000 NTRACKS 14 TOTAL NTRACKS 3.04435e+06
 %%% EVENT 366000 NTRACKS 7 TOTAL NTRACKS 3.0534e+06
 %%% EVENT 367000 NTRACKS 3 TOTAL NTRACKS 3.06272e+06
 %%% EVENT 368000 NTRACKS 4 TOTAL NTRACKS 3.07127e+06
 %%% EVENT 369000 NTRACKS 10 TOTAL NTRACKS 3.07923e+06
 %%% EVENT 370000 NTRACKS 13 TOTAL NTRACKS 3.08756e+06
 %%% EVENT 371000 NTRACKS 1 TOTAL NTRACKS 3.09562e+06
 %%% EVENT 372000 NTRACKS 19 TOTAL NTRACKS 3.10446e+06
 %%% EVENT 373000 NTRACKS 1 TOTAL NTRACKS 3.11234e+06
 %%% EVENT 374000 NTRACKS 10 TOTAL NTRACKS 3.12002e+06
 %%% EVENT 375000 NTRACKS 4 TOTAL NTRACKS 3.12858e+06
 %%% EVENT 376000 NTRACKS 7 TOTAL NTRACKS 3.1381e+06
 %%% EVENT 377000 NTRACKS 10 TOTAL NTRACKS 3.14598e+06
 %%% EVENT 378000 NTRACKS 12 TOTAL NTRACKS 3.1536e+06
 %%% EVENT 379000 NTRACKS 9 TOTAL NTRACKS 3.16205e+06
 %%% EVENT 380000 NTRACKS 1 TOTAL NTRACKS 3.16967e+06
 %%% EVENT 381000 NTRACKS 8 TOTAL NTRACKS 3.17781e+06
 %%% EVENT 382000 NTRACKS 14 TOTAL NTRACKS 3.18547e+06
 %%% EVENT 383000 NTRACKS 12 TOTAL NTRACKS 3.19359e+06
 %%% EVENT 384000 NTRACKS 8 TOTAL NTRACKS 3.20168e+06
 %%% EVENT 385000 NTRACKS 8 TOTAL NTRACKS 3.20963e+06
 %%% EVENT 386000 NTRACKS 12 TOTAL NTRACKS 3.21871e+06
 %%% EVENT 387000 NTRACKS 16 TOTAL NTRACKS 3.2274e+06
 %%% EVENT 388000 NTRACKS 1 TOTAL NTRACKS 3.23551e+06
 %%% EVENT 389000 NTRACKS 8 TOTAL NTRACKS 3.24373e+06
 %%% EVENT 390000 NTRACKS 11 TOTAL NTRACKS 3.25189e+06
 %%% EVENT 391000 NTRACKS 8 TOTAL NTRACKS 3.26034e+06
 %%% EVENT 392000 NTRACKS 24 TOTAL NTRACKS 3.2684e+06
 %%% EVENT 393000 NTRACKS 11 TOTAL NTRACKS 3.27755e+06
 %%% EVENT 394000 NTRACKS 2 TOTAL NTRACKS 3.28596e+06
 %%% EVENT 395000 NTRACKS 2 TOTAL NTRACKS 3.29389e+06
 %%% EVENT 396000 NTRACKS 11 TOTAL NTRACKS 3.30244e+06
 %%% EVENT 397000 NTRACKS 2 TOTAL NTRACKS 3.31099e+06
 %%% EVENT 398000 NTRACKS 10 TOTAL NTRACKS 3.31971e+06
 %%% EVENT 399000 NTRACKS 6 TOTAL NTRACKS 3.32796e+06
 %%% EVENT 400000 NTRACKS 11 TOTAL NTRACKS 3.33725e+06
 %%% EVENT 401000 NTRACKS 9 TOTAL NTRACKS 3.3462e+06
 %%% EVENT 402000 NTRACKS 1 TOTAL NTRACKS 3.35497e+06
 %%% EVENT 403000 NTRACKS 18 TOTAL NTRACKS 3.36418e+06
 %%% EVENT 404000 NTRACKS 1 TOTAL NTRACKS 3.37322e+06
 %%% EVENT 405000 NTRACKS 9 TOTAL NTRACKS 3.38205e+06
 %%% EVENT 406000 NTRACKS 16 TOTAL NTRACKS 3.39095e+06
 %%% EVENT 407000 NTRACKS 7 TOTAL NTRACKS 3.40001e+06
 %%% EVENT 408000 NTRACKS 9 TOTAL NTRACKS 3.40807e+06
 %%% EVENT 409000 NTRACKS 12 TOTAL NTRACKS 3.41618e+06
 %%% EVENT 410000 NTRACKS 2 TOTAL NTRACKS 3.42497e+06
 %%% EVENT 411000 NTRACKS 8 TOTAL NTRACKS 3.43411e+06
 %%% EVENT 412000 NTRACKS 1 TOTAL NTRACKS 3.44254e+06
 %%% EVENT 413000 NTRACKS 10 TOTAL NTRACKS 3.45107e+06
 %%% EVENT 414000 NTRACKS 1 TOTAL NTRACKS 3.45994e+06
 %%% EVENT 415000 NTRACKS 5 TOTAL NTRACKS 3.46829e+06
 %%% EVENT 416000 NTRACKS 15 TOTAL NTRACKS 3.47668e+06
 %%% EVENT 417000 NTRACKS 1 TOTAL NTRACKS 3.48478e+06
 %%% EVENT 418000 NTRACKS 8 TOTAL NTRACKS 3.4932e+06
 %%% EVENT 419000 NTRACKS 17 TOTAL NTRACKS 3.50124e+06
 %%% EVENT 420000 NTRACKS 7 TOTAL NTRACKS 3.50976e+06
 %%% EVENT 421000 NTRACKS 10 TOTAL NTRACKS 3.51781e+06
 %%% EVENT 422000 NTRACKS 17 TOTAL NTRACKS 3.52552e+06
 %%% EVENT 423000 NTRACKS 5 TOTAL NTRACKS 3.53393e+06
 %%% EVENT 424000 NTRACKS 2 TOTAL NTRACKS 3.54205e+06
 %%% EVENT 425000 NTRACKS 15 TOTAL NTRACKS 3.55053e+06
 %%% EVENT 426000 NTRACKS 12 TOTAL NTRACKS 3.55849e+06
 %%% EVENT 427000 NTRACKS 11 TOTAL NTRACKS 3.56668e+06
 %%% EVENT 428000 NTRACKS 13 TOTAL NTRACKS 3.57445e+06
 %%% EVENT 429000 NTRACKS 10 TOTAL NTRACKS 3.58281e+06
 %%% EVENT 430000 NTRACKS 10 TOTAL NTRACKS 3.59134e+06
 %%% EVENT 431000 NTRACKS 17 TOTAL NTRACKS 3.59982e+06
 %%% EVENT 432000 NTRACKS 9 TOTAL NTRACKS 3.60882e+06
 %%% EVENT 433000 NTRACKS 4 TOTAL NTRACKS 3.61719e+06
 %%% EVENT 434000 NTRACKS 7 TOTAL NTRACKS 3.62495e+06
 %%% EVENT 435000 NTRACKS 14 TOTAL NTRACKS 3.63381e+06
 %%% EVENT 436000 NTRACKS 10 TOTAL NTRACKS 3.643e+06
 %%% EVENT 437000 NTRACKS 2 TOTAL NTRACKS 3.65108e+06
 %%% EVENT 438000 NTRACKS 2 TOTAL NTRACKS 3.65962e+06
 %%% EVENT 439000 NTRACKS 10 TOTAL NTRACKS 3.66773e+06
 %%% EVENT 440000 NTRACKS 7 TOTAL NTRACKS 3.67593e+06
 %%% EVENT 441000 NTRACKS 10 TOTAL NTRACKS 3.6841e+06
 %%% EVENT 442000 NTRACKS 13 TOTAL NTRACKS 3.69205e+06
 %%% EVENT 443000 NTRACKS 7 TOTAL NTRACKS 3.70087e+06
 %%% EVENT 444000 NTRACKS 18 TOTAL NTRACKS 3.70974e+06
 %%% EVENT 445000 NTRACKS 14 TOTAL NTRACKS 3.71864e+06
 %%% EVENT 446000 NTRACKS 1 TOTAL NTRACKS 3.72669e+06
 %%% EVENT 447000 NTRACKS 12 TOTAL NTRACKS 3.73465e+06
 %%% EVENT 448000 NTRACKS 3 TOTAL NTRACKS 3.74298e+06
 %%% EVENT 449000 NTRACKS 12 TOTAL NTRACKS 3.75159e+06
 %%% EVENT 450000 NTRACKS 17 TOTAL NTRACKS 3.76004e+06
 %%% EVENT 451000 NTRACKS 10 TOTAL NTRACKS 3.76866e+06
 %%% EVENT 452000 NTRACKS 3 TOTAL NTRACKS 3.77722e+06
 %%% EVENT 453000 NTRACKS 11 TOTAL NTRACKS 3.78564e+06
 %%% EVENT 454000 NTRACKS 18 TOTAL NTRACKS 3.79393e+06
 %%% EVENT 455000 NTRACKS 18 TOTAL NTRACKS 3.80164e+06
 %%% EVENT 456000 NTRACKS 12 TOTAL NTRACKS 3.81077e+06
 %%% EVENT 457000 NTRACKS 1 TOTAL NTRACKS 3.81846e+06
 %%% EVENT 458000 NTRACKS 6 TOTAL NTRACKS 3.82702e+06
 %%% EVENT 459000 NTRACKS 1 TOTAL NTRACKS 3.83493e+06
 %%% EVENT 460000 NTRACKS 7 TOTAL NTRACKS 3.84342e+06
 %%% EVENT 461000 NTRACKS 2 TOTAL NTRACKS 3.85093e+06
 %%% EVENT 462000 NTRACKS 8 TOTAL NTRACKS 3.85898e+06
 %%% EVENT 463000 NTRACKS 15 TOTAL NTRACKS 3.8674e+06
 %%% EVENT 464000 NTRACKS 16 TOTAL NTRACKS 3.87616e+06
 %%% EVENT 465000 NTRACKS 1 TOTAL NTRACKS 3.88455e+06
 %%% EVENT 466000 NTRACKS 12 TOTAL NTRACKS 3.89282e+06
 %%% EVENT 467000 NTRACKS 10 TOTAL NTRACKS 3.90051e+06
 %%% EVENT 468000 NTRACKS 1 TOTAL NTRACKS 3.90908e+06
 %%% EVENT 469000 NTRACKS 13 TOTAL NTRACKS 3.9174e+06
 %%% EVENT 470000 NTRACKS 4 TOTAL NTRACKS 3.92574e+06
 %%% EVENT 471000 NTRACKS 4 TOTAL NTRACKS 3.9339e+06
 %%% EVENT 472000 NTRACKS 7 TOTAL NTRACKS 3.94262e+06
 %%% EVENT 473000 NTRACKS 6 TOTAL NTRACKS 3.9513e+06
 %%% EVENT 474000 NTRACKS 11 TOTAL NTRACKS 3.95942e+06
 %%% EVENT 475000 NTRACKS 6 TOTAL NTRACKS 3.96747e+06
 %%% EVENT 476000 NTRACKS 5 TOTAL NTRACKS 3.97581e+06
 %%% EVENT 477000 NTRACKS 13 TOTAL NTRACKS 3.98386e+06
 %%% EVENT 478000 NTRACKS 1 TOTAL NTRACKS 3.99272e+06
 %%% EVENT 479000 NTRACKS 10 TOTAL NTRACKS 4.00059e+06
 %%% EVENT 480000 NTRACKS 1 TOTAL NTRACKS 4.00899e+06
 %%% EVENT 481000 NTRACKS 7 TOTAL NTRACKS 4.0179e+06
 %%% EVENT 482000 NTRACKS 11 TOTAL NTRACKS 4.02699e+06
 %%% EVENT 483000 NTRACKS 1 TOTAL NTRACKS 4.03565e+06
 %%% EVENT 484000 NTRACKS 7 TOTAL NTRACKS 4.04392e+06
 %%% EVENT 485000 NTRACKS 5 TOTAL NTRACKS 4.05236e+06
 %%% EVENT 486000 NTRACKS 5 TOTAL NTRACKS 4.06077e+06
 %%% EVENT 487000 NTRACKS 7 TOTAL NTRACKS 4.06929e+06
 %%% EVENT 488000 NTRACKS 1 TOTAL NTRACKS 4.0775e+06
 %%% EVENT 489000 NTRACKS 1 TOTAL NTRACKS 4.08568e+06
 %%% EVENT 490000 NTRACKS 9 TOTAL NTRACKS 4.0942e+06
 %%% EVENT 491000 NTRACKS 8 TOTAL NTRACKS 4.10272e+06
 %%% EVENT 492000 NTRACKS 18 TOTAL NTRACKS 4.11139e+06
 %%% EVENT 493000 NTRACKS 12 TOTAL NTRACKS 4.12024e+06
 %%% EVENT 494000 NTRACKS 11 TOTAL NTRACKS 4.12812e+06
 %%% EVENT 495000 NTRACKS 17 TOTAL NTRACKS 4.13616e+06
 %%% EVENT 496000 NTRACKS 15 TOTAL NTRACKS 4.14425e+06
 %%% EVENT 497000 NTRACKS 15 TOTAL NTRACKS 4.15218e+06
 %%% EVENT 498000 NTRACKS 3 TOTAL NTRACKS 4.16095e+06
 %%% EVENT 499000 NTRACKS 11 TOTAL NTRACKS 4.16884e+06
 %%% EVENT 500000 NTRACKS 6 TOTAL NTRACKS 4.17772e+06
 %%% EVENT 501000 NTRACKS 1 TOTAL NTRACKS 4.18607e+06
 %%% EVENT 502000 NTRACKS 10 TOTAL NTRACKS 4.19512e+06
 %%% EVENT 503000 NTRACKS 15 TOTAL NTRACKS 4.20308e+06
 %%% EVENT 504000 NTRACKS 16 TOTAL NTRACKS 4.21124e+06
 %%% EVENT 505000 NTRACKS 2 TOTAL NTRACKS 4.22004e+06
 %%% EVENT 506000 NTRACKS 10 TOTAL NTRACKS 4.22904e+06
 %%% EVENT 507000 NTRACKS 8 TOTAL NTRACKS 4.23737e+06
 %%% EVENT 508000 NTRACKS 7 TOTAL NTRACKS 4.24675e+06
 %%% EVENT 509000 NTRACKS 12 TOTAL NTRACKS 4.255e+06
 %%% EVENT 510000 NTRACKS 2 TOTAL NTRACKS 4.26352e+06
 %%% EVENT 511000 NTRACKS 11 TOTAL NTRACKS 4.27189e+06
 %%% EVENT 512000 NTRACKS 14 TOTAL NTRACKS 4.28059e+06
 %%% EVENT 513000 NTRACKS 7 TOTAL NTRACKS 4.28878e+06
 %%% EVENT 514000 NTRACKS 1 TOTAL NTRACKS 4.29651e+06
 %%% EVENT 515000 NTRACKS 5 TOTAL NTRACKS 4.30484e+06
 %%% EVENT 516000 NTRACKS 1 TOTAL NTRACKS 4.31322e+06
 %%% EVENT 517000 NTRACKS 9 TOTAL NTRACKS 4.32132e+06
 %%% EVENT 518000 NTRACKS 14 TOTAL NTRACKS 4.32963e+06
 %%% EVENT 519000 NTRACKS 7 TOTAL NTRACKS 4.33804e+06
 %%% EVENT 520000 NTRACKS 13 TOTAL NTRACKS 4.34694e+06
 %%% EVENT 521000 NTRACKS 1 TOTAL NTRACKS 4.35524e+06
 %%% EVENT 522000 NTRACKS 15 TOTAL NTRACKS 4.36416e+06
 %%% EVENT 523000 NTRACKS 9 TOTAL NTRACKS 4.3725e+06
 %%% EVENT 524000 NTRACKS 9 TOTAL NTRACKS 4.38081e+06
 %%% EVENT 525000 NTRACKS 1 TOTAL NTRACKS 4.38931e+06
 %%% EVENT 526000 NTRACKS 2 TOTAL NTRACKS 4.39727e+06
 %%% EVENT 527000 NTRACKS 10 TOTAL NTRACKS 4.40469e+06
 %%% EVENT 528000 NTRACKS 14 TOTAL NTRACKS 4.41219e+06
 %%% EVENT 529000 NTRACKS 7 TOTAL NTRACKS 4.42082e+06
 %%% EVENT 530000 NTRACKS 11 TOTAL NTRACKS 4.429e+06
 %%% EVENT 531000 NTRACKS 2 TOTAL NTRACKS 4.43724e+06
 %%% EVENT 532000 NTRACKS 1 TOTAL NTRACKS 4.44557e+06
 %%% EVENT 533000 NTRACKS 2 TOTAL NTRACKS 4.45396e+06
 %%% EVENT 534000 NTRACKS 5 TOTAL NTRACKS 4.46188e+06
 %%% EVENT 535000 NTRACKS 8 TOTAL NTRACKS 4.46958e+06
 %%% EVENT 536000 NTRACKS 8 TOTAL NTRACKS 4.47763e+06
 %%% EVENT 537000 NTRACKS 27 TOTAL NTRACKS 4.4862e+06
 %%% EVENT 538000 NTRACKS 1 TOTAL NTRACKS 4.49444e+06
 %%% EVENT 539000 NTRACKS 9 TOTAL NTRACKS 4.50283e+06
 %%% EVENT 540000 NTRACKS 2 TOTAL NTRACKS 4.5121e+06
 %%% EVENT 541000 NTRACKS 11 TOTAL NTRACKS 4.51969e+06
 %%% EVENT 542000 NTRACKS 1 TOTAL NTRACKS 4.52746e+06
 %%% EVENT 543000 NTRACKS 8 TOTAL NTRACKS 4.53664e+06
 %%% EVENT 544000 NTRACKS 15 TOTAL NTRACKS 4.54488e+06
 %%% EVENT 545000 NTRACKS 10 TOTAL NTRACKS 4.55326e+06
 %%% EVENT 546000 NTRACKS 11 TOTAL NTRACKS 4.56095e+06
 %%% EVENT 547000 NTRACKS 5 TOTAL NTRACKS 4.56976e+06
 %%% EVENT 548000 NTRACKS 18 TOTAL NTRACKS 4.57818e+06
 %%% EVENT 549000 NTRACKS 20 TOTAL NTRACKS 4.58634e+06
 %%% EVENT 550000 NTRACKS 1 TOTAL NTRACKS 4.59457e+06
 %%% EVENT 551000 NTRACKS 20 TOTAL NTRACKS 4.60344e+06
 %%% EVENT 552000 NTRACKS 13 TOTAL NTRACKS 4.61229e+06
 %%% EVENT 553000 NTRACKS 12 TOTAL NTRACKS 4.62081e+06
 %%% EVENT 554000 NTRACKS 1 TOTAL NTRACKS 4.62872e+06
 %%% EVENT 555000 NTRACKS 1 TOTAL NTRACKS 4.63697e+06
 %%% EVENT 556000 NTRACKS 5 TOTAL NTRACKS 4.64503e+06
 %%% EVENT 557000 NTRACKS 14 TOTAL NTRACKS 4.6535e+06
 %%% EVENT 558000 NTRACKS 1 TOTAL NTRACKS 4.66212e+06
 %%% EVENT 559000 NTRACKS 10 TOTAL NTRACKS 4.67005e+06
 %%% EVENT 560000 NTRACKS 11 TOTAL NTRACKS 4.6784e+06
 %%% EVENT 561000 NTRACKS 5 TOTAL NTRACKS 4.6863e+06
 %%% EVENT 562000 NTRACKS 9 TOTAL NTRACKS 4.6947e+06
 %%% EVENT 563000 NTRACKS 9 TOTAL NTRACKS 4.70323e+06
 %%% EVENT 564000 NTRACKS 1 TOTAL NTRACKS 4.71124e+06
 %%% EVENT 565000 NTRACKS 11 TOTAL NTRACKS 4.71876e+06
 %%% EVENT 566000 NTRACKS 1 TOTAL NTRACKS 4.72677e+06
 %%% EVENT 567000 NTRACKS 9 TOTAL NTRACKS 4.73542e+06
 %%% EVENT 568000 NTRACKS 5 TOTAL NTRACKS 4.7443e+06
 %%% EVENT 569000 NTRACKS 14 TOTAL NTRACKS 4.7522e+06
 %%% EVENT 570000 NTRACKS 19 TOTAL NTRACKS 4.76105e+06
 %%% EVENT 571000 NTRACKS 22 TOTAL NTRACKS 4.76991e+06
 %%% EVENT 572000 NTRACKS 15 TOTAL NTRACKS 4.77865e+06
 %%% EVENT 573000 NTRACKS 8 TOTAL NTRACKS 4.78675e+06
 %%% EVENT 574000 NTRACKS 10 TOTAL NTRACKS 4.79452e+06
 %%% EVENT 575000 NTRACKS 1 TOTAL NTRACKS 4.80264e+06
 %%% EVENT 576000 NTRACKS 7 TOTAL NTRACKS 4.81118e+06
 %%% EVENT 577000 NTRACKS 13 TOTAL NTRACKS 4.81982e+06
 %%% EVENT 578000 NTRACKS 5 TOTAL NTRACKS 4.82824e+06
 %%% EVENT 579000 NTRACKS 10 TOTAL NTRACKS 4.83676e+06
 %%% EVENT 580000 NTRACKS 1 TOTAL NTRACKS 4.84451e+06
 %%% EVENT 581000 NTRACKS 14 TOTAL NTRACKS 4.85307e+06
 %%% EVENT 582000 NTRACKS 6 TOTAL NTRACKS 4.86067e+06
 %%% EVENT 583000 NTRACKS 15 TOTAL NTRACKS 4.86837e+06
 %%% EVENT 584000 NTRACKS 5 TOTAL NTRACKS 4.87646e+06
 %%% EVENT 585000 NTRACKS 4 TOTAL NTRACKS 4.88426e+06
 %%% EVENT 586000 NTRACKS 10 TOTAL NTRACKS 4.8924e+06
 %%% EVENT 587000 NTRACKS 2 TOTAL NTRACKS 4.90076e+06
 %%% EVENT 588000 NTRACKS 10 TOTAL NTRACKS 4.90952e+06
 %%% EVENT 589000 NTRACKS 10 TOTAL NTRACKS 4.91851e+06
 %%% EVENT 590000 NTRACKS 9 TOTAL NTRACKS 4.92711e+06
 %%% EVENT 591000 NTRACKS 5 TOTAL NTRACKS 4.93529e+06
 %%% EVENT 592000 NTRACKS 13 TOTAL NTRACKS 4.94404e+06
 %%% EVENT 593000 NTRACKS 1 TOTAL NTRACKS 4.95149e+06
 %%% EVENT 594000 NTRACKS 14 TOTAL NTRACKS 4.95981e+06
 %%% EVENT 595000 NTRACKS 2 TOTAL NTRACKS 4.96824e+06
 %%% EVENT 596000 NTRACKS 15 TOTAL NTRACKS 4.97648e+06
 %%% EVENT 597000 NTRACKS 7 TOTAL NTRACKS 4.9848e+06
 %%% EVENT 598000 NTRACKS 9 TOTAL NTRACKS 4.99284e+06
 %%% EVENT 599000 NTRACKS 15 TOTAL NTRACKS 5.0013e+06
 %%% EVENT 600000 NTRACKS 1 TOTAL NTRACKS 5.00918e+06
 %%% EVENT 601000 NTRACKS 2 TOTAL NTRACKS 5.01772e+06
 %%% EVENT 602000 NTRACKS 13 TOTAL NTRACKS 5.02577e+06
 %%% EVENT 603000 NTRACKS 11 TOTAL NTRACKS 5.03397e+06
 %%% EVENT 604000 NTRACKS 9 TOTAL NTRACKS 5.04216e+06
 %%% EVENT 605000 NTRACKS 12 TOTAL NTRACKS 5.0506e+06
 %%% EVENT 606000 NTRACKS 21 TOTAL NTRACKS 5.05886e+06
 %%% EVENT 607000 NTRACKS 10 TOTAL NTRACKS 5.06706e+06
 %%% EVENT 608000 NTRACKS 7 TOTAL NTRACKS 5.07525e+06
 %%% EVENT 609000 NTRACKS 7 TOTAL NTRACKS 5.0836e+06
 %%% EVENT 610000 NTRACKS 8 TOTAL NTRACKS 5.09229e+06
 %%% EVENT 611000 NTRACKS 1 TOTAL NTRACKS 5.09996e+06
 %%% EVENT 612000 NTRACKS 1 TOTAL NTRACKS 5.10935e+06
 %%% EVENT 613000 NTRACKS 14 TOTAL NTRACKS 5.11819e+06
 %%% EVENT 614000 NTRACKS 1 TOTAL NTRACKS 5.12647e+06
 %%% EVENT 615000 NTRACKS 15 TOTAL NTRACKS 5.13491e+06
 %%% EVENT 616000 NTRACKS 4 TOTAL NTRACKS 5.14318e+06
 %%% EVENT 617000 NTRACKS 8 TOTAL NTRACKS 5.15099e+06
 %%% EVENT 618000 NTRACKS 2 TOTAL NTRACKS 5.1591e+06
 %%% EVENT 619000 NTRACKS 15 TOTAL NTRACKS 5.16763e+06
 %%% EVENT 620000 NTRACKS 2 TOTAL NTRACKS 5.1759e+06
 %%% EVENT 621000 NTRACKS 1 TOTAL NTRACKS 5.18426e+06
 %%% EVENT 622000 NTRACKS 1 TOTAL NTRACKS 5.19248e+06
 %%% EVENT 623000 NTRACKS 6 TOTAL NTRACKS 5.20093e+06
 %%% EVENT 624000 NTRACKS 8 TOTAL NTRACKS 5.20893e+06
 %%% EVENT 625000 NTRACKS 4 TOTAL NTRACKS 5.2176e+06
 %%% EVENT 626000 NTRACKS 6 TOTAL NTRACKS 5.22609e+06
 %%% EVENT 627000 NTRACKS 9 TOTAL NTRACKS 5.2344e+06
 %%% EVENT 628000 NTRACKS 1 TOTAL NTRACKS 5.24227e+06
 %%% EVENT 629000 NTRACKS 19 TOTAL NTRACKS 5.25061e+06
 %%% EVENT 630000 NTRACKS 11 TOTAL NTRACKS 5.25798e+06
 %%% EVENT 631000 NTRACKS 15 TOTAL NTRACKS 5.26635e+06
 %%% EVENT 632000 NTRACKS 6 TOTAL NTRACKS 5.27478e+06
 %%% EVENT 633000 NTRACKS 1 TOTAL NTRACKS 5.28288e+06
 %%% EVENT 634000 NTRACKS 1 TOTAL NTRACKS 5.29073e+06
 %%% EVENT 635000 NTRACKS 12 TOTAL NTRACKS 5.29877e+06
 %%% EVENT 636000 NTRACKS 1 TOTAL NTRACKS 5.30717e+06
 %%% EVENT 637000 NTRACKS 8 TOTAL NTRACKS 5.3153e+06
 %%% EVENT 638000 NTRACKS 7 TOTAL NTRACKS 5.32426e+06
 %%% EVENT 639000 NTRACKS 7 TOTAL NTRACKS 5.33251e+06
 %%% EVENT 640000 NTRACKS 16 TOTAL NTRACKS 5.34084e+06
 %%% EVENT 641000 NTRACKS 9 TOTAL NTRACKS 5.34858e+06
 %%% EVENT 642000 NTRACKS 14 TOTAL NTRACKS 5.35778e+06
 %%% EVENT 643000 NTRACKS 7 TOTAL NTRACKS 5.3655e+06
 %%% EVENT 644000 NTRACKS 14 TOTAL NTRACKS 5.37331e+06
 %%% EVENT 645000 NTRACKS 1 TOTAL NTRACKS 5.38207e+06
 %%% EVENT 646000 NTRACKS 9 TOTAL NTRACKS 5.39027e+06
 %%% EVENT 647000 NTRACKS 4 TOTAL NTRACKS 5.39892e+06
 %%% EVENT 648000 NTRACKS 10 TOTAL NTRACKS 5.40775e+06
 %%% EVENT 649000 NTRACKS 7 TOTAL NTRACKS 5.41568e+06
 %%% EVENT 650000 NTRACKS 2 TOTAL NTRACKS 5.42391e+06
 %%% EVENT 651000 NTRACKS 6 TOTAL NTRACKS 5.43161e+06
 %%% EVENT 652000 NTRACKS 4 TOTAL NTRACKS 5.44005e+06
 %%% EVENT 653000 NTRACKS 4 TOTAL NTRACKS 5.44908e+06
 %%% EVENT 654000 NTRACKS 14 TOTAL NTRACKS 5.4574e+06
 %%% EVENT 655000 NTRACKS 1 TOTAL NTRACKS 5.46484e+06
 %%% EVENT 656000 NTRACKS 1 TOTAL NTRACKS 5.47216e+06
 %%% EVENT 657000 NTRACKS 11 TOTAL NTRACKS 5.48066e+06
 %%% EVENT 658000 NTRACKS 2 TOTAL NTRACKS 5.48893e+06
 %%% EVENT 659000 NTRACKS 3 TOTAL NTRACKS 5.49647e+06
 %%% EVENT 660000 NTRACKS 13 TOTAL NTRACKS 5.50466e+06
 %%% EVENT 661000 NTRACKS 13 TOTAL NTRACKS 5.51259e+06
 %%% EVENT 662000 NTRACKS 11 TOTAL NTRACKS 5.52103e+06
 %%% EVENT 663000 NTRACKS 23 TOTAL NTRACKS 5.52811e+06
 %%% EVENT 664000 NTRACKS 8 TOTAL NTRACKS 5.53609e+06
 %%% EVENT 665000 NTRACKS 10 TOTAL NTRACKS 5.54451e+06
 %%% EVENT 666000 NTRACKS 1 TOTAL NTRACKS 5.55362e+06
 %%% EVENT 667000 NTRACKS 4 TOTAL NTRACKS 5.56188e+06
 %%% EVENT 668000 NTRACKS 6 TOTAL NTRACKS 5.57012e+06
 %%% EVENT 669000 NTRACKS 6 TOTAL NTRACKS 5.5779e+06
 %%% EVENT 670000 NTRACKS 1 TOTAL NTRACKS 5.58635e+06
 %%% EVENT 671000 NTRACKS 12 TOTAL NTRACKS 5.5952e+06
 %%% EVENT 672000 NTRACKS 2 TOTAL NTRACKS 5.6032e+06
 %%% EVENT 673000 NTRACKS 10 TOTAL NTRACKS 5.61147e+06
 %%% EVENT 674000 NTRACKS 21 TOTAL NTRACKS 5.61954e+06
 %%% EVENT 675000 NTRACKS 6 TOTAL NTRACKS 5.62796e+06
 %%% EVENT 676000 NTRACKS 14 TOTAL NTRACKS 5.63625e+06
 %%% EVENT 677000 NTRACKS 12 TOTAL NTRACKS 5.64496e+06
 %%% EVENT 678000 NTRACKS 8 TOTAL NTRACKS 5.65414e+06
 %%% EVENT 679000 NTRACKS 8 TOTAL NTRACKS 5.66177e+06
 %%% EVENT 680000 NTRACKS 10 TOTAL NTRACKS 5.67099e+06
 %%% EVENT 681000 NTRACKS 1 TOTAL NTRACKS 5.67935e+06
 %%% EVENT 682000 NTRACKS 10 TOTAL NTRACKS 5.68797e+06
 %%% EVENT 683000 NTRACKS 11 TOTAL NTRACKS 5.69644e+06
 %%% EVENT 684000 NTRACKS 10 TOTAL NTRACKS 5.705e+06
 %%% EVENT 685000 NTRACKS 4 TOTAL NTRACKS 5.71354e+06
 %%% EVENT 686000 NTRACKS 10 TOTAL NTRACKS 5.72177e+06
 %%% EVENT 687000 NTRACKS 3 TOTAL NTRACKS 5.72931e+06
 %%% EVENT 688000 NTRACKS 3 TOTAL NTRACKS 5.73737e+06
 %%% EVENT 689000 NTRACKS 3 TOTAL NTRACKS 5.74555e+06
 %%% EVENT 690000 NTRACKS 1 TOTAL NTRACKS 5.75346e+06
 %%% EVENT 691000 NTRACKS 3 TOTAL NTRACKS 5.76266e+06
 %%% EVENT 692000 NTRACKS 13 TOTAL NTRACKS 5.77121e+06
 %%% EVENT 693000 NTRACKS 1 TOTAL NTRACKS 5.77936e+06
 %%% EVENT 694000 NTRACKS 15 TOTAL NTRACKS 5.78744e+06
 %%% EVENT 695000 NTRACKS 16 TOTAL NTRACKS 5.79536e+06
 %%% EVENT 696000 NTRACKS 14 TOTAL NTRACKS 5.8039e+06
 %%% EVENT 697000 NTRACKS 6 TOTAL NTRACKS 5.81181e+06
 %%% EVENT 698000 NTRACKS 15 TOTAL NTRACKS 5.82021e+06
 %%% EVENT 699000 NTRACKS 10 TOTAL NTRACKS 5.82841e+06
 %%% EVENT 700000 NTRACKS 10 TOTAL NTRACKS 5.83721e+06
 %%% EVENT 701000 NTRACKS 8 TOTAL NTRACKS 5.84561e+06
 %%% EVENT 702000 NTRACKS 12 TOTAL NTRACKS 5.85354e+06
 %%% EVENT 703000 NTRACKS 1 TOTAL NTRACKS 5.86249e+06
 %%% EVENT 704000 NTRACKS 7 TOTAL NTRACKS 5.87088e+06
 %%% EVENT 705000 NTRACKS 6 TOTAL NTRACKS 5.87918e+06
 %%% EVENT 706000 NTRACKS 24 TOTAL NTRACKS 5.88811e+06
 %%% EVENT 707000 NTRACKS 19 TOTAL NTRACKS 5.89668e+06
 %%% EVENT 708000 NTRACKS 1 TOTAL NTRACKS 5.90491e+06
 %%% EVENT 709000 NTRACKS 14 TOTAL NTRACKS 5.91385e+06
 %%% EVENT 710000 NTRACKS 10 TOTAL NTRACKS 5.92277e+06
 %%% EVENT 711000 NTRACKS 14 TOTAL NTRACKS 5.93104e+06
 %%% EVENT 712000 NTRACKS 6 TOTAL NTRACKS 5.93954e+06
 %%% EVENT 713000 NTRACKS 7 TOTAL NTRACKS 5.94852e+06
 %%% EVENT 714000 NTRACKS 9 TOTAL NTRACKS 5.95633e+06
 %%% EVENT 715000 NTRACKS 4 TOTAL NTRACKS 5.96485e+06
 %%% EVENT 716000 NTRACKS 12 TOTAL NTRACKS 5.97295e+06
 %%% EVENT 717000 NTRACKS 9 TOTAL NTRACKS 5.98086e+06
 %%% EVENT 718000 NTRACKS 12 TOTAL NTRACKS 5.99002e+06
 %%% EVENT 719000 NTRACKS 4 TOTAL NTRACKS 5.99761e+06
 %%% EVENT 720000 NTRACKS 16 TOTAL NTRACKS 6.00539e+06
 %%% EVENT 721000 NTRACKS 12 TOTAL NTRACKS 6.01424e+06
 %%% EVENT 722000 NTRACKS 10 TOTAL NTRACKS 6.02331e+06
 %%% EVENT 723000 NTRACKS 15 TOTAL NTRACKS 6.03177e+06
 %%% EVENT 724000 NTRACKS 6 TOTAL NTRACKS 6.04049e+06
 %%% EVENT 725000 NTRACKS 8 TOTAL NTRACKS 6.04875e+06
 %%% EVENT 726000 NTRACKS 13 TOTAL NTRACKS 6.05725e+06
 %%% EVENT 727000 NTRACKS 11 TOTAL NTRACKS 6.06538e+06
 %%% EVENT 728000 NTRACKS 18 TOTAL NTRACKS 6.07453e+06
 %%% EVENT 729000 NTRACKS 6 TOTAL NTRACKS 6.0831e+06
 %%% EVENT 730000 NTRACKS 11 TOTAL NTRACKS 6.09067e+06
 %%% EVENT 731000 NTRACKS 12 TOTAL NTRACKS 6.0995e+06
 %%% EVENT 732000 NTRACKS 1 TOTAL NTRACKS 6.10759e+06
 %%% EVENT 733000 NTRACKS 13 TOTAL NTRACKS 6.11612e+06
 %%% EVENT 734000 NTRACKS 7 TOTAL NTRACKS 6.12462e+06
 %%% EVENT 735000 NTRACKS 2 TOTAL NTRACKS 6.13324e+06
 %%% EVENT 736000 NTRACKS 10 TOTAL NTRACKS 6.14151e+06
 %%% EVENT 737000 NTRACKS 1 TOTAL NTRACKS 6.14968e+06
 %%% EVENT 738000 NTRACKS 7 TOTAL NTRACKS 6.15698e+06
 %%% EVENT 739000 NTRACKS 11 TOTAL NTRACKS 6.16497e+06
 %%% EVENT 740000 NTRACKS 13 TOTAL NTRACKS 6.17402e+06
 %%% EVENT 741000 NTRACKS 1 TOTAL NTRACKS 6.18181e+06
 %%% EVENT 742000 NTRACKS 11 TOTAL NTRACKS 6.19073e+06
 %%% EVENT 743000 NTRACKS 2 TOTAL NTRACKS 6.19926e+06
 %%% EVENT 744000 NTRACKS 1 TOTAL NTRACKS 6.20742e+06
 %%% EVENT 745000 NTRACKS 19 TOTAL NTRACKS 6.21544e+06
 %%% EVENT 746000 NTRACKS 10 TOTAL NTRACKS 6.22333e+06
 %%% EVENT 747000 NTRACKS 19 TOTAL NTRACKS 6.23183e+06
 %%% EVENT 748000 NTRACKS 10 TOTAL NTRACKS 6.23976e+06
 %%% EVENT 749000 NTRACKS 10 TOTAL NTRACKS 6.2477e+06
 %%% EVENT 750000 NTRACKS 4 TOTAL NTRACKS 6.2561e+06
 %%% EVENT 751000 NTRACKS 6 TOTAL NTRACKS 6.26401e+06
 %%% EVENT 752000 NTRACKS 14 TOTAL NTRACKS 6.27327e+06
 %%% EVENT 753000 NTRACKS 14 TOTAL NTRACKS 6.28139e+06
 %%% EVENT 754000 NTRACKS 1 TOTAL NTRACKS 6.28961e+06
 %%% EVENT 755000 NTRACKS 26 TOTAL NTRACKS 6.29803e+06
 %%% EVENT 756000 NTRACKS 1 TOTAL NTRACKS 6.30695e+06
 %%% EVENT 757000 NTRACKS 16 TOTAL NTRACKS 6.31592e+06
 %%% EVENT 758000 NTRACKS 8 TOTAL NTRACKS 6.32411e+06
 %%% EVENT 759000 NTRACKS 2 TOTAL NTRACKS 6.3331e+06
 %%% EVENT 760000 NTRACKS 22 TOTAL NTRACKS 6.34158e+06
 %%% EVENT 761000 NTRACKS 7 TOTAL NTRACKS 6.35039e+06
 %%% EVENT 762000 NTRACKS 10 TOTAL NTRACKS 6.35851e+06
 %%% EVENT 763000 NTRACKS 1 TOTAL NTRACKS 6.36577e+06
 %%% EVENT 764000 NTRACKS 1 TOTAL NTRACKS 6.37449e+06
 %%% EVENT 765000 NTRACKS 1 TOTAL NTRACKS 6.38215e+06
 %%% EVENT 766000 NTRACKS 1 TOTAL NTRACKS 6.39057e+06
 %%% EVENT 767000 NTRACKS 14 TOTAL NTRACKS 6.39837e+06
 %%% EVENT 768000 NTRACKS 1 TOTAL NTRACKS 6.40732e+06
 %%% EVENT 769000 NTRACKS 4 TOTAL NTRACKS 6.41544e+06
 %%% EVENT 770000 NTRACKS 16 TOTAL NTRACKS 6.42361e+06
 %%% EVENT 771000 NTRACKS 6 TOTAL NTRACKS 6.43141e+06
 %%% EVENT 772000 NTRACKS 4 TOTAL NTRACKS 6.4397e+06
 %%% EVENT 773000 NTRACKS 11 TOTAL NTRACKS 6.4479e+06
 %%% EVENT 774000 NTRACKS 15 TOTAL NTRACKS 6.45624e+06
 %%% EVENT 775000 NTRACKS 19 TOTAL NTRACKS 6.46512e+06
 %%% EVENT 776000 NTRACKS 11 TOTAL NTRACKS 6.47325e+06
 %%% EVENT 777000 NTRACKS 14 TOTAL NTRACKS 6.48112e+06
 %%% EVENT 778000 NTRACKS 8 TOTAL NTRACKS 6.48959e+06
 %%% EVENT 779000 NTRACKS 1 TOTAL NTRACKS 6.49725e+06
 %%% EVENT 780000 NTRACKS 8 TOTAL NTRACKS 6.50605e+06
 %%% EVENT 781000 NTRACKS 1 TOTAL NTRACKS 6.51442e+06
 %%% EVENT 782000 NTRACKS 6 TOTAL NTRACKS 6.52318e+06
 %%% EVENT 783000 NTRACKS 12 TOTAL NTRACKS 6.5318e+06
 %%% EVENT 784000 NTRACKS 1 TOTAL NTRACKS 6.5406e+06
 %%% EVENT 785000 NTRACKS 12 TOTAL NTRACKS 6.54946e+06
 %%% EVENT 786000 NTRACKS 1 TOTAL NTRACKS 6.55808e+06
 %%% EVENT 787000 NTRACKS 1 TOTAL NTRACKS 6.56706e+06
 %%% EVENT 788000 NTRACKS 1 TOTAL NTRACKS 6.57528e+06
 %%% EVENT 789000 NTRACKS 1 TOTAL NTRACKS 6.58332e+06
 %%% EVENT 790000 NTRACKS 1 TOTAL NTRACKS 6.59124e+06
 %%% EVENT 791000 NTRACKS 2 TOTAL NTRACKS 6.59958e+06
 %%% EVENT 792000 NTRACKS 11 TOTAL NTRACKS 6.60796e+06
 %%% EVENT 793000 NTRACKS 5 TOTAL NTRACKS 6.61662e+06
 %%% EVENT 794000 NTRACKS 7 TOTAL NTRACKS 6.62391e+06
 %%% EVENT 795000 NTRACKS 7 TOTAL NTRACKS 6.63309e+06
 %%% EVENT 796000 NTRACKS 8 TOTAL NTRACKS 6.64117e+06
 %%% EVENT 797000 NTRACKS 28 TOTAL NTRACKS 6.65042e+06
 %%% EVENT 798000 NTRACKS 1 TOTAL NTRACKS 6.65914e+06
 %%% EVENT 799000 NTRACKS 4 TOTAL NTRACKS 6.66772e+06
 %%% EVENT 800000 NTRACKS 13 TOTAL NTRACKS 6.67651e+06
 %%% EVENT 801000 NTRACKS 16 TOTAL NTRACKS 6.68522e+06
 %%% EVENT 802000 NTRACKS 18 TOTAL NTRACKS 6.69372e+06
 %%% EVENT 803000 NTRACKS 2 TOTAL NTRACKS 6.70192e+06
 %%% EVENT 804000 NTRACKS 10 TOTAL NTRACKS 6.70959e+06
 %%% EVENT 805000 NTRACKS 6 TOTAL NTRACKS 6.71774e+06
 %%% EVENT 806000 NTRACKS 2 TOTAL NTRACKS 6.72702e+06
 %%% EVENT 807000 NTRACKS 10 TOTAL NTRACKS 6.73476e+06
 %%% EVENT 808000 NTRACKS 13 TOTAL NTRACKS 6.7427e+06
 %%% EVENT 809000 NTRACKS 12 TOTAL NTRACKS 6.75054e+06
 %%% EVENT 810000 NTRACKS 7 TOTAL NTRACKS 6.75935e+06
 %%% EVENT 811000 NTRACKS 2 TOTAL NTRACKS 6.76721e+06
 %%% EVENT 812000 NTRACKS 12 TOTAL NTRACKS 6.7761e+06
 %%% EVENT 813000 NTRACKS 1 TOTAL NTRACKS 6.78396e+06
 %%% EVENT 814000 NTRACKS 2 TOTAL NTRACKS 6.79229e+06
 %%% EVENT 815000 NTRACKS 6 TOTAL NTRACKS 6.79941e+06
 %%% EVENT 816000 NTRACKS 12 TOTAL NTRACKS 6.80774e+06
 %%% EVENT 817000 NTRACKS 5 TOTAL NTRACKS 6.81572e+06
 %%% EVENT 818000 NTRACKS 10 TOTAL NTRACKS 6.82379e+06
 %%% EVENT 819000 NTRACKS 9 TOTAL NTRACKS 6.83214e+06
 %%% EVENT 820000 NTRACKS 9 TOTAL NTRACKS 6.84043e+06
 %%% EVENT 821000 NTRACKS 1 TOTAL NTRACKS 6.84916e+06
 %%% EVENT 822000 NTRACKS 3 TOTAL NTRACKS 6.85735e+06
 %%% EVENT 823000 NTRACKS 15 TOTAL NTRACKS 6.86631e+06
 %%% EVENT 824000 NTRACKS 3 TOTAL NTRACKS 6.87536e+06
 %%% EVENT 825000 NTRACKS 11 TOTAL NTRACKS 6.88323e+06
 %%% EVENT 826000 NTRACKS 12 TOTAL NTRACKS 6.89175e+06
 %%% EVENT 827000 NTRACKS 1 TOTAL NTRACKS 6.89988e+06
 %%% EVENT 828000 NTRACKS 1 TOTAL NTRACKS 6.90763e+06
 %%% EVENT 829000 NTRACKS 11 TOTAL NTRACKS 6.91705e+06
 %%% EVENT 830000 NTRACKS 13 TOTAL NTRACKS 6.92539e+06
 %%% EVENT 831000 NTRACKS 2 TOTAL NTRACKS 6.93432e+06
 %%% EVENT 832000 NTRACKS 1 TOTAL NTRACKS 6.94267e+06
 %%% EVENT 833000 NTRACKS 4 TOTAL NTRACKS 6.95057e+06
 %%% EVENT 834000 NTRACKS 15 TOTAL NTRACKS 6.9595e+06
 %%% EVENT 835000 NTRACKS 1 TOTAL NTRACKS 6.96815e+06
 %%% EVENT 836000 NTRACKS 10 TOTAL NTRACKS 6.9758e+06
 %%% EVENT 837000 NTRACKS 14 TOTAL NTRACKS 6.98417e+06
 %%% EVENT 838000 NTRACKS 6 TOTAL NTRACKS 6.99264e+06
 %%% EVENT 839000 NTRACKS 9 TOTAL NTRACKS 7.00147e+06
 %%% EVENT 840000 NTRACKS 17 TOTAL NTRACKS 7.0099e+06
 %%% EVENT 841000 NTRACKS 1 TOTAL NTRACKS 7.01818e+06
 %%% EVENT 842000 NTRACKS 1 TOTAL NTRACKS 7.02664e+06
 %%% EVENT 843000 NTRACKS 13 TOTAL NTRACKS 7.03418e+06
 %%% EVENT 844000 NTRACKS 7 TOTAL NTRACKS 7.0428e+06
 %%% EVENT 845000 NTRACKS 2 TOTAL NTRACKS 7.05104e+06
 %%% EVENT 846000 NTRACKS 9 TOTAL NTRACKS 7.05967e+06
 %%% EVENT 847000 NTRACKS 8 TOTAL NTRACKS 7.06767e+06
 %%% EVENT 848000 NTRACKS 3 TOTAL NTRACKS 7.07642e+06
 %%% EVENT 849000 NTRACKS 7 TOTAL NTRACKS 7.08514e+06
 %%% EVENT 850000 NTRACKS 1 TOTAL NTRACKS 7.09362e+06
 %%% EVENT 851000 NTRACKS 18 TOTAL NTRACKS 7.1034e+06
 %%% EVENT 852000 NTRACKS 21 TOTAL NTRACKS 7.11098e+06
 %%% EVENT 853000 NTRACKS 1 TOTAL NTRACKS 7.11844e+06
 %%% EVENT 854000 NTRACKS 9 TOTAL NTRACKS 7.1265e+06
 %%% EVENT 855000 NTRACKS 13 TOTAL NTRACKS 7.13503e+06
 %%% EVENT 856000 NTRACKS 1 TOTAL NTRACKS 7.14344e+06
 %%% EVENT 857000 NTRACKS 2 TOTAL NTRACKS 7.15153e+06
 %%% EVENT 858000 NTRACKS 1 TOTAL NTRACKS 7.15982e+06
 %%% EVENT 859000 NTRACKS 10 TOTAL NTRACKS 7.16755e+06
 %%% EVENT 860000 NTRACKS 2 TOTAL NTRACKS 7.17654e+06
 %%% EVENT 861000 NTRACKS 9 TOTAL NTRACKS 7.18419e+06
 %%% EVENT 862000 NTRACKS 18 TOTAL NTRACKS 7.1922e+06
 %%% EVENT 863000 NTRACKS 12 TOTAL NTRACKS 7.2007e+06
 %%% EVENT 864000 NTRACKS 8 TOTAL NTRACKS 7.20918e+06
 %%% EVENT 865000 NTRACKS 13 TOTAL NTRACKS 7.21679e+06
 %%% EVENT 866000 NTRACKS 13 TOTAL NTRACKS 7.22442e+06
 %%% EVENT 867000 NTRACKS 10 TOTAL NTRACKS 7.23283e+06
 %%% EVENT 868000 NTRACKS 16 TOTAL NTRACKS 7.24174e+06
 %%% EVENT 869000 NTRACKS 2 TOTAL NTRACKS 7.25015e+06
 %%% EVENT 870000 NTRACKS 10 TOTAL NTRACKS 7.25839e+06
 %%% EVENT 871000 NTRACKS 1 TOTAL NTRACKS 7.26702e+06
 %%% EVENT 872000 NTRACKS 10 TOTAL NTRACKS 7.27553e+06
 %%% EVENT 873000 NTRACKS 1 TOTAL NTRACKS 7.28359e+06
 %%% EVENT 874000 NTRACKS 1 TOTAL NTRACKS 7.2911e+06
 %%% EVENT 875000 NTRACKS 17 TOTAL NTRACKS 7.29962e+06
 %%% EVENT 876000 NTRACKS 18 TOTAL NTRACKS 7.30813e+06
 %%% EVENT 877000 NTRACKS 1 TOTAL NTRACKS 7.31642e+06
 %%% EVENT 878000 NTRACKS 1 TOTAL NTRACKS 7.32541e+06
 %%% EVENT 879000 NTRACKS 10 TOTAL NTRACKS 7.33398e+06
 %%% EVENT 880000 NTRACKS 15 TOTAL NTRACKS 7.34089e+06
 %%% EVENT 881000 NTRACKS 1 TOTAL NTRACKS 7.34929e+06
 %%% EVENT 882000 NTRACKS 1 TOTAL NTRACKS 7.35646e+06
 %%% EVENT 883000 NTRACKS 11 TOTAL NTRACKS 7.36451e+06
 %%% EVENT 884000 NTRACKS 2 TOTAL NTRACKS 7.3726e+06
 %%% EVENT 885000 NTRACKS 1 TOTAL NTRACKS 7.38054e+06
 %%% EVENT 886000 NTRACKS 8 TOTAL NTRACKS 7.38902e+06
 %%% EVENT 887000 NTRACKS 2 TOTAL NTRACKS 7.39717e+06
 %%% EVENT 888000 NTRACKS 1 TOTAL NTRACKS 7.40576e+06
 %%% EVENT 889000 NTRACKS 1 TOTAL NTRACKS 7.41405e+06
 %%% EVENT 890000 NTRACKS 17 TOTAL NTRACKS 7.42218e+06
 %%% EVENT 891000 NTRACKS 11 TOTAL NTRACKS 7.42922e+06
 %%% EVENT 892000 NTRACKS 16 TOTAL NTRACKS 7.43697e+06
 %%% EVENT 893000 NTRACKS 12 TOTAL NTRACKS 7.44512e+06
 %%% EVENT 894000 NTRACKS 1 TOTAL NTRACKS 7.45341e+06
 %%% EVENT 895000 NTRACKS 10 TOTAL NTRACKS 7.46112e+06
 %%% EVENT 896000 NTRACKS 1 TOTAL NTRACKS 7.46918e+06
 %%% EVENT 897000 NTRACKS 14 TOTAL NTRACKS 7.47782e+06
 %%% EVENT 898000 NTRACKS 16 TOTAL NTRACKS 7.48602e+06
 %%% EVENT 899000 NTRACKS 19 TOTAL NTRACKS 7.49382e+06
 %%% EVENT 900000 NTRACKS 13 TOTAL NTRACKS 7.50225e+06
 %%% EVENT 901000 NTRACKS 9 TOTAL NTRACKS 7.51012e+06
 %%% EVENT 902000 NTRACKS 15 TOTAL NTRACKS 7.51881e+06
 %%% EVENT 903000 NTRACKS 5 TOTAL NTRACKS 7.5273e+06
 %%% EVENT 904000 NTRACKS 14 TOTAL NTRACKS 7.53519e+06
 %%% EVENT 905000 NTRACKS 1 TOTAL NTRACKS 7.54436e+06
 %%% EVENT 906000 NTRACKS 14 TOTAL NTRACKS 7.55235e+06
 %%% EVENT 907000 NTRACKS 1 TOTAL NTRACKS 7.56085e+06
 %%% EVENT 908000 NTRACKS 2 TOTAL NTRACKS 7.56842e+06
 %%% EVENT 909000 NTRACKS 1 TOTAL NTRACKS 7.57725e+06
 %%% EVENT 910000 NTRACKS 16 TOTAL NTRACKS 7.58571e+06
 %%% EVENT 911000 NTRACKS 10 TOTAL NTRACKS 7.59378e+06
 %%% EVENT 912000 NTRACKS 1 TOTAL NTRACKS 7.60204e+06
 %%% EVENT 913000 NTRACKS 10 TOTAL NTRACKS 7.61057e+06
 %%% EVENT 914000 NTRACKS 12 TOTAL NTRACKS 7.61858e+06
 %%% EVENT 915000 NTRACKS 15 TOTAL NTRACKS 7.62694e+06
 %%% EVENT 916000 NTRACKS 7 TOTAL NTRACKS 7.63563e+06
 %%% EVENT 917000 NTRACKS 3 TOTAL NTRACKS 7.6439e+06
 %%% EVENT 918000 NTRACKS 12 TOTAL NTRACKS 7.65147e+06
 %%% EVENT 919000 NTRACKS 8 TOTAL NTRACKS 7.66048e+06
 %%% EVENT 920000 NTRACKS 12 TOTAL NTRACKS 7.66798e+06
 %%% EVENT 921000 NTRACKS 9 TOTAL NTRACKS 7.67606e+06
 %%% EVENT 922000 NTRACKS 1 TOTAL NTRACKS 7.6843e+06
 %%% EVENT 923000 NTRACKS 10 TOTAL NTRACKS 7.69301e+06
 %%% EVENT 924000 NTRACKS 1 TOTAL NTRACKS 7.70139e+06
 %%% EVENT 925000 NTRACKS 9 TOTAL NTRACKS 7.70979e+06
 %%% EVENT 926000 NTRACKS 22 TOTAL NTRACKS 7.71842e+06
 %%% EVENT 927000 NTRACKS 6 TOTAL NTRACKS 7.72733e+06
 %%% EVENT 928000 NTRACKS 7 TOTAL NTRACKS 7.7358e+06
 %%% EVENT 929000 NTRACKS 17 TOTAL NTRACKS 7.74459e+06
 %%% EVENT 930000 NTRACKS 7 TOTAL NTRACKS 7.75278e+06
 %%% EVENT 931000 NTRACKS 1 TOTAL NTRACKS 7.76058e+06
 %%% EVENT 932000 NTRACKS 12 TOTAL NTRACKS 7.76921e+06
 %%% EVENT 933000 NTRACKS 7 TOTAL NTRACKS 7.77729e+06
 %%% EVENT 934000 NTRACKS 14 TOTAL NTRACKS 7.78513e+06
 %%% EVENT 935000 NTRACKS 7 TOTAL NTRACKS 7.79358e+06
 %%% EVENT 936000 NTRACKS 10 TOTAL NTRACKS 7.80252e+06
 %%% EVENT 937000 NTRACKS 12 TOTAL NTRACKS 7.81089e+06
 %%% EVENT 938000 NTRACKS 23 TOTAL NTRACKS 7.81937e+06
 %%% EVENT 939000 NTRACKS 4 TOTAL NTRACKS 7.82772e+06
 %%% EVENT 940000 NTRACKS 1 TOTAL NTRACKS 7.83623e+06
 %%% EVENT 941000 NTRACKS 5 TOTAL NTRACKS 7.84385e+06
 %%% EVENT 942000 NTRACKS 8 TOTAL NTRACKS 7.8517e+06
 %%% EVENT 943000 NTRACKS 9 TOTAL NTRACKS 7.85972e+06
 %%% EVENT 944000 NTRACKS 9 TOTAL NTRACKS 7.86832e+06
 %%% EVENT 945000 NTRACKS 10 TOTAL NTRACKS 7.87736e+06
 %%% EVENT 946000 NTRACKS 5 TOTAL NTRACKS 7.88574e+06
 %%% EVENT 947000 NTRACKS 7 TOTAL NTRACKS 7.89408e+06
 %%% EVENT 948000 NTRACKS 11 TOTAL NTRACKS 7.90204e+06
 %%% EVENT 949000 NTRACKS 1 TOTAL NTRACKS 7.9105e+06
 %%% EVENT 950000 NTRACKS 7 TOTAL NTRACKS 7.91821e+06
 %%% EVENT 951000 NTRACKS 16 TOTAL NTRACKS 7.92698e+06
 %%% EVENT 952000 NTRACKS 1 TOTAL NTRACKS 7.93513e+06
 %%% EVENT 953000 NTRACKS 4 TOTAL NTRACKS 7.94306e+06
 %%% EVENT 954000 NTRACKS 1 TOTAL NTRACKS 7.95121e+06
 %%% EVENT 955000 NTRACKS 13 TOTAL NTRACKS 7.95956e+06
 %%% EVENT 956000 NTRACKS 9 TOTAL NTRACKS 7.96795e+06
 %%% EVENT 957000 NTRACKS 30 TOTAL NTRACKS 7.97695e+06
 %%% EVENT 958000 NTRACKS 10 TOTAL NTRACKS 7.98524e+06
 %%% EVENT 959000 NTRACKS 8 TOTAL NTRACKS 7.99404e+06
 %%% EVENT 960000 NTRACKS 14 TOTAL NTRACKS 8.0026e+06
 %%% EVENT 961000 NTRACKS 5 TOTAL NTRACKS 8.00998e+06
 %%% EVENT 962000 NTRACKS 1 TOTAL NTRACKS 8.01828e+06
 %%% EVENT 963000 NTRACKS 11 TOTAL NTRACKS 8.02689e+06
 %%% EVENT 964000 NTRACKS 13 TOTAL NTRACKS 8.0349e+06
 %%% EVENT 965000 NTRACKS 2 TOTAL NTRACKS 8.04268e+06
 %%% EVENT 966000 NTRACKS 4 TOTAL NTRACKS 8.05066e+06
 %%% EVENT 967000 NTRACKS 12 TOTAL NTRACKS 8.05985e+06
 %%% EVENT 968000 NTRACKS 22 TOTAL NTRACKS 8.06816e+06
 %%% EVENT 969000 NTRACKS 14 TOTAL NTRACKS 8.07713e+06
 %%% EVENT 970000 NTRACKS 15 TOTAL NTRACKS 8.08556e+06
 %%% EVENT 971000 NTRACKS 8 TOTAL NTRACKS 8.09443e+06
 %%% EVENT 972000 NTRACKS 3 TOTAL NTRACKS 8.10334e+06
 %%% EVENT 973000 NTRACKS 1 TOTAL NTRACKS 8.11161e+06
 %%% EVENT 974000 NTRACKS 8 TOTAL NTRACKS 8.11977e+06
 %%% EVENT 975000 NTRACKS 1 TOTAL NTRACKS 8.12765e+06
 %%% EVENT 976000 NTRACKS 20 TOTAL NTRACKS 8.13605e+06
 %%% EVENT 977000 NTRACKS 1 TOTAL NTRACKS 8.14473e+06
 %%% EVENT 978000 NTRACKS 5 TOTAL NTRACKS 8.15303e+06
 %%% EVENT 979000 NTRACKS 4 TOTAL NTRACKS 8.16202e+06
 %%% EVENT 980000 NTRACKS 4 TOTAL NTRACKS 8.17031e+06
 %%% EVENT 981000 NTRACKS 1 TOTAL NTRACKS 8.17872e+06
 %%% EVENT 982000 NTRACKS 1 TOTAL NTRACKS 8.1866e+06
 %%% EVENT 983000 NTRACKS 4 TOTAL NTRACKS 8.19527e+06
 %%% EVENT 984000 NTRACKS 1 TOTAL NTRACKS 8.20379e+06
 %%% EVENT 985000 NTRACKS 6 TOTAL NTRACKS 8.21252e+06
 %%% EVENT 986000 NTRACKS 5 TOTAL NTRACKS 8.22036e+06
 %%% EVENT 987000 NTRACKS 8 TOTAL NTRACKS 8.2284e+06
 %%% EVENT 988000 NTRACKS 1 TOTAL NTRACKS 8.23703e+06
 %%% EVENT 989000 NTRACKS 10 TOTAL NTRACKS 8.245e+06
 %%% EVENT 990000 NTRACKS 6 TOTAL NTRACKS 8.25359e+06
 %%% EVENT 991000 NTRACKS 11 TOTAL NTRACKS 8.26168e+06
 %%% EVENT 992000 NTRACKS 9 TOTAL NTRACKS 8.27095e+06
 %%% EVENT 993000 NTRACKS 18 TOTAL NTRACKS 8.27913e+06
 %%% EVENT 994000 NTRACKS 16 TOTAL NTRACKS 8.28825e+06
 %%% EVENT 995000 NTRACKS 14 TOTAL NTRACKS 8.29666e+06
 %%% EVENT 996000 NTRACKS 6 TOTAL NTRACKS 8.30544e+06
 %%% EVENT 997000 NTRACKS 1 TOTAL NTRACKS 8.31376e+06
 %%% EVENT 998000 NTRACKS 1 TOTAL NTRACKS 8.32104e+06
 %%% EVENT 999000 NTRACKS 1 TOTAL NTRACKS 8.3295e+06
 Run terminated.
Run Summary
  Number of events processed : 1000000
  User=301.480000s Real=301.637131s Sys=0.150000s
SetUnit RTPSPDoseHistos 1e-12 Name Gy
 CreateHisto1D RTPSPDoseHistos: Dose = 36201
 CreateHisto1D RTPSPDoseHistos: Dose-volume = 36202
 CreateHisto1D RTPSPDoseHistos: Dose Error REL = 36203
 CreateHisto1D RTPSPDoseHistos: log10(Dose Error REL) = 36204
 CreateHisto1D RTPSPDoseHistos: Dose Error = 36205
 CreateHisto1D RTPSPDoseHistos: log10(Dose Error) = 36206
 CreateHisto2D RTPSPDoseHistos: log10(Dose) .vs. log10(Dose Error) = 36207
 CreateHisto2D RTPSPDoseHistos: log10(Dose) .vs. log10(Dose Error REL) = 36208
RTPSPDoseHistos MINIMUM DOSE 7.2451e-29 Gy 
RTPSPDoseHistos MAXIMUM DOSE 5.04535e-16 Gy 
RTPSPDoseHistos AVERAGE ERROR 20% = 0.236676
RTPSPDoseHistos AVERAGE ERROR 50% = 0.456506
RTPSPDoseHistos AVERAGE ERROR 90% = 0.563948
RTPSPDoseHistos TOTAL DOSE = 7.43644e-13 +-(REL) 0.00304065
 CreateHisto1D RTPSPDoseHistos: Dose Profile X_merged = 66301
 CreateHisto1D RTPSPDoseHistos: Dose Profile Y_merged = 66302
 CreateHisto1D RTPSPDoseHistos: Dose Profile Z_merged = 66303
 CreateHisto2D RTPSPDoseHistos: Dose XY_merged = 66304
 CreateHisto2D RTPSPDoseHistos: Dose XZ_merged = 66305
 CreateHisto2D RTPSPDoseHistos: Dose YZ_merged = 66306
SetUnit GmPSPrinterSqdose 1e-12 Name Gy
 HEADER NEvent 145706 Nvoxels 100 100 100
 TYPE 0
Graphics systems deleted.
Visualization Manager deleting...
 GmAnalysisMgr::~GmAnalysisMgr( bNormalizeToNEvents 1 dose_RTPSPDoseHistos.exercise4b.Dose:NormalizeToNEvents
=== saving histograms in file === dose_RTPSPDoseHistos.exercise4b.Dose.root
