/control/execute exercise4b.DoseEWBS.in
/gamos/setParam GmAnalysisMgr:FileNameSuffix .exercise4b.Dose
/gamos/setParam GmReadPhantomGeometry:FileName ../exercise3/world.geom
/gamos/setParam GmSimplePhantomGeometry:MaterialNames G4_WATER G4_LUNG_ICRP G4_BONE_COMPACT_ICRU
/gamos/setParam GmSimplePhantomGeometry:MaterialZVoxels 10 10 80
/gamos/setParam GmSimplePhantomGeometry:MaterialDensities 1. 0.3 1.85
/gamos/setParam GmSimplePhantomGeometry:NVoxels 100 100 100
/gamos/setParam GmSimplePhantomGeometry:PhantomDims -500 500 -500 500 -500 500
/gamos/setParam GmReadPhantomGeometry:InitialDisplacement 0. 0. -1400.
/gamos/setParam GmReadPhantomGeometry:InitialRotAngles 0*deg 0. 0.
/gamos/geometry GmSimplePhantomGeometry
/gamos/physicsList GmEMPhysics
GmEMPhysics PhysicsList:DEFAULT = gamma-standard is registered
GmEMPhysics PhysicsList: DEFAULT = electron-standard is registered
GmEMPhysics PhysicsList: DEFAULT = positron-standard is registered
/gamos/setParam RTGeneratorPhaseSpace:FileName testEWBS
/gamos/setParam RTGeneratorPhaseSpace:InitialDisplacement 0. 0. 0.
/gamos/setParam RTGeneratorPhaseSpace:InitialRotAngles 0. 0. 0.*deg
/gamos/setParam RTGeneratorPhaseSpace:MaxNReuse 10
/gamos/generator RTGeneratorPhaseSpace
/run/initialize
/gamos/scoring/createMFDetector doseDet phantom
/gamos/scoring/addScorer2MFD doseScorer GmG4PSDoseDeposit doseDet
GmEnergySplitter::GmEnergySplitter
 GmVPrimitiveScorer::SetParameters: no parameters 
/gamos/analysis/histo1Min *Dose -18
/gamos/analysis/histo1Max *Dose -9
/gamos/analysis/histo1Min *volume -18
/gamos/analysis/histo1Max *volume -9
/gamos/scoring/addPrinter2Scorer RTPSPDoseHistos doseScorer
phantomContainer GmRegularParamUtils::GetPhantomMotherTranslation (0,0,-1400) global (0,0,-1400)
phantomContainer GmRegularParamUtils::GetPhantomMotherRotation 
   [ (           1             0             0)
     (           0             1             0)
     (           0             0             1) ]
 global 
   [ (           1             0             0)
     (           0             1             0)
     (           0             0             1) ]

 RTPSPDoseHistos nvoxel 100 100 100
 RTPSPDoseHistos half dim 5 5 5
 RTPSPDoseHistos translation (0,0,-1400)
 RTPSPDoseHistos rotation 
   [ (           1             0             0)
     (           0             1             0)
     (           0             0             1) ]

/gamos/setParam GmPSPrinterSqdose_doseScorer:FileName sqdose_899.out
/gamos/scoring/addPrinter2Scorer GmPSPrinterSqdose doseScorer
/gamos/userAction GmCountTracksUA
/gamos/analysis/addFileFormat ROOT
/run/beamOn 100000
G4RunManagerKernel -- G4ScoreSplittingProcess is appended to all particles.
=======================================================================
======                 Electromagnetic Physics Parameters      ========
=======================================================================
LPM effect enabled                                 1
Enable creation and use of sampling tables         0
Apply cuts on all EM processes                     0
Use general process                                0
Enable linear polarisation for gamma               0
Enable sampling of quantum entanglement            0
X-section factor for integral approach             0.8
Min kinetic energy for tables                      100 eV 
Max kinetic energy for tables                      100 TeV
Number of bins per decade of a table               7
Verbose level                                      1
Verbose level for worker thread                    0
Bremsstrahlung energy threshold above which 
  primary e+- is added to the list of secondary    100 TeV
Bremsstrahlung energy threshold above which primary
  muon/hadron is added to the list of secondary    100 TeV
Lowest triplet kinetic energy                      1 MeV
Enable sampling of gamma linear polarisation       0
5D gamma conversion model type                     0
5D gamma conversion model on isolated ion          0
Livermore data directory                           livermore
=======================================================================
======                 Ionisation Parameters                   ========
=======================================================================
Step function for e+-                              (0.2, 1 mm)
Step function for muons/hadrons                    (0.2, 0.1 mm)
Step function for light ions                       (0.2, 0.1 mm)
Step function for general ions                     (0.2, 0.1 mm)
Lowest e+e- kinetic energy                         1 keV
Lowest muon/hadron kinetic energy                  1 keV
Fluctuations of dE/dx are enabled                  1
Use ICRU90 data                                    0
Use built-in Birks satuaration                     0
Build CSDA range enabled                           0
Use cut as a final range enabled                   0
Enable angular generator interface                 0
Max kinetic energy for CSDA tables                 1 GeV
Max kinetic energy for NIEL computation            0 eV 
Linear loss limit                                  0.01
Read data from file for e+e- pair production by mu 0
=======================================================================
======                 Multiple Scattering Parameters          ========
=======================================================================
Type of msc step limit algorithm for e+-           1
Type of msc step limit algorithm for muons/hadrons 0
Msc lateral displacement for e+- enabled           1
Msc lateral displacement for muons and hadrons     0
Urban msc model lateral displacement alg96         1
Range factor for msc step limit for e+-            0.04
Range factor for msc step limit for muons/hadrons  0.2
Geometry factor for msc step limitation of e+-     2.5
Safety factor for msc step limit for e+-           0.6
Skin parameter for msc step limitation of e+-      1
Lambda limit for msc step limit for e+-            1 mm
Use Mott correction for e- scattering              0
Factor used for dynamic computation of angular 
  limit between single and multiple scattering     1
Fixed angular limit between single 
  and multiple scattering                          3.1416 rad
Upper energy limit for e+- multiple scattering     100 MeV
Type of electron single scattering model           0
Type of nuclear form-factor                        1
Screening factor                                   1
=======================================================================

### ===  Deexcitation model UAtomDeexcitation is activated for 1 region:
          DefaultRegionForTheWorld  1  1  0
### ===  Auger flag: 1
### ===  Ignore cuts flag:   0

phot:  for gamma SubType=12 BuildTable=0
      LambdaPrime table from 200 keV to 100 TeV in 61 bins 
      ===== EM models for the G4Region  DefaultRegionForTheWorld ======
       PhotoElectric : Emin=    0 eV  Emax=  100 TeV  SauterGavrila Fluo

compt:  for gamma SubType=13 BuildTable=1
      Lambda table from 100 eV  to 1 MeV, 7 bins/decade, spline: 1
      LambdaPrime table from 1 MeV to 100 TeV in 56 bins 
      ===== EM models for the G4Region  DefaultRegionForTheWorld ======
       Klein-Nishina : Emin=    0 eV  Emax=  100 TeV

conv:  for gamma SubType=14 BuildTable=1
      Lambda table from 1.022 MeV to 100 TeV, 18 bins/decade, spline: 1
      ===== EM models for the G4Region  DefaultRegionForTheWorld ======
     BetheHeitlerLPM : Emin=    0 eV  Emax=  100 TeV  ModifiedTsai

Rayl:  for gamma SubType=11 BuildTable=1
      Lambda table from 100 eV  to 100 keV, 7 bins/decade, spline: 0
      LambdaPrime table from 100 keV to 100 TeV in 63 bins 
      ===== EM models for the G4Region  DefaultRegionForTheWorld ======
   LivermoreRayleigh : Emin=    0 eV  Emax=  100 TeV  CullenGenerator

msc:  for e-  SubType= 10
      ===== EM models for the G4Region  DefaultRegionForTheWorld ======
            UrbanMsc : Emin=    0 eV  Emax=  100 TeV Nbins=84 100 eV  - 100 TeV
          StepLim=UseSafety Rfact=0.04 Gfact=2.5 Sfact=0.6 DispFlag:1 Skin=1 Llim=1 mm

eIoni:  for e-  XStype:1  SubType=2
      dE/dx and range tables from 100 eV  to 100 TeV in 84 bins
      Lambda tables from threshold to 100 TeV, 7 bins/decade, spline: 1
      StepFunction=(0.2, 1 mm), integ: 1, fluct: 1, linLossLim= 0.01
      ===== EM models for the G4Region  DefaultRegionForTheWorld ======
        MollerBhabha : Emin=    0 eV  Emax=  100 TeV

eBrem:  for e-  XStype:4  SubType=3
      dE/dx and range tables from 100 eV  to 100 TeV in 84 bins
      Lambda tables from threshold to 100 TeV, 7 bins/decade, spline: 1
      LPM flag: 1 for E > 1 GeV,  VertexHighEnergyTh(GeV)= 100000
      ===== EM models for the G4Region  DefaultRegionForTheWorld ======
             eBremSB : Emin=    0 eV  Emax=    1 GeV  ModifiedTsai
            eBremLPM : Emin=    1 GeV Emax=  100 TeV  ModifiedTsai

msc:  for e+  SubType= 10
      ===== EM models for the G4Region  DefaultRegionForTheWorld ======
            UrbanMsc : Emin=    0 eV  Emax=  100 TeV Nbins=84 100 eV  - 100 TeV
          StepLim=UseSafety Rfact=0.04 Gfact=2.5 Sfact=0.6 DispFlag:1 Skin=1 Llim=1 mm

eIoni:  for e+  XStype:1  SubType=2
      dE/dx and range tables from 100 eV  to 100 TeV in 84 bins
      Lambda tables from threshold to 100 TeV, 7 bins/decade, spline: 1
      StepFunction=(0.2, 1 mm), integ: 1, fluct: 1, linLossLim= 0.01
      ===== EM models for the G4Region  DefaultRegionForTheWorld ======
        MollerBhabha : Emin=    0 eV  Emax=  100 TeV

========= Table of registered couples ============================

Index : 0     used in the geometry : Yes
 Material : G4_AIR
 Range cuts        :  gamma  100 um     e-  100 um     e+  100 um  proton 100 um 
 Energy thresholds :  gamma  990 eV     e-  990 eV     e+  990 eV  proton -1 MeV
 Region(s) which use this couple : 
    DefaultRegionForTheWorld

Index : 1     used in the geometry : Yes
 Material : G4_WATER1
 Range cuts        :  gamma  100 um     e-  100 um     e+  100 um  proton 100 um 
 Energy thresholds :  gamma  1.11075 keV    e-  85.0445 keV    e+  83.9021 keV proton -1 MeV
 Region(s) which use this couple : 
    DefaultRegionForTheWorld

Index : 2     used in the geometry : Yes
 Material : G4_LUNG_ICRP0.3
 Range cuts        :  gamma  100 um     e-  100 um     e+  100 um  proton 100 um 
 Energy thresholds :  gamma  990 eV     e-  42.3657 keV    e+  41.9337 keV proton -1 MeV
 Region(s) which use this couple : 
    DefaultRegionForTheWorld

Index : 3     used in the geometry : Yes
 Material : G4_BONE_COMPACT_ICRU1.85
 Range cuts        :  gamma  100 um     e-  100 um     e+  100 um  proton 100 um 
 Energy thresholds :  gamma  1.63929 keV    e-  116.527 keV    e+  114.653 keV proton -1 MeV
 Region(s) which use this couple : 
    DefaultRegionForTheWorld

==================================================================

G4VisManager: Using G4TrajectoryDrawByCharge as fallback trajectory model.
See commands in /vis/modeling/trajectories/ for other options.
### Run 0 starts.
 %%% EVENT 0 NTRACKS 20 TOTAL NTRACKS 20
 %%% EVENT 1000 NTRACKS 1 TOTAL NTRACKS 5354
 %%% EVENT 2000 NTRACKS 4 TOTAL NTRACKS 10632
 %%% EVENT 3000 NTRACKS 1 TOTAL NTRACKS 16072
 %%% EVENT 4000 NTRACKS 4 TOTAL NTRACKS 20778
 %%% EVENT 5000 NTRACKS 10 TOTAL NTRACKS 25491
 %%% EVENT 6000 NTRACKS 2 TOTAL NTRACKS 30755
 %%% EVENT 7000 NTRACKS 11 TOTAL NTRACKS 35437
 %%% EVENT 8000 NTRACKS 5 TOTAL NTRACKS 39735
 %%% EVENT 9000 NTRACKS 9 TOTAL NTRACKS 43947
 %%% EVENT 10000 NTRACKS 9 TOTAL NTRACKS 48442
 %%% EVENT 11000 NTRACKS 7 TOTAL NTRACKS 52707
 %%% EVENT 12000 NTRACKS 4 TOTAL NTRACKS 57608
 %%% EVENT 13000 NTRACKS 2 TOTAL NTRACKS 61678
 %%% EVENT 14000 NTRACKS 9 TOTAL NTRACKS 65891
 %%% EVENT 15000 NTRACKS 1 TOTAL NTRACKS 69817
 %%% EVENT 16000 NTRACKS 1 TOTAL NTRACKS 73408
 %%% EVENT 17000 NTRACKS 7 TOTAL NTRACKS 77966
 %%% EVENT 18000 NTRACKS 1 TOTAL NTRACKS 83429
 %%% EVENT 19000 NTRACKS 7 TOTAL NTRACKS 89147
 %%% EVENT 20000 NTRACKS 1 TOTAL NTRACKS 94288
 %%% EVENT 21000 NTRACKS 13 TOTAL NTRACKS 99730
 %%% EVENT 22000 NTRACKS 4 TOTAL NTRACKS 104096
 %%% EVENT 23000 NTRACKS 1 TOTAL NTRACKS 108561
 %%% EVENT 24000 NTRACKS 5 TOTAL NTRACKS 112870
 %%% EVENT 25000 NTRACKS 1 TOTAL NTRACKS 117566
 %%% EVENT 26000 NTRACKS 2 TOTAL NTRACKS 122539
 %%% EVENT 27000 NTRACKS 3 TOTAL NTRACKS 127572
 %%% EVENT 28000 NTRACKS 1 TOTAL NTRACKS 132038
 %%% EVENT 29000 NTRACKS 1 TOTAL NTRACKS 136843
 %%% EVENT 30000 NTRACKS 2 TOTAL NTRACKS 141178
 %%% EVENT 31000 NTRACKS 3 TOTAL NTRACKS 145918
 %%% EVENT 32000 NTRACKS 3 TOTAL NTRACKS 150419
 %%% EVENT 33000 NTRACKS 1 TOTAL NTRACKS 155947
 %%% EVENT 34000 NTRACKS 2 TOTAL NTRACKS 161574
 %%% EVENT 35000 NTRACKS 1 TOTAL NTRACKS 165684
 %%% EVENT 36000 NTRACKS 1 TOTAL NTRACKS 170314
 %%% EVENT 37000 NTRACKS 2 TOTAL NTRACKS 176099
 %%% EVENT 38000 NTRACKS 5 TOTAL NTRACKS 180451
 %%% EVENT 39000 NTRACKS 3 TOTAL NTRACKS 184286
 %%% EVENT 40000 NTRACKS 5 TOTAL NTRACKS 188074
 %%% EVENT 41000 NTRACKS 2 TOTAL NTRACKS 192859
 %%% EVENT 42000 NTRACKS 3 TOTAL NTRACKS 197025

-------- WWWW ------- G4Exception-START -------- WWWW -------
*** G4Exception : Too many events demanded
      issued by : RTGeneratorPhaseSpace::GeneratePrimaries
FAILED reading event  42552
*** This is just a warning message. ***
-------- WWWW -------- G4Exception-END --------- WWWW -------

 Run terminated.
Run Summary
  Run Aborted after 42553 events processed.
  User=1.860000s Real=1.875458s Sys=0.010000s
 GmVPSPrinter::SetUnit RTPSPDoseHistos 1e-12 New 1e-12 Ratio 1
 CreateHisto1D RTPSPDoseHistos: Dose = 36201
 CreateHisto1D RTPSPDoseHistos: Dose-volume = 36202
 CreateHisto1D RTPSPDoseHistos: Dose Error REL = 36203
 CreateHisto1D RTPSPDoseHistos: log10(Dose Error REL) = 36204
 CreateHisto1D RTPSPDoseHistos: Dose Error = 36205
 CreateHisto1D RTPSPDoseHistos: log10(Dose Error) = 36206
 CreateHisto2D RTPSPDoseHistos: log10(Dose) .vs. log10(Dose Error) = 36207
 CreateHisto2D RTPSPDoseHistos: log10(Dose) .vs. log10(Dose Error REL) = 36208
RTPSPDoseHistos MINIMUM DOSE 4.47897e-23 Gy 
RTPSPDoseHistos MAXIMUM DOSE 1.39947e-15 Gy 
RTPSPDoseHistos AVERAGE ERROR 20% = 0.595732
RTPSPDoseHistos AVERAGE ERROR 50% = 0.474114
RTPSPDoseHistos AVERAGE ERROR 90% = 0.161124
RTPSPDoseHistos TOTAL DOSE = 1.38811e-12 +-(REL) 0.00725148
 FillHisto1N_X RTPSPDoseHistos: Dose Profile X_merged nXmin 0 nXmax 99 nYmin 0 nYmax 99 nZmin 0 nZmax 99
 CreateHisto1D RTPSPDoseHistos: Dose Profile X_merged = 66301
 CreateHisto1D RTPSPDoseHistos: Dose Profile Y_merged = 66302
 CreateHisto1D RTPSPDoseHistos: Dose Profile Z_merged = 66303
 CreateHisto2D RTPSPDoseHistos: Dose XY_merged = 66304
 CreateHisto2D RTPSPDoseHistos: Dose XZ_merged = 66305
 CreateHisto2D RTPSPDoseHistos: Dose YZ_merged = 66306
 GmVPSPrinter::SetUnit GmPSPrinterSqdose 1e-12 New 1e-12 Ratio 1
0 events have been kept for refreshing and/or reviewing.
  "/vis/reviewKeptEvents" to review them one by one.
  "/vis/enable", then "/vis/viewer/flush" or "/vis/viewer/rebuild" to see them accumulated.
