/control/execute exercise2b.1M.in
/gamos/setParam GmAnalysisMgr:FileNameSuffix .exercise2b
/gamos/setParam GmGeometryFromText:FileName linac.geom
/gamos/geometry GmGeometryFromText
/gamos/physicsList GmEMPhysics
GmEMPhysics PhysicsList:DEFAULT = gamma-standard is registered
GmEMPhysics PhysicsList: DEFAULT = electron-standard is registered
GmEMPhysics PhysicsList: DEFAULT = positron-standard is registered
/gamos/generator GmGenerator
/gamos/setParam RTPhaseSpaceUA:FileName test
/gamos/setParam RTPhaseSpaceUA:ZStops -6 -78 -110 -170 -450 -899
/gamos/setParam RTPhaseSpaceUA:KillAfterLastZStop 1
/gamos/setParam RTPhaseSpaceUA:StoreZ 0
/gamos/userAction RTPhaseSpaceUA
/gamos/userAction GmCountTracksUA
/run/initialize
/gamos/generator/addSingleParticleSource source e- 6.*MeV
/gamos/generator/directionDist source GmGenerDistDirectionConst 0. 0. -1.
/run/beamOn 1000000
=======================================================================
======                 Electromagnetic Physics Parameters      ========
=======================================================================
LPM effect enabled                                 1
Enable creation and use of sampling tables         0
Apply cuts on all EM processes                     0
Use general process                                0
Enable linear polarisation for gamma               0
Enable sampling of quantum entanglement            0
X-section factor for integral approach             0.8
Min kinetic energy for tables                      100 eV 
Max kinetic energy for tables                      100 TeV
Number of bins per decade of a table               7
Verbose level                                      1
Verbose level for worker thread                    0
Bremsstrahlung energy threshold above which 
  primary e+- is added to the list of secondary    100 TeV
Bremsstrahlung energy threshold above which primary
  muon/hadron is added to the list of secondary    100 TeV
Lowest triplet kinetic energy                      1 MeV
Enable sampling of gamma linear polarisation       0
5D gamma conversion model type                     0
5D gamma conversion model on isolated ion          0
Livermore data directory                           livermore
=======================================================================
======                 Ionisation Parameters                   ========
=======================================================================
Step function for e+-                              (0.2, 1 mm)
Step function for muons/hadrons                    (0.2, 0.1 mm)
Step function for light ions                       (0.2, 0.1 mm)
Step function for general ions                     (0.2, 0.1 mm)
Lowest e+e- kinetic energy                         1 keV
Lowest muon/hadron kinetic energy                  1 keV
Fluctuations of dE/dx are enabled                  1
Use ICRU90 data                                    0
Use built-in Birks satuaration                     0
Build CSDA range enabled                           0
Use cut as a final range enabled                   0
Enable angular generator interface                 0
Max kinetic energy for CSDA tables                 1 GeV
Max kinetic energy for NIEL computation            0 eV 
Linear loss limit                                  0.01
Read data from file for e+e- pair production by mu 0
=======================================================================
======                 Multiple Scattering Parameters          ========
=======================================================================
Type of msc step limit algorithm for e+-           1
Type of msc step limit algorithm for muons/hadrons 0
Msc lateral displacement for e+- enabled           1
Msc lateral displacement for muons and hadrons     0
Urban msc model lateral displacement alg96         1
Range factor for msc step limit for e+-            0.04
Range factor for msc step limit for muons/hadrons  0.2
Geometry factor for msc step limitation of e+-     2.5
Safety factor for msc step limit for e+-           0.6
Skin parameter for msc step limitation of e+-      1
Lambda limit for msc step limit for e+-            1 mm
Use Mott correction for e- scattering              0
Factor used for dynamic computation of angular 
  limit between single and multiple scattering     1
Fixed angular limit between single 
  and multiple scattering                          3.1416 rad
Upper energy limit for e+- multiple scattering     100 MeV
Type of electron single scattering model           0
Type of nuclear form-factor                        1
Screening factor                                   1
=======================================================================

### ===  Deexcitation model UAtomDeexcitation is activated for 1 region:
          DefaultRegionForTheWorld  1  1  0
### ===  Auger flag: 1
### ===  Ignore cuts flag:   0

phot:  for gamma SubType=12 BuildTable=0
      LambdaPrime table from 200 keV to 100 TeV in 61 bins 
      ===== EM models for the G4Region  DefaultRegionForTheWorld ======
       PhotoElectric : Emin=    0 eV  Emax=  100 TeV  SauterGavrila Fluo

compt:  for gamma SubType=13 BuildTable=1
      Lambda table from 100 eV  to 1 MeV, 7 bins/decade, spline: 1
      LambdaPrime table from 1 MeV to 100 TeV in 56 bins 
      ===== EM models for the G4Region  DefaultRegionForTheWorld ======
       Klein-Nishina : Emin=    0 eV  Emax=  100 TeV

conv:  for gamma SubType=14 BuildTable=1
      Lambda table from 1.022 MeV to 100 TeV, 18 bins/decade, spline: 1
      ===== EM models for the G4Region  DefaultRegionForTheWorld ======
     BetheHeitlerLPM : Emin=    0 eV  Emax=  100 TeV  ModifiedTsai

Rayl:  for gamma SubType=11 BuildTable=1
      Lambda table from 100 eV  to 100 keV, 7 bins/decade, spline: 0
      LambdaPrime table from 100 keV to 100 TeV in 63 bins 
      ===== EM models for the G4Region  DefaultRegionForTheWorld ======
   LivermoreRayleigh : Emin=    0 eV  Emax=  100 TeV  CullenGenerator

msc:  for e-  SubType= 10
      ===== EM models for the G4Region  DefaultRegionForTheWorld ======
            UrbanMsc : Emin=    0 eV  Emax=  100 TeV Nbins=84 100 eV  - 100 TeV
          StepLim=UseSafety Rfact=0.04 Gfact=2.5 Sfact=0.6 DispFlag:1 Skin=1 Llim=1 mm

eIoni:  for e-  XStype:1  SubType=2
      dE/dx and range tables from 100 eV  to 100 TeV in 84 bins
      Lambda tables from threshold to 100 TeV, 7 bins/decade, spline: 1
      StepFunction=(0.2, 1 mm), integ: 1, fluct: 1, linLossLim= 0.01
      ===== EM models for the G4Region  DefaultRegionForTheWorld ======
        MollerBhabha : Emin=    0 eV  Emax=  100 TeV

eBrem:  for e-  XStype:4  SubType=3
      dE/dx and range tables from 100 eV  to 100 TeV in 84 bins
      Lambda tables from threshold to 100 TeV, 7 bins/decade, spline: 1
      LPM flag: 1 for E > 1 GeV,  VertexHighEnergyTh(GeV)= 100000
      ===== EM models for the G4Region  DefaultRegionForTheWorld ======
             eBremSB : Emin=    0 eV  Emax=    1 GeV  ModifiedTsai
            eBremLPM : Emin=    1 GeV Emax=  100 TeV  ModifiedTsai

msc:  for e+  SubType= 10
      ===== EM models for the G4Region  DefaultRegionForTheWorld ======
            UrbanMsc : Emin=    0 eV  Emax=  100 TeV Nbins=84 100 eV  - 100 TeV
          StepLim=UseSafety Rfact=0.04 Gfact=2.5 Sfact=0.6 DispFlag:1 Skin=1 Llim=1 mm

eIoni:  for e+  XStype:1  SubType=2
      dE/dx and range tables from 100 eV  to 100 TeV in 84 bins
      Lambda tables from threshold to 100 TeV, 7 bins/decade, spline: 1
      StepFunction=(0.2, 1 mm), integ: 1, fluct: 1, linLossLim= 0.01
      ===== EM models for the G4Region  DefaultRegionForTheWorld ======
        MollerBhabha : Emin=    0 eV  Emax=  100 TeV

========= Table of registered couples ============================

Index : 0     used in the geometry : Yes
 Material : G4_AIR
 Range cuts        :  gamma  100 um     e-  100 um     e+  100 um  proton 100 um 
 Energy thresholds :  gamma  990 eV     e-  990 eV     e+  990 eV  proton -1 MeV
 Region(s) which use this couple : 
    DefaultRegionForTheWorld

Index : 1     used in the geometry : Yes
 Material : G4_Cu
 Range cuts        :  gamma  100 um     e-  100 um     e+  100 um  proton 100 um 
 Energy thresholds :  gamma  7.32478 keV    e-  250.496 keV    e+  243.212 keV proton -1 MeV
 Region(s) which use this couple : 
    DefaultRegionForTheWorld

Index : 2     used in the geometry : Yes
 Material : G4_W
 Range cuts        :  gamma  100 um     e-  100 um     e+  100 um  proton 100 um 
 Energy thresholds :  gamma  36.2784 keV    e-  351.887 keV    e+  338.074 keV proton -1 MeV
 Region(s) which use this couple : 
    DefaultRegionForTheWorld

Index : 3     used in the geometry : Yes
 Material : SiFeMn
 Range cuts        :  gamma  100 um     e-  100 um     e+  100 um  proton 100 um 
 Energy thresholds :  gamma  5.5703 keV    e-  245.383 keV    e+  238.689 keV proton -1 MeV
 Region(s) which use this couple : 
    DefaultRegionForTheWorld

==================================================================

G4VisManager: Using G4TrajectoryDrawByCharge as fallback trajectory model.
See commands in /vis/modeling/trajectories/ for other options.
### Run 0 starts.
 %%% EVENT 0 NTRACKS 18 TOTAL NTRACKS 18
 CreateHisto1D PhaseSpace: -899: 0:ALL: X at Zstop = 760001
 CreateHisto1D PhaseSpace: -899: 0:ALL: X*10 at Zstop = 760101
 CreateHisto1D PhaseSpace: -899: 0:ALL: Y at Zstop = 760002
 CreateHisto1D PhaseSpace: -899: 0:ALL: Y*10 at Zstop = 760102
 CreateHisto2D PhaseSpace: -899: 0:ALL: XY at Zstop = 760009
 CreateHisto1D PhaseSpace: -899: 0:ALL: R at Zstop = 760003
 CreateHisto1D PhaseSpace: -899: 0:ALL: Direction Theta at Zstop = 760004
 CreateHisto1D PhaseSpace: -899: 0:ALL: Direction Phi at Zstop = 760005
 CreateHisto1D PhaseSpace: -899: 0:ALL: Energy at Zstop = 760006
 CreateHisto1D PhaseSpace: -899: 0:ALL: Energy*10 at Zstop = 760106
 CreateHisto1D PhaseSpace: -899: 0:ALL: Vx at Zstop = 760007
 CreateHisto1D PhaseSpace: -899: 0:ALL: Vy at Zstop = 760008
 CreateHisto1D PhaseSpace: -899: 0:ALL: Vz at Zstop = 760009
 CreateHisto2D PhaseSpace: -899: 0:ALL: R vs Direction Theta at Zstop = 760011
 CreateHisto2D PhaseSpace: -899: 0:ALL: R vs Energy at Zstop = 760012
 CreateHisto2D PhaseSpace: -899: 0:ALL: Direction Theta vs Energy at Zstop = 760013
 CreateHisto1D PhaseSpace: -899: 0:ALL: Weight at Zstop = 760014
 CreateHisto2D PhaseSpace: -899: 0:ALL: X vs Energy at Zstop = 760021
 CreateHisto2D PhaseSpace: -899: 0:ALL: X vs Vx at Zstop = 760022
 CreateHistoProfile1D PhaseSpace: -899: 0:ALL: X prof weight = 760030
 CreateHisto2D PhaseSpace: -899: 0:ALL: X vs log10(Weight) = 760091
 CreateHisto1D PhaseSpace: -450: 0:ALL: X at Zstop = 770001
 CreateHisto1D PhaseSpace: -450: 0:ALL: X*10 at Zstop = 770101
 CreateHisto1D PhaseSpace: -450: 0:ALL: Y at Zstop = 770002
 CreateHisto1D PhaseSpace: -450: 0:ALL: Y*10 at Zstop = 770102
 CreateHisto2D PhaseSpace: -450: 0:ALL: XY at Zstop = 770009
 CreateHisto1D PhaseSpace: -450: 0:ALL: R at Zstop = 770003
 CreateHisto1D PhaseSpace: -450: 0:ALL: Direction Theta at Zstop = 770004
 CreateHisto1D PhaseSpace: -450: 0:ALL: Direction Phi at Zstop = 770005
 CreateHisto1D PhaseSpace: -450: 0:ALL: Energy at Zstop = 770006
 CreateHisto1D PhaseSpace: -450: 0:ALL: Energy*10 at Zstop = 770106
 CreateHisto1D PhaseSpace: -450: 0:ALL: Vx at Zstop = 770007
 CreateHisto1D PhaseSpace: -450: 0:ALL: Vy at Zstop = 770008
 CreateHisto1D PhaseSpace: -450: 0:ALL: Vz at Zstop = 770009
 CreateHisto2D PhaseSpace: -450: 0:ALL: R vs Direction Theta at Zstop = 770011
 CreateHisto2D PhaseSpace: -450: 0:ALL: R vs Energy at Zstop = 770012
 CreateHisto2D PhaseSpace: -450: 0:ALL: Direction Theta vs Energy at Zstop = 770013
 CreateHisto1D PhaseSpace: -450: 0:ALL: Weight at Zstop = 770014
 CreateHisto2D PhaseSpace: -450: 0:ALL: X vs Energy at Zstop = 770021
 CreateHisto2D PhaseSpace: -450: 0:ALL: X vs Vx at Zstop = 770022
 CreateHistoProfile1D PhaseSpace: -450: 0:ALL: X prof weight = 770030
 CreateHisto2D PhaseSpace: -450: 0:ALL: X vs log10(Weight) = 770091
 CreateHisto1D PhaseSpace: -170: 0:ALL: X at Zstop = 780001
 CreateHisto1D PhaseSpace: -170: 0:ALL: X*10 at Zstop = 780101
 CreateHisto1D PhaseSpace: -170: 0:ALL: Y at Zstop = 780002
 CreateHisto1D PhaseSpace: -170: 0:ALL: Y*10 at Zstop = 780102
 CreateHisto2D PhaseSpace: -170: 0:ALL: XY at Zstop = 780009
 CreateHisto1D PhaseSpace: -170: 0:ALL: R at Zstop = 780003
 CreateHisto1D PhaseSpace: -170: 0:ALL: Direction Theta at Zstop = 780004
 CreateHisto1D PhaseSpace: -170: 0:ALL: Direction Phi at Zstop = 780005
 CreateHisto1D PhaseSpace: -170: 0:ALL: Energy at Zstop = 780006
 CreateHisto1D PhaseSpace: -170: 0:ALL: Energy*10 at Zstop = 780106
 CreateHisto1D PhaseSpace: -170: 0:ALL: Vx at Zstop = 780007
 CreateHisto1D PhaseSpace: -170: 0:ALL: Vy at Zstop = 780008
 CreateHisto1D PhaseSpace: -170: 0:ALL: Vz at Zstop = 780009
 CreateHisto2D PhaseSpace: -170: 0:ALL: R vs Direction Theta at Zstop = 780011
 CreateHisto2D PhaseSpace: -170: 0:ALL: R vs Energy at Zstop = 780012
 CreateHisto2D PhaseSpace: -170: 0:ALL: Direction Theta vs Energy at Zstop = 780013
 CreateHisto1D PhaseSpace: -170: 0:ALL: Weight at Zstop = 780014
 CreateHisto2D PhaseSpace: -170: 0:ALL: X vs Energy at Zstop = 780021
 CreateHisto2D PhaseSpace: -170: 0:ALL: X vs Vx at Zstop = 780022
 CreateHistoProfile1D PhaseSpace: -170: 0:ALL: X prof weight = 780030
 CreateHisto2D PhaseSpace: -170: 0:ALL: X vs log10(Weight) = 780091
 CreateHisto1D PhaseSpace: -110: 0:ALL: X at Zstop = 790001
 CreateHisto1D PhaseSpace: -110: 0:ALL: X*10 at Zstop = 790101
 CreateHisto1D PhaseSpace: -110: 0:ALL: Y at Zstop = 790002
 CreateHisto1D PhaseSpace: -110: 0:ALL: Y*10 at Zstop = 790102
 CreateHisto2D PhaseSpace: -110: 0:ALL: XY at Zstop = 790009
 CreateHisto1D PhaseSpace: -110: 0:ALL: R at Zstop = 790003
 CreateHisto1D PhaseSpace: -110: 0:ALL: Direction Theta at Zstop = 790004
 CreateHisto1D PhaseSpace: -110: 0:ALL: Direction Phi at Zstop = 790005
 CreateHisto1D PhaseSpace: -110: 0:ALL: Energy at Zstop = 790006
 CreateHisto1D PhaseSpace: -110: 0:ALL: Energy*10 at Zstop = 790106
 CreateHisto1D PhaseSpace: -110: 0:ALL: Vx at Zstop = 790007
 CreateHisto1D PhaseSpace: -110: 0:ALL: Vy at Zstop = 790008
 CreateHisto1D PhaseSpace: -110: 0:ALL: Vz at Zstop = 790009
 CreateHisto2D PhaseSpace: -110: 0:ALL: R vs Direction Theta at Zstop = 790011
 CreateHisto2D PhaseSpace: -110: 0:ALL: R vs Energy at Zstop = 790012
 CreateHisto2D PhaseSpace: -110: 0:ALL: Direction Theta vs Energy at Zstop = 790013
 CreateHisto1D PhaseSpace: -110: 0:ALL: Weight at Zstop = 790014
 CreateHisto2D PhaseSpace: -110: 0:ALL: X vs Energy at Zstop = 790021
 CreateHisto2D PhaseSpace: -110: 0:ALL: X vs Vx at Zstop = 790022
 CreateHistoProfile1D PhaseSpace: -110: 0:ALL: X prof weight = 790030
 CreateHisto2D PhaseSpace: -110: 0:ALL: X vs log10(Weight) = 790091
 CreateHisto1D PhaseSpace: -78: 0:ALL: X at Zstop = 800001
 CreateHisto1D PhaseSpace: -78: 0:ALL: X*10 at Zstop = 800101
 CreateHisto1D PhaseSpace: -78: 0:ALL: Y at Zstop = 800002
 CreateHisto1D PhaseSpace: -78: 0:ALL: Y*10 at Zstop = 800102
 CreateHisto2D PhaseSpace: -78: 0:ALL: XY at Zstop = 800009
 CreateHisto1D PhaseSpace: -78: 0:ALL: R at Zstop = 800003
 CreateHisto1D PhaseSpace: -78: 0:ALL: Direction Theta at Zstop = 800004
 CreateHisto1D PhaseSpace: -78: 0:ALL: Direction Phi at Zstop = 800005
 CreateHisto1D PhaseSpace: -78: 0:ALL: Energy at Zstop = 800006
 CreateHisto1D PhaseSpace: -78: 0:ALL: Energy*10 at Zstop = 800106
 CreateHisto1D PhaseSpace: -78: 0:ALL: Vx at Zstop = 800007
 CreateHisto1D PhaseSpace: -78: 0:ALL: Vy at Zstop = 800008
 CreateHisto1D PhaseSpace: -78: 0:ALL: Vz at Zstop = 800009
 CreateHisto2D PhaseSpace: -78: 0:ALL: R vs Direction Theta at Zstop = 800011
 CreateHisto2D PhaseSpace: -78: 0:ALL: R vs Energy at Zstop = 800012
 CreateHisto2D PhaseSpace: -78: 0:ALL: Direction Theta vs Energy at Zstop = 800013
 CreateHisto1D PhaseSpace: -78: 0:ALL: Weight at Zstop = 800014
 CreateHisto2D PhaseSpace: -78: 0:ALL: X vs Energy at Zstop = 800021
 CreateHisto2D PhaseSpace: -78: 0:ALL: X vs Vx at Zstop = 800022
 CreateHistoProfile1D PhaseSpace: -78: 0:ALL: X prof weight = 800030
 CreateHisto2D PhaseSpace: -78: 0:ALL: X vs log10(Weight) = 800091
 CreateHisto1D PhaseSpace: -6: 0:ALL: X at Zstop = 810001
 CreateHisto1D PhaseSpace: -6: 0:ALL: X*10 at Zstop = 810101
 CreateHisto1D PhaseSpace: -6: 0:ALL: Y at Zstop = 810002
 CreateHisto1D PhaseSpace: -6: 0:ALL: Y*10 at Zstop = 810102
 CreateHisto2D PhaseSpace: -6: 0:ALL: XY at Zstop = 810009
 CreateHisto1D PhaseSpace: -6: 0:ALL: R at Zstop = 810003
 CreateHisto1D PhaseSpace: -6: 0:ALL: Direction Theta at Zstop = 810004
 CreateHisto1D PhaseSpace: -6: 0:ALL: Direction Phi at Zstop = 810005
 CreateHisto1D PhaseSpace: -6: 0:ALL: Energy at Zstop = 810006
 CreateHisto1D PhaseSpace: -6: 0:ALL: Energy*10 at Zstop = 810106
 CreateHisto1D PhaseSpace: -6: 0:ALL: Vx at Zstop = 810007
 CreateHisto1D PhaseSpace: -6: 0:ALL: Vy at Zstop = 810008
 CreateHisto1D PhaseSpace: -6: 0:ALL: Vz at Zstop = 810009
 CreateHisto2D PhaseSpace: -6: 0:ALL: R vs Direction Theta at Zstop = 810011
 CreateHisto2D PhaseSpace: -6: 0:ALL: R vs Energy at Zstop = 810012
 CreateHisto2D PhaseSpace: -6: 0:ALL: Direction Theta vs Energy at Zstop = 810013
 CreateHisto1D PhaseSpace: -6: 0:ALL: Weight at Zstop = 810014
 CreateHisto2D PhaseSpace: -6: 0:ALL: X vs Energy at Zstop = 810021
 CreateHisto2D PhaseSpace: -6: 0:ALL: X vs Vx at Zstop = 810022
 CreateHistoProfile1D PhaseSpace: -6: 0:ALL: X prof weight = 810030
 CreateHisto2D PhaseSpace: -6: 0:ALL: X vs log10(Weight) = 810091
 CreateHisto1D PhaseSpace: -899: 0:gamma: X at Zstop = 761001
 CreateHisto1D PhaseSpace: -899: 0:gamma: X*10 at Zstop = 761101
 CreateHisto1D PhaseSpace: -899: 0:gamma: Y at Zstop = 761002
 CreateHisto1D PhaseSpace: -899: 0:gamma: Y*10 at Zstop = 761102
 CreateHisto2D PhaseSpace: -899: 0:gamma: XY at Zstop = 761009
 CreateHisto1D PhaseSpace: -899: 0:gamma: R at Zstop = 761003
 CreateHisto1D PhaseSpace: -899: 0:gamma: Direction Theta at Zstop = 761004
 CreateHisto1D PhaseSpace: -899: 0:gamma: Direction Phi at Zstop = 761005
 CreateHisto1D PhaseSpace: -899: 0:gamma: Energy at Zstop = 761006
 CreateHisto1D PhaseSpace: -899: 0:gamma: Energy*10 at Zstop = 761106
 CreateHisto1D PhaseSpace: -899: 0:gamma: Vx at Zstop = 761007
 CreateHisto1D PhaseSpace: -899: 0:gamma: Vy at Zstop = 761008
 CreateHisto1D PhaseSpace: -899: 0:gamma: Vz at Zstop = 761009
 CreateHisto2D PhaseSpace: -899: 0:gamma: R vs Direction Theta at Zstop = 761011
 CreateHisto2D PhaseSpace: -899: 0:gamma: R vs Energy at Zstop = 761012
 CreateHisto2D PhaseSpace: -899: 0:gamma: Direction Theta vs Energy at Zstop = 761013
 CreateHisto1D PhaseSpace: -899: 0:gamma: Weight at Zstop = 761014
 CreateHisto2D PhaseSpace: -899: 0:gamma: X vs Energy at Zstop = 761021
 CreateHisto2D PhaseSpace: -899: 0:gamma: X vs Vx at Zstop = 761022
 CreateHistoProfile1D PhaseSpace: -899: 0:gamma: X prof weight = 761030
 CreateHisto2D PhaseSpace: -899: 0:gamma: X vs log10(Weight) = 761091
 CreateHisto1D PhaseSpace: -450: 0:gamma: X at Zstop = 771001
 CreateHisto1D PhaseSpace: -450: 0:gamma: X*10 at Zstop = 771101
 CreateHisto1D PhaseSpace: -450: 0:gamma: Y at Zstop = 771002
 CreateHisto1D PhaseSpace: -450: 0:gamma: Y*10 at Zstop = 771102
 CreateHisto2D PhaseSpace: -450: 0:gamma: XY at Zstop = 771009
 CreateHisto1D PhaseSpace: -450: 0:gamma: R at Zstop = 771003
 CreateHisto1D PhaseSpace: -450: 0:gamma: Direction Theta at Zstop = 771004
 CreateHisto1D PhaseSpace: -450: 0:gamma: Direction Phi at Zstop = 771005
 CreateHisto1D PhaseSpace: -450: 0:gamma: Energy at Zstop = 771006
 CreateHisto1D PhaseSpace: -450: 0:gamma: Energy*10 at Zstop = 771106
 CreateHisto1D PhaseSpace: -450: 0:gamma: Vx at Zstop = 771007
 CreateHisto1D PhaseSpace: -450: 0:gamma: Vy at Zstop = 771008
 CreateHisto1D PhaseSpace: -450: 0:gamma: Vz at Zstop = 771009
 CreateHisto2D PhaseSpace: -450: 0:gamma: R vs Direction Theta at Zstop = 771011
 CreateHisto2D PhaseSpace: -450: 0:gamma: R vs Energy at Zstop = 771012
 CreateHisto2D PhaseSpace: -450: 0:gamma: Direction Theta vs Energy at Zstop = 771013
 CreateHisto1D PhaseSpace: -450: 0:gamma: Weight at Zstop = 771014
 CreateHisto2D PhaseSpace: -450: 0:gamma: X vs Energy at Zstop = 771021
 CreateHisto2D PhaseSpace: -450: 0:gamma: X vs Vx at Zstop = 771022
 CreateHistoProfile1D PhaseSpace: -450: 0:gamma: X prof weight = 771030
 CreateHisto2D PhaseSpace: -450: 0:gamma: X vs log10(Weight) = 771091
 CreateHisto1D PhaseSpace: -170: 0:gamma: X at Zstop = 781001
 CreateHisto1D PhaseSpace: -170: 0:gamma: X*10 at Zstop = 781101
 CreateHisto1D PhaseSpace: -170: 0:gamma: Y at Zstop = 781002
 CreateHisto1D PhaseSpace: -170: 0:gamma: Y*10 at Zstop = 781102
 CreateHisto2D PhaseSpace: -170: 0:gamma: XY at Zstop = 781009
 CreateHisto1D PhaseSpace: -170: 0:gamma: R at Zstop = 781003
 CreateHisto1D PhaseSpace: -170: 0:gamma: Direction Theta at Zstop = 781004
 CreateHisto1D PhaseSpace: -170: 0:gamma: Direction Phi at Zstop = 781005
 CreateHisto1D PhaseSpace: -170: 0:gamma: Energy at Zstop = 781006
 CreateHisto1D PhaseSpace: -170: 0:gamma: Energy*10 at Zstop = 781106
 CreateHisto1D PhaseSpace: -170: 0:gamma: Vx at Zstop = 781007
 CreateHisto1D PhaseSpace: -170: 0:gamma: Vy at Zstop = 781008
 CreateHisto1D PhaseSpace: -170: 0:gamma: Vz at Zstop = 781009
 CreateHisto2D PhaseSpace: -170: 0:gamma: R vs Direction Theta at Zstop = 781011
 CreateHisto2D PhaseSpace: -170: 0:gamma: R vs Energy at Zstop = 781012
 CreateHisto2D PhaseSpace: -170: 0:gamma: Direction Theta vs Energy at Zstop = 781013
 CreateHisto1D PhaseSpace: -170: 0:gamma: Weight at Zstop = 781014
 CreateHisto2D PhaseSpace: -170: 0:gamma: X vs Energy at Zstop = 781021
 CreateHisto2D PhaseSpace: -170: 0:gamma: X vs Vx at Zstop = 781022
 CreateHistoProfile1D PhaseSpace: -170: 0:gamma: X prof weight = 781030
 CreateHisto2D PhaseSpace: -170: 0:gamma: X vs log10(Weight) = 781091
 CreateHisto1D PhaseSpace: -110: 0:gamma: X at Zstop = 791001
 CreateHisto1D PhaseSpace: -110: 0:gamma: X*10 at Zstop = 791101
 CreateHisto1D PhaseSpace: -110: 0:gamma: Y at Zstop = 791002
 CreateHisto1D PhaseSpace: -110: 0:gamma: Y*10 at Zstop = 791102
 CreateHisto2D PhaseSpace: -110: 0:gamma: XY at Zstop = 791009
 CreateHisto1D PhaseSpace: -110: 0:gamma: R at Zstop = 791003
 CreateHisto1D PhaseSpace: -110: 0:gamma: Direction Theta at Zstop = 791004
 CreateHisto1D PhaseSpace: -110: 0:gamma: Direction Phi at Zstop = 791005
 CreateHisto1D PhaseSpace: -110: 0:gamma: Energy at Zstop = 791006
 CreateHisto1D PhaseSpace: -110: 0:gamma: Energy*10 at Zstop = 791106
 CreateHisto1D PhaseSpace: -110: 0:gamma: Vx at Zstop = 791007
 CreateHisto1D PhaseSpace: -110: 0:gamma: Vy at Zstop = 791008
 CreateHisto1D PhaseSpace: -110: 0:gamma: Vz at Zstop = 791009
 CreateHisto2D PhaseSpace: -110: 0:gamma: R vs Direction Theta at Zstop = 791011
 CreateHisto2D PhaseSpace: -110: 0:gamma: R vs Energy at Zstop = 791012
 CreateHisto2D PhaseSpace: -110: 0:gamma: Direction Theta vs Energy at Zstop = 791013
 CreateHisto1D PhaseSpace: -110: 0:gamma: Weight at Zstop = 791014
 CreateHisto2D PhaseSpace: -110: 0:gamma: X vs Energy at Zstop = 791021
 CreateHisto2D PhaseSpace: -110: 0:gamma: X vs Vx at Zstop = 791022
 CreateHistoProfile1D PhaseSpace: -110: 0:gamma: X prof weight = 791030
 CreateHisto2D PhaseSpace: -110: 0:gamma: X vs log10(Weight) = 791091
 CreateHisto1D PhaseSpace: -78: 0:gamma: X at Zstop = 801001
 CreateHisto1D PhaseSpace: -78: 0:gamma: X*10 at Zstop = 801101
 CreateHisto1D PhaseSpace: -78: 0:gamma: Y at Zstop = 801002
 CreateHisto1D PhaseSpace: -78: 0:gamma: Y*10 at Zstop = 801102
 CreateHisto2D PhaseSpace: -78: 0:gamma: XY at Zstop = 801009
 CreateHisto1D PhaseSpace: -78: 0:gamma: R at Zstop = 801003
 CreateHisto1D PhaseSpace: -78: 0:gamma: Direction Theta at Zstop = 801004
 CreateHisto1D PhaseSpace: -78: 0:gamma: Direction Phi at Zstop = 801005
 CreateHisto1D PhaseSpace: -78: 0:gamma: Energy at Zstop = 801006
 CreateHisto1D PhaseSpace: -78: 0:gamma: Energy*10 at Zstop = 801106
 CreateHisto1D PhaseSpace: -78: 0:gamma: Vx at Zstop = 801007
 CreateHisto1D PhaseSpace: -78: 0:gamma: Vy at Zstop = 801008
 CreateHisto1D PhaseSpace: -78: 0:gamma: Vz at Zstop = 801009
 CreateHisto2D PhaseSpace: -78: 0:gamma: R vs Direction Theta at Zstop = 801011
 CreateHisto2D PhaseSpace: -78: 0:gamma: R vs Energy at Zstop = 801012
 CreateHisto2D PhaseSpace: -78: 0:gamma: Direction Theta vs Energy at Zstop = 801013
 CreateHisto1D PhaseSpace: -78: 0:gamma: Weight at Zstop = 801014
 CreateHisto2D PhaseSpace: -78: 0:gamma: X vs Energy at Zstop = 801021
 CreateHisto2D PhaseSpace: -78: 0:gamma: X vs Vx at Zstop = 801022
 CreateHistoProfile1D PhaseSpace: -78: 0:gamma: X prof weight = 801030
 CreateHisto2D PhaseSpace: -78: 0:gamma: X vs log10(Weight) = 801091
 CreateHisto1D PhaseSpace: -6: 0:gamma: X at Zstop = 811001
 CreateHisto1D PhaseSpace: -6: 0:gamma: X*10 at Zstop = 811101
 CreateHisto1D PhaseSpace: -6: 0:gamma: Y at Zstop = 811002
 CreateHisto1D PhaseSpace: -6: 0:gamma: Y*10 at Zstop = 811102
 CreateHisto2D PhaseSpace: -6: 0:gamma: XY at Zstop = 811009
 CreateHisto1D PhaseSpace: -6: 0:gamma: R at Zstop = 811003
 CreateHisto1D PhaseSpace: -6: 0:gamma: Direction Theta at Zstop = 811004
 CreateHisto1D PhaseSpace: -6: 0:gamma: Direction Phi at Zstop = 811005
 CreateHisto1D PhaseSpace: -6: 0:gamma: Energy at Zstop = 811006
 CreateHisto1D PhaseSpace: -6: 0:gamma: Energy*10 at Zstop = 811106
 CreateHisto1D PhaseSpace: -6: 0:gamma: Vx at Zstop = 811007
 CreateHisto1D PhaseSpace: -6: 0:gamma: Vy at Zstop = 811008
 CreateHisto1D PhaseSpace: -6: 0:gamma: Vz at Zstop = 811009
 CreateHisto2D PhaseSpace: -6: 0:gamma: R vs Direction Theta at Zstop = 811011
 CreateHisto2D PhaseSpace: -6: 0:gamma: R vs Energy at Zstop = 811012
 CreateHisto2D PhaseSpace: -6: 0:gamma: Direction Theta vs Energy at Zstop = 811013
 CreateHisto1D PhaseSpace: -6: 0:gamma: Weight at Zstop = 811014
 CreateHisto2D PhaseSpace: -6: 0:gamma: X vs Energy at Zstop = 811021
 CreateHisto2D PhaseSpace: -6: 0:gamma: X vs Vx at Zstop = 811022
 CreateHistoProfile1D PhaseSpace: -6: 0:gamma: X prof weight = 811030
 CreateHisto2D PhaseSpace: -6: 0:gamma: X vs log10(Weight) = 811091
 CreateHisto1D PhaseSpace: -899: 0:e-: X at Zstop = 762001
 CreateHisto1D PhaseSpace: -899: 0:e-: X*10 at Zstop = 762101
 CreateHisto1D PhaseSpace: -899: 0:e-: Y at Zstop = 762002
 CreateHisto1D PhaseSpace: -899: 0:e-: Y*10 at Zstop = 762102
 CreateHisto2D PhaseSpace: -899: 0:e-: XY at Zstop = 762009
 CreateHisto1D PhaseSpace: -899: 0:e-: R at Zstop = 762003
 CreateHisto1D PhaseSpace: -899: 0:e-: Direction Theta at Zstop = 762004
 CreateHisto1D PhaseSpace: -899: 0:e-: Direction Phi at Zstop = 762005
 CreateHisto1D PhaseSpace: -899: 0:e-: Energy at Zstop = 762006
 CreateHisto1D PhaseSpace: -899: 0:e-: Energy*10 at Zstop = 762106
 CreateHisto1D PhaseSpace: -899: 0:e-: Vx at Zstop = 762007
 CreateHisto1D PhaseSpace: -899: 0:e-: Vy at Zstop = 762008
 CreateHisto1D PhaseSpace: -899: 0:e-: Vz at Zstop = 762009
 CreateHisto2D PhaseSpace: -899: 0:e-: R vs Direction Theta at Zstop = 762011
 CreateHisto2D PhaseSpace: -899: 0:e-: R vs Energy at Zstop = 762012
 CreateHisto2D PhaseSpace: -899: 0:e-: Direction Theta vs Energy at Zstop = 762013
 CreateHisto1D PhaseSpace: -899: 0:e-: Weight at Zstop = 762014
 CreateHisto2D PhaseSpace: -899: 0:e-: X vs Energy at Zstop = 762021
 CreateHisto2D PhaseSpace: -899: 0:e-: X vs Vx at Zstop = 762022
 CreateHistoProfile1D PhaseSpace: -899: 0:e-: X prof weight = 762030
 CreateHisto2D PhaseSpace: -899: 0:e-: X vs log10(Weight) = 762091
 CreateHisto1D PhaseSpace: -450: 0:e-: X at Zstop = 772001
 CreateHisto1D PhaseSpace: -450: 0:e-: X*10 at Zstop = 772101
 CreateHisto1D PhaseSpace: -450: 0:e-: Y at Zstop = 772002
 CreateHisto1D PhaseSpace: -450: 0:e-: Y*10 at Zstop = 772102
 CreateHisto2D PhaseSpace: -450: 0:e-: XY at Zstop = 772009
 CreateHisto1D PhaseSpace: -450: 0:e-: R at Zstop = 772003
 CreateHisto1D PhaseSpace: -450: 0:e-: Direction Theta at Zstop = 772004
 CreateHisto1D PhaseSpace: -450: 0:e-: Direction Phi at Zstop = 772005
 CreateHisto1D PhaseSpace: -450: 0:e-: Energy at Zstop = 772006
 CreateHisto1D PhaseSpace: -450: 0:e-: Energy*10 at Zstop = 772106
 CreateHisto1D PhaseSpace: -450: 0:e-: Vx at Zstop = 772007
 CreateHisto1D PhaseSpace: -450: 0:e-: Vy at Zstop = 772008
 CreateHisto1D PhaseSpace: -450: 0:e-: Vz at Zstop = 772009
 CreateHisto2D PhaseSpace: -450: 0:e-: R vs Direction Theta at Zstop = 772011
 CreateHisto2D PhaseSpace: -450: 0:e-: R vs Energy at Zstop = 772012
 CreateHisto2D PhaseSpace: -450: 0:e-: Direction Theta vs Energy at Zstop = 772013
 CreateHisto1D PhaseSpace: -450: 0:e-: Weight at Zstop = 772014
 CreateHisto2D PhaseSpace: -450: 0:e-: X vs Energy at Zstop = 772021
 CreateHisto2D PhaseSpace: -450: 0:e-: X vs Vx at Zstop = 772022
 CreateHistoProfile1D PhaseSpace: -450: 0:e-: X prof weight = 772030
 CreateHisto2D PhaseSpace: -450: 0:e-: X vs log10(Weight) = 772091
 CreateHisto1D PhaseSpace: -170: 0:e-: X at Zstop = 782001
 CreateHisto1D PhaseSpace: -170: 0:e-: X*10 at Zstop = 782101
 CreateHisto1D PhaseSpace: -170: 0:e-: Y at Zstop = 782002
 CreateHisto1D PhaseSpace: -170: 0:e-: Y*10 at Zstop = 782102
 CreateHisto2D PhaseSpace: -170: 0:e-: XY at Zstop = 782009
 CreateHisto1D PhaseSpace: -170: 0:e-: R at Zstop = 782003
 CreateHisto1D PhaseSpace: -170: 0:e-: Direction Theta at Zstop = 782004
 CreateHisto1D PhaseSpace: -170: 0:e-: Direction Phi at Zstop = 782005
 CreateHisto1D PhaseSpace: -170: 0:e-: Energy at Zstop = 782006
 CreateHisto1D PhaseSpace: -170: 0:e-: Energy*10 at Zstop = 782106
 CreateHisto1D PhaseSpace: -170: 0:e-: Vx at Zstop = 782007
 CreateHisto1D PhaseSpace: -170: 0:e-: Vy at Zstop = 782008
 CreateHisto1D PhaseSpace: -170: 0:e-: Vz at Zstop = 782009
 CreateHisto2D PhaseSpace: -170: 0:e-: R vs Direction Theta at Zstop = 782011
 CreateHisto2D PhaseSpace: -170: 0:e-: R vs Energy at Zstop = 782012
 CreateHisto2D PhaseSpace: -170: 0:e-: Direction Theta vs Energy at Zstop = 782013
 CreateHisto1D PhaseSpace: -170: 0:e-: Weight at Zstop = 782014
 CreateHisto2D PhaseSpace: -170: 0:e-: X vs Energy at Zstop = 782021
 CreateHisto2D PhaseSpace: -170: 0:e-: X vs Vx at Zstop = 782022
 CreateHistoProfile1D PhaseSpace: -170: 0:e-: X prof weight = 782030
 CreateHisto2D PhaseSpace: -170: 0:e-: X vs log10(Weight) = 782091
 CreateHisto1D PhaseSpace: -110: 0:e-: X at Zstop = 792001
 CreateHisto1D PhaseSpace: -110: 0:e-: X*10 at Zstop = 792101
 CreateHisto1D PhaseSpace: -110: 0:e-: Y at Zstop = 792002
 CreateHisto1D PhaseSpace: -110: 0:e-: Y*10 at Zstop = 792102
 CreateHisto2D PhaseSpace: -110: 0:e-: XY at Zstop = 792009
 CreateHisto1D PhaseSpace: -110: 0:e-: R at Zstop = 792003
 CreateHisto1D PhaseSpace: -110: 0:e-: Direction Theta at Zstop = 792004
 CreateHisto1D PhaseSpace: -110: 0:e-: Direction Phi at Zstop = 792005
 CreateHisto1D PhaseSpace: -110: 0:e-: Energy at Zstop = 792006
 CreateHisto1D PhaseSpace: -110: 0:e-: Energy*10 at Zstop = 792106
 CreateHisto1D PhaseSpace: -110: 0:e-: Vx at Zstop = 792007
 CreateHisto1D PhaseSpace: -110: 0:e-: Vy at Zstop = 792008
 CreateHisto1D PhaseSpace: -110: 0:e-: Vz at Zstop = 792009
 CreateHisto2D PhaseSpace: -110: 0:e-: R vs Direction Theta at Zstop = 792011
 CreateHisto2D PhaseSpace: -110: 0:e-: R vs Energy at Zstop = 792012
 CreateHisto2D PhaseSpace: -110: 0:e-: Direction Theta vs Energy at Zstop = 792013
 CreateHisto1D PhaseSpace: -110: 0:e-: Weight at Zstop = 792014
 CreateHisto2D PhaseSpace: -110: 0:e-: X vs Energy at Zstop = 792021
 CreateHisto2D PhaseSpace: -110: 0:e-: X vs Vx at Zstop = 792022
 CreateHistoProfile1D PhaseSpace: -110: 0:e-: X prof weight = 792030
 CreateHisto2D PhaseSpace: -110: 0:e-: X vs log10(Weight) = 792091
 CreateHisto1D PhaseSpace: -78: 0:e-: X at Zstop = 802001
 CreateHisto1D PhaseSpace: -78: 0:e-: X*10 at Zstop = 802101
 CreateHisto1D PhaseSpace: -78: 0:e-: Y at Zstop = 802002
 CreateHisto1D PhaseSpace: -78: 0:e-: Y*10 at Zstop = 802102
 CreateHisto2D PhaseSpace: -78: 0:e-: XY at Zstop = 802009
 CreateHisto1D PhaseSpace: -78: 0:e-: R at Zstop = 802003
 CreateHisto1D PhaseSpace: -78: 0:e-: Direction Theta at Zstop = 802004
 CreateHisto1D PhaseSpace: -78: 0:e-: Direction Phi at Zstop = 802005
 CreateHisto1D PhaseSpace: -78: 0:e-: Energy at Zstop = 802006
 CreateHisto1D PhaseSpace: -78: 0:e-: Energy*10 at Zstop = 802106
 CreateHisto1D PhaseSpace: -78: 0:e-: Vx at Zstop = 802007
 CreateHisto1D PhaseSpace: -78: 0:e-: Vy at Zstop = 802008
 CreateHisto1D PhaseSpace: -78: 0:e-: Vz at Zstop = 802009
 CreateHisto2D PhaseSpace: -78: 0:e-: R vs Direction Theta at Zstop = 802011
 CreateHisto2D PhaseSpace: -78: 0:e-: R vs Energy at Zstop = 802012
 CreateHisto2D PhaseSpace: -78: 0:e-: Direction Theta vs Energy at Zstop = 802013
 CreateHisto1D PhaseSpace: -78: 0:e-: Weight at Zstop = 802014
 CreateHisto2D PhaseSpace: -78: 0:e-: X vs Energy at Zstop = 802021
 CreateHisto2D PhaseSpace: -78: 0:e-: X vs Vx at Zstop = 802022
 CreateHistoProfile1D PhaseSpace: -78: 0:e-: X prof weight = 802030
 CreateHisto2D PhaseSpace: -78: 0:e-: X vs log10(Weight) = 802091
 CreateHisto1D PhaseSpace: -6: 0:e-: X at Zstop = 812001
 CreateHisto1D PhaseSpace: -6: 0:e-: X*10 at Zstop = 812101
 CreateHisto1D PhaseSpace: -6: 0:e-: Y at Zstop = 812002
 CreateHisto1D PhaseSpace: -6: 0:e-: Y*10 at Zstop = 812102
 CreateHisto2D PhaseSpace: -6: 0:e-: XY at Zstop = 812009
 CreateHisto1D PhaseSpace: -6: 0:e-: R at Zstop = 812003
 CreateHisto1D PhaseSpace: -6: 0:e-: Direction Theta at Zstop = 812004
 CreateHisto1D PhaseSpace: -6: 0:e-: Direction Phi at Zstop = 812005
 CreateHisto1D PhaseSpace: -6: 0:e-: Energy at Zstop = 812006
 CreateHisto1D PhaseSpace: -6: 0:e-: Energy*10 at Zstop = 812106
 CreateHisto1D PhaseSpace: -6: 0:e-: Vx at Zstop = 812007
 CreateHisto1D PhaseSpace: -6: 0:e-: Vy at Zstop = 812008
 CreateHisto1D PhaseSpace: -6: 0:e-: Vz at Zstop = 812009
 CreateHisto2D PhaseSpace: -6: 0:e-: R vs Direction Theta at Zstop = 812011
 CreateHisto2D PhaseSpace: -6: 0:e-: R vs Energy at Zstop = 812012
 CreateHisto2D PhaseSpace: -6: 0:e-: Direction Theta vs Energy at Zstop = 812013
 CreateHisto1D PhaseSpace: -6: 0:e-: Weight at Zstop = 812014
 CreateHisto2D PhaseSpace: -6: 0:e-: X vs Energy at Zstop = 812021
 CreateHisto2D PhaseSpace: -6: 0:e-: X vs Vx at Zstop = 812022
 CreateHistoProfile1D PhaseSpace: -6: 0:e-: X prof weight = 812030
 CreateHisto2D PhaseSpace: -6: 0:e-: X vs log10(Weight) = 812091
 CreateHisto1D PhaseSpace: -899: 0:e+: X at Zstop = 763001
 CreateHisto1D PhaseSpace: -899: 0:e+: X*10 at Zstop = 763101
 CreateHisto1D PhaseSpace: -899: 0:e+: Y at Zstop = 763002
 CreateHisto1D PhaseSpace: -899: 0:e+: Y*10 at Zstop = 763102
 CreateHisto2D PhaseSpace: -899: 0:e+: XY at Zstop = 763009
 CreateHisto1D PhaseSpace: -899: 0:e+: R at Zstop = 763003
 CreateHisto1D PhaseSpace: -899: 0:e+: Direction Theta at Zstop = 763004
 CreateHisto1D PhaseSpace: -899: 0:e+: Direction Phi at Zstop = 763005
 CreateHisto1D PhaseSpace: -899: 0:e+: Energy at Zstop = 763006
 CreateHisto1D PhaseSpace: -899: 0:e+: Energy*10 at Zstop = 763106
 CreateHisto1D PhaseSpace: -899: 0:e+: Vx at Zstop = 763007
 CreateHisto1D PhaseSpace: -899: 0:e+: Vy at Zstop = 763008
 CreateHisto1D PhaseSpace: -899: 0:e+: Vz at Zstop = 763009
 CreateHisto2D PhaseSpace: -899: 0:e+: R vs Direction Theta at Zstop = 763011
 CreateHisto2D PhaseSpace: -899: 0:e+: R vs Energy at Zstop = 763012
 CreateHisto2D PhaseSpace: -899: 0:e+: Direction Theta vs Energy at Zstop = 763013
 CreateHisto1D PhaseSpace: -899: 0:e+: Weight at Zstop = 763014
 CreateHisto2D PhaseSpace: -899: 0:e+: X vs Energy at Zstop = 763021
 CreateHisto2D PhaseSpace: -899: 0:e+: X vs Vx at Zstop = 763022
 CreateHistoProfile1D PhaseSpace: -899: 0:e+: X prof weight = 763030
 CreateHisto2D PhaseSpace: -899: 0:e+: X vs log10(Weight) = 763091
 CreateHisto1D PhaseSpace: -450: 0:e+: X at Zstop = 773001
 CreateHisto1D PhaseSpace: -450: 0:e+: X*10 at Zstop = 773101
 CreateHisto1D PhaseSpace: -450: 0:e+: Y at Zstop = 773002
 CreateHisto1D PhaseSpace: -450: 0:e+: Y*10 at Zstop = 773102
 CreateHisto2D PhaseSpace: -450: 0:e+: XY at Zstop = 773009
 CreateHisto1D PhaseSpace: -450: 0:e+: R at Zstop = 773003
 CreateHisto1D PhaseSpace: -450: 0:e+: Direction Theta at Zstop = 773004
 CreateHisto1D PhaseSpace: -450: 0:e+: Direction Phi at Zstop = 773005
 CreateHisto1D PhaseSpace: -450: 0:e+: Energy at Zstop = 773006
 CreateHisto1D PhaseSpace: -450: 0:e+: Energy*10 at Zstop = 773106
 CreateHisto1D PhaseSpace: -450: 0:e+: Vx at Zstop = 773007
 CreateHisto1D PhaseSpace: -450: 0:e+: Vy at Zstop = 773008
 CreateHisto1D PhaseSpace: -450: 0:e+: Vz at Zstop = 773009
 CreateHisto2D PhaseSpace: -450: 0:e+: R vs Direction Theta at Zstop = 773011
 CreateHisto2D PhaseSpace: -450: 0:e+: R vs Energy at Zstop = 773012
 CreateHisto2D PhaseSpace: -450: 0:e+: Direction Theta vs Energy at Zstop = 773013
 CreateHisto1D PhaseSpace: -450: 0:e+: Weight at Zstop = 773014
 CreateHisto2D PhaseSpace: -450: 0:e+: X vs Energy at Zstop = 773021
 CreateHisto2D PhaseSpace: -450: 0:e+: X vs Vx at Zstop = 773022
 CreateHistoProfile1D PhaseSpace: -450: 0:e+: X prof weight = 773030
 CreateHisto2D PhaseSpace: -450: 0:e+: X vs log10(Weight) = 773091
 CreateHisto1D PhaseSpace: -170: 0:e+: X at Zstop = 783001
 CreateHisto1D PhaseSpace: -170: 0:e+: X*10 at Zstop = 783101
 CreateHisto1D PhaseSpace: -170: 0:e+: Y at Zstop = 783002
 CreateHisto1D PhaseSpace: -170: 0:e+: Y*10 at Zstop = 783102
 CreateHisto2D PhaseSpace: -170: 0:e+: XY at Zstop = 783009
 CreateHisto1D PhaseSpace: -170: 0:e+: R at Zstop = 783003
 CreateHisto1D PhaseSpace: -170: 0:e+: Direction Theta at Zstop = 783004
 CreateHisto1D PhaseSpace: -170: 0:e+: Direction Phi at Zstop = 783005
 CreateHisto1D PhaseSpace: -170: 0:e+: Energy at Zstop = 783006
 CreateHisto1D PhaseSpace: -170: 0:e+: Energy*10 at Zstop = 783106
 CreateHisto1D PhaseSpace: -170: 0:e+: Vx at Zstop = 783007
 CreateHisto1D PhaseSpace: -170: 0:e+: Vy at Zstop = 783008
 CreateHisto1D PhaseSpace: -170: 0:e+: Vz at Zstop = 783009
 CreateHisto2D PhaseSpace: -170: 0:e+: R vs Direction Theta at Zstop = 783011
 CreateHisto2D PhaseSpace: -170: 0:e+: R vs Energy at Zstop = 783012
 CreateHisto2D PhaseSpace: -170: 0:e+: Direction Theta vs Energy at Zstop = 783013
 CreateHisto1D PhaseSpace: -170: 0:e+: Weight at Zstop = 783014
 CreateHisto2D PhaseSpace: -170: 0:e+: X vs Energy at Zstop = 783021
 CreateHisto2D PhaseSpace: -170: 0:e+: X vs Vx at Zstop = 783022
 CreateHistoProfile1D PhaseSpace: -170: 0:e+: X prof weight = 783030
 CreateHisto2D PhaseSpace: -170: 0:e+: X vs log10(Weight) = 783091
 CreateHisto1D PhaseSpace: -110: 0:e+: X at Zstop = 793001
 CreateHisto1D PhaseSpace: -110: 0:e+: X*10 at Zstop = 793101
 CreateHisto1D PhaseSpace: -110: 0:e+: Y at Zstop = 793002
 CreateHisto1D PhaseSpace: -110: 0:e+: Y*10 at Zstop = 793102
 CreateHisto2D PhaseSpace: -110: 0:e+: XY at Zstop = 793009
 CreateHisto1D PhaseSpace: -110: 0:e+: R at Zstop = 793003
 CreateHisto1D PhaseSpace: -110: 0:e+: Direction Theta at Zstop = 793004
 CreateHisto1D PhaseSpace: -110: 0:e+: Direction Phi at Zstop = 793005
 CreateHisto1D PhaseSpace: -110: 0:e+: Energy at Zstop = 793006
 CreateHisto1D PhaseSpace: -110: 0:e+: Energy*10 at Zstop = 793106
 CreateHisto1D PhaseSpace: -110: 0:e+: Vx at Zstop = 793007
 CreateHisto1D PhaseSpace: -110: 0:e+: Vy at Zstop = 793008
 CreateHisto1D PhaseSpace: -110: 0:e+: Vz at Zstop = 793009
 CreateHisto2D PhaseSpace: -110: 0:e+: R vs Direction Theta at Zstop = 793011
 CreateHisto2D PhaseSpace: -110: 0:e+: R vs Energy at Zstop = 793012
 CreateHisto2D PhaseSpace: -110: 0:e+: Direction Theta vs Energy at Zstop = 793013
 CreateHisto1D PhaseSpace: -110: 0:e+: Weight at Zstop = 793014
 CreateHisto2D PhaseSpace: -110: 0:e+: X vs Energy at Zstop = 793021
 CreateHisto2D PhaseSpace: -110: 0:e+: X vs Vx at Zstop = 793022
 CreateHistoProfile1D PhaseSpace: -110: 0:e+: X prof weight = 793030
 CreateHisto2D PhaseSpace: -110: 0:e+: X vs log10(Weight) = 793091
 CreateHisto1D PhaseSpace: -78: 0:e+: X at Zstop = 803001
 CreateHisto1D PhaseSpace: -78: 0:e+: X*10 at Zstop = 803101
 CreateHisto1D PhaseSpace: -78: 0:e+: Y at Zstop = 803002
 CreateHisto1D PhaseSpace: -78: 0:e+: Y*10 at Zstop = 803102
 CreateHisto2D PhaseSpace: -78: 0:e+: XY at Zstop = 803009
 CreateHisto1D PhaseSpace: -78: 0:e+: R at Zstop = 803003
 CreateHisto1D PhaseSpace: -78: 0:e+: Direction Theta at Zstop = 803004
 CreateHisto1D PhaseSpace: -78: 0:e+: Direction Phi at Zstop = 803005
 CreateHisto1D PhaseSpace: -78: 0:e+: Energy at Zstop = 803006
 CreateHisto1D PhaseSpace: -78: 0:e+: Energy*10 at Zstop = 803106
 CreateHisto1D PhaseSpace: -78: 0:e+: Vx at Zstop = 803007
 CreateHisto1D PhaseSpace: -78: 0:e+: Vy at Zstop = 803008
 CreateHisto1D PhaseSpace: -78: 0:e+: Vz at Zstop = 803009
 CreateHisto2D PhaseSpace: -78: 0:e+: R vs Direction Theta at Zstop = 803011
 CreateHisto2D PhaseSpace: -78: 0:e+: R vs Energy at Zstop = 803012
 CreateHisto2D PhaseSpace: -78: 0:e+: Direction Theta vs Energy at Zstop = 803013
 CreateHisto1D PhaseSpace: -78: 0:e+: Weight at Zstop = 803014
 CreateHisto2D PhaseSpace: -78: 0:e+: X vs Energy at Zstop = 803021
 CreateHisto2D PhaseSpace: -78: 0:e+: X vs Vx at Zstop = 803022
 CreateHistoProfile1D PhaseSpace: -78: 0:e+: X prof weight = 803030
 CreateHisto2D PhaseSpace: -78: 0:e+: X vs log10(Weight) = 803091
 CreateHisto1D PhaseSpace: -6: 0:e+: X at Zstop = 813001
 CreateHisto1D PhaseSpace: -6: 0:e+: X*10 at Zstop = 813101
 CreateHisto1D PhaseSpace: -6: 0:e+: Y at Zstop = 813002
 CreateHisto1D PhaseSpace: -6: 0:e+: Y*10 at Zstop = 813102
 CreateHisto2D PhaseSpace: -6: 0:e+: XY at Zstop = 813009
 CreateHisto1D PhaseSpace: -6: 0:e+: R at Zstop = 813003
 CreateHisto1D PhaseSpace: -6: 0:e+: Direction Theta at Zstop = 813004
 CreateHisto1D PhaseSpace: -6: 0:e+: Direction Phi at Zstop = 813005
 CreateHisto1D PhaseSpace: -6: 0:e+: Energy at Zstop = 813006
 CreateHisto1D PhaseSpace: -6: 0:e+: Energy*10 at Zstop = 813106
 CreateHisto1D PhaseSpace: -6: 0:e+: Vx at Zstop = 813007
 CreateHisto1D PhaseSpace: -6: 0:e+: Vy at Zstop = 813008
 CreateHisto1D PhaseSpace: -6: 0:e+: Vz at Zstop = 813009
 CreateHisto2D PhaseSpace: -6: 0:e+: R vs Direction Theta at Zstop = 813011
 CreateHisto2D PhaseSpace: -6: 0:e+: R vs Energy at Zstop = 813012
 CreateHisto2D PhaseSpace: -6: 0:e+: Direction Theta vs Energy at Zstop = 813013
 CreateHisto1D PhaseSpace: -6: 0:e+: Weight at Zstop = 813014
 CreateHisto2D PhaseSpace: -6: 0:e+: X vs Energy at Zstop = 813021
 CreateHisto2D PhaseSpace: -6: 0:e+: X vs Vx at Zstop = 813022
 CreateHistoProfile1D PhaseSpace: -6: 0:e+: X prof weight = 813030
 CreateHisto2D PhaseSpace: -6: 0:e+: X vs log10(Weight) = 813091
 %%% EVENT 1000 NTRACKS 7 TOTAL NTRACKS 10222
 %%% EVENT 2000 NTRACKS 6 TOTAL NTRACKS 21217
 %%% EVENT 3000 NTRACKS 12 TOTAL NTRACKS 32065
 %%% EVENT 4000 NTRACKS 4 TOTAL NTRACKS 42823
 %%% EVENT 5000 NTRACKS 10 TOTAL NTRACKS 54065
 %%% EVENT 6000 NTRACKS 13 TOTAL NTRACKS 64667
 %%% EVENT 7000 NTRACKS 14 TOTAL NTRACKS 75382
 %%% EVENT 8000 NTRACKS 31 TOTAL NTRACKS 86519
 %%% EVENT 9000 NTRACKS 19 TOTAL NTRACKS 97002
 %%% EVENT 10000 NTRACKS 16 TOTAL NTRACKS 107576
 %%% EVENT 11000 NTRACKS 8 TOTAL NTRACKS 118287
 %%% EVENT 12000 NTRACKS 12 TOTAL NTRACKS 129292
 %%% EVENT 13000 NTRACKS 15 TOTAL NTRACKS 139631
 %%% EVENT 14000 NTRACKS 16 TOTAL NTRACKS 150018
 %%% EVENT 15000 NTRACKS 7 TOTAL NTRACKS 160651
 %%% EVENT 16000 NTRACKS 13 TOTAL NTRACKS 171666
 %%% EVENT 17000 NTRACKS 16 TOTAL NTRACKS 182462
 %%% EVENT 18000 NTRACKS 15 TOTAL NTRACKS 193006
 %%% EVENT 19000 NTRACKS 6 TOTAL NTRACKS 203886
 %%% EVENT 20000 NTRACKS 11 TOTAL NTRACKS 215009
 %%% EVENT 21000 NTRACKS 14 TOTAL NTRACKS 226004
 %%% EVENT 22000 NTRACKS 9 TOTAL NTRACKS 236060
 %%% EVENT 23000 NTRACKS 3 TOTAL NTRACKS 246968
 %%% EVENT 24000 NTRACKS 16 TOTAL NTRACKS 257937
 %%% EVENT 25000 NTRACKS 9 TOTAL NTRACKS 268673
 %%% EVENT 26000 NTRACKS 7 TOTAL NTRACKS 279895
 %%% EVENT 27000 NTRACKS 13 TOTAL NTRACKS 290953
 %%% EVENT 28000 NTRACKS 9 TOTAL NTRACKS 301777
 %%% EVENT 29000 NTRACKS 5 TOTAL NTRACKS 312309
 %%% EVENT 30000 NTRACKS 13 TOTAL NTRACKS 323033
 %%% EVENT 31000 NTRACKS 13 TOTAL NTRACKS 333714
 %%% EVENT 32000 NTRACKS 27 TOTAL NTRACKS 344705
 %%% EVENT 33000 NTRACKS 10 TOTAL NTRACKS 355217
 %%% EVENT 34000 NTRACKS 7 TOTAL NTRACKS 365739
 %%% EVENT 35000 NTRACKS 8 TOTAL NTRACKS 376826
 %%% EVENT 36000 NTRACKS 6 TOTAL NTRACKS 387986
 %%% EVENT 37000 NTRACKS 4 TOTAL NTRACKS 398596
 %%% EVENT 38000 NTRACKS 36 TOTAL NTRACKS 409473
 %%% EVENT 39000 NTRACKS 2 TOTAL NTRACKS 420284
 %%% EVENT 40000 NTRACKS 6 TOTAL NTRACKS 430913
 %%% EVENT 41000 NTRACKS 2 TOTAL NTRACKS 441924
 %%% EVENT 42000 NTRACKS 11 TOTAL NTRACKS 453253
 %%% EVENT 43000 NTRACKS 11 TOTAL NTRACKS 464341
 %%% EVENT 44000 NTRACKS 11 TOTAL NTRACKS 475033
 %%% EVENT 45000 NTRACKS 2 TOTAL NTRACKS 485800
 %%% EVENT 46000 NTRACKS 6 TOTAL NTRACKS 496832
 %%% EVENT 47000 NTRACKS 10 TOTAL NTRACKS 507539
 %%% EVENT 48000 NTRACKS 17 TOTAL NTRACKS 517863
 %%% EVENT 49000 NTRACKS 5 TOTAL NTRACKS 528629
 %%% EVENT 50000 NTRACKS 11 TOTAL NTRACKS 538788
 %%% EVENT 51000 NTRACKS 13 TOTAL NTRACKS 550224
 %%% EVENT 52000 NTRACKS 16 TOTAL NTRACKS 561012
 %%% EVENT 53000 NTRACKS 12 TOTAL NTRACKS 572323
 %%% EVENT 54000 NTRACKS 2 TOTAL NTRACKS 583365
 %%% EVENT 55000 NTRACKS 16 TOTAL NTRACKS 594086
 %%% EVENT 56000 NTRACKS 17 TOTAL NTRACKS 604979
 %%% EVENT 57000 NTRACKS 16 TOTAL NTRACKS 615763
 %%% EVENT 58000 NTRACKS 16 TOTAL NTRACKS 626719
 %%% EVENT 59000 NTRACKS 9 TOTAL NTRACKS 637455
 %%% EVENT 60000 NTRACKS 10 TOTAL NTRACKS 648403
 %%% EVENT 61000 NTRACKS 48 TOTAL NTRACKS 659113
 %%% EVENT 62000 NTRACKS 7 TOTAL NTRACKS 669790
 %%% EVENT 63000 NTRACKS 4 TOTAL NTRACKS 680630
 %%% EVENT 64000 NTRACKS 5 TOTAL NTRACKS 691557
 %%% EVENT 65000 NTRACKS 8 TOTAL NTRACKS 702115
 %%% EVENT 66000 NTRACKS 22 TOTAL NTRACKS 713164
 %%% EVENT 67000 NTRACKS 24 TOTAL NTRACKS 723911
 %%% EVENT 68000 NTRACKS 4 TOTAL NTRACKS 734966
 %%% EVENT 69000 NTRACKS 6 TOTAL NTRACKS 745767
 %%% EVENT 70000 NTRACKS 17 TOTAL NTRACKS 756266
 %%% EVENT 71000 NTRACKS 10 TOTAL NTRACKS 767078
 %%% EVENT 72000 NTRACKS 5 TOTAL NTRACKS 777943
 %%% EVENT 73000 NTRACKS 19 TOTAL NTRACKS 789206
 %%% EVENT 74000 NTRACKS 8 TOTAL NTRACKS 800091
 %%% EVENT 75000 NTRACKS 8 TOTAL NTRACKS 811235
 %%% EVENT 76000 NTRACKS 18 TOTAL NTRACKS 822375
 %%% EVENT 77000 NTRACKS 7 TOTAL NTRACKS 833026
 %%% EVENT 78000 NTRACKS 7 TOTAL NTRACKS 843824
 %%% EVENT 79000 NTRACKS 6 TOTAL NTRACKS 854511
 %%% EVENT 80000 NTRACKS 2 TOTAL NTRACKS 865039
 %%% EVENT 81000 NTRACKS 5 TOTAL NTRACKS 875690
 %%% EVENT 82000 NTRACKS 8 TOTAL NTRACKS 886608
 %%% EVENT 83000 NTRACKS 2 TOTAL NTRACKS 897478
 %%% EVENT 84000 NTRACKS 7 TOTAL NTRACKS 908338
 %%% EVENT 85000 NTRACKS 6 TOTAL NTRACKS 919386
 %%% EVENT 86000 NTRACKS 8 TOTAL NTRACKS 930225
 %%% EVENT 87000 NTRACKS 5 TOTAL NTRACKS 941221
 %%% EVENT 88000 NTRACKS 6 TOTAL NTRACKS 952064
 %%% EVENT 89000 NTRACKS 13 TOTAL NTRACKS 962813
 %%% EVENT 90000 NTRACKS 7 TOTAL NTRACKS 973657
 %%% EVENT 91000 NTRACKS 3 TOTAL NTRACKS 984461
 %%% EVENT 92000 NTRACKS 5 TOTAL NTRACKS 995523
 %%% EVENT 93000 NTRACKS 10 TOTAL NTRACKS 1.00657e+06
 %%% EVENT 94000 NTRACKS 12 TOTAL NTRACKS 1.01744e+06
 %%% EVENT 95000 NTRACKS 10 TOTAL NTRACKS 1.02806e+06
 %%% EVENT 96000 NTRACKS 10 TOTAL NTRACKS 1.03879e+06
 %%% EVENT 97000 NTRACKS 22 TOTAL NTRACKS 1.05004e+06
 %%% EVENT 98000 NTRACKS 8 TOTAL NTRACKS 1.06112e+06
 %%% EVENT 99000 NTRACKS 9 TOTAL NTRACKS 1.07177e+06
 %%% EVENT 100000 NTRACKS 33 TOTAL NTRACKS 1.08299e+06
 %%% EVENT 101000 NTRACKS 10 TOTAL NTRACKS 1.09402e+06
 %%% EVENT 102000 NTRACKS 11 TOTAL NTRACKS 1.10559e+06
 %%% EVENT 103000 NTRACKS 17 TOTAL NTRACKS 1.1166e+06
 %%% EVENT 104000 NTRACKS 10 TOTAL NTRACKS 1.12734e+06
 %%% EVENT 105000 NTRACKS 10 TOTAL NTRACKS 1.1382e+06
 %%% EVENT 106000 NTRACKS 4 TOTAL NTRACKS 1.14912e+06
 %%% EVENT 107000 NTRACKS 2 TOTAL NTRACKS 1.15956e+06
 %%% EVENT 108000 NTRACKS 6 TOTAL NTRACKS 1.1699e+06
 %%% EVENT 109000 NTRACKS 23 TOTAL NTRACKS 1.18056e+06
 %%% EVENT 110000 NTRACKS 13 TOTAL NTRACKS 1.19154e+06
 %%% EVENT 111000 NTRACKS 5 TOTAL NTRACKS 1.20201e+06
 %%% EVENT 112000 NTRACKS 11 TOTAL NTRACKS 1.21267e+06
 %%% EVENT 113000 NTRACKS 10 TOTAL NTRACKS 1.22388e+06
 %%% EVENT 114000 NTRACKS 11 TOTAL NTRACKS 1.23518e+06
 %%% EVENT 115000 NTRACKS 18 TOTAL NTRACKS 1.24633e+06
 %%% EVENT 116000 NTRACKS 5 TOTAL NTRACKS 1.25696e+06
 %%% EVENT 117000 NTRACKS 5 TOTAL NTRACKS 1.26812e+06
 %%% EVENT 118000 NTRACKS 1 TOTAL NTRACKS 1.27889e+06
 %%% EVENT 119000 NTRACKS 17 TOTAL NTRACKS 1.29011e+06
 %%% EVENT 120000 NTRACKS 17 TOTAL NTRACKS 1.30085e+06
 %%% EVENT 121000 NTRACKS 10 TOTAL NTRACKS 1.31122e+06
 %%% EVENT 122000 NTRACKS 9 TOTAL NTRACKS 1.32181e+06
 %%% EVENT 123000 NTRACKS 9 TOTAL NTRACKS 1.33258e+06
 %%% EVENT 124000 NTRACKS 14 TOTAL NTRACKS 1.34344e+06
 %%% EVENT 125000 NTRACKS 12 TOTAL NTRACKS 1.3542e+06
 %%% EVENT 126000 NTRACKS 8 TOTAL NTRACKS 1.36539e+06
 %%% EVENT 127000 NTRACKS 7 TOTAL NTRACKS 1.37624e+06
 %%% EVENT 128000 NTRACKS 14 TOTAL NTRACKS 1.3869e+06
 %%% EVENT 129000 NTRACKS 14 TOTAL NTRACKS 1.39794e+06
 %%% EVENT 130000 NTRACKS 10 TOTAL NTRACKS 1.40852e+06
 %%% EVENT 131000 NTRACKS 18 TOTAL NTRACKS 1.41939e+06
 %%% EVENT 132000 NTRACKS 30 TOTAL NTRACKS 1.42985e+06
 %%% EVENT 133000 NTRACKS 2 TOTAL NTRACKS 1.44099e+06
 %%% EVENT 134000 NTRACKS 10 TOTAL NTRACKS 1.45204e+06
 %%% EVENT 135000 NTRACKS 5 TOTAL NTRACKS 1.46252e+06
 %%% EVENT 136000 NTRACKS 6 TOTAL NTRACKS 1.47333e+06
 %%% EVENT 137000 NTRACKS 12 TOTAL NTRACKS 1.48362e+06
 %%% EVENT 138000 NTRACKS 3 TOTAL NTRACKS 1.49397e+06
 %%% EVENT 139000 NTRACKS 20 TOTAL NTRACKS 1.5044e+06
 %%% EVENT 140000 NTRACKS 10 TOTAL NTRACKS 1.51491e+06
 %%% EVENT 141000 NTRACKS 6 TOTAL NTRACKS 1.52562e+06
 %%% EVENT 142000 NTRACKS 6 TOTAL NTRACKS 1.53614e+06
 %%% EVENT 143000 NTRACKS 7 TOTAL NTRACKS 1.54698e+06
 %%% EVENT 144000 NTRACKS 7 TOTAL NTRACKS 1.55785e+06
 %%% EVENT 145000 NTRACKS 2 TOTAL NTRACKS 1.56867e+06
 %%% EVENT 146000 NTRACKS 6 TOTAL NTRACKS 1.5793e+06
 %%% EVENT 147000 NTRACKS 5 TOTAL NTRACKS 1.59023e+06
 %%% EVENT 148000 NTRACKS 9 TOTAL NTRACKS 1.60069e+06
 %%% EVENT 149000 NTRACKS 13 TOTAL NTRACKS 1.61098e+06
 %%% EVENT 150000 NTRACKS 14 TOTAL NTRACKS 1.62151e+06
 %%% EVENT 151000 NTRACKS 13 TOTAL NTRACKS 1.63216e+06
 %%% EVENT 152000 NTRACKS 3 TOTAL NTRACKS 1.64277e+06
 %%% EVENT 153000 NTRACKS 8 TOTAL NTRACKS 1.65357e+06
 %%% EVENT 154000 NTRACKS 5 TOTAL NTRACKS 1.66455e+06
 %%% EVENT 155000 NTRACKS 6 TOTAL NTRACKS 1.6753e+06
 %%% EVENT 156000 NTRACKS 8 TOTAL NTRACKS 1.68605e+06
 %%% EVENT 157000 NTRACKS 7 TOTAL NTRACKS 1.69686e+06
 %%% EVENT 158000 NTRACKS 2 TOTAL NTRACKS 1.70734e+06
 %%% EVENT 159000 NTRACKS 8 TOTAL NTRACKS 1.71776e+06
 %%% EVENT 160000 NTRACKS 7 TOTAL NTRACKS 1.72825e+06
 %%% EVENT 161000 NTRACKS 23 TOTAL NTRACKS 1.73886e+06
 %%% EVENT 162000 NTRACKS 14 TOTAL NTRACKS 1.74971e+06
 %%% EVENT 163000 NTRACKS 3 TOTAL NTRACKS 1.76016e+06
 %%% EVENT 164000 NTRACKS 4 TOTAL NTRACKS 1.77071e+06
 %%% EVENT 165000 NTRACKS 11 TOTAL NTRACKS 1.78162e+06
 %%% EVENT 166000 NTRACKS 11 TOTAL NTRACKS 1.7925e+06
 %%% EVENT 167000 NTRACKS 6 TOTAL NTRACKS 1.80262e+06
 %%% EVENT 168000 NTRACKS 14 TOTAL NTRACKS 1.81332e+06
 %%% EVENT 169000 NTRACKS 7 TOTAL NTRACKS 1.82353e+06
 %%% EVENT 170000 NTRACKS 7 TOTAL NTRACKS 1.83444e+06
 %%% EVENT 171000 NTRACKS 3 TOTAL NTRACKS 1.84576e+06
 %%% EVENT 172000 NTRACKS 11 TOTAL NTRACKS 1.85652e+06
 %%% EVENT 173000 NTRACKS 5 TOTAL NTRACKS 1.86761e+06
 %%% EVENT 174000 NTRACKS 8 TOTAL NTRACKS 1.87872e+06
 %%% EVENT 175000 NTRACKS 21 TOTAL NTRACKS 1.88992e+06
 %%% EVENT 176000 NTRACKS 13 TOTAL NTRACKS 1.90077e+06
 %%% EVENT 177000 NTRACKS 13 TOTAL NTRACKS 1.91131e+06
 %%% EVENT 178000 NTRACKS 6 TOTAL NTRACKS 1.92146e+06
 %%% EVENT 179000 NTRACKS 6 TOTAL NTRACKS 1.93226e+06
 %%% EVENT 180000 NTRACKS 6 TOTAL NTRACKS 1.94311e+06
 %%% EVENT 181000 NTRACKS 7 TOTAL NTRACKS 1.95414e+06
 %%% EVENT 182000 NTRACKS 12 TOTAL NTRACKS 1.96466e+06
 %%% EVENT 183000 NTRACKS 17 TOTAL NTRACKS 1.97545e+06
 %%% EVENT 184000 NTRACKS 17 TOTAL NTRACKS 1.98578e+06
 %%% EVENT 185000 NTRACKS 9 TOTAL NTRACKS 1.99638e+06
 %%% EVENT 186000 NTRACKS 22 TOTAL NTRACKS 2.0071e+06
 %%% EVENT 187000 NTRACKS 9 TOTAL NTRACKS 2.01797e+06
 %%% EVENT 188000 NTRACKS 5 TOTAL NTRACKS 2.02867e+06
 %%% EVENT 189000 NTRACKS 5 TOTAL NTRACKS 2.03963e+06
 %%% EVENT 190000 NTRACKS 10 TOTAL NTRACKS 2.05113e+06
 %%% EVENT 191000 NTRACKS 6 TOTAL NTRACKS 2.06155e+06
 %%% EVENT 192000 NTRACKS 18 TOTAL NTRACKS 2.07236e+06
 %%% EVENT 193000 NTRACKS 11 TOTAL NTRACKS 2.0832e+06
 %%% EVENT 194000 NTRACKS 19 TOTAL NTRACKS 2.09427e+06
 %%% EVENT 195000 NTRACKS 11 TOTAL NTRACKS 2.10508e+06
 %%% EVENT 196000 NTRACKS 8 TOTAL NTRACKS 2.11621e+06
 %%% EVENT 197000 NTRACKS 7 TOTAL NTRACKS 2.12709e+06
 %%% EVENT 198000 NTRACKS 11 TOTAL NTRACKS 2.13779e+06
 %%% EVENT 199000 NTRACKS 16 TOTAL NTRACKS 2.14836e+06
 %%% EVENT 200000 NTRACKS 11 TOTAL NTRACKS 2.15948e+06
 %%% EVENT 201000 NTRACKS 4 TOTAL NTRACKS 2.17009e+06
 %%% EVENT 202000 NTRACKS 12 TOTAL NTRACKS 2.18081e+06
 %%% EVENT 203000 NTRACKS 7 TOTAL NTRACKS 2.19167e+06
 %%% EVENT 204000 NTRACKS 17 TOTAL NTRACKS 2.20218e+06
 %%% EVENT 205000 NTRACKS 6 TOTAL NTRACKS 2.21314e+06
 %%% EVENT 206000 NTRACKS 7 TOTAL NTRACKS 2.22382e+06
 %%% EVENT 207000 NTRACKS 4 TOTAL NTRACKS 2.23424e+06
 %%% EVENT 208000 NTRACKS 6 TOTAL NTRACKS 2.24528e+06
 %%% EVENT 209000 NTRACKS 14 TOTAL NTRACKS 2.2562e+06
 %%% EVENT 210000 NTRACKS 13 TOTAL NTRACKS 2.26701e+06
 %%% EVENT 211000 NTRACKS 8 TOTAL NTRACKS 2.27764e+06
 %%% EVENT 212000 NTRACKS 6 TOTAL NTRACKS 2.2881e+06
 %%% EVENT 213000 NTRACKS 45 TOTAL NTRACKS 2.29879e+06
 %%% EVENT 214000 NTRACKS 5 TOTAL NTRACKS 2.30985e+06
 %%% EVENT 215000 NTRACKS 1 TOTAL NTRACKS 2.32057e+06
 %%% EVENT 216000 NTRACKS 11 TOTAL NTRACKS 2.33111e+06
 %%% EVENT 217000 NTRACKS 11 TOTAL NTRACKS 2.34175e+06
 %%% EVENT 218000 NTRACKS 10 TOTAL NTRACKS 2.35268e+06
 %%% EVENT 219000 NTRACKS 3 TOTAL NTRACKS 2.36339e+06
 %%% EVENT 220000 NTRACKS 5 TOTAL NTRACKS 2.37426e+06
 %%% EVENT 221000 NTRACKS 13 TOTAL NTRACKS 2.38495e+06
 %%% EVENT 222000 NTRACKS 9 TOTAL NTRACKS 2.39619e+06
 %%% EVENT 223000 NTRACKS 12 TOTAL NTRACKS 2.40764e+06
 %%% EVENT 224000 NTRACKS 34 TOTAL NTRACKS 2.41876e+06
 %%% EVENT 225000 NTRACKS 9 TOTAL NTRACKS 2.42939e+06
 %%% EVENT 226000 NTRACKS 11 TOTAL NTRACKS 2.44024e+06
 %%% EVENT 227000 NTRACKS 5 TOTAL NTRACKS 2.45093e+06
 %%% EVENT 228000 NTRACKS 12 TOTAL NTRACKS 2.46222e+06
 %%% EVENT 229000 NTRACKS 4 TOTAL NTRACKS 2.47234e+06
 %%% EVENT 230000 NTRACKS 10 TOTAL NTRACKS 2.48332e+06
 %%% EVENT 231000 NTRACKS 7 TOTAL NTRACKS 2.49385e+06
 %%% EVENT 232000 NTRACKS 18 TOTAL NTRACKS 2.50467e+06
 %%% EVENT 233000 NTRACKS 1 TOTAL NTRACKS 2.51466e+06
 %%% EVENT 234000 NTRACKS 9 TOTAL NTRACKS 2.52475e+06
 %%% EVENT 235000 NTRACKS 6 TOTAL NTRACKS 2.53624e+06
 %%% EVENT 236000 NTRACKS 14 TOTAL NTRACKS 2.54702e+06
 %%% EVENT 237000 NTRACKS 14 TOTAL NTRACKS 2.55766e+06
 %%% EVENT 238000 NTRACKS 4 TOTAL NTRACKS 2.56857e+06
 %%% EVENT 239000 NTRACKS 1 TOTAL NTRACKS 2.57917e+06
 %%% EVENT 240000 NTRACKS 1 TOTAL NTRACKS 2.59002e+06
 %%% EVENT 241000 NTRACKS 7 TOTAL NTRACKS 2.60076e+06
 %%% EVENT 242000 NTRACKS 8 TOTAL NTRACKS 2.6119e+06
 %%% EVENT 243000 NTRACKS 14 TOTAL NTRACKS 2.62256e+06
 %%% EVENT 244000 NTRACKS 22 TOTAL NTRACKS 2.63324e+06
 %%% EVENT 245000 NTRACKS 9 TOTAL NTRACKS 2.64487e+06
 %%% EVENT 246000 NTRACKS 8 TOTAL NTRACKS 2.65564e+06
 %%% EVENT 247000 NTRACKS 1 TOTAL NTRACKS 2.66659e+06
 %%% EVENT 248000 NTRACKS 14 TOTAL NTRACKS 2.6775e+06
 %%% EVENT 249000 NTRACKS 2 TOTAL NTRACKS 2.68836e+06
 %%% EVENT 250000 NTRACKS 3 TOTAL NTRACKS 2.69911e+06
 %%% EVENT 251000 NTRACKS 12 TOTAL NTRACKS 2.70988e+06
 %%% EVENT 252000 NTRACKS 4 TOTAL NTRACKS 2.72068e+06
 %%% EVENT 253000 NTRACKS 10 TOTAL NTRACKS 2.73146e+06
 %%% EVENT 254000 NTRACKS 2 TOTAL NTRACKS 2.74196e+06
 %%% EVENT 255000 NTRACKS 13 TOTAL NTRACKS 2.75271e+06
 %%% EVENT 256000 NTRACKS 13 TOTAL NTRACKS 2.76391e+06
 %%% EVENT 257000 NTRACKS 5 TOTAL NTRACKS 2.7745e+06
 %%% EVENT 258000 NTRACKS 10 TOTAL NTRACKS 2.78557e+06
 %%% EVENT 259000 NTRACKS 1 TOTAL NTRACKS 2.79656e+06
 %%% EVENT 260000 NTRACKS 8 TOTAL NTRACKS 2.80713e+06
 %%% EVENT 261000 NTRACKS 2 TOTAL NTRACKS 2.81802e+06
 %%% EVENT 262000 NTRACKS 22 TOTAL NTRACKS 2.82854e+06
 %%% EVENT 263000 NTRACKS 9 TOTAL NTRACKS 2.8392e+06
 %%% EVENT 264000 NTRACKS 10 TOTAL NTRACKS 2.85078e+06
 %%% EVENT 265000 NTRACKS 8 TOTAL NTRACKS 2.86144e+06
 %%% EVENT 266000 NTRACKS 9 TOTAL NTRACKS 2.87265e+06
 %%% EVENT 267000 NTRACKS 5 TOTAL NTRACKS 2.88341e+06
 %%% EVENT 268000 NTRACKS 15 TOTAL NTRACKS 2.89406e+06
 %%% EVENT 269000 NTRACKS 1 TOTAL NTRACKS 2.90457e+06
 %%% EVENT 270000 NTRACKS 27 TOTAL NTRACKS 2.91542e+06
 %%% EVENT 271000 NTRACKS 12 TOTAL NTRACKS 2.92567e+06
 %%% EVENT 272000 NTRACKS 14 TOTAL NTRACKS 2.93679e+06
 %%% EVENT 273000 NTRACKS 19 TOTAL NTRACKS 2.94752e+06
 %%% EVENT 274000 NTRACKS 20 TOTAL NTRACKS 2.95853e+06
 %%% EVENT 275000 NTRACKS 4 TOTAL NTRACKS 2.96914e+06
 %%% EVENT 276000 NTRACKS 5 TOTAL NTRACKS 2.98017e+06
 %%% EVENT 277000 NTRACKS 10 TOTAL NTRACKS 2.99077e+06
 %%% EVENT 278000 NTRACKS 11 TOTAL NTRACKS 3.00148e+06
 %%% EVENT 279000 NTRACKS 23 TOTAL NTRACKS 3.01235e+06
 %%% EVENT 280000 NTRACKS 11 TOTAL NTRACKS 3.02327e+06
 %%% EVENT 281000 NTRACKS 10 TOTAL NTRACKS 3.03391e+06
 %%% EVENT 282000 NTRACKS 8 TOTAL NTRACKS 3.04451e+06
 %%% EVENT 283000 NTRACKS 11 TOTAL NTRACKS 3.05514e+06
 %%% EVENT 284000 NTRACKS 10 TOTAL NTRACKS 3.06574e+06
 %%% EVENT 285000 NTRACKS 2 TOTAL NTRACKS 3.07679e+06
 %%% EVENT 286000 NTRACKS 10 TOTAL NTRACKS 3.08741e+06
 %%% EVENT 287000 NTRACKS 14 TOTAL NTRACKS 3.0983e+06
 %%% EVENT 288000 NTRACKS 25 TOTAL NTRACKS 3.10878e+06
 %%% EVENT 289000 NTRACKS 5 TOTAL NTRACKS 3.11956e+06
 %%% EVENT 290000 NTRACKS 5 TOTAL NTRACKS 3.13046e+06
 %%% EVENT 291000 NTRACKS 7 TOTAL NTRACKS 3.14093e+06
 %%% EVENT 292000 NTRACKS 18 TOTAL NTRACKS 3.15199e+06
 %%% EVENT 293000 NTRACKS 18 TOTAL NTRACKS 3.16309e+06
 %%% EVENT 294000 NTRACKS 12 TOTAL NTRACKS 3.17386e+06
 %%% EVENT 295000 NTRACKS 16 TOTAL NTRACKS 3.18461e+06
 %%% EVENT 296000 NTRACKS 5 TOTAL NTRACKS 3.19574e+06
 %%% EVENT 297000 NTRACKS 5 TOTAL NTRACKS 3.20643e+06
 %%% EVENT 298000 NTRACKS 10 TOTAL NTRACKS 3.2168e+06
 %%% EVENT 299000 NTRACKS 6 TOTAL NTRACKS 3.22758e+06
 %%% EVENT 300000 NTRACKS 8 TOTAL NTRACKS 3.23865e+06
 %%% EVENT 301000 NTRACKS 18 TOTAL NTRACKS 3.24967e+06
 %%% EVENT 302000 NTRACKS 15 TOTAL NTRACKS 3.26075e+06
 %%% EVENT 303000 NTRACKS 3 TOTAL NTRACKS 3.27121e+06
 %%% EVENT 304000 NTRACKS 8 TOTAL NTRACKS 3.28193e+06
 %%% EVENT 305000 NTRACKS 10 TOTAL NTRACKS 3.29308e+06
 %%% EVENT 306000 NTRACKS 3 TOTAL NTRACKS 3.30383e+06
 %%% EVENT 307000 NTRACKS 4 TOTAL NTRACKS 3.31447e+06
 %%% EVENT 308000 NTRACKS 14 TOTAL NTRACKS 3.3258e+06
 %%% EVENT 309000 NTRACKS 4 TOTAL NTRACKS 3.33676e+06
 %%% EVENT 310000 NTRACKS 4 TOTAL NTRACKS 3.3474e+06
 %%% EVENT 311000 NTRACKS 17 TOTAL NTRACKS 3.35824e+06
 %%% EVENT 312000 NTRACKS 39 TOTAL NTRACKS 3.36902e+06
 %%% EVENT 313000 NTRACKS 15 TOTAL NTRACKS 3.37972e+06
 %%% EVENT 314000 NTRACKS 14 TOTAL NTRACKS 3.39054e+06
 %%% EVENT 315000 NTRACKS 48 TOTAL NTRACKS 3.40107e+06
 %%% EVENT 316000 NTRACKS 26 TOTAL NTRACKS 3.41214e+06
 %%% EVENT 317000 NTRACKS 12 TOTAL NTRACKS 3.42316e+06
 %%% EVENT 318000 NTRACKS 5 TOTAL NTRACKS 3.4344e+06
 %%% EVENT 319000 NTRACKS 10 TOTAL NTRACKS 3.44489e+06
 %%% EVENT 320000 NTRACKS 9 TOTAL NTRACKS 3.45533e+06
 %%% EVENT 321000 NTRACKS 7 TOTAL NTRACKS 3.46604e+06
 %%% EVENT 322000 NTRACKS 3 TOTAL NTRACKS 3.47674e+06
 %%% EVENT 323000 NTRACKS 41 TOTAL NTRACKS 3.48782e+06
 %%% EVENT 324000 NTRACKS 23 TOTAL NTRACKS 3.49814e+06
 %%% EVENT 325000 NTRACKS 8 TOTAL NTRACKS 3.50935e+06
 %%% EVENT 326000 NTRACKS 5 TOTAL NTRACKS 3.51992e+06
 %%% EVENT 327000 NTRACKS 3 TOTAL NTRACKS 3.53062e+06
 %%% EVENT 328000 NTRACKS 7 TOTAL NTRACKS 3.5416e+06
 %%% EVENT 329000 NTRACKS 12 TOTAL NTRACKS 3.55267e+06
 %%% EVENT 330000 NTRACKS 14 TOTAL NTRACKS 3.5636e+06
 %%% EVENT 331000 NTRACKS 6 TOTAL NTRACKS 3.5748e+06
 %%% EVENT 332000 NTRACKS 3 TOTAL NTRACKS 3.58542e+06
 %%% EVENT 333000 NTRACKS 7 TOTAL NTRACKS 3.59637e+06
 %%% EVENT 334000 NTRACKS 4 TOTAL NTRACKS 3.60691e+06
 %%% EVENT 335000 NTRACKS 6 TOTAL NTRACKS 3.61749e+06
 %%% EVENT 336000 NTRACKS 7 TOTAL NTRACKS 3.62804e+06
 %%% EVENT 337000 NTRACKS 14 TOTAL NTRACKS 3.63872e+06
 %%% EVENT 338000 NTRACKS 4 TOTAL NTRACKS 3.64989e+06
 %%% EVENT 339000 NTRACKS 33 TOTAL NTRACKS 3.66052e+06
 %%% EVENT 340000 NTRACKS 11 TOTAL NTRACKS 3.6712e+06
 %%% EVENT 341000 NTRACKS 10 TOTAL NTRACKS 3.68204e+06
 %%% EVENT 342000 NTRACKS 3 TOTAL NTRACKS 3.69249e+06
 %%% EVENT 343000 NTRACKS 2 TOTAL NTRACKS 3.70314e+06
 %%% EVENT 344000 NTRACKS 3 TOTAL NTRACKS 3.71411e+06
 %%% EVENT 345000 NTRACKS 8 TOTAL NTRACKS 3.7251e+06
 %%% EVENT 346000 NTRACKS 7 TOTAL NTRACKS 3.7359e+06
 %%% EVENT 347000 NTRACKS 11 TOTAL NTRACKS 3.74677e+06
 %%% EVENT 348000 NTRACKS 5 TOTAL NTRACKS 3.75771e+06
 %%% EVENT 349000 NTRACKS 13 TOTAL NTRACKS 3.76862e+06
 %%% EVENT 350000 NTRACKS 7 TOTAL NTRACKS 3.77949e+06
 %%% EVENT 351000 NTRACKS 21 TOTAL NTRACKS 3.79002e+06
 %%% EVENT 352000 NTRACKS 7 TOTAL NTRACKS 3.80068e+06
 %%% EVENT 353000 NTRACKS 8 TOTAL NTRACKS 3.81146e+06
 %%% EVENT 354000 NTRACKS 3 TOTAL NTRACKS 3.82254e+06
 %%% EVENT 355000 NTRACKS 10 TOTAL NTRACKS 3.83289e+06
 %%% EVENT 356000 NTRACKS 5 TOTAL NTRACKS 3.84389e+06
 %%% EVENT 357000 NTRACKS 13 TOTAL NTRACKS 3.85463e+06
 %%% EVENT 358000 NTRACKS 26 TOTAL NTRACKS 3.86555e+06
 %%% EVENT 359000 NTRACKS 10 TOTAL NTRACKS 3.87635e+06
 %%% EVENT 360000 NTRACKS 6 TOTAL NTRACKS 3.88705e+06
 %%% EVENT 361000 NTRACKS 14 TOTAL NTRACKS 3.89769e+06
 %%% EVENT 362000 NTRACKS 12 TOTAL NTRACKS 3.90851e+06
 %%% EVENT 363000 NTRACKS 20 TOTAL NTRACKS 3.91878e+06
 %%% EVENT 364000 NTRACKS 16 TOTAL NTRACKS 3.92969e+06
 %%% EVENT 365000 NTRACKS 15 TOTAL NTRACKS 3.94054e+06
 %%% EVENT 366000 NTRACKS 12 TOTAL NTRACKS 3.95105e+06
 %%% EVENT 367000 NTRACKS 10 TOTAL NTRACKS 3.9615e+06
 %%% EVENT 368000 NTRACKS 15 TOTAL NTRACKS 3.97227e+06
 %%% EVENT 369000 NTRACKS 6 TOTAL NTRACKS 3.98312e+06
 %%% EVENT 370000 NTRACKS 6 TOTAL NTRACKS 3.99418e+06
 %%% EVENT 371000 NTRACKS 1 TOTAL NTRACKS 4.00472e+06
 %%% EVENT 372000 NTRACKS 6 TOTAL NTRACKS 4.01514e+06
 %%% EVENT 373000 NTRACKS 13 TOTAL NTRACKS 4.02602e+06
 %%% EVENT 374000 NTRACKS 4 TOTAL NTRACKS 4.03698e+06
 %%% EVENT 375000 NTRACKS 6 TOTAL NTRACKS 4.04759e+06
 %%% EVENT 376000 NTRACKS 11 TOTAL NTRACKS 4.05835e+06
 %%% EVENT 377000 NTRACKS 8 TOTAL NTRACKS 4.06922e+06
 %%% EVENT 378000 NTRACKS 14 TOTAL NTRACKS 4.08031e+06
 %%% EVENT 379000 NTRACKS 10 TOTAL NTRACKS 4.09127e+06
 %%% EVENT 380000 NTRACKS 8 TOTAL NTRACKS 4.10164e+06
 %%% EVENT 381000 NTRACKS 7 TOTAL NTRACKS 4.11234e+06
 %%% EVENT 382000 NTRACKS 7 TOTAL NTRACKS 4.12303e+06
 %%% EVENT 383000 NTRACKS 13 TOTAL NTRACKS 4.13376e+06
 %%% EVENT 384000 NTRACKS 8 TOTAL NTRACKS 4.14471e+06
 %%% EVENT 385000 NTRACKS 11 TOTAL NTRACKS 4.15545e+06
 %%% EVENT 386000 NTRACKS 16 TOTAL NTRACKS 4.16625e+06
 %%% EVENT 387000 NTRACKS 14 TOTAL NTRACKS 4.17706e+06
 %%% EVENT 388000 NTRACKS 20 TOTAL NTRACKS 4.18756e+06
 %%% EVENT 389000 NTRACKS 3 TOTAL NTRACKS 4.19808e+06
 %%% EVENT 390000 NTRACKS 7 TOTAL NTRACKS 4.20933e+06
 %%% EVENT 391000 NTRACKS 7 TOTAL NTRACKS 4.2202e+06
 %%% EVENT 392000 NTRACKS 9 TOTAL NTRACKS 4.23115e+06
 %%% EVENT 393000 NTRACKS 10 TOTAL NTRACKS 4.24209e+06
 %%% EVENT 394000 NTRACKS 8 TOTAL NTRACKS 4.25292e+06
 %%% EVENT 395000 NTRACKS 8 TOTAL NTRACKS 4.26325e+06
 %%% EVENT 396000 NTRACKS 2 TOTAL NTRACKS 4.27403e+06
 %%% EVENT 397000 NTRACKS 3 TOTAL NTRACKS 4.28467e+06
 %%% EVENT 398000 NTRACKS 8 TOTAL NTRACKS 4.29563e+06
 %%% EVENT 399000 NTRACKS 19 TOTAL NTRACKS 4.30622e+06
 %%% EVENT 400000 NTRACKS 11 TOTAL NTRACKS 4.31679e+06
 %%% EVENT 401000 NTRACKS 6 TOTAL NTRACKS 4.32742e+06
 %%% EVENT 402000 NTRACKS 12 TOTAL NTRACKS 4.33826e+06
 %%% EVENT 403000 NTRACKS 16 TOTAL NTRACKS 4.34905e+06
 %%% EVENT 404000 NTRACKS 7 TOTAL NTRACKS 4.35969e+06
 %%% EVENT 405000 NTRACKS 6 TOTAL NTRACKS 4.37047e+06
 %%% EVENT 406000 NTRACKS 7 TOTAL NTRACKS 4.38115e+06
 %%% EVENT 407000 NTRACKS 2 TOTAL NTRACKS 4.39187e+06
 %%% EVENT 408000 NTRACKS 14 TOTAL NTRACKS 4.40242e+06
 %%% EVENT 409000 NTRACKS 4 TOTAL NTRACKS 4.41301e+06
 %%% EVENT 410000 NTRACKS 3 TOTAL NTRACKS 4.42356e+06
 %%% EVENT 411000 NTRACKS 13 TOTAL NTRACKS 4.43472e+06
 %%% EVENT 412000 NTRACKS 4 TOTAL NTRACKS 4.44592e+06
 %%% EVENT 413000 NTRACKS 6 TOTAL NTRACKS 4.45666e+06
 %%% EVENT 414000 NTRACKS 11 TOTAL NTRACKS 4.4677e+06
 %%% EVENT 415000 NTRACKS 8 TOTAL NTRACKS 4.47823e+06
 %%% EVENT 416000 NTRACKS 22 TOTAL NTRACKS 4.48907e+06
 %%% EVENT 417000 NTRACKS 1 TOTAL NTRACKS 4.49948e+06
 %%% EVENT 418000 NTRACKS 6 TOTAL NTRACKS 4.51033e+06
 %%% EVENT 419000 NTRACKS 2 TOTAL NTRACKS 4.52087e+06
 %%% EVENT 420000 NTRACKS 5 TOTAL NTRACKS 4.5317e+06
 %%% EVENT 421000 NTRACKS 11 TOTAL NTRACKS 4.54207e+06
 %%% EVENT 422000 NTRACKS 2 TOTAL NTRACKS 4.55276e+06
 %%% EVENT 423000 NTRACKS 13 TOTAL NTRACKS 4.56389e+06
 %%% EVENT 424000 NTRACKS 9 TOTAL NTRACKS 4.57453e+06
 %%% EVENT 425000 NTRACKS 10 TOTAL NTRACKS 4.58521e+06
 %%% EVENT 426000 NTRACKS 11 TOTAL NTRACKS 4.59625e+06
 %%% EVENT 427000 NTRACKS 10 TOTAL NTRACKS 4.60681e+06
 %%% EVENT 428000 NTRACKS 3 TOTAL NTRACKS 4.61836e+06
 %%% EVENT 429000 NTRACKS 7 TOTAL NTRACKS 4.62911e+06
 %%% EVENT 430000 NTRACKS 9 TOTAL NTRACKS 4.6398e+06
 %%% EVENT 431000 NTRACKS 19 TOTAL NTRACKS 4.65056e+06
 %%% EVENT 432000 NTRACKS 15 TOTAL NTRACKS 4.66128e+06
 %%% EVENT 433000 NTRACKS 10 TOTAL NTRACKS 4.67199e+06
 %%% EVENT 434000 NTRACKS 6 TOTAL NTRACKS 4.6827e+06
 %%% EVENT 435000 NTRACKS 10 TOTAL NTRACKS 4.69352e+06
 %%% EVENT 436000 NTRACKS 8 TOTAL NTRACKS 4.70433e+06
 %%% EVENT 437000 NTRACKS 7 TOTAL NTRACKS 4.71515e+06
 %%% EVENT 438000 NTRACKS 5 TOTAL NTRACKS 4.7257e+06
 %%% EVENT 439000 NTRACKS 10 TOTAL NTRACKS 4.73658e+06
 %%% EVENT 440000 NTRACKS 10 TOTAL NTRACKS 4.74722e+06
 %%% EVENT 441000 NTRACKS 18 TOTAL NTRACKS 4.75783e+06
 %%% EVENT 442000 NTRACKS 11 TOTAL NTRACKS 4.76852e+06
 %%% EVENT 443000 NTRACKS 54 TOTAL NTRACKS 4.77943e+06
 %%% EVENT 444000 NTRACKS 28 TOTAL NTRACKS 4.78988e+06
 %%% EVENT 445000 NTRACKS 10 TOTAL NTRACKS 4.80088e+06
 %%% EVENT 446000 NTRACKS 20 TOTAL NTRACKS 4.81142e+06
 %%% EVENT 447000 NTRACKS 1 TOTAL NTRACKS 4.82224e+06
 %%% EVENT 448000 NTRACKS 2 TOTAL NTRACKS 4.83288e+06
 %%% EVENT 449000 NTRACKS 15 TOTAL NTRACKS 4.84401e+06
 %%% EVENT 450000 NTRACKS 5 TOTAL NTRACKS 4.8549e+06
 %%% EVENT 451000 NTRACKS 4 TOTAL NTRACKS 4.86594e+06
 %%% EVENT 452000 NTRACKS 4 TOTAL NTRACKS 4.8769e+06
 %%% EVENT 453000 NTRACKS 5 TOTAL NTRACKS 4.88758e+06
 %%% EVENT 454000 NTRACKS 6 TOTAL NTRACKS 4.89836e+06
 %%% EVENT 455000 NTRACKS 14 TOTAL NTRACKS 4.90914e+06
 %%% EVENT 456000 NTRACKS 9 TOTAL NTRACKS 4.91983e+06
 %%% EVENT 457000 NTRACKS 16 TOTAL NTRACKS 4.93061e+06
 %%% EVENT 458000 NTRACKS 19 TOTAL NTRACKS 4.94124e+06
 %%% EVENT 459000 NTRACKS 7 TOTAL NTRACKS 4.95225e+06
 %%% EVENT 460000 NTRACKS 13 TOTAL NTRACKS 4.96339e+06
 %%% EVENT 461000 NTRACKS 7 TOTAL NTRACKS 4.9746e+06
 %%% EVENT 462000 NTRACKS 7 TOTAL NTRACKS 4.98518e+06
 %%% EVENT 463000 NTRACKS 6 TOTAL NTRACKS 4.99587e+06
 %%% EVENT 464000 NTRACKS 13 TOTAL NTRACKS 5.00703e+06
 %%% EVENT 465000 NTRACKS 17 TOTAL NTRACKS 5.01808e+06
 %%% EVENT 466000 NTRACKS 9 TOTAL NTRACKS 5.02881e+06
 %%% EVENT 467000 NTRACKS 9 TOTAL NTRACKS 5.03946e+06
 %%% EVENT 468000 NTRACKS 1 TOTAL NTRACKS 5.0502e+06
 %%% EVENT 469000 NTRACKS 7 TOTAL NTRACKS 5.06113e+06
 %%% EVENT 470000 NTRACKS 22 TOTAL NTRACKS 5.0715e+06
 %%% EVENT 471000 NTRACKS 11 TOTAL NTRACKS 5.08305e+06
 %%% EVENT 472000 NTRACKS 19 TOTAL NTRACKS 5.09375e+06
 %%% EVENT 473000 NTRACKS 15 TOTAL NTRACKS 5.10439e+06
 %%% EVENT 474000 NTRACKS 9 TOTAL NTRACKS 5.11555e+06
 %%% EVENT 475000 NTRACKS 11 TOTAL NTRACKS 5.12603e+06
 %%% EVENT 476000 NTRACKS 23 TOTAL NTRACKS 5.13667e+06
 %%% EVENT 477000 NTRACKS 2 TOTAL NTRACKS 5.14743e+06
 %%% EVENT 478000 NTRACKS 8 TOTAL NTRACKS 5.15803e+06
 %%% EVENT 479000 NTRACKS 10 TOTAL NTRACKS 5.1687e+06
 %%% EVENT 480000 NTRACKS 7 TOTAL NTRACKS 5.17926e+06
 %%% EVENT 481000 NTRACKS 20 TOTAL NTRACKS 5.18979e+06
 %%% EVENT 482000 NTRACKS 10 TOTAL NTRACKS 5.2004e+06
 %%% EVENT 483000 NTRACKS 4 TOTAL NTRACKS 5.21129e+06
 %%% EVENT 484000 NTRACKS 7 TOTAL NTRACKS 5.22213e+06
 %%% EVENT 485000 NTRACKS 13 TOTAL NTRACKS 5.23267e+06
 %%% EVENT 486000 NTRACKS 11 TOTAL NTRACKS 5.24325e+06
 %%% EVENT 487000 NTRACKS 6 TOTAL NTRACKS 5.25371e+06
 %%% EVENT 488000 NTRACKS 4 TOTAL NTRACKS 5.2645e+06
 %%% EVENT 489000 NTRACKS 6 TOTAL NTRACKS 5.27536e+06
 %%% EVENT 490000 NTRACKS 18 TOTAL NTRACKS 5.28612e+06
 %%% EVENT 491000 NTRACKS 10 TOTAL NTRACKS 5.29669e+06
 %%% EVENT 492000 NTRACKS 34 TOTAL NTRACKS 5.30845e+06
 %%% EVENT 493000 NTRACKS 4 TOTAL NTRACKS 5.31938e+06
 %%% EVENT 494000 NTRACKS 15 TOTAL NTRACKS 5.32981e+06
 %%% EVENT 495000 NTRACKS 2 TOTAL NTRACKS 5.3405e+06
 %%% EVENT 496000 NTRACKS 24 TOTAL NTRACKS 5.35115e+06
 %%% EVENT 497000 NTRACKS 21 TOTAL NTRACKS 5.36202e+06
 %%% EVENT 498000 NTRACKS 2 TOTAL NTRACKS 5.37282e+06
 %%% EVENT 499000 NTRACKS 17 TOTAL NTRACKS 5.3836e+06
 %%% EVENT 500000 NTRACKS 3 TOTAL NTRACKS 5.39416e+06
 %%% EVENT 501000 NTRACKS 14 TOTAL NTRACKS 5.40475e+06
 %%% EVENT 502000 NTRACKS 7 TOTAL NTRACKS 5.41524e+06
 %%% EVENT 503000 NTRACKS 3 TOTAL NTRACKS 5.4256e+06
 %%% EVENT 504000 NTRACKS 10 TOTAL NTRACKS 5.43606e+06
 %%% EVENT 505000 NTRACKS 20 TOTAL NTRACKS 5.44686e+06
 %%% EVENT 506000 NTRACKS 11 TOTAL NTRACKS 5.45763e+06
 %%% EVENT 507000 NTRACKS 16 TOTAL NTRACKS 5.46875e+06
 %%% EVENT 508000 NTRACKS 7 TOTAL NTRACKS 5.47931e+06
 %%% EVENT 509000 NTRACKS 12 TOTAL NTRACKS 5.49013e+06
 %%% EVENT 510000 NTRACKS 20 TOTAL NTRACKS 5.50095e+06
 %%% EVENT 511000 NTRACKS 10 TOTAL NTRACKS 5.51178e+06
 %%% EVENT 512000 NTRACKS 10 TOTAL NTRACKS 5.5231e+06
 %%% EVENT 513000 NTRACKS 15 TOTAL NTRACKS 5.53415e+06
 %%% EVENT 514000 NTRACKS 5 TOTAL NTRACKS 5.54484e+06
 %%% EVENT 515000 NTRACKS 17 TOTAL NTRACKS 5.55523e+06
 %%% EVENT 516000 NTRACKS 6 TOTAL NTRACKS 5.56624e+06
 %%% EVENT 517000 NTRACKS 4 TOTAL NTRACKS 5.57743e+06
 %%% EVENT 518000 NTRACKS 10 TOTAL NTRACKS 5.58793e+06
 %%% EVENT 519000 NTRACKS 13 TOTAL NTRACKS 5.59924e+06
 %%% EVENT 520000 NTRACKS 29 TOTAL NTRACKS 5.61046e+06
 %%% EVENT 521000 NTRACKS 16 TOTAL NTRACKS 5.62154e+06
 %%% EVENT 522000 NTRACKS 10 TOTAL NTRACKS 5.63196e+06
 %%% EVENT 523000 NTRACKS 20 TOTAL NTRACKS 5.64286e+06
 %%% EVENT 524000 NTRACKS 9 TOTAL NTRACKS 5.65326e+06
 %%% EVENT 525000 NTRACKS 4 TOTAL NTRACKS 5.66403e+06
 %%% EVENT 526000 NTRACKS 5 TOTAL NTRACKS 5.6745e+06
 %%% EVENT 527000 NTRACKS 6 TOTAL NTRACKS 5.6849e+06
 %%% EVENT 528000 NTRACKS 16 TOTAL NTRACKS 5.69594e+06
 %%% EVENT 529000 NTRACKS 22 TOTAL NTRACKS 5.70685e+06
 %%% EVENT 530000 NTRACKS 6 TOTAL NTRACKS 5.71774e+06
 %%% EVENT 531000 NTRACKS 10 TOTAL NTRACKS 5.72845e+06
 %%% EVENT 532000 NTRACKS 37 TOTAL NTRACKS 5.73933e+06
 %%% EVENT 533000 NTRACKS 10 TOTAL NTRACKS 5.7507e+06
 %%% EVENT 534000 NTRACKS 12 TOTAL NTRACKS 5.76142e+06
 %%% EVENT 535000 NTRACKS 9 TOTAL NTRACKS 5.77244e+06
 %%% EVENT 536000 NTRACKS 32 TOTAL NTRACKS 5.78305e+06
 %%% EVENT 537000 NTRACKS 11 TOTAL NTRACKS 5.79396e+06
 %%% EVENT 538000 NTRACKS 13 TOTAL NTRACKS 5.80461e+06
 %%% EVENT 539000 NTRACKS 15 TOTAL NTRACKS 5.81569e+06
 %%% EVENT 540000 NTRACKS 15 TOTAL NTRACKS 5.82654e+06
 %%% EVENT 541000 NTRACKS 3 TOTAL NTRACKS 5.83697e+06
 %%% EVENT 542000 NTRACKS 8 TOTAL NTRACKS 5.84736e+06
 %%% EVENT 543000 NTRACKS 5 TOTAL NTRACKS 5.85788e+06
 %%% EVENT 544000 NTRACKS 13 TOTAL NTRACKS 5.86858e+06
 %%% EVENT 545000 NTRACKS 6 TOTAL NTRACKS 5.87931e+06
 %%% EVENT 546000 NTRACKS 4 TOTAL NTRACKS 5.89004e+06
 %%% EVENT 547000 NTRACKS 7 TOTAL NTRACKS 5.9011e+06
 %%% EVENT 548000 NTRACKS 20 TOTAL NTRACKS 5.91185e+06
 %%% EVENT 549000 NTRACKS 15 TOTAL NTRACKS 5.92286e+06
 %%% EVENT 550000 NTRACKS 7 TOTAL NTRACKS 5.93335e+06
 %%% EVENT 551000 NTRACKS 11 TOTAL NTRACKS 5.94403e+06
 %%% EVENT 552000 NTRACKS 19 TOTAL NTRACKS 5.95469e+06
 %%% EVENT 553000 NTRACKS 6 TOTAL NTRACKS 5.96542e+06
 %%% EVENT 554000 NTRACKS 12 TOTAL NTRACKS 5.97602e+06
 %%% EVENT 555000 NTRACKS 4 TOTAL NTRACKS 5.98723e+06
 %%% EVENT 556000 NTRACKS 3 TOTAL NTRACKS 5.99795e+06
 %%% EVENT 557000 NTRACKS 3 TOTAL NTRACKS 6.0089e+06
 %%% EVENT 558000 NTRACKS 11 TOTAL NTRACKS 6.01985e+06
 %%% EVENT 559000 NTRACKS 5 TOTAL NTRACKS 6.03087e+06
 %%% EVENT 560000 NTRACKS 12 TOTAL NTRACKS 6.04106e+06
 %%% EVENT 561000 NTRACKS 12 TOTAL NTRACKS 6.05171e+06
 %%% EVENT 562000 NTRACKS 4 TOTAL NTRACKS 6.06277e+06
 %%% EVENT 563000 NTRACKS 10 TOTAL NTRACKS 6.07386e+06
 %%% EVENT 564000 NTRACKS 4 TOTAL NTRACKS 6.08446e+06
 %%% EVENT 565000 NTRACKS 6 TOTAL NTRACKS 6.09519e+06
 %%% EVENT 566000 NTRACKS 7 TOTAL NTRACKS 6.10618e+06
 %%% EVENT 567000 NTRACKS 7 TOTAL NTRACKS 6.11685e+06
 %%% EVENT 568000 NTRACKS 15 TOTAL NTRACKS 6.12754e+06
 %%% EVENT 569000 NTRACKS 3 TOTAL NTRACKS 6.13848e+06
 %%% EVENT 570000 NTRACKS 8 TOTAL NTRACKS 6.14895e+06
 %%% EVENT 571000 NTRACKS 15 TOTAL NTRACKS 6.1592e+06
 %%% EVENT 572000 NTRACKS 5 TOTAL NTRACKS 6.17e+06
 %%% EVENT 573000 NTRACKS 15 TOTAL NTRACKS 6.18042e+06
 %%% EVENT 574000 NTRACKS 12 TOTAL NTRACKS 6.19124e+06
 %%% EVENT 575000 NTRACKS 4 TOTAL NTRACKS 6.20179e+06
 %%% EVENT 576000 NTRACKS 34 TOTAL NTRACKS 6.21272e+06
 %%% EVENT 577000 NTRACKS 6 TOTAL NTRACKS 6.22362e+06
 %%% EVENT 578000 NTRACKS 9 TOTAL NTRACKS 6.2347e+06
 %%% EVENT 579000 NTRACKS 14 TOTAL NTRACKS 6.24543e+06
 %%% EVENT 580000 NTRACKS 8 TOTAL NTRACKS 6.25617e+06
 %%% EVENT 581000 NTRACKS 23 TOTAL NTRACKS 6.26684e+06
 %%% EVENT 582000 NTRACKS 16 TOTAL NTRACKS 6.27723e+06
 %%% EVENT 583000 NTRACKS 15 TOTAL NTRACKS 6.28864e+06
 %%% EVENT 584000 NTRACKS 8 TOTAL NTRACKS 6.29882e+06
 %%% EVENT 585000 NTRACKS 16 TOTAL NTRACKS 6.30973e+06
 %%% EVENT 586000 NTRACKS 12 TOTAL NTRACKS 6.32097e+06
 %%% EVENT 587000 NTRACKS 7 TOTAL NTRACKS 6.33181e+06
 %%% EVENT 588000 NTRACKS 2 TOTAL NTRACKS 6.34275e+06
 %%% EVENT 589000 NTRACKS 5 TOTAL NTRACKS 6.35338e+06
 %%% EVENT 590000 NTRACKS 16 TOTAL NTRACKS 6.36405e+06
 %%% EVENT 591000 NTRACKS 6 TOTAL NTRACKS 6.37492e+06
 %%% EVENT 592000 NTRACKS 4 TOTAL NTRACKS 6.38569e+06
 %%% EVENT 593000 NTRACKS 21 TOTAL NTRACKS 6.39633e+06
 %%% EVENT 594000 NTRACKS 18 TOTAL NTRACKS 6.40707e+06
 %%% EVENT 595000 NTRACKS 5 TOTAL NTRACKS 6.41795e+06
 %%% EVENT 596000 NTRACKS 17 TOTAL NTRACKS 6.42926e+06
 %%% EVENT 597000 NTRACKS 15 TOTAL NTRACKS 6.44035e+06
 %%% EVENT 598000 NTRACKS 16 TOTAL NTRACKS 6.45086e+06
 %%% EVENT 599000 NTRACKS 9 TOTAL NTRACKS 6.46199e+06
 %%% EVENT 600000 NTRACKS 10 TOTAL NTRACKS 6.47283e+06
 %%% EVENT 601000 NTRACKS 7 TOTAL NTRACKS 6.48316e+06
 %%% EVENT 602000 NTRACKS 16 TOTAL NTRACKS 6.49379e+06
 %%% EVENT 603000 NTRACKS 8 TOTAL NTRACKS 6.50429e+06
 %%% EVENT 604000 NTRACKS 14 TOTAL NTRACKS 6.51473e+06
 %%% EVENT 605000 NTRACKS 8 TOTAL NTRACKS 6.52539e+06
 %%% EVENT 606000 NTRACKS 2 TOTAL NTRACKS 6.53625e+06
 %%% EVENT 607000 NTRACKS 11 TOTAL NTRACKS 6.54694e+06
 %%% EVENT 608000 NTRACKS 6 TOTAL NTRACKS 6.5579e+06
 %%% EVENT 609000 NTRACKS 2 TOTAL NTRACKS 6.56898e+06
 %%% EVENT 610000 NTRACKS 39 TOTAL NTRACKS 6.58023e+06
 %%% EVENT 611000 NTRACKS 11 TOTAL NTRACKS 6.5908e+06
 %%% EVENT 612000 NTRACKS 9 TOTAL NTRACKS 6.60184e+06
 %%% EVENT 613000 NTRACKS 13 TOTAL NTRACKS 6.61228e+06
 %%% EVENT 614000 NTRACKS 4 TOTAL NTRACKS 6.6233e+06
 %%% EVENT 615000 NTRACKS 9 TOTAL NTRACKS 6.63402e+06
 %%% EVENT 616000 NTRACKS 6 TOTAL NTRACKS 6.64487e+06
 %%% EVENT 617000 NTRACKS 8 TOTAL NTRACKS 6.65516e+06
 %%% EVENT 618000 NTRACKS 11 TOTAL NTRACKS 6.66624e+06
 %%% EVENT 619000 NTRACKS 6 TOTAL NTRACKS 6.67747e+06
 %%% EVENT 620000 NTRACKS 20 TOTAL NTRACKS 6.68812e+06
 %%% EVENT 621000 NTRACKS 14 TOTAL NTRACKS 6.6988e+06
 %%% EVENT 622000 NTRACKS 12 TOTAL NTRACKS 6.70989e+06
 %%% EVENT 623000 NTRACKS 10 TOTAL NTRACKS 6.72028e+06
 %%% EVENT 624000 NTRACKS 9 TOTAL NTRACKS 6.73103e+06
 %%% EVENT 625000 NTRACKS 44 TOTAL NTRACKS 6.74178e+06
 %%% EVENT 626000 NTRACKS 7 TOTAL NTRACKS 6.75237e+06
 %%% EVENT 627000 NTRACKS 9 TOTAL NTRACKS 6.76296e+06
 %%% EVENT 628000 NTRACKS 13 TOTAL NTRACKS 6.77371e+06
 %%% EVENT 629000 NTRACKS 16 TOTAL NTRACKS 6.78443e+06
 %%% EVENT 630000 NTRACKS 6 TOTAL NTRACKS 6.79528e+06
 %%% EVENT 631000 NTRACKS 9 TOTAL NTRACKS 6.80596e+06
 %%% EVENT 632000 NTRACKS 21 TOTAL NTRACKS 6.81667e+06
 %%% EVENT 633000 NTRACKS 15 TOTAL NTRACKS 6.82764e+06
 %%% EVENT 634000 NTRACKS 8 TOTAL NTRACKS 6.83812e+06
 %%% EVENT 635000 NTRACKS 10 TOTAL NTRACKS 6.84873e+06
 %%% EVENT 636000 NTRACKS 6 TOTAL NTRACKS 6.85925e+06
 %%% EVENT 637000 NTRACKS 6 TOTAL NTRACKS 6.87018e+06
 %%% EVENT 638000 NTRACKS 6 TOTAL NTRACKS 6.88117e+06
 %%% EVENT 639000 NTRACKS 13 TOTAL NTRACKS 6.89176e+06
 %%% EVENT 640000 NTRACKS 9 TOTAL NTRACKS 6.90234e+06
 %%% EVENT 641000 NTRACKS 10 TOTAL NTRACKS 6.91344e+06
 %%% EVENT 642000 NTRACKS 7 TOTAL NTRACKS 6.92427e+06
 %%% EVENT 643000 NTRACKS 4 TOTAL NTRACKS 6.93481e+06
 %%% EVENT 644000 NTRACKS 8 TOTAL NTRACKS 6.94565e+06
 %%% EVENT 645000 NTRACKS 17 TOTAL NTRACKS 6.95637e+06
 %%% EVENT 646000 NTRACKS 10 TOTAL NTRACKS 6.96727e+06
 %%% EVENT 647000 NTRACKS 8 TOTAL NTRACKS 6.97802e+06
 %%% EVENT 648000 NTRACKS 5 TOTAL NTRACKS 6.98843e+06
 %%% EVENT 649000 NTRACKS 21 TOTAL NTRACKS 6.99908e+06
 %%% EVENT 650000 NTRACKS 13 TOTAL NTRACKS 7.00984e+06
 %%% EVENT 651000 NTRACKS 22 TOTAL NTRACKS 7.02048e+06
 %%% EVENT 652000 NTRACKS 46 TOTAL NTRACKS 7.03098e+06
 %%% EVENT 653000 NTRACKS 3 TOTAL NTRACKS 7.0424e+06
 %%% EVENT 654000 NTRACKS 6 TOTAL NTRACKS 7.05267e+06
 %%% EVENT 655000 NTRACKS 12 TOTAL NTRACKS 7.06349e+06
 %%% EVENT 656000 NTRACKS 5 TOTAL NTRACKS 7.07409e+06
 %%% EVENT 657000 NTRACKS 4 TOTAL NTRACKS 7.08501e+06
 %%% EVENT 658000 NTRACKS 2 TOTAL NTRACKS 7.09586e+06
 %%% EVENT 659000 NTRACKS 10 TOTAL NTRACKS 7.10626e+06
 %%% EVENT 660000 NTRACKS 10 TOTAL NTRACKS 7.1172e+06
 %%% EVENT 661000 NTRACKS 16 TOTAL NTRACKS 7.12766e+06
 %%% EVENT 662000 NTRACKS 15 TOTAL NTRACKS 7.13854e+06
 %%% EVENT 663000 NTRACKS 15 TOTAL NTRACKS 7.14965e+06
 %%% EVENT 664000 NTRACKS 6 TOTAL NTRACKS 7.1605e+06
 %%% EVENT 665000 NTRACKS 2 TOTAL NTRACKS 7.17158e+06
 %%% EVENT 666000 NTRACKS 13 TOTAL NTRACKS 7.18228e+06
 %%% EVENT 667000 NTRACKS 3 TOTAL NTRACKS 7.19317e+06
 %%% EVENT 668000 NTRACKS 24 TOTAL NTRACKS 7.20363e+06
 %%% EVENT 669000 NTRACKS 3 TOTAL NTRACKS 7.21451e+06
 %%% EVENT 670000 NTRACKS 12 TOTAL NTRACKS 7.22544e+06
 %%% EVENT 671000 NTRACKS 9 TOTAL NTRACKS 7.23632e+06
 %%% EVENT 672000 NTRACKS 9 TOTAL NTRACKS 7.24726e+06
 %%% EVENT 673000 NTRACKS 3 TOTAL NTRACKS 7.25777e+06
 %%% EVENT 674000 NTRACKS 9 TOTAL NTRACKS 7.26834e+06
 %%% EVENT 675000 NTRACKS 2 TOTAL NTRACKS 7.27855e+06
 %%% EVENT 676000 NTRACKS 23 TOTAL NTRACKS 7.28958e+06
 %%% EVENT 677000 NTRACKS 9 TOTAL NTRACKS 7.30012e+06
 %%% EVENT 678000 NTRACKS 4 TOTAL NTRACKS 7.31028e+06
 %%% EVENT 679000 NTRACKS 18 TOTAL NTRACKS 7.32138e+06
 %%% EVENT 680000 NTRACKS 7 TOTAL NTRACKS 7.33234e+06
 %%% EVENT 681000 NTRACKS 11 TOTAL NTRACKS 7.34337e+06
 %%% EVENT 682000 NTRACKS 3 TOTAL NTRACKS 7.35403e+06
 %%% EVENT 683000 NTRACKS 12 TOTAL NTRACKS 7.36484e+06
 %%% EVENT 684000 NTRACKS 11 TOTAL NTRACKS 7.37566e+06
 %%% EVENT 685000 NTRACKS 9 TOTAL NTRACKS 7.38668e+06
 %%% EVENT 686000 NTRACKS 20 TOTAL NTRACKS 7.39731e+06
 %%% EVENT 687000 NTRACKS 7 TOTAL NTRACKS 7.40826e+06
 %%% EVENT 688000 NTRACKS 2 TOTAL NTRACKS 7.41922e+06
 %%% EVENT 689000 NTRACKS 15 TOTAL NTRACKS 7.42956e+06
 %%% EVENT 690000 NTRACKS 8 TOTAL NTRACKS 7.44037e+06
 %%% EVENT 691000 NTRACKS 15 TOTAL NTRACKS 7.4512e+06
 %%% EVENT 692000 NTRACKS 6 TOTAL NTRACKS 7.46196e+06
 %%% EVENT 693000 NTRACKS 4 TOTAL NTRACKS 7.47239e+06
 %%% EVENT 694000 NTRACKS 16 TOTAL NTRACKS 7.48284e+06
 %%% EVENT 695000 NTRACKS 25 TOTAL NTRACKS 7.49317e+06
 %%% EVENT 696000 NTRACKS 8 TOTAL NTRACKS 7.5037e+06
 %%% EVENT 697000 NTRACKS 11 TOTAL NTRACKS 7.51442e+06
 %%% EVENT 698000 NTRACKS 44 TOTAL NTRACKS 7.52528e+06
 %%% EVENT 699000 NTRACKS 5 TOTAL NTRACKS 7.53608e+06
 %%% EVENT 700000 NTRACKS 8 TOTAL NTRACKS 7.54664e+06
 %%% EVENT 701000 NTRACKS 7 TOTAL NTRACKS 7.55708e+06
 %%% EVENT 702000 NTRACKS 28 TOTAL NTRACKS 7.56747e+06
 %%% EVENT 703000 NTRACKS 47 TOTAL NTRACKS 7.57784e+06
 %%% EVENT 704000 NTRACKS 16 TOTAL NTRACKS 7.58823e+06
 %%% EVENT 705000 NTRACKS 14 TOTAL NTRACKS 7.59902e+06
 %%% EVENT 706000 NTRACKS 3 TOTAL NTRACKS 7.60988e+06
 %%% EVENT 707000 NTRACKS 11 TOTAL NTRACKS 7.62085e+06
 %%% EVENT 708000 NTRACKS 11 TOTAL NTRACKS 7.63144e+06
 %%% EVENT 709000 NTRACKS 9 TOTAL NTRACKS 7.64208e+06
 %%% EVENT 710000 NTRACKS 21 TOTAL NTRACKS 7.65283e+06
 %%% EVENT 711000 NTRACKS 9 TOTAL NTRACKS 7.66386e+06
 %%% EVENT 712000 NTRACKS 10 TOTAL NTRACKS 7.67424e+06
 %%% EVENT 713000 NTRACKS 15 TOTAL NTRACKS 7.68509e+06
 %%% EVENT 714000 NTRACKS 9 TOTAL NTRACKS 7.6964e+06
 %%% EVENT 715000 NTRACKS 23 TOTAL NTRACKS 7.70717e+06
 %%% EVENT 716000 NTRACKS 6 TOTAL NTRACKS 7.71791e+06
 %%% EVENT 717000 NTRACKS 3 TOTAL NTRACKS 7.72878e+06
 %%% EVENT 718000 NTRACKS 15 TOTAL NTRACKS 7.73924e+06
 %%% EVENT 719000 NTRACKS 13 TOTAL NTRACKS 7.75026e+06
 %%% EVENT 720000 NTRACKS 9 TOTAL NTRACKS 7.76111e+06
 %%% EVENT 721000 NTRACKS 14 TOTAL NTRACKS 7.77171e+06
 %%% EVENT 722000 NTRACKS 10 TOTAL NTRACKS 7.78204e+06
 %%% EVENT 723000 NTRACKS 12 TOTAL NTRACKS 7.79266e+06
 %%% EVENT 724000 NTRACKS 5 TOTAL NTRACKS 7.80334e+06
 %%% EVENT 725000 NTRACKS 11 TOTAL NTRACKS 7.81403e+06
 %%% EVENT 726000 NTRACKS 2 TOTAL NTRACKS 7.82444e+06
 %%% EVENT 727000 NTRACKS 23 TOTAL NTRACKS 7.83478e+06
 %%% EVENT 728000 NTRACKS 11 TOTAL NTRACKS 7.84535e+06
 %%% EVENT 729000 NTRACKS 9 TOTAL NTRACKS 7.85612e+06
 %%% EVENT 730000 NTRACKS 6 TOTAL NTRACKS 7.86696e+06
 %%% EVENT 731000 NTRACKS 4 TOTAL NTRACKS 7.87772e+06
 %%% EVENT 732000 NTRACKS 16 TOTAL NTRACKS 7.88881e+06
 %%% EVENT 733000 NTRACKS 11 TOTAL NTRACKS 7.89983e+06
 %%% EVENT 734000 NTRACKS 1 TOTAL NTRACKS 7.91042e+06
 %%% EVENT 735000 NTRACKS 5 TOTAL NTRACKS 7.92134e+06
 %%% EVENT 736000 NTRACKS 11 TOTAL NTRACKS 7.93202e+06
 %%% EVENT 737000 NTRACKS 25 TOTAL NTRACKS 7.94295e+06
 %%% EVENT 738000 NTRACKS 8 TOTAL NTRACKS 7.9535e+06
 %%% EVENT 739000 NTRACKS 9 TOTAL NTRACKS 7.9644e+06
 %%% EVENT 740000 NTRACKS 33 TOTAL NTRACKS 7.97527e+06
 %%% EVENT 741000 NTRACKS 8 TOTAL NTRACKS 7.98582e+06
 %%% EVENT 742000 NTRACKS 4 TOTAL NTRACKS 7.99642e+06
 %%% EVENT 743000 NTRACKS 11 TOTAL NTRACKS 8.00692e+06
 %%% EVENT 744000 NTRACKS 11 TOTAL NTRACKS 8.01766e+06
 %%% EVENT 745000 NTRACKS 3 TOTAL NTRACKS 8.02864e+06
 %%% EVENT 746000 NTRACKS 1 TOTAL NTRACKS 8.03916e+06
 %%% EVENT 747000 NTRACKS 17 TOTAL NTRACKS 8.05001e+06
 %%% EVENT 748000 NTRACKS 11 TOTAL NTRACKS 8.06067e+06
 %%% EVENT 749000 NTRACKS 9 TOTAL NTRACKS 8.07157e+06
 %%% EVENT 750000 NTRACKS 9 TOTAL NTRACKS 8.08243e+06
 %%% EVENT 751000 NTRACKS 30 TOTAL NTRACKS 8.0933e+06
 %%% EVENT 752000 NTRACKS 6 TOTAL NTRACKS 8.10455e+06
 %%% EVENT 753000 NTRACKS 2 TOTAL NTRACKS 8.11545e+06
 %%% EVENT 754000 NTRACKS 16 TOTAL NTRACKS 8.12592e+06
 %%% EVENT 755000 NTRACKS 7 TOTAL NTRACKS 8.13699e+06
 %%% EVENT 756000 NTRACKS 60 TOTAL NTRACKS 8.14757e+06
 %%% EVENT 757000 NTRACKS 9 TOTAL NTRACKS 8.15819e+06
 %%% EVENT 758000 NTRACKS 6 TOTAL NTRACKS 8.16902e+06
 %%% EVENT 759000 NTRACKS 1 TOTAL NTRACKS 8.1796e+06
 %%% EVENT 760000 NTRACKS 16 TOTAL NTRACKS 8.19076e+06
 %%% EVENT 761000 NTRACKS 17 TOTAL NTRACKS 8.20138e+06
 %%% EVENT 762000 NTRACKS 16 TOTAL NTRACKS 8.21273e+06
 %%% EVENT 763000 NTRACKS 14 TOTAL NTRACKS 8.22341e+06
 %%% EVENT 764000 NTRACKS 6 TOTAL NTRACKS 8.23429e+06
 %%% EVENT 765000 NTRACKS 14 TOTAL NTRACKS 8.24524e+06
 %%% EVENT 766000 NTRACKS 15 TOTAL NTRACKS 8.25617e+06
 %%% EVENT 767000 NTRACKS 14 TOTAL NTRACKS 8.26707e+06
 %%% EVENT 768000 NTRACKS 5 TOTAL NTRACKS 8.27758e+06
 %%% EVENT 769000 NTRACKS 3 TOTAL NTRACKS 8.28793e+06
 %%% EVENT 770000 NTRACKS 7 TOTAL NTRACKS 8.2993e+06
 %%% EVENT 771000 NTRACKS 7 TOTAL NTRACKS 8.3099e+06
 %%% EVENT 772000 NTRACKS 11 TOTAL NTRACKS 8.32075e+06
 %%% EVENT 773000 NTRACKS 8 TOTAL NTRACKS 8.33163e+06
 %%% EVENT 774000 NTRACKS 3 TOTAL NTRACKS 8.34254e+06
 %%% EVENT 775000 NTRACKS 11 TOTAL NTRACKS 8.35327e+06
 %%% EVENT 776000 NTRACKS 19 TOTAL NTRACKS 8.36414e+06
 %%% EVENT 777000 NTRACKS 9 TOTAL NTRACKS 8.37523e+06
 %%% EVENT 778000 NTRACKS 3 TOTAL NTRACKS 8.38597e+06
 %%% EVENT 779000 NTRACKS 8 TOTAL NTRACKS 8.39672e+06
 %%% EVENT 780000 NTRACKS 20 TOTAL NTRACKS 8.4073e+06
 %%% EVENT 781000 NTRACKS 19 TOTAL NTRACKS 8.4178e+06
 %%% EVENT 782000 NTRACKS 4 TOTAL NTRACKS 8.42844e+06
 %%% EVENT 783000 NTRACKS 12 TOTAL NTRACKS 8.43914e+06
 %%% EVENT 784000 NTRACKS 12 TOTAL NTRACKS 8.45004e+06
 %%% EVENT 785000 NTRACKS 8 TOTAL NTRACKS 8.4603e+06
 %%% EVENT 786000 NTRACKS 11 TOTAL NTRACKS 8.47129e+06
 %%% EVENT 787000 NTRACKS 4 TOTAL NTRACKS 8.48203e+06
 %%% EVENT 788000 NTRACKS 4 TOTAL NTRACKS 8.49303e+06
 %%% EVENT 789000 NTRACKS 10 TOTAL NTRACKS 8.50394e+06
 %%% EVENT 790000 NTRACKS 9 TOTAL NTRACKS 8.51487e+06
 %%% EVENT 791000 NTRACKS 21 TOTAL NTRACKS 8.52531e+06
 %%% EVENT 792000 NTRACKS 12 TOTAL NTRACKS 8.53645e+06
 %%% EVENT 793000 NTRACKS 7 TOTAL NTRACKS 8.54718e+06
 %%% EVENT 794000 NTRACKS 15 TOTAL NTRACKS 8.55811e+06
 %%% EVENT 795000 NTRACKS 16 TOTAL NTRACKS 8.56869e+06
 %%% EVENT 796000 NTRACKS 16 TOTAL NTRACKS 8.5792e+06
 %%% EVENT 797000 NTRACKS 3 TOTAL NTRACKS 8.59008e+06
 %%% EVENT 798000 NTRACKS 18 TOTAL NTRACKS 8.60124e+06
 %%% EVENT 799000 NTRACKS 4 TOTAL NTRACKS 8.61211e+06
 %%% EVENT 800000 NTRACKS 6 TOTAL NTRACKS 8.62251e+06
 %%% EVENT 801000 NTRACKS 16 TOTAL NTRACKS 8.63319e+06
 %%% EVENT 802000 NTRACKS 11 TOTAL NTRACKS 8.64428e+06
 %%% EVENT 803000 NTRACKS 12 TOTAL NTRACKS 8.65555e+06
 %%% EVENT 804000 NTRACKS 18 TOTAL NTRACKS 8.6668e+06
 %%% EVENT 805000 NTRACKS 19 TOTAL NTRACKS 8.67753e+06
 %%% EVENT 806000 NTRACKS 9 TOTAL NTRACKS 8.68844e+06
 %%% EVENT 807000 NTRACKS 4 TOTAL NTRACKS 8.69948e+06
 %%% EVENT 808000 NTRACKS 12 TOTAL NTRACKS 8.71027e+06
 %%% EVENT 809000 NTRACKS 10 TOTAL NTRACKS 8.72158e+06
 %%% EVENT 810000 NTRACKS 4 TOTAL NTRACKS 8.73241e+06
 %%% EVENT 811000 NTRACKS 15 TOTAL NTRACKS 8.74324e+06
 %%% EVENT 812000 NTRACKS 26 TOTAL NTRACKS 8.75413e+06
 %%% EVENT 813000 NTRACKS 14 TOTAL NTRACKS 8.76537e+06
 %%% EVENT 814000 NTRACKS 16 TOTAL NTRACKS 8.77605e+06
 %%% EVENT 815000 NTRACKS 11 TOTAL NTRACKS 8.7872e+06
 %%% EVENT 816000 NTRACKS 5 TOTAL NTRACKS 8.79813e+06
 %%% EVENT 817000 NTRACKS 13 TOTAL NTRACKS 8.80875e+06
 %%% EVENT 818000 NTRACKS 21 TOTAL NTRACKS 8.8197e+06
 %%% EVENT 819000 NTRACKS 5 TOTAL NTRACKS 8.83058e+06
 %%% EVENT 820000 NTRACKS 11 TOTAL NTRACKS 8.84194e+06
 %%% EVENT 821000 NTRACKS 4 TOTAL NTRACKS 8.85276e+06
 %%% EVENT 822000 NTRACKS 21 TOTAL NTRACKS 8.86394e+06
 %%% EVENT 823000 NTRACKS 10 TOTAL NTRACKS 8.87457e+06
 %%% EVENT 824000 NTRACKS 12 TOTAL NTRACKS 8.88503e+06
 %%% EVENT 825000 NTRACKS 18 TOTAL NTRACKS 8.89601e+06
 %%% EVENT 826000 NTRACKS 4 TOTAL NTRACKS 8.90685e+06
 %%% EVENT 827000 NTRACKS 11 TOTAL NTRACKS 8.91816e+06
 %%% EVENT 828000 NTRACKS 8 TOTAL NTRACKS 8.92936e+06
 %%% EVENT 829000 NTRACKS 2 TOTAL NTRACKS 8.94001e+06
 %%% EVENT 830000 NTRACKS 6 TOTAL NTRACKS 8.95086e+06
 %%% EVENT 831000 NTRACKS 16 TOTAL NTRACKS 8.96165e+06
 %%% EVENT 832000 NTRACKS 3 TOTAL NTRACKS 8.97262e+06
 %%% EVENT 833000 NTRACKS 32 TOTAL NTRACKS 8.98378e+06
 %%% EVENT 834000 NTRACKS 14 TOTAL NTRACKS 8.99454e+06
 %%% EVENT 835000 NTRACKS 5 TOTAL NTRACKS 9.00534e+06
 %%% EVENT 836000 NTRACKS 8 TOTAL NTRACKS 9.01627e+06
 %%% EVENT 837000 NTRACKS 14 TOTAL NTRACKS 9.02689e+06
 %%% EVENT 838000 NTRACKS 16 TOTAL NTRACKS 9.0376e+06
 %%% EVENT 839000 NTRACKS 9 TOTAL NTRACKS 9.04853e+06
 %%% EVENT 840000 NTRACKS 5 TOTAL NTRACKS 9.05958e+06
 %%% EVENT 841000 NTRACKS 1 TOTAL NTRACKS 9.07012e+06
 %%% EVENT 842000 NTRACKS 19 TOTAL NTRACKS 9.08078e+06
 %%% EVENT 843000 NTRACKS 15 TOTAL NTRACKS 9.09155e+06
 %%% EVENT 844000 NTRACKS 6 TOTAL NTRACKS 9.10253e+06
 %%% EVENT 845000 NTRACKS 3 TOTAL NTRACKS 9.11353e+06
 %%% EVENT 846000 NTRACKS 13 TOTAL NTRACKS 9.12398e+06
 %%% EVENT 847000 NTRACKS 3 TOTAL NTRACKS 9.13477e+06
 %%% EVENT 848000 NTRACKS 6 TOTAL NTRACKS 9.14517e+06
 %%% EVENT 849000 NTRACKS 9 TOTAL NTRACKS 9.1562e+06
 %%% EVENT 850000 NTRACKS 13 TOTAL NTRACKS 9.16687e+06
 %%% EVENT 851000 NTRACKS 10 TOTAL NTRACKS 9.17782e+06
 %%% EVENT 852000 NTRACKS 6 TOTAL NTRACKS 9.18856e+06
 %%% EVENT 853000 NTRACKS 7 TOTAL NTRACKS 9.19884e+06
 %%% EVENT 854000 NTRACKS 9 TOTAL NTRACKS 9.20992e+06
 %%% EVENT 855000 NTRACKS 11 TOTAL NTRACKS 9.22093e+06
 %%% EVENT 856000 NTRACKS 8 TOTAL NTRACKS 9.23198e+06
 %%% EVENT 857000 NTRACKS 16 TOTAL NTRACKS 9.24273e+06
 %%% EVENT 858000 NTRACKS 13 TOTAL NTRACKS 9.25324e+06
 %%% EVENT 859000 NTRACKS 15 TOTAL NTRACKS 9.26395e+06
 %%% EVENT 860000 NTRACKS 2 TOTAL NTRACKS 9.27474e+06
 %%% EVENT 861000 NTRACKS 7 TOTAL NTRACKS 9.28543e+06
 %%% EVENT 862000 NTRACKS 3 TOTAL NTRACKS 9.29623e+06
 %%% EVENT 863000 NTRACKS 10 TOTAL NTRACKS 9.30706e+06
 %%% EVENT 864000 NTRACKS 8 TOTAL NTRACKS 9.31793e+06
 %%% EVENT 865000 NTRACKS 16 TOTAL NTRACKS 9.32888e+06
 %%% EVENT 866000 NTRACKS 6 TOTAL NTRACKS 9.33952e+06
 %%% EVENT 867000 NTRACKS 13 TOTAL NTRACKS 9.35073e+06
 %%% EVENT 868000 NTRACKS 26 TOTAL NTRACKS 9.36126e+06
 %%% EVENT 869000 NTRACKS 5 TOTAL NTRACKS 9.37197e+06
 %%% EVENT 870000 NTRACKS 7 TOTAL NTRACKS 9.38278e+06
 %%% EVENT 871000 NTRACKS 8 TOTAL NTRACKS 9.39385e+06
 %%% EVENT 872000 NTRACKS 13 TOTAL NTRACKS 9.40434e+06
 %%% EVENT 873000 NTRACKS 11 TOTAL NTRACKS 9.41559e+06
 %%% EVENT 874000 NTRACKS 20 TOTAL NTRACKS 9.42647e+06
 %%% EVENT 875000 NTRACKS 23 TOTAL NTRACKS 9.43713e+06
 %%% EVENT 876000 NTRACKS 4 TOTAL NTRACKS 9.44803e+06
 %%% EVENT 877000 NTRACKS 6 TOTAL NTRACKS 9.45868e+06
 %%% EVENT 878000 NTRACKS 18 TOTAL NTRACKS 9.46924e+06
 %%% EVENT 879000 NTRACKS 17 TOTAL NTRACKS 9.48041e+06
 %%% EVENT 880000 NTRACKS 12 TOTAL NTRACKS 9.49123e+06
 %%% EVENT 881000 NTRACKS 10 TOTAL NTRACKS 9.5021e+06
 %%% EVENT 882000 NTRACKS 6 TOTAL NTRACKS 9.51265e+06
 %%% EVENT 883000 NTRACKS 15 TOTAL NTRACKS 9.52318e+06
 %%% EVENT 884000 NTRACKS 9 TOTAL NTRACKS 9.53413e+06
 %%% EVENT 885000 NTRACKS 19 TOTAL NTRACKS 9.54476e+06
 %%% EVENT 886000 NTRACKS 7 TOTAL NTRACKS 9.55504e+06
 %%% EVENT 887000 NTRACKS 38 TOTAL NTRACKS 9.56601e+06
 %%% EVENT 888000 NTRACKS 14 TOTAL NTRACKS 9.57693e+06
 %%% EVENT 889000 NTRACKS 7 TOTAL NTRACKS 9.58779e+06
 %%% EVENT 890000 NTRACKS 6 TOTAL NTRACKS 9.59851e+06
 %%% EVENT 891000 NTRACKS 8 TOTAL NTRACKS 9.60939e+06
 %%% EVENT 892000 NTRACKS 6 TOTAL NTRACKS 9.62038e+06
 %%% EVENT 893000 NTRACKS 15 TOTAL NTRACKS 9.63113e+06
 %%% EVENT 894000 NTRACKS 11 TOTAL NTRACKS 9.64189e+06
 %%% EVENT 895000 NTRACKS 17 TOTAL NTRACKS 9.65313e+06
 %%% EVENT 896000 NTRACKS 4 TOTAL NTRACKS 9.66405e+06
 %%% EVENT 897000 NTRACKS 10 TOTAL NTRACKS 9.67512e+06
 %%% EVENT 898000 NTRACKS 6 TOTAL NTRACKS 9.68588e+06
 %%% EVENT 899000 NTRACKS 4 TOTAL NTRACKS 9.69689e+06
 %%% EVENT 900000 NTRACKS 12 TOTAL NTRACKS 9.70772e+06
 %%% EVENT 901000 NTRACKS 7 TOTAL NTRACKS 9.71847e+06
 %%% EVENT 902000 NTRACKS 17 TOTAL NTRACKS 9.7293e+06
 %%% EVENT 903000 NTRACKS 15 TOTAL NTRACKS 9.73984e+06
 %%% EVENT 904000 NTRACKS 12 TOTAL NTRACKS 9.75046e+06
 %%% EVENT 905000 NTRACKS 11 TOTAL NTRACKS 9.76125e+06
 %%% EVENT 906000 NTRACKS 8 TOTAL NTRACKS 9.77168e+06
 %%% EVENT 907000 NTRACKS 13 TOTAL NTRACKS 9.78265e+06
 %%% EVENT 908000 NTRACKS 19 TOTAL NTRACKS 9.79349e+06
 %%% EVENT 909000 NTRACKS 11 TOTAL NTRACKS 9.80396e+06
 %%% EVENT 910000 NTRACKS 13 TOTAL NTRACKS 9.81477e+06
 %%% EVENT 911000 NTRACKS 3 TOTAL NTRACKS 9.82535e+06
 %%% EVENT 912000 NTRACKS 7 TOTAL NTRACKS 9.83587e+06
 %%% EVENT 913000 NTRACKS 55 TOTAL NTRACKS 9.84671e+06
 %%% EVENT 914000 NTRACKS 24 TOTAL NTRACKS 9.85726e+06
 %%% EVENT 915000 NTRACKS 6 TOTAL NTRACKS 9.8685e+06
 %%% EVENT 916000 NTRACKS 7 TOTAL NTRACKS 9.8793e+06
 %%% EVENT 917000 NTRACKS 13 TOTAL NTRACKS 9.89005e+06
 %%% EVENT 918000 NTRACKS 2 TOTAL NTRACKS 9.9007e+06
 %%% EVENT 919000 NTRACKS 34 TOTAL NTRACKS 9.91179e+06
 %%% EVENT 920000 NTRACKS 9 TOTAL NTRACKS 9.92222e+06
 %%% EVENT 921000 NTRACKS 3 TOTAL NTRACKS 9.93301e+06
 %%% EVENT 922000 NTRACKS 9 TOTAL NTRACKS 9.94377e+06
 %%% EVENT 923000 NTRACKS 5 TOTAL NTRACKS 9.95466e+06
 %%% EVENT 924000 NTRACKS 2 TOTAL NTRACKS 9.96537e+06
 %%% EVENT 925000 NTRACKS 12 TOTAL NTRACKS 9.97603e+06
 %%% EVENT 926000 NTRACKS 5 TOTAL NTRACKS 9.98644e+06
 %%% EVENT 927000 NTRACKS 5 TOTAL NTRACKS 9.9973e+06
 %%% EVENT 928000 NTRACKS 5 TOTAL NTRACKS 1.00076e+07
 %%% EVENT 929000 NTRACKS 27 TOTAL NTRACKS 1.00184e+07
 %%% EVENT 930000 NTRACKS 12 TOTAL NTRACKS 1.00293e+07
 %%% EVENT 931000 NTRACKS 25 TOTAL NTRACKS 1.00398e+07
 %%% EVENT 932000 NTRACKS 2 TOTAL NTRACKS 1.00502e+07
 %%% EVENT 933000 NTRACKS 7 TOTAL NTRACKS 1.00607e+07
 %%% EVENT 934000 NTRACKS 6 TOTAL NTRACKS 1.00717e+07
 %%% EVENT 935000 NTRACKS 8 TOTAL NTRACKS 1.0082e+07
 %%% EVENT 936000 NTRACKS 7 TOTAL NTRACKS 1.00924e+07
 %%% EVENT 937000 NTRACKS 16 TOTAL NTRACKS 1.01032e+07
 %%% EVENT 938000 NTRACKS 10 TOTAL NTRACKS 1.01139e+07
 %%% EVENT 939000 NTRACKS 15 TOTAL NTRACKS 1.01246e+07
 %%% EVENT 940000 NTRACKS 18 TOTAL NTRACKS 1.01354e+07
 %%% EVENT 941000 NTRACKS 3 TOTAL NTRACKS 1.01459e+07
 %%% EVENT 942000 NTRACKS 3 TOTAL NTRACKS 1.01567e+07
 %%% EVENT 943000 NTRACKS 15 TOTAL NTRACKS 1.01673e+07
 %%% EVENT 944000 NTRACKS 9 TOTAL NTRACKS 1.01778e+07
 %%% EVENT 945000 NTRACKS 11 TOTAL NTRACKS 1.01884e+07
 %%% EVENT 946000 NTRACKS 7 TOTAL NTRACKS 1.01991e+07
 %%% EVENT 947000 NTRACKS 5 TOTAL NTRACKS 1.021e+07
 %%% EVENT 948000 NTRACKS 1 TOTAL NTRACKS 1.02212e+07
 %%% EVENT 949000 NTRACKS 6 TOTAL NTRACKS 1.0232e+07
 %%% EVENT 950000 NTRACKS 13 TOTAL NTRACKS 1.02429e+07
 %%% EVENT 951000 NTRACKS 6 TOTAL NTRACKS 1.02536e+07
 %%% EVENT 952000 NTRACKS 9 TOTAL NTRACKS 1.02646e+07
 %%% EVENT 953000 NTRACKS 10 TOTAL NTRACKS 1.02753e+07
 %%% EVENT 954000 NTRACKS 18 TOTAL NTRACKS 1.02859e+07
 %%% EVENT 955000 NTRACKS 8 TOTAL NTRACKS 1.02964e+07
 %%% EVENT 956000 NTRACKS 14 TOTAL NTRACKS 1.0307e+07
 %%% EVENT 957000 NTRACKS 12 TOTAL NTRACKS 1.03174e+07
 %%% EVENT 958000 NTRACKS 6 TOTAL NTRACKS 1.03278e+07
 %%% EVENT 959000 NTRACKS 2 TOTAL NTRACKS 1.03381e+07
 %%% EVENT 960000 NTRACKS 6 TOTAL NTRACKS 1.03488e+07
 %%% EVENT 961000 NTRACKS 16 TOTAL NTRACKS 1.03596e+07
 %%% EVENT 962000 NTRACKS 33 TOTAL NTRACKS 1.03707e+07
 %%% EVENT 963000 NTRACKS 5 TOTAL NTRACKS 1.03815e+07
 %%% EVENT 964000 NTRACKS 11 TOTAL NTRACKS 1.03928e+07
 %%% EVENT 965000 NTRACKS 13 TOTAL NTRACKS 1.04034e+07
 %%% EVENT 966000 NTRACKS 5 TOTAL NTRACKS 1.04135e+07
 %%% EVENT 967000 NTRACKS 6 TOTAL NTRACKS 1.04247e+07
 %%% EVENT 968000 NTRACKS 9 TOTAL NTRACKS 1.04352e+07
 %%% EVENT 969000 NTRACKS 7 TOTAL NTRACKS 1.04455e+07
 %%% EVENT 970000 NTRACKS 12 TOTAL NTRACKS 1.04567e+07
 %%% EVENT 971000 NTRACKS 4 TOTAL NTRACKS 1.04672e+07
 %%% EVENT 972000 NTRACKS 3 TOTAL NTRACKS 1.04777e+07
 %%% EVENT 973000 NTRACKS 13 TOTAL NTRACKS 1.04884e+07
 %%% EVENT 974000 NTRACKS 13 TOTAL NTRACKS 1.04993e+07
 %%% EVENT 975000 NTRACKS 1 TOTAL NTRACKS 1.05096e+07
 %%% EVENT 976000 NTRACKS 3 TOTAL NTRACKS 1.05205e+07
 %%% EVENT 977000 NTRACKS 9 TOTAL NTRACKS 1.05316e+07
 %%% EVENT 978000 NTRACKS 11 TOTAL NTRACKS 1.05422e+07
 %%% EVENT 979000 NTRACKS 3 TOTAL NTRACKS 1.05533e+07
 %%% EVENT 980000 NTRACKS 13 TOTAL NTRACKS 1.05642e+07
 %%% EVENT 981000 NTRACKS 8 TOTAL NTRACKS 1.05751e+07
 %%% EVENT 982000 NTRACKS 20 TOTAL NTRACKS 1.05863e+07
 %%% EVENT 983000 NTRACKS 30 TOTAL NTRACKS 1.05972e+07
 %%% EVENT 984000 NTRACKS 13 TOTAL NTRACKS 1.06079e+07
 %%% EVENT 985000 NTRACKS 2 TOTAL NTRACKS 1.06186e+07
 %%% EVENT 986000 NTRACKS 2 TOTAL NTRACKS 1.06294e+07
 %%% EVENT 987000 NTRACKS 11 TOTAL NTRACKS 1.06403e+07
 %%% EVENT 988000 NTRACKS 9 TOTAL NTRACKS 1.0651e+07
 %%% EVENT 989000 NTRACKS 12 TOTAL NTRACKS 1.06621e+07
 %%% EVENT 990000 NTRACKS 3 TOTAL NTRACKS 1.06727e+07
 %%% EVENT 991000 NTRACKS 7 TOTAL NTRACKS 1.06832e+07
 %%% EVENT 992000 NTRACKS 8 TOTAL NTRACKS 1.06942e+07
 %%% EVENT 993000 NTRACKS 27 TOTAL NTRACKS 1.07048e+07
 %%% EVENT 994000 NTRACKS 7 TOTAL NTRACKS 1.07157e+07
 %%% EVENT 995000 NTRACKS 6 TOTAL NTRACKS 1.0727e+07
 %%% EVENT 996000 NTRACKS 19 TOTAL NTRACKS 1.07378e+07
 %%% EVENT 997000 NTRACKS 25 TOTAL NTRACKS 1.07488e+07
 %%% EVENT 998000 NTRACKS 1 TOTAL NTRACKS 1.07601e+07
 %%% EVENT 999000 NTRACKS 9 TOTAL NTRACKS 1.07712e+07
 Run terminated.
Run Summary
  Number of events processed : 1000000
  User=81.110000s Real=81.335690s Sys=0.040000s
0 events have been kept for refreshing and/or reviewing.
  "/vis/reviewKeptEvents" to review them one by one.
  "/vis/enable", then "/vis/viewer/flush" or "/vis/viewer/rebuild" to see them accumulated.
