/control/execute exercise4b.UBS.in
/gamos/setParam GmReadPhantomGeometry:FileName ../exercise2/linac.geom
/gamos/setParam GmSimplePhantomGeometry:MaterialNames G4_WATER G4_LUNG_ICRP G4_BONE_COMPACT_ICRU
/gamos/setParam GmSimplePhantomGeometry:MaterialZVoxels 10 10 80
/gamos/setParam GmSimplePhantomGeometry:MaterialDensities 1. 0.3 1.85
/gamos/setParam GmSimplePhantomGeometry:NVoxels 10 10 100
/gamos/setParam GmSimplePhantomGeometry:PhantomDims -500 500 -500 500 -500 500
/gamos/setParam GmReadPhantomGeometry:InitialDisplacement 0. 0. -1400.
/gamos/setParam GmReadPhantomGeometry:InitialRotAngles 0*deg 0. 0.
/gamos/geometry GmSimplePhantomGeometry
/gamos/physicsList GmEMPhysics
GmEMPhysics PhysicsList:DEFAULT = gamma-standard is registered
GmEMPhysics PhysicsList: DEFAULT = electron-standard is registered
GmEMPhysics PhysicsList: DEFAULT = positron-standard is registered
/gamos/generator GmGenerator
/gamos/setParam GmAnalysisMgr:FileNameSuffix UBS
/gamos/setParam RTPhaseSpaceUA:FileName testUBS
/gamos/setParam RTPhaseSpaceUA:ZStops -899
/gamos/setParam RTPhaseSpaceUA:KillAfterLastZStop 1
/gamos/userAction RTPhaseSpaceUA
/gamos/userAction GmCountTracksUA
/gamos/setParam boper:NSplit 100
/gamos/setParam boper:BiasPrimaryOnly 0
/gamos/setParam boper:BiasOnlyOnce 1
/gamos/physics/biasing/createOperator boper BremsSplitting
/gamos/physics/biasing/addParticleProcesses2Oper e- eBrem boper
/run/initialize
/gamos/physics/biasing/associateOper2LogVol target boper
/gamos/generator/addSingleParticleSource source e- 6.*MeV
/gamos/generator/directionDist source GmGenerDistDirectionConst 0. 0. -1.
/run/beamOn 1000000
G4RunManagerKernel -- G4ScoreSplittingProcess is appended to all particles.
=======================================================================
======                 Electromagnetic Physics Parameters      ========
=======================================================================
LPM effect enabled                                 1
Enable creation and use of sampling tables         0
Apply cuts on all EM processes                     0
Use general process                                0
Enable linear polarisation for gamma               0
Enable sampling of quantum entanglement            0
X-section factor for integral approach             0.8
Min kinetic energy for tables                      100 eV 
Max kinetic energy for tables                      100 TeV
Number of bins per decade of a table               7
Verbose level                                      1
Verbose level for worker thread                    0
Bremsstrahlung energy threshold above which 
  primary e+- is added to the list of secondary    100 TeV
Bremsstrahlung energy threshold above which primary
  muon/hadron is added to the list of secondary    100 TeV
Lowest triplet kinetic energy                      1 MeV
Enable sampling of gamma linear polarisation       0
5D gamma conversion model type                     0
5D gamma conversion model on isolated ion          0
Livermore data directory                           livermore
=======================================================================
======                 Ionisation Parameters                   ========
=======================================================================
Step function for e+-                              (0.2, 1 mm)
Step function for muons/hadrons                    (0.2, 0.1 mm)
Step function for light ions                       (0.2, 0.1 mm)
Step function for general ions                     (0.2, 0.1 mm)
Lowest e+e- kinetic energy                         1 keV
Lowest muon/hadron kinetic energy                  1 keV
Fluctuations of dE/dx are enabled                  1
Use ICRU90 data                                    0
Use built-in Birks satuaration                     0
Build CSDA range enabled                           0
Use cut as a final range enabled                   0
Enable angular generator interface                 0
Max kinetic energy for CSDA tables                 1 GeV
Max kinetic energy for NIEL computation            0 eV 
Linear loss limit                                  0.01
Read data from file for e+e- pair production by mu 0
=======================================================================
======                 Multiple Scattering Parameters          ========
=======================================================================
Type of msc step limit algorithm for e+-           1
Type of msc step limit algorithm for muons/hadrons 0
Msc lateral displacement for e+- enabled           1
Msc lateral displacement for muons and hadrons     0
Urban msc model lateral displacement alg96         1
Range factor for msc step limit for e+-            0.04
Range factor for msc step limit for muons/hadrons  0.2
Geometry factor for msc step limitation of e+-     2.5
Safety factor for msc step limit for e+-           0.6
Skin parameter for msc step limitation of e+-      1
Lambda limit for msc step limit for e+-            1 mm
Use Mott correction for e- scattering              0
Factor used for dynamic computation of angular 
  limit between single and multiple scattering     1
Fixed angular limit between single 
  and multiple scattering                          3.1416 rad
Upper energy limit for e+- multiple scattering     100 MeV
Type of electron single scattering model           0
Type of nuclear form-factor                        1
Screening factor                                   1
=======================================================================

### ===  Deexcitation model UAtomDeexcitation is activated for 1 region:
          DefaultRegionForTheWorld  1  1  0
### ===  Auger flag: 1
### ===  Ignore cuts flag:   0

phot:  for gamma SubType=12 BuildTable=0
      LambdaPrime table from 200 keV to 100 TeV in 61 bins 
      ===== EM models for the G4Region  DefaultRegionForTheWorld ======
       PhotoElectric : Emin=    0 eV  Emax=  100 TeV  SauterGavrila Fluo

compt:  for gamma SubType=13 BuildTable=1
      Lambda table from 100 eV  to 1 MeV, 7 bins/decade, spline: 1
      LambdaPrime table from 1 MeV to 100 TeV in 56 bins 
      ===== EM models for the G4Region  DefaultRegionForTheWorld ======
       Klein-Nishina : Emin=    0 eV  Emax=  100 TeV

conv:  for gamma SubType=14 BuildTable=1
      Lambda table from 1.022 MeV to 100 TeV, 18 bins/decade, spline: 1
      ===== EM models for the G4Region  DefaultRegionForTheWorld ======
     BetheHeitlerLPM : Emin=    0 eV  Emax=  100 TeV  ModifiedTsai

Rayl:  for gamma SubType=11 BuildTable=1
      Lambda table from 100 eV  to 100 keV, 7 bins/decade, spline: 0
      LambdaPrime table from 100 keV to 100 TeV in 63 bins 
      ===== EM models for the G4Region  DefaultRegionForTheWorld ======
   LivermoreRayleigh : Emin=    0 eV  Emax=  100 TeV  CullenGenerator

msc:  for e-  SubType= 10
      ===== EM models for the G4Region  DefaultRegionForTheWorld ======
            UrbanMsc : Emin=    0 eV  Emax=  100 TeV Nbins=84 100 eV  - 100 TeV
          StepLim=UseSafety Rfact=0.04 Gfact=2.5 Sfact=0.6 DispFlag:1 Skin=1 Llim=1 mm

eIoni:  for e-  XStype:1  SubType=2
      dE/dx and range tables from 100 eV  to 100 TeV in 84 bins
      Lambda tables from threshold to 100 TeV, 7 bins/decade, spline: 1
      StepFunction=(0.2, 1 mm), integ: 1, fluct: 1, linLossLim= 0.01
      ===== EM models for the G4Region  DefaultRegionForTheWorld ======
        MollerBhabha : Emin=    0 eV  Emax=  100 TeV

eBrem:  for e-  XStype:4  SubType=3
      dE/dx and range tables from 100 eV  to 100 TeV in 84 bins
      Lambda tables from threshold to 100 TeV, 7 bins/decade, spline: 1
      LPM flag: 1 for E > 1 GeV,  VertexHighEnergyTh(GeV)= 100000
      ===== EM models for the G4Region  DefaultRegionForTheWorld ======
             eBremSB : Emin=    0 eV  Emax=    1 GeV  ModifiedTsai
            eBremLPM : Emin=    1 GeV Emax=  100 TeV  ModifiedTsai

msc:  for e+  SubType= 10
      ===== EM models for the G4Region  DefaultRegionForTheWorld ======
            UrbanMsc : Emin=    0 eV  Emax=  100 TeV Nbins=84 100 eV  - 100 TeV
          StepLim=UseSafety Rfact=0.04 Gfact=2.5 Sfact=0.6 DispFlag:1 Skin=1 Llim=1 mm

eIoni:  for e+  XStype:1  SubType=2
      dE/dx and range tables from 100 eV  to 100 TeV in 84 bins
      Lambda tables from threshold to 100 TeV, 7 bins/decade, spline: 1
      StepFunction=(0.2, 1 mm), integ: 1, fluct: 1, linLossLim= 0.01
      ===== EM models for the G4Region  DefaultRegionForTheWorld ======
        MollerBhabha : Emin=    0 eV  Emax=  100 TeV

========= Table of registered couples ============================

Index : 0     used in the geometry : Yes
 Material : G4_AIR
 Range cuts        :  gamma  100 um     e-  100 um     e+  100 um  proton 100 um 
 Energy thresholds :  gamma  990 eV     e-  990 eV     e+  990 eV  proton -1 MeV
 Region(s) which use this couple : 
    DefaultRegionForTheWorld

Index : 1     used in the geometry : Yes
 Material : G4_Cu
 Range cuts        :  gamma  100 um     e-  100 um     e+  100 um  proton 100 um 
 Energy thresholds :  gamma  7.32478 keV    e-  250.496 keV    e+  243.212 keV proton -1 MeV
 Region(s) which use this couple : 
    DefaultRegionForTheWorld

Index : 2     used in the geometry : Yes
 Material : G4_W
 Range cuts        :  gamma  100 um     e-  100 um     e+  100 um  proton 100 um 
 Energy thresholds :  gamma  36.2784 keV    e-  351.887 keV    e+  338.074 keV proton -1 MeV
 Region(s) which use this couple : 
    DefaultRegionForTheWorld

Index : 3     used in the geometry : Yes
 Material : SiFeMn
 Range cuts        :  gamma  100 um     e-  100 um     e+  100 um  proton 100 um 
 Energy thresholds :  gamma  5.5703 keV    e-  245.383 keV    e+  238.689 keV proton -1 MeV
 Region(s) which use this couple : 
    DefaultRegionForTheWorld

Index : 4     used in the geometry : Yes
 Material : G4_WATER1
 Range cuts        :  gamma  100 um     e-  100 um     e+  100 um  proton 100 um 
 Energy thresholds :  gamma  1.11075 keV    e-  85.0445 keV    e+  83.9021 keV proton -1 MeV
 Region(s) which use this couple : 
    DefaultRegionForTheWorld

Index : 5     used in the geometry : Yes
 Material : G4_LUNG_ICRP0.3
 Range cuts        :  gamma  100 um     e-  100 um     e+  100 um  proton 100 um 
 Energy thresholds :  gamma  990 eV     e-  42.3657 keV    e+  41.9337 keV proton -1 MeV
 Region(s) which use this couple : 
    DefaultRegionForTheWorld

Index : 6     used in the geometry : Yes
 Material : G4_BONE_COMPACT_ICRU1.85
 Range cuts        :  gamma  100 um     e-  100 um     e+  100 um  proton 100 um 
 Energy thresholds :  gamma  1.63929 keV    e-  116.527 keV    e+  114.653 keV proton -1 MeV
 Region(s) which use this couple : 
    DefaultRegionForTheWorld

==================================================================

G4VisManager: Using G4TrajectoryDrawByCharge as fallback trajectory model.
See commands in /vis/modeling/trajectories/ for other options.
boper : starting run with brem. splitting factor = 100, biasing primary and secondary tracks , biasing only once per track  . 
### Run 0 starts.
 %%% EVENT 0 NTRACKS 892 TOTAL NTRACKS 892
 CreateHisto1D PhaseSpace: -899: 0:ALL: X at Zstop = 760001
 CreateHisto1D PhaseSpace: -899: 0:ALL: X*10 at Zstop = 760101
 CreateHisto1D PhaseSpace: -899: 0:ALL: Y at Zstop = 760002
 CreateHisto1D PhaseSpace: -899: 0:ALL: Y*10 at Zstop = 760102
 CreateHisto2D PhaseSpace: -899: 0:ALL: XY at Zstop = 760009
 CreateHisto1D PhaseSpace: -899: 0:ALL: R at Zstop = 760003
 CreateHisto1D PhaseSpace: -899: 0:ALL: Direction Theta at Zstop = 760004
 CreateHisto1D PhaseSpace: -899: 0:ALL: Direction Phi at Zstop = 760005
 CreateHisto1D PhaseSpace: -899: 0:ALL: Energy at Zstop = 760006
 CreateHisto1D PhaseSpace: -899: 0:ALL: Energy*10 at Zstop = 760106
 CreateHisto1D PhaseSpace: -899: 0:ALL: Vx at Zstop = 760007
 CreateHisto1D PhaseSpace: -899: 0:ALL: Vy at Zstop = 760008
 CreateHisto1D PhaseSpace: -899: 0:ALL: Vz at Zstop = 760009
 CreateHisto2D PhaseSpace: -899: 0:ALL: R vs Direction Theta at Zstop = 760011
 CreateHisto2D PhaseSpace: -899: 0:ALL: R vs Energy at Zstop = 760012
 CreateHisto2D PhaseSpace: -899: 0:ALL: Direction Theta vs Energy at Zstop = 760013
 CreateHisto1D PhaseSpace: -899: 0:ALL: Weight at Zstop = 760014
 CreateHisto2D PhaseSpace: -899: 0:ALL: X vs Energy at Zstop = 760021
 CreateHisto2D PhaseSpace: -899: 0:ALL: X vs Vx at Zstop = 760022
 CreateHistoProfile1D PhaseSpace: -899: 0:ALL: X prof weight = 760030
 CreateHisto2D PhaseSpace: -899: 0:ALL: X vs log10(Weight) = 760091
 CreateHisto1D PhaseSpace: -899: 0:gamma: X at Zstop = 761001
 CreateHisto1D PhaseSpace: -899: 0:gamma: X*10 at Zstop = 761101
 CreateHisto1D PhaseSpace: -899: 0:gamma: Y at Zstop = 761002
 CreateHisto1D PhaseSpace: -899: 0:gamma: Y*10 at Zstop = 761102
 CreateHisto2D PhaseSpace: -899: 0:gamma: XY at Zstop = 761009
 CreateHisto1D PhaseSpace: -899: 0:gamma: R at Zstop = 761003
 CreateHisto1D PhaseSpace: -899: 0:gamma: Direction Theta at Zstop = 761004
 CreateHisto1D PhaseSpace: -899: 0:gamma: Direction Phi at Zstop = 761005
 CreateHisto1D PhaseSpace: -899: 0:gamma: Energy at Zstop = 761006
 CreateHisto1D PhaseSpace: -899: 0:gamma: Energy*10 at Zstop = 761106
 CreateHisto1D PhaseSpace: -899: 0:gamma: Vx at Zstop = 761007
 CreateHisto1D PhaseSpace: -899: 0:gamma: Vy at Zstop = 761008
 CreateHisto1D PhaseSpace: -899: 0:gamma: Vz at Zstop = 761009
 CreateHisto2D PhaseSpace: -899: 0:gamma: R vs Direction Theta at Zstop = 761011
 CreateHisto2D PhaseSpace: -899: 0:gamma: R vs Energy at Zstop = 761012
 CreateHisto2D PhaseSpace: -899: 0:gamma: Direction Theta vs Energy at Zstop = 761013
 CreateHisto1D PhaseSpace: -899: 0:gamma: Weight at Zstop = 761014
 CreateHisto2D PhaseSpace: -899: 0:gamma: X vs Energy at Zstop = 761021
 CreateHisto2D PhaseSpace: -899: 0:gamma: X vs Vx at Zstop = 761022
 CreateHistoProfile1D PhaseSpace: -899: 0:gamma: X prof weight = 761030
 CreateHisto2D PhaseSpace: -899: 0:gamma: X vs log10(Weight) = 761091
 CreateHisto1D PhaseSpace: -899: 0:e-: X at Zstop = 762001
 CreateHisto1D PhaseSpace: -899: 0:e-: X*10 at Zstop = 762101
 CreateHisto1D PhaseSpace: -899: 0:e-: Y at Zstop = 762002
 CreateHisto1D PhaseSpace: -899: 0:e-: Y*10 at Zstop = 762102
 CreateHisto2D PhaseSpace: -899: 0:e-: XY at Zstop = 762009
 CreateHisto1D PhaseSpace: -899: 0:e-: R at Zstop = 762003
 CreateHisto1D PhaseSpace: -899: 0:e-: Direction Theta at Zstop = 762004
 CreateHisto1D PhaseSpace: -899: 0:e-: Direction Phi at Zstop = 762005
 CreateHisto1D PhaseSpace: -899: 0:e-: Energy at Zstop = 762006
 CreateHisto1D PhaseSpace: -899: 0:e-: Energy*10 at Zstop = 762106
 CreateHisto1D PhaseSpace: -899: 0:e-: Vx at Zstop = 762007
 CreateHisto1D PhaseSpace: -899: 0:e-: Vy at Zstop = 762008
 CreateHisto1D PhaseSpace: -899: 0:e-: Vz at Zstop = 762009
 CreateHisto2D PhaseSpace: -899: 0:e-: R vs Direction Theta at Zstop = 762011
 CreateHisto2D PhaseSpace: -899: 0:e-: R vs Energy at Zstop = 762012
 CreateHisto2D PhaseSpace: -899: 0:e-: Direction Theta vs Energy at Zstop = 762013
 CreateHisto1D PhaseSpace: -899: 0:e-: Weight at Zstop = 762014
 CreateHisto2D PhaseSpace: -899: 0:e-: X vs Energy at Zstop = 762021
 CreateHisto2D PhaseSpace: -899: 0:e-: X vs Vx at Zstop = 762022
 CreateHistoProfile1D PhaseSpace: -899: 0:e-: X prof weight = 762030
 CreateHisto2D PhaseSpace: -899: 0:e-: X vs log10(Weight) = 762091
 CreateHisto1D PhaseSpace: -899: 0:e+: X at Zstop = 763001
 CreateHisto1D PhaseSpace: -899: 0:e+: X*10 at Zstop = 763101
 CreateHisto1D PhaseSpace: -899: 0:e+: Y at Zstop = 763002
 CreateHisto1D PhaseSpace: -899: 0:e+: Y*10 at Zstop = 763102
 CreateHisto2D PhaseSpace: -899: 0:e+: XY at Zstop = 763009
 CreateHisto1D PhaseSpace: -899: 0:e+: R at Zstop = 763003
 CreateHisto1D PhaseSpace: -899: 0:e+: Direction Theta at Zstop = 763004
 CreateHisto1D PhaseSpace: -899: 0:e+: Direction Phi at Zstop = 763005
 CreateHisto1D PhaseSpace: -899: 0:e+: Energy at Zstop = 763006
 CreateHisto1D PhaseSpace: -899: 0:e+: Energy*10 at Zstop = 763106
 CreateHisto1D PhaseSpace: -899: 0:e+: Vx at Zstop = 763007
 CreateHisto1D PhaseSpace: -899: 0:e+: Vy at Zstop = 763008
 CreateHisto1D PhaseSpace: -899: 0:e+: Vz at Zstop = 763009
 CreateHisto2D PhaseSpace: -899: 0:e+: R vs Direction Theta at Zstop = 763011
 CreateHisto2D PhaseSpace: -899: 0:e+: R vs Energy at Zstop = 763012
 CreateHisto2D PhaseSpace: -899: 0:e+: Direction Theta vs Energy at Zstop = 763013
 CreateHisto1D PhaseSpace: -899: 0:e+: Weight at Zstop = 763014
 CreateHisto2D PhaseSpace: -899: 0:e+: X vs Energy at Zstop = 763021
 CreateHisto2D PhaseSpace: -899: 0:e+: X vs Vx at Zstop = 763022
 CreateHistoProfile1D PhaseSpace: -899: 0:e+: X prof weight = 763030
 CreateHisto2D PhaseSpace: -899: 0:e+: X vs log10(Weight) = 763091
 %%% EVENT 1000 NTRACKS 834 TOTAL NTRACKS 712814
 %%% EVENT 2000 NTRACKS 2 TOTAL NTRACKS 1.38389e+06
 %%% EVENT 3000 NTRACKS 2462 TOTAL NTRACKS 2.1057e+06
 %%% EVENT 4000 NTRACKS 754 TOTAL NTRACKS 2.79678e+06
 %%% EVENT 5000 NTRACKS 985 TOTAL NTRACKS 3.49416e+06
 %%% EVENT 6000 NTRACKS 1435 TOTAL NTRACKS 4.19665e+06
 %%% EVENT 7000 NTRACKS 1233 TOTAL NTRACKS 4.89504e+06
 %%% EVENT 8000 NTRACKS 312 TOTAL NTRACKS 5.58835e+06
 %%% EVENT 9000 NTRACKS 429 TOTAL NTRACKS 6.26569e+06
 %%% EVENT 10000 NTRACKS 761 TOTAL NTRACKS 6.95657e+06
 %%% EVENT 11000 NTRACKS 715 TOTAL NTRACKS 7.63175e+06
 %%% EVENT 12000 NTRACKS 1052 TOTAL NTRACKS 8.34298e+06
 %%% EVENT 13000 NTRACKS 653 TOTAL NTRACKS 9.04129e+06
 %%% EVENT 14000 NTRACKS 1860 TOTAL NTRACKS 9.72291e+06
 %%% EVENT 15000 NTRACKS 1446 TOTAL NTRACKS 1.0429e+07
 %%% EVENT 16000 NTRACKS 388 TOTAL NTRACKS 1.11405e+07
 %%% EVENT 17000 NTRACKS 4 TOTAL NTRACKS 1.18632e+07
 %%% EVENT 18000 NTRACKS 693 TOTAL NTRACKS 1.25611e+07
 %%% EVENT 19000 NTRACKS 331 TOTAL NTRACKS 1.32597e+07
 %%% EVENT 20000 NTRACKS 1088 TOTAL NTRACKS 1.39426e+07
 %%% EVENT 21000 NTRACKS 1322 TOTAL NTRACKS 1.46111e+07
 %%% EVENT 22000 NTRACKS 306 TOTAL NTRACKS 1.52987e+07
 %%% EVENT 23000 NTRACKS 2 TOTAL NTRACKS 1.59781e+07
 %%% EVENT 24000 NTRACKS 1280 TOTAL NTRACKS 1.6678e+07
 %%% EVENT 25000 NTRACKS 1206 TOTAL NTRACKS 1.73546e+07
 %%% EVENT 26000 NTRACKS 647 TOTAL NTRACKS 1.80578e+07
 %%% EVENT 27000 NTRACKS 706 TOTAL NTRACKS 1.8727e+07
 %%% EVENT 28000 NTRACKS 430 TOTAL NTRACKS 1.9434e+07
 %%% EVENT 29000 NTRACKS 1356 TOTAL NTRACKS 2.0122e+07
 %%% EVENT 30000 NTRACKS 1088 TOTAL NTRACKS 2.08486e+07
 %%% EVENT 31000 NTRACKS 778 TOTAL NTRACKS 2.15483e+07
 %%% EVENT 32000 NTRACKS 954 TOTAL NTRACKS 2.2241e+07
 %%% EVENT 33000 NTRACKS 993 TOTAL NTRACKS 2.29369e+07
 %%% EVENT 34000 NTRACKS 444 TOTAL NTRACKS 2.3607e+07
 %%% EVENT 35000 NTRACKS 643 TOTAL NTRACKS 2.42963e+07
 %%% EVENT 36000 NTRACKS 937 TOTAL NTRACKS 2.50061e+07
 %%% EVENT 37000 NTRACKS 674 TOTAL NTRACKS 2.56904e+07
 %%% EVENT 38000 NTRACKS 13 TOTAL NTRACKS 2.63752e+07
 %%% EVENT 39000 NTRACKS 1828 TOTAL NTRACKS 2.70774e+07
 %%% EVENT 40000 NTRACKS 1561 TOTAL NTRACKS 2.7795e+07
 %%% EVENT 41000 NTRACKS 407 TOTAL NTRACKS 2.84975e+07
 %%% EVENT 42000 NTRACKS 1070 TOTAL NTRACKS 2.91975e+07
 %%% EVENT 43000 NTRACKS 2354 TOTAL NTRACKS 2.98817e+07
 %%% EVENT 44000 NTRACKS 668 TOTAL NTRACKS 3.05613e+07
 %%% EVENT 45000 NTRACKS 1815 TOTAL NTRACKS 3.12625e+07
 %%% EVENT 46000 NTRACKS 272 TOTAL NTRACKS 3.19436e+07
 %%% EVENT 47000 NTRACKS 694 TOTAL NTRACKS 3.2626e+07
 %%% EVENT 48000 NTRACKS 656 TOTAL NTRACKS 3.33078e+07
 %%% EVENT 49000 NTRACKS 1326 TOTAL NTRACKS 3.40256e+07
 %%% EVENT 50000 NTRACKS 974 TOTAL NTRACKS 3.47255e+07
 %%% EVENT 51000 NTRACKS 1253 TOTAL NTRACKS 3.54374e+07
 %%% EVENT 52000 NTRACKS 391 TOTAL NTRACKS 3.61033e+07
 %%% EVENT 53000 NTRACKS 1556 TOTAL NTRACKS 3.68056e+07
 %%% EVENT 54000 NTRACKS 4 TOTAL NTRACKS 3.75107e+07
 %%% EVENT 55000 NTRACKS 16 TOTAL NTRACKS 3.82061e+07
 %%% EVENT 56000 NTRACKS 352 TOTAL NTRACKS 3.89076e+07
 %%% EVENT 57000 NTRACKS 219 TOTAL NTRACKS 3.96073e+07
 %%% EVENT 58000 NTRACKS 4 TOTAL NTRACKS 4.03083e+07
 %%% EVENT 59000 NTRACKS 662 TOTAL NTRACKS 4.09909e+07
 %%% EVENT 60000 NTRACKS 2 TOTAL NTRACKS 4.16934e+07
 %%% EVENT 61000 NTRACKS 1031 TOTAL NTRACKS 4.24048e+07
 %%% EVENT 62000 NTRACKS 1939 TOTAL NTRACKS 4.30996e+07
 %%% EVENT 63000 NTRACKS 419 TOTAL NTRACKS 4.37783e+07
 %%% EVENT 64000 NTRACKS 2 TOTAL NTRACKS 4.44501e+07
 %%% EVENT 65000 NTRACKS 1022 TOTAL NTRACKS 4.51279e+07
 %%% EVENT 66000 NTRACKS 450 TOTAL NTRACKS 4.58282e+07
 %%% EVENT 67000 NTRACKS 421 TOTAL NTRACKS 4.65139e+07
 %%% EVENT 68000 NTRACKS 1313 TOTAL NTRACKS 4.71768e+07
 %%% EVENT 69000 NTRACKS 938 TOTAL NTRACKS 4.78866e+07
 %%% EVENT 70000 NTRACKS 4 TOTAL NTRACKS 4.86084e+07
 %%% EVENT 71000 NTRACKS 809 TOTAL NTRACKS 4.92776e+07
 %%% EVENT 72000 NTRACKS 1848 TOTAL NTRACKS 4.99996e+07
 %%% EVENT 73000 NTRACKS 1804 TOTAL NTRACKS 5.06922e+07
 %%% EVENT 74000 NTRACKS 1269 TOTAL NTRACKS 5.13572e+07
 %%% EVENT 75000 NTRACKS 383 TOTAL NTRACKS 5.20355e+07
 %%% EVENT 76000 NTRACKS 4 TOTAL NTRACKS 5.27266e+07
 %%% EVENT 77000 NTRACKS 638 TOTAL NTRACKS 5.34153e+07
 %%% EVENT 78000 NTRACKS 1 TOTAL NTRACKS 5.41288e+07
 %%% EVENT 79000 NTRACKS 990 TOTAL NTRACKS 5.48528e+07
 %%% EVENT 80000 NTRACKS 429 TOTAL NTRACKS 5.55722e+07
 %%% EVENT 81000 NTRACKS 1584 TOTAL NTRACKS 5.62874e+07
 %%% EVENT 82000 NTRACKS 1029 TOTAL NTRACKS 5.69812e+07
 %%% EVENT 83000 NTRACKS 336 TOTAL NTRACKS 5.77036e+07
 %%% EVENT 84000 NTRACKS 699 TOTAL NTRACKS 5.84088e+07
 %%% EVENT 85000 NTRACKS 1058 TOTAL NTRACKS 5.90972e+07
 %%% EVENT 86000 NTRACKS 1799 TOTAL NTRACKS 5.98192e+07
 %%% EVENT 87000 NTRACKS 378 TOTAL NTRACKS 6.04997e+07
 %%% EVENT 88000 NTRACKS 1267 TOTAL NTRACKS 6.1189e+07
 %%% EVENT 89000 NTRACKS 1013 TOTAL NTRACKS 6.18588e+07
 %%% EVENT 90000 NTRACKS 1012 TOTAL NTRACKS 6.25513e+07
 %%% EVENT 91000 NTRACKS 405 TOTAL NTRACKS 6.32481e+07
 %%% EVENT 92000 NTRACKS 340 TOTAL NTRACKS 6.39346e+07
 %%% EVENT 93000 NTRACKS 1556 TOTAL NTRACKS 6.46212e+07
 %%% EVENT 94000 NTRACKS 549 TOTAL NTRACKS 6.53304e+07
 %%% EVENT 95000 NTRACKS 468 TOTAL NTRACKS 6.59892e+07
 %%% EVENT 96000 NTRACKS 1381 TOTAL NTRACKS 6.66745e+07
 %%% EVENT 97000 NTRACKS 783 TOTAL NTRACKS 6.73668e+07
 %%% EVENT 98000 NTRACKS 1841 TOTAL NTRACKS 6.80363e+07
 %%% EVENT 99000 NTRACKS 1 TOTAL NTRACKS 6.87119e+07
 %%% EVENT 100000 NTRACKS 1 TOTAL NTRACKS 6.94015e+07
 %%% EVENT 101000 NTRACKS 500 TOTAL NTRACKS 7.01115e+07
 %%% EVENT 102000 NTRACKS 353 TOTAL NTRACKS 7.08152e+07
 %%% EVENT 103000 NTRACKS 3 TOTAL NTRACKS 7.14934e+07
 %%% EVENT 104000 NTRACKS 352 TOTAL NTRACKS 7.21962e+07
 %%% EVENT 105000 NTRACKS 1534 TOTAL NTRACKS 7.28881e+07
 %%% EVENT 106000 NTRACKS 1 TOTAL NTRACKS 7.3553e+07
 %%% EVENT 107000 NTRACKS 2053 TOTAL NTRACKS 7.42554e+07
 %%% EVENT 108000 NTRACKS 737 TOTAL NTRACKS 7.49531e+07
 %%% EVENT 109000 NTRACKS 719 TOTAL NTRACKS 7.56238e+07
 %%% EVENT 110000 NTRACKS 703 TOTAL NTRACKS 7.62863e+07
 %%% EVENT 111000 NTRACKS 665 TOTAL NTRACKS 7.69784e+07
 %%% EVENT 112000 NTRACKS 1249 TOTAL NTRACKS 7.76623e+07
 %%% EVENT 113000 NTRACKS 977 TOTAL NTRACKS 7.83407e+07
 %%% EVENT 114000 NTRACKS 34 TOTAL NTRACKS 7.90376e+07
 %%% EVENT 115000 NTRACKS 326 TOTAL NTRACKS 7.97393e+07
 %%% EVENT 116000 NTRACKS 452 TOTAL NTRACKS 8.04019e+07
 %%% EVENT 117000 NTRACKS 1093 TOTAL NTRACKS 8.10978e+07
 %%% EVENT 118000 NTRACKS 2578 TOTAL NTRACKS 8.1778e+07
 %%% EVENT 119000 NTRACKS 1228 TOTAL NTRACKS 8.24615e+07
 %%% EVENT 120000 NTRACKS 404 TOTAL NTRACKS 8.31771e+07
 %%% EVENT 121000 NTRACKS 926 TOTAL NTRACKS 8.38644e+07
 %%% EVENT 122000 NTRACKS 363 TOTAL NTRACKS 8.45441e+07
 %%% EVENT 123000 NTRACKS 2 TOTAL NTRACKS 8.52344e+07
 %%% EVENT 124000 NTRACKS 567 TOTAL NTRACKS 8.59241e+07
 %%% EVENT 125000 NTRACKS 4 TOTAL NTRACKS 8.66148e+07
 %%% EVENT 126000 NTRACKS 959 TOTAL NTRACKS 8.72907e+07
 %%% EVENT 127000 NTRACKS 276 TOTAL NTRACKS 8.79938e+07
 %%% EVENT 128000 NTRACKS 410 TOTAL NTRACKS 8.86758e+07
 %%% EVENT 129000 NTRACKS 405 TOTAL NTRACKS 8.93501e+07
 %%% EVENT 130000 NTRACKS 667 TOTAL NTRACKS 9.004e+07
 %%% EVENT 131000 NTRACKS 2 TOTAL NTRACKS 9.07341e+07
 %%% EVENT 132000 NTRACKS 1058 TOTAL NTRACKS 9.14209e+07
 %%% EVENT 133000 NTRACKS 922 TOTAL NTRACKS 9.212e+07
 %%% EVENT 134000 NTRACKS 651 TOTAL NTRACKS 9.28151e+07
 %%% EVENT 135000 NTRACKS 669 TOTAL NTRACKS 9.3518e+07
 %%% EVENT 136000 NTRACKS 678 TOTAL NTRACKS 9.42022e+07
 %%% EVENT 137000 NTRACKS 308 TOTAL NTRACKS 9.48797e+07
 %%% EVENT 138000 NTRACKS 359 TOTAL NTRACKS 9.55632e+07
 %%% EVENT 139000 NTRACKS 3 TOTAL NTRACKS 9.62663e+07
 %%% EVENT 140000 NTRACKS 1256 TOTAL NTRACKS 9.69781e+07
 %%% EVENT 141000 NTRACKS 234 TOTAL NTRACKS 9.76491e+07
 %%% EVENT 142000 NTRACKS 408 TOTAL NTRACKS 9.83347e+07
 %%% EVENT 143000 NTRACKS 430 TOTAL NTRACKS 9.89914e+07
 %%% EVENT 144000 NTRACKS 9 TOTAL NTRACKS 9.96738e+07
 %%% EVENT 145000 NTRACKS 925 TOTAL NTRACKS 1.00337e+08
 %%% EVENT 146000 NTRACKS 761 TOTAL NTRACKS 1.0105e+08
 %%% EVENT 147000 NTRACKS 1 TOTAL NTRACKS 1.01751e+08
 %%% EVENT 148000 NTRACKS 376 TOTAL NTRACKS 1.02433e+08
 %%% EVENT 149000 NTRACKS 360 TOTAL NTRACKS 1.03124e+08
 %%% EVENT 150000 NTRACKS 723 TOTAL NTRACKS 1.03812e+08
 %%% EVENT 151000 NTRACKS 615 TOTAL NTRACKS 1.04505e+08
 %%% EVENT 152000 NTRACKS 290 TOTAL NTRACKS 1.05175e+08
 %%% EVENT 153000 NTRACKS 1063 TOTAL NTRACKS 1.05905e+08
 %%% EVENT 154000 NTRACKS 483 TOTAL NTRACKS 1.06599e+08
 %%% EVENT 155000 NTRACKS 705 TOTAL NTRACKS 1.07288e+08
 %%% EVENT 156000 NTRACKS 2 TOTAL NTRACKS 1.07965e+08
 %%% EVENT 157000 NTRACKS 781 TOTAL NTRACKS 1.08704e+08
 %%% EVENT 158000 NTRACKS 2 TOTAL NTRACKS 1.09388e+08
 %%% EVENT 159000 NTRACKS 1050 TOTAL NTRACKS 1.10081e+08
 %%% EVENT 160000 NTRACKS 1187 TOTAL NTRACKS 1.1078e+08
 %%% EVENT 161000 NTRACKS 715 TOTAL NTRACKS 1.11446e+08
 %%% EVENT 162000 NTRACKS 953 TOTAL NTRACKS 1.12139e+08
 %%% EVENT 163000 NTRACKS 406 TOTAL NTRACKS 1.12826e+08
 %%% EVENT 164000 NTRACKS 2393 TOTAL NTRACKS 1.13496e+08
 %%% EVENT 165000 NTRACKS 1151 TOTAL NTRACKS 1.1416e+08
 %%% EVENT 166000 NTRACKS 2 TOTAL NTRACKS 1.14887e+08
 %%% EVENT 167000 NTRACKS 744 TOTAL NTRACKS 1.15566e+08
 %%% EVENT 168000 NTRACKS 403 TOTAL NTRACKS 1.16228e+08
 %%% EVENT 169000 NTRACKS 729 TOTAL NTRACKS 1.16916e+08
 %%% EVENT 170000 NTRACKS 539 TOTAL NTRACKS 1.17592e+08
 %%% EVENT 171000 NTRACKS 2 TOTAL NTRACKS 1.18302e+08
 %%% EVENT 172000 NTRACKS 969 TOTAL NTRACKS 1.1899e+08
 %%% EVENT 173000 NTRACKS 1259 TOTAL NTRACKS 1.19699e+08
 %%% EVENT 174000 NTRACKS 1082 TOTAL NTRACKS 1.20386e+08
 %%% EVENT 175000 NTRACKS 432 TOTAL NTRACKS 1.21069e+08
 %%% EVENT 176000 NTRACKS 368 TOTAL NTRACKS 1.21763e+08
 %%% EVENT 177000 NTRACKS 714 TOTAL NTRACKS 1.22455e+08
 %%% EVENT 178000 NTRACKS 1078 TOTAL NTRACKS 1.23145e+08
 %%% EVENT 179000 NTRACKS 680 TOTAL NTRACKS 1.23819e+08
 %%% EVENT 180000 NTRACKS 1051 TOTAL NTRACKS 1.24488e+08
 %%% EVENT 181000 NTRACKS 427 TOTAL NTRACKS 1.25178e+08
 %%% EVENT 182000 NTRACKS 1576 TOTAL NTRACKS 1.25858e+08
 %%% EVENT 183000 NTRACKS 645 TOTAL NTRACKS 1.2653e+08
 %%% EVENT 184000 NTRACKS 1 TOTAL NTRACKS 1.27222e+08
 %%% EVENT 185000 NTRACKS 1267 TOTAL NTRACKS 1.27922e+08
 %%% EVENT 186000 NTRACKS 416 TOTAL NTRACKS 1.28608e+08
 %%% EVENT 187000 NTRACKS 1853 TOTAL NTRACKS 1.29304e+08
 %%% EVENT 188000 NTRACKS 372 TOTAL NTRACKS 1.29985e+08
 %%% EVENT 189000 NTRACKS 2 TOTAL NTRACKS 1.30688e+08
 %%% EVENT 190000 NTRACKS 1852 TOTAL NTRACKS 1.31383e+08
 %%% EVENT 191000 NTRACKS 422 TOTAL NTRACKS 1.32087e+08
 %%% EVENT 192000 NTRACKS 710 TOTAL NTRACKS 1.32787e+08
 %%% EVENT 193000 NTRACKS 369 TOTAL NTRACKS 1.33473e+08
 %%% EVENT 194000 NTRACKS 1271 TOTAL NTRACKS 1.34178e+08
 %%% EVENT 195000 NTRACKS 13 TOTAL NTRACKS 1.34846e+08
 %%% EVENT 196000 NTRACKS 404 TOTAL NTRACKS 1.35535e+08
 %%% EVENT 197000 NTRACKS 978 TOTAL NTRACKS 1.36233e+08
 %%% EVENT 198000 NTRACKS 341 TOTAL NTRACKS 1.36927e+08
 %%% EVENT 199000 NTRACKS 3 TOTAL NTRACKS 1.37589e+08
 %%% EVENT 200000 NTRACKS 3 TOTAL NTRACKS 1.38273e+08
 %%% EVENT 201000 NTRACKS 1806 TOTAL NTRACKS 1.38984e+08
 %%% EVENT 202000 NTRACKS 977 TOTAL NTRACKS 1.3969e+08
 %%% EVENT 203000 NTRACKS 3 TOTAL NTRACKS 1.40368e+08
 %%% EVENT 204000 NTRACKS 1 TOTAL NTRACKS 1.41055e+08
 %%% EVENT 205000 NTRACKS 2444 TOTAL NTRACKS 1.41736e+08
 %%% EVENT 206000 NTRACKS 584 TOTAL NTRACKS 1.42436e+08
 %%% EVENT 207000 NTRACKS 376 TOTAL NTRACKS 1.4313e+08
 %%% EVENT 208000 NTRACKS 626 TOTAL NTRACKS 1.43808e+08
 %%% EVENT 209000 NTRACKS 1604 TOTAL NTRACKS 1.445e+08
 %%% EVENT 210000 NTRACKS 415 TOTAL NTRACKS 1.45202e+08
 %%% EVENT 211000 NTRACKS 1642 TOTAL NTRACKS 1.45903e+08
 %%% EVENT 212000 NTRACKS 2 TOTAL NTRACKS 1.466e+08
 %%% EVENT 213000 NTRACKS 1746 TOTAL NTRACKS 1.47297e+08
 %%% EVENT 214000 NTRACKS 412 TOTAL NTRACKS 1.47982e+08
 %%% EVENT 215000 NTRACKS 1956 TOTAL NTRACKS 1.48678e+08
 %%% EVENT 216000 NTRACKS 910 TOTAL NTRACKS 1.49349e+08
 %%% EVENT 217000 NTRACKS 1 TOTAL NTRACKS 1.50054e+08
 %%% EVENT 218000 NTRACKS 2 TOTAL NTRACKS 1.50734e+08
 %%% EVENT 219000 NTRACKS 1 TOTAL NTRACKS 1.51419e+08
 %%% EVENT 220000 NTRACKS 1027 TOTAL NTRACKS 1.5214e+08
 %%% EVENT 221000 NTRACKS 1389 TOTAL NTRACKS 1.52834e+08
 %%% EVENT 222000 NTRACKS 1317 TOTAL NTRACKS 1.53519e+08
 %%% EVENT 223000 NTRACKS 1202 TOTAL NTRACKS 1.54211e+08
 %%% EVENT 224000 NTRACKS 1 TOTAL NTRACKS 1.54893e+08
 %%% EVENT 225000 NTRACKS 645 TOTAL NTRACKS 1.55598e+08
 %%% EVENT 226000 NTRACKS 676 TOTAL NTRACKS 1.56301e+08
 %%% EVENT 227000 NTRACKS 912 TOTAL NTRACKS 1.56987e+08
 %%% EVENT 228000 NTRACKS 1343 TOTAL NTRACKS 1.57696e+08
 %%% EVENT 229000 NTRACKS 983 TOTAL NTRACKS 1.58395e+08
 %%% EVENT 230000 NTRACKS 4 TOTAL NTRACKS 1.591e+08
 %%% EVENT 231000 NTRACKS 497 TOTAL NTRACKS 1.5979e+08
 %%% EVENT 232000 NTRACKS 1061 TOTAL NTRACKS 1.60473e+08
 %%% EVENT 233000 NTRACKS 1814 TOTAL NTRACKS 1.61171e+08
 %%% EVENT 234000 NTRACKS 262 TOTAL NTRACKS 1.61846e+08
 %%% EVENT 235000 NTRACKS 2 TOTAL NTRACKS 1.62532e+08
 %%% EVENT 236000 NTRACKS 403 TOTAL NTRACKS 1.63229e+08
 %%% EVENT 237000 NTRACKS 664 TOTAL NTRACKS 1.63917e+08
 %%% EVENT 238000 NTRACKS 1320 TOTAL NTRACKS 1.64614e+08
 %%% EVENT 239000 NTRACKS 1292 TOTAL NTRACKS 1.65329e+08
 %%% EVENT 240000 NTRACKS 1596 TOTAL NTRACKS 1.66004e+08
 %%% EVENT 241000 NTRACKS 904 TOTAL NTRACKS 1.66691e+08
 %%% EVENT 242000 NTRACKS 620 TOTAL NTRACKS 1.67394e+08
 %%% EVENT 243000 NTRACKS 201 TOTAL NTRACKS 1.68107e+08
 %%% EVENT 244000 NTRACKS 601 TOTAL NTRACKS 1.68801e+08
 %%% EVENT 245000 NTRACKS 665 TOTAL NTRACKS 1.69485e+08
 %%% EVENT 246000 NTRACKS 420 TOTAL NTRACKS 1.70159e+08
 %%% EVENT 247000 NTRACKS 691 TOTAL NTRACKS 1.70858e+08
 %%% EVENT 248000 NTRACKS 709 TOTAL NTRACKS 1.71535e+08
 %%% EVENT 249000 NTRACKS 1085 TOTAL NTRACKS 1.722e+08
 %%% EVENT 250000 NTRACKS 1590 TOTAL NTRACKS 1.72917e+08
 %%% EVENT 251000 NTRACKS 1731 TOTAL NTRACKS 1.73607e+08
 %%% EVENT 252000 NTRACKS 406 TOTAL NTRACKS 1.74281e+08
 %%% EVENT 253000 NTRACKS 412 TOTAL NTRACKS 1.74961e+08
 %%% EVENT 254000 NTRACKS 942 TOTAL NTRACKS 1.75641e+08
 %%% EVENT 255000 NTRACKS 691 TOTAL NTRACKS 1.76346e+08
 %%% EVENT 256000 NTRACKS 696 TOTAL NTRACKS 1.77047e+08
 %%% EVENT 257000 NTRACKS 661 TOTAL NTRACKS 1.77729e+08
 %%% EVENT 258000 NTRACKS 308 TOTAL NTRACKS 1.78404e+08
 %%% EVENT 259000 NTRACKS 755 TOTAL NTRACKS 1.79085e+08
 %%% EVENT 260000 NTRACKS 719 TOTAL NTRACKS 1.79787e+08
 %%% EVENT 261000 NTRACKS 491 TOTAL NTRACKS 1.80469e+08
 %%% EVENT 262000 NTRACKS 519 TOTAL NTRACKS 1.81154e+08
 %%% EVENT 263000 NTRACKS 407 TOTAL NTRACKS 1.81848e+08
 %%% EVENT 264000 NTRACKS 2 TOTAL NTRACKS 1.82545e+08
 %%% EVENT 265000 NTRACKS 1286 TOTAL NTRACKS 1.83234e+08
 %%% EVENT 266000 NTRACKS 249 TOTAL NTRACKS 1.8393e+08
 %%% EVENT 267000 NTRACKS 669 TOTAL NTRACKS 1.84622e+08
 %%% EVENT 268000 NTRACKS 1116 TOTAL NTRACKS 1.85304e+08
 %%% EVENT 269000 NTRACKS 1078 TOTAL NTRACKS 1.85983e+08
 %%% EVENT 270000 NTRACKS 951 TOTAL NTRACKS 1.86666e+08
 %%% EVENT 271000 NTRACKS 312 TOTAL NTRACKS 1.87383e+08
 %%% EVENT 272000 NTRACKS 944 TOTAL NTRACKS 1.8808e+08
 %%% EVENT 273000 NTRACKS 415 TOTAL NTRACKS 1.88768e+08
 %%% EVENT 274000 NTRACKS 1031 TOTAL NTRACKS 1.89443e+08
 %%% EVENT 275000 NTRACKS 5 TOTAL NTRACKS 1.90115e+08
 %%% EVENT 276000 NTRACKS 462 TOTAL NTRACKS 1.90798e+08
 %%% EVENT 277000 NTRACKS 795 TOTAL NTRACKS 1.91492e+08
 %%% EVENT 278000 NTRACKS 605 TOTAL NTRACKS 1.92147e+08
 %%% EVENT 279000 NTRACKS 423 TOTAL NTRACKS 1.92844e+08
 %%% EVENT 280000 NTRACKS 431 TOTAL NTRACKS 1.93539e+08
 %%% EVENT 281000 NTRACKS 671 TOTAL NTRACKS 1.94225e+08
 %%% EVENT 282000 NTRACKS 396 TOTAL NTRACKS 1.94924e+08
 %%% EVENT 283000 NTRACKS 1191 TOTAL NTRACKS 1.95617e+08
 %%% EVENT 284000 NTRACKS 2 TOTAL NTRACKS 1.96308e+08
 %%% EVENT 285000 NTRACKS 395 TOTAL NTRACKS 1.97008e+08
 %%% EVENT 286000 NTRACKS 1077 TOTAL NTRACKS 1.97702e+08
 %%% EVENT 287000 NTRACKS 1303 TOTAL NTRACKS 1.98377e+08
 %%% EVENT 288000 NTRACKS 3 TOTAL NTRACKS 1.99052e+08
 %%% EVENT 289000 NTRACKS 395 TOTAL NTRACKS 1.99753e+08
 %%% EVENT 290000 NTRACKS 436 TOTAL NTRACKS 2.0043e+08
 %%% EVENT 291000 NTRACKS 375 TOTAL NTRACKS 2.0114e+08
 %%% EVENT 292000 NTRACKS 1420 TOTAL NTRACKS 2.0185e+08
 %%% EVENT 293000 NTRACKS 2 TOTAL NTRACKS 2.02524e+08
 %%% EVENT 294000 NTRACKS 436 TOTAL NTRACKS 2.03212e+08
 %%% EVENT 295000 NTRACKS 715 TOTAL NTRACKS 2.03895e+08
 %%% EVENT 296000 NTRACKS 228 TOTAL NTRACKS 2.04594e+08
 %%% EVENT 297000 NTRACKS 636 TOTAL NTRACKS 2.05287e+08
 %%% EVENT 298000 NTRACKS 662 TOTAL NTRACKS 2.05993e+08
 %%% EVENT 299000 NTRACKS 990 TOTAL NTRACKS 2.06724e+08
 %%% EVENT 300000 NTRACKS 209 TOTAL NTRACKS 2.07447e+08
 %%% EVENT 301000 NTRACKS 32 TOTAL NTRACKS 2.08147e+08
 %%% EVENT 302000 NTRACKS 1 TOTAL NTRACKS 2.08833e+08
 %%% EVENT 303000 NTRACKS 1 TOTAL NTRACKS 2.09519e+08
 %%% EVENT 304000 NTRACKS 452 TOTAL NTRACKS 2.10216e+08
 %%% EVENT 305000 NTRACKS 744 TOTAL NTRACKS 2.10878e+08
 %%% EVENT 306000 NTRACKS 781 TOTAL NTRACKS 2.1156e+08
 %%% EVENT 307000 NTRACKS 557 TOTAL NTRACKS 2.12253e+08
 %%% EVENT 308000 NTRACKS 367 TOTAL NTRACKS 2.12899e+08
 %%% EVENT 309000 NTRACKS 1757 TOTAL NTRACKS 2.13594e+08
 %%% EVENT 310000 NTRACKS 197 TOTAL NTRACKS 2.14284e+08
 %%% EVENT 311000 NTRACKS 653 TOTAL NTRACKS 2.1495e+08
 %%% EVENT 312000 NTRACKS 350 TOTAL NTRACKS 2.15634e+08
 %%% EVENT 313000 NTRACKS 267 TOTAL NTRACKS 2.16333e+08
 %%% EVENT 314000 NTRACKS 1240 TOTAL NTRACKS 2.17014e+08
 %%% EVENT 315000 NTRACKS 1060 TOTAL NTRACKS 2.17717e+08
 %%% EVENT 316000 NTRACKS 927 TOTAL NTRACKS 2.18411e+08
 %%% EVENT 317000 NTRACKS 249 TOTAL NTRACKS 2.19142e+08
 %%% EVENT 318000 NTRACKS 268 TOTAL NTRACKS 2.19854e+08
 %%% EVENT 319000 NTRACKS 19 TOTAL NTRACKS 2.20522e+08
 %%% EVENT 320000 NTRACKS 409 TOTAL NTRACKS 2.21191e+08
 %%% EVENT 321000 NTRACKS 239 TOTAL NTRACKS 2.21873e+08
 %%% EVENT 322000 NTRACKS 230 TOTAL NTRACKS 2.22533e+08
 %%% EVENT 323000 NTRACKS 5 TOTAL NTRACKS 2.23215e+08
 %%% EVENT 324000 NTRACKS 327 TOTAL NTRACKS 2.23895e+08
 %%% EVENT 325000 NTRACKS 2 TOTAL NTRACKS 2.24608e+08
 %%% EVENT 326000 NTRACKS 1189 TOTAL NTRACKS 2.25317e+08
 %%% EVENT 327000 NTRACKS 956 TOTAL NTRACKS 2.26003e+08
 %%% EVENT 328000 NTRACKS 1014 TOTAL NTRACKS 2.26671e+08
 %%% EVENT 329000 NTRACKS 683 TOTAL NTRACKS 2.27385e+08
 %%% EVENT 330000 NTRACKS 1639 TOTAL NTRACKS 2.28063e+08
 %%% EVENT 331000 NTRACKS 1724 TOTAL NTRACKS 2.28754e+08
 %%% EVENT 332000 NTRACKS 1 TOTAL NTRACKS 2.29454e+08
 %%% EVENT 333000 NTRACKS 405 TOTAL NTRACKS 2.30137e+08
 %%% EVENT 334000 NTRACKS 972 TOTAL NTRACKS 2.30826e+08
 %%% EVENT 335000 NTRACKS 1213 TOTAL NTRACKS 2.31504e+08
 %%% EVENT 336000 NTRACKS 757 TOTAL NTRACKS 2.32187e+08
 %%% EVENT 337000 NTRACKS 406 TOTAL NTRACKS 2.32853e+08
 %%% EVENT 338000 NTRACKS 1101 TOTAL NTRACKS 2.3354e+08
 %%% EVENT 339000 NTRACKS 1005 TOTAL NTRACKS 2.34228e+08
 %%% EVENT 340000 NTRACKS 683 TOTAL NTRACKS 2.34917e+08
 %%% EVENT 341000 NTRACKS 287 TOTAL NTRACKS 2.35616e+08
 %%% EVENT 342000 NTRACKS 651 TOTAL NTRACKS 2.36303e+08
 %%% EVENT 343000 NTRACKS 608 TOTAL NTRACKS 2.36996e+08
 %%% EVENT 344000 NTRACKS 2 TOTAL NTRACKS 2.37661e+08
 %%% EVENT 345000 NTRACKS 479 TOTAL NTRACKS 2.38322e+08
 %%% EVENT 346000 NTRACKS 1 TOTAL NTRACKS 2.39008e+08
 %%% EVENT 347000 NTRACKS 1329 TOTAL NTRACKS 2.39703e+08
 %%% EVENT 348000 NTRACKS 341 TOTAL NTRACKS 2.40387e+08
 %%% EVENT 349000 NTRACKS 739 TOTAL NTRACKS 2.41086e+08
 %%% EVENT 350000 NTRACKS 951 TOTAL NTRACKS 2.41745e+08
 %%% EVENT 351000 NTRACKS 395 TOTAL NTRACKS 2.42447e+08
 %%% EVENT 352000 NTRACKS 647 TOTAL NTRACKS 2.43133e+08
 %%% EVENT 353000 NTRACKS 718 TOTAL NTRACKS 2.43834e+08
 %%% EVENT 354000 NTRACKS 3 TOTAL NTRACKS 2.44546e+08
 %%% EVENT 355000 NTRACKS 669 TOTAL NTRACKS 2.4524e+08
 %%% EVENT 356000 NTRACKS 851 TOTAL NTRACKS 2.45933e+08
 %%% EVENT 357000 NTRACKS 730 TOTAL NTRACKS 2.46604e+08
 %%% EVENT 358000 NTRACKS 463 TOTAL NTRACKS 2.47302e+08
 %%% EVENT 359000 NTRACKS 985 TOTAL NTRACKS 2.48002e+08
 %%% EVENT 360000 NTRACKS 589 TOTAL NTRACKS 2.48696e+08
 %%% EVENT 361000 NTRACKS 843 TOTAL NTRACKS 2.49399e+08
 %%% EVENT 362000 NTRACKS 395 TOTAL NTRACKS 2.50091e+08
 %%% EVENT 363000 NTRACKS 1237 TOTAL NTRACKS 2.50789e+08
 %%% EVENT 364000 NTRACKS 298 TOTAL NTRACKS 2.51468e+08
 %%% EVENT 365000 NTRACKS 2 TOTAL NTRACKS 2.5214e+08
 %%% EVENT 366000 NTRACKS 1685 TOTAL NTRACKS 2.52818e+08
 %%% EVENT 367000 NTRACKS 186 TOTAL NTRACKS 2.53526e+08
 %%% EVENT 368000 NTRACKS 545 TOTAL NTRACKS 2.54241e+08
 %%% EVENT 369000 NTRACKS 487 TOTAL NTRACKS 2.54927e+08
 %%% EVENT 370000 NTRACKS 648 TOTAL NTRACKS 2.55643e+08
 %%% EVENT 371000 NTRACKS 644 TOTAL NTRACKS 2.56329e+08
 %%% EVENT 372000 NTRACKS 408 TOTAL NTRACKS 2.57024e+08
 %%% EVENT 373000 NTRACKS 268 TOTAL NTRACKS 2.57745e+08
 %%% EVENT 374000 NTRACKS 711 TOTAL NTRACKS 2.58434e+08
 %%% EVENT 375000 NTRACKS 981 TOTAL NTRACKS 2.59131e+08
 %%% EVENT 376000 NTRACKS 2 TOTAL NTRACKS 2.59851e+08
 %%% EVENT 377000 NTRACKS 434 TOTAL NTRACKS 2.6056e+08
 %%% EVENT 378000 NTRACKS 1052 TOTAL NTRACKS 2.61261e+08
 %%% EVENT 379000 NTRACKS 683 TOTAL NTRACKS 2.61969e+08
 %%% EVENT 380000 NTRACKS 422 TOTAL NTRACKS 2.62671e+08
 %%% EVENT 381000 NTRACKS 434 TOTAL NTRACKS 2.63375e+08
 %%% EVENT 382000 NTRACKS 678 TOTAL NTRACKS 2.64061e+08
 %%% EVENT 383000 NTRACKS 1272 TOTAL NTRACKS 2.64736e+08
 %%% EVENT 384000 NTRACKS 1037 TOTAL NTRACKS 2.65447e+08
 %%% EVENT 385000 NTRACKS 225 TOTAL NTRACKS 2.66119e+08
 %%% EVENT 386000 NTRACKS 4 TOTAL NTRACKS 2.66806e+08
 %%% EVENT 387000 NTRACKS 1623 TOTAL NTRACKS 2.67501e+08
 %%% EVENT 388000 NTRACKS 394 TOTAL NTRACKS 2.68191e+08
 %%% EVENT 389000 NTRACKS 1021 TOTAL NTRACKS 2.68875e+08
 %%% EVENT 390000 NTRACKS 440 TOTAL NTRACKS 2.69577e+08
 %%% EVENT 391000 NTRACKS 1087 TOTAL NTRACKS 2.7028e+08
 %%% EVENT 392000 NTRACKS 1426 TOTAL NTRACKS 2.70967e+08
 %%% EVENT 393000 NTRACKS 1541 TOTAL NTRACKS 2.71703e+08
 %%% EVENT 394000 NTRACKS 971 TOTAL NTRACKS 2.724e+08
 %%% EVENT 395000 NTRACKS 4 TOTAL NTRACKS 2.73098e+08
 %%% EVENT 396000 NTRACKS 967 TOTAL NTRACKS 2.73783e+08
 %%% EVENT 397000 NTRACKS 1275 TOTAL NTRACKS 2.74454e+08
 %%% EVENT 398000 NTRACKS 577 TOTAL NTRACKS 2.75136e+08
 %%% EVENT 399000 NTRACKS 1322 TOTAL NTRACKS 2.75819e+08
 %%% EVENT 400000 NTRACKS 463 TOTAL NTRACKS 2.76496e+08
 %%% EVENT 401000 NTRACKS 1141 TOTAL NTRACKS 2.77169e+08
 %%% EVENT 402000 NTRACKS 1272 TOTAL NTRACKS 2.77876e+08
 %%% EVENT 403000 NTRACKS 1082 TOTAL NTRACKS 2.78575e+08
 %%% EVENT 404000 NTRACKS 1582 TOTAL NTRACKS 2.79242e+08
 %%% EVENT 405000 NTRACKS 622 TOTAL NTRACKS 2.79946e+08
 %%% EVENT 406000 NTRACKS 1400 TOTAL NTRACKS 2.80623e+08
 %%% EVENT 407000 NTRACKS 388 TOTAL NTRACKS 2.81307e+08
 %%% EVENT 408000 NTRACKS 435 TOTAL NTRACKS 2.81993e+08
 %%% EVENT 409000 NTRACKS 1612 TOTAL NTRACKS 2.82699e+08
 %%% EVENT 410000 NTRACKS 711 TOTAL NTRACKS 2.83384e+08
 %%% EVENT 411000 NTRACKS 394 TOTAL NTRACKS 2.84097e+08
 %%% EVENT 412000 NTRACKS 707 TOTAL NTRACKS 2.84771e+08
 %%% EVENT 413000 NTRACKS 414 TOTAL NTRACKS 2.85446e+08
 %%% EVENT 414000 NTRACKS 767 TOTAL NTRACKS 2.86156e+08
 %%% EVENT 415000 NTRACKS 423 TOTAL NTRACKS 2.8683e+08
 %%% EVENT 416000 NTRACKS 1261 TOTAL NTRACKS 2.87527e+08
 %%% EVENT 417000 NTRACKS 1259 TOTAL NTRACKS 2.88206e+08
 %%% EVENT 418000 NTRACKS 698 TOTAL NTRACKS 2.88902e+08
 %%% EVENT 419000 NTRACKS 1194 TOTAL NTRACKS 2.89582e+08
 %%% EVENT 420000 NTRACKS 862 TOTAL NTRACKS 2.90244e+08
 %%% EVENT 421000 NTRACKS 229 TOTAL NTRACKS 2.90932e+08
 %%% EVENT 422000 NTRACKS 1493 TOTAL NTRACKS 2.91632e+08
 %%% EVENT 423000 NTRACKS 966 TOTAL NTRACKS 2.92337e+08
 %%% EVENT 424000 NTRACKS 566 TOTAL NTRACKS 2.93037e+08
 %%% EVENT 425000 NTRACKS 452 TOTAL NTRACKS 2.93727e+08
 %%% EVENT 426000 NTRACKS 1199 TOTAL NTRACKS 2.94449e+08
 %%% EVENT 427000 NTRACKS 3 TOTAL NTRACKS 2.95131e+08
 %%% EVENT 428000 NTRACKS 1 TOTAL NTRACKS 2.95831e+08
 %%% EVENT 429000 NTRACKS 1299 TOTAL NTRACKS 2.9654e+08
 %%% EVENT 430000 NTRACKS 1302 TOTAL NTRACKS 2.97238e+08
 %%% EVENT 431000 NTRACKS 974 TOTAL NTRACKS 2.97932e+08
 %%% EVENT 432000 NTRACKS 1311 TOTAL NTRACKS 2.98616e+08
 %%% EVENT 433000 NTRACKS 448 TOTAL NTRACKS 2.99291e+08
 %%% EVENT 434000 NTRACKS 500 TOTAL NTRACKS 2.99976e+08
 %%% EVENT 435000 NTRACKS 663 TOTAL NTRACKS 3.00694e+08
 %%% EVENT 436000 NTRACKS 417 TOTAL NTRACKS 3.01375e+08
 %%% EVENT 437000 NTRACKS 444 TOTAL NTRACKS 3.02068e+08
 %%% EVENT 438000 NTRACKS 1259 TOTAL NTRACKS 3.0278e+08
 %%% EVENT 439000 NTRACKS 367 TOTAL NTRACKS 3.0348e+08
 %%% EVENT 440000 NTRACKS 5 TOTAL NTRACKS 3.04161e+08
 %%% EVENT 441000 NTRACKS 407 TOTAL NTRACKS 3.04848e+08
 %%% EVENT 442000 NTRACKS 446 TOTAL NTRACKS 3.05558e+08
 %%% EVENT 443000 NTRACKS 680 TOTAL NTRACKS 3.06265e+08
 %%% EVENT 444000 NTRACKS 1031 TOTAL NTRACKS 3.06934e+08
 %%% EVENT 445000 NTRACKS 414 TOTAL NTRACKS 3.07651e+08
 %%% EVENT 446000 NTRACKS 873 TOTAL NTRACKS 3.08346e+08
 %%% EVENT 447000 NTRACKS 561 TOTAL NTRACKS 3.0905e+08
 %%% EVENT 448000 NTRACKS 437 TOTAL NTRACKS 3.0973e+08
 %%% EVENT 449000 NTRACKS 786 TOTAL NTRACKS 3.10441e+08
 %%% EVENT 450000 NTRACKS 994 TOTAL NTRACKS 3.11141e+08
 %%% EVENT 451000 NTRACKS 660 TOTAL NTRACKS 3.11847e+08
 %%% EVENT 452000 NTRACKS 300 TOTAL NTRACKS 3.12543e+08
 %%% EVENT 453000 NTRACKS 1240 TOTAL NTRACKS 3.13223e+08
 %%% EVENT 454000 NTRACKS 1400 TOTAL NTRACKS 3.13909e+08
 %%% EVENT 455000 NTRACKS 481 TOTAL NTRACKS 3.14599e+08
 %%% EVENT 456000 NTRACKS 1438 TOTAL NTRACKS 3.15265e+08
 %%% EVENT 457000 NTRACKS 500 TOTAL NTRACKS 3.15952e+08
 %%% EVENT 458000 NTRACKS 2 TOTAL NTRACKS 3.16631e+08
 %%% EVENT 459000 NTRACKS 474 TOTAL NTRACKS 3.17354e+08
 %%% EVENT 460000 NTRACKS 202 TOTAL NTRACKS 3.18037e+08
 %%% EVENT 461000 NTRACKS 1011 TOTAL NTRACKS 3.18755e+08
 %%% EVENT 462000 NTRACKS 1982 TOTAL NTRACKS 3.1945e+08
 %%% EVENT 463000 NTRACKS 1122 TOTAL NTRACKS 3.201e+08
 %%% EVENT 464000 NTRACKS 228 TOTAL NTRACKS 3.20791e+08
 %%% EVENT 465000 NTRACKS 695 TOTAL NTRACKS 3.21479e+08
 %%% EVENT 466000 NTRACKS 1981 TOTAL NTRACKS 3.22181e+08
 %%% EVENT 467000 NTRACKS 2268 TOTAL NTRACKS 3.22868e+08
 %%% EVENT 468000 NTRACKS 782 TOTAL NTRACKS 3.23542e+08
 %%% EVENT 469000 NTRACKS 410 TOTAL NTRACKS 3.24244e+08
 %%% EVENT 470000 NTRACKS 415 TOTAL NTRACKS 3.24951e+08
 %%% EVENT 471000 NTRACKS 751 TOTAL NTRACKS 3.25658e+08
 %%% EVENT 472000 NTRACKS 683 TOTAL NTRACKS 3.26361e+08
 %%% EVENT 473000 NTRACKS 767 TOTAL NTRACKS 3.27031e+08
 %%% EVENT 474000 NTRACKS 712 TOTAL NTRACKS 3.277e+08
 %%% EVENT 475000 NTRACKS 925 TOTAL NTRACKS 3.28362e+08
 %%% EVENT 476000 NTRACKS 3 TOTAL NTRACKS 3.29063e+08
 %%% EVENT 477000 NTRACKS 761 TOTAL NTRACKS 3.29709e+08
 %%% EVENT 478000 NTRACKS 435 TOTAL NTRACKS 3.30392e+08
 %%% EVENT 479000 NTRACKS 457 TOTAL NTRACKS 3.31082e+08
 %%% EVENT 480000 NTRACKS 381 TOTAL NTRACKS 3.31776e+08
 %%% EVENT 481000 NTRACKS 1248 TOTAL NTRACKS 3.32469e+08
 %%% EVENT 482000 NTRACKS 1 TOTAL NTRACKS 3.33168e+08
 %%% EVENT 483000 NTRACKS 456 TOTAL NTRACKS 3.33862e+08
 %%% EVENT 484000 NTRACKS 1864 TOTAL NTRACKS 3.3454e+08
 %%% EVENT 485000 NTRACKS 842 TOTAL NTRACKS 3.35241e+08
 %%% EVENT 486000 NTRACKS 641 TOTAL NTRACKS 3.35945e+08
 %%% EVENT 487000 NTRACKS 261 TOTAL NTRACKS 3.36669e+08
 %%% EVENT 488000 NTRACKS 656 TOTAL NTRACKS 3.37359e+08
 %%% EVENT 489000 NTRACKS 680 TOTAL NTRACKS 3.38055e+08
 %%% EVENT 490000 NTRACKS 776 TOTAL NTRACKS 3.38722e+08
 %%% EVENT 491000 NTRACKS 403 TOTAL NTRACKS 3.39428e+08
 %%% EVENT 492000 NTRACKS 984 TOTAL NTRACKS 3.40127e+08
 %%% EVENT 493000 NTRACKS 732 TOTAL NTRACKS 3.40813e+08
 %%% EVENT 494000 NTRACKS 415 TOTAL NTRACKS 3.415e+08
 %%% EVENT 495000 NTRACKS 237 TOTAL NTRACKS 3.42191e+08
 %%% EVENT 496000 NTRACKS 29 TOTAL NTRACKS 3.42856e+08
 %%% EVENT 497000 NTRACKS 590 TOTAL NTRACKS 3.43569e+08
 %%% EVENT 498000 NTRACKS 1156 TOTAL NTRACKS 3.44253e+08
 %%% EVENT 499000 NTRACKS 739 TOTAL NTRACKS 3.44954e+08
 %%% EVENT 500000 NTRACKS 863 TOTAL NTRACKS 3.45623e+08
 %%% EVENT 501000 NTRACKS 1698 TOTAL NTRACKS 3.46325e+08
 %%% EVENT 502000 NTRACKS 1201 TOTAL NTRACKS 3.47035e+08
 %%% EVENT 503000 NTRACKS 845 TOTAL NTRACKS 3.47714e+08
 %%% EVENT 504000 NTRACKS 832 TOTAL NTRACKS 3.48417e+08
 %%% EVENT 505000 NTRACKS 418 TOTAL NTRACKS 3.49091e+08
 %%% EVENT 506000 NTRACKS 989 TOTAL NTRACKS 3.49799e+08
 %%% EVENT 507000 NTRACKS 686 TOTAL NTRACKS 3.50497e+08
 %%% EVENT 508000 NTRACKS 918 TOTAL NTRACKS 3.51173e+08
 %%% EVENT 509000 NTRACKS 1 TOTAL NTRACKS 3.51878e+08
 %%% EVENT 510000 NTRACKS 980 TOTAL NTRACKS 3.52596e+08
 %%% EVENT 511000 NTRACKS 800 TOTAL NTRACKS 3.53287e+08
 %%% EVENT 512000 NTRACKS 834 TOTAL NTRACKS 3.53952e+08
 %%% EVENT 513000 NTRACKS 676 TOTAL NTRACKS 3.54638e+08
 %%% EVENT 514000 NTRACKS 806 TOTAL NTRACKS 3.55317e+08
 %%% EVENT 515000 NTRACKS 1604 TOTAL NTRACKS 3.56003e+08
 %%% EVENT 516000 NTRACKS 699 TOTAL NTRACKS 3.56689e+08
 %%% EVENT 517000 NTRACKS 390 TOTAL NTRACKS 3.5736e+08
 %%% EVENT 518000 NTRACKS 1010 TOTAL NTRACKS 3.58073e+08
 %%% EVENT 519000 NTRACKS 3058 TOTAL NTRACKS 3.58756e+08
 %%% EVENT 520000 NTRACKS 427 TOTAL NTRACKS 3.59441e+08
 %%% EVENT 521000 NTRACKS 352 TOTAL NTRACKS 3.60128e+08
 %%% EVENT 522000 NTRACKS 1034 TOTAL NTRACKS 3.60829e+08
 %%% EVENT 523000 NTRACKS 717 TOTAL NTRACKS 3.61529e+08
 %%% EVENT 524000 NTRACKS 1305 TOTAL NTRACKS 3.62203e+08
 %%% EVENT 525000 NTRACKS 974 TOTAL NTRACKS 3.62879e+08
 %%% EVENT 526000 NTRACKS 3 TOTAL NTRACKS 3.6355e+08
 %%% EVENT 527000 NTRACKS 273 TOTAL NTRACKS 3.64233e+08
 %%% EVENT 528000 NTRACKS 1107 TOTAL NTRACKS 3.64919e+08
 %%% EVENT 529000 NTRACKS 379 TOTAL NTRACKS 3.65615e+08
 %%% EVENT 530000 NTRACKS 22 TOTAL NTRACKS 3.66284e+08
 %%% EVENT 531000 NTRACKS 592 TOTAL NTRACKS 3.66988e+08
 %%% EVENT 532000 NTRACKS 1603 TOTAL NTRACKS 3.67683e+08
 %%% EVENT 533000 NTRACKS 1941 TOTAL NTRACKS 3.68367e+08
 %%% EVENT 534000 NTRACKS 1262 TOTAL NTRACKS 3.69039e+08
 %%% EVENT 535000 NTRACKS 750 TOTAL NTRACKS 3.69729e+08
 %%% EVENT 536000 NTRACKS 390 TOTAL NTRACKS 3.70409e+08
 %%% EVENT 537000 NTRACKS 733 TOTAL NTRACKS 3.71103e+08
 %%% EVENT 538000 NTRACKS 1823 TOTAL NTRACKS 3.71791e+08
 %%% EVENT 539000 NTRACKS 919 TOTAL NTRACKS 3.72461e+08
 %%% EVENT 540000 NTRACKS 1071 TOTAL NTRACKS 3.73154e+08
 %%% EVENT 541000 NTRACKS 342 TOTAL NTRACKS 3.73849e+08
 %%% EVENT 542000 NTRACKS 1200 TOTAL NTRACKS 3.74545e+08
 %%% EVENT 543000 NTRACKS 758 TOTAL NTRACKS 3.75213e+08
 %%% EVENT 544000 NTRACKS 393 TOTAL NTRACKS 3.75894e+08
 %%% EVENT 545000 NTRACKS 687 TOTAL NTRACKS 3.76597e+08
 %%% EVENT 546000 NTRACKS 1406 TOTAL NTRACKS 3.77296e+08
 %%% EVENT 547000 NTRACKS 21 TOTAL NTRACKS 3.77964e+08
 %%% EVENT 548000 NTRACKS 2322 TOTAL NTRACKS 3.78652e+08
 %%% EVENT 549000 NTRACKS 415 TOTAL NTRACKS 3.79327e+08
 %%% EVENT 550000 NTRACKS 430 TOTAL NTRACKS 3.80059e+08
 %%% EVENT 551000 NTRACKS 438 TOTAL NTRACKS 3.80749e+08
 %%% EVENT 552000 NTRACKS 807 TOTAL NTRACKS 3.81445e+08
 %%% EVENT 553000 NTRACKS 695 TOTAL NTRACKS 3.82148e+08
 %%% EVENT 554000 NTRACKS 963 TOTAL NTRACKS 3.8283e+08
 %%% EVENT 555000 NTRACKS 2 TOTAL NTRACKS 3.83552e+08
 %%% EVENT 556000 NTRACKS 4 TOTAL NTRACKS 3.84254e+08
 %%% EVENT 557000 NTRACKS 728 TOTAL NTRACKS 3.84921e+08
 %%% EVENT 558000 NTRACKS 1896 TOTAL NTRACKS 3.85624e+08
 %%% EVENT 559000 NTRACKS 3 TOTAL NTRACKS 3.86309e+08
 %%% EVENT 560000 NTRACKS 1988 TOTAL NTRACKS 3.86996e+08
 %%% EVENT 561000 NTRACKS 438 TOTAL NTRACKS 3.87677e+08
 %%% EVENT 562000 NTRACKS 1810 TOTAL NTRACKS 3.88355e+08
 %%% EVENT 563000 NTRACKS 2126 TOTAL NTRACKS 3.89064e+08
 %%% EVENT 564000 NTRACKS 426 TOTAL NTRACKS 3.89753e+08
 %%% EVENT 565000 NTRACKS 3 TOTAL NTRACKS 3.90417e+08
 %%% EVENT 566000 NTRACKS 448 TOTAL NTRACKS 3.91082e+08
 %%% EVENT 567000 NTRACKS 233 TOTAL NTRACKS 3.91786e+08
 %%% EVENT 568000 NTRACKS 30 TOTAL NTRACKS 3.92518e+08
 %%% EVENT 569000 NTRACKS 1273 TOTAL NTRACKS 3.93234e+08
 %%% EVENT 570000 NTRACKS 1055 TOTAL NTRACKS 3.93919e+08
 %%% EVENT 571000 NTRACKS 235 TOTAL NTRACKS 3.94611e+08
 %%% EVENT 572000 NTRACKS 1093 TOTAL NTRACKS 3.95313e+08
 %%% EVENT 573000 NTRACKS 651 TOTAL NTRACKS 3.96018e+08
 %%% EVENT 574000 NTRACKS 406 TOTAL NTRACKS 3.9669e+08
 %%% EVENT 575000 NTRACKS 833 TOTAL NTRACKS 3.9736e+08
 %%% EVENT 576000 NTRACKS 771 TOTAL NTRACKS 3.98076e+08
 %%% EVENT 577000 NTRACKS 2 TOTAL NTRACKS 3.98741e+08
 %%% EVENT 578000 NTRACKS 2183 TOTAL NTRACKS 3.9946e+08
 %%% EVENT 579000 NTRACKS 417 TOTAL NTRACKS 4.00142e+08
 %%% EVENT 580000 NTRACKS 3 TOTAL NTRACKS 4.00812e+08
 %%% EVENT 581000 NTRACKS 431 TOTAL NTRACKS 4.01515e+08
 %%% EVENT 582000 NTRACKS 1230 TOTAL NTRACKS 4.02218e+08
 %%% EVENT 583000 NTRACKS 2 TOTAL NTRACKS 4.02881e+08
 %%% EVENT 584000 NTRACKS 961 TOTAL NTRACKS 4.03557e+08
 %%% EVENT 585000 NTRACKS 483 TOTAL NTRACKS 4.0426e+08
 %%% EVENT 586000 NTRACKS 978 TOTAL NTRACKS 4.04946e+08
 %%% EVENT 587000 NTRACKS 991 TOTAL NTRACKS 4.0568e+08
 %%% EVENT 588000 NTRACKS 4 TOTAL NTRACKS 4.06365e+08
 %%% EVENT 589000 NTRACKS 401 TOTAL NTRACKS 4.07077e+08
 %%% EVENT 590000 NTRACKS 1682 TOTAL NTRACKS 4.07777e+08
 %%% EVENT 591000 NTRACKS 418 TOTAL NTRACKS 4.08451e+08
 %%% EVENT 592000 NTRACKS 305 TOTAL NTRACKS 4.09132e+08
 %%% EVENT 593000 NTRACKS 1581 TOTAL NTRACKS 4.09803e+08
 %%% EVENT 594000 NTRACKS 423 TOTAL NTRACKS 4.10508e+08
 %%% EVENT 595000 NTRACKS 985 TOTAL NTRACKS 4.11205e+08
 %%% EVENT 596000 NTRACKS 445 TOTAL NTRACKS 4.11907e+08
 %%% EVENT 597000 NTRACKS 230 TOTAL NTRACKS 4.12593e+08
 %%% EVENT 598000 NTRACKS 680 TOTAL NTRACKS 4.13313e+08
 %%% EVENT 599000 NTRACKS 366 TOTAL NTRACKS 4.14022e+08
 %%% EVENT 600000 NTRACKS 380 TOTAL NTRACKS 4.14728e+08
 %%% EVENT 601000 NTRACKS 1 TOTAL NTRACKS 4.15411e+08
 %%% EVENT 602000 NTRACKS 437 TOTAL NTRACKS 4.16105e+08
 %%% EVENT 603000 NTRACKS 2 TOTAL NTRACKS 4.16787e+08
 %%% EVENT 604000 NTRACKS 1757 TOTAL NTRACKS 4.17488e+08
 %%% EVENT 605000 NTRACKS 3 TOTAL NTRACKS 4.18211e+08
 %%% EVENT 606000 NTRACKS 2101 TOTAL NTRACKS 4.18921e+08
 %%% EVENT 607000 NTRACKS 298 TOTAL NTRACKS 4.19624e+08
 %%% EVENT 608000 NTRACKS 950 TOTAL NTRACKS 4.20334e+08
 %%% EVENT 609000 NTRACKS 23 TOTAL NTRACKS 4.2102e+08
 %%% EVENT 610000 NTRACKS 1 TOTAL NTRACKS 4.2169e+08
 %%% EVENT 611000 NTRACKS 383 TOTAL NTRACKS 4.22351e+08
 %%% EVENT 612000 NTRACKS 654 TOTAL NTRACKS 4.2302e+08
 %%% EVENT 613000 NTRACKS 316 TOTAL NTRACKS 4.23704e+08
 %%% EVENT 614000 NTRACKS 400 TOTAL NTRACKS 4.24378e+08
 %%% EVENT 615000 NTRACKS 403 TOTAL NTRACKS 4.25088e+08
 %%% EVENT 616000 NTRACKS 2262 TOTAL NTRACKS 4.25769e+08
 %%% EVENT 617000 NTRACKS 806 TOTAL NTRACKS 4.26443e+08
 %%% EVENT 618000 NTRACKS 2272 TOTAL NTRACKS 4.27151e+08
 %%% EVENT 619000 NTRACKS 3 TOTAL NTRACKS 4.27855e+08
 %%% EVENT 620000 NTRACKS 1723 TOTAL NTRACKS 4.28547e+08
 %%% EVENT 621000 NTRACKS 924 TOTAL NTRACKS 4.29217e+08
 %%% EVENT 622000 NTRACKS 861 TOTAL NTRACKS 4.29911e+08
 %%% EVENT 623000 NTRACKS 370 TOTAL NTRACKS 4.30612e+08
 %%% EVENT 624000 NTRACKS 402 TOTAL NTRACKS 4.31303e+08
 %%% EVENT 625000 NTRACKS 972 TOTAL NTRACKS 4.31986e+08
 %%% EVENT 626000 NTRACKS 1338 TOTAL NTRACKS 4.32681e+08
 %%% EVENT 627000 NTRACKS 937 TOTAL NTRACKS 4.33421e+08
 %%% EVENT 628000 NTRACKS 206 TOTAL NTRACKS 4.34106e+08
 %%% EVENT 629000 NTRACKS 965 TOTAL NTRACKS 4.34819e+08
 %%% EVENT 630000 NTRACKS 444 TOTAL NTRACKS 4.35515e+08
 %%% EVENT 631000 NTRACKS 235 TOTAL NTRACKS 4.36211e+08
 %%% EVENT 632000 NTRACKS 722 TOTAL NTRACKS 4.36893e+08
 %%% EVENT 633000 NTRACKS 1307 TOTAL NTRACKS 4.37559e+08
 %%% EVENT 634000 NTRACKS 1069 TOTAL NTRACKS 4.38231e+08
 %%% EVENT 635000 NTRACKS 1841 TOTAL NTRACKS 4.3893e+08
 %%% EVENT 636000 NTRACKS 658 TOTAL NTRACKS 4.39623e+08
 %%% EVENT 637000 NTRACKS 645 TOTAL NTRACKS 4.40336e+08
 %%% EVENT 638000 NTRACKS 416 TOTAL NTRACKS 4.41021e+08
 %%% EVENT 639000 NTRACKS 350 TOTAL NTRACKS 4.41714e+08
 %%% EVENT 640000 NTRACKS 1309 TOTAL NTRACKS 4.42444e+08
 %%% EVENT 641000 NTRACKS 908 TOTAL NTRACKS 4.43173e+08
 %%% EVENT 642000 NTRACKS 1306 TOTAL NTRACKS 4.43875e+08
 %%% EVENT 643000 NTRACKS 731 TOTAL NTRACKS 4.44541e+08
 %%% EVENT 644000 NTRACKS 982 TOTAL NTRACKS 4.4522e+08
 %%% EVENT 645000 NTRACKS 255 TOTAL NTRACKS 4.45903e+08
 %%% EVENT 646000 NTRACKS 424 TOTAL NTRACKS 4.46562e+08
 %%% EVENT 647000 NTRACKS 6 TOTAL NTRACKS 4.47248e+08
 %%% EVENT 648000 NTRACKS 281 TOTAL NTRACKS 4.47925e+08
 %%% EVENT 649000 NTRACKS 1953 TOTAL NTRACKS 4.48654e+08
 %%% EVENT 650000 NTRACKS 721 TOTAL NTRACKS 4.49355e+08
 %%% EVENT 651000 NTRACKS 641 TOTAL NTRACKS 4.50064e+08
 %%% EVENT 652000 NTRACKS 363 TOTAL NTRACKS 4.50765e+08
 %%% EVENT 653000 NTRACKS 651 TOTAL NTRACKS 4.51457e+08
 %%% EVENT 654000 NTRACKS 694 TOTAL NTRACKS 4.52158e+08
 %%% EVENT 655000 NTRACKS 401 TOTAL NTRACKS 4.52816e+08
 %%% EVENT 656000 NTRACKS 235 TOTAL NTRACKS 4.53486e+08
 %%% EVENT 657000 NTRACKS 41 TOTAL NTRACKS 4.54151e+08
 %%% EVENT 658000 NTRACKS 1006 TOTAL NTRACKS 4.54867e+08
 %%% EVENT 659000 NTRACKS 768 TOTAL NTRACKS 4.55552e+08
 %%% EVENT 660000 NTRACKS 365 TOTAL NTRACKS 4.56251e+08
 %%% EVENT 661000 NTRACKS 3 TOTAL NTRACKS 4.56952e+08
 %%% EVENT 662000 NTRACKS 723 TOTAL NTRACKS 4.57665e+08
 %%% EVENT 663000 NTRACKS 1528 TOTAL NTRACKS 4.58339e+08
 %%% EVENT 664000 NTRACKS 10 TOTAL NTRACKS 4.5904e+08
 %%% EVENT 665000 NTRACKS 538 TOTAL NTRACKS 4.59719e+08
 %%% EVENT 666000 NTRACKS 2 TOTAL NTRACKS 4.60416e+08
 %%% EVENT 667000 NTRACKS 607 TOTAL NTRACKS 4.61122e+08
 %%% EVENT 668000 NTRACKS 1024 TOTAL NTRACKS 4.61796e+08
 %%% EVENT 669000 NTRACKS 617 TOTAL NTRACKS 4.62493e+08
 %%% EVENT 670000 NTRACKS 408 TOTAL NTRACKS 4.63203e+08
 %%% EVENT 671000 NTRACKS 973 TOTAL NTRACKS 4.63882e+08
 %%% EVENT 672000 NTRACKS 434 TOTAL NTRACKS 4.64581e+08
 %%% EVENT 673000 NTRACKS 419 TOTAL NTRACKS 4.65271e+08
 %%% EVENT 674000 NTRACKS 1462 TOTAL NTRACKS 4.65998e+08
 %%% EVENT 675000 NTRACKS 975 TOTAL NTRACKS 4.6669e+08
 %%% EVENT 676000 NTRACKS 736 TOTAL NTRACKS 4.6739e+08
 %%% EVENT 677000 NTRACKS 1104 TOTAL NTRACKS 4.68077e+08
 %%% EVENT 678000 NTRACKS 257 TOTAL NTRACKS 4.68749e+08
 %%% EVENT 679000 NTRACKS 1286 TOTAL NTRACKS 4.69422e+08
 %%% EVENT 680000 NTRACKS 996 TOTAL NTRACKS 4.70096e+08
 %%% EVENT 681000 NTRACKS 5 TOTAL NTRACKS 4.7079e+08
 %%% EVENT 682000 NTRACKS 389 TOTAL NTRACKS 4.71486e+08
 %%% EVENT 683000 NTRACKS 2 TOTAL NTRACKS 4.72176e+08
 %%% EVENT 684000 NTRACKS 1 TOTAL NTRACKS 4.72876e+08
 %%% EVENT 685000 NTRACKS 502 TOTAL NTRACKS 4.73568e+08
 %%% EVENT 686000 NTRACKS 981 TOTAL NTRACKS 4.74242e+08
 %%% EVENT 687000 NTRACKS 418 TOTAL NTRACKS 4.74942e+08
 %%% EVENT 688000 NTRACKS 4 TOTAL NTRACKS 4.75642e+08
 %%% EVENT 689000 NTRACKS 2 TOTAL NTRACKS 4.76344e+08
 %%% EVENT 690000 NTRACKS 1454 TOTAL NTRACKS 4.77051e+08
 %%% EVENT 691000 NTRACKS 3 TOTAL NTRACKS 4.77722e+08
 %%% EVENT 692000 NTRACKS 1 TOTAL NTRACKS 4.78408e+08
 %%% EVENT 693000 NTRACKS 1073 TOTAL NTRACKS 4.79101e+08
 %%% EVENT 694000 NTRACKS 1335 TOTAL NTRACKS 4.79798e+08
 %%% EVENT 695000 NTRACKS 260 TOTAL NTRACKS 4.80472e+08
 %%% EVENT 696000 NTRACKS 975 TOTAL NTRACKS 4.81115e+08
 %%% EVENT 697000 NTRACKS 912 TOTAL NTRACKS 4.81798e+08
 %%% EVENT 698000 NTRACKS 2 TOTAL NTRACKS 4.82479e+08
 %%% EVENT 699000 NTRACKS 390 TOTAL NTRACKS 4.83199e+08
 %%% EVENT 700000 NTRACKS 423 TOTAL NTRACKS 4.83894e+08
 %%% EVENT 701000 NTRACKS 2 TOTAL NTRACKS 4.84572e+08
 %%% EVENT 702000 NTRACKS 2 TOTAL NTRACKS 4.85252e+08
 %%% EVENT 703000 NTRACKS 372 TOTAL NTRACKS 4.85945e+08
 %%% EVENT 704000 NTRACKS 14 TOTAL NTRACKS 4.8667e+08
 %%% EVENT 705000 NTRACKS 2 TOTAL NTRACKS 4.87362e+08
 %%% EVENT 706000 NTRACKS 410 TOTAL NTRACKS 4.88066e+08
 %%% EVENT 707000 NTRACKS 464 TOTAL NTRACKS 4.88756e+08
 %%% EVENT 708000 NTRACKS 409 TOTAL NTRACKS 4.8945e+08
 %%% EVENT 709000 NTRACKS 438 TOTAL NTRACKS 4.90118e+08
 %%% EVENT 710000 NTRACKS 671 TOTAL NTRACKS 4.90836e+08
 %%% EVENT 711000 NTRACKS 1101 TOTAL NTRACKS 4.91533e+08
 %%% EVENT 712000 NTRACKS 1006 TOTAL NTRACKS 4.92236e+08
 %%% EVENT 713000 NTRACKS 593 TOTAL NTRACKS 4.92946e+08
 %%% EVENT 714000 NTRACKS 246 TOTAL NTRACKS 4.93649e+08
 %%% EVENT 715000 NTRACKS 731 TOTAL NTRACKS 4.94339e+08
 %%% EVENT 716000 NTRACKS 3 TOTAL NTRACKS 4.95052e+08
 %%% EVENT 717000 NTRACKS 727 TOTAL NTRACKS 4.95753e+08
 %%% EVENT 718000 NTRACKS 728 TOTAL NTRACKS 4.96477e+08
 %%% EVENT 719000 NTRACKS 1464 TOTAL NTRACKS 4.97168e+08
 %%% EVENT 720000 NTRACKS 5 TOTAL NTRACKS 4.97878e+08
 %%% EVENT 721000 NTRACKS 668 TOTAL NTRACKS 4.98612e+08
 %%% EVENT 722000 NTRACKS 1765 TOTAL NTRACKS 4.99308e+08
 %%% EVENT 723000 NTRACKS 679 TOTAL NTRACKS 5.00004e+08
 %%% EVENT 724000 NTRACKS 669 TOTAL NTRACKS 5.007e+08
 %%% EVENT 725000 NTRACKS 898 TOTAL NTRACKS 5.01394e+08
 %%% EVENT 726000 NTRACKS 755 TOTAL NTRACKS 5.02063e+08
 %%% EVENT 727000 NTRACKS 1 TOTAL NTRACKS 5.02734e+08
 %%% EVENT 728000 NTRACKS 277 TOTAL NTRACKS 5.03449e+08
 %%% EVENT 729000 NTRACKS 702 TOTAL NTRACKS 5.04151e+08
 %%% EVENT 730000 NTRACKS 650 TOTAL NTRACKS 5.04857e+08
 %%% EVENT 731000 NTRACKS 729 TOTAL NTRACKS 5.05585e+08
 %%% EVENT 732000 NTRACKS 15 TOTAL NTRACKS 5.06273e+08
 %%% EVENT 733000 NTRACKS 641 TOTAL NTRACKS 5.06948e+08
 %%% EVENT 734000 NTRACKS 730 TOTAL NTRACKS 5.07641e+08
 %%% EVENT 735000 NTRACKS 1207 TOTAL NTRACKS 5.08321e+08
 %%% EVENT 736000 NTRACKS 2 TOTAL NTRACKS 5.09001e+08
 %%% EVENT 737000 NTRACKS 717 TOTAL NTRACKS 5.09695e+08
 %%% EVENT 738000 NTRACKS 742 TOTAL NTRACKS 5.10382e+08
 %%% EVENT 739000 NTRACKS 920 TOTAL NTRACKS 5.11051e+08
 %%% EVENT 740000 NTRACKS 688 TOTAL NTRACKS 5.1173e+08
 %%% EVENT 741000 NTRACKS 2 TOTAL NTRACKS 5.12409e+08
 %%% EVENT 742000 NTRACKS 3047 TOTAL NTRACKS 5.13113e+08
 %%% EVENT 743000 NTRACKS 1399 TOTAL NTRACKS 5.13803e+08
 %%% EVENT 744000 NTRACKS 3 TOTAL NTRACKS 5.14479e+08
 %%% EVENT 745000 NTRACKS 374 TOTAL NTRACKS 5.15203e+08
 %%% EVENT 746000 NTRACKS 657 TOTAL NTRACKS 5.15903e+08
 %%% EVENT 747000 NTRACKS 391 TOTAL NTRACKS 5.16594e+08
 %%% EVENT 748000 NTRACKS 326 TOTAL NTRACKS 5.17253e+08
 %%% EVENT 749000 NTRACKS 813 TOTAL NTRACKS 5.17945e+08
 %%% EVENT 750000 NTRACKS 235 TOTAL NTRACKS 5.18635e+08
 %%% EVENT 751000 NTRACKS 2 TOTAL NTRACKS 5.19331e+08
 %%% EVENT 752000 NTRACKS 2454 TOTAL NTRACKS 5.20036e+08
 %%% EVENT 753000 NTRACKS 676 TOTAL NTRACKS 5.20758e+08
 %%% EVENT 754000 NTRACKS 658 TOTAL NTRACKS 5.21446e+08
 %%% EVENT 755000 NTRACKS 382 TOTAL NTRACKS 5.22125e+08
 %%% EVENT 756000 NTRACKS 960 TOTAL NTRACKS 5.22812e+08
 %%% EVENT 757000 NTRACKS 650 TOTAL NTRACKS 5.23488e+08
 %%% EVENT 758000 NTRACKS 1045 TOTAL NTRACKS 5.24153e+08
 %%% EVENT 759000 NTRACKS 1113 TOTAL NTRACKS 5.24868e+08
 %%% EVENT 760000 NTRACKS 365 TOTAL NTRACKS 5.25573e+08
 %%% EVENT 761000 NTRACKS 773 TOTAL NTRACKS 5.2625e+08
 %%% EVENT 762000 NTRACKS 1505 TOTAL NTRACKS 5.26938e+08
 %%% EVENT 763000 NTRACKS 1254 TOTAL NTRACKS 5.27617e+08
 %%% EVENT 764000 NTRACKS 1177 TOTAL NTRACKS 5.28287e+08
 %%% EVENT 765000 NTRACKS 1 TOTAL NTRACKS 5.29011e+08
 %%% EVENT 766000 NTRACKS 754 TOTAL NTRACKS 5.29676e+08
 %%% EVENT 767000 NTRACKS 441 TOTAL NTRACKS 5.30356e+08
 %%% EVENT 768000 NTRACKS 1027 TOTAL NTRACKS 5.31038e+08
 %%% EVENT 769000 NTRACKS 1036 TOTAL NTRACKS 5.31732e+08
 %%% EVENT 770000 NTRACKS 711 TOTAL NTRACKS 5.32419e+08
 %%% EVENT 771000 NTRACKS 1330 TOTAL NTRACKS 5.33102e+08
 %%% EVENT 772000 NTRACKS 1 TOTAL NTRACKS 5.33783e+08
 %%% EVENT 773000 NTRACKS 678 TOTAL NTRACKS 5.34462e+08
 %%% EVENT 774000 NTRACKS 1006 TOTAL NTRACKS 5.35163e+08
 %%% EVENT 775000 NTRACKS 943 TOTAL NTRACKS 5.35856e+08
 %%% EVENT 776000 NTRACKS 912 TOTAL NTRACKS 5.36558e+08
 %%% EVENT 777000 NTRACKS 667 TOTAL NTRACKS 5.37267e+08
 %%% EVENT 778000 NTRACKS 1035 TOTAL NTRACKS 5.37982e+08
 %%% EVENT 779000 NTRACKS 2899 TOTAL NTRACKS 5.38704e+08
 %%% EVENT 780000 NTRACKS 284 TOTAL NTRACKS 5.39395e+08
 %%% EVENT 781000 NTRACKS 928 TOTAL NTRACKS 5.40103e+08
 %%% EVENT 782000 NTRACKS 632 TOTAL NTRACKS 5.40825e+08
 %%% EVENT 783000 NTRACKS 1597 TOTAL NTRACKS 5.41548e+08
 %%% EVENT 784000 NTRACKS 1032 TOTAL NTRACKS 5.42212e+08
 %%% EVENT 785000 NTRACKS 553 TOTAL NTRACKS 5.42894e+08
 %%% EVENT 786000 NTRACKS 6 TOTAL NTRACKS 5.43587e+08
 %%% EVENT 787000 NTRACKS 757 TOTAL NTRACKS 5.44284e+08
 %%% EVENT 788000 NTRACKS 485 TOTAL NTRACKS 5.44997e+08
 %%% EVENT 789000 NTRACKS 725 TOTAL NTRACKS 5.45691e+08
 %%% EVENT 790000 NTRACKS 1192 TOTAL NTRACKS 5.4639e+08
 %%% EVENT 791000 NTRACKS 258 TOTAL NTRACKS 5.47065e+08
 %%% EVENT 792000 NTRACKS 282 TOTAL NTRACKS 5.47766e+08
 %%% EVENT 793000 NTRACKS 523 TOTAL NTRACKS 5.48464e+08
 %%% EVENT 794000 NTRACKS 714 TOTAL NTRACKS 5.49152e+08
 %%% EVENT 795000 NTRACKS 670 TOTAL NTRACKS 5.49837e+08
 %%% EVENT 796000 NTRACKS 421 TOTAL NTRACKS 5.50526e+08
 %%% EVENT 797000 NTRACKS 453 TOTAL NTRACKS 5.51195e+08
 %%% EVENT 798000 NTRACKS 281 TOTAL NTRACKS 5.51883e+08
 %%% EVENT 799000 NTRACKS 377 TOTAL NTRACKS 5.5258e+08
 %%% EVENT 800000 NTRACKS 413 TOTAL NTRACKS 5.53252e+08
 %%% EVENT 801000 NTRACKS 1 TOTAL NTRACKS 5.53951e+08
 %%% EVENT 802000 NTRACKS 414 TOTAL NTRACKS 5.54664e+08
 %%% EVENT 803000 NTRACKS 369 TOTAL NTRACKS 5.55329e+08
 %%% EVENT 804000 NTRACKS 1222 TOTAL NTRACKS 5.56024e+08
 %%% EVENT 805000 NTRACKS 1 TOTAL NTRACKS 5.56712e+08
 %%% EVENT 806000 NTRACKS 708 TOTAL NTRACKS 5.57428e+08
 %%% EVENT 807000 NTRACKS 1631 TOTAL NTRACKS 5.58141e+08
 %%% EVENT 808000 NTRACKS 7 TOTAL NTRACKS 5.58827e+08
 %%% EVENT 809000 NTRACKS 1047 TOTAL NTRACKS 5.59489e+08
 %%% EVENT 810000 NTRACKS 270 TOTAL NTRACKS 5.60178e+08
 %%% EVENT 811000 NTRACKS 500 TOTAL NTRACKS 5.60869e+08
 %%% EVENT 812000 NTRACKS 676 TOTAL NTRACKS 5.61534e+08
 %%% EVENT 813000 NTRACKS 286 TOTAL NTRACKS 5.62242e+08
 %%% EVENT 814000 NTRACKS 486 TOTAL NTRACKS 5.62932e+08
 %%% EVENT 815000 NTRACKS 2258 TOTAL NTRACKS 5.63644e+08
 %%% EVENT 816000 NTRACKS 1526 TOTAL NTRACKS 5.64332e+08
 %%% EVENT 817000 NTRACKS 2 TOTAL NTRACKS 5.65067e+08
 %%% EVENT 818000 NTRACKS 1757 TOTAL NTRACKS 5.65774e+08
 %%% EVENT 819000 NTRACKS 38 TOTAL NTRACKS 5.6644e+08
 %%% EVENT 820000 NTRACKS 598 TOTAL NTRACKS 5.67128e+08
 %%% EVENT 821000 NTRACKS 253 TOTAL NTRACKS 5.67824e+08
 %%% EVENT 822000 NTRACKS 434 TOTAL NTRACKS 5.68513e+08
 %%% EVENT 823000 NTRACKS 1858 TOTAL NTRACKS 5.69195e+08
 %%% EVENT 824000 NTRACKS 1472 TOTAL NTRACKS 5.69885e+08
 %%% EVENT 825000 NTRACKS 430 TOTAL NTRACKS 5.70575e+08
 %%% EVENT 826000 NTRACKS 1459 TOTAL NTRACKS 5.71252e+08
 %%% EVENT 827000 NTRACKS 447 TOTAL NTRACKS 5.71948e+08
 %%% EVENT 828000 NTRACKS 638 TOTAL NTRACKS 5.72639e+08
 %%% EVENT 829000 NTRACKS 341 TOTAL NTRACKS 5.73356e+08
 %%% EVENT 830000 NTRACKS 395 TOTAL NTRACKS 5.7403e+08
 %%% EVENT 831000 NTRACKS 591 TOTAL NTRACKS 5.74744e+08
 %%% EVENT 832000 NTRACKS 1642 TOTAL NTRACKS 5.75444e+08
 %%% EVENT 833000 NTRACKS 1626 TOTAL NTRACKS 5.76131e+08
 %%% EVENT 834000 NTRACKS 1283 TOTAL NTRACKS 5.76823e+08
 %%% EVENT 835000 NTRACKS 758 TOTAL NTRACKS 5.77523e+08
 %%% EVENT 836000 NTRACKS 1627 TOTAL NTRACKS 5.7822e+08
 %%% EVENT 837000 NTRACKS 7 TOTAL NTRACKS 5.78904e+08
 %%% EVENT 838000 NTRACKS 5 TOTAL NTRACKS 5.79589e+08
 %%% EVENT 839000 NTRACKS 1 TOTAL NTRACKS 5.80284e+08
 %%% EVENT 840000 NTRACKS 573 TOTAL NTRACKS 5.80973e+08
 %%% EVENT 841000 NTRACKS 615 TOTAL NTRACKS 5.81664e+08
 %%% EVENT 842000 NTRACKS 1364 TOTAL NTRACKS 5.8236e+08
 %%% EVENT 843000 NTRACKS 793 TOTAL NTRACKS 5.83074e+08
 %%% EVENT 844000 NTRACKS 1298 TOTAL NTRACKS 5.83734e+08
 %%% EVENT 845000 NTRACKS 706 TOTAL NTRACKS 5.84415e+08
 %%% EVENT 846000 NTRACKS 461 TOTAL NTRACKS 5.8511e+08
 %%% EVENT 847000 NTRACKS 1496 TOTAL NTRACKS 5.85794e+08
 %%% EVENT 848000 NTRACKS 1606 TOTAL NTRACKS 5.86495e+08
 %%% EVENT 849000 NTRACKS 570 TOTAL NTRACKS 5.8718e+08
 %%% EVENT 850000 NTRACKS 909 TOTAL NTRACKS 5.87853e+08
 %%% EVENT 851000 NTRACKS 1416 TOTAL NTRACKS 5.88545e+08
 %%% EVENT 852000 NTRACKS 252 TOTAL NTRACKS 5.89238e+08
 %%% EVENT 853000 NTRACKS 1252 TOTAL NTRACKS 5.89923e+08
 %%% EVENT 854000 NTRACKS 272 TOTAL NTRACKS 5.90627e+08
 %%% EVENT 855000 NTRACKS 416 TOTAL NTRACKS 5.91331e+08
 %%% EVENT 856000 NTRACKS 882 TOTAL NTRACKS 5.92042e+08
 %%% EVENT 857000 NTRACKS 1911 TOTAL NTRACKS 5.92764e+08
 %%% EVENT 858000 NTRACKS 642 TOTAL NTRACKS 5.93492e+08
 %%% EVENT 859000 NTRACKS 389 TOTAL NTRACKS 5.94192e+08
 %%% EVENT 860000 NTRACKS 1242 TOTAL NTRACKS 5.94869e+08
 %%% EVENT 861000 NTRACKS 2 TOTAL NTRACKS 5.95559e+08
 %%% EVENT 862000 NTRACKS 1906 TOTAL NTRACKS 5.96214e+08
 %%% EVENT 863000 NTRACKS 3 TOTAL NTRACKS 5.96901e+08
 %%% EVENT 864000 NTRACKS 315 TOTAL NTRACKS 5.97599e+08
 %%% EVENT 865000 NTRACKS 1406 TOTAL NTRACKS 5.98289e+08
 %%% EVENT 866000 NTRACKS 378 TOTAL NTRACKS 5.98967e+08
 %%% EVENT 867000 NTRACKS 613 TOTAL NTRACKS 5.99674e+08
 %%% EVENT 868000 NTRACKS 644 TOTAL NTRACKS 6.00373e+08
 %%% EVENT 869000 NTRACKS 409 TOTAL NTRACKS 6.01063e+08
 %%% EVENT 870000 NTRACKS 927 TOTAL NTRACKS 6.01726e+08
 %%% EVENT 871000 NTRACKS 469 TOTAL NTRACKS 6.02409e+08
 %%% EVENT 872000 NTRACKS 1107 TOTAL NTRACKS 6.03075e+08
 %%% EVENT 873000 NTRACKS 670 TOTAL NTRACKS 6.03775e+08
 %%% EVENT 874000 NTRACKS 766 TOTAL NTRACKS 6.04479e+08
 %%% EVENT 875000 NTRACKS 743 TOTAL NTRACKS 6.05142e+08
 %%% EVENT 876000 NTRACKS 407 TOTAL NTRACKS 6.05807e+08
 %%% EVENT 877000 NTRACKS 669 TOTAL NTRACKS 6.06497e+08
 %%% EVENT 878000 NTRACKS 573 TOTAL NTRACKS 6.07166e+08
 %%% EVENT 879000 NTRACKS 732 TOTAL NTRACKS 6.07875e+08
 %%% EVENT 880000 NTRACKS 1314 TOTAL NTRACKS 6.08581e+08
 %%% EVENT 881000 NTRACKS 610 TOTAL NTRACKS 6.0928e+08
 %%% EVENT 882000 NTRACKS 954 TOTAL NTRACKS 6.09976e+08
 %%% EVENT 883000 NTRACKS 372 TOTAL NTRACKS 6.10622e+08
 %%% EVENT 884000 NTRACKS 696 TOTAL NTRACKS 6.11297e+08
 %%% EVENT 885000 NTRACKS 39 TOTAL NTRACKS 6.12009e+08
 %%% EVENT 886000 NTRACKS 687 TOTAL NTRACKS 6.12697e+08
 %%% EVENT 887000 NTRACKS 449 TOTAL NTRACKS 6.13383e+08
 %%% EVENT 888000 NTRACKS 1183 TOTAL NTRACKS 6.14084e+08
 %%% EVENT 889000 NTRACKS 399 TOTAL NTRACKS 6.14782e+08
 %%% EVENT 890000 NTRACKS 3 TOTAL NTRACKS 6.15489e+08
 %%% EVENT 891000 NTRACKS 704 TOTAL NTRACKS 6.16199e+08
 %%% EVENT 892000 NTRACKS 436 TOTAL NTRACKS 6.16879e+08
 %%% EVENT 893000 NTRACKS 18 TOTAL NTRACKS 6.17564e+08
 %%% EVENT 894000 NTRACKS 399 TOTAL NTRACKS 6.18258e+08
 %%% EVENT 895000 NTRACKS 571 TOTAL NTRACKS 6.18931e+08
 %%% EVENT 896000 NTRACKS 451 TOTAL NTRACKS 6.19589e+08
 %%% EVENT 897000 NTRACKS 975 TOTAL NTRACKS 6.20275e+08
 %%% EVENT 898000 NTRACKS 1 TOTAL NTRACKS 6.20965e+08
 %%% EVENT 899000 NTRACKS 400 TOTAL NTRACKS 6.21655e+08
 %%% EVENT 900000 NTRACKS 1179 TOTAL NTRACKS 6.2237e+08
 %%% EVENT 901000 NTRACKS 346 TOTAL NTRACKS 6.23059e+08
 %%% EVENT 902000 NTRACKS 976 TOTAL NTRACKS 6.23762e+08
 %%% EVENT 903000 NTRACKS 664 TOTAL NTRACKS 6.24474e+08
 %%% EVENT 904000 NTRACKS 989 TOTAL NTRACKS 6.25178e+08
 %%% EVENT 905000 NTRACKS 431 TOTAL NTRACKS 6.25875e+08
 %%% EVENT 906000 NTRACKS 646 TOTAL NTRACKS 6.26574e+08
 %%% EVENT 907000 NTRACKS 276 TOTAL NTRACKS 6.27286e+08
 %%% EVENT 908000 NTRACKS 644 TOTAL NTRACKS 6.27982e+08
 %%% EVENT 909000 NTRACKS 405 TOTAL NTRACKS 6.28665e+08
 %%% EVENT 910000 NTRACKS 1033 TOTAL NTRACKS 6.29345e+08
 %%% EVENT 911000 NTRACKS 278 TOTAL NTRACKS 6.30019e+08
 %%% EVENT 912000 NTRACKS 737 TOTAL NTRACKS 6.30711e+08
 %%% EVENT 913000 NTRACKS 2393 TOTAL NTRACKS 6.31408e+08
 %%% EVENT 914000 NTRACKS 7 TOTAL NTRACKS 6.32118e+08
 %%% EVENT 915000 NTRACKS 423 TOTAL NTRACKS 6.32811e+08
 %%% EVENT 916000 NTRACKS 682 TOTAL NTRACKS 6.33501e+08
 %%% EVENT 917000 NTRACKS 3 TOTAL NTRACKS 6.34204e+08
 %%% EVENT 918000 NTRACKS 292 TOTAL NTRACKS 6.34908e+08
 %%% EVENT 919000 NTRACKS 2151 TOTAL NTRACKS 6.35622e+08
 %%% EVENT 920000 NTRACKS 537 TOTAL NTRACKS 6.36323e+08
 %%% EVENT 921000 NTRACKS 711 TOTAL NTRACKS 6.37001e+08
 %%% EVENT 922000 NTRACKS 735 TOTAL NTRACKS 6.37712e+08
 %%% EVENT 923000 NTRACKS 1531 TOTAL NTRACKS 6.38394e+08
 %%% EVENT 924000 NTRACKS 727 TOTAL NTRACKS 6.39119e+08
 %%% EVENT 925000 NTRACKS 1661 TOTAL NTRACKS 6.39802e+08
 %%% EVENT 926000 NTRACKS 2520 TOTAL NTRACKS 6.40476e+08
 %%% EVENT 927000 NTRACKS 454 TOTAL NTRACKS 6.41173e+08
 %%% EVENT 928000 NTRACKS 721 TOTAL NTRACKS 6.41855e+08
 %%% EVENT 929000 NTRACKS 456 TOTAL NTRACKS 6.42542e+08
 %%% EVENT 930000 NTRACKS 1549 TOTAL NTRACKS 6.43232e+08
 %%% EVENT 931000 NTRACKS 3 TOTAL NTRACKS 6.43913e+08
 %%% EVENT 932000 NTRACKS 758 TOTAL NTRACKS 6.44617e+08
 %%% EVENT 933000 NTRACKS 629 TOTAL NTRACKS 6.45318e+08
 %%% EVENT 934000 NTRACKS 1554 TOTAL NTRACKS 6.46045e+08
 %%% EVENT 935000 NTRACKS 433 TOTAL NTRACKS 6.4673e+08
 %%% EVENT 936000 NTRACKS 960 TOTAL NTRACKS 6.47409e+08
 %%% EVENT 937000 NTRACKS 455 TOTAL NTRACKS 6.48121e+08
 %%% EVENT 938000 NTRACKS 1305 TOTAL NTRACKS 6.48811e+08
 %%% EVENT 939000 NTRACKS 7 TOTAL NTRACKS 6.49508e+08
 %%% EVENT 940000 NTRACKS 1238 TOTAL NTRACKS 6.50206e+08
 %%% EVENT 941000 NTRACKS 501 TOTAL NTRACKS 6.50891e+08
 %%% EVENT 942000 NTRACKS 642 TOTAL NTRACKS 6.51602e+08
 %%% EVENT 943000 NTRACKS 5 TOTAL NTRACKS 6.52288e+08
 %%% EVENT 944000 NTRACKS 455 TOTAL NTRACKS 6.52964e+08
 %%% EVENT 945000 NTRACKS 778 TOTAL NTRACKS 6.53698e+08
 %%% EVENT 946000 NTRACKS 999 TOTAL NTRACKS 6.54358e+08
 %%% EVENT 947000 NTRACKS 1 TOTAL NTRACKS 6.5507e+08
 %%% EVENT 948000 NTRACKS 361 TOTAL NTRACKS 6.55785e+08
 %%% EVENT 949000 NTRACKS 8 TOTAL NTRACKS 6.5647e+08
 %%% EVENT 950000 NTRACKS 2 TOTAL NTRACKS 6.57147e+08
 %%% EVENT 951000 NTRACKS 790 TOTAL NTRACKS 6.57838e+08
 %%% EVENT 952000 NTRACKS 867 TOTAL NTRACKS 6.58526e+08
 %%% EVENT 953000 NTRACKS 363 TOTAL NTRACKS 6.59227e+08
 %%% EVENT 954000 NTRACKS 713 TOTAL NTRACKS 6.59909e+08
 %%% EVENT 955000 NTRACKS 385 TOTAL NTRACKS 6.60618e+08
 %%% EVENT 956000 NTRACKS 423 TOTAL NTRACKS 6.61309e+08
 %%% EVENT 957000 NTRACKS 448 TOTAL NTRACKS 6.61974e+08
 %%% EVENT 958000 NTRACKS 1266 TOTAL NTRACKS 6.62685e+08
 %%% EVENT 959000 NTRACKS 692 TOTAL NTRACKS 6.63352e+08
 %%% EVENT 960000 NTRACKS 1374 TOTAL NTRACKS 6.6403e+08
 %%% EVENT 961000 NTRACKS 1007 TOTAL NTRACKS 6.64744e+08
 %%% EVENT 962000 NTRACKS 454 TOTAL NTRACKS 6.65457e+08
 %%% EVENT 963000 NTRACKS 463 TOTAL NTRACKS 6.66174e+08
 %%% EVENT 964000 NTRACKS 964 TOTAL NTRACKS 6.66897e+08
 %%% EVENT 965000 NTRACKS 750 TOTAL NTRACKS 6.67595e+08
 %%% EVENT 966000 NTRACKS 1395 TOTAL NTRACKS 6.68316e+08
 %%% EVENT 967000 NTRACKS 915 TOTAL NTRACKS 6.69012e+08
 %%% EVENT 968000 NTRACKS 677 TOTAL NTRACKS 6.69691e+08
 %%% EVENT 969000 NTRACKS 948 TOTAL NTRACKS 6.7041e+08
 %%% EVENT 970000 NTRACKS 2 TOTAL NTRACKS 6.71094e+08
 %%% EVENT 971000 NTRACKS 341 TOTAL NTRACKS 6.71771e+08
 %%% EVENT 972000 NTRACKS 684 TOTAL NTRACKS 6.72467e+08
 %%% EVENT 973000 NTRACKS 689 TOTAL NTRACKS 6.73159e+08
 %%% EVENT 974000 NTRACKS 2178 TOTAL NTRACKS 6.73857e+08
 %%% EVENT 975000 NTRACKS 1773 TOTAL NTRACKS 6.7454e+08
 %%% EVENT 976000 NTRACKS 431 TOTAL NTRACKS 6.75222e+08
 %%% EVENT 977000 NTRACKS 703 TOTAL NTRACKS 6.75925e+08
 %%% EVENT 978000 NTRACKS 370 TOTAL NTRACKS 6.76613e+08
 %%% EVENT 979000 NTRACKS 575 TOTAL NTRACKS 6.77332e+08
 %%% EVENT 980000 NTRACKS 945 TOTAL NTRACKS 6.78026e+08
 %%% EVENT 981000 NTRACKS 304 TOTAL NTRACKS 6.78711e+08
 %%% EVENT 982000 NTRACKS 400 TOTAL NTRACKS 6.79427e+08
 %%% EVENT 983000 NTRACKS 1590 TOTAL NTRACKS 6.80122e+08
 %%% EVENT 984000 NTRACKS 692 TOTAL NTRACKS 6.80815e+08
 %%% EVENT 985000 NTRACKS 1380 TOTAL NTRACKS 6.81522e+08
 %%% EVENT 986000 NTRACKS 359 TOTAL NTRACKS 6.82177e+08
 %%% EVENT 987000 NTRACKS 466 TOTAL NTRACKS 6.82889e+08
 %%% EVENT 988000 NTRACKS 440 TOTAL NTRACKS 6.83592e+08
 %%% EVENT 989000 NTRACKS 1 TOTAL NTRACKS 6.84271e+08
 %%% EVENT 990000 NTRACKS 685 TOTAL NTRACKS 6.84967e+08
 %%% EVENT 991000 NTRACKS 15 TOTAL NTRACKS 6.8563e+08
 %%% EVENT 992000 NTRACKS 2 TOTAL NTRACKS 6.86328e+08
 %%% EVENT 993000 NTRACKS 1 TOTAL NTRACKS 6.87001e+08
 %%% EVENT 994000 NTRACKS 1533 TOTAL NTRACKS 6.87673e+08
 %%% EVENT 995000 NTRACKS 550 TOTAL NTRACKS 6.88357e+08
 %%% EVENT 996000 NTRACKS 745 TOTAL NTRACKS 6.89059e+08
 %%% EVENT 997000 NTRACKS 1 TOTAL NTRACKS 6.89736e+08
 %%% EVENT 998000 NTRACKS 790 TOTAL NTRACKS 6.90449e+08
 %%% EVENT 999000 NTRACKS 423 TOTAL NTRACKS 6.91144e+08
 Run terminated.
Run Summary
  Number of events processed : 1000000
  User=2524.860000s Real=2535.969309s Sys=1.920000s
0 events have been kept for refreshing and/or reviewing.
  "/vis/reviewKeptEvents" to review them one by one.
  "/vis/enable", then "/vis/viewer/flush" or "/vis/viewer/rebuild" to see them accumulated.
