/control/execute exercise3d.in
/gamos/setParam GmAnalysisMgr:FileNameSuffix .exercise3d
/tracking/verbose 0
/run/verbose 1
/control/verbose 1
/gamos/setParam GmReadPhantomGeometry:FileName ../exercise2/linac.geom
/gamos/setParam GmSimplePhantomGeometry:MaterialNames G4_WATER G4_LUNG_ICRP G4_BONE_COMPACT_ICRU
/gamos/setParam GmSimplePhantomGeometry:MaterialZVoxels 10 10 80
/gamos/setParam GmSimplePhantomGeometry:MaterialDensities 1. 0.3 1.85
/gamos/setParam GmSimplePhantomGeometry:NVoxels 10 10 100
/gamos/setParam GmSimplePhantomGeometry:PhantomDims -500 500 -500 500 -500 500
/gamos/setParam GmReadPhantomGeometry:InitialDisplacement 0. 0. -1400.
/gamos/setParam GmReadPhantomGeometry:InitialRotAngles 0*deg 0. 0.
/gamos/geometry GmSimplePhantomGeometry
/gamos/physicsList GmEMPhysics
GmEMPhysics PhysicsList:DEFAULT = gamma-standard is registered
GmEMPhysics PhysicsList: DEFAULT = electron-standard is registered
GmEMPhysics PhysicsList: DEFAULT = positron-standard is registered
/gamos/generator GmGenerator
/gamos/geometry/createRegion targetReg target
/gamos/physics/setCuts targetReg 10. 0.1
/run/setCut 100.
/gamos/userAction GmCountTracksUA
/gamos/userAction GmCountProcessesUA
/run/initialize
/gamos/userAction RTReuseAtZPlaneUA
GmEquivalentCommandMgr::ChangeCommandPath Replace SUBSTRING RTReuseAtZPlane RTReuseAtZPlaneUA
/gamos/setParam RTReuseAtZPlaneUA:ZReusePlane 900
GmEquivalentCommandMgr::ChangeCommandPath Replace SUBSTRING RTReuseAtZPlane RTReuseAtZPlaneUA
/gamos/setParam RTReuseAtZPlaneUA:NReuse 10
/gamos/RT/ReuseAtZPlane
