/control/execute exercise1c.in
/tracking/verbose 1
/gamos/setParam GmGeometryFromText:FileName exercise1.geom
/gamos/geometry GmGeometryFromText
/gamos/physicsList GmEMPhysics
GmEMPhysics PhysicsList:DEFAULT = gamma-standard is registered
GmEMPhysics PhysicsList: DEFAULT = electron-standard is registered
GmEMPhysics PhysicsList: DEFAULT = positron-standard is registered
/gamos/GmPhysics/replacePhysics gamma-standard
GmEMPhysics::Replaceing PhysicsList component gamma-standard
G4VModularPhysicsList::ReplacePhysics: gamma-standardwith type : 22  is replaces with gamma-standard
GmEMPhysics::ReplacePhysicsList: gamma-standard is registered
/gamos/GmPhysics/replacePhysics electron-standard
GmEMPhysics::Replaceing PhysicsList component electron-standard
G4VModularPhysicsList::ReplacePhysics: electron-standardwith type : 11  is replaces with electron-standard
GmEMPhysics::ReplacePhysicsList: electron-standard is registered
/gamos/generator GmGenerator
/gamos/userAction GmCountProcessesUA
/run/initialize
/gamos/generator/addSingleParticleSource source gamma 10.*MeV
/run/beamOn 10

### ===  Deexcitation model UAtomDeexcitation is activated for 1 region:
          DefaultRegionForTheWorld  1  1  0
### ===  Auger cascade flag: 0
### ===  Ignore cuts flag:   0

phot:  for gamma SubType=12 BuildTable=0
      LambdaPrime table from 200 keV to 100 TeV in 61 bins 
      ===== EM models for the G4Region  DefaultRegionForTheWorld ======
       PhotoElectric : Emin=    0 eV  Emax=  100 TeV  SauterGavrila Fluo

compt:  for gamma SubType=13 BuildTable=1
      Lambda table from 100 eV  to 1 MeV, 7 bins/decade, spline: 1
      LambdaPrime table from 1 MeV to 100 TeV in 56 bins 
      ===== EM models for the G4Region  DefaultRegionForTheWorld ======
       Klein-Nishina : Emin=    0 eV  Emax=  100 TeV

conv:  for gamma SubType=14 BuildTable=1
      Lambda table from 1.022 MeV to 100 TeV, 18 bins/decade, spline: 1
      ===== EM models for the G4Region  DefaultRegionForTheWorld ======
     BetheHeitlerLPM : Emin=    0 eV  Emax=  100 TeV  ModifiedTsai

Rayl:  for gamma SubType=11 BuildTable=1
      Lambda table from 100 eV  to 100 keV, 7 bins/decade, spline: 0
      LambdaPrime table from 100 keV to 100 TeV in 63 bins 
      ===== EM models for the G4Region  DefaultRegionForTheWorld ======
   LivermoreRayleigh : Emin=    0 eV  Emax=  100 TeV  CullenGenerator

msc:  for e-  SubType= 10
      ===== EM models for the G4Region  DefaultRegionForTheWorld ======
            UrbanMsc : Emin=    0 eV  Emax=  100 TeV Nbins=84 100 eV  - 100 TeV

eIoni:  for e-  SubType=2
      dE/dx and range tables from 100 eV  to 100 TeV in 84 bins
      Lambda tables from threshold to 100 TeV, 7 bins/decade, spline: 1
      StepFunction=(0.2, 1 mm), integ: 1, fluct: 1, linLossLim= 0.01
      ===== EM models for the G4Region  DefaultRegionForTheWorld ======
        MollerBhabha : Emin=    0 eV  Emax=  100 TeV

eBrem:  for e-  SubType=3
      dE/dx and range tables from 100 eV  to 100 TeV in 84 bins
      Lambda tables from threshold to 100 TeV, 7 bins/decade, spline: 1
      LPM flag: 1 for E > 1 GeV,  VertexHighEnergyTh(GeV)= 100000
      ===== EM models for the G4Region  DefaultRegionForTheWorld ======
             eBremSB : Emin=    0 eV  Emax=    1 GeV  ModifiedTsai
            eBremLPM : Emin=    1 GeV Emax=  100 TeV  ModifiedTsai

msc:  for e+  SubType= 10
      ===== EM models for the G4Region  DefaultRegionForTheWorld ======
            UrbanMsc : Emin=    0 eV  Emax=  100 TeV Nbins=84 100 eV  - 100 TeV

eIoni:  for e+  SubType=2
      dE/dx and range tables from 100 eV  to 100 TeV in 84 bins
      Lambda tables from threshold to 100 TeV, 7 bins/decade, spline: 1
      StepFunction=(0.2, 1 mm), integ: 1, fluct: 1, linLossLim= 0.01
      ===== EM models for the G4Region  DefaultRegionForTheWorld ======
        MollerBhabha : Emin=    0 eV  Emax=  100 TeV

eBrem:  for e+  SubType=3
      dE/dx and range tables from 100 eV  to 100 TeV in 84 bins
      Lambda tables from threshold to 100 TeV, 7 bins/decade, spline: 1
      LPM flag: 1 for E > 1 GeV,  VertexHighEnergyTh(GeV)= 100000
      ===== EM models for the G4Region  DefaultRegionForTheWorld ======
             eBremSB : Emin=    0 eV  Emax=    1 GeV  ModifiedTsai
            eBremLPM : Emin=    1 GeV Emax=  100 TeV  ModifiedTsai

annihil:  for e+, integral:1  SubType=5 BuildTable=0
      ===== EM models for the G4Region  DefaultRegionForTheWorld ======
            eplus2gg : Emin=    0 eV  Emax=  100 TeV

========= Table of registered couples ==============================

Index : 0     used in the geometry : Yes
 Material : G4_AIR
 Range cuts        :  gamma  100 um     e-  100 um     e+  100 um  proton 100 um 
 Energy thresholds :  gamma  990 eV     e-  990 eV     e+  990 eV  proton -1 MeV
 Region(s) which use this couple : 
    DefaultRegionForTheWorld

Index : 1     used in the geometry : Yes
 Material : G4_Al
 Range cuts        :  gamma  100 um     e-  100 um     e+  100 um  proton 100 um 
 Energy thresholds :  gamma  2.3478 keV    e-  131.031 keV    e+  128.416 keV proton -1 MeV
 Region(s) which use this couple : 
    DefaultRegionForTheWorld

Index : 2     used in the geometry : Yes
 Material : Water
 Range cuts        :  gamma  100 um     e-  100 um     e+  100 um  proton 100 um 
 Energy thresholds :  gamma  1.10981 keV    e-  84.6589 keV    e+  83.5287 keV proton -1 MeV
 Region(s) which use this couple : 
    DefaultRegionForTheWorld

====================================================================

G4VisManager: Using G4TrajectoryDrawByCharge as fallback trajectory model.
See commands in /vis/modeling/trajectories/ for other options.
### Run 0 starts.

*********************************************************************************************************
* G4Track Information:   Particle = gamma,   Track ID = 1,   Parent ID = 0
*********************************************************************************************************

Step#    X(mm)    Y(mm)    Z(mm) KinE(MeV)  dE(MeV) StepLeng TrackLeng  NextVolume ProcName
    0        0        0        0        10        0        0         0     my tube initStep
    1    -67.3    -61.5     -100        10        0      135       135       mybox Transportation
    2     -135     -123     -200        10        0      135       271       world Transportation
    3     -202     -184     -300        10        0      135       406  OutOfWorld Transportation

*********************************************************************************************************
* G4Track Information:   Particle = gamma,   Track ID = 1,   Parent ID = 0
*********************************************************************************************************

Step#    X(mm)    Y(mm)    Z(mm) KinE(MeV)  dE(MeV) StepLeng TrackLeng  NextVolume ProcName
    0        0        0        0        10        0        0         0     my tube initStep
    1     51.6    -84.1    -5.33        10        0     98.8      98.8       mybox Transportation
    2     57.3    -93.4    -5.92         0        0       11       110       mybox conv

*********************************************************************************************************
* G4Track Information:   Particle = e+,   Track ID = 3,   Parent ID = 1
*********************************************************************************************************

Step#    X(mm)    Y(mm)    Z(mm) KinE(MeV)  dE(MeV) StepLeng TrackLeng  NextVolume ProcName
    0     57.3    -93.4    -5.92      2.94        0        0         0       mybox initStep
    1     57.8      -94    -5.96      2.47    0.314    0.795     0.795       mybox eIoni
    2     59.8    -94.6    -5.54       1.5    0.965     2.74      3.54       mybox eIoni
    3     60.5      -94    -4.56     0.603      0.9     2.09      5.63       mybox eIoni
    4     60.5    -94.2    -4.19    0.0394    0.563      1.1      6.73       mybox eIoni
    5     60.5    -94.2    -4.19         0   0.0394   0.0129      6.74       mybox eIoni
    6     60.5    -94.2    -4.19         0        0        0      6.74       mybox annihil

*********************************************************************************************************
* G4Track Information:   Particle = gamma,   Track ID = 6,   Parent ID = 3
*********************************************************************************************************

Step#    X(mm)    Y(mm)    Z(mm) KinE(MeV)  dE(MeV) StepLeng TrackLeng  NextVolume ProcName
    0     60.5    -94.2    -4.19     0.511        0        0         0       mybox initStep
    1      150    -45.7    -5.58     0.511        0      102       102       world Transportation
    2      300     35.6     -7.9     0.511        0      171       272  OutOfWorld Transportation

*********************************************************************************************************
* G4Track Information:   Particle = gamma,   Track ID = 5,   Parent ID = 3
*********************************************************************************************************

Step#    X(mm)    Y(mm)    Z(mm) KinE(MeV)  dE(MeV) StepLeng TrackLeng  NextVolume ProcName
    0     60.5    -94.2    -4.19     0.511        0        0         0       mybox initStep
    1     52.8    -98.4    -4.09     0.212        0     8.68      8.68       mybox compt
    2     52.1    -83.8    -9.38     0.212        0     15.5      24.2     my tube Transportation
    3     49.9    -38.5    -25.8     0.174        0     48.2      72.4     my tube compt
    4     59.3    -34.2    -32.4     0.126        0     12.2      84.6     my tube compt
    5     82.8    -38.3     9.82     0.104        0     48.5       133     my tube compt
    6     57.7      -67     28.1    0.0923        0     42.3       175     my tube compt
    7     57.1    -69.1     26.4    0.0702        0     2.81       178     my tube compt
    8     29.7    -37.6      100    0.0702        0     84.6       263       mybox Transportation
    9     28.5    -36.2      103    0.0617        0     3.76       267       mybox compt
   10     28.5    -36.2      103         0  0.00156  0.00478       267       mybox phot

*********************************************************************************************************
* G4Track Information:   Particle = e-,   Track ID = 14,   Parent ID = 5
*********************************************************************************************************

Step#    X(mm)    Y(mm)    Z(mm) KinE(MeV)  dE(MeV) StepLeng TrackLeng  NextVolume ProcName
    0     28.5    -36.2      103    0.0601        0        0         0       mybox initStep
    1     28.5    -36.2      103         0   0.0601   0.0293    0.0293       mybox eIoni

*********************************************************************************************************
* G4Track Information:   Particle = e-,   Track ID = 13,   Parent ID = 5
*********************************************************************************************************

Step#    X(mm)    Y(mm)    Z(mm) KinE(MeV)  dE(MeV) StepLeng TrackLeng  NextVolume ProcName
    0     28.5    -36.2      103   0.00845        0        0         0       mybox initStep
    1     28.5    -36.2      103         0  0.00845 0.000996  0.000996       mybox eIoni

*********************************************************************************************************
* G4Track Information:   Particle = e-,   Track ID = 12,   Parent ID = 5
*********************************************************************************************************

Step#    X(mm)    Y(mm)    Z(mm) KinE(MeV)  dE(MeV) StepLeng TrackLeng  NextVolume ProcName
    0     57.1    -69.1     26.4    0.0221        0        0         0     my tube initStep
    1     57.1    -69.1     26.4         0   0.0221   0.0101    0.0101     my tube eIoni

*********************************************************************************************************
* G4Track Information:   Particle = e-,   Track ID = 11,   Parent ID = 5
*********************************************************************************************************

Step#    X(mm)    Y(mm)    Z(mm) KinE(MeV)  dE(MeV) StepLeng TrackLeng  NextVolume ProcName
    0     57.7      -67     28.1    0.0117        0        0         0     my tube initStep
    1     57.7      -67     28.1         0   0.0117  0.00328   0.00328     my tube eIoni

*********************************************************************************************************
* G4Track Information:   Particle = e-,   Track ID = 10,   Parent ID = 5
*********************************************************************************************************

Step#    X(mm)    Y(mm)    Z(mm) KinE(MeV)  dE(MeV) StepLeng TrackLeng  NextVolume ProcName
    0     82.8    -38.3     9.82    0.0219        0        0         0     my tube initStep
    1     82.8    -38.3     9.82         0   0.0219  0.00991   0.00991     my tube eIoni

*********************************************************************************************************
* G4Track Information:   Particle = e-,   Track ID = 9,   Parent ID = 5
*********************************************************************************************************

Step#    X(mm)    Y(mm)    Z(mm) KinE(MeV)  dE(MeV) StepLeng TrackLeng  NextVolume ProcName
    0     59.3    -34.2    -32.4    0.0485        0        0         0     my tube initStep
    1     59.3    -34.2    -32.4         0   0.0485   0.0404    0.0404     my tube eIoni

*********************************************************************************************************
* G4Track Information:   Particle = e-,   Track ID = 8,   Parent ID = 5
*********************************************************************************************************

Step#    X(mm)    Y(mm)    Z(mm) KinE(MeV)  dE(MeV) StepLeng TrackLeng  NextVolume ProcName
    0     49.9    -38.5    -25.8    0.0376        0        0         0     my tube initStep
    1     49.9    -38.5    -25.8         0   0.0376   0.0259    0.0259     my tube eIoni

*********************************************************************************************************
* G4Track Information:   Particle = e-,   Track ID = 7,   Parent ID = 5
*********************************************************************************************************

Step#    X(mm)    Y(mm)    Z(mm) KinE(MeV)  dE(MeV) StepLeng TrackLeng  NextVolume ProcName
    0     52.8    -98.4    -4.09     0.299        0        0         0       mybox initStep
    1     52.7    -98.5    -4.07         0    0.299    0.401     0.401       mybox eIoni

*********************************************************************************************************
* G4Track Information:   Particle = e-,   Track ID = 4,   Parent ID = 3
*********************************************************************************************************

Step#    X(mm)    Y(mm)    Z(mm) KinE(MeV)  dE(MeV) StepLeng TrackLeng  NextVolume ProcName
    0     57.8      -94    -5.96     0.162        0        0         0       mybox initStep
    1     57.8    -94.1    -5.94         0    0.162    0.154     0.154       mybox eIoni

*********************************************************************************************************
* G4Track Information:   Particle = e-,   Track ID = 2,   Parent ID = 1
*********************************************************************************************************

Step#    X(mm)    Y(mm)    Z(mm) KinE(MeV)  dE(MeV) StepLeng TrackLeng  NextVolume ProcName
    0     57.3    -93.4    -5.92      6.03        0        0         0       mybox initStep
    1       58    -94.9    -5.68      5.24     0.79     1.72      1.72       mybox eBrem
    2     58.1    -95.3    -5.57       4.9    0.131    0.381       2.1       mybox eIoni
    3     58.2    -96.7    -4.75      3.88    0.579     1.69      3.79       mybox eIoni
    4     58.4    -99.4    -3.36      2.37     1.51     3.58      7.37       mybox eIoni
    5     58.3    -99.5    -3.37      2.28   0.0838    0.167      7.54       mybox eBrem
    6     57.8    -99.8    -3.36      1.94    0.177    0.562       8.1       mybox eIoni
    7     57.1     -101    -4.48         1     0.94     2.39      10.5       mybox eIoni
    8     56.6     -101    -4.05     0.328    0.672     1.66      12.2       mybox eIoni
    9     56.6     -101    -3.89         0    0.328    0.461      12.6       mybox eIoni

*********************************************************************************************************
* G4Track Information:   Particle = e-,   Track ID = 19,   Parent ID = 2
*********************************************************************************************************

Step#    X(mm)    Y(mm)    Z(mm) KinE(MeV)  dE(MeV) StepLeng TrackLeng  NextVolume ProcName
    0     57.8    -99.8    -3.36     0.159        0        0         0       mybox initStep
    1     57.8    -99.8    -3.41         0    0.159     0.15      0.15       mybox eIoni

*********************************************************************************************************
* G4Track Information:   Particle = gamma,   Track ID = 18,   Parent ID = 2
*********************************************************************************************************

Step#    X(mm)    Y(mm)    Z(mm) KinE(MeV)  dE(MeV) StepLeng TrackLeng  NextVolume ProcName
    0     58.3    -99.5    -3.37   0.00748        0        0         0       mybox initStep
    1     58.3    -99.5    -3.37         0  0.00156  0.00751   0.00751       mybox phot

*********************************************************************************************************
* G4Track Information:   Particle = e-,   Track ID = 20,   Parent ID = 18
*********************************************************************************************************

Step#    X(mm)    Y(mm)    Z(mm) KinE(MeV)  dE(MeV) StepLeng TrackLeng  NextVolume ProcName
    0     58.3    -99.5    -3.37   0.00592        0        0         0       mybox initStep
    1     58.3    -99.5    -3.37         0  0.00592  0.00055   0.00055       mybox eIoni

*********************************************************************************************************
* G4Track Information:   Particle = e-,   Track ID = 17,   Parent ID = 2
*********************************************************************************************************

Step#    X(mm)    Y(mm)    Z(mm) KinE(MeV)  dE(MeV) StepLeng TrackLeng  NextVolume ProcName
    0     58.2    -96.7    -4.75      0.45        0        0         0       mybox initStep
    1     58.3    -96.7    -4.52         0     0.45    0.735     0.735       mybox eIoni

*********************************************************************************************************
* G4Track Information:   Particle = e-,   Track ID = 16,   Parent ID = 2
*********************************************************************************************************

Step#    X(mm)    Y(mm)    Z(mm) KinE(MeV)  dE(MeV) StepLeng TrackLeng  NextVolume ProcName
    0     58.1    -95.3    -5.57     0.205        0        0         0       mybox initStep
    1     58.1    -95.4    -5.62         0    0.205    0.224     0.224       mybox eIoni

*********************************************************************************************************
* G4Track Information:   Particle = gamma,   Track ID = 15,   Parent ID = 2
*********************************************************************************************************

Step#    X(mm)    Y(mm)    Z(mm) KinE(MeV)  dE(MeV) StepLeng TrackLeng  NextVolume ProcName
    0       58    -94.9    -5.68   0.00368        0        0         0       mybox initStep
    1       58      -95    -5.68         0  0.00156   0.0116    0.0116       mybox phot

*********************************************************************************************************
* G4Track Information:   Particle = e-,   Track ID = 21,   Parent ID = 15
*********************************************************************************************************

Step#    X(mm)    Y(mm)    Z(mm) KinE(MeV)  dE(MeV) StepLeng TrackLeng  NextVolume ProcName
    0       58      -95    -5.68   0.00212        0        0         0       mybox initStep
    1       58      -95    -5.68         0  0.00212 0.000108  0.000108       mybox eIoni

*********************************************************************************************************
* G4Track Information:   Particle = gamma,   Track ID = 1,   Parent ID = 0
*********************************************************************************************************

Step#    X(mm)    Y(mm)    Z(mm) KinE(MeV)  dE(MeV) StepLeng TrackLeng  NextVolume ProcName
    0        0        0        0        10        0        0         0     my tube initStep
    1    -51.1    -58.2      100        10        0      126       126       mybox Transportation
    2     -102     -116      200        10        0      126       253       world Transportation
    3     -153     -175      300        10        0      126       379  OutOfWorld Transportation

*********************************************************************************************************
* G4Track Information:   Particle = gamma,   Track ID = 1,   Parent ID = 0
*********************************************************************************************************

Step#    X(mm)    Y(mm)    Z(mm) KinE(MeV)  dE(MeV) StepLeng TrackLeng  NextVolume ProcName
    0        0        0        0        10        0        0         0     my tube initStep
    1    -4.53    -39.9      100        10        0      108       108       mybox Transportation
    2    -9.06    -79.8      200        10        0      108       216       world Transportation
    3    -13.6     -120      300        10        0      108       323  OutOfWorld Transportation

*********************************************************************************************************
* G4Track Information:   Particle = gamma,   Track ID = 1,   Parent ID = 0
*********************************************************************************************************

Step#    X(mm)    Y(mm)    Z(mm) KinE(MeV)  dE(MeV) StepLeng TrackLeng  NextVolume ProcName
    0        0        0        0        10        0        0         0     my tube initStep
    1     93.1     38.1     65.3        10        0      120       120       mybox Transportation
    2      150     61.4      105        10        0     73.3       193       world Transportation
    3      300      123      210        10        0      193       386  OutOfWorld Transportation

*********************************************************************************************************
* G4Track Information:   Particle = gamma,   Track ID = 1,   Parent ID = 0
*********************************************************************************************************

Step#    X(mm)    Y(mm)    Z(mm) KinE(MeV)  dE(MeV) StepLeng TrackLeng  NextVolume ProcName
    0        0        0        0        10        0        0         0     my tube initStep
    1     15.2     2.94      100        10        0      101       101       mybox Transportation
    2     19.3     3.71      126         0        0     26.7       128       mybox conv

*********************************************************************************************************
* G4Track Information:   Particle = e+,   Track ID = 3,   Parent ID = 1
*********************************************************************************************************

Step#    X(mm)    Y(mm)    Z(mm) KinE(MeV)  dE(MeV) StepLeng TrackLeng  NextVolume ProcName
    0     19.3     3.71      126      2.33        0        0         0       mybox initStep
    1     19.1     3.22      127      1.81    0.494     1.42      1.42       mybox eBrem
    2     18.7     2.69      128      1.15    0.451     1.02      2.44       mybox eIoni
    3       18     2.41      129      0.22    0.523     1.57      4.01       mybox eIoni
    4       18     2.46      129         0     0.22    0.244      4.25       mybox eIoni
    5       18     2.46      129         0        0        0      4.25       mybox annihil

*********************************************************************************************************
* G4Track Information:   Particle = gamma,   Track ID = 8,   Parent ID = 3
*********************************************************************************************************

Step#    X(mm)    Y(mm)    Z(mm) KinE(MeV)  dE(MeV) StepLeng TrackLeng  NextVolume ProcName
    0       18     2.46      129     0.511        0        0         0       mybox initStep
    1     26.3     15.9      146     0.348        0     23.2      23.2       mybox compt
    2     27.3     16.7      146     0.308        0     1.32      24.6       mybox compt
    3     32.6     18.9      141     0.245        0     7.67      32.2       mybox compt
    4       43     27.7      143     0.234        0     13.8      46.1       mybox compt
    5     47.8     38.8      147     0.221        0     12.6      58.7       mybox compt
    6     47.7     55.7      159      0.14        0       21      79.7       mybox compt
    7     52.9     49.9      162     0.118        0     8.34        88       mybox compt
    8     54.4     50.7      163     0.111        0     1.79      89.8       mybox compt
    9     57.4     49.8      166     0.103        0     4.69      94.5       mybox compt
   10     57.7     49.8      166    0.0853        0    0.322      94.8       mybox compt
   11     57.5     58.7      151    0.0843        0     17.8       113       mybox compt
   12     58.1     65.8      145    0.0843        0     9.09       122       mybox Rayl
   13     59.1     80.9      134    0.0782        0     18.9       141       mybox compt
   14     66.7     86.9      134    0.0782        0     9.72       150       mybox Rayl
   15     72.8     91.9      133    0.0655        0     7.93       158       mybox compt
   16     72.9     91.4      133         0  0.00156    0.922       159       mybox phot

*********************************************************************************************************
* G4Track Information:   Particle = e-,   Track ID = 22,   Parent ID = 8
*********************************************************************************************************

Step#    X(mm)    Y(mm)    Z(mm) KinE(MeV)  dE(MeV) StepLeng TrackLeng  NextVolume ProcName
    0     72.9     91.4      133    0.0639        0        0         0       mybox initStep
    1     72.9     91.4      133         0   0.0639   0.0325    0.0325       mybox eIoni

*********************************************************************************************************
* G4Track Information:   Particle = e-,   Track ID = 21,   Parent ID = 8
*********************************************************************************************************

Step#    X(mm)    Y(mm)    Z(mm) KinE(MeV)  dE(MeV) StepLeng TrackLeng  NextVolume ProcName
    0     72.8     91.9      133    0.0128        0        0         0       mybox initStep
    1     72.8     91.9      133         0   0.0128  0.00201   0.00201       mybox eIoni

*********************************************************************************************************
* G4Track Information:   Particle = e-,   Track ID = 20,   Parent ID = 8
*********************************************************************************************************

Step#    X(mm)    Y(mm)    Z(mm) KinE(MeV)  dE(MeV) StepLeng TrackLeng  NextVolume ProcName
    0     59.1     80.9      134   0.00606        0        0         0       mybox initStep
    1     59.1     80.9      134         0  0.00606 0.000571  0.000571       mybox eIoni

*********************************************************************************************************
* G4Track Information:   Particle = e-,   Track ID = 19,   Parent ID = 8
*********************************************************************************************************

Step#    X(mm)    Y(mm)    Z(mm) KinE(MeV)  dE(MeV) StepLeng TrackLeng  NextVolume ProcName
    0     57.5     58.7      151  0.000983        0        0         0       mybox initStep
    1     57.5     58.7      151         0 0.000983 3.63e-05  3.63e-05       mybox eIoni

*********************************************************************************************************
* G4Track Information:   Particle = e-,   Track ID = 18,   Parent ID = 8
*********************************************************************************************************

Step#    X(mm)    Y(mm)    Z(mm) KinE(MeV)  dE(MeV) StepLeng TrackLeng  NextVolume ProcName
    0     57.7     49.8      166    0.0178        0        0         0       mybox initStep
    1     57.7     49.8      166         0   0.0178  0.00356   0.00356       mybox eIoni

*********************************************************************************************************
* G4Track Information:   Particle = e-,   Track ID = 17,   Parent ID = 8
*********************************************************************************************************

Step#    X(mm)    Y(mm)    Z(mm) KinE(MeV)  dE(MeV) StepLeng TrackLeng  NextVolume ProcName
    0     57.4     49.8      166   0.00754        0        0         0       mybox initStep
    1     57.4     49.8      166         0  0.00754 0.000823  0.000823       mybox eIoni

*********************************************************************************************************
* G4Track Information:   Particle = e-,   Track ID = 16,   Parent ID = 8
*********************************************************************************************************

Step#    X(mm)    Y(mm)    Z(mm) KinE(MeV)  dE(MeV) StepLeng TrackLeng  NextVolume ProcName
    0     54.4     50.7      163   0.00742        0        0         0       mybox initStep
    1     54.4     50.7      163         0  0.00742 0.000801  0.000801       mybox eIoni

*********************************************************************************************************
* G4Track Information:   Particle = e-,   Track ID = 15,   Parent ID = 8
*********************************************************************************************************

Step#    X(mm)    Y(mm)    Z(mm) KinE(MeV)  dE(MeV) StepLeng TrackLeng  NextVolume ProcName
    0     52.9     49.9      162    0.0215        0        0         0       mybox initStep
    1     52.9     49.9      162         0   0.0215  0.00493   0.00493       mybox eIoni

*********************************************************************************************************
* G4Track Information:   Particle = e-,   Track ID = 14,   Parent ID = 8
*********************************************************************************************************

Step#    X(mm)    Y(mm)    Z(mm) KinE(MeV)  dE(MeV) StepLeng TrackLeng  NextVolume ProcName
    0     47.7     55.7      159    0.0819        0        0         0       mybox initStep
    1     47.7     55.8      159         0   0.0819   0.0496    0.0496       mybox eIoni

*********************************************************************************************************
* G4Track Information:   Particle = e-,   Track ID = 13,   Parent ID = 8
*********************************************************************************************************

Step#    X(mm)    Y(mm)    Z(mm) KinE(MeV)  dE(MeV) StepLeng TrackLeng  NextVolume ProcName
    0     47.8     38.8      147    0.0122        0        0         0       mybox initStep
    1     47.8     38.8      147         0   0.0122  0.00185   0.00185       mybox eIoni

*********************************************************************************************************
* G4Track Information:   Particle = e-,   Track ID = 12,   Parent ID = 8
*********************************************************************************************************

Step#    X(mm)    Y(mm)    Z(mm) KinE(MeV)  dE(MeV) StepLeng TrackLeng  NextVolume ProcName
    0       43     27.7      143    0.0116        0        0         0       mybox initStep
    1       43     27.7      143         0   0.0116  0.00169   0.00169       mybox eIoni

*********************************************************************************************************
* G4Track Information:   Particle = e-,   Track ID = 11,   Parent ID = 8
*********************************************************************************************************

Step#    X(mm)    Y(mm)    Z(mm) KinE(MeV)  dE(MeV) StepLeng TrackLeng  NextVolume ProcName
    0     32.6     18.9      141    0.0624        0        0         0       mybox initStep
    1     32.6     18.9      141         0   0.0624   0.0312    0.0312       mybox eIoni

*********************************************************************************************************
* G4Track Information:   Particle = e-,   Track ID = 10,   Parent ID = 8
*********************************************************************************************************

Step#    X(mm)    Y(mm)    Z(mm) KinE(MeV)  dE(MeV) StepLeng TrackLeng  NextVolume ProcName
    0     27.3     16.7      146    0.0405        0        0         0       mybox initStep
    1     27.3     16.7      146         0   0.0405   0.0148    0.0148       mybox eIoni

*********************************************************************************************************
* G4Track Information:   Particle = e-,   Track ID = 9,   Parent ID = 8
*********************************************************************************************************

Step#    X(mm)    Y(mm)    Z(mm) KinE(MeV)  dE(MeV) StepLeng TrackLeng  NextVolume ProcName
    0     26.3     15.9      146     0.163        0        0         0       mybox initStep
    1     26.3     15.9      146         0    0.163    0.156     0.156       mybox eIoni

*********************************************************************************************************
* G4Track Information:   Particle = gamma,   Track ID = 7,   Parent ID = 3
*********************************************************************************************************

Step#    X(mm)    Y(mm)    Z(mm) KinE(MeV)  dE(MeV) StepLeng TrackLeng  NextVolume ProcName
    0       18     2.46      129     0.511        0        0         0       mybox initStep
    1     16.8    0.454      126     0.179        0     3.46      3.46       mybox compt
    2       72     41.6      153     0.178        0     73.8      77.3       mybox compt
    3     75.6     45.1      155     0.142        0      5.6      82.9       mybox compt
    4      150     43.5      103     0.142        0     90.9       174       world Transportation
    5      300     40.3    -2.41     0.142        0      183       357  OutOfWorld Transportation

*********************************************************************************************************
* G4Track Information:   Particle = e-,   Track ID = 25,   Parent ID = 7
*********************************************************************************************************

Step#    X(mm)    Y(mm)    Z(mm) KinE(MeV)  dE(MeV) StepLeng TrackLeng  NextVolume ProcName
    0     75.6     45.1      155    0.0363        0        0         0       mybox initStep
    1     75.6     45.1      155         0   0.0363   0.0122    0.0122       mybox eIoni

*********************************************************************************************************
* G4Track Information:   Particle = e-,   Track ID = 24,   Parent ID = 7
*********************************************************************************************************

Step#    X(mm)    Y(mm)    Z(mm) KinE(MeV)  dE(MeV) StepLeng TrackLeng  NextVolume ProcName
    0       72     41.6      153  0.000634        0        0         0       mybox initStep
    1       72     41.6      153         0 0.000634 2.05e-05  2.05e-05       mybox eIoni

*********************************************************************************************************
* G4Track Information:   Particle = e-,   Track ID = 23,   Parent ID = 7
*********************************************************************************************************

Step#    X(mm)    Y(mm)    Z(mm) KinE(MeV)  dE(MeV) StepLeng TrackLeng  NextVolume ProcName
    0     16.8    0.454      126     0.332        0        0         0       mybox initStep
    1     16.7    0.354      126         0    0.332    0.469     0.469       mybox eIoni

*********************************************************************************************************
* G4Track Information:   Particle = e-,   Track ID = 6,   Parent ID = 3
*********************************************************************************************************

Step#    X(mm)    Y(mm)    Z(mm) KinE(MeV)  dE(MeV) StepLeng TrackLeng  NextVolume ProcName
    0       18     2.41      129     0.403        0        0         0       mybox initStep
    1       18     2.57      129      0.26    0.109    0.304     0.304       mybox eBrem
    2       18     2.61      128         0     0.26    0.325     0.629       mybox eIoni

*********************************************************************************************************
* G4Track Information:   Particle = gamma,   Track ID = 26,   Parent ID = 6
*********************************************************************************************************

Step#    X(mm)    Y(mm)    Z(mm) KinE(MeV)  dE(MeV) StepLeng TrackLeng  NextVolume ProcName
    0       18     2.57      129    0.0334        0        0         0       mybox initStep
    1     16.3      3.4      129         0  0.00156     1.99      1.99       mybox phot

*********************************************************************************************************
* G4Track Information:   Particle = e-,   Track ID = 27,   Parent ID = 26
*********************************************************************************************************

Step#    X(mm)    Y(mm)    Z(mm) KinE(MeV)  dE(MeV) StepLeng TrackLeng  NextVolume ProcName
    0     16.3      3.4      129    0.0318        0        0         0       mybox initStep
    1     16.2      3.4      129         0   0.0318  0.00973   0.00973       mybox eIoni

*********************************************************************************************************
* G4Track Information:   Particle = e-,   Track ID = 5,   Parent ID = 3
*********************************************************************************************************

Step#    X(mm)    Y(mm)    Z(mm) KinE(MeV)  dE(MeV) StepLeng TrackLeng  NextVolume ProcName
    0     18.7     2.69      128     0.215        0        0         0       mybox initStep
    1     18.7     2.61      128         0    0.215    0.242     0.242       mybox eIoni

*********************************************************************************************************
* G4Track Information:   Particle = gamma,   Track ID = 4,   Parent ID = 3
*********************************************************************************************************

Step#    X(mm)    Y(mm)    Z(mm) KinE(MeV)  dE(MeV) StepLeng TrackLeng  NextVolume ProcName
    0     19.1     3.22      127    0.0259        0        0         0       mybox initStep
    1     19.1     3.12      128         0  0.00156    0.156     0.156       mybox phot

*********************************************************************************************************
* G4Track Information:   Particle = e-,   Track ID = 28,   Parent ID = 4
*********************************************************************************************************

Step#    X(mm)    Y(mm)    Z(mm) KinE(MeV)  dE(MeV) StepLeng TrackLeng  NextVolume ProcName
    0     19.1     3.12      128    0.0243        0        0         0       mybox initStep
    1     19.1     3.11      128         0   0.0243  0.00612   0.00612       mybox eIoni

*********************************************************************************************************
* G4Track Information:   Particle = e-,   Track ID = 2,   Parent ID = 1
*********************************************************************************************************

Step#    X(mm)    Y(mm)    Z(mm) KinE(MeV)  dE(MeV) StepLeng TrackLeng  NextVolume ProcName
    0     19.3     3.71      126      6.65        0        0         0       mybox initStep
    1     20.2     4.28      131      4.68     1.97     5.17      5.17       mybox eIoni
    2     19.6        6      133      3.37     1.28     3.48      8.65       mybox eBrem
    3     20.5     7.47      135      2.23     1.14     3.28      11.9       mybox eIoni
    4     20.5     7.47      135      2.08  0.00383  0.00374      11.9       mybox eIoni
    5     22.1     7.84      136      1.24    0.838     2.48      14.4       mybox eIoni
    6     22.8     7.11      136      0.61    0.629     1.88      16.3       mybox eIoni
    7     22.5     6.88      136     0.131     0.48     1.12      17.4       mybox eIoni
    8     22.5     6.86      136         0    0.131    0.109      17.5       mybox eIoni

*********************************************************************************************************
* G4Track Information:   Particle = e-,   Track ID = 30,   Parent ID = 2
*********************************************************************************************************

Step#    X(mm)    Y(mm)    Z(mm) KinE(MeV)  dE(MeV) StepLeng TrackLeng  NextVolume ProcName
    0     20.5     7.47      135     0.147        0        0         0       mybox initStep
    1     20.5     7.49      136         0    0.147    0.132     0.132       mybox eIoni

*********************************************************************************************************
* G4Track Information:   Particle = gamma,   Track ID = 29,   Parent ID = 2
*********************************************************************************************************

Step#    X(mm)    Y(mm)    Z(mm) KinE(MeV)  dE(MeV) StepLeng TrackLeng  NextVolume ProcName
    0     19.6        6      133    0.0319        0        0         0       mybox initStep
    1       21     9.18      138         0  0.00156     5.85      5.85       mybox phot

*********************************************************************************************************
* G4Track Information:   Particle = e-,   Track ID = 31,   Parent ID = 29
*********************************************************************************************************

Step#    X(mm)    Y(mm)    Z(mm) KinE(MeV)  dE(MeV) StepLeng TrackLeng  NextVolume ProcName
    0       21     9.18      138    0.0303        0        0         0       mybox initStep
    1       21     9.18      138         0   0.0303  0.00896   0.00896       mybox eIoni

*********************************************************************************************************
* G4Track Information:   Particle = gamma,   Track ID = 1,   Parent ID = 0
*********************************************************************************************************

Step#    X(mm)    Y(mm)    Z(mm) KinE(MeV)  dE(MeV) StepLeng TrackLeng  NextVolume ProcName
    0        0        0        0        10        0        0         0     my tube initStep
    1    -3.49    -19.4    -4.07         0        0     20.1      20.1     my tube conv

*********************************************************************************************************
* G4Track Information:   Particle = e+,   Track ID = 3,   Parent ID = 1
*********************************************************************************************************

Step#    X(mm)    Y(mm)    Z(mm) KinE(MeV)  dE(MeV) StepLeng TrackLeng  NextVolume ProcName
    0    -3.49    -19.4    -4.07      3.01        0        0         0     my tube initStep
    1    -3.54    -19.9     -4.2      2.92   0.0736    0.491     0.491     my tube eBrem
    2    -3.17      -23    -5.66      2.14    0.506      3.7      4.19     my tube eBrem
    3    -4.62    -26.1    -6.42       1.6    0.548     3.86      8.05     my tube eIoni
    4    -5.76    -28.2    -7.75      1.06    0.532     3.16      11.2     my tube eIoni
    5    -6.25    -27.9    -9.65     0.727    0.337     2.44      13.6     my tube eIoni
    6     -6.9    -27.2    -10.8     0.409    0.319     1.95      15.6     my tube eIoni
    7    -7.59    -27.4      -11    0.0192    0.389     1.27      16.9     my tube eIoni
    8    -7.58    -27.4      -11         0   0.0192  0.00718      16.9     my tube eIoni
    9    -7.58    -27.4      -11         0        0        0      16.9     my tube annihil

*********************************************************************************************************
* G4Track Information:   Particle = gamma,   Track ID = 7,   Parent ID = 3
*********************************************************************************************************

Step#    X(mm)    Y(mm)    Z(mm) KinE(MeV)  dE(MeV) StepLeng TrackLeng  NextVolume ProcName
    0    -7.58    -27.4      -11     0.511        0        0         0     my tube initStep
    1     88.4     48.2    -13.2     0.511        0      122       122       mybox Transportation
    2      126     78.1    -14.1     0.283        0     48.3       171       mybox compt
    3      132     73.4    -16.5     0.137        0     7.72       178       mybox compt
    4      116      105    0.173     0.111        0     39.4       218       mybox compt
    5      124      113    -2.51     0.104        0     11.4       229       mybox compt
    6      124      150    -13.3     0.104        0     38.8       268       world Transportation
    7      122      300      -57     0.104        0      156       424  OutOfWorld Transportation

*********************************************************************************************************
* G4Track Information:   Particle = e-,   Track ID = 11,   Parent ID = 7
*********************************************************************************************************

Step#    X(mm)    Y(mm)    Z(mm) KinE(MeV)  dE(MeV) StepLeng TrackLeng  NextVolume ProcName
    0      124      113    -2.51   0.00706        0        0         0       mybox initStep
    1      124      113    -2.51         0  0.00706 0.000737  0.000737       mybox eIoni

*********************************************************************************************************
* G4Track Information:   Particle = e-,   Track ID = 10,   Parent ID = 7
*********************************************************************************************************

Step#    X(mm)    Y(mm)    Z(mm) KinE(MeV)  dE(MeV) StepLeng TrackLeng  NextVolume ProcName
    0      116      105    0.173    0.0256        0        0         0       mybox initStep
    1      116      105    0.174         0   0.0256  0.00667   0.00667       mybox eIoni

*********************************************************************************************************
* G4Track Information:   Particle = e-,   Track ID = 9,   Parent ID = 7
*********************************************************************************************************

Step#    X(mm)    Y(mm)    Z(mm) KinE(MeV)  dE(MeV) StepLeng TrackLeng  NextVolume ProcName
    0      132     73.4    -16.5     0.146        0        0         0       mybox initStep
    1      132     73.3    -16.5         0    0.146     0.13      0.13       mybox eIoni

*********************************************************************************************************
* G4Track Information:   Particle = e-,   Track ID = 8,   Parent ID = 7
*********************************************************************************************************

Step#    X(mm)    Y(mm)    Z(mm) KinE(MeV)  dE(MeV) StepLeng TrackLeng  NextVolume ProcName
    0      126     78.1    -14.1     0.228        0        0         0       mybox initStep
    1      126     78.2    -14.1         0    0.228    0.265     0.265       mybox eIoni

*********************************************************************************************************
* G4Track Information:   Particle = gamma,   Track ID = 6,   Parent ID = 3
*********************************************************************************************************

Step#    X(mm)    Y(mm)    Z(mm) KinE(MeV)  dE(MeV) StepLeng TrackLeng  NextVolume ProcName
    0    -7.58    -27.4      -11     0.511        0        0         0     my tube initStep
    1    -39.5    -52.5    -10.2     0.347        0     40.6      40.6     my tube compt
    2    -59.4      -55    -34.9     0.197        0     31.8      72.4     my tube compt
    3      -66    -47.3    -28.5     0.193        0       12      84.3     my tube compt
    4     -100     1.36    -15.8     0.193        0     60.8       145       mybox Transportation
    5     -110     16.2    -11.9     0.193        0     18.5       164       mybox Rayl
    6     -150     73.7   -0.916     0.193        0     70.7       234       world Transportation
    7     -300      291     40.5     0.193        0      267       502  OutOfWorld Transportation

*********************************************************************************************************
* G4Track Information:   Particle = e-,   Track ID = 14,   Parent ID = 6
*********************************************************************************************************

Step#    X(mm)    Y(mm)    Z(mm) KinE(MeV)  dE(MeV) StepLeng TrackLeng  NextVolume ProcName
    0      -66    -47.3    -28.5   0.00478        0        0         0     my tube initStep
    1      -66    -47.3    -28.5         0  0.00478  0.00069   0.00069     my tube eIoni

*********************************************************************************************************
* G4Track Information:   Particle = e-,   Track ID = 13,   Parent ID = 6
*********************************************************************************************************

Step#    X(mm)    Y(mm)    Z(mm) KinE(MeV)  dE(MeV) StepLeng TrackLeng  NextVolume ProcName
    0    -59.4      -55    -34.9     0.149        0        0         0     my tube initStep
    1    -59.4    -55.1      -35         0    0.149    0.277     0.277     my tube eIoni

*********************************************************************************************************
* G4Track Information:   Particle = e-,   Track ID = 12,   Parent ID = 6
*********************************************************************************************************

Step#    X(mm)    Y(mm)    Z(mm) KinE(MeV)  dE(MeV) StepLeng TrackLeng  NextVolume ProcName
    0    -39.5    -52.5    -10.2     0.164        0        0         0     my tube initStep
    1    -39.5    -52.6    -10.1         0    0.164    0.323     0.323     my tube eIoni

*********************************************************************************************************
* G4Track Information:   Particle = gamma,   Track ID = 5,   Parent ID = 3
*********************************************************************************************************

Step#    X(mm)    Y(mm)    Z(mm) KinE(MeV)  dE(MeV) StepLeng TrackLeng  NextVolume ProcName
    0    -3.17      -23    -5.66     0.274        0        0         0     my tube initStep
    1    -38.3    -90.8    -39.3     0.274        0     83.4      83.4       mybox Transportation
    2    -69.1     -150    -68.8     0.274        0     72.9       156       world Transportation
    3     -147     -300     -143     0.274        0      185       341  OutOfWorld Transportation

*********************************************************************************************************
* G4Track Information:   Particle = gamma,   Track ID = 4,   Parent ID = 3
*********************************************************************************************************

Step#    X(mm)    Y(mm)    Z(mm) KinE(MeV)  dE(MeV) StepLeng TrackLeng  NextVolume ProcName
    0    -3.54    -19.9     -4.2    0.0122        0        0         0     my tube initStep
    1    -3.54    -19.9    -4.21    0.0117        0   0.0327    0.0327     my tube compt
    2    -4.04    -18.1    -4.03         0 0.000543     1.85      1.88     my tube phot

*********************************************************************************************************
* G4Track Information:   Particle = e-,   Track ID = 16,   Parent ID = 4
*********************************************************************************************************

Step#    X(mm)    Y(mm)    Z(mm) KinE(MeV)  dE(MeV) StepLeng TrackLeng  NextVolume ProcName
    0    -4.04    -18.1    -4.03    0.0111        0        0         0     my tube initStep
    1    -4.04    -18.1    -4.03         0   0.0111    0.003     0.003     my tube eIoni

*********************************************************************************************************
* G4Track Information:   Particle = e-,   Track ID = 15,   Parent ID = 4
*********************************************************************************************************

Step#    X(mm)    Y(mm)    Z(mm) KinE(MeV)  dE(MeV) StepLeng TrackLeng  NextVolume ProcName
    0    -3.54    -19.9    -4.21  0.000537        0        0         0     my tube initStep
    1    -3.54    -19.9    -4.21         0 0.000537 2.33e-05  2.33e-05     my tube eIoni

*********************************************************************************************************
* G4Track Information:   Particle = e-,   Track ID = 2,   Parent ID = 1
*********************************************************************************************************

Step#    X(mm)    Y(mm)    Z(mm) KinE(MeV)  dE(MeV) StepLeng TrackLeng  NextVolume ProcName
    0    -3.49    -19.4    -4.07      5.97        0        0         0     my tube initStep
    1    -3.56    -19.7    -4.13      5.82   0.0394    0.329     0.329     my tube eIoni
    2    -3.77    -20.7    -4.28      5.34    0.114    0.953      1.28     my tube eBrem
    3    -4.67    -25.5    -4.29      4.45     0.77     5.07      6.35     my tube eIoni
    4     -7.1    -31.4    -3.58      3.46     0.99     6.77      13.1     my tube eIoni
    5    -8.84    -36.2    -3.33      2.62    0.837     5.52      18.6     my tube eIoni
    6    -9.98      -40    -4.08         2    0.621     4.46      23.1     my tube eIoni
    7      -11    -41.5    -5.41      1.35    0.343     2.44      25.5     my tube eIoni
    8    -12.5    -40.5    -5.39     0.903    0.277     2.01      27.5     my tube eIoni
    9      -13    -40.3    -5.59     0.611    0.182    0.583      28.1     my tube eIoni
   10    -13.9    -39.6    -5.89     0.309    0.302     1.74      29.9     my tube eIoni
   11    -14.4    -39.7    -5.87     0.105    0.204    0.711      30.6     my tube eIoni
   12    -14.4    -39.7    -5.81         0    0.105    0.153      30.7     my tube eIoni

*********************************************************************************************************
* G4Track Information:   Particle = e-,   Track ID = 22,   Parent ID = 2
*********************************************************************************************************

Step#    X(mm)    Y(mm)    Z(mm) KinE(MeV)  dE(MeV) StepLeng TrackLeng  NextVolume ProcName
    0      -13    -40.3    -5.59     0.111        0        0         0     my tube initStep
    1      -13    -40.3    -5.54         0    0.111    0.168     0.168     my tube eIoni

*********************************************************************************************************
* G4Track Information:   Particle = e-,   Track ID = 21,   Parent ID = 2
*********************************************************************************************************

Step#    X(mm)    Y(mm)    Z(mm) KinE(MeV)  dE(MeV) StepLeng TrackLeng  NextVolume ProcName
    0    -12.5    -40.5    -5.39     0.169        0        0         0     my tube initStep
    1    -12.5    -40.3    -5.41         0    0.169    0.339     0.339     my tube eIoni

*********************************************************************************************************
* G4Track Information:   Particle = e-,   Track ID = 20,   Parent ID = 2
*********************************************************************************************************

Step#    X(mm)    Y(mm)    Z(mm) KinE(MeV)  dE(MeV) StepLeng TrackLeng  NextVolume ProcName
    0      -11    -41.5    -5.41     0.305        0        0         0     my tube initStep
    1    -11.3    -41.6    -5.78         0    0.305    0.865     0.865     my tube eIoni

*********************************************************************************************************
* G4Track Information:   Particle = e-,   Track ID = 19,   Parent ID = 2
*********************************************************************************************************

Step#    X(mm)    Y(mm)    Z(mm) KinE(MeV)  dE(MeV) StepLeng TrackLeng  NextVolume ProcName
    0    -4.67    -25.5    -4.29     0.125        0        0         0     my tube initStep
    1    -4.66    -25.5    -4.39         0    0.125    0.205     0.205     my tube eIoni

*********************************************************************************************************
* G4Track Information:   Particle = gamma,   Track ID = 18,   Parent ID = 2
*********************************************************************************************************

Step#    X(mm)    Y(mm)    Z(mm) KinE(MeV)  dE(MeV) StepLeng TrackLeng  NextVolume ProcName
    0    -3.77    -20.7    -4.28     0.366        0        0         0     my tube initStep
    1    -4.52    -39.9    -5.47     0.164        0     19.3      19.3     my tube compt
    2    -7.19    -10.7     26.5     0.158        0     43.4      62.8     my tube compt
    3    -41.4       20     72.6     0.155        0       65       128     my tube compt
    4    -49.3     36.8      100     0.155        0     33.1       161       mybox Transportation
    5    -51.1     40.6      106     0.119        0     7.52       168       mybox compt
    6    -49.6     41.6      106     0.104        0     1.83       170       mybox compt
    7      -50       45      101         0  0.00156     5.81       176       mybox phot

*********************************************************************************************************
* G4Track Information:   Particle = e-,   Track ID = 28,   Parent ID = 18
*********************************************************************************************************

Step#    X(mm)    Y(mm)    Z(mm) KinE(MeV)  dE(MeV) StepLeng TrackLeng  NextVolume ProcName
    0      -50       45      101     0.102        0        0         0       mybox initStep
    1      -50       45      101         0    0.102   0.0718    0.0718       mybox eIoni

*********************************************************************************************************
* G4Track Information:   Particle = e-,   Track ID = 27,   Parent ID = 18
*********************************************************************************************************

Step#    X(mm)    Y(mm)    Z(mm) KinE(MeV)  dE(MeV) StepLeng TrackLeng  NextVolume ProcName
    0    -49.6     41.6      106    0.0157        0        0         0       mybox initStep
    1    -49.6     41.6      106         0   0.0157  0.00288   0.00288       mybox eIoni

*********************************************************************************************************
* G4Track Information:   Particle = e-,   Track ID = 26,   Parent ID = 18
*********************************************************************************************************

Step#    X(mm)    Y(mm)    Z(mm) KinE(MeV)  dE(MeV) StepLeng TrackLeng  NextVolume ProcName
    0    -51.1     40.6      106    0.0361        0        0         0       mybox initStep
    1    -51.1     40.6      106         0   0.0361   0.0121    0.0121       mybox eIoni

*********************************************************************************************************
* G4Track Information:   Particle = e-,   Track ID = 25,   Parent ID = 18
*********************************************************************************************************

Step#    X(mm)    Y(mm)    Z(mm) KinE(MeV)  dE(MeV) StepLeng TrackLeng  NextVolume ProcName
    0    -41.4       20     72.6   0.00237        0        0         0     my tube initStep
    1    -41.4       20     72.6         0  0.00237 0.000212  0.000212     my tube eIoni

*********************************************************************************************************
* G4Track Information:   Particle = e-,   Track ID = 24,   Parent ID = 18
*********************************************************************************************************

Step#    X(mm)    Y(mm)    Z(mm) KinE(MeV)  dE(MeV) StepLeng TrackLeng  NextVolume ProcName
    0    -7.19    -10.7     26.5   0.00653        0        0         0     my tube initStep
    1    -7.19    -10.7     26.5         0  0.00653  0.00118   0.00118     my tube eIoni

*********************************************************************************************************
* G4Track Information:   Particle = e-,   Track ID = 23,   Parent ID = 18
*********************************************************************************************************

Step#    X(mm)    Y(mm)    Z(mm) KinE(MeV)  dE(MeV) StepLeng TrackLeng  NextVolume ProcName
    0    -4.52    -39.9    -5.47     0.202        0        0         0     my tube initStep
    1    -4.53    -40.2    -5.54         0    0.202    0.451     0.451     my tube eIoni

*********************************************************************************************************
* G4Track Information:   Particle = e-,   Track ID = 17,   Parent ID = 2
*********************************************************************************************************

Step#    X(mm)    Y(mm)    Z(mm) KinE(MeV)  dE(MeV) StepLeng TrackLeng  NextVolume ProcName
    0    -3.56    -19.7    -4.13     0.107        0        0         0     my tube initStep
    1    -3.64    -19.7    -4.15         0    0.107    0.159     0.159     my tube eIoni

*********************************************************************************************************
* G4Track Information:   Particle = gamma,   Track ID = 1,   Parent ID = 0
*********************************************************************************************************

Step#    X(mm)    Y(mm)    Z(mm) KinE(MeV)  dE(MeV) StepLeng TrackLeng  NextVolume ProcName
    0        0        0        0        10        0        0         0     my tube initStep
    1 -0.00997     27.4      100        10        0      104       104       mybox Transportation
    2  -0.0137     37.6      137         0        0     38.7       142       mybox conv

*********************************************************************************************************
* G4Track Information:   Particle = e+,   Track ID = 3,   Parent ID = 1
*********************************************************************************************************

Step#    X(mm)    Y(mm)    Z(mm) KinE(MeV)  dE(MeV) StepLeng TrackLeng  NextVolume ProcName
    0  -0.0137     37.6      137       5.8        0        0         0       mybox initStep
    1    0.386     37.7      141      4.07     1.48     4.37      4.37       mybox eBrem
    2    0.429     37.7      141      3.76   0.0125   0.0644      4.44       mybox eIoni
    3     1.08     38.1      142       3.2    0.355     1.14      5.57       mybox eIoni
    4     2.65     38.3      144      1.79     1.05     3.16      8.73       mybox eIoni
    5     3.17       39      145     0.612    0.835     2.21      10.9       mybox eIoni
    6     3.05     38.8      146         0    0.612     1.12      12.1       mybox eIoni
    7     3.05     38.8      146         0        0        0      12.1       mybox annihil

*********************************************************************************************************
* G4Track Information:   Particle = gamma,   Track ID = 10,   Parent ID = 3
*********************************************************************************************************

Step#    X(mm)    Y(mm)    Z(mm) KinE(MeV)  dE(MeV) StepLeng TrackLeng  NextVolume ProcName
    0     3.05     38.8      146     0.511        0        0         0       mybox initStep
    1    -1.42     84.9      166     0.174        0     50.6      50.6       mybox compt
    2    -4.66     51.5      162     0.111        0     33.9      84.5       mybox compt
    3    -7.41     58.4      157    0.0944        0     8.83      93.3       mybox compt
    4     13.2     84.2      169    0.0708        0     35.2       129       mybox compt
    5     10.3     73.7      171         0  0.00156       11       140       mybox phot

*********************************************************************************************************
* G4Track Information:   Particle = e-,   Track ID = 15,   Parent ID = 10
*********************************************************************************************************

Step#    X(mm)    Y(mm)    Z(mm) KinE(MeV)  dE(MeV) StepLeng TrackLeng  NextVolume ProcName
    0     10.3     73.7      171    0.0692        0        0         0       mybox initStep
    1     10.3     73.7      171         0   0.0692   0.0373    0.0373       mybox eIoni

*********************************************************************************************************
* G4Track Information:   Particle = e-,   Track ID = 14,   Parent ID = 10
*********************************************************************************************************

Step#    X(mm)    Y(mm)    Z(mm) KinE(MeV)  dE(MeV) StepLeng TrackLeng  NextVolume ProcName
    0     13.2     84.2      169    0.0236        0        0         0       mybox initStep
    1     13.2     84.2      169         0   0.0236  0.00581   0.00581       mybox eIoni

*********************************************************************************************************
* G4Track Information:   Particle = e-,   Track ID = 13,   Parent ID = 10
*********************************************************************************************************

Step#    X(mm)    Y(mm)    Z(mm) KinE(MeV)  dE(MeV) StepLeng TrackLeng  NextVolume ProcName
    0    -7.41     58.4      157    0.0162        0        0         0       mybox initStep
    1    -7.41     58.4      157         0   0.0162  0.00303   0.00303       mybox eIoni

*********************************************************************************************************
* G4Track Information:   Particle = e-,   Track ID = 12,   Parent ID = 10
*********************************************************************************************************

Step#    X(mm)    Y(mm)    Z(mm) KinE(MeV)  dE(MeV) StepLeng TrackLeng  NextVolume ProcName
    0    -4.66     51.5      162    0.0629        0        0         0       mybox initStep
    1    -4.66     51.5      162         0   0.0629   0.0316    0.0316       mybox eIoni

*********************************************************************************************************
* G4Track Information:   Particle = e-,   Track ID = 11,   Parent ID = 10
*********************************************************************************************************

Step#    X(mm)    Y(mm)    Z(mm) KinE(MeV)  dE(MeV) StepLeng TrackLeng  NextVolume ProcName
    0    -1.42     84.9      166     0.337        0        0         0       mybox initStep
    1    -1.43     85.1      166         0    0.337    0.481     0.481       mybox eIoni

*********************************************************************************************************
* G4Track Information:   Particle = gamma,   Track ID = 9,   Parent ID = 3
*********************************************************************************************************

Step#    X(mm)    Y(mm)    Z(mm) KinE(MeV)  dE(MeV) StepLeng TrackLeng  NextVolume ProcName
    0     3.05     38.8      146     0.511        0        0         0       mybox initStep
    1     5.14     16.5      136     0.455        0     24.4      24.4       mybox compt
    2     7.17    -11.3      100     0.455        0     45.5      69.9     my tube Transportation
    3     8.08    -23.7     83.8     0.322        0     20.5      90.4     my tube compt
    4    -48.7    -71.5     65.7      0.27        0     76.4       167     my tube compt
    5      -71    -68.8     53.1      0.27        0     25.7       193       mybox Transportation
    6     -150    -59.2     8.66      0.27        0     91.1       284       world Transportation
    7     -300    -40.8    -75.8      0.27        0      173       457  OutOfWorld Transportation

*********************************************************************************************************
* G4Track Information:   Particle = e-,   Track ID = 18,   Parent ID = 9
*********************************************************************************************************

Step#    X(mm)    Y(mm)    Z(mm) KinE(MeV)  dE(MeV) StepLeng TrackLeng  NextVolume ProcName
    0    -48.7    -71.5     65.7     0.052        0        0         0     my tube initStep
    1    -48.7    -71.6     65.7         0    0.052   0.0457    0.0457     my tube eIoni

*********************************************************************************************************
* G4Track Information:   Particle = e-,   Track ID = 17,   Parent ID = 9
*********************************************************************************************************

Step#    X(mm)    Y(mm)    Z(mm) KinE(MeV)  dE(MeV) StepLeng TrackLeng  NextVolume ProcName
    0     8.08    -23.7     83.8     0.133        0        0         0     my tube initStep
    1     8.16    -23.8     83.7         0    0.133    0.228     0.228     my tube eIoni

*********************************************************************************************************
* G4Track Information:   Particle = e-,   Track ID = 16,   Parent ID = 9
*********************************************************************************************************

Step#    X(mm)    Y(mm)    Z(mm) KinE(MeV)  dE(MeV) StepLeng TrackLeng  NextVolume ProcName
    0     5.14     16.5      136    0.0563        0        0         0       mybox initStep
    1     5.14     16.5      136         0   0.0563   0.0262    0.0262       mybox eIoni

*********************************************************************************************************
* G4Track Information:   Particle = e-,   Track ID = 8,   Parent ID = 3
*********************************************************************************************************

Step#    X(mm)    Y(mm)    Z(mm) KinE(MeV)  dE(MeV) StepLeng TrackLeng  NextVolume ProcName
    0     3.17       39      145     0.346        0        0         0       mybox initStep
    1     3.16     39.1      146         0    0.346    0.499     0.499       mybox eIoni

*********************************************************************************************************
* G4Track Information:   Particle = e-,   Track ID = 7,   Parent ID = 3
*********************************************************************************************************

Step#    X(mm)    Y(mm)    Z(mm) KinE(MeV)  dE(MeV) StepLeng TrackLeng  NextVolume ProcName
    0     2.65     38.3      144     0.353        0        0         0       mybox initStep
    1     2.84     38.3      144         0    0.353    0.514     0.514       mybox eIoni

*********************************************************************************************************
* G4Track Information:   Particle = e-,   Track ID = 6,   Parent ID = 3
*********************************************************************************************************

Step#    X(mm)    Y(mm)    Z(mm) KinE(MeV)  dE(MeV) StepLeng TrackLeng  NextVolume ProcName
    0     1.08     38.1      142     0.204        0        0         0       mybox initStep
    1      1.1       38      142         0    0.204    0.223     0.223       mybox eIoni

*********************************************************************************************************
* G4Track Information:   Particle = e-,   Track ID = 5,   Parent ID = 3
*********************************************************************************************************

Step#    X(mm)    Y(mm)    Z(mm) KinE(MeV)  dE(MeV) StepLeng TrackLeng  NextVolume ProcName
    0    0.429     37.7      141     0.302        0        0         0       mybox initStep
    1    0.541     37.6      141         0    0.302    0.407     0.407       mybox eIoni

*********************************************************************************************************
* G4Track Information:   Particle = gamma,   Track ID = 4,   Parent ID = 3
*********************************************************************************************************

Step#    X(mm)    Y(mm)    Z(mm) KinE(MeV)  dE(MeV) StepLeng TrackLeng  NextVolume ProcName
    0    0.386     37.7      141      0.25        0        0         0       mybox initStep
    1     11.4     39.7      152     0.198        0     15.6      15.6       mybox compt
    2     13.7     25.3      165     0.165        0     19.5      35.1       mybox compt
    3     17.5     26.6      171     0.141        0     7.42      42.5       mybox compt
    4     15.7     25.3      175    0.0986        0     4.48        47       mybox compt
    5     2.03     51.6      154         0  0.00156     36.6      83.6       mybox phot

*********************************************************************************************************
* G4Track Information:   Particle = e-,   Track ID = 23,   Parent ID = 4
*********************************************************************************************************

Step#    X(mm)    Y(mm)    Z(mm) KinE(MeV)  dE(MeV) StepLeng TrackLeng  NextVolume ProcName
    0     2.03     51.6      154     0.097        0        0         0       mybox initStep
    1     2.02     51.7      154         0    0.097   0.0661    0.0661       mybox eIoni

*********************************************************************************************************
* G4Track Information:   Particle = e-,   Track ID = 22,   Parent ID = 4
*********************************************************************************************************

Step#    X(mm)    Y(mm)    Z(mm) KinE(MeV)  dE(MeV) StepLeng TrackLeng  NextVolume ProcName
    0     15.7     25.3      175    0.0427        0        0         0       mybox initStep
    1     15.7     25.3      175         0   0.0427   0.0162    0.0162       mybox eIoni

*********************************************************************************************************
* G4Track Information:   Particle = e-,   Track ID = 21,   Parent ID = 4
*********************************************************************************************************

Step#    X(mm)    Y(mm)    Z(mm) KinE(MeV)  dE(MeV) StepLeng TrackLeng  NextVolume ProcName
    0     17.5     26.6      171     0.024        0        0         0       mybox initStep
    1     17.5     26.6      171         0    0.024  0.00597   0.00597       mybox eIoni

*********************************************************************************************************
* G4Track Information:   Particle = e-,   Track ID = 20,   Parent ID = 4
*********************************************************************************************************

Step#    X(mm)    Y(mm)    Z(mm) KinE(MeV)  dE(MeV) StepLeng TrackLeng  NextVolume ProcName
    0     13.7     25.3      165    0.0323        0        0         0       mybox initStep
    1     13.7     25.3      165         0   0.0323     0.01      0.01       mybox eIoni

*********************************************************************************************************
* G4Track Information:   Particle = e-,   Track ID = 19,   Parent ID = 4
*********************************************************************************************************

Step#    X(mm)    Y(mm)    Z(mm) KinE(MeV)  dE(MeV) StepLeng TrackLeng  NextVolume ProcName
    0     11.4     39.7      152    0.0527        0        0         0       mybox initStep
    1     11.4     39.7      152         0   0.0527   0.0233    0.0233       mybox eIoni

*********************************************************************************************************
* G4Track Information:   Particle = e-,   Track ID = 2,   Parent ID = 1
*********************************************************************************************************

Step#    X(mm)    Y(mm)    Z(mm) KinE(MeV)  dE(MeV) StepLeng TrackLeng  NextVolume ProcName
    0  -0.0137     37.6      137      3.18        0        0         0       mybox initStep
    1   -0.704     39.7      138      1.61    0.975     2.88      2.88       mybox eIoni
    2   -0.672     39.9      138      1.53    0.067    0.235      3.12       mybox eBrem
    3    -0.22     41.1      138     0.634    0.892      2.1      5.22       mybox eIoni
    4   -0.331     40.9      138      0.46    0.159    0.485      5.71       mybox eBrem
    5   -0.574     40.9      138         0     0.46    0.757      6.47       mybox eIoni

*********************************************************************************************************
* G4Track Information:   Particle = gamma,   Track ID = 26,   Parent ID = 2
*********************************************************************************************************

Step#    X(mm)    Y(mm)    Z(mm) KinE(MeV)  dE(MeV) StepLeng TrackLeng  NextVolume ProcName
    0   -0.331     40.9      138    0.0151        0        0         0       mybox initStep
    1    0.227     40.2      138         0  0.00156     1.03      1.03       mybox phot

*********************************************************************************************************
* G4Track Information:   Particle = e-,   Track ID = 27,   Parent ID = 26
*********************************************************************************************************

Step#    X(mm)    Y(mm)    Z(mm) KinE(MeV)  dE(MeV) StepLeng TrackLeng  NextVolume ProcName
    0    0.227     40.2      138    0.0136        0        0         0       mybox initStep
    1    0.228     40.2      138         0   0.0136  0.00223   0.00223       mybox eIoni

*********************************************************************************************************
* G4Track Information:   Particle = gamma,   Track ID = 25,   Parent ID = 2
*********************************************************************************************************

Step#    X(mm)    Y(mm)    Z(mm) KinE(MeV)  dE(MeV) StepLeng TrackLeng  NextVolume ProcName
    0   -0.672     39.9      138    0.0197        0        0         0       mybox initStep
    1     -1.4       42      138         0  0.00156     2.23      2.23       mybox phot

*********************************************************************************************************
* G4Track Information:   Particle = e-,   Track ID = 28,   Parent ID = 25
*********************************************************************************************************

Step#    X(mm)    Y(mm)    Z(mm) KinE(MeV)  dE(MeV) StepLeng TrackLeng  NextVolume ProcName
    0     -1.4       42      138    0.0181        0        0         0       mybox initStep
    1    -1.39       42      138         0   0.0181  0.00368   0.00368       mybox eIoni

*********************************************************************************************************
* G4Track Information:   Particle = e-,   Track ID = 24,   Parent ID = 2
*********************************************************************************************************

Step#    X(mm)    Y(mm)    Z(mm) KinE(MeV)  dE(MeV) StepLeng TrackLeng  NextVolume ProcName
    0   -0.704     39.7      138     0.591        0        0         0       mybox initStep
    1       -1     39.9      138    0.0155    0.576     1.07      1.07       mybox eIoni
    2       -1     39.9      138         0   0.0155  0.00279      1.08       mybox eIoni

*********************************************************************************************************
* G4Track Information:   Particle = gamma,   Track ID = 1,   Parent ID = 0
*********************************************************************************************************

Step#    X(mm)    Y(mm)    Z(mm) KinE(MeV)  dE(MeV) StepLeng TrackLeng  NextVolume ProcName
    0        0        0        0        10        0        0         0     my tube initStep
    1     32.6    -59.4     -100        10        0      121       121       mybox Transportation
    2     65.3     -119     -200        10        0      121       242       world Transportation
    3     97.9     -178     -300        10        0      121       362  OutOfWorld Transportation

*********************************************************************************************************
* G4Track Information:   Particle = gamma,   Track ID = 1,   Parent ID = 0
*********************************************************************************************************

Step#    X(mm)    Y(mm)    Z(mm) KinE(MeV)  dE(MeV) StepLeng TrackLeng  NextVolume ProcName
    0        0        0        0        10        0        0         0     my tube initStep
    1      -60    -78.4    -38.4        10        0      106       106       mybox Transportation
    2     -115     -150    -73.4        10        0     96.7       203       world Transportation
    3     -230     -300     -147        10        0      203       405  OutOfWorld Transportation
 Run terminated.
Run Summary
  Number of events processed : 10
  User=0.000000s Real=0.010302s Sys=0.010000s
@@@@ GmCountProcessesUA
 PART_COUNT: e+ = 4
 PART_COUNT: e- = 81
 PART_COUNT: gamma = 29
 PROC_COUNT e+ : annihil = 4
 PROC_COUNT e+ : eBrem = 4
 PROC_COUNT e+ : eIoni = 7
 PROC_COUNT e+ : eIoni_NoSeco = 12
 PROC_COUNT e+ : ALL = 27
 PROC_COUNT e- : eBrem = 7
 PROC_COUNT e- : eIoni = 10
 PROC_COUNT e- : eIoni_NoSeco = 96
 PROC_COUNT e- : ALL = 113
 PROC_COUNT gamma : Rayl = 3
 PROC_COUNT gamma : Transportation = 41
 PROC_COUNT gamma : compt = 47
 PROC_COUNT gamma : conv = 4
 PROC_COUNT gamma : phot = 13
PROC_COUNT gamma : ALL = 108
PROC_CREATOR_COUNT e+ : conv = 4
PROC_CREATOR_COUNT e- : compt = 47
PROC_CREATOR_COUNT e- : conv = 4
PROC_CREATOR_COUNT e- : eIoni = 17
PROC_CREATOR_COUNT e- : phot = 13
PROC_CREATOR_COUNT gamma : Primary = 10
PROC_CREATOR_COUNT gamma : annihil = 8
PROC_CREATOR_COUNT gamma : eBrem = 11
Graphics systems deleted.
Visualization Manager deleting...
