/control/execute exercise4b.DBS.in
/gamos/setParam GmReadPhantomGeometry:FileName ../exercise2/linac.geom
/gamos/setParam GmSimplePhantomGeometry:MaterialNames G4_WATER G4_LUNG_ICRP G4_BONE_COMPACT_ICRU
/gamos/setParam GmSimplePhantomGeometry:MaterialZVoxels 10 10 80
/gamos/setParam GmSimplePhantomGeometry:MaterialDensities 1. 0.3 1.85
/gamos/setParam GmSimplePhantomGeometry:NVoxels 10 10 100
/gamos/setParam GmSimplePhantomGeometry:PhantomDims -500 500 -500 500 -500 500
/gamos/setParam GmReadPhantomGeometry:InitialDisplacement 0. 0. -1400.
/gamos/setParam GmReadPhantomGeometry:InitialRotAngles 0*deg 0. 0.
/gamos/geometry GmSimplePhantomGeometry
/gamos/physicsList GmEMPhysics
GmEMPhysics PhysicsList:DEFAULT = gamma-standard is registered
GmEMPhysics PhysicsList: DEFAULT = electron-standard is registered
GmEMPhysics PhysicsList: DEFAULT = positron-standard is registered
/gamos/generator GmGenerator
/gamos/setParam GmAnalysisMgr:FileNameSuffix DBS
/gamos/setParam RTPhaseSpaceUA:FileName testDBS
/gamos/setParam RTPhaseSpaceUA:ZStops -899
/gamos/setParam RTPhaseSpaceUA:KillAfterLastZStop 1
/gamos/userAction RTPhaseSpaceUA
/gamos/userAction GmCountTracksUA
/gamos/setParam boper:NSplit 100
/gamos/setParam boper:BiasPrimaryOnly 0
/gamos/setParam boper:BiasOnlyOnce 1
/gamos/setParam boper:NKill 100
/gamos/setParam boper:XDim 5.*cm
/gamos/setParam boper:YDim 5.*cm
/gamos/setParam boper:ZPos 100.*cm
/gamos/physics/biasing/createOperator boper DirBremsSplitting
/gamos/physics/biasing/addParticleProcesses2Oper e- eBrem boper
/run/initialize
100 ANGLEN_ROT 0.333412 0: -0.233743 N: 0.0996687   -100 141.295
0x561f33c28200 thePhantomParam->SetMaterials( 3
GmPhysicsGammaLowEner::ConstructProcess 
/gamos/physics/biasing/associateOper2LogVol target boper
/gamos/generator/addSingleParticleSource source e- 6.*MeV
/gamos/generator/directionDist source GmGenerDistDirectionConst 0. 0. -1.
/run/beamOn 1000000
G4RunManagerKernel -- G4ScoreSplittingProcess is appended to all particles.

### ===  Deexcitation model UAtomDeexcitation is activated for 1 region:
          DefaultRegionForTheWorld  1  1  0
### ===  Auger cascade flag: 0
### ===  Ignore cuts flag:   0

phot:  for gamma SubType=12 BuildTable=0
      LambdaPrime table from 200 keV to 100 TeV in 61 bins 
      ===== EM models for the G4Region  DefaultRegionForTheWorld ======
 LivermorePhElectric : Emin=    0 eV  Emax=    1 GeV  SauterGavrila Fluo
       PhotoElectric : Emin=    1 GeV Emax=  100 TeV  SauterGavrila Fluo

compt:  for gamma SubType=13 BuildTable=1
      Lambda table from 100 eV  to 1 MeV, 7 bins/decade, spline: 1
      LambdaPrime table from 1 MeV to 100 TeV in 56 bins 
      ===== EM models for the G4Region  DefaultRegionForTheWorld ======
    LivermoreCompton : Emin=    0 eV  Emax=    1 GeV Fluo
       Klein-Nishina : Emin=    1 GeV Emax=  100 TeV

conv:  for gamma SubType=14 BuildTable=1
      Lambda table from 1.022 MeV to 100 TeV, 18 bins/decade, spline: 1
      ===== EM models for the G4Region  DefaultRegionForTheWorld ======
 LivermoreConversion : Emin=    0 eV  Emax=    1 GeV
     BetheHeitlerLPM : Emin=    1 GeV Emax=  100 TeV  ModifiedTsai

Rayl:  for gamma SubType=11 BuildTable=1
      Lambda table from 100 eV  to 100 keV, 7 bins/decade, spline: 0
      LambdaPrime table from 100 keV to 100 TeV in 63 bins 
      ===== EM models for the G4Region  DefaultRegionForTheWorld ======
   LivermoreRayleigh : Emin=    0 eV  Emax=  100 TeV  CullenGenerator

msc:  for e-  SubType= 10
      ===== EM models for the G4Region  DefaultRegionForTheWorld ======
            UrbanMsc : Emin=    0 eV  Emax=  100 TeV Nbins=84 100 eV  - 100 TeV

eIoni:  for e-  SubType=2
      dE/dx and range tables from 100 eV  to 100 TeV in 84 bins
      Lambda tables from threshold to 100 TeV, 7 bins/decade, spline: 1
      StepFunction=(0.2, 0.1 mm), integ: 1, fluct: 1, linLossLim= 0.01
      ===== EM models for the G4Region  DefaultRegionForTheWorld ======
       LowEnergyIoni : Emin=    0 eV  Emax=    1 GeV  deltaVI
        MollerBhabha : Emin=    1 GeV Emax=  100 TeV

eBrem:  for e-  SubType=3
      dE/dx and range tables from 100 eV  to 100 TeV in 84 bins
      Lambda tables from threshold to 100 TeV, 7 bins/decade, spline: 1
      LPM flag: 1 for E > 1 GeV,  VertexHighEnergyTh(GeV)= 100000
      ===== EM models for the G4Region  DefaultRegionForTheWorld ======
           LowEnBrem : Emin=    0 eV  Emax=    1 GeV  AngularGen2BS
            eBremLPM : Emin=    1 GeV Emax=  100 TeV  ModifiedTsai

msc:  for e+  SubType= 10
      ===== EM models for the G4Region  DefaultRegionForTheWorld ======
            UrbanMsc : Emin=    0 eV  Emax=  100 TeV Nbins=84 100 eV  - 100 TeV

eIoni:  for e+  SubType=2
      dE/dx and range tables from 100 eV  to 100 TeV in 84 bins
      Lambda tables from threshold to 100 TeV, 7 bins/decade, spline: 1
      StepFunction=(0.2, 1 mm), integ: 1, fluct: 1, linLossLim= 0.01
      ===== EM models for the G4Region  DefaultRegionForTheWorld ======
        MollerBhabha : Emin=    0 eV  Emax=  100 TeV

eBrem:  for e+  SubType=3
      dE/dx and range tables from 100 eV  to 100 TeV in 84 bins
      Lambda tables from threshold to 100 TeV, 7 bins/decade, spline: 1
      LPM flag: 1 for E > 1 GeV,  VertexHighEnergyTh(GeV)= 100000
      ===== EM models for the G4Region  DefaultRegionForTheWorld ======
             eBremSB : Emin=    0 eV  Emax=    1 GeV  ModifiedTsai
            eBremLPM : Emin=    1 GeV Emax=  100 TeV  ModifiedTsai

annihil:  for e+, integral:1  SubType=5 BuildTable=0
      ===== EM models for the G4Region  DefaultRegionForTheWorld ======
            eplus2gg : Emin=    0 eV  Emax=  100 TeV

========= Table of registered couples ==============================

Index : 0     used in the geometry : Yes
 Material : G4_AIR
 Range cuts        :  gamma  100 um     e-  100 um     e+  100 um  proton 100 um 
 Energy thresholds :  gamma  990 eV     e-  990 eV     e+  990 eV  proton -1 MeV
 Region(s) which use this couple : 
    DefaultRegionForTheWorld

Index : 1     used in the geometry : Yes
 Material : G4_Cu
 Range cuts        :  gamma  100 um     e-  100 um     e+  100 um  proton 100 um 
 Energy thresholds :  gamma  7.33405 keV    e-  249.775 keV    e+  243.15 keV proton -1 MeV
 Region(s) which use this couple : 
    DefaultRegionForTheWorld

Index : 2     used in the geometry : Yes
 Material : G4_W
 Range cuts        :  gamma  100 um     e-  100 um     e+  100 um  proton 100 um 
 Energy thresholds :  gamma  36.0599 keV    e-  351.877 keV    e+  337.972 keV proton -1 MeV
 Region(s) which use this couple : 
    DefaultRegionForTheWorld

Index : 3     used in the geometry : Yes
 Material : SiFeMn
 Range cuts        :  gamma  100 um     e-  100 um     e+  100 um  proton 100 um 
 Energy thresholds :  gamma  5.56783 keV    e-  244.79 keV    e+  239.904 keV proton -1 MeV
 Region(s) which use this couple : 
    DefaultRegionForTheWorld

Index : 4     used in the geometry : Yes
 Material : G4_WATER1
 Range cuts        :  gamma  100 um     e-  100 um     e+  100 um  proton 100 um 
 Energy thresholds :  gamma  1.10981 keV    e-  84.6589 keV    e+  83.5287 keV proton -1 MeV
 Region(s) which use this couple : 
    DefaultRegionForTheWorld

Index : 5     used in the geometry : Yes
 Material : G4_LUNG_ICRP0.3
 Range cuts        :  gamma  100 um     e-  100 um     e+  100 um  proton 100 um 
 Energy thresholds :  gamma  990 eV     e-  42.371 keV    e+  42.0872 keV proton -1 MeV
 Region(s) which use this couple : 
    DefaultRegionForTheWorld

Index : 6     used in the geometry : Yes
 Material : G4_BONE_COMPACT_ICRU1.85
 Range cuts        :  gamma  100 um     e-  100 um     e+  100 um  proton 100 um 
 Energy thresholds :  gamma  1.63878 keV    e-  116.885 keV    e+  115.325 keV proton -1 MeV
 Region(s) which use this couple : 
    DefaultRegionForTheWorld

====================================================================

G4VisManager: Using G4TrajectoryDrawByCharge as fallback trajectory model.
See commands in /vis/modeling/trajectories/ for other options.
boper : starting run with brem. splitting factor = 100, biasing primary and secondary tracks , biasing only once per track  . 
### Run 0 starts.
 %%% EVENT 0 NTRACKS 6 TOTAL NTRACKS 6
 CreateHisto1D PhaseSpace: -899: :ALL: X at Zstop = 760001
 CreateHisto1D PhaseSpace: -899: :ALL: X*10 at Zstop = 760101
 CreateHisto1D PhaseSpace: -899: :ALL: Y at Zstop = 760002
 CreateHisto1D PhaseSpace: -899: :ALL: Y*10 at Zstop = 760102
 CreateHisto2D PhaseSpace: -899: :ALL: XY at Zstop = 760009
 CreateHisto1D PhaseSpace: -899: :ALL: R at Zstop = 760003
 CreateHisto1D PhaseSpace: -899: :ALL: Direction Theta at Zstop = 760004
 CreateHisto1D PhaseSpace: -899: :ALL: Direction Phi at Zstop = 760005
 CreateHisto1D PhaseSpace: -899: :ALL: Energy at Zstop = 760006
 CreateHisto1D PhaseSpace: -899: :ALL: Energy*10 at Zstop = 760106
 CreateHisto1D PhaseSpace: -899: :ALL: Vx at Zstop = 760007
 CreateHisto1D PhaseSpace: -899: :ALL: Vy at Zstop = 760008
 CreateHisto1D PhaseSpace: -899: :ALL: Vz at Zstop = 760009
 CreateHisto2D PhaseSpace: -899: :ALL: R vs Direction Theta at Zstop = 760011
 CreateHisto2D PhaseSpace: -899: :ALL: R vs Energy at Zstop = 760012
 CreateHisto2D PhaseSpace: -899: :ALL: Direction Theta vs Energy at Zstop = 760013
 CreateHisto1D PhaseSpace: -899: :ALL: Weight at Zstop = 760014
 CreateHisto2D PhaseSpace: -899: :ALL: X vs Energy at Zstop = 760021
 CreateHisto2D PhaseSpace: -899: :ALL: X vs Vx at Zstop = 760022
 CreateHistoProfile1D PhaseSpace: -899: :ALL: X prof weight = 760030
 CreateHisto2D PhaseSpace: -899: :ALL: X vs log10(Weight) = 760091
 CreateHisto1D PhaseSpace: -899: :gamma: X at Zstop = 761001
 CreateHisto1D PhaseSpace: -899: :gamma: X*10 at Zstop = 761101
 CreateHisto1D PhaseSpace: -899: :gamma: Y at Zstop = 761002
 CreateHisto1D PhaseSpace: -899: :gamma: Y*10 at Zstop = 761102
 CreateHisto2D PhaseSpace: -899: :gamma: XY at Zstop = 761009
 CreateHisto1D PhaseSpace: -899: :gamma: R at Zstop = 761003
 CreateHisto1D PhaseSpace: -899: :gamma: Direction Theta at Zstop = 761004
 CreateHisto1D PhaseSpace: -899: :gamma: Direction Phi at Zstop = 761005
 CreateHisto1D PhaseSpace: -899: :gamma: Energy at Zstop = 761006
 CreateHisto1D PhaseSpace: -899: :gamma: Energy*10 at Zstop = 761106
 CreateHisto1D PhaseSpace: -899: :gamma: Vx at Zstop = 761007
 CreateHisto1D PhaseSpace: -899: :gamma: Vy at Zstop = 761008
 CreateHisto1D PhaseSpace: -899: :gamma: Vz at Zstop = 761009
 CreateHisto2D PhaseSpace: -899: :gamma: R vs Direction Theta at Zstop = 761011
 CreateHisto2D PhaseSpace: -899: :gamma: R vs Energy at Zstop = 761012
 CreateHisto2D PhaseSpace: -899: :gamma: Direction Theta vs Energy at Zstop = 761013
 CreateHisto1D PhaseSpace: -899: :gamma: Weight at Zstop = 761014
 CreateHisto2D PhaseSpace: -899: :gamma: X vs Energy at Zstop = 761021
 CreateHisto2D PhaseSpace: -899: :gamma: X vs Vx at Zstop = 761022
 CreateHistoProfile1D PhaseSpace: -899: :gamma: X prof weight = 761030
 CreateHisto2D PhaseSpace: -899: :gamma: X vs log10(Weight) = 761091
 CreateHisto1D PhaseSpace: -899: :e-: X at Zstop = 762001
 CreateHisto1D PhaseSpace: -899: :e-: X*10 at Zstop = 762101
 CreateHisto1D PhaseSpace: -899: :e-: Y at Zstop = 762002
 CreateHisto1D PhaseSpace: -899: :e-: Y*10 at Zstop = 762102
 CreateHisto2D PhaseSpace: -899: :e-: XY at Zstop = 762009
 CreateHisto1D PhaseSpace: -899: :e-: R at Zstop = 762003
 CreateHisto1D PhaseSpace: -899: :e-: Direction Theta at Zstop = 762004
 CreateHisto1D PhaseSpace: -899: :e-: Direction Phi at Zstop = 762005
 CreateHisto1D PhaseSpace: -899: :e-: Energy at Zstop = 762006
 CreateHisto1D PhaseSpace: -899: :e-: Energy*10 at Zstop = 762106
 CreateHisto1D PhaseSpace: -899: :e-: Vx at Zstop = 762007
 CreateHisto1D PhaseSpace: -899: :e-: Vy at Zstop = 762008
 CreateHisto1D PhaseSpace: -899: :e-: Vz at Zstop = 762009
 CreateHisto2D PhaseSpace: -899: :e-: R vs Direction Theta at Zstop = 762011
 CreateHisto2D PhaseSpace: -899: :e-: R vs Energy at Zstop = 762012
 CreateHisto2D PhaseSpace: -899: :e-: Direction Theta vs Energy at Zstop = 762013
 CreateHisto1D PhaseSpace: -899: :e-: Weight at Zstop = 762014
 CreateHisto2D PhaseSpace: -899: :e-: X vs Energy at Zstop = 762021
 CreateHisto2D PhaseSpace: -899: :e-: X vs Vx at Zstop = 762022
 CreateHistoProfile1D PhaseSpace: -899: :e-: X prof weight = 762030
 CreateHisto2D PhaseSpace: -899: :e-: X vs log10(Weight) = 762091
 CreateHisto1D PhaseSpace: -899: :e+: X at Zstop = 763001
 CreateHisto1D PhaseSpace: -899: :e+: X*10 at Zstop = 763101
 CreateHisto1D PhaseSpace: -899: :e+: Y at Zstop = 763002
 CreateHisto1D PhaseSpace: -899: :e+: Y*10 at Zstop = 763102
 CreateHisto2D PhaseSpace: -899: :e+: XY at Zstop = 763009
 CreateHisto1D PhaseSpace: -899: :e+: R at Zstop = 763003
 CreateHisto1D PhaseSpace: -899: :e+: Direction Theta at Zstop = 763004
 CreateHisto1D PhaseSpace: -899: :e+: Direction Phi at Zstop = 763005
 CreateHisto1D PhaseSpace: -899: :e+: Energy at Zstop = 763006
 CreateHisto1D PhaseSpace: -899: :e+: Energy*10 at Zstop = 763106
 CreateHisto1D PhaseSpace: -899: :e+: Vx at Zstop = 763007
 CreateHisto1D PhaseSpace: -899: :e+: Vy at Zstop = 763008
 CreateHisto1D PhaseSpace: -899: :e+: Vz at Zstop = 763009
 CreateHisto2D PhaseSpace: -899: :e+: R vs Direction Theta at Zstop = 763011
 CreateHisto2D PhaseSpace: -899: :e+: R vs Energy at Zstop = 763012
 CreateHisto2D PhaseSpace: -899: :e+: Direction Theta vs Energy at Zstop = 763013
 CreateHisto1D PhaseSpace: -899: :e+: Weight at Zstop = 763014
 CreateHisto2D PhaseSpace: -899: :e+: X vs Energy at Zstop = 763021
 CreateHisto2D PhaseSpace: -899: :e+: X vs Vx at Zstop = 763022
 CreateHistoProfile1D PhaseSpace: -899: :e+: X prof weight = 763030
 CreateHisto2D PhaseSpace: -899: :e+: X vs log10(Weight) = 763091
 %%% EVENT 1000 NTRACKS 16 TOTAL NTRACKS 10444
 %%% EVENT 2000 NTRACKS 4 TOTAL NTRACKS 20957
 %%% EVENT 3000 NTRACKS 1 TOTAL NTRACKS 31047
 %%% EVENT 4000 NTRACKS 13 TOTAL NTRACKS 41704
 %%% EVENT 5000 NTRACKS 6 TOTAL NTRACKS 52630
 %%% EVENT 6000 NTRACKS 14 TOTAL NTRACKS 62988
 %%% EVENT 7000 NTRACKS 26 TOTAL NTRACKS 73193
 %%% EVENT 8000 NTRACKS 6 TOTAL NTRACKS 83265
 %%% EVENT 9000 NTRACKS 4 TOTAL NTRACKS 93451
 %%% EVENT 10000 NTRACKS 5 TOTAL NTRACKS 104742
 %%% EVENT 11000 NTRACKS 7 TOTAL NTRACKS 115123
 %%% EVENT 12000 NTRACKS 4 TOTAL NTRACKS 125824
 %%% EVENT 13000 NTRACKS 2 TOTAL NTRACKS 136545
 %%% EVENT 14000 NTRACKS 10 TOTAL NTRACKS 147188
 %%% EVENT 15000 NTRACKS 19 TOTAL NTRACKS 157836
 %%% EVENT 16000 NTRACKS 4 TOTAL NTRACKS 168513
 %%% EVENT 17000 NTRACKS 28 TOTAL NTRACKS 179243
 %%% EVENT 18000 NTRACKS 7 TOTAL NTRACKS 189844
 %%% EVENT 19000 NTRACKS 9 TOTAL NTRACKS 200953
 %%% EVENT 20000 NTRACKS 40 TOTAL NTRACKS 211629
 %%% EVENT 21000 NTRACKS 5 TOTAL NTRACKS 222883
 %%% EVENT 22000 NTRACKS 20 TOTAL NTRACKS 233236
 %%% EVENT 23000 NTRACKS 9 TOTAL NTRACKS 243607
 %%% EVENT 24000 NTRACKS 8 TOTAL NTRACKS 253807
 %%% EVENT 25000 NTRACKS 15 TOTAL NTRACKS 265111
 %%% EVENT 26000 NTRACKS 7 TOTAL NTRACKS 275285
 %%% EVENT 27000 NTRACKS 8 TOTAL NTRACKS 286260
 %%% EVENT 28000 NTRACKS 4 TOTAL NTRACKS 296508
 %%% EVENT 29000 NTRACKS 10 TOTAL NTRACKS 306724
 %%% EVENT 30000 NTRACKS 6 TOTAL NTRACKS 317548
 %%% EVENT 31000 NTRACKS 5 TOTAL NTRACKS 328354
 %%% EVENT 32000 NTRACKS 16 TOTAL NTRACKS 339232
 %%% EVENT 33000 NTRACKS 3 TOTAL NTRACKS 350001
 %%% EVENT 34000 NTRACKS 10 TOTAL NTRACKS 360662
 %%% EVENT 35000 NTRACKS 14 TOTAL NTRACKS 370794
 %%% EVENT 36000 NTRACKS 9 TOTAL NTRACKS 381314
 %%% EVENT 37000 NTRACKS 10 TOTAL NTRACKS 391647
 %%% EVENT 38000 NTRACKS 19 TOTAL NTRACKS 402326
 %%% EVENT 39000 NTRACKS 2 TOTAL NTRACKS 413189
 %%% EVENT 40000 NTRACKS 9 TOTAL NTRACKS 423990
 %%% EVENT 41000 NTRACKS 7 TOTAL NTRACKS 434743
 %%% EVENT 42000 NTRACKS 29 TOTAL NTRACKS 445345
 %%% EVENT 43000 NTRACKS 12 TOTAL NTRACKS 456114
 %%% EVENT 44000 NTRACKS 6 TOTAL NTRACKS 466962
 %%% EVENT 45000 NTRACKS 12 TOTAL NTRACKS 477498
 %%% EVENT 46000 NTRACKS 4 TOTAL NTRACKS 488234
 %%% EVENT 47000 NTRACKS 6 TOTAL NTRACKS 498865
 %%% EVENT 48000 NTRACKS 17 TOTAL NTRACKS 509492
 %%% EVENT 49000 NTRACKS 17 TOTAL NTRACKS 520454
 %%% EVENT 50000 NTRACKS 10 TOTAL NTRACKS 530496
 %%% EVENT 51000 NTRACKS 10 TOTAL NTRACKS 540926
 %%% EVENT 52000 NTRACKS 2 TOTAL NTRACKS 551559
 %%% EVENT 53000 NTRACKS 9 TOTAL NTRACKS 561926
 %%% EVENT 54000 NTRACKS 12 TOTAL NTRACKS 571920
 %%% EVENT 55000 NTRACKS 10 TOTAL NTRACKS 582527
 %%% EVENT 56000 NTRACKS 18 TOTAL NTRACKS 592603
 %%% EVENT 57000 NTRACKS 14 TOTAL NTRACKS 603082
 %%% EVENT 58000 NTRACKS 2 TOTAL NTRACKS 613453
 %%% EVENT 59000 NTRACKS 18 TOTAL NTRACKS 624109
 %%% EVENT 60000 NTRACKS 11 TOTAL NTRACKS 634938
 %%% EVENT 61000 NTRACKS 9 TOTAL NTRACKS 645439
 %%% EVENT 62000 NTRACKS 13 TOTAL NTRACKS 656127
 %%% EVENT 63000 NTRACKS 9 TOTAL NTRACKS 666904
 %%% EVENT 64000 NTRACKS 3 TOTAL NTRACKS 677362
 %%% EVENT 65000 NTRACKS 8 TOTAL NTRACKS 687910
 %%% EVENT 66000 NTRACKS 30 TOTAL NTRACKS 698689
 %%% EVENT 67000 NTRACKS 11 TOTAL NTRACKS 709108
 %%% EVENT 68000 NTRACKS 18 TOTAL NTRACKS 719693
 %%% EVENT 69000 NTRACKS 3 TOTAL NTRACKS 730800
 %%% EVENT 70000 NTRACKS 3 TOTAL NTRACKS 740875
 %%% EVENT 71000 NTRACKS 9 TOTAL NTRACKS 751830
 %%% EVENT 72000 NTRACKS 8 TOTAL NTRACKS 762615
 %%% EVENT 73000 NTRACKS 16 TOTAL NTRACKS 773152
 %%% EVENT 74000 NTRACKS 2 TOTAL NTRACKS 783654
 %%% EVENT 75000 NTRACKS 7 TOTAL NTRACKS 794833
 %%% EVENT 76000 NTRACKS 3 TOTAL NTRACKS 805809
 %%% EVENT 77000 NTRACKS 13 TOTAL NTRACKS 816420
 %%% EVENT 78000 NTRACKS 5 TOTAL NTRACKS 827282
 %%% EVENT 79000 NTRACKS 20 TOTAL NTRACKS 838093
 %%% EVENT 80000 NTRACKS 5 TOTAL NTRACKS 848250
 %%% EVENT 81000 NTRACKS 6 TOTAL NTRACKS 858623
 %%% EVENT 82000 NTRACKS 8 TOTAL NTRACKS 869654
 %%% EVENT 83000 NTRACKS 7 TOTAL NTRACKS 880356
 %%% EVENT 84000 NTRACKS 18 TOTAL NTRACKS 891012
 %%% EVENT 85000 NTRACKS 5 TOTAL NTRACKS 901474
 %%% EVENT 86000 NTRACKS 8 TOTAL NTRACKS 912143
 %%% EVENT 87000 NTRACKS 5 TOTAL NTRACKS 922299
 %%% EVENT 88000 NTRACKS 11 TOTAL NTRACKS 933446
 %%% EVENT 89000 NTRACKS 15 TOTAL NTRACKS 944163
 %%% EVENT 90000 NTRACKS 15 TOTAL NTRACKS 954914
 %%% EVENT 91000 NTRACKS 6 TOTAL NTRACKS 965879
 %%% EVENT 92000 NTRACKS 7 TOTAL NTRACKS 976343
 %%% EVENT 93000 NTRACKS 13 TOTAL NTRACKS 987121
 %%% EVENT 94000 NTRACKS 2 TOTAL NTRACKS 997590
 %%% EVENT 95000 NTRACKS 3 TOTAL NTRACKS 1.00872e+06
 %%% EVENT 96000 NTRACKS 3 TOTAL NTRACKS 1.01937e+06
 %%% EVENT 97000 NTRACKS 2 TOTAL NTRACKS 1.03006e+06
 %%% EVENT 98000 NTRACKS 19 TOTAL NTRACKS 1.04034e+06
 %%% EVENT 99000 NTRACKS 16 TOTAL NTRACKS 1.05102e+06
 %%% EVENT 100000 NTRACKS 16 TOTAL NTRACKS 1.06229e+06
 %%% EVENT 101000 NTRACKS 16 TOTAL NTRACKS 1.07267e+06
 %%% EVENT 102000 NTRACKS 1 TOTAL NTRACKS 1.08318e+06
 %%% EVENT 103000 NTRACKS 9 TOTAL NTRACKS 1.09384e+06
 %%% EVENT 104000 NTRACKS 5 TOTAL NTRACKS 1.10419e+06
 %%% EVENT 105000 NTRACKS 9 TOTAL NTRACKS 1.11484e+06
 %%% EVENT 106000 NTRACKS 3 TOTAL NTRACKS 1.12538e+06
 %%% EVENT 107000 NTRACKS 10 TOTAL NTRACKS 1.13609e+06
 %%% EVENT 108000 NTRACKS 8 TOTAL NTRACKS 1.14691e+06
 %%% EVENT 109000 NTRACKS 22 TOTAL NTRACKS 1.15792e+06
 %%% EVENT 110000 NTRACKS 4 TOTAL NTRACKS 1.1689e+06
 %%% EVENT 111000 NTRACKS 6 TOTAL NTRACKS 1.17966e+06
 %%% EVENT 112000 NTRACKS 2 TOTAL NTRACKS 1.19016e+06
 %%% EVENT 113000 NTRACKS 2 TOTAL NTRACKS 1.20048e+06
 %%% EVENT 114000 NTRACKS 22 TOTAL NTRACKS 1.21096e+06
 %%% EVENT 115000 NTRACKS 1 TOTAL NTRACKS 1.22179e+06
 %%% EVENT 116000 NTRACKS 7 TOTAL NTRACKS 1.2328e+06
 %%% EVENT 117000 NTRACKS 2 TOTAL NTRACKS 1.24298e+06
 %%% EVENT 118000 NTRACKS 13 TOTAL NTRACKS 1.2533e+06
 %%% EVENT 119000 NTRACKS 2 TOTAL NTRACKS 1.26402e+06
 %%% EVENT 120000 NTRACKS 10 TOTAL NTRACKS 1.27491e+06
 %%% EVENT 121000 NTRACKS 15 TOTAL NTRACKS 1.28522e+06
 %%% EVENT 122000 NTRACKS 2 TOTAL NTRACKS 1.29571e+06
 %%% EVENT 123000 NTRACKS 9 TOTAL NTRACKS 1.30614e+06
 %%% EVENT 124000 NTRACKS 6 TOTAL NTRACKS 1.31658e+06
 %%% EVENT 125000 NTRACKS 14 TOTAL NTRACKS 1.32648e+06
 %%% EVENT 126000 NTRACKS 11 TOTAL NTRACKS 1.33752e+06
 %%% EVENT 127000 NTRACKS 8 TOTAL NTRACKS 1.34821e+06
 %%% EVENT 128000 NTRACKS 21 TOTAL NTRACKS 1.35837e+06
 %%% EVENT 129000 NTRACKS 4 TOTAL NTRACKS 1.36919e+06
 %%% EVENT 130000 NTRACKS 14 TOTAL NTRACKS 1.37973e+06
 %%% EVENT 131000 NTRACKS 6 TOTAL NTRACKS 1.39026e+06
 %%% EVENT 132000 NTRACKS 29 TOTAL NTRACKS 1.40115e+06
 %%% EVENT 133000 NTRACKS 8 TOTAL NTRACKS 1.41209e+06
 %%% EVENT 134000 NTRACKS 4 TOTAL NTRACKS 1.42273e+06
 %%% EVENT 135000 NTRACKS 2 TOTAL NTRACKS 1.43344e+06
 %%% EVENT 136000 NTRACKS 12 TOTAL NTRACKS 1.44449e+06
 %%% EVENT 137000 NTRACKS 4 TOTAL NTRACKS 1.45599e+06
 %%% EVENT 138000 NTRACKS 17 TOTAL NTRACKS 1.46662e+06
 %%% EVENT 139000 NTRACKS 1 TOTAL NTRACKS 1.47695e+06
 %%% EVENT 140000 NTRACKS 14 TOTAL NTRACKS 1.48768e+06
 %%% EVENT 141000 NTRACKS 9 TOTAL NTRACKS 1.49803e+06
 %%% EVENT 142000 NTRACKS 12 TOTAL NTRACKS 1.50957e+06
 %%% EVENT 143000 NTRACKS 6 TOTAL NTRACKS 1.51994e+06
 %%% EVENT 144000 NTRACKS 1 TOTAL NTRACKS 1.53028e+06
 %%% EVENT 145000 NTRACKS 9 TOTAL NTRACKS 1.54111e+06
 %%% EVENT 146000 NTRACKS 3 TOTAL NTRACKS 1.55167e+06
 %%% EVENT 147000 NTRACKS 4 TOTAL NTRACKS 1.56249e+06
 %%% EVENT 148000 NTRACKS 24 TOTAL NTRACKS 1.57309e+06
 %%% EVENT 149000 NTRACKS 8 TOTAL NTRACKS 1.58292e+06
 %%% EVENT 150000 NTRACKS 12 TOTAL NTRACKS 1.59317e+06
 %%% EVENT 151000 NTRACKS 5 TOTAL NTRACKS 1.60366e+06
 %%% EVENT 152000 NTRACKS 4 TOTAL NTRACKS 1.61423e+06
 %%% EVENT 153000 NTRACKS 7 TOTAL NTRACKS 1.62521e+06
 %%% EVENT 154000 NTRACKS 3 TOTAL NTRACKS 1.63535e+06
 %%% EVENT 155000 NTRACKS 7 TOTAL NTRACKS 1.64584e+06
 %%% EVENT 156000 NTRACKS 11 TOTAL NTRACKS 1.65659e+06
 %%% EVENT 157000 NTRACKS 13 TOTAL NTRACKS 1.66739e+06
 %%% EVENT 158000 NTRACKS 7 TOTAL NTRACKS 1.67809e+06
 %%% EVENT 159000 NTRACKS 7 TOTAL NTRACKS 1.68832e+06
 %%% EVENT 160000 NTRACKS 11 TOTAL NTRACKS 1.69894e+06
 %%% EVENT 161000 NTRACKS 12 TOTAL NTRACKS 1.70903e+06
 %%% EVENT 162000 NTRACKS 2 TOTAL NTRACKS 1.7195e+06
 %%% EVENT 163000 NTRACKS 14 TOTAL NTRACKS 1.72982e+06
 %%% EVENT 164000 NTRACKS 9 TOTAL NTRACKS 1.7402e+06
 %%% EVENT 165000 NTRACKS 9 TOTAL NTRACKS 1.75079e+06
 %%% EVENT 166000 NTRACKS 4 TOTAL NTRACKS 1.76179e+06
 %%% EVENT 167000 NTRACKS 10 TOTAL NTRACKS 1.77214e+06
 %%% EVENT 168000 NTRACKS 6 TOTAL NTRACKS 1.78294e+06
 %%% EVENT 169000 NTRACKS 3 TOTAL NTRACKS 1.79356e+06
 %%% EVENT 170000 NTRACKS 9 TOTAL NTRACKS 1.80472e+06
 %%% EVENT 171000 NTRACKS 3 TOTAL NTRACKS 1.81558e+06
 %%% EVENT 172000 NTRACKS 23 TOTAL NTRACKS 1.82594e+06
 %%% EVENT 173000 NTRACKS 14 TOTAL NTRACKS 1.83625e+06
 %%% EVENT 174000 NTRACKS 6 TOTAL NTRACKS 1.84665e+06
 %%% EVENT 175000 NTRACKS 7 TOTAL NTRACKS 1.85664e+06
 %%% EVENT 176000 NTRACKS 8 TOTAL NTRACKS 1.86696e+06
 %%% EVENT 177000 NTRACKS 22 TOTAL NTRACKS 1.87768e+06
 %%% EVENT 178000 NTRACKS 8 TOTAL NTRACKS 1.88828e+06
 %%% EVENT 179000 NTRACKS 8 TOTAL NTRACKS 1.89893e+06
 %%% EVENT 180000 NTRACKS 9 TOTAL NTRACKS 1.90965e+06
 %%% EVENT 181000 NTRACKS 1 TOTAL NTRACKS 1.92005e+06
 %%% EVENT 182000 NTRACKS 8 TOTAL NTRACKS 1.93061e+06
 %%% EVENT 183000 NTRACKS 35 TOTAL NTRACKS 1.94084e+06
 %%% EVENT 184000 NTRACKS 4 TOTAL NTRACKS 1.95123e+06
 %%% EVENT 185000 NTRACKS 4 TOTAL NTRACKS 1.96151e+06
 %%% EVENT 186000 NTRACKS 3 TOTAL NTRACKS 1.97224e+06
 %%% EVENT 187000 NTRACKS 10 TOTAL NTRACKS 1.98307e+06
 %%% EVENT 188000 NTRACKS 6 TOTAL NTRACKS 1.9936e+06
 %%% EVENT 189000 NTRACKS 4 TOTAL NTRACKS 2.00446e+06
 %%% EVENT 190000 NTRACKS 6 TOTAL NTRACKS 2.01474e+06
 %%% EVENT 191000 NTRACKS 10 TOTAL NTRACKS 2.02496e+06
 %%% EVENT 192000 NTRACKS 3 TOTAL NTRACKS 2.03554e+06
 %%% EVENT 193000 NTRACKS 1 TOTAL NTRACKS 2.04603e+06
 %%% EVENT 194000 NTRACKS 7 TOTAL NTRACKS 2.05588e+06
 %%% EVENT 195000 NTRACKS 10 TOTAL NTRACKS 2.06639e+06
 %%% EVENT 196000 NTRACKS 19 TOTAL NTRACKS 2.07687e+06
 %%% EVENT 197000 NTRACKS 7 TOTAL NTRACKS 2.08699e+06
 %%% EVENT 198000 NTRACKS 22 TOTAL NTRACKS 2.09789e+06
 %%% EVENT 199000 NTRACKS 19 TOTAL NTRACKS 2.10893e+06
 %%% EVENT 200000 NTRACKS 2 TOTAL NTRACKS 2.11948e+06
 %%% EVENT 201000 NTRACKS 6 TOTAL NTRACKS 2.13051e+06
 %%% EVENT 202000 NTRACKS 5 TOTAL NTRACKS 2.1412e+06
 %%% EVENT 203000 NTRACKS 6 TOTAL NTRACKS 2.1514e+06
 %%% EVENT 204000 NTRACKS 7 TOTAL NTRACKS 2.16198e+06
 %%% EVENT 205000 NTRACKS 5 TOTAL NTRACKS 2.17284e+06
 %%% EVENT 206000 NTRACKS 6 TOTAL NTRACKS 2.18334e+06
 %%% EVENT 207000 NTRACKS 6 TOTAL NTRACKS 2.19415e+06
 %%% EVENT 208000 NTRACKS 7 TOTAL NTRACKS 2.20504e+06
 %%% EVENT 209000 NTRACKS 30 TOTAL NTRACKS 2.21548e+06
 %%% EVENT 210000 NTRACKS 20 TOTAL NTRACKS 2.22615e+06
 %%% EVENT 211000 NTRACKS 8 TOTAL NTRACKS 2.23686e+06
 %%% EVENT 212000 NTRACKS 17 TOTAL NTRACKS 2.24749e+06
 %%% EVENT 213000 NTRACKS 12 TOTAL NTRACKS 2.25782e+06
 %%% EVENT 214000 NTRACKS 17 TOTAL NTRACKS 2.26843e+06
 %%% EVENT 215000 NTRACKS 15 TOTAL NTRACKS 2.27885e+06
 %%% EVENT 216000 NTRACKS 2 TOTAL NTRACKS 2.28982e+06
 %%% EVENT 217000 NTRACKS 3 TOTAL NTRACKS 2.29996e+06
 %%% EVENT 218000 NTRACKS 29 TOTAL NTRACKS 2.31066e+06
 %%% EVENT 219000 NTRACKS 2 TOTAL NTRACKS 2.32047e+06
 %%% EVENT 220000 NTRACKS 18 TOTAL NTRACKS 2.33099e+06
 %%% EVENT 221000 NTRACKS 4 TOTAL NTRACKS 2.34141e+06
 %%% EVENT 222000 NTRACKS 2 TOTAL NTRACKS 2.35224e+06
 %%% EVENT 223000 NTRACKS 9 TOTAL NTRACKS 2.36309e+06
 %%% EVENT 224000 NTRACKS 48 TOTAL NTRACKS 2.37372e+06
 %%% EVENT 225000 NTRACKS 14 TOTAL NTRACKS 2.38454e+06
 %%% EVENT 226000 NTRACKS 9 TOTAL NTRACKS 2.39508e+06
 %%% EVENT 227000 NTRACKS 5 TOTAL NTRACKS 2.40523e+06
 %%% EVENT 228000 NTRACKS 4 TOTAL NTRACKS 2.41558e+06
 %%% EVENT 229000 NTRACKS 6 TOTAL NTRACKS 2.42661e+06
 %%% EVENT 230000 NTRACKS 4 TOTAL NTRACKS 2.43694e+06
 %%% EVENT 231000 NTRACKS 29 TOTAL NTRACKS 2.44721e+06
 %%% EVENT 232000 NTRACKS 14 TOTAL NTRACKS 2.45782e+06
 %%% EVENT 233000 NTRACKS 4 TOTAL NTRACKS 2.46797e+06
 %%% EVENT 234000 NTRACKS 77 TOTAL NTRACKS 2.47936e+06
 %%% EVENT 235000 NTRACKS 8 TOTAL NTRACKS 2.4899e+06
 %%% EVENT 236000 NTRACKS 12 TOTAL NTRACKS 2.50061e+06
 %%% EVENT 237000 NTRACKS 1 TOTAL NTRACKS 2.511e+06
 %%% EVENT 238000 NTRACKS 10 TOTAL NTRACKS 2.52156e+06
 %%% EVENT 239000 NTRACKS 2 TOTAL NTRACKS 2.53216e+06
 %%% EVENT 240000 NTRACKS 11 TOTAL NTRACKS 2.54268e+06
 %%% EVENT 241000 NTRACKS 9 TOTAL NTRACKS 2.5538e+06
 %%% EVENT 242000 NTRACKS 42 TOTAL NTRACKS 2.56371e+06
 %%% EVENT 243000 NTRACKS 9 TOTAL NTRACKS 2.57483e+06
 %%% EVENT 244000 NTRACKS 8 TOTAL NTRACKS 2.5852e+06
 %%% EVENT 245000 NTRACKS 11 TOTAL NTRACKS 2.59594e+06
 %%% EVENT 246000 NTRACKS 11 TOTAL NTRACKS 2.60648e+06
 %%% EVENT 247000 NTRACKS 20 TOTAL NTRACKS 2.61721e+06
 %%% EVENT 248000 NTRACKS 2 TOTAL NTRACKS 2.62746e+06
 %%% EVENT 249000 NTRACKS 2 TOTAL NTRACKS 2.63839e+06
 %%% EVENT 250000 NTRACKS 6 TOTAL NTRACKS 2.64874e+06
 %%% EVENT 251000 NTRACKS 8 TOTAL NTRACKS 2.65924e+06
 %%% EVENT 252000 NTRACKS 4 TOTAL NTRACKS 2.66978e+06
 %%% EVENT 253000 NTRACKS 14 TOTAL NTRACKS 2.68093e+06
 %%% EVENT 254000 NTRACKS 1 TOTAL NTRACKS 2.69113e+06
 %%% EVENT 255000 NTRACKS 12 TOTAL NTRACKS 2.70189e+06
 %%% EVENT 256000 NTRACKS 25 TOTAL NTRACKS 2.71239e+06
 %%% EVENT 257000 NTRACKS 11 TOTAL NTRACKS 2.72281e+06
 %%% EVENT 258000 NTRACKS 10 TOTAL NTRACKS 2.73312e+06
 %%% EVENT 259000 NTRACKS 1 TOTAL NTRACKS 2.74375e+06
 %%% EVENT 260000 NTRACKS 4 TOTAL NTRACKS 2.7543e+06
 %%% EVENT 261000 NTRACKS 12 TOTAL NTRACKS 2.7645e+06
 %%% EVENT 262000 NTRACKS 3 TOTAL NTRACKS 2.77487e+06
 %%% EVENT 263000 NTRACKS 5 TOTAL NTRACKS 2.78522e+06
 %%% EVENT 264000 NTRACKS 17 TOTAL NTRACKS 2.79612e+06
 %%% EVENT 265000 NTRACKS 4 TOTAL NTRACKS 2.80663e+06
 %%% EVENT 266000 NTRACKS 22 TOTAL NTRACKS 2.81715e+06
 %%% EVENT 267000 NTRACKS 7 TOTAL NTRACKS 2.8279e+06
 %%% EVENT 268000 NTRACKS 7 TOTAL NTRACKS 2.8388e+06
 %%% EVENT 269000 NTRACKS 6 TOTAL NTRACKS 2.84866e+06
 %%% EVENT 270000 NTRACKS 25 TOTAL NTRACKS 2.85926e+06
 %%% EVENT 271000 NTRACKS 14 TOTAL NTRACKS 2.86977e+06
 %%% EVENT 272000 NTRACKS 8 TOTAL NTRACKS 2.88086e+06
 %%% EVENT 273000 NTRACKS 52 TOTAL NTRACKS 2.89158e+06
 %%% EVENT 274000 NTRACKS 2 TOTAL NTRACKS 2.9022e+06
 %%% EVENT 275000 NTRACKS 6 TOTAL NTRACKS 2.91279e+06
 %%% EVENT 276000 NTRACKS 2 TOTAL NTRACKS 2.92331e+06
 %%% EVENT 277000 NTRACKS 9 TOTAL NTRACKS 2.93434e+06
 %%% EVENT 278000 NTRACKS 3 TOTAL NTRACKS 2.9452e+06
 %%% EVENT 279000 NTRACKS 47 TOTAL NTRACKS 2.95568e+06
 %%% EVENT 280000 NTRACKS 6 TOTAL NTRACKS 2.96637e+06
 %%% EVENT 281000 NTRACKS 10 TOTAL NTRACKS 2.97682e+06
 %%% EVENT 282000 NTRACKS 11 TOTAL NTRACKS 2.98722e+06
 %%% EVENT 283000 NTRACKS 3 TOTAL NTRACKS 2.99753e+06
 %%% EVENT 284000 NTRACKS 5 TOTAL NTRACKS 3.00812e+06
 %%% EVENT 285000 NTRACKS 13 TOTAL NTRACKS 3.01846e+06
 %%% EVENT 286000 NTRACKS 3 TOTAL NTRACKS 3.02952e+06
 %%% EVENT 287000 NTRACKS 7 TOTAL NTRACKS 3.03998e+06
 %%% EVENT 288000 NTRACKS 13 TOTAL NTRACKS 3.04986e+06
 %%% EVENT 289000 NTRACKS 5 TOTAL NTRACKS 3.06057e+06
 %%% EVENT 290000 NTRACKS 10 TOTAL NTRACKS 3.07088e+06
 %%% EVENT 291000 NTRACKS 1 TOTAL NTRACKS 3.08136e+06
 %%% EVENT 292000 NTRACKS 13 TOTAL NTRACKS 3.09179e+06
 %%% EVENT 293000 NTRACKS 4 TOTAL NTRACKS 3.10244e+06
 %%% EVENT 294000 NTRACKS 14 TOTAL NTRACKS 3.11355e+06
 %%% EVENT 295000 NTRACKS 3 TOTAL NTRACKS 3.12404e+06
 %%% EVENT 296000 NTRACKS 12 TOTAL NTRACKS 3.1346e+06
 %%% EVENT 297000 NTRACKS 12 TOTAL NTRACKS 3.1453e+06
 %%% EVENT 298000 NTRACKS 2 TOTAL NTRACKS 3.1558e+06
 %%% EVENT 299000 NTRACKS 11 TOTAL NTRACKS 3.16692e+06
 %%% EVENT 300000 NTRACKS 5 TOTAL NTRACKS 3.17709e+06
 %%% EVENT 301000 NTRACKS 17 TOTAL NTRACKS 3.18744e+06
 %%% EVENT 302000 NTRACKS 2 TOTAL NTRACKS 3.1984e+06
 %%% EVENT 303000 NTRACKS 15 TOTAL NTRACKS 3.20936e+06
 %%% EVENT 304000 NTRACKS 10 TOTAL NTRACKS 3.21964e+06
 %%% EVENT 305000 NTRACKS 3 TOTAL NTRACKS 3.23016e+06
 %%% EVENT 306000 NTRACKS 11 TOTAL NTRACKS 3.24065e+06
 %%% EVENT 307000 NTRACKS 10 TOTAL NTRACKS 3.25143e+06
 %%% EVENT 308000 NTRACKS 32 TOTAL NTRACKS 3.26245e+06
 %%% EVENT 309000 NTRACKS 12 TOTAL NTRACKS 3.27297e+06
 %%% EVENT 310000 NTRACKS 5 TOTAL NTRACKS 3.28353e+06
 %%% EVENT 311000 NTRACKS 18 TOTAL NTRACKS 3.29463e+06
 %%% EVENT 312000 NTRACKS 26 TOTAL NTRACKS 3.30536e+06
 %%% EVENT 313000 NTRACKS 12 TOTAL NTRACKS 3.31534e+06
 %%% EVENT 314000 NTRACKS 10 TOTAL NTRACKS 3.32564e+06
 %%% EVENT 315000 NTRACKS 16 TOTAL NTRACKS 3.33611e+06
 %%% EVENT 316000 NTRACKS 5 TOTAL NTRACKS 3.34694e+06
 %%% EVENT 317000 NTRACKS 16 TOTAL NTRACKS 3.3578e+06
 %%% EVENT 318000 NTRACKS 6 TOTAL NTRACKS 3.36866e+06
 %%% EVENT 319000 NTRACKS 34 TOTAL NTRACKS 3.37924e+06
 %%% EVENT 320000 NTRACKS 10 TOTAL NTRACKS 3.38995e+06
 %%% EVENT 321000 NTRACKS 22 TOTAL NTRACKS 3.40055e+06
 %%% EVENT 322000 NTRACKS 10 TOTAL NTRACKS 3.41149e+06
 %%% EVENT 323000 NTRACKS 7 TOTAL NTRACKS 3.42161e+06
 %%% EVENT 324000 NTRACKS 9 TOTAL NTRACKS 3.43272e+06
 %%% EVENT 325000 NTRACKS 3 TOTAL NTRACKS 3.44384e+06
 %%% EVENT 326000 NTRACKS 4 TOTAL NTRACKS 3.45447e+06
 %%% EVENT 327000 NTRACKS 18 TOTAL NTRACKS 3.46508e+06
 %%% EVENT 328000 NTRACKS 3 TOTAL NTRACKS 3.47564e+06
 %%% EVENT 329000 NTRACKS 41 TOTAL NTRACKS 3.48641e+06
 %%% EVENT 330000 NTRACKS 7 TOTAL NTRACKS 3.49671e+06
 %%% EVENT 331000 NTRACKS 10 TOTAL NTRACKS 3.50698e+06
 %%% EVENT 332000 NTRACKS 2 TOTAL NTRACKS 3.51688e+06
 %%% EVENT 333000 NTRACKS 4 TOTAL NTRACKS 3.52766e+06
 %%% EVENT 334000 NTRACKS 7 TOTAL NTRACKS 3.53768e+06
 %%% EVENT 335000 NTRACKS 9 TOTAL NTRACKS 3.54811e+06
 %%% EVENT 336000 NTRACKS 13 TOTAL NTRACKS 3.55898e+06
 %%% EVENT 337000 NTRACKS 7 TOTAL NTRACKS 3.56935e+06
 %%% EVENT 338000 NTRACKS 6 TOTAL NTRACKS 3.57977e+06
 %%% EVENT 339000 NTRACKS 7 TOTAL NTRACKS 3.59011e+06
 %%% EVENT 340000 NTRACKS 8 TOTAL NTRACKS 3.60072e+06
 %%% EVENT 341000 NTRACKS 65 TOTAL NTRACKS 3.61156e+06
 %%% EVENT 342000 NTRACKS 11 TOTAL NTRACKS 3.622e+06
 %%% EVENT 343000 NTRACKS 19 TOTAL NTRACKS 3.63274e+06
 %%% EVENT 344000 NTRACKS 16 TOTAL NTRACKS 3.64296e+06
 %%% EVENT 345000 NTRACKS 17 TOTAL NTRACKS 3.6537e+06
 %%% EVENT 346000 NTRACKS 2 TOTAL NTRACKS 3.66413e+06
 %%% EVENT 347000 NTRACKS 17 TOTAL NTRACKS 3.67449e+06
 %%% EVENT 348000 NTRACKS 17 TOTAL NTRACKS 3.68501e+06
 %%% EVENT 349000 NTRACKS 7 TOTAL NTRACKS 3.69589e+06
 %%% EVENT 350000 NTRACKS 9 TOTAL NTRACKS 3.70653e+06
 %%% EVENT 351000 NTRACKS 35 TOTAL NTRACKS 3.7169e+06
 %%% EVENT 352000 NTRACKS 14 TOTAL NTRACKS 3.72715e+06
 %%% EVENT 353000 NTRACKS 14 TOTAL NTRACKS 3.73797e+06
 %%% EVENT 354000 NTRACKS 4 TOTAL NTRACKS 3.74828e+06
 %%% EVENT 355000 NTRACKS 8 TOTAL NTRACKS 3.75886e+06
 %%% EVENT 356000 NTRACKS 18 TOTAL NTRACKS 3.76926e+06
 %%% EVENT 357000 NTRACKS 2 TOTAL NTRACKS 3.77981e+06
 %%% EVENT 358000 NTRACKS 19 TOTAL NTRACKS 3.79062e+06
 %%% EVENT 359000 NTRACKS 6 TOTAL NTRACKS 3.80099e+06
 %%% EVENT 360000 NTRACKS 4 TOTAL NTRACKS 3.81163e+06
 %%% EVENT 361000 NTRACKS 5 TOTAL NTRACKS 3.82248e+06
 %%% EVENT 362000 NTRACKS 8 TOTAL NTRACKS 3.83298e+06
 %%% EVENT 363000 NTRACKS 12 TOTAL NTRACKS 3.8439e+06
 %%% EVENT 364000 NTRACKS 4 TOTAL NTRACKS 3.85504e+06
 %%% EVENT 365000 NTRACKS 25 TOTAL NTRACKS 3.86524e+06
 %%% EVENT 366000 NTRACKS 4 TOTAL NTRACKS 3.87572e+06
 %%% EVENT 367000 NTRACKS 2 TOTAL NTRACKS 3.88582e+06
 %%% EVENT 368000 NTRACKS 7 TOTAL NTRACKS 3.89628e+06
 %%% EVENT 369000 NTRACKS 10 TOTAL NTRACKS 3.90697e+06
 %%% EVENT 370000 NTRACKS 6 TOTAL NTRACKS 3.91762e+06
 %%% EVENT 371000 NTRACKS 7 TOTAL NTRACKS 3.92836e+06
 %%% EVENT 372000 NTRACKS 26 TOTAL NTRACKS 3.93891e+06
 %%% EVENT 373000 NTRACKS 13 TOTAL NTRACKS 3.94938e+06
 %%% EVENT 374000 NTRACKS 9 TOTAL NTRACKS 3.96042e+06
 %%% EVENT 375000 NTRACKS 3 TOTAL NTRACKS 3.97101e+06
 %%% EVENT 376000 NTRACKS 10 TOTAL NTRACKS 3.98138e+06
 %%% EVENT 377000 NTRACKS 12 TOTAL NTRACKS 3.99183e+06
 %%% EVENT 378000 NTRACKS 2 TOTAL NTRACKS 4.00269e+06
 %%% EVENT 379000 NTRACKS 1 TOTAL NTRACKS 4.01314e+06
 %%% EVENT 380000 NTRACKS 9 TOTAL NTRACKS 4.02339e+06
 %%% EVENT 381000 NTRACKS 14 TOTAL NTRACKS 4.03387e+06
 %%% EVENT 382000 NTRACKS 19 TOTAL NTRACKS 4.04419e+06
 %%% EVENT 383000 NTRACKS 6 TOTAL NTRACKS 4.05462e+06
 %%% EVENT 384000 NTRACKS 1 TOTAL NTRACKS 4.06565e+06
 %%% EVENT 385000 NTRACKS 13 TOTAL NTRACKS 4.07626e+06
 %%% EVENT 386000 NTRACKS 15 TOTAL NTRACKS 4.08648e+06
 %%% EVENT 387000 NTRACKS 14 TOTAL NTRACKS 4.09746e+06
 %%% EVENT 388000 NTRACKS 19 TOTAL NTRACKS 4.10793e+06
 %%% EVENT 389000 NTRACKS 10 TOTAL NTRACKS 4.11824e+06
 %%% EVENT 390000 NTRACKS 14 TOTAL NTRACKS 4.12895e+06
 %%% EVENT 391000 NTRACKS 1 TOTAL NTRACKS 4.13982e+06
 %%% EVENT 392000 NTRACKS 18 TOTAL NTRACKS 4.15048e+06
 %%% EVENT 393000 NTRACKS 4 TOTAL NTRACKS 4.16099e+06
 %%% EVENT 394000 NTRACKS 14 TOTAL NTRACKS 4.17164e+06
 %%% EVENT 395000 NTRACKS 2 TOTAL NTRACKS 4.18258e+06
 %%% EVENT 396000 NTRACKS 1 TOTAL NTRACKS 4.19295e+06
 %%% EVENT 397000 NTRACKS 23 TOTAL NTRACKS 4.20351e+06
 %%% EVENT 398000 NTRACKS 37 TOTAL NTRACKS 4.2137e+06
 %%% EVENT 399000 NTRACKS 17 TOTAL NTRACKS 4.22434e+06
 %%% EVENT 400000 NTRACKS 14 TOTAL NTRACKS 4.23464e+06
 %%% EVENT 401000 NTRACKS 4 TOTAL NTRACKS 4.24531e+06
 %%% EVENT 402000 NTRACKS 9 TOTAL NTRACKS 4.25602e+06
 %%% EVENT 403000 NTRACKS 7 TOTAL NTRACKS 4.26685e+06
 %%% EVENT 404000 NTRACKS 3 TOTAL NTRACKS 4.27684e+06
 %%% EVENT 405000 NTRACKS 7 TOTAL NTRACKS 4.28798e+06
 %%% EVENT 406000 NTRACKS 10 TOTAL NTRACKS 4.29862e+06
 %%% EVENT 407000 NTRACKS 16 TOTAL NTRACKS 4.30928e+06
 %%% EVENT 408000 NTRACKS 6 TOTAL NTRACKS 4.31977e+06
 %%% EVENT 409000 NTRACKS 34 TOTAL NTRACKS 4.33044e+06
 %%% EVENT 410000 NTRACKS 33 TOTAL NTRACKS 4.3406e+06
 %%% EVENT 411000 NTRACKS 14 TOTAL NTRACKS 4.35073e+06
 %%% EVENT 412000 NTRACKS 30 TOTAL NTRACKS 4.36162e+06
 %%% EVENT 413000 NTRACKS 2 TOTAL NTRACKS 4.37196e+06
 %%% EVENT 414000 NTRACKS 7 TOTAL NTRACKS 4.38283e+06
 %%% EVENT 415000 NTRACKS 7 TOTAL NTRACKS 4.39308e+06
 %%% EVENT 416000 NTRACKS 8 TOTAL NTRACKS 4.40412e+06
 %%% EVENT 417000 NTRACKS 14 TOTAL NTRACKS 4.41523e+06
 %%% EVENT 418000 NTRACKS 1 TOTAL NTRACKS 4.4259e+06
 %%% EVENT 419000 NTRACKS 16 TOTAL NTRACKS 4.43646e+06
 %%% EVENT 420000 NTRACKS 6 TOTAL NTRACKS 4.4471e+06
 %%% EVENT 421000 NTRACKS 44 TOTAL NTRACKS 4.45815e+06
 %%% EVENT 422000 NTRACKS 17 TOTAL NTRACKS 4.4684e+06
 %%% EVENT 423000 NTRACKS 13 TOTAL NTRACKS 4.47922e+06
 %%% EVENT 424000 NTRACKS 9 TOTAL NTRACKS 4.48955e+06
 %%% EVENT 425000 NTRACKS 7 TOTAL NTRACKS 4.50037e+06
 %%% EVENT 426000 NTRACKS 4 TOTAL NTRACKS 4.51089e+06
 %%% EVENT 427000 NTRACKS 8 TOTAL NTRACKS 4.52199e+06
 %%% EVENT 428000 NTRACKS 4 TOTAL NTRACKS 4.53258e+06
 %%% EVENT 429000 NTRACKS 29 TOTAL NTRACKS 4.54356e+06
 %%% EVENT 430000 NTRACKS 15 TOTAL NTRACKS 4.55417e+06
 %%% EVENT 431000 NTRACKS 9 TOTAL NTRACKS 4.56518e+06
 %%% EVENT 432000 NTRACKS 10 TOTAL NTRACKS 4.5754e+06
 %%% EVENT 433000 NTRACKS 19 TOTAL NTRACKS 4.5862e+06
 %%% EVENT 434000 NTRACKS 18 TOTAL NTRACKS 4.59716e+06
 %%% EVENT 435000 NTRACKS 37 TOTAL NTRACKS 4.60809e+06
 %%% EVENT 436000 NTRACKS 4 TOTAL NTRACKS 4.61857e+06
 %%% EVENT 437000 NTRACKS 6 TOTAL NTRACKS 4.62955e+06
 %%% EVENT 438000 NTRACKS 15 TOTAL NTRACKS 4.64007e+06
 %%% EVENT 439000 NTRACKS 82 TOTAL NTRACKS 4.6504e+06
 %%% EVENT 440000 NTRACKS 6 TOTAL NTRACKS 4.66095e+06
 %%% EVENT 441000 NTRACKS 10 TOTAL NTRACKS 4.67158e+06
 %%% EVENT 442000 NTRACKS 17 TOTAL NTRACKS 4.68185e+06
 %%% EVENT 443000 NTRACKS 20 TOTAL NTRACKS 4.69207e+06
 %%% EVENT 444000 NTRACKS 2 TOTAL NTRACKS 4.70293e+06
 %%% EVENT 445000 NTRACKS 9 TOTAL NTRACKS 4.71347e+06
 %%% EVENT 446000 NTRACKS 1 TOTAL NTRACKS 4.72405e+06
 %%% EVENT 447000 NTRACKS 4 TOTAL NTRACKS 4.7346e+06
 %%% EVENT 448000 NTRACKS 3 TOTAL NTRACKS 4.74495e+06
 %%% EVENT 449000 NTRACKS 8 TOTAL NTRACKS 4.75555e+06
 %%% EVENT 450000 NTRACKS 23 TOTAL NTRACKS 4.76578e+06
 %%% EVENT 451000 NTRACKS 9 TOTAL NTRACKS 4.77676e+06
 %%% EVENT 452000 NTRACKS 29 TOTAL NTRACKS 4.78693e+06
 %%% EVENT 453000 NTRACKS 5 TOTAL NTRACKS 4.7973e+06
 %%% EVENT 454000 NTRACKS 18 TOTAL NTRACKS 4.8077e+06
 %%% EVENT 455000 NTRACKS 7 TOTAL NTRACKS 4.81826e+06
 %%% EVENT 456000 NTRACKS 4 TOTAL NTRACKS 4.82843e+06
 %%% EVENT 457000 NTRACKS 9 TOTAL NTRACKS 4.83914e+06
 %%% EVENT 458000 NTRACKS 7 TOTAL NTRACKS 4.85038e+06
 %%% EVENT 459000 NTRACKS 4 TOTAL NTRACKS 4.86088e+06
 %%% EVENT 460000 NTRACKS 13 TOTAL NTRACKS 4.8714e+06
 %%% EVENT 461000 NTRACKS 12 TOTAL NTRACKS 4.88161e+06
 %%% EVENT 462000 NTRACKS 17 TOTAL NTRACKS 4.89186e+06
 %%% EVENT 463000 NTRACKS 31 TOTAL NTRACKS 4.90251e+06
 %%% EVENT 464000 NTRACKS 2 TOTAL NTRACKS 4.91288e+06
 %%% EVENT 465000 NTRACKS 12 TOTAL NTRACKS 4.92325e+06
 %%% EVENT 466000 NTRACKS 9 TOTAL NTRACKS 4.93412e+06
 %%% EVENT 467000 NTRACKS 10 TOTAL NTRACKS 4.94461e+06
 %%% EVENT 468000 NTRACKS 14 TOTAL NTRACKS 4.95481e+06
 %%% EVENT 469000 NTRACKS 8 TOTAL NTRACKS 4.96597e+06
 %%% EVENT 470000 NTRACKS 3 TOTAL NTRACKS 4.97661e+06
 %%% EVENT 471000 NTRACKS 14 TOTAL NTRACKS 4.98771e+06
 %%% EVENT 472000 NTRACKS 14 TOTAL NTRACKS 4.99797e+06
 %%% EVENT 473000 NTRACKS 8 TOTAL NTRACKS 5.00815e+06
 %%% EVENT 474000 NTRACKS 11 TOTAL NTRACKS 5.01911e+06
 %%% EVENT 475000 NTRACKS 7 TOTAL NTRACKS 5.0297e+06
 %%% EVENT 476000 NTRACKS 7 TOTAL NTRACKS 5.04011e+06
 %%% EVENT 477000 NTRACKS 1 TOTAL NTRACKS 5.05057e+06
 %%% EVENT 478000 NTRACKS 17 TOTAL NTRACKS 5.06097e+06
 %%% EVENT 479000 NTRACKS 24 TOTAL NTRACKS 5.07114e+06
 %%% EVENT 480000 NTRACKS 2 TOTAL NTRACKS 5.08178e+06
 %%% EVENT 481000 NTRACKS 13 TOTAL NTRACKS 5.09185e+06
 %%% EVENT 482000 NTRACKS 18 TOTAL NTRACKS 5.10258e+06
 %%% EVENT 483000 NTRACKS 2 TOTAL NTRACKS 5.11374e+06
 %%% EVENT 484000 NTRACKS 11 TOTAL NTRACKS 5.12449e+06
 %%% EVENT 485000 NTRACKS 3 TOTAL NTRACKS 5.13536e+06
 %%% EVENT 486000 NTRACKS 3 TOTAL NTRACKS 5.1456e+06
 %%% EVENT 487000 NTRACKS 10 TOTAL NTRACKS 5.15603e+06
 %%% EVENT 488000 NTRACKS 2 TOTAL NTRACKS 5.16668e+06
 %%% EVENT 489000 NTRACKS 12 TOTAL NTRACKS 5.17716e+06
 %%% EVENT 490000 NTRACKS 4 TOTAL NTRACKS 5.18744e+06
 %%% EVENT 491000 NTRACKS 21 TOTAL NTRACKS 5.19797e+06
 %%% EVENT 492000 NTRACKS 3 TOTAL NTRACKS 5.20874e+06
 %%% EVENT 493000 NTRACKS 13 TOTAL NTRACKS 5.2193e+06
 %%% EVENT 494000 NTRACKS 1 TOTAL NTRACKS 5.22948e+06
 %%% EVENT 495000 NTRACKS 14 TOTAL NTRACKS 5.23993e+06
 %%% EVENT 496000 NTRACKS 26 TOTAL NTRACKS 5.25089e+06
 %%% EVENT 497000 NTRACKS 8 TOTAL NTRACKS 5.2612e+06
 %%% EVENT 498000 NTRACKS 2 TOTAL NTRACKS 5.2715e+06
 %%% EVENT 499000 NTRACKS 9 TOTAL NTRACKS 5.28206e+06
 %%% EVENT 500000 NTRACKS 22 TOTAL NTRACKS 5.29292e+06
 %%% EVENT 501000 NTRACKS 12 TOTAL NTRACKS 5.3036e+06
 %%% EVENT 502000 NTRACKS 34 TOTAL NTRACKS 5.31445e+06
 %%% EVENT 503000 NTRACKS 13 TOTAL NTRACKS 5.3249e+06
 %%% EVENT 504000 NTRACKS 14 TOTAL NTRACKS 5.33544e+06
 %%% EVENT 505000 NTRACKS 7 TOTAL NTRACKS 5.34606e+06
 %%% EVENT 506000 NTRACKS 13 TOTAL NTRACKS 5.35704e+06
 %%% EVENT 507000 NTRACKS 15 TOTAL NTRACKS 5.36728e+06
 %%% EVENT 508000 NTRACKS 10 TOTAL NTRACKS 5.37801e+06
 %%% EVENT 509000 NTRACKS 56 TOTAL NTRACKS 5.38851e+06
 %%% EVENT 510000 NTRACKS 2 TOTAL NTRACKS 5.39864e+06
 %%% EVENT 511000 NTRACKS 29 TOTAL NTRACKS 5.40934e+06
 %%% EVENT 512000 NTRACKS 15 TOTAL NTRACKS 5.42001e+06
 %%% EVENT 513000 NTRACKS 1 TOTAL NTRACKS 5.43005e+06
 %%% EVENT 514000 NTRACKS 2 TOTAL NTRACKS 5.44042e+06
 %%% EVENT 515000 NTRACKS 5 TOTAL NTRACKS 5.45074e+06
 %%% EVENT 516000 NTRACKS 15 TOTAL NTRACKS 5.46152e+06
 %%% EVENT 517000 NTRACKS 32 TOTAL NTRACKS 5.47224e+06
 %%% EVENT 518000 NTRACKS 2 TOTAL NTRACKS 5.48271e+06
 %%% EVENT 519000 NTRACKS 7 TOTAL NTRACKS 5.49325e+06
 %%% EVENT 520000 NTRACKS 13 TOTAL NTRACKS 5.50399e+06
 %%% EVENT 521000 NTRACKS 1 TOTAL NTRACKS 5.51401e+06
 %%% EVENT 522000 NTRACKS 6 TOTAL NTRACKS 5.52401e+06
 %%% EVENT 523000 NTRACKS 10 TOTAL NTRACKS 5.53505e+06
 %%% EVENT 524000 NTRACKS 3 TOTAL NTRACKS 5.54548e+06
 %%% EVENT 525000 NTRACKS 26 TOTAL NTRACKS 5.55595e+06
 %%% EVENT 526000 NTRACKS 3 TOTAL NTRACKS 5.56664e+06
 %%% EVENT 527000 NTRACKS 12 TOTAL NTRACKS 5.57763e+06
 %%% EVENT 528000 NTRACKS 5 TOTAL NTRACKS 5.58762e+06
 %%% EVENT 529000 NTRACKS 1 TOTAL NTRACKS 5.59843e+06
 %%% EVENT 530000 NTRACKS 19 TOTAL NTRACKS 5.60887e+06
 %%% EVENT 531000 NTRACKS 9 TOTAL NTRACKS 5.61936e+06
 %%% EVENT 532000 NTRACKS 26 TOTAL NTRACKS 5.6302e+06
 %%% EVENT 533000 NTRACKS 28 TOTAL NTRACKS 5.64038e+06
 %%% EVENT 534000 NTRACKS 13 TOTAL NTRACKS 5.65099e+06
 %%% EVENT 535000 NTRACKS 11 TOTAL NTRACKS 5.66107e+06
 %%% EVENT 536000 NTRACKS 17 TOTAL NTRACKS 5.67176e+06
 %%% EVENT 537000 NTRACKS 2 TOTAL NTRACKS 5.68197e+06
 %%% EVENT 538000 NTRACKS 10 TOTAL NTRACKS 5.69249e+06
 %%% EVENT 539000 NTRACKS 7 TOTAL NTRACKS 5.70353e+06
 %%% EVENT 540000 NTRACKS 3 TOTAL NTRACKS 5.71393e+06
 %%% EVENT 541000 NTRACKS 12 TOTAL NTRACKS 5.72461e+06
 %%% EVENT 542000 NTRACKS 29 TOTAL NTRACKS 5.73531e+06
 %%% EVENT 543000 NTRACKS 18 TOTAL NTRACKS 5.74613e+06
 %%% EVENT 544000 NTRACKS 12 TOTAL NTRACKS 5.75662e+06
 %%% EVENT 545000 NTRACKS 3 TOTAL NTRACKS 5.76749e+06
 %%% EVENT 546000 NTRACKS 4 TOTAL NTRACKS 5.77872e+06
 %%% EVENT 547000 NTRACKS 9 TOTAL NTRACKS 5.78867e+06
 %%% EVENT 548000 NTRACKS 18 TOTAL NTRACKS 5.79829e+06
 %%% EVENT 549000 NTRACKS 18 TOTAL NTRACKS 5.80918e+06
 %%% EVENT 550000 NTRACKS 15 TOTAL NTRACKS 5.81983e+06
 %%% EVENT 551000 NTRACKS 9 TOTAL NTRACKS 5.83117e+06
 %%% EVENT 552000 NTRACKS 6 TOTAL NTRACKS 5.84169e+06
 %%% EVENT 553000 NTRACKS 20 TOTAL NTRACKS 5.85207e+06
 %%% EVENT 554000 NTRACKS 9 TOTAL NTRACKS 5.86282e+06
 %%% EVENT 555000 NTRACKS 17 TOTAL NTRACKS 5.8733e+06
 %%% EVENT 556000 NTRACKS 9 TOTAL NTRACKS 5.88371e+06
 %%% EVENT 557000 NTRACKS 40 TOTAL NTRACKS 5.89492e+06
 %%% EVENT 558000 NTRACKS 3 TOTAL NTRACKS 5.9053e+06
 %%% EVENT 559000 NTRACKS 12 TOTAL NTRACKS 5.91584e+06
 %%% EVENT 560000 NTRACKS 33 TOTAL NTRACKS 5.92611e+06
 %%% EVENT 561000 NTRACKS 1 TOTAL NTRACKS 5.93667e+06
 %%% EVENT 562000 NTRACKS 4 TOTAL NTRACKS 5.94671e+06
 %%% EVENT 563000 NTRACKS 6 TOTAL NTRACKS 5.9573e+06
 %%% EVENT 564000 NTRACKS 6 TOTAL NTRACKS 5.96761e+06
 %%% EVENT 565000 NTRACKS 3 TOTAL NTRACKS 5.97809e+06
 %%% EVENT 566000 NTRACKS 15 TOTAL NTRACKS 5.98898e+06
 %%% EVENT 567000 NTRACKS 6 TOTAL NTRACKS 6.00016e+06
 %%% EVENT 568000 NTRACKS 5 TOTAL NTRACKS 6.01055e+06
 %%% EVENT 569000 NTRACKS 5 TOTAL NTRACKS 6.021e+06
 %%% EVENT 570000 NTRACKS 15 TOTAL NTRACKS 6.03153e+06
 %%% EVENT 571000 NTRACKS 11 TOTAL NTRACKS 6.04274e+06
 %%% EVENT 572000 NTRACKS 1 TOTAL NTRACKS 6.05359e+06
 %%% EVENT 573000 NTRACKS 2 TOTAL NTRACKS 6.06418e+06
 %%% EVENT 574000 NTRACKS 3 TOTAL NTRACKS 6.07399e+06
 %%% EVENT 575000 NTRACKS 2 TOTAL NTRACKS 6.08391e+06
 %%% EVENT 576000 NTRACKS 2 TOTAL NTRACKS 6.09444e+06
 %%% EVENT 577000 NTRACKS 1 TOTAL NTRACKS 6.10482e+06
 %%% EVENT 578000 NTRACKS 6 TOTAL NTRACKS 6.1151e+06
 %%% EVENT 579000 NTRACKS 2 TOTAL NTRACKS 6.12547e+06
 %%% EVENT 580000 NTRACKS 4 TOTAL NTRACKS 6.13541e+06
 %%% EVENT 581000 NTRACKS 1 TOTAL NTRACKS 6.1464e+06
 %%% EVENT 582000 NTRACKS 20 TOTAL NTRACKS 6.15656e+06
 %%% EVENT 583000 NTRACKS 2 TOTAL NTRACKS 6.16718e+06
 %%% EVENT 584000 NTRACKS 5 TOTAL NTRACKS 6.17775e+06
 %%% EVENT 585000 NTRACKS 3 TOTAL NTRACKS 6.1884e+06
 %%% EVENT 586000 NTRACKS 9 TOTAL NTRACKS 6.19875e+06
 %%% EVENT 587000 NTRACKS 8 TOTAL NTRACKS 6.20899e+06
 %%% EVENT 588000 NTRACKS 1 TOTAL NTRACKS 6.21961e+06
 %%% EVENT 589000 NTRACKS 15 TOTAL NTRACKS 6.23048e+06
 %%% EVENT 590000 NTRACKS 20 TOTAL NTRACKS 6.24081e+06
 %%% EVENT 591000 NTRACKS 13 TOTAL NTRACKS 6.25133e+06
 %%% EVENT 592000 NTRACKS 5 TOTAL NTRACKS 6.26194e+06
 %%% EVENT 593000 NTRACKS 21 TOTAL NTRACKS 6.27284e+06
 %%% EVENT 594000 NTRACKS 11 TOTAL NTRACKS 6.28353e+06
 %%% EVENT 595000 NTRACKS 4 TOTAL NTRACKS 6.29394e+06
 %%% EVENT 596000 NTRACKS 12 TOTAL NTRACKS 6.30421e+06
 %%% EVENT 597000 NTRACKS 6 TOTAL NTRACKS 6.31436e+06
 %%% EVENT 598000 NTRACKS 2 TOTAL NTRACKS 6.32473e+06
 %%% EVENT 599000 NTRACKS 18 TOTAL NTRACKS 6.33544e+06
 %%% EVENT 600000 NTRACKS 12 TOTAL NTRACKS 6.34517e+06
 %%% EVENT 601000 NTRACKS 5 TOTAL NTRACKS 6.35554e+06
 %%% EVENT 602000 NTRACKS 6 TOTAL NTRACKS 6.36667e+06
 %%% EVENT 603000 NTRACKS 6 TOTAL NTRACKS 6.37703e+06
 %%% EVENT 604000 NTRACKS 4 TOTAL NTRACKS 6.38773e+06
 %%% EVENT 605000 NTRACKS 7 TOTAL NTRACKS 6.39806e+06
 %%% EVENT 606000 NTRACKS 18 TOTAL NTRACKS 6.40875e+06
 %%% EVENT 607000 NTRACKS 23 TOTAL NTRACKS 6.41914e+06
 %%% EVENT 608000 NTRACKS 10 TOTAL NTRACKS 6.42987e+06
 %%% EVENT 609000 NTRACKS 1 TOTAL NTRACKS 6.44073e+06
 %%% EVENT 610000 NTRACKS 9 TOTAL NTRACKS 6.4515e+06
 %%% EVENT 611000 NTRACKS 5 TOTAL NTRACKS 6.46236e+06
 %%% EVENT 612000 NTRACKS 11 TOTAL NTRACKS 6.4732e+06
 %%% EVENT 613000 NTRACKS 11 TOTAL NTRACKS 6.48429e+06
 %%% EVENT 614000 NTRACKS 19 TOTAL NTRACKS 6.49412e+06
 %%% EVENT 615000 NTRACKS 5 TOTAL NTRACKS 6.50528e+06
 %%% EVENT 616000 NTRACKS 3 TOTAL NTRACKS 6.51568e+06
 %%% EVENT 617000 NTRACKS 7 TOTAL NTRACKS 6.52662e+06
 %%% EVENT 618000 NTRACKS 6 TOTAL NTRACKS 6.53745e+06
 %%% EVENT 619000 NTRACKS 4 TOTAL NTRACKS 6.54732e+06
 %%% EVENT 620000 NTRACKS 11 TOTAL NTRACKS 6.55809e+06
 %%% EVENT 621000 NTRACKS 14 TOTAL NTRACKS 6.56837e+06
 %%% EVENT 622000 NTRACKS 11 TOTAL NTRACKS 6.57864e+06
 %%% EVENT 623000 NTRACKS 13 TOTAL NTRACKS 6.58836e+06
 %%% EVENT 624000 NTRACKS 27 TOTAL NTRACKS 6.59858e+06
 %%% EVENT 625000 NTRACKS 3 TOTAL NTRACKS 6.60946e+06
 %%% EVENT 626000 NTRACKS 3 TOTAL NTRACKS 6.6202e+06
 %%% EVENT 627000 NTRACKS 18 TOTAL NTRACKS 6.63068e+06
 %%% EVENT 628000 NTRACKS 5 TOTAL NTRACKS 6.64118e+06
 %%% EVENT 629000 NTRACKS 10 TOTAL NTRACKS 6.65173e+06
 %%% EVENT 630000 NTRACKS 4 TOTAL NTRACKS 6.6622e+06
 %%% EVENT 631000 NTRACKS 8 TOTAL NTRACKS 6.67221e+06
 %%% EVENT 632000 NTRACKS 61 TOTAL NTRACKS 6.68304e+06
 %%% EVENT 633000 NTRACKS 7 TOTAL NTRACKS 6.69341e+06
 %%% EVENT 634000 NTRACKS 2 TOTAL NTRACKS 6.70372e+06
 %%% EVENT 635000 NTRACKS 5 TOTAL NTRACKS 6.71362e+06
 %%% EVENT 636000 NTRACKS 4 TOTAL NTRACKS 6.7242e+06
 %%% EVENT 637000 NTRACKS 7 TOTAL NTRACKS 6.73414e+06
 %%% EVENT 638000 NTRACKS 14 TOTAL NTRACKS 6.74444e+06
 %%% EVENT 639000 NTRACKS 4 TOTAL NTRACKS 6.75435e+06
 %%% EVENT 640000 NTRACKS 4 TOTAL NTRACKS 6.76463e+06
 %%% EVENT 641000 NTRACKS 18 TOTAL NTRACKS 6.77537e+06
 %%% EVENT 642000 NTRACKS 41 TOTAL NTRACKS 6.78593e+06
 %%% EVENT 643000 NTRACKS 15 TOTAL NTRACKS 6.79645e+06
 %%% EVENT 644000 NTRACKS 13 TOTAL NTRACKS 6.80704e+06
 %%% EVENT 645000 NTRACKS 8 TOTAL NTRACKS 6.81757e+06
 %%% EVENT 646000 NTRACKS 52 TOTAL NTRACKS 6.82802e+06
 %%% EVENT 647000 NTRACKS 2 TOTAL NTRACKS 6.83874e+06
 %%% EVENT 648000 NTRACKS 6 TOTAL NTRACKS 6.8493e+06
 %%% EVENT 649000 NTRACKS 7 TOTAL NTRACKS 6.85989e+06
 %%% EVENT 650000 NTRACKS 7 TOTAL NTRACKS 6.87015e+06
 %%% EVENT 651000 NTRACKS 1 TOTAL NTRACKS 6.8803e+06
 %%% EVENT 652000 NTRACKS 5 TOTAL NTRACKS 6.89051e+06
 %%% EVENT 653000 NTRACKS 8 TOTAL NTRACKS 6.90116e+06
 %%% EVENT 654000 NTRACKS 3 TOTAL NTRACKS 6.91153e+06
 %%% EVENT 655000 NTRACKS 3 TOTAL NTRACKS 6.9229e+06
 %%% EVENT 656000 NTRACKS 6 TOTAL NTRACKS 6.93367e+06
 %%% EVENT 657000 NTRACKS 13 TOTAL NTRACKS 6.94381e+06
 %%% EVENT 658000 NTRACKS 7 TOTAL NTRACKS 6.95452e+06
 %%% EVENT 659000 NTRACKS 25 TOTAL NTRACKS 6.96516e+06
 %%% EVENT 660000 NTRACKS 2 TOTAL NTRACKS 6.97568e+06
 %%% EVENT 661000 NTRACKS 14 TOTAL NTRACKS 6.98612e+06
 %%% EVENT 662000 NTRACKS 2 TOTAL NTRACKS 6.99671e+06
 %%% EVENT 663000 NTRACKS 2 TOTAL NTRACKS 7.00726e+06
 %%% EVENT 664000 NTRACKS 8 TOTAL NTRACKS 7.01713e+06
 %%% EVENT 665000 NTRACKS 26 TOTAL NTRACKS 7.02762e+06
 %%% EVENT 666000 NTRACKS 16 TOTAL NTRACKS 7.03834e+06
 %%% EVENT 667000 NTRACKS 16 TOTAL NTRACKS 7.0483e+06
 %%% EVENT 668000 NTRACKS 7 TOTAL NTRACKS 7.05837e+06
 %%% EVENT 669000 NTRACKS 7 TOTAL NTRACKS 7.06843e+06
 %%% EVENT 670000 NTRACKS 2 TOTAL NTRACKS 7.07866e+06
 %%% EVENT 671000 NTRACKS 8 TOTAL NTRACKS 7.08923e+06
 %%% EVENT 672000 NTRACKS 1 TOTAL NTRACKS 7.10006e+06
 %%% EVENT 673000 NTRACKS 6 TOTAL NTRACKS 7.11071e+06
 %%% EVENT 674000 NTRACKS 10 TOTAL NTRACKS 7.12176e+06
 %%% EVENT 675000 NTRACKS 12 TOTAL NTRACKS 7.1322e+06
 %%% EVENT 676000 NTRACKS 3 TOTAL NTRACKS 7.14238e+06
 %%% EVENT 677000 NTRACKS 3 TOTAL NTRACKS 7.15286e+06
 %%% EVENT 678000 NTRACKS 34 TOTAL NTRACKS 7.1638e+06
 %%% EVENT 679000 NTRACKS 23 TOTAL NTRACKS 7.17434e+06
 %%% EVENT 680000 NTRACKS 9 TOTAL NTRACKS 7.18519e+06
 %%% EVENT 681000 NTRACKS 7 TOTAL NTRACKS 7.19549e+06
 %%% EVENT 682000 NTRACKS 13 TOTAL NTRACKS 7.20626e+06
 %%% EVENT 683000 NTRACKS 3 TOTAL NTRACKS 7.21694e+06
 %%% EVENT 684000 NTRACKS 15 TOTAL NTRACKS 7.22762e+06
 %%% EVENT 685000 NTRACKS 25 TOTAL NTRACKS 7.238e+06
 %%% EVENT 686000 NTRACKS 6 TOTAL NTRACKS 7.24806e+06
 %%% EVENT 687000 NTRACKS 43 TOTAL NTRACKS 7.2584e+06
 %%% EVENT 688000 NTRACKS 6 TOTAL NTRACKS 7.26868e+06
 %%% EVENT 689000 NTRACKS 9 TOTAL NTRACKS 7.27936e+06
 %%% EVENT 690000 NTRACKS 8 TOTAL NTRACKS 7.29003e+06
 %%% EVENT 691000 NTRACKS 20 TOTAL NTRACKS 7.30077e+06
 %%% EVENT 692000 NTRACKS 52 TOTAL NTRACKS 7.31148e+06
 %%% EVENT 693000 NTRACKS 3 TOTAL NTRACKS 7.32174e+06
 %%% EVENT 694000 NTRACKS 11 TOTAL NTRACKS 7.33242e+06
 %%% EVENT 695000 NTRACKS 3 TOTAL NTRACKS 7.34305e+06
 %%% EVENT 696000 NTRACKS 4 TOTAL NTRACKS 7.35396e+06
 %%% EVENT 697000 NTRACKS 3 TOTAL NTRACKS 7.3637e+06
 %%% EVENT 698000 NTRACKS 12 TOTAL NTRACKS 7.37411e+06
 %%% EVENT 699000 NTRACKS 3 TOTAL NTRACKS 7.38426e+06
 %%% EVENT 700000 NTRACKS 1 TOTAL NTRACKS 7.39488e+06
 %%% EVENT 701000 NTRACKS 7 TOTAL NTRACKS 7.40594e+06
 %%% EVENT 702000 NTRACKS 7 TOTAL NTRACKS 7.41627e+06
 %%% EVENT 703000 NTRACKS 2 TOTAL NTRACKS 7.42674e+06
 %%% EVENT 704000 NTRACKS 10 TOTAL NTRACKS 7.43733e+06
 %%% EVENT 705000 NTRACKS 16 TOTAL NTRACKS 7.44789e+06
 %%% EVENT 706000 NTRACKS 2 TOTAL NTRACKS 7.45832e+06
 %%% EVENT 707000 NTRACKS 6 TOTAL NTRACKS 7.4693e+06
 %%% EVENT 708000 NTRACKS 5 TOTAL NTRACKS 7.47984e+06
 %%% EVENT 709000 NTRACKS 25 TOTAL NTRACKS 7.49047e+06
 %%% EVENT 710000 NTRACKS 26 TOTAL NTRACKS 7.50128e+06
 %%% EVENT 711000 NTRACKS 9 TOTAL NTRACKS 7.51148e+06
 %%% EVENT 712000 NTRACKS 4 TOTAL NTRACKS 7.52196e+06
 %%% EVENT 713000 NTRACKS 18 TOTAL NTRACKS 7.53234e+06
 %%% EVENT 714000 NTRACKS 12 TOTAL NTRACKS 7.54228e+06
 %%% EVENT 715000 NTRACKS 10 TOTAL NTRACKS 7.55312e+06
 %%% EVENT 716000 NTRACKS 8 TOTAL NTRACKS 7.56359e+06
 %%% EVENT 717000 NTRACKS 11 TOTAL NTRACKS 7.57399e+06
 %%% EVENT 718000 NTRACKS 20 TOTAL NTRACKS 7.58443e+06
 %%% EVENT 719000 NTRACKS 13 TOTAL NTRACKS 7.59544e+06
 %%% EVENT 720000 NTRACKS 7 TOTAL NTRACKS 7.60537e+06
 %%% EVENT 721000 NTRACKS 3 TOTAL NTRACKS 7.61608e+06
 %%% EVENT 722000 NTRACKS 16 TOTAL NTRACKS 7.62673e+06
 %%% EVENT 723000 NTRACKS 4 TOTAL NTRACKS 7.63698e+06
 %%% EVENT 724000 NTRACKS 1 TOTAL NTRACKS 7.64762e+06
 %%% EVENT 725000 NTRACKS 8 TOTAL NTRACKS 7.65799e+06
 %%% EVENT 726000 NTRACKS 18 TOTAL NTRACKS 7.66842e+06
 %%% EVENT 727000 NTRACKS 1 TOTAL NTRACKS 7.67903e+06
 %%% EVENT 728000 NTRACKS 5 TOTAL NTRACKS 7.6892e+06
 %%% EVENT 729000 NTRACKS 8 TOTAL NTRACKS 7.69942e+06
 %%% EVENT 730000 NTRACKS 3 TOTAL NTRACKS 7.71046e+06
 %%% EVENT 731000 NTRACKS 25 TOTAL NTRACKS 7.7211e+06
 %%% EVENT 732000 NTRACKS 2 TOTAL NTRACKS 7.73188e+06
 %%% EVENT 733000 NTRACKS 17 TOTAL NTRACKS 7.74226e+06
 %%% EVENT 734000 NTRACKS 2 TOTAL NTRACKS 7.75284e+06
 %%% EVENT 735000 NTRACKS 9 TOTAL NTRACKS 7.76391e+06
 %%% EVENT 736000 NTRACKS 6 TOTAL NTRACKS 7.77478e+06
 %%% EVENT 737000 NTRACKS 34 TOTAL NTRACKS 7.78559e+06
 %%% EVENT 738000 NTRACKS 9 TOTAL NTRACKS 7.79622e+06
 %%% EVENT 739000 NTRACKS 52 TOTAL NTRACKS 7.80699e+06
 %%% EVENT 740000 NTRACKS 30 TOTAL NTRACKS 7.81787e+06
 %%% EVENT 741000 NTRACKS 14 TOTAL NTRACKS 7.82833e+06
 %%% EVENT 742000 NTRACKS 29 TOTAL NTRACKS 7.83873e+06
 %%% EVENT 743000 NTRACKS 25 TOTAL NTRACKS 7.84915e+06
 %%% EVENT 744000 NTRACKS 19 TOTAL NTRACKS 7.85994e+06
 %%% EVENT 745000 NTRACKS 13 TOTAL NTRACKS 7.87031e+06
 %%% EVENT 746000 NTRACKS 5 TOTAL NTRACKS 7.88085e+06
 %%% EVENT 747000 NTRACKS 53 TOTAL NTRACKS 7.89122e+06
 %%% EVENT 748000 NTRACKS 35 TOTAL NTRACKS 7.90212e+06
 %%% EVENT 749000 NTRACKS 29 TOTAL NTRACKS 7.91234e+06
 %%% EVENT 750000 NTRACKS 5 TOTAL NTRACKS 7.92287e+06
 %%% EVENT 751000 NTRACKS 13 TOTAL NTRACKS 7.93337e+06
 %%% EVENT 752000 NTRACKS 5 TOTAL NTRACKS 7.94366e+06
 %%% EVENT 753000 NTRACKS 11 TOTAL NTRACKS 7.95403e+06
 %%% EVENT 754000 NTRACKS 5 TOTAL NTRACKS 7.96461e+06
 %%% EVENT 755000 NTRACKS 6 TOTAL NTRACKS 7.97549e+06
 %%% EVENT 756000 NTRACKS 1 TOTAL NTRACKS 7.98582e+06
 %%% EVENT 757000 NTRACKS 3 TOTAL NTRACKS 7.99626e+06
 %%% EVENT 758000 NTRACKS 6 TOTAL NTRACKS 8.00675e+06
 %%% EVENT 759000 NTRACKS 1 TOTAL NTRACKS 8.01734e+06
 %%% EVENT 760000 NTRACKS 22 TOTAL NTRACKS 8.02811e+06
 %%% EVENT 761000 NTRACKS 14 TOTAL NTRACKS 8.03844e+06
 %%% EVENT 762000 NTRACKS 12 TOTAL NTRACKS 8.04901e+06
 %%% EVENT 763000 NTRACKS 5 TOTAL NTRACKS 8.05942e+06
 %%% EVENT 764000 NTRACKS 10 TOTAL NTRACKS 8.06998e+06
 %%% EVENT 765000 NTRACKS 6 TOTAL NTRACKS 8.08152e+06
 %%% EVENT 766000 NTRACKS 18 TOTAL NTRACKS 8.09164e+06
 %%% EVENT 767000 NTRACKS 18 TOTAL NTRACKS 8.10208e+06
 %%% EVENT 768000 NTRACKS 2 TOTAL NTRACKS 8.11256e+06
 %%% EVENT 769000 NTRACKS 11 TOTAL NTRACKS 8.12281e+06
 %%% EVENT 770000 NTRACKS 3 TOTAL NTRACKS 8.1337e+06
 %%% EVENT 771000 NTRACKS 10 TOTAL NTRACKS 8.14418e+06
 %%% EVENT 772000 NTRACKS 8 TOTAL NTRACKS 8.1548e+06
 %%% EVENT 773000 NTRACKS 10 TOTAL NTRACKS 8.16541e+06
 %%% EVENT 774000 NTRACKS 10 TOTAL NTRACKS 8.1763e+06
 %%% EVENT 775000 NTRACKS 3 TOTAL NTRACKS 8.18642e+06
 %%% EVENT 776000 NTRACKS 8 TOTAL NTRACKS 8.19656e+06
 %%% EVENT 777000 NTRACKS 2 TOTAL NTRACKS 8.20767e+06
 %%% EVENT 778000 NTRACKS 2 TOTAL NTRACKS 8.21827e+06
 %%% EVENT 779000 NTRACKS 59 TOTAL NTRACKS 8.22926e+06
 %%% EVENT 780000 NTRACKS 3 TOTAL NTRACKS 8.23984e+06
 %%% EVENT 781000 NTRACKS 42 TOTAL NTRACKS 8.25042e+06
 %%% EVENT 782000 NTRACKS 12 TOTAL NTRACKS 8.26025e+06
 %%% EVENT 783000 NTRACKS 18 TOTAL NTRACKS 8.27072e+06
 %%% EVENT 784000 NTRACKS 16 TOTAL NTRACKS 8.28115e+06
 %%% EVENT 785000 NTRACKS 4 TOTAL NTRACKS 8.29166e+06
 %%% EVENT 786000 NTRACKS 11 TOTAL NTRACKS 8.30218e+06
 %%% EVENT 787000 NTRACKS 2 TOTAL NTRACKS 8.31246e+06
 %%% EVENT 788000 NTRACKS 5 TOTAL NTRACKS 8.32296e+06
 %%% EVENT 789000 NTRACKS 10 TOTAL NTRACKS 8.33357e+06
 %%% EVENT 790000 NTRACKS 7 TOTAL NTRACKS 8.34475e+06
 %%% EVENT 791000 NTRACKS 12 TOTAL NTRACKS 8.35562e+06
 %%% EVENT 792000 NTRACKS 17 TOTAL NTRACKS 8.36668e+06
 %%% EVENT 793000 NTRACKS 11 TOTAL NTRACKS 8.37674e+06
 %%% EVENT 794000 NTRACKS 5 TOTAL NTRACKS 8.38766e+06
 %%% EVENT 795000 NTRACKS 4 TOTAL NTRACKS 8.39822e+06
 %%% EVENT 796000 NTRACKS 4 TOTAL NTRACKS 8.40924e+06
 %%% EVENT 797000 NTRACKS 7 TOTAL NTRACKS 8.41969e+06
 %%% EVENT 798000 NTRACKS 3 TOTAL NTRACKS 8.43017e+06
 %%% EVENT 799000 NTRACKS 12 TOTAL NTRACKS 8.44117e+06
 %%% EVENT 800000 NTRACKS 26 TOTAL NTRACKS 8.45173e+06
 %%% EVENT 801000 NTRACKS 7 TOTAL NTRACKS 8.46253e+06
 %%% EVENT 802000 NTRACKS 13 TOTAL NTRACKS 8.47328e+06
 %%% EVENT 803000 NTRACKS 5 TOTAL NTRACKS 8.48337e+06
 %%% EVENT 804000 NTRACKS 7 TOTAL NTRACKS 8.49386e+06
 %%% EVENT 805000 NTRACKS 7 TOTAL NTRACKS 8.504e+06
 %%% EVENT 806000 NTRACKS 9 TOTAL NTRACKS 8.51456e+06
 %%% EVENT 807000 NTRACKS 6 TOTAL NTRACKS 8.52568e+06
 %%% EVENT 808000 NTRACKS 35 TOTAL NTRACKS 8.53672e+06
 %%% EVENT 809000 NTRACKS 9 TOTAL NTRACKS 8.54766e+06
 %%% EVENT 810000 NTRACKS 11 TOTAL NTRACKS 8.55836e+06
 %%% EVENT 811000 NTRACKS 12 TOTAL NTRACKS 8.56939e+06
 %%% EVENT 812000 NTRACKS 2 TOTAL NTRACKS 8.58004e+06
 %%% EVENT 813000 NTRACKS 10 TOTAL NTRACKS 8.59068e+06
 %%% EVENT 814000 NTRACKS 3 TOTAL NTRACKS 8.60129e+06
 %%% EVENT 815000 NTRACKS 3 TOTAL NTRACKS 8.61184e+06
 %%% EVENT 816000 NTRACKS 12 TOTAL NTRACKS 8.62247e+06
 %%% EVENT 817000 NTRACKS 32 TOTAL NTRACKS 8.63344e+06
 %%% EVENT 818000 NTRACKS 3 TOTAL NTRACKS 8.64431e+06
 %%% EVENT 819000 NTRACKS 9 TOTAL NTRACKS 8.65523e+06
 %%% EVENT 820000 NTRACKS 21 TOTAL NTRACKS 8.66593e+06
 %%% EVENT 821000 NTRACKS 12 TOTAL NTRACKS 8.67675e+06
 %%% EVENT 822000 NTRACKS 13 TOTAL NTRACKS 8.6874e+06
 %%% EVENT 823000 NTRACKS 7 TOTAL NTRACKS 8.6984e+06
 %%% EVENT 824000 NTRACKS 3 TOTAL NTRACKS 8.70886e+06
 %%% EVENT 825000 NTRACKS 22 TOTAL NTRACKS 8.71917e+06
 %%% EVENT 826000 NTRACKS 5 TOTAL NTRACKS 8.72946e+06
 %%% EVENT 827000 NTRACKS 35 TOTAL NTRACKS 8.73997e+06
 %%% EVENT 828000 NTRACKS 22 TOTAL NTRACKS 8.75005e+06
 %%% EVENT 829000 NTRACKS 5 TOTAL NTRACKS 8.7604e+06
 %%% EVENT 830000 NTRACKS 31 TOTAL NTRACKS 8.77167e+06
 %%% EVENT 831000 NTRACKS 8 TOTAL NTRACKS 8.78209e+06
 %%% EVENT 832000 NTRACKS 10 TOTAL NTRACKS 8.79246e+06
 %%% EVENT 833000 NTRACKS 5 TOTAL NTRACKS 8.80352e+06
 %%% EVENT 834000 NTRACKS 29 TOTAL NTRACKS 8.81382e+06
 %%% EVENT 835000 NTRACKS 15 TOTAL NTRACKS 8.8239e+06
 %%% EVENT 836000 NTRACKS 15 TOTAL NTRACKS 8.83449e+06
 %%% EVENT 837000 NTRACKS 25 TOTAL NTRACKS 8.84494e+06
 %%% EVENT 838000 NTRACKS 10 TOTAL NTRACKS 8.85553e+06
 %%% EVENT 839000 NTRACKS 4 TOTAL NTRACKS 8.86598e+06
 %%% EVENT 840000 NTRACKS 8 TOTAL NTRACKS 8.87648e+06
 %%% EVENT 841000 NTRACKS 3 TOTAL NTRACKS 8.88666e+06
 %%% EVENT 842000 NTRACKS 3 TOTAL NTRACKS 8.89664e+06
 %%% EVENT 843000 NTRACKS 2 TOTAL NTRACKS 8.90712e+06
 %%% EVENT 844000 NTRACKS 14 TOTAL NTRACKS 8.91776e+06
 %%% EVENT 845000 NTRACKS 8 TOTAL NTRACKS 8.92801e+06
 %%% EVENT 846000 NTRACKS 14 TOTAL NTRACKS 8.93856e+06
 %%% EVENT 847000 NTRACKS 10 TOTAL NTRACKS 8.94921e+06
 %%% EVENT 848000 NTRACKS 3 TOTAL NTRACKS 8.96007e+06
 %%% EVENT 849000 NTRACKS 16 TOTAL NTRACKS 8.97081e+06
 %%% EVENT 850000 NTRACKS 1 TOTAL NTRACKS 8.9811e+06
 %%% EVENT 851000 NTRACKS 25 TOTAL NTRACKS 8.99177e+06
 %%% EVENT 852000 NTRACKS 19 TOTAL NTRACKS 9.00245e+06
 %%% EVENT 853000 NTRACKS 1 TOTAL NTRACKS 9.01327e+06
 %%% EVENT 854000 NTRACKS 26 TOTAL NTRACKS 9.02421e+06
 %%% EVENT 855000 NTRACKS 2 TOTAL NTRACKS 9.035e+06
 %%% EVENT 856000 NTRACKS 1 TOTAL NTRACKS 9.04536e+06
 %%% EVENT 857000 NTRACKS 10 TOTAL NTRACKS 9.05629e+06
 %%% EVENT 858000 NTRACKS 4 TOTAL NTRACKS 9.06704e+06
 %%% EVENT 859000 NTRACKS 16 TOTAL NTRACKS 9.07679e+06
 %%% EVENT 860000 NTRACKS 16 TOTAL NTRACKS 9.08807e+06
 %%% EVENT 861000 NTRACKS 2 TOTAL NTRACKS 9.09873e+06
 %%% EVENT 862000 NTRACKS 7 TOTAL NTRACKS 9.10934e+06
 %%% EVENT 863000 NTRACKS 25 TOTAL NTRACKS 9.11979e+06
 %%% EVENT 864000 NTRACKS 11 TOTAL NTRACKS 9.1308e+06
 %%% EVENT 865000 NTRACKS 9 TOTAL NTRACKS 9.14185e+06
 %%% EVENT 866000 NTRACKS 2 TOTAL NTRACKS 9.1525e+06
 %%% EVENT 867000 NTRACKS 3 TOTAL NTRACKS 9.16335e+06
 %%% EVENT 868000 NTRACKS 21 TOTAL NTRACKS 9.17406e+06
 %%% EVENT 869000 NTRACKS 3 TOTAL NTRACKS 9.18443e+06
 %%% EVENT 870000 NTRACKS 13 TOTAL NTRACKS 9.19484e+06
 %%% EVENT 871000 NTRACKS 8 TOTAL NTRACKS 9.20546e+06
 %%% EVENT 872000 NTRACKS 20 TOTAL NTRACKS 9.2163e+06
 %%% EVENT 873000 NTRACKS 3 TOTAL NTRACKS 9.22732e+06
 %%% EVENT 874000 NTRACKS 9 TOTAL NTRACKS 9.23774e+06
 %%% EVENT 875000 NTRACKS 24 TOTAL NTRACKS 9.24889e+06
 %%% EVENT 876000 NTRACKS 4 TOTAL NTRACKS 9.25926e+06
 %%% EVENT 877000 NTRACKS 6 TOTAL NTRACKS 9.2699e+06
 %%% EVENT 878000 NTRACKS 13 TOTAL NTRACKS 9.28037e+06
 %%% EVENT 879000 NTRACKS 12 TOTAL NTRACKS 9.29091e+06
 %%% EVENT 880000 NTRACKS 6 TOTAL NTRACKS 9.30205e+06
 %%% EVENT 881000 NTRACKS 6 TOTAL NTRACKS 9.31257e+06
 %%% EVENT 882000 NTRACKS 10 TOTAL NTRACKS 9.32349e+06
 %%% EVENT 883000 NTRACKS 15 TOTAL NTRACKS 9.33392e+06
 %%% EVENT 884000 NTRACKS 6 TOTAL NTRACKS 9.34442e+06
 %%% EVENT 885000 NTRACKS 7 TOTAL NTRACKS 9.35477e+06
 %%% EVENT 886000 NTRACKS 20 TOTAL NTRACKS 9.36519e+06
 %%% EVENT 887000 NTRACKS 8 TOTAL NTRACKS 9.37609e+06
 %%% EVENT 888000 NTRACKS 3 TOTAL NTRACKS 9.38669e+06
 %%% EVENT 889000 NTRACKS 8 TOTAL NTRACKS 9.39704e+06
 %%% EVENT 890000 NTRACKS 1 TOTAL NTRACKS 9.40743e+06
 %%% EVENT 891000 NTRACKS 7 TOTAL NTRACKS 9.4182e+06
 %%% EVENT 892000 NTRACKS 17 TOTAL NTRACKS 9.42932e+06
 %%% EVENT 893000 NTRACKS 6 TOTAL NTRACKS 9.44026e+06
 %%% EVENT 894000 NTRACKS 15 TOTAL NTRACKS 9.45077e+06
 %%% EVENT 895000 NTRACKS 14 TOTAL NTRACKS 9.46202e+06
 %%% EVENT 896000 NTRACKS 5 TOTAL NTRACKS 9.47201e+06
 %%% EVENT 897000 NTRACKS 5 TOTAL NTRACKS 9.48203e+06
 %%% EVENT 898000 NTRACKS 34 TOTAL NTRACKS 9.49233e+06
 %%% EVENT 899000 NTRACKS 10 TOTAL NTRACKS 9.50305e+06
 %%% EVENT 900000 NTRACKS 47 TOTAL NTRACKS 9.51403e+06
 %%% EVENT 901000 NTRACKS 36 TOTAL NTRACKS 9.52457e+06
 %%% EVENT 902000 NTRACKS 7 TOTAL NTRACKS 9.53546e+06
 %%% EVENT 903000 NTRACKS 17 TOTAL NTRACKS 9.5462e+06
 %%% EVENT 904000 NTRACKS 9 TOTAL NTRACKS 9.55693e+06
 %%% EVENT 905000 NTRACKS 8 TOTAL NTRACKS 9.56713e+06
 %%% EVENT 906000 NTRACKS 5 TOTAL NTRACKS 9.57772e+06
 %%% EVENT 907000 NTRACKS 2 TOTAL NTRACKS 9.58812e+06
 %%% EVENT 908000 NTRACKS 3 TOTAL NTRACKS 9.59898e+06
 %%% EVENT 909000 NTRACKS 9 TOTAL NTRACKS 9.60923e+06
 %%% EVENT 910000 NTRACKS 7 TOTAL NTRACKS 9.61986e+06
 %%% EVENT 911000 NTRACKS 20 TOTAL NTRACKS 9.63053e+06
 %%% EVENT 912000 NTRACKS 25 TOTAL NTRACKS 9.6409e+06
 %%% EVENT 913000 NTRACKS 2 TOTAL NTRACKS 9.6512e+06
 %%% EVENT 914000 NTRACKS 8 TOTAL NTRACKS 9.66182e+06
 %%% EVENT 915000 NTRACKS 10 TOTAL NTRACKS 9.67258e+06
 %%% EVENT 916000 NTRACKS 8 TOTAL NTRACKS 9.68292e+06
 %%% EVENT 917000 NTRACKS 16 TOTAL NTRACKS 9.69309e+06
 %%% EVENT 918000 NTRACKS 25 TOTAL NTRACKS 9.70413e+06
 %%% EVENT 919000 NTRACKS 1 TOTAL NTRACKS 9.71446e+06
 %%% EVENT 920000 NTRACKS 5 TOTAL NTRACKS 9.72451e+06
 %%% EVENT 921000 NTRACKS 7 TOTAL NTRACKS 9.73544e+06
 %%% EVENT 922000 NTRACKS 5 TOTAL NTRACKS 9.74596e+06
 %%% EVENT 923000 NTRACKS 12 TOTAL NTRACKS 9.75596e+06
 %%% EVENT 924000 NTRACKS 17 TOTAL NTRACKS 9.7665e+06
 %%% EVENT 925000 NTRACKS 2 TOTAL NTRACKS 9.77744e+06
 %%% EVENT 926000 NTRACKS 20 TOTAL NTRACKS 9.78856e+06
 %%% EVENT 927000 NTRACKS 11 TOTAL NTRACKS 9.79901e+06
 %%% EVENT 928000 NTRACKS 7 TOTAL NTRACKS 9.80959e+06
 %%% EVENT 929000 NTRACKS 24 TOTAL NTRACKS 9.82005e+06
 %%% EVENT 930000 NTRACKS 2 TOTAL NTRACKS 9.83049e+06
 %%% EVENT 931000 NTRACKS 31 TOTAL NTRACKS 9.84094e+06
 %%% EVENT 932000 NTRACKS 9 TOTAL NTRACKS 9.85132e+06
 %%% EVENT 933000 NTRACKS 19 TOTAL NTRACKS 9.86212e+06
 %%% EVENT 934000 NTRACKS 6 TOTAL NTRACKS 9.873e+06
 %%% EVENT 935000 NTRACKS 15 TOTAL NTRACKS 9.88391e+06
 %%% EVENT 936000 NTRACKS 14 TOTAL NTRACKS 9.8945e+06
 %%% EVENT 937000 NTRACKS 10 TOTAL NTRACKS 9.90521e+06
 %%% EVENT 938000 NTRACKS 18 TOTAL NTRACKS 9.9155e+06
 %%% EVENT 939000 NTRACKS 12 TOTAL NTRACKS 9.92626e+06
 %%% EVENT 940000 NTRACKS 14 TOTAL NTRACKS 9.93676e+06
 %%% EVENT 941000 NTRACKS 10 TOTAL NTRACKS 9.94742e+06
 %%% EVENT 942000 NTRACKS 1 TOTAL NTRACKS 9.95806e+06
 %%% EVENT 943000 NTRACKS 10 TOTAL NTRACKS 9.96904e+06
 %%% EVENT 944000 NTRACKS 1 TOTAL NTRACKS 9.97928e+06
 %%% EVENT 945000 NTRACKS 27 TOTAL NTRACKS 9.9899e+06
 %%% EVENT 946000 NTRACKS 16 TOTAL NTRACKS 1.00003e+07
 %%% EVENT 947000 NTRACKS 4 TOTAL NTRACKS 1.00108e+07
 %%% EVENT 948000 NTRACKS 1 TOTAL NTRACKS 1.00214e+07
 %%% EVENT 949000 NTRACKS 36 TOTAL NTRACKS 1.00323e+07
 %%% EVENT 950000 NTRACKS 2 TOTAL NTRACKS 1.00427e+07
 %%% EVENT 951000 NTRACKS 6 TOTAL NTRACKS 1.00536e+07
 %%% EVENT 952000 NTRACKS 11 TOTAL NTRACKS 1.00643e+07
 %%% EVENT 953000 NTRACKS 6 TOTAL NTRACKS 1.00751e+07
 %%% EVENT 954000 NTRACKS 15 TOTAL NTRACKS 1.00859e+07
 %%% EVENT 955000 NTRACKS 9 TOTAL NTRACKS 1.00967e+07
 %%% EVENT 956000 NTRACKS 32 TOTAL NTRACKS 1.01079e+07
 %%% EVENT 957000 NTRACKS 5 TOTAL NTRACKS 1.01184e+07
 %%% EVENT 958000 NTRACKS 11 TOTAL NTRACKS 1.0129e+07
 %%% EVENT 959000 NTRACKS 14 TOTAL NTRACKS 1.01392e+07
 %%% EVENT 960000 NTRACKS 3 TOTAL NTRACKS 1.01499e+07
 %%% EVENT 961000 NTRACKS 5 TOTAL NTRACKS 1.01601e+07
 %%% EVENT 962000 NTRACKS 8 TOTAL NTRACKS 1.01713e+07
 %%% EVENT 963000 NTRACKS 17 TOTAL NTRACKS 1.01818e+07
 %%% EVENT 964000 NTRACKS 1 TOTAL NTRACKS 1.01922e+07
 %%% EVENT 965000 NTRACKS 10 TOTAL NTRACKS 1.02024e+07
 %%% EVENT 966000 NTRACKS 3 TOTAL NTRACKS 1.02126e+07
 %%% EVENT 967000 NTRACKS 15 TOTAL NTRACKS 1.02228e+07
 %%% EVENT 968000 NTRACKS 1 TOTAL NTRACKS 1.02332e+07
 %%% EVENT 969000 NTRACKS 3 TOTAL NTRACKS 1.02439e+07
 %%% EVENT 970000 NTRACKS 11 TOTAL NTRACKS 1.02553e+07
 %%% EVENT 971000 NTRACKS 8 TOTAL NTRACKS 1.02663e+07
 %%% EVENT 972000 NTRACKS 15 TOTAL NTRACKS 1.02772e+07
 %%% EVENT 973000 NTRACKS 37 TOTAL NTRACKS 1.02877e+07
 %%% EVENT 974000 NTRACKS 4 TOTAL NTRACKS 1.02988e+07
 %%% EVENT 975000 NTRACKS 14 TOTAL NTRACKS 1.03096e+07
 %%% EVENT 976000 NTRACKS 5 TOTAL NTRACKS 1.03201e+07
 %%% EVENT 977000 NTRACKS 12 TOTAL NTRACKS 1.03308e+07
 %%% EVENT 978000 NTRACKS 3 TOTAL NTRACKS 1.03413e+07
 %%% EVENT 979000 NTRACKS 9 TOTAL NTRACKS 1.03519e+07
 %%% EVENT 980000 NTRACKS 7 TOTAL NTRACKS 1.03623e+07
 %%% EVENT 981000 NTRACKS 15 TOTAL NTRACKS 1.03731e+07
 %%% EVENT 982000 NTRACKS 5 TOTAL NTRACKS 1.03837e+07
 %%% EVENT 983000 NTRACKS 6 TOTAL NTRACKS 1.03941e+07
 %%% EVENT 984000 NTRACKS 2 TOTAL NTRACKS 1.04048e+07
 %%% EVENT 985000 NTRACKS 10 TOTAL NTRACKS 1.04152e+07
 %%% EVENT 986000 NTRACKS 1 TOTAL NTRACKS 1.0426e+07
 %%% EVENT 987000 NTRACKS 7 TOTAL NTRACKS 1.04368e+07
 %%% EVENT 988000 NTRACKS 3 TOTAL NTRACKS 1.0447e+07
 %%% EVENT 989000 NTRACKS 12 TOTAL NTRACKS 1.0458e+07
 %%% EVENT 990000 NTRACKS 16 TOTAL NTRACKS 1.04693e+07
 %%% EVENT 991000 NTRACKS 2 TOTAL NTRACKS 1.04796e+07
 %%% EVENT 992000 NTRACKS 19 TOTAL NTRACKS 1.04905e+07
 %%% EVENT 993000 NTRACKS 4 TOTAL NTRACKS 1.05011e+07
 %%% EVENT 994000 NTRACKS 14 TOTAL NTRACKS 1.05113e+07
 %%% EVENT 995000 NTRACKS 13 TOTAL NTRACKS 1.05226e+07
 %%% EVENT 996000 NTRACKS 14 TOTAL NTRACKS 1.05327e+07
 %%% EVENT 997000 NTRACKS 6 TOTAL NTRACKS 1.05426e+07
 %%% EVENT 998000 NTRACKS 6 TOTAL NTRACKS 1.05537e+07
 %%% EVENT 999000 NTRACKS 1 TOTAL NTRACKS 1.05642e+07
 Run terminated.
Run Summary
  Number of events processed : 1000000
  User=344.700000s Real=344.873850s Sys=0.060000s
Graphics systems deleted.
Visualization Manager deleting...
 GmAnalysisMgr::~GmAnalysisMgr( bNormalizeToNEvents 1 phaseSpaceDBS:NormalizeToNEvents
=== saving histograms in file === phaseSpaceDBS.root
