/control/execute exercise2b.in
/gamos/setParam GmAnalysisMgr:FileNameSuffix .exercise2b
/gamos/setParam GmGeometryFromText:FileName linac.geom
/gamos/geometry GmGeometryFromText
/gamos/physicsList GmEMPhysics
GmEMPhysics PhysicsList:DEFAULT = gamma-standard is registered
GmEMPhysics PhysicsList: DEFAULT = electron-standard is registered
GmEMPhysics PhysicsList: DEFAULT = positron-standard is registered
/gamos/generator GmGenerator
/gamos/setParam RTPhaseSpaceUA:FileName test
/gamos/setParam RTPhaseSpaceUA:ZStops -6 -78 -110 -170 -450 -899
/gamos/setParam RTPhaseSpaceUA:KillAfterLastZStop 1
/gamos/setParam RTPhaseSpaceUA:StoreZ 0
/gamos/userAction RTPhaseSpaceUA
/gamos/userAction GmCountTracksUA
/run/initialize
100 ANGLEN_ROT 0.333412 0: -0.233743 N: 0.0996687   -100 141.295
GmPhysicsGammaLowEner::ConstructProcess 
/gamos/generator/addSingleParticleSource source e- 6.*MeV
/gamos/generator/directionDist source GmGenerDistDirectionConst 0. 0. -1.
/run/beamOn 10000

### ===  Deexcitation model UAtomDeexcitation is activated for 1 region:
          DefaultRegionForTheWorld  1  1  0
### ===  Auger cascade flag: 0
### ===  Ignore cuts flag:   0

phot:  for gamma SubType=12 BuildTable=0
      LambdaPrime table from 200 keV to 100 TeV in 61 bins 
      ===== EM models for the G4Region  DefaultRegionForTheWorld ======
 LivermorePhElectric : Emin=    0 eV  Emax=    1 GeV  SauterGavrila Fluo
       PhotoElectric : Emin=    1 GeV Emax=  100 TeV  SauterGavrila Fluo

compt:  for gamma SubType=13 BuildTable=1
      Lambda table from 100 eV  to 1 MeV, 7 bins/decade, spline: 1
      LambdaPrime table from 1 MeV to 100 TeV in 56 bins 
      ===== EM models for the G4Region  DefaultRegionForTheWorld ======
    LivermoreCompton : Emin=    0 eV  Emax=    1 GeV Fluo
       Klein-Nishina : Emin=    1 GeV Emax=  100 TeV

conv:  for gamma SubType=14 BuildTable=1
      Lambda table from 1.022 MeV to 100 TeV, 18 bins/decade, spline: 1
      ===== EM models for the G4Region  DefaultRegionForTheWorld ======
 LivermoreConversion : Emin=    0 eV  Emax=    1 GeV
     BetheHeitlerLPM : Emin=    1 GeV Emax=  100 TeV  ModifiedTsai

Rayl:  for gamma SubType=11 BuildTable=1
      Lambda table from 100 eV  to 100 keV, 7 bins/decade, spline: 0
      LambdaPrime table from 100 keV to 100 TeV in 63 bins 
      ===== EM models for the G4Region  DefaultRegionForTheWorld ======
   LivermoreRayleigh : Emin=    0 eV  Emax=  100 TeV  CullenGenerator

msc:  for e-  SubType= 10
      ===== EM models for the G4Region  DefaultRegionForTheWorld ======
            UrbanMsc : Emin=    0 eV  Emax=  100 TeV Nbins=84 100 eV  - 100 TeV

eIoni:  for e-  SubType=2
      dE/dx and range tables from 100 eV  to 100 TeV in 84 bins
      Lambda tables from threshold to 100 TeV, 7 bins/decade, spline: 1
      StepFunction=(0.2, 0.1 mm), integ: 1, fluct: 1, linLossLim= 0.01
      ===== EM models for the G4Region  DefaultRegionForTheWorld ======
       LowEnergyIoni : Emin=    0 eV  Emax=    1 GeV  deltaVI
        MollerBhabha : Emin=    1 GeV Emax=  100 TeV

eBrem:  for e-  SubType=3
      dE/dx and range tables from 100 eV  to 100 TeV in 84 bins
      Lambda tables from threshold to 100 TeV, 7 bins/decade, spline: 1
      LPM flag: 1 for E > 1 GeV,  VertexHighEnergyTh(GeV)= 100000
      ===== EM models for the G4Region  DefaultRegionForTheWorld ======
           LowEnBrem : Emin=    0 eV  Emax=    1 GeV  AngularGen2BS
            eBremLPM : Emin=    1 GeV Emax=  100 TeV  ModifiedTsai

msc:  for e+  SubType= 10
      ===== EM models for the G4Region  DefaultRegionForTheWorld ======
            UrbanMsc : Emin=    0 eV  Emax=  100 TeV Nbins=84 100 eV  - 100 TeV

eIoni:  for e+  SubType=2
      dE/dx and range tables from 100 eV  to 100 TeV in 84 bins
      Lambda tables from threshold to 100 TeV, 7 bins/decade, spline: 1
      StepFunction=(0.2, 1 mm), integ: 1, fluct: 1, linLossLim= 0.01
      ===== EM models for the G4Region  DefaultRegionForTheWorld ======
        MollerBhabha : Emin=    0 eV  Emax=  100 TeV

eBrem:  for e+  SubType=3
      dE/dx and range tables from 100 eV  to 100 TeV in 84 bins
      Lambda tables from threshold to 100 TeV, 7 bins/decade, spline: 1
      LPM flag: 1 for E > 1 GeV,  VertexHighEnergyTh(GeV)= 100000
      ===== EM models for the G4Region  DefaultRegionForTheWorld ======
             eBremSB : Emin=    0 eV  Emax=    1 GeV  ModifiedTsai
            eBremLPM : Emin=    1 GeV Emax=  100 TeV  ModifiedTsai

annihil:  for e+, integral:1  SubType=5 BuildTable=0
      ===== EM models for the G4Region  DefaultRegionForTheWorld ======
            eplus2gg : Emin=    0 eV  Emax=  100 TeV

========= Table of registered couples ==============================

Index : 0     used in the geometry : Yes
 Material : G4_AIR
 Range cuts        :  gamma  100 um     e-  100 um     e+  100 um  proton 100 um 
 Energy thresholds :  gamma  990 eV     e-  990 eV     e+  990 eV  proton -1 MeV
 Region(s) which use this couple : 
    DefaultRegionForTheWorld

Index : 1     used in the geometry : Yes
 Material : G4_Cu
 Range cuts        :  gamma  100 um     e-  100 um     e+  100 um  proton 100 um 
 Energy thresholds :  gamma  7.33405 keV    e-  249.775 keV    e+  243.15 keV proton -1 MeV
 Region(s) which use this couple : 
    DefaultRegionForTheWorld

Index : 2     used in the geometry : Yes
 Material : G4_W
 Range cuts        :  gamma  100 um     e-  100 um     e+  100 um  proton 100 um 
 Energy thresholds :  gamma  36.0599 keV    e-  351.877 keV    e+  337.972 keV proton -1 MeV
 Region(s) which use this couple : 
    DefaultRegionForTheWorld

Index : 3     used in the geometry : Yes
 Material : SiFeMn
 Range cuts        :  gamma  100 um     e-  100 um     e+  100 um  proton 100 um 
 Energy thresholds :  gamma  5.56783 keV    e-  244.79 keV    e+  239.904 keV proton -1 MeV
 Region(s) which use this couple : 
    DefaultRegionForTheWorld

====================================================================

G4VisManager: Using G4TrajectoryDrawByCharge as fallback trajectory model.
See commands in /vis/modeling/trajectories/ for other options.
### Run 0 starts.
 %%% EVENT 0 NTRACKS 5 TOTAL NTRACKS 5
 CreateHisto1D PhaseSpace: -899: :ALL: X at Zstop = 760001
 CreateHisto1D PhaseSpace: -899: :ALL: X*10 at Zstop = 760101
 CreateHisto1D PhaseSpace: -899: :ALL: Y at Zstop = 760002
 CreateHisto1D PhaseSpace: -899: :ALL: Y*10 at Zstop = 760102
 CreateHisto2D PhaseSpace: -899: :ALL: XY at Zstop = 760009
 CreateHisto1D PhaseSpace: -899: :ALL: R at Zstop = 760003
 CreateHisto1D PhaseSpace: -899: :ALL: Direction Theta at Zstop = 760004
 CreateHisto1D PhaseSpace: -899: :ALL: Direction Phi at Zstop = 760005
 CreateHisto1D PhaseSpace: -899: :ALL: Energy at Zstop = 760006
 CreateHisto1D PhaseSpace: -899: :ALL: Energy*10 at Zstop = 760106
 CreateHisto1D PhaseSpace: -899: :ALL: Vx at Zstop = 760007
 CreateHisto1D PhaseSpace: -899: :ALL: Vy at Zstop = 760008
 CreateHisto1D PhaseSpace: -899: :ALL: Vz at Zstop = 760009
 CreateHisto2D PhaseSpace: -899: :ALL: R vs Direction Theta at Zstop = 760011
 CreateHisto2D PhaseSpace: -899: :ALL: R vs Energy at Zstop = 760012
 CreateHisto2D PhaseSpace: -899: :ALL: Direction Theta vs Energy at Zstop = 760013
 CreateHisto1D PhaseSpace: -899: :ALL: Weight at Zstop = 760014
 CreateHisto2D PhaseSpace: -899: :ALL: X vs Energy at Zstop = 760021
 CreateHisto2D PhaseSpace: -899: :ALL: X vs Vx at Zstop = 760022
 CreateHistoProfile1D PhaseSpace: -899: :ALL: X prof weight = 760030
 CreateHisto2D PhaseSpace: -899: :ALL: X vs log10(Weight) = 760091
 CreateHisto1D PhaseSpace: -450: :ALL: X at Zstop = 770001
 CreateHisto1D PhaseSpace: -450: :ALL: X*10 at Zstop = 770101
 CreateHisto1D PhaseSpace: -450: :ALL: Y at Zstop = 770002
 CreateHisto1D PhaseSpace: -450: :ALL: Y*10 at Zstop = 770102
 CreateHisto2D PhaseSpace: -450: :ALL: XY at Zstop = 770009
 CreateHisto1D PhaseSpace: -450: :ALL: R at Zstop = 770003
 CreateHisto1D PhaseSpace: -450: :ALL: Direction Theta at Zstop = 770004
 CreateHisto1D PhaseSpace: -450: :ALL: Direction Phi at Zstop = 770005
 CreateHisto1D PhaseSpace: -450: :ALL: Energy at Zstop = 770006
 CreateHisto1D PhaseSpace: -450: :ALL: Energy*10 at Zstop = 770106
 CreateHisto1D PhaseSpace: -450: :ALL: Vx at Zstop = 770007
 CreateHisto1D PhaseSpace: -450: :ALL: Vy at Zstop = 770008
 CreateHisto1D PhaseSpace: -450: :ALL: Vz at Zstop = 770009
 CreateHisto2D PhaseSpace: -450: :ALL: R vs Direction Theta at Zstop = 770011
 CreateHisto2D PhaseSpace: -450: :ALL: R vs Energy at Zstop = 770012
 CreateHisto2D PhaseSpace: -450: :ALL: Direction Theta vs Energy at Zstop = 770013
 CreateHisto1D PhaseSpace: -450: :ALL: Weight at Zstop = 770014
 CreateHisto2D PhaseSpace: -450: :ALL: X vs Energy at Zstop = 770021
 CreateHisto2D PhaseSpace: -450: :ALL: X vs Vx at Zstop = 770022
 CreateHistoProfile1D PhaseSpace: -450: :ALL: X prof weight = 770030
 CreateHisto2D PhaseSpace: -450: :ALL: X vs log10(Weight) = 770091
 CreateHisto1D PhaseSpace: -170: :ALL: X at Zstop = 780001
 CreateHisto1D PhaseSpace: -170: :ALL: X*10 at Zstop = 780101
 CreateHisto1D PhaseSpace: -170: :ALL: Y at Zstop = 780002
 CreateHisto1D PhaseSpace: -170: :ALL: Y*10 at Zstop = 780102
 CreateHisto2D PhaseSpace: -170: :ALL: XY at Zstop = 780009
 CreateHisto1D PhaseSpace: -170: :ALL: R at Zstop = 780003
 CreateHisto1D PhaseSpace: -170: :ALL: Direction Theta at Zstop = 780004
 CreateHisto1D PhaseSpace: -170: :ALL: Direction Phi at Zstop = 780005
 CreateHisto1D PhaseSpace: -170: :ALL: Energy at Zstop = 780006
 CreateHisto1D PhaseSpace: -170: :ALL: Energy*10 at Zstop = 780106
 CreateHisto1D PhaseSpace: -170: :ALL: Vx at Zstop = 780007
 CreateHisto1D PhaseSpace: -170: :ALL: Vy at Zstop = 780008
 CreateHisto1D PhaseSpace: -170: :ALL: Vz at Zstop = 780009
 CreateHisto2D PhaseSpace: -170: :ALL: R vs Direction Theta at Zstop = 780011
 CreateHisto2D PhaseSpace: -170: :ALL: R vs Energy at Zstop = 780012
 CreateHisto2D PhaseSpace: -170: :ALL: Direction Theta vs Energy at Zstop = 780013
 CreateHisto1D PhaseSpace: -170: :ALL: Weight at Zstop = 780014
 CreateHisto2D PhaseSpace: -170: :ALL: X vs Energy at Zstop = 780021
 CreateHisto2D PhaseSpace: -170: :ALL: X vs Vx at Zstop = 780022
 CreateHistoProfile1D PhaseSpace: -170: :ALL: X prof weight = 780030
 CreateHisto2D PhaseSpace: -170: :ALL: X vs log10(Weight) = 780091
 CreateHisto1D PhaseSpace: -110: :ALL: X at Zstop = 790001
 CreateHisto1D PhaseSpace: -110: :ALL: X*10 at Zstop = 790101
 CreateHisto1D PhaseSpace: -110: :ALL: Y at Zstop = 790002
 CreateHisto1D PhaseSpace: -110: :ALL: Y*10 at Zstop = 790102
 CreateHisto2D PhaseSpace: -110: :ALL: XY at Zstop = 790009
 CreateHisto1D PhaseSpace: -110: :ALL: R at Zstop = 790003
 CreateHisto1D PhaseSpace: -110: :ALL: Direction Theta at Zstop = 790004
 CreateHisto1D PhaseSpace: -110: :ALL: Direction Phi at Zstop = 790005
 CreateHisto1D PhaseSpace: -110: :ALL: Energy at Zstop = 790006
 CreateHisto1D PhaseSpace: -110: :ALL: Energy*10 at Zstop = 790106
 CreateHisto1D PhaseSpace: -110: :ALL: Vx at Zstop = 790007
 CreateHisto1D PhaseSpace: -110: :ALL: Vy at Zstop = 790008
 CreateHisto1D PhaseSpace: -110: :ALL: Vz at Zstop = 790009
 CreateHisto2D PhaseSpace: -110: :ALL: R vs Direction Theta at Zstop = 790011
 CreateHisto2D PhaseSpace: -110: :ALL: R vs Energy at Zstop = 790012
 CreateHisto2D PhaseSpace: -110: :ALL: Direction Theta vs Energy at Zstop = 790013
 CreateHisto1D PhaseSpace: -110: :ALL: Weight at Zstop = 790014
 CreateHisto2D PhaseSpace: -110: :ALL: X vs Energy at Zstop = 790021
 CreateHisto2D PhaseSpace: -110: :ALL: X vs Vx at Zstop = 790022
 CreateHistoProfile1D PhaseSpace: -110: :ALL: X prof weight = 790030
 CreateHisto2D PhaseSpace: -110: :ALL: X vs log10(Weight) = 790091
 CreateHisto1D PhaseSpace: -78: :ALL: X at Zstop = 800001
 CreateHisto1D PhaseSpace: -78: :ALL: X*10 at Zstop = 800101
 CreateHisto1D PhaseSpace: -78: :ALL: Y at Zstop = 800002
 CreateHisto1D PhaseSpace: -78: :ALL: Y*10 at Zstop = 800102
 CreateHisto2D PhaseSpace: -78: :ALL: XY at Zstop = 800009
 CreateHisto1D PhaseSpace: -78: :ALL: R at Zstop = 800003
 CreateHisto1D PhaseSpace: -78: :ALL: Direction Theta at Zstop = 800004
 CreateHisto1D PhaseSpace: -78: :ALL: Direction Phi at Zstop = 800005
 CreateHisto1D PhaseSpace: -78: :ALL: Energy at Zstop = 800006
 CreateHisto1D PhaseSpace: -78: :ALL: Energy*10 at Zstop = 800106
 CreateHisto1D PhaseSpace: -78: :ALL: Vx at Zstop = 800007
 CreateHisto1D PhaseSpace: -78: :ALL: Vy at Zstop = 800008
 CreateHisto1D PhaseSpace: -78: :ALL: Vz at Zstop = 800009
 CreateHisto2D PhaseSpace: -78: :ALL: R vs Direction Theta at Zstop = 800011
 CreateHisto2D PhaseSpace: -78: :ALL: R vs Energy at Zstop = 800012
 CreateHisto2D PhaseSpace: -78: :ALL: Direction Theta vs Energy at Zstop = 800013
 CreateHisto1D PhaseSpace: -78: :ALL: Weight at Zstop = 800014
 CreateHisto2D PhaseSpace: -78: :ALL: X vs Energy at Zstop = 800021
 CreateHisto2D PhaseSpace: -78: :ALL: X vs Vx at Zstop = 800022
 CreateHistoProfile1D PhaseSpace: -78: :ALL: X prof weight = 800030
 CreateHisto2D PhaseSpace: -78: :ALL: X vs log10(Weight) = 800091
 CreateHisto1D PhaseSpace: -6: :ALL: X at Zstop = 810001
 CreateHisto1D PhaseSpace: -6: :ALL: X*10 at Zstop = 810101
 CreateHisto1D PhaseSpace: -6: :ALL: Y at Zstop = 810002
 CreateHisto1D PhaseSpace: -6: :ALL: Y*10 at Zstop = 810102
 CreateHisto2D PhaseSpace: -6: :ALL: XY at Zstop = 810009
 CreateHisto1D PhaseSpace: -6: :ALL: R at Zstop = 810003
 CreateHisto1D PhaseSpace: -6: :ALL: Direction Theta at Zstop = 810004
 CreateHisto1D PhaseSpace: -6: :ALL: Direction Phi at Zstop = 810005
 CreateHisto1D PhaseSpace: -6: :ALL: Energy at Zstop = 810006
 CreateHisto1D PhaseSpace: -6: :ALL: Energy*10 at Zstop = 810106
 CreateHisto1D PhaseSpace: -6: :ALL: Vx at Zstop = 810007
 CreateHisto1D PhaseSpace: -6: :ALL: Vy at Zstop = 810008
 CreateHisto1D PhaseSpace: -6: :ALL: Vz at Zstop = 810009
 CreateHisto2D PhaseSpace: -6: :ALL: R vs Direction Theta at Zstop = 810011
 CreateHisto2D PhaseSpace: -6: :ALL: R vs Energy at Zstop = 810012
 CreateHisto2D PhaseSpace: -6: :ALL: Direction Theta vs Energy at Zstop = 810013
 CreateHisto1D PhaseSpace: -6: :ALL: Weight at Zstop = 810014
 CreateHisto2D PhaseSpace: -6: :ALL: X vs Energy at Zstop = 810021
 CreateHisto2D PhaseSpace: -6: :ALL: X vs Vx at Zstop = 810022
 CreateHistoProfile1D PhaseSpace: -6: :ALL: X prof weight = 810030
 CreateHisto2D PhaseSpace: -6: :ALL: X vs log10(Weight) = 810091
 CreateHisto1D PhaseSpace: -899: :gamma: X at Zstop = 761001
 CreateHisto1D PhaseSpace: -899: :gamma: X*10 at Zstop = 761101
 CreateHisto1D PhaseSpace: -899: :gamma: Y at Zstop = 761002
 CreateHisto1D PhaseSpace: -899: :gamma: Y*10 at Zstop = 761102
 CreateHisto2D PhaseSpace: -899: :gamma: XY at Zstop = 761009
 CreateHisto1D PhaseSpace: -899: :gamma: R at Zstop = 761003
 CreateHisto1D PhaseSpace: -899: :gamma: Direction Theta at Zstop = 761004
 CreateHisto1D PhaseSpace: -899: :gamma: Direction Phi at Zstop = 761005
 CreateHisto1D PhaseSpace: -899: :gamma: Energy at Zstop = 761006
 CreateHisto1D PhaseSpace: -899: :gamma: Energy*10 at Zstop = 761106
 CreateHisto1D PhaseSpace: -899: :gamma: Vx at Zstop = 761007
 CreateHisto1D PhaseSpace: -899: :gamma: Vy at Zstop = 761008
 CreateHisto1D PhaseSpace: -899: :gamma: Vz at Zstop = 761009
 CreateHisto2D PhaseSpace: -899: :gamma: R vs Direction Theta at Zstop = 761011
 CreateHisto2D PhaseSpace: -899: :gamma: R vs Energy at Zstop = 761012
 CreateHisto2D PhaseSpace: -899: :gamma: Direction Theta vs Energy at Zstop = 761013
 CreateHisto1D PhaseSpace: -899: :gamma: Weight at Zstop = 761014
 CreateHisto2D PhaseSpace: -899: :gamma: X vs Energy at Zstop = 761021
 CreateHisto2D PhaseSpace: -899: :gamma: X vs Vx at Zstop = 761022
 CreateHistoProfile1D PhaseSpace: -899: :gamma: X prof weight = 761030
 CreateHisto2D PhaseSpace: -899: :gamma: X vs log10(Weight) = 761091
 CreateHisto1D PhaseSpace: -450: :gamma: X at Zstop = 771001
 CreateHisto1D PhaseSpace: -450: :gamma: X*10 at Zstop = 771101
 CreateHisto1D PhaseSpace: -450: :gamma: Y at Zstop = 771002
 CreateHisto1D PhaseSpace: -450: :gamma: Y*10 at Zstop = 771102
 CreateHisto2D PhaseSpace: -450: :gamma: XY at Zstop = 771009
 CreateHisto1D PhaseSpace: -450: :gamma: R at Zstop = 771003
 CreateHisto1D PhaseSpace: -450: :gamma: Direction Theta at Zstop = 771004
 CreateHisto1D PhaseSpace: -450: :gamma: Direction Phi at Zstop = 771005
 CreateHisto1D PhaseSpace: -450: :gamma: Energy at Zstop = 771006
 CreateHisto1D PhaseSpace: -450: :gamma: Energy*10 at Zstop = 771106
 CreateHisto1D PhaseSpace: -450: :gamma: Vx at Zstop = 771007
 CreateHisto1D PhaseSpace: -450: :gamma: Vy at Zstop = 771008
 CreateHisto1D PhaseSpace: -450: :gamma: Vz at Zstop = 771009
 CreateHisto2D PhaseSpace: -450: :gamma: R vs Direction Theta at Zstop = 771011
 CreateHisto2D PhaseSpace: -450: :gamma: R vs Energy at Zstop = 771012
 CreateHisto2D PhaseSpace: -450: :gamma: Direction Theta vs Energy at Zstop = 771013
 CreateHisto1D PhaseSpace: -450: :gamma: Weight at Zstop = 771014
 CreateHisto2D PhaseSpace: -450: :gamma: X vs Energy at Zstop = 771021
 CreateHisto2D PhaseSpace: -450: :gamma: X vs Vx at Zstop = 771022
 CreateHistoProfile1D PhaseSpace: -450: :gamma: X prof weight = 771030
 CreateHisto2D PhaseSpace: -450: :gamma: X vs log10(Weight) = 771091
 CreateHisto1D PhaseSpace: -170: :gamma: X at Zstop = 781001
 CreateHisto1D PhaseSpace: -170: :gamma: X*10 at Zstop = 781101
 CreateHisto1D PhaseSpace: -170: :gamma: Y at Zstop = 781002
 CreateHisto1D PhaseSpace: -170: :gamma: Y*10 at Zstop = 781102
 CreateHisto2D PhaseSpace: -170: :gamma: XY at Zstop = 781009
 CreateHisto1D PhaseSpace: -170: :gamma: R at Zstop = 781003
 CreateHisto1D PhaseSpace: -170: :gamma: Direction Theta at Zstop = 781004
 CreateHisto1D PhaseSpace: -170: :gamma: Direction Phi at Zstop = 781005
 CreateHisto1D PhaseSpace: -170: :gamma: Energy at Zstop = 781006
 CreateHisto1D PhaseSpace: -170: :gamma: Energy*10 at Zstop = 781106
 CreateHisto1D PhaseSpace: -170: :gamma: Vx at Zstop = 781007
 CreateHisto1D PhaseSpace: -170: :gamma: Vy at Zstop = 781008
 CreateHisto1D PhaseSpace: -170: :gamma: Vz at Zstop = 781009
 CreateHisto2D PhaseSpace: -170: :gamma: R vs Direction Theta at Zstop = 781011
 CreateHisto2D PhaseSpace: -170: :gamma: R vs Energy at Zstop = 781012
 CreateHisto2D PhaseSpace: -170: :gamma: Direction Theta vs Energy at Zstop = 781013
 CreateHisto1D PhaseSpace: -170: :gamma: Weight at Zstop = 781014
 CreateHisto2D PhaseSpace: -170: :gamma: X vs Energy at Zstop = 781021
 CreateHisto2D PhaseSpace: -170: :gamma: X vs Vx at Zstop = 781022
 CreateHistoProfile1D PhaseSpace: -170: :gamma: X prof weight = 781030
 CreateHisto2D PhaseSpace: -170: :gamma: X vs log10(Weight) = 781091
 CreateHisto1D PhaseSpace: -110: :gamma: X at Zstop = 791001
 CreateHisto1D PhaseSpace: -110: :gamma: X*10 at Zstop = 791101
 CreateHisto1D PhaseSpace: -110: :gamma: Y at Zstop = 791002
 CreateHisto1D PhaseSpace: -110: :gamma: Y*10 at Zstop = 791102
 CreateHisto2D PhaseSpace: -110: :gamma: XY at Zstop = 791009
 CreateHisto1D PhaseSpace: -110: :gamma: R at Zstop = 791003
 CreateHisto1D PhaseSpace: -110: :gamma: Direction Theta at Zstop = 791004
 CreateHisto1D PhaseSpace: -110: :gamma: Direction Phi at Zstop = 791005
 CreateHisto1D PhaseSpace: -110: :gamma: Energy at Zstop = 791006
 CreateHisto1D PhaseSpace: -110: :gamma: Energy*10 at Zstop = 791106
 CreateHisto1D PhaseSpace: -110: :gamma: Vx at Zstop = 791007
 CreateHisto1D PhaseSpace: -110: :gamma: Vy at Zstop = 791008
 CreateHisto1D PhaseSpace: -110: :gamma: Vz at Zstop = 791009
 CreateHisto2D PhaseSpace: -110: :gamma: R vs Direction Theta at Zstop = 791011
 CreateHisto2D PhaseSpace: -110: :gamma: R vs Energy at Zstop = 791012
 CreateHisto2D PhaseSpace: -110: :gamma: Direction Theta vs Energy at Zstop = 791013
 CreateHisto1D PhaseSpace: -110: :gamma: Weight at Zstop = 791014
 CreateHisto2D PhaseSpace: -110: :gamma: X vs Energy at Zstop = 791021
 CreateHisto2D PhaseSpace: -110: :gamma: X vs Vx at Zstop = 791022
 CreateHistoProfile1D PhaseSpace: -110: :gamma: X prof weight = 791030
 CreateHisto2D PhaseSpace: -110: :gamma: X vs log10(Weight) = 791091
 CreateHisto1D PhaseSpace: -78: :gamma: X at Zstop = 801001
 CreateHisto1D PhaseSpace: -78: :gamma: X*10 at Zstop = 801101
 CreateHisto1D PhaseSpace: -78: :gamma: Y at Zstop = 801002
 CreateHisto1D PhaseSpace: -78: :gamma: Y*10 at Zstop = 801102
 CreateHisto2D PhaseSpace: -78: :gamma: XY at Zstop = 801009
 CreateHisto1D PhaseSpace: -78: :gamma: R at Zstop = 801003
 CreateHisto1D PhaseSpace: -78: :gamma: Direction Theta at Zstop = 801004
 CreateHisto1D PhaseSpace: -78: :gamma: Direction Phi at Zstop = 801005
 CreateHisto1D PhaseSpace: -78: :gamma: Energy at Zstop = 801006
 CreateHisto1D PhaseSpace: -78: :gamma: Energy*10 at Zstop = 801106
 CreateHisto1D PhaseSpace: -78: :gamma: Vx at Zstop = 801007
 CreateHisto1D PhaseSpace: -78: :gamma: Vy at Zstop = 801008
 CreateHisto1D PhaseSpace: -78: :gamma: Vz at Zstop = 801009
 CreateHisto2D PhaseSpace: -78: :gamma: R vs Direction Theta at Zstop = 801011
 CreateHisto2D PhaseSpace: -78: :gamma: R vs Energy at Zstop = 801012
 CreateHisto2D PhaseSpace: -78: :gamma: Direction Theta vs Energy at Zstop = 801013
 CreateHisto1D PhaseSpace: -78: :gamma: Weight at Zstop = 801014
 CreateHisto2D PhaseSpace: -78: :gamma: X vs Energy at Zstop = 801021
 CreateHisto2D PhaseSpace: -78: :gamma: X vs Vx at Zstop = 801022
 CreateHistoProfile1D PhaseSpace: -78: :gamma: X prof weight = 801030
 CreateHisto2D PhaseSpace: -78: :gamma: X vs log10(Weight) = 801091
 CreateHisto1D PhaseSpace: -6: :gamma: X at Zstop = 811001
 CreateHisto1D PhaseSpace: -6: :gamma: X*10 at Zstop = 811101
 CreateHisto1D PhaseSpace: -6: :gamma: Y at Zstop = 811002
 CreateHisto1D PhaseSpace: -6: :gamma: Y*10 at Zstop = 811102
 CreateHisto2D PhaseSpace: -6: :gamma: XY at Zstop = 811009
 CreateHisto1D PhaseSpace: -6: :gamma: R at Zstop = 811003
 CreateHisto1D PhaseSpace: -6: :gamma: Direction Theta at Zstop = 811004
 CreateHisto1D PhaseSpace: -6: :gamma: Direction Phi at Zstop = 811005
 CreateHisto1D PhaseSpace: -6: :gamma: Energy at Zstop = 811006
 CreateHisto1D PhaseSpace: -6: :gamma: Energy*10 at Zstop = 811106
 CreateHisto1D PhaseSpace: -6: :gamma: Vx at Zstop = 811007
 CreateHisto1D PhaseSpace: -6: :gamma: Vy at Zstop = 811008
 CreateHisto1D PhaseSpace: -6: :gamma: Vz at Zstop = 811009
 CreateHisto2D PhaseSpace: -6: :gamma: R vs Direction Theta at Zstop = 811011
 CreateHisto2D PhaseSpace: -6: :gamma: R vs Energy at Zstop = 811012
 CreateHisto2D PhaseSpace: -6: :gamma: Direction Theta vs Energy at Zstop = 811013
 CreateHisto1D PhaseSpace: -6: :gamma: Weight at Zstop = 811014
 CreateHisto2D PhaseSpace: -6: :gamma: X vs Energy at Zstop = 811021
 CreateHisto2D PhaseSpace: -6: :gamma: X vs Vx at Zstop = 811022
 CreateHistoProfile1D PhaseSpace: -6: :gamma: X prof weight = 811030
 CreateHisto2D PhaseSpace: -6: :gamma: X vs log10(Weight) = 811091
 CreateHisto1D PhaseSpace: -899: :e-: X at Zstop = 762001
 CreateHisto1D PhaseSpace: -899: :e-: X*10 at Zstop = 762101
 CreateHisto1D PhaseSpace: -899: :e-: Y at Zstop = 762002
 CreateHisto1D PhaseSpace: -899: :e-: Y*10 at Zstop = 762102
 CreateHisto2D PhaseSpace: -899: :e-: XY at Zstop = 762009
 CreateHisto1D PhaseSpace: -899: :e-: R at Zstop = 762003
 CreateHisto1D PhaseSpace: -899: :e-: Direction Theta at Zstop = 762004
 CreateHisto1D PhaseSpace: -899: :e-: Direction Phi at Zstop = 762005
 CreateHisto1D PhaseSpace: -899: :e-: Energy at Zstop = 762006
 CreateHisto1D PhaseSpace: -899: :e-: Energy*10 at Zstop = 762106
 CreateHisto1D PhaseSpace: -899: :e-: Vx at Zstop = 762007
 CreateHisto1D PhaseSpace: -899: :e-: Vy at Zstop = 762008
 CreateHisto1D PhaseSpace: -899: :e-: Vz at Zstop = 762009
 CreateHisto2D PhaseSpace: -899: :e-: R vs Direction Theta at Zstop = 762011
 CreateHisto2D PhaseSpace: -899: :e-: R vs Energy at Zstop = 762012
 CreateHisto2D PhaseSpace: -899: :e-: Direction Theta vs Energy at Zstop = 762013
 CreateHisto1D PhaseSpace: -899: :e-: Weight at Zstop = 762014
 CreateHisto2D PhaseSpace: -899: :e-: X vs Energy at Zstop = 762021
 CreateHisto2D PhaseSpace: -899: :e-: X vs Vx at Zstop = 762022
 CreateHistoProfile1D PhaseSpace: -899: :e-: X prof weight = 762030
 CreateHisto2D PhaseSpace: -899: :e-: X vs log10(Weight) = 762091
 CreateHisto1D PhaseSpace: -450: :e-: X at Zstop = 772001
 CreateHisto1D PhaseSpace: -450: :e-: X*10 at Zstop = 772101
 CreateHisto1D PhaseSpace: -450: :e-: Y at Zstop = 772002
 CreateHisto1D PhaseSpace: -450: :e-: Y*10 at Zstop = 772102
 CreateHisto2D PhaseSpace: -450: :e-: XY at Zstop = 772009
 CreateHisto1D PhaseSpace: -450: :e-: R at Zstop = 772003
 CreateHisto1D PhaseSpace: -450: :e-: Direction Theta at Zstop = 772004
 CreateHisto1D PhaseSpace: -450: :e-: Direction Phi at Zstop = 772005
 CreateHisto1D PhaseSpace: -450: :e-: Energy at Zstop = 772006
 CreateHisto1D PhaseSpace: -450: :e-: Energy*10 at Zstop = 772106
 CreateHisto1D PhaseSpace: -450: :e-: Vx at Zstop = 772007
 CreateHisto1D PhaseSpace: -450: :e-: Vy at Zstop = 772008
 CreateHisto1D PhaseSpace: -450: :e-: Vz at Zstop = 772009
 CreateHisto2D PhaseSpace: -450: :e-: R vs Direction Theta at Zstop = 772011
 CreateHisto2D PhaseSpace: -450: :e-: R vs Energy at Zstop = 772012
 CreateHisto2D PhaseSpace: -450: :e-: Direction Theta vs Energy at Zstop = 772013
 CreateHisto1D PhaseSpace: -450: :e-: Weight at Zstop = 772014
 CreateHisto2D PhaseSpace: -450: :e-: X vs Energy at Zstop = 772021
 CreateHisto2D PhaseSpace: -450: :e-: X vs Vx at Zstop = 772022
 CreateHistoProfile1D PhaseSpace: -450: :e-: X prof weight = 772030
 CreateHisto2D PhaseSpace: -450: :e-: X vs log10(Weight) = 772091
 CreateHisto1D PhaseSpace: -170: :e-: X at Zstop = 782001
 CreateHisto1D PhaseSpace: -170: :e-: X*10 at Zstop = 782101
 CreateHisto1D PhaseSpace: -170: :e-: Y at Zstop = 782002
 CreateHisto1D PhaseSpace: -170: :e-: Y*10 at Zstop = 782102
 CreateHisto2D PhaseSpace: -170: :e-: XY at Zstop = 782009
 CreateHisto1D PhaseSpace: -170: :e-: R at Zstop = 782003
 CreateHisto1D PhaseSpace: -170: :e-: Direction Theta at Zstop = 782004
 CreateHisto1D PhaseSpace: -170: :e-: Direction Phi at Zstop = 782005
 CreateHisto1D PhaseSpace: -170: :e-: Energy at Zstop = 782006
 CreateHisto1D PhaseSpace: -170: :e-: Energy*10 at Zstop = 782106
 CreateHisto1D PhaseSpace: -170: :e-: Vx at Zstop = 782007
 CreateHisto1D PhaseSpace: -170: :e-: Vy at Zstop = 782008
 CreateHisto1D PhaseSpace: -170: :e-: Vz at Zstop = 782009
 CreateHisto2D PhaseSpace: -170: :e-: R vs Direction Theta at Zstop = 782011
 CreateHisto2D PhaseSpace: -170: :e-: R vs Energy at Zstop = 782012
 CreateHisto2D PhaseSpace: -170: :e-: Direction Theta vs Energy at Zstop = 782013
 CreateHisto1D PhaseSpace: -170: :e-: Weight at Zstop = 782014
 CreateHisto2D PhaseSpace: -170: :e-: X vs Energy at Zstop = 782021
 CreateHisto2D PhaseSpace: -170: :e-: X vs Vx at Zstop = 782022
 CreateHistoProfile1D PhaseSpace: -170: :e-: X prof weight = 782030
 CreateHisto2D PhaseSpace: -170: :e-: X vs log10(Weight) = 782091
 CreateHisto1D PhaseSpace: -110: :e-: X at Zstop = 792001
 CreateHisto1D PhaseSpace: -110: :e-: X*10 at Zstop = 792101
 CreateHisto1D PhaseSpace: -110: :e-: Y at Zstop = 792002
 CreateHisto1D PhaseSpace: -110: :e-: Y*10 at Zstop = 792102
 CreateHisto2D PhaseSpace: -110: :e-: XY at Zstop = 792009
 CreateHisto1D PhaseSpace: -110: :e-: R at Zstop = 792003
 CreateHisto1D PhaseSpace: -110: :e-: Direction Theta at Zstop = 792004
 CreateHisto1D PhaseSpace: -110: :e-: Direction Phi at Zstop = 792005
 CreateHisto1D PhaseSpace: -110: :e-: Energy at Zstop = 792006
 CreateHisto1D PhaseSpace: -110: :e-: Energy*10 at Zstop = 792106
 CreateHisto1D PhaseSpace: -110: :e-: Vx at Zstop = 792007
 CreateHisto1D PhaseSpace: -110: :e-: Vy at Zstop = 792008
 CreateHisto1D PhaseSpace: -110: :e-: Vz at Zstop = 792009
 CreateHisto2D PhaseSpace: -110: :e-: R vs Direction Theta at Zstop = 792011
 CreateHisto2D PhaseSpace: -110: :e-: R vs Energy at Zstop = 792012
 CreateHisto2D PhaseSpace: -110: :e-: Direction Theta vs Energy at Zstop = 792013
 CreateHisto1D PhaseSpace: -110: :e-: Weight at Zstop = 792014
 CreateHisto2D PhaseSpace: -110: :e-: X vs Energy at Zstop = 792021
 CreateHisto2D PhaseSpace: -110: :e-: X vs Vx at Zstop = 792022
 CreateHistoProfile1D PhaseSpace: -110: :e-: X prof weight = 792030
 CreateHisto2D PhaseSpace: -110: :e-: X vs log10(Weight) = 792091
 CreateHisto1D PhaseSpace: -78: :e-: X at Zstop = 802001
 CreateHisto1D PhaseSpace: -78: :e-: X*10 at Zstop = 802101
 CreateHisto1D PhaseSpace: -78: :e-: Y at Zstop = 802002
 CreateHisto1D PhaseSpace: -78: :e-: Y*10 at Zstop = 802102
 CreateHisto2D PhaseSpace: -78: :e-: XY at Zstop = 802009
 CreateHisto1D PhaseSpace: -78: :e-: R at Zstop = 802003
 CreateHisto1D PhaseSpace: -78: :e-: Direction Theta at Zstop = 802004
 CreateHisto1D PhaseSpace: -78: :e-: Direction Phi at Zstop = 802005
 CreateHisto1D PhaseSpace: -78: :e-: Energy at Zstop = 802006
 CreateHisto1D PhaseSpace: -78: :e-: Energy*10 at Zstop = 802106
 CreateHisto1D PhaseSpace: -78: :e-: Vx at Zstop = 802007
 CreateHisto1D PhaseSpace: -78: :e-: Vy at Zstop = 802008
 CreateHisto1D PhaseSpace: -78: :e-: Vz at Zstop = 802009
 CreateHisto2D PhaseSpace: -78: :e-: R vs Direction Theta at Zstop = 802011
 CreateHisto2D PhaseSpace: -78: :e-: R vs Energy at Zstop = 802012
 CreateHisto2D PhaseSpace: -78: :e-: Direction Theta vs Energy at Zstop = 802013
 CreateHisto1D PhaseSpace: -78: :e-: Weight at Zstop = 802014
 CreateHisto2D PhaseSpace: -78: :e-: X vs Energy at Zstop = 802021
 CreateHisto2D PhaseSpace: -78: :e-: X vs Vx at Zstop = 802022
 CreateHistoProfile1D PhaseSpace: -78: :e-: X prof weight = 802030
 CreateHisto2D PhaseSpace: -78: :e-: X vs log10(Weight) = 802091
 CreateHisto1D PhaseSpace: -6: :e-: X at Zstop = 812001
 CreateHisto1D PhaseSpace: -6: :e-: X*10 at Zstop = 812101
 CreateHisto1D PhaseSpace: -6: :e-: Y at Zstop = 812002
 CreateHisto1D PhaseSpace: -6: :e-: Y*10 at Zstop = 812102
 CreateHisto2D PhaseSpace: -6: :e-: XY at Zstop = 812009
 CreateHisto1D PhaseSpace: -6: :e-: R at Zstop = 812003
 CreateHisto1D PhaseSpace: -6: :e-: Direction Theta at Zstop = 812004
 CreateHisto1D PhaseSpace: -6: :e-: Direction Phi at Zstop = 812005
 CreateHisto1D PhaseSpace: -6: :e-: Energy at Zstop = 812006
 CreateHisto1D PhaseSpace: -6: :e-: Energy*10 at Zstop = 812106
 CreateHisto1D PhaseSpace: -6: :e-: Vx at Zstop = 812007
 CreateHisto1D PhaseSpace: -6: :e-: Vy at Zstop = 812008
 CreateHisto1D PhaseSpace: -6: :e-: Vz at Zstop = 812009
 CreateHisto2D PhaseSpace: -6: :e-: R vs Direction Theta at Zstop = 812011
 CreateHisto2D PhaseSpace: -6: :e-: R vs Energy at Zstop = 812012
 CreateHisto2D PhaseSpace: -6: :e-: Direction Theta vs Energy at Zstop = 812013
 CreateHisto1D PhaseSpace: -6: :e-: Weight at Zstop = 812014
 CreateHisto2D PhaseSpace: -6: :e-: X vs Energy at Zstop = 812021
 CreateHisto2D PhaseSpace: -6: :e-: X vs Vx at Zstop = 812022
 CreateHistoProfile1D PhaseSpace: -6: :e-: X prof weight = 812030
 CreateHisto2D PhaseSpace: -6: :e-: X vs log10(Weight) = 812091
 CreateHisto1D PhaseSpace: -899: :e+: X at Zstop = 763001
 CreateHisto1D PhaseSpace: -899: :e+: X*10 at Zstop = 763101
 CreateHisto1D PhaseSpace: -899: :e+: Y at Zstop = 763002
 CreateHisto1D PhaseSpace: -899: :e+: Y*10 at Zstop = 763102
 CreateHisto2D PhaseSpace: -899: :e+: XY at Zstop = 763009
 CreateHisto1D PhaseSpace: -899: :e+: R at Zstop = 763003
 CreateHisto1D PhaseSpace: -899: :e+: Direction Theta at Zstop = 763004
 CreateHisto1D PhaseSpace: -899: :e+: Direction Phi at Zstop = 763005
 CreateHisto1D PhaseSpace: -899: :e+: Energy at Zstop = 763006
 CreateHisto1D PhaseSpace: -899: :e+: Energy*10 at Zstop = 763106
 CreateHisto1D PhaseSpace: -899: :e+: Vx at Zstop = 763007
 CreateHisto1D PhaseSpace: -899: :e+: Vy at Zstop = 763008
 CreateHisto1D PhaseSpace: -899: :e+: Vz at Zstop = 763009
 CreateHisto2D PhaseSpace: -899: :e+: R vs Direction Theta at Zstop = 763011
 CreateHisto2D PhaseSpace: -899: :e+: R vs Energy at Zstop = 763012
 CreateHisto2D PhaseSpace: -899: :e+: Direction Theta vs Energy at Zstop = 763013
 CreateHisto1D PhaseSpace: -899: :e+: Weight at Zstop = 763014
 CreateHisto2D PhaseSpace: -899: :e+: X vs Energy at Zstop = 763021
 CreateHisto2D PhaseSpace: -899: :e+: X vs Vx at Zstop = 763022
 CreateHistoProfile1D PhaseSpace: -899: :e+: X prof weight = 763030
 CreateHisto2D PhaseSpace: -899: :e+: X vs log10(Weight) = 763091
 CreateHisto1D PhaseSpace: -450: :e+: X at Zstop = 773001
 CreateHisto1D PhaseSpace: -450: :e+: X*10 at Zstop = 773101
 CreateHisto1D PhaseSpace: -450: :e+: Y at Zstop = 773002
 CreateHisto1D PhaseSpace: -450: :e+: Y*10 at Zstop = 773102
 CreateHisto2D PhaseSpace: -450: :e+: XY at Zstop = 773009
 CreateHisto1D PhaseSpace: -450: :e+: R at Zstop = 773003
 CreateHisto1D PhaseSpace: -450: :e+: Direction Theta at Zstop = 773004
 CreateHisto1D PhaseSpace: -450: :e+: Direction Phi at Zstop = 773005
 CreateHisto1D PhaseSpace: -450: :e+: Energy at Zstop = 773006
 CreateHisto1D PhaseSpace: -450: :e+: Energy*10 at Zstop = 773106
 CreateHisto1D PhaseSpace: -450: :e+: Vx at Zstop = 773007
 CreateHisto1D PhaseSpace: -450: :e+: Vy at Zstop = 773008
 CreateHisto1D PhaseSpace: -450: :e+: Vz at Zstop = 773009
 CreateHisto2D PhaseSpace: -450: :e+: R vs Direction Theta at Zstop = 773011
 CreateHisto2D PhaseSpace: -450: :e+: R vs Energy at Zstop = 773012
 CreateHisto2D PhaseSpace: -450: :e+: Direction Theta vs Energy at Zstop = 773013
 CreateHisto1D PhaseSpace: -450: :e+: Weight at Zstop = 773014
 CreateHisto2D PhaseSpace: -450: :e+: X vs Energy at Zstop = 773021
 CreateHisto2D PhaseSpace: -450: :e+: X vs Vx at Zstop = 773022
 CreateHistoProfile1D PhaseSpace: -450: :e+: X prof weight = 773030
 CreateHisto2D PhaseSpace: -450: :e+: X vs log10(Weight) = 773091
 CreateHisto1D PhaseSpace: -170: :e+: X at Zstop = 783001
 CreateHisto1D PhaseSpace: -170: :e+: X*10 at Zstop = 783101
 CreateHisto1D PhaseSpace: -170: :e+: Y at Zstop = 783002
 CreateHisto1D PhaseSpace: -170: :e+: Y*10 at Zstop = 783102
 CreateHisto2D PhaseSpace: -170: :e+: XY at Zstop = 783009
 CreateHisto1D PhaseSpace: -170: :e+: R at Zstop = 783003
 CreateHisto1D PhaseSpace: -170: :e+: Direction Theta at Zstop = 783004
 CreateHisto1D PhaseSpace: -170: :e+: Direction Phi at Zstop = 783005
 CreateHisto1D PhaseSpace: -170: :e+: Energy at Zstop = 783006
 CreateHisto1D PhaseSpace: -170: :e+: Energy*10 at Zstop = 783106
 CreateHisto1D PhaseSpace: -170: :e+: Vx at Zstop = 783007
 CreateHisto1D PhaseSpace: -170: :e+: Vy at Zstop = 783008
 CreateHisto1D PhaseSpace: -170: :e+: Vz at Zstop = 783009
 CreateHisto2D PhaseSpace: -170: :e+: R vs Direction Theta at Zstop = 783011
 CreateHisto2D PhaseSpace: -170: :e+: R vs Energy at Zstop = 783012
 CreateHisto2D PhaseSpace: -170: :e+: Direction Theta vs Energy at Zstop = 783013
 CreateHisto1D PhaseSpace: -170: :e+: Weight at Zstop = 783014
 CreateHisto2D PhaseSpace: -170: :e+: X vs Energy at Zstop = 783021
 CreateHisto2D PhaseSpace: -170: :e+: X vs Vx at Zstop = 783022
 CreateHistoProfile1D PhaseSpace: -170: :e+: X prof weight = 783030
 CreateHisto2D PhaseSpace: -170: :e+: X vs log10(Weight) = 783091
 CreateHisto1D PhaseSpace: -110: :e+: X at Zstop = 793001
 CreateHisto1D PhaseSpace: -110: :e+: X*10 at Zstop = 793101
 CreateHisto1D PhaseSpace: -110: :e+: Y at Zstop = 793002
 CreateHisto1D PhaseSpace: -110: :e+: Y*10 at Zstop = 793102
 CreateHisto2D PhaseSpace: -110: :e+: XY at Zstop = 793009
 CreateHisto1D PhaseSpace: -110: :e+: R at Zstop = 793003
 CreateHisto1D PhaseSpace: -110: :e+: Direction Theta at Zstop = 793004
 CreateHisto1D PhaseSpace: -110: :e+: Direction Phi at Zstop = 793005
 CreateHisto1D PhaseSpace: -110: :e+: Energy at Zstop = 793006
 CreateHisto1D PhaseSpace: -110: :e+: Energy*10 at Zstop = 793106
 CreateHisto1D PhaseSpace: -110: :e+: Vx at Zstop = 793007
 CreateHisto1D PhaseSpace: -110: :e+: Vy at Zstop = 793008
 CreateHisto1D PhaseSpace: -110: :e+: Vz at Zstop = 793009
 CreateHisto2D PhaseSpace: -110: :e+: R vs Direction Theta at Zstop = 793011
 CreateHisto2D PhaseSpace: -110: :e+: R vs Energy at Zstop = 793012
 CreateHisto2D PhaseSpace: -110: :e+: Direction Theta vs Energy at Zstop = 793013
 CreateHisto1D PhaseSpace: -110: :e+: Weight at Zstop = 793014
 CreateHisto2D PhaseSpace: -110: :e+: X vs Energy at Zstop = 793021
 CreateHisto2D PhaseSpace: -110: :e+: X vs Vx at Zstop = 793022
 CreateHistoProfile1D PhaseSpace: -110: :e+: X prof weight = 793030
 CreateHisto2D PhaseSpace: -110: :e+: X vs log10(Weight) = 793091
 CreateHisto1D PhaseSpace: -78: :e+: X at Zstop = 803001
 CreateHisto1D PhaseSpace: -78: :e+: X*10 at Zstop = 803101
 CreateHisto1D PhaseSpace: -78: :e+: Y at Zstop = 803002
 CreateHisto1D PhaseSpace: -78: :e+: Y*10 at Zstop = 803102
 CreateHisto2D PhaseSpace: -78: :e+: XY at Zstop = 803009
 CreateHisto1D PhaseSpace: -78: :e+: R at Zstop = 803003
 CreateHisto1D PhaseSpace: -78: :e+: Direction Theta at Zstop = 803004
 CreateHisto1D PhaseSpace: -78: :e+: Direction Phi at Zstop = 803005
 CreateHisto1D PhaseSpace: -78: :e+: Energy at Zstop = 803006
 CreateHisto1D PhaseSpace: -78: :e+: Energy*10 at Zstop = 803106
 CreateHisto1D PhaseSpace: -78: :e+: Vx at Zstop = 803007
 CreateHisto1D PhaseSpace: -78: :e+: Vy at Zstop = 803008
 CreateHisto1D PhaseSpace: -78: :e+: Vz at Zstop = 803009
 CreateHisto2D PhaseSpace: -78: :e+: R vs Direction Theta at Zstop = 803011
 CreateHisto2D PhaseSpace: -78: :e+: R vs Energy at Zstop = 803012
 CreateHisto2D PhaseSpace: -78: :e+: Direction Theta vs Energy at Zstop = 803013
 CreateHisto1D PhaseSpace: -78: :e+: Weight at Zstop = 803014
 CreateHisto2D PhaseSpace: -78: :e+: X vs Energy at Zstop = 803021
 CreateHisto2D PhaseSpace: -78: :e+: X vs Vx at Zstop = 803022
 CreateHistoProfile1D PhaseSpace: -78: :e+: X prof weight = 803030
 CreateHisto2D PhaseSpace: -78: :e+: X vs log10(Weight) = 803091
 CreateHisto1D PhaseSpace: -6: :e+: X at Zstop = 813001
 CreateHisto1D PhaseSpace: -6: :e+: X*10 at Zstop = 813101
 CreateHisto1D PhaseSpace: -6: :e+: Y at Zstop = 813002
 CreateHisto1D PhaseSpace: -6: :e+: Y*10 at Zstop = 813102
 CreateHisto2D PhaseSpace: -6: :e+: XY at Zstop = 813009
 CreateHisto1D PhaseSpace: -6: :e+: R at Zstop = 813003
 CreateHisto1D PhaseSpace: -6: :e+: Direction Theta at Zstop = 813004
 CreateHisto1D PhaseSpace: -6: :e+: Direction Phi at Zstop = 813005
 CreateHisto1D PhaseSpace: -6: :e+: Energy at Zstop = 813006
 CreateHisto1D PhaseSpace: -6: :e+: Energy*10 at Zstop = 813106
 CreateHisto1D PhaseSpace: -6: :e+: Vx at Zstop = 813007
 CreateHisto1D PhaseSpace: -6: :e+: Vy at Zstop = 813008
 CreateHisto1D PhaseSpace: -6: :e+: Vz at Zstop = 813009
 CreateHisto2D PhaseSpace: -6: :e+: R vs Direction Theta at Zstop = 813011
 CreateHisto2D PhaseSpace: -6: :e+: R vs Energy at Zstop = 813012
 CreateHisto2D PhaseSpace: -6: :e+: Direction Theta vs Energy at Zstop = 813013
 CreateHisto1D PhaseSpace: -6: :e+: Weight at Zstop = 813014
 CreateHisto2D PhaseSpace: -6: :e+: X vs Energy at Zstop = 813021
 CreateHisto2D PhaseSpace: -6: :e+: X vs Vx at Zstop = 813022
 CreateHistoProfile1D PhaseSpace: -6: :e+: X prof weight = 813030
 CreateHisto2D PhaseSpace: -6: :e+: X vs log10(Weight) = 813091
 %%% EVENT 1000 NTRACKS 5 TOTAL NTRACKS 10574
 %%% EVENT 2000 NTRACKS 2 TOTAL NTRACKS 21365
 %%% EVENT 3000 NTRACKS 16 TOTAL NTRACKS 31997
 %%% EVENT 4000 NTRACKS 19 TOTAL NTRACKS 42517
 %%% EVENT 5000 NTRACKS 10 TOTAL NTRACKS 53335
 %%% EVENT 6000 NTRACKS 8 TOTAL NTRACKS 63911
 %%% EVENT 7000 NTRACKS 18 TOTAL NTRACKS 74531
 %%% EVENT 8000 NTRACKS 14 TOTAL NTRACKS 84936
 %%% EVENT 9000 NTRACKS 6 TOTAL NTRACKS 95406
 Run terminated.
Run Summary
  Number of events processed : 10000
  User=2.740000s Real=2.751649s Sys=0.000000s
Graphics systems deleted.
Visualization Manager deleting...
 GmAnalysisMgr::~GmAnalysisMgr( bNormalizeToNEvents 1 phaseSpace.exercise2b:NormalizeToNEvents
=== saving histograms in file === phaseSpace.exercise2b.root
